02:13:21 PM  1001     29304    1.90    2.86    0.00    0.00    4.76    19    129.52      0.00  117180    8964   0.01      0.00   6670.48      0.00       0  sysbench
02:13:22 PM  1001     29304    1.00    2.00    0.00    0.00    3.00    19      0.00      0.00  117180    8964   0.01      0.00   3588.00      0.00       0  sysbench
02:13:23 PM  1001     29304    1.00    2.00    0.00    0.00    3.00    19      0.00      0.00  117180    8964   0.01      0.00   4052.00      0.00       0  sysbench
02:13:24 PM  1001     29304    1.00    3.00    0.00    0.00    4.00    19      0.00      0.00  117180    8964   0.01      0.00   4584.00      0.00       0  sysbench
02:13:25 PM  1001     29304    1.00    3.00    0.00    0.00    4.00    19      0.00      0.00  117180    8964   0.01      0.00   4160.00      0.00       0  sysbench
02:13:26 PM  1001     29304    1.00    2.00    0.00    0.00    3.00    19      0.00      0.00  117180    8964   0.01      0.00   4664.00      0.00       0  sysbench
02:13:27 PM  1001     29304    1.00    1.00    0.00    0.00    2.00    19      0.00      0.00  117180    8964   0.01      0.00   2916.00      0.00       0  sysbench
02:13:28 PM  1001     29304    2.00    2.00    0.00    0.00    4.00    19      0.00      0.00  117180    8964   0.01      0.00   4640.00      0.00       0  sysbench
02:13:29 PM  1001     29304    2.00    2.00    0.00    0.00    4.00    19      0.00      0.00  117180    8964   0.01      0.00   4920.00      0.00       0  sysbench

02:12:43 PM  1001     28595    2.91    2.91    0.00    0.00    5.83    15    132.04      0.00  117180    8848   0.01      0.00   7689.32      0.00       0  sysbench
02:12:44 PM  1001     28595    1.00    3.00    0.00    0.00    4.00    15      0.00      0.00  117180    8848   0.01      0.00  10048.00      0.00       0  sysbench
02:12:45 PM  1001     28595    1.00    3.00    0.00    0.00    4.00    15      0.00      0.00  117180    8848   0.01      0.00   5636.00      0.00       0  sysbench
02:12:46 PM  1001     28595    1.00    1.00    0.00    0.00    2.00    15      0.00      0.00  117180    8848   0.01      0.00   2536.00      0.00       0  sysbench
02:12:47 PM  1001     28595    1.00    3.00    0.00    0.00    4.00    15      0.00      0.00  117180    8848   0.01      0.00   4020.00      0.00       0  sysbench
02:12:48 PM  1001     28595    1.00    2.00    0.00    0.00    3.00    15      0.00      0.00  117180    8848   0.01      0.00   3956.00      0.00       0  sysbench
02:12:49 PM  1001     28595    2.00    2.00    0.00    0.00    4.00    15      0.00      0.00  117180    8848   0.01      0.00   4108.00      0.00       0  sysbench
02:12:50 PM  1001     28595    1.00    3.00    0.00    0.00    4.00    15      0.00      0.00  117180    8848   0.01      0.00   4676.00      0.00       0  sysbench
02:12:51 PM  1001     28595    1.00    2.00    0.00    0.00    3.00    15      0.00      0.00  117180    8848   0.01      0.00   2628.00      0.00       0  sysbench

02:12:31 PM  1001     28398    0.97    1.94    0.00    0.00    2.91    19    134.95      0.00  117180    8972   0.01      0.00   5223.30      0.00       0  sysbench
02:12:32 PM  1001     28398    1.00    3.00    0.00    0.00    4.00    19      0.00      0.00  117180    8972   0.01      0.00   4828.00      0.00       0  sysbench
02:12:33 PM  1001     28398    2.00    2.00    0.00    0.00    4.00    19      0.00      0.00  117180    8972   0.01      0.00   4756.00      0.00       0  sysbench
02:12:34 PM  1001     28398    1.00    3.00    0.00    0.00    4.00    19      0.00      0.00  117180    8972   0.01      0.00   4592.00      0.00       0  sysbench
02:12:35 PM  1001     28398    1.00    2.00    0.00    0.00    3.00    19      0.00      0.00  117180    8972   0.01      0.00   4944.00      0.00       0  sysbench
02:12:36 PM  1001     28398    0.00    2.00    0.00    0.00    2.00    19      0.00      0.00  117180    8972   0.01      0.00   2840.00      0.00       0  sysbench
02:12:37 PM  1001     28398    1.00    3.00    0.00    0.00    4.00    19      0.00      0.00  117180    8972   0.01      0.00   4308.00      0.00       0  sysbench
02:12:38 PM  1001     28398    2.00    3.00    0.00    0.00    5.00    19      0.00      0.00  117180    8972   0.01      0.00   4756.00      0.00       0  sysbench
02:12:39 PM  1001     28398    1.00    2.00    0.00    0.00    3.00    19      0.00      0.00  117180    8972   0.01      0.00   4540.00      0.00       0  sysbench

02:11:57 PM  1001     27761    0.96    2.88    0.00    0.00    3.85    53    132.69      0.00  117180    9032   0.01      0.00   4592.31      0.00       0  sysbench
02:11:58 PM  1001     27761    0.00    4.00    0.00    0.00    4.00    53      0.00      0.00  117180    9032   0.01      0.00   8848.00      0.00       0  sysbench
02:11:59 PM  1001     27761    1.00    4.00    0.00    0.00    5.00    53      0.00      0.00  117180    9032   0.01      0.00  10516.00      0.00       0  sysbench
02:12:00 PM  1001     27761    2.00    3.00    0.00    0.00    5.00    53      0.00      0.00  117180    9032   0.01      0.00   6908.00      0.00       0  sysbench
02:12:01 PM  1001     27761    2.00    0.00    0.00    0.00    2.00    53      0.00      0.00  117180    9032   0.01      0.00   2376.00      0.00       0  sysbench
02:12:02 PM  1001     27761    0.00    2.00    0.00    0.00    2.00    53      0.00      0.00  117180    9032   0.01      0.00   4156.00      0.00       0  sysbench
02:12:03 PM  1001     27761    1.00    3.00    0.00    0.00    4.00    53      0.00      0.00  117180    9032   0.01      0.00   3904.00      0.00       0  sysbench
02:12:04 PM  1001     27761    1.00    2.00    0.00    0.00    3.00    53      0.00      0.00  117180    9032   0.01      0.00   4496.00      0.00       0  sysbench
02:12:05 PM  1001     27761    0.00    3.00    0.00    0.00    3.00    53      0.00      0.00  117180    9032   0.01      0.00   4332.00      0.00       0  sysbench
02:12:06 PM  1001     27761    1.00    2.00    0.00    0.00    3.00    53      1.00      0.00  117180    9032   0.01      0.00   2396.00      0.00       0  sysbench

02:12:55 PM  1001     28831    0.96    2.88    0.00    0.00    3.85    13    131.73      0.00  117180    8976   0.01      0.00   5692.31      0.00       0  sysbench
02:12:56 PM  1001     28831    1.00    1.00    0.00    0.00    2.00    13      0.00      0.00  117180    8976   0.01      0.00   2348.00      0.00       0  sysbench
02:12:57 PM  1001     28831    2.00    2.00    0.00    0.00    4.00    13      0.00      0.00  117180    8976   0.01      0.00   4372.00      0.00       0  sysbench
02:12:58 PM  1001     28831    1.00    2.00    0.00    0.00    3.00    13      0.00      0.00  117180    8976   0.01      0.00   4596.00      0.00       0  sysbench
02:12:59 PM  1001     28831    1.00    3.00    0.00    0.00    4.00    13      0.00      0.00  117180    8976   0.01      0.00   4608.00      0.00       0  sysbench
02:13:00 PM  1001     28831    1.00    2.00    0.00    0.00    3.00    13      0.00      0.00  117180    8976   0.01      0.00   4240.00      0.00       0  sysbench
02:13:01 PM  1001     28831    1.00    2.00    0.00    0.00    3.00    13      0.00      0.00  117180    8976   0.01      0.00   2396.00      0.00       0  sysbench
02:13:02 PM  1001     28831    0.00    3.00    0.00    0.00    3.00    13      0.00      0.00  117180    8976   0.01      0.00   4764.00      0.00       0  sysbench
02:13:03 PM  1001     28831    1.00    3.00    0.00    0.00    4.00    13      0.00      0.00  117180    8976   0.01      0.00   4968.00      0.00       0  sysbench

02:11:46 PM  1001     26218    1.94    2.91    0.00    0.00    4.85    19    133.98      0.00  117180    9024   0.01      0.00   4815.53      0.00       0  sysbench
02:11:47 PM  1001     26218    1.00    3.00    0.00    0.00    4.00    19      0.00      0.00  117180    9024   0.01      0.00   4708.00      0.00       0  sysbench
02:11:48 PM  1001     26218    1.00    2.00    0.00    0.00    3.00    19      0.00      0.00  117180    9024   0.01      0.00   4076.00      0.00       0  sysbench
02:11:49 PM  1001     26218    2.00    1.00    0.00    0.00    3.00    19      0.00      0.00  117180    9024   0.01      0.00   4096.00      0.00       0  sysbench
02:11:50 PM  1001     26218    3.00    1.00    0.00    0.00    4.00    19      0.00      0.00  117180    9024   0.01      0.00   4352.00      0.00       0  sysbench
02:11:51 PM  1001     26218    1.00    2.00    0.00    0.00    3.00    19      0.00      0.00  117180    9024   0.01      0.00   3124.00      0.00       0  sysbench
02:11:52 PM  1001     26218    1.00    2.00    0.00    0.00    3.00    19      0.00      0.00  117180    9024   0.01      0.00   4064.00      0.00       0  sysbench
02:11:53 PM  1001     26218    1.00    3.00    0.00    0.00    4.00    19      0.00      0.00  117180    9024   0.01      0.00   4352.00      0.00       0  sysbench
02:11:54 PM  1001     26218    1.00    3.00    0.00    0.00    4.00    19      0.00      0.00  117180    9024   0.01      0.00   4772.00      0.00       0  sysbench

02:13:08 PM  1001     29104    0.97    2.91    0.00    0.00    3.88    26    133.01      0.00  117180    9004   0.01      0.00   6166.99      0.00       0  sysbench
02:13:09 PM  1001     29104    1.98    0.99    0.00    0.00    2.97    26      0.00      0.00  117180    9004   0.01      0.00   4558.42      0.00       0  sysbench
02:13:10 PM  1001     29104    1.00    3.00    0.00    0.00    4.00    26      0.00      0.00  117180    9004   0.01      0.00   4812.00      0.00       0  sysbench
02:13:11 PM  1001     29104    1.00    3.00    0.00    0.00    4.00    26      0.00      0.00  117180    9004   0.01      0.00   3964.00      0.00       0  sysbench
02:13:12 PM  1001     29104    1.00    1.00    0.00    0.00    2.00    26      0.00      0.00  117180    9004   0.01      0.00   3564.00      0.00       0  sysbench
02:13:13 PM  1001     29104    2.00    1.00    0.00    0.00    3.00    26      0.00      0.00  117180    9004   0.01      0.00   3940.00      0.00       0  sysbench
02:13:14 PM  1001     29104    1.00    2.00    0.00    0.00    3.00    26      0.00      0.00  117180    9004   0.01      0.00   4404.00      0.00       0  sysbench
02:13:15 PM  1001     29104    2.00    3.00    0.00    0.00    5.00    26      0.00      0.00  117180    9004   0.01      0.00   4548.00      0.00       0  sysbench
02:13:16 PM  1001     29104    2.00    1.00    0.00    0.00    3.00    26      0.00      0.00  117180    9004   0.01      0.00   3864.00      0.00       0  sysbench

02:12:19 PM  1001     28138    1.94    2.91    0.00    0.00    4.85    31    133.01      0.00  117180    9020   0.01      0.00   6178.64      0.00       0  sysbench
02:12:20 PM  1001     28138    1.00    2.00    0.00    0.00    3.00    31      0.00      0.00  117180    9020   0.01      0.00   3604.00      0.00       0  sysbench
02:12:21 PM  1001     28138    1.00    1.00    0.00    0.00    2.00    31      0.00      0.00  117180    9020   0.01      0.00   3164.00      0.00       0  sysbench
02:12:22 PM  1001     28138    1.00    2.00    0.00    0.00    3.00    31      0.00      0.00  117180    9020   0.01      0.00   5128.00      0.00       0  sysbench
02:12:23 PM  1001     28138    1.00    3.00    0.00    0.00    4.00    31      0.00      0.00  117180    9020   0.01      0.00   4700.00      0.00       0  sysbench
02:12:24 PM  1001     28138    2.00    2.00    0.00    0.00    4.00    31      0.00      0.00  117180    9020   0.01      0.00   4024.00      0.00       0  sysbench
02:12:25 PM  1001     28138    1.00    3.00    0.00    0.00    4.00    31      0.00      0.00  117180    9020   0.01      0.00   4776.00      0.00       0  sysbench
02:12:26 PM  1001     28138    1.00    0.00    0.00    0.00    1.00    31      0.00      0.00  117180    9020   0.01      0.00   2216.00      0.00       0  sysbench
02:12:27 PM  1001     28138    0.00    3.00    0.00    0.00    3.00    31      0.00      0.00  117180    9020   0.01      0.00   4512.00      0.00       0  sysbench

02:11:36 PM  1001     25950    2.88    2.88    0.00    0.00    5.77    39    134.62      0.00  117180    8984   0.01      0.00  11007.69      0.00       0  sysbench
02:11:37 PM  1001     25950    1.00    3.00    0.00    0.00    4.00    39      0.00      0.00  117180    8984   0.01      0.00   8064.00      0.00       0  sysbench
02:11:38 PM  1001     25950    2.00    5.00    0.00    0.00    7.00    39      0.00      0.00  117180    8984   0.01      0.00  13536.00      0.00       0  sysbench
02:11:39 PM  1001     25950    2.00    5.00    0.00    0.00    7.00    39      0.00      0.00  117180    8984   0.01      0.00  14396.00      0.00       0  sysbench
02:11:40 PM  1001     25950    2.00    4.00    0.00    0.00    6.00    39      1.00      0.00  117180    8984   0.01      0.00  13588.00      0.00       0  sysbench
02:11:41 PM  1001     25950    1.00    4.00    0.00    0.00    5.00    39      0.00      0.00  117180    8984   0.01      0.00   7648.00      0.00       0  sysbench
02:11:42 PM  1001     25950    2.00    3.00    0.00    0.00    5.00    39      0.00      0.00  117180    8984   0.01      0.00   9444.00      0.00       0  sysbench
02:11:43 PM  1001     25950    0.00    3.00    0.00    0.00    3.00    39      0.00      0.00  117180    8984   0.01      0.00   5000.00      0.00       0  sysbench
02:11:44 PM  1001     25950    2.00    3.00    0.00    0.00    5.00    39      0.00      0.00  117180    8984   0.01      0.00   4508.00      0.00       0  sysbench

02:12:08 PM  1001     27953    1.94    1.94    0.00    0.00    3.88    13    133.98      0.00  117180    8912   0.01      0.00   5266.02      0.00       0  sysbench
02:12:09 PM  1001     27953    1.00    2.00    0.00    0.00    3.00    13      0.00      0.00  117180    8912   0.01      0.00   4872.00      0.00       0  sysbench
02:12:10 PM  1001     27953    1.00    3.00    0.00    0.00    4.00    13      0.00      0.00  117180    8912   0.01      0.00   4352.00      0.00       0  sysbench
02:12:11 PM  1001     27953    1.00    1.00    0.00    0.00    2.00    13      0.00      0.00  117180    8912   0.01      0.00   2644.00      0.00       0  sysbench
02:12:12 PM  1001     27953    2.00    2.00    0.00    0.00    4.00    13      0.00      0.00  117180    8912   0.01      0.00   4176.00      0.00       0  sysbench
02:12:13 PM  1001     27953    1.00    2.00    0.00    0.00    3.00    13      0.00      0.00  117180    8912   0.01      0.00   3764.00      0.00       0  sysbench
02:12:14 PM  1001     27953    1.00    2.00    0.00    0.00    3.00    13      0.00      0.00  117180    8912   0.01      0.00   4128.00      0.00       0  sysbench
02:12:15 PM  1001     27953    1.00    3.00    0.00    0.00    4.00    13      0.00      0.00  117180    8912   0.01      0.00   4144.00      0.00       0  sysbench
02:12:16 PM  1001     27953    1.00    2.00    0.00    0.00    3.00    13      0.00      0.00  117180    8912   0.01      0.00   2716.00      0.00       0  sysbench

