03:44:17 PM  1001     33792    1.94    5.83    0.00    0.00    7.77    19    133.01      0.00  117180    8992   0.01      0.00  21425.24      0.00       0  sysbench
03:44:18 PM  1001     33792    0.00    3.00    0.00    0.00    3.00    19      0.00      0.00  117180    8992   0.01      0.00  10492.00      0.00       0  sysbench
03:44:19 PM  1001     33792    1.00    3.00    0.00    0.00    4.00    19      0.00      0.00  117180    8992   0.01      0.00  11188.00      0.00       0  sysbench
03:44:20 PM  1001     33792    2.00    3.00    0.00    0.00    5.00    19      0.00      0.00  117180    8992   0.01      0.00  11324.00      0.00       0  sysbench
03:44:21 PM  1001     33792    1.00    3.00    0.00    0.00    4.00    19      0.00      0.00  117180    8992   0.01      0.00   9932.00      0.00       0  sysbench
03:44:22 PM  1001     33792    0.00    1.98    0.00    0.00    1.98    19      0.00      0.00  117180    8992   0.01      0.00   9833.66      0.00       0  sysbench
03:44:23 PM  1001     33792    2.00    3.00    0.00    0.00    5.00    19      0.00      0.00  117180    8992   0.01      0.00  11004.00      0.00       0  sysbench
03:44:24 PM  1001     33792    2.00    2.00    0.00    0.00    4.00    19      0.00      0.00  117180    8992   0.01      0.00  10404.00      0.00       0  sysbench
03:44:25 PM  1001     33792    0.00    4.00    0.00    0.00    4.00    19      0.00      0.00  117180    8992   0.01      0.00  11600.00      0.00       0  sysbench

03:43:40 PM  1001     31904    0.96    2.88    0.00    0.00    3.85    24    132.69      0.00  117180    9048   0.01      0.00  12176.92      0.00       0  sysbench
03:43:41 PM  1001     31904    1.00    2.00    0.00    0.00    3.00    24      0.00      0.00  117180    9048   0.01      0.00   8804.00      0.00       0  sysbench
03:43:42 PM  1001     31904    1.00    3.00    0.00    0.00    4.00    24      0.00      0.00  117180    9048   0.01      0.00   9944.00      0.00       0  sysbench
03:43:43 PM  1001     31904    1.00    2.00    0.00    0.00    3.00    24      0.00      0.00  117180    9048   0.01      0.00  10484.00      0.00       0  sysbench
03:43:44 PM  1001     31904    2.00    2.00    0.00    0.00    4.00    24      0.00      0.00  117180    9048   0.01      0.00  11564.00      0.00       0  sysbench
03:43:45 PM  1001     31904    1.00    4.00    0.00    0.00    5.00    24      0.00      0.00  117180    9048   0.01      0.00  11516.00      0.00       0  sysbench
03:43:46 PM  1001     31904    1.00    2.00    0.00    0.00    3.00    24      0.00      0.00  117180    9048   0.01      0.00  11544.00      0.00       0  sysbench
03:43:47 PM  1001     31904    1.00    3.00    0.00    0.00    4.00    24      0.00      0.00  117180    9048   0.01      0.00   9444.00      0.00       0  sysbench
03:43:48 PM  1001     31904    1.00    2.00    0.00    0.00    3.00    24      0.00      0.00  117180    9048   0.01      0.00  10464.00      0.00       0  sysbench

03:43:28 PM  1001     31576    0.96    2.88    0.00    0.00    3.85     9    132.69      0.00  117180    8984   0.01      0.00  14288.46      0.00       0  sysbench
03:43:29 PM  1001     31576    1.00    3.00    0.00    0.00    4.00     9      0.00      0.00  117180    8984   0.01      0.00  11564.00      0.00       0  sysbench
03:43:30 PM  1001     31576    1.00    3.00    0.00    0.00    4.00     9      0.00      0.00  117180    8984   0.01      0.00  11024.00      0.00       0  sysbench
03:43:31 PM  1001     31576    1.00    3.00    0.00    0.00    4.00     9      0.00      0.00  117180    8984   0.01      0.00  11588.00      0.00       0  sysbench
03:43:32 PM  1001     31576    1.00    2.00    0.00    0.00    3.00     9      0.00      0.00  117180    8984   0.01      0.00  10428.00      0.00       0  sysbench
03:43:33 PM  1001     31576    1.00    3.00    0.00    0.00    4.00     9      0.00      0.00  117180    8984   0.01      0.00   9396.00      0.00       0  sysbench
03:43:34 PM  1001     31576    1.00    3.00    0.00    0.00    4.00     9      0.00      0.00  117180    8984   0.01      0.00  10456.00      0.00       0  sysbench
03:43:35 PM  1001     31576    1.00    2.00    0.00    0.00    3.00     9      0.00      0.00  117180    8984   0.01      0.00   8248.00      0.00       0  sysbench
03:43:36 PM  1001     31576    1.00    3.00    0.00    0.00    4.00     9      0.00      0.00  117180    8984   0.01      0.00  11036.00      0.00       0  sysbench

03:42:54 PM  1001     30994    0.97    2.91    0.00    0.00    3.88    13    133.98      0.00  117180    8944   0.01      0.00  13895.15      0.00       0  sysbench
03:42:55 PM  1001     30994    1.00    3.00    0.00    0.00    4.00    13      0.00      0.00  117180    8944   0.01      0.00  11024.00      0.00       0  sysbench
03:42:56 PM  1001     30994    1.00    4.00    0.00    0.00    5.00    13      0.00      0.00  117180    8944   0.01      0.00  11064.00      0.00       0  sysbench
03:42:57 PM  1001     30994    1.00    2.00    0.00    0.00    3.00    13      0.00      0.00  117180    8944   0.01      0.00  11088.00      0.00       0  sysbench
03:42:58 PM  1001     30994    1.00    4.00    0.00    0.00    5.00    13      0.00      0.00  117180    8944   0.01      0.00  11000.00      0.00       0  sysbench
03:42:59 PM  1001     30994    0.00    2.00    0.00    0.00    2.00    13      0.00      0.00  117180    8944   0.01      0.00   9844.00      0.00       0  sysbench
03:43:00 PM  1001     30994    1.00    3.00    0.00    0.00    4.00    13      0.00      0.00  117180    8944   0.01      0.00  10980.00      0.00       0  sysbench
03:43:01 PM  1001     30994    0.00    4.00    0.00    0.00    4.00    13      0.00      0.00  117180    8944   0.01      0.00  10460.00      0.00       0  sysbench
03:43:02 PM  1001     30994    2.00    1.00    0.00    0.00    3.00    13      0.00      0.00  117180    8944   0.01      0.00   7632.00      0.00       0  sysbench

03:43:52 PM  1001     33290    0.97    3.88    0.00    0.00    4.85    39    133.98      0.00  117180    8856   0.01      0.00  15036.89      0.00       0  sysbench
03:43:53 PM  1001     33290    1.00    2.00    0.00    0.00    3.00    39      0.00      0.00  117180    8856   0.01      0.00   9876.00      0.00       0  sysbench
03:43:54 PM  1001     33290    1.00    3.00    0.00    0.00    4.00    39      0.00      0.00  117180    8856   0.01      0.00  11004.00      0.00       0  sysbench
03:43:55 PM  1001     33290    1.00    3.00    0.00    0.00    4.00    39      0.00      0.00  117180    8856   0.01      0.00   9932.00      0.00       0  sysbench
03:43:56 PM  1001     33290    1.00    2.00    0.00    0.00    3.00    39      0.00      0.00  117180    8856   0.01      0.00   9856.00      0.00       0  sysbench
03:43:57 PM  1001     33290    1.00    3.00    0.00    0.00    4.00    39      0.00      0.00  117180    8856   0.01      0.00  10452.00      0.00       0  sysbench
03:43:58 PM  1001     33290    1.00    2.00    0.00    0.00    3.00    39      0.00      0.00  117180    8856   0.01      0.00  10540.00      0.00       0  sysbench
03:43:59 PM  1001     33290    1.00    2.00    0.00    0.00    3.00    39      0.00      0.00  117180    8856   0.01      0.00   8264.00      0.00       0  sysbench
03:44:00 PM  1001     33290    1.00    3.00    0.00    0.00    4.00    39      0.00      0.00  117180    8856   0.01      0.00   9904.00      0.00       0  sysbench

03:42:43 PM  1001     30825    0.00    3.88    0.00    0.00    3.88     3    133.98      0.00  117180    8948   0.01      0.00  16054.37      0.00       0  sysbench
03:42:44 PM  1001     30825    0.00    4.00    0.00    0.00    4.00     3      1.00      0.00  117180    8948   0.01      0.00  12164.00      0.00       0  sysbench
03:42:45 PM  1001     30825    2.00    3.00    0.00    0.00    5.00     3      0.00      0.00  117180    8948   0.01      0.00  11064.00      0.00       0  sysbench
03:42:46 PM  1001     30825    2.00    2.00    0.00    0.00    4.00     3      0.00      0.00  117180    8948   0.01      0.00  10404.00      0.00       0  sysbench
03:42:47 PM  1001     30825    1.00    2.00    0.00    0.00    3.00     3      0.00      0.00  117180    8948   0.01      0.00  10952.00      0.00       0  sysbench
03:42:48 PM  1001     30825    1.00    3.00    0.00    0.00    4.00     3      0.00      0.00  117180    8948   0.01      0.00  10440.00      0.00       0  sysbench
03:42:49 PM  1001     30825    1.00    2.00    0.00    0.00    3.00     3      0.00      0.00  117180    8948   0.01      0.00  10340.00      0.00       0  sysbench
03:42:50 PM  1001     30825    1.00    4.00    0.00    0.00    5.00     3      0.00      0.00  117180    8948   0.01      0.00  10420.00      0.00       0  sysbench
03:42:51 PM  1001     30825    0.99    2.97    0.00    0.00    3.96     3      0.00      0.00  117180    8948   0.01      0.00   9766.34      0.00       0  sysbench

03:44:04 PM  1001     33518    0.96    3.85    0.00    0.00    4.81     9    130.77      0.00  117180    8848   0.01      0.00  14765.38      0.00       0  sysbench
03:44:05 PM  1001     33518    1.00    3.00    0.00    0.00    4.00     9      0.00      0.00  117180    8848   0.01      0.00  10992.00      0.00       0  sysbench
03:44:06 PM  1001     33518    0.00    4.00    0.00    0.00    4.00     9      0.00      0.00  117180    8848   0.01      0.00   9944.00      0.00       0  sysbench
03:44:07 PM  1001     33518    1.00    2.00    0.00    0.00    3.00     9      0.00      0.00  117180    8848   0.01      0.00  10152.00      0.00       0  sysbench
03:44:08 PM  1001     33518    1.00    3.00    0.00    0.00    4.00     9      0.00      0.00  117180    8848   0.01      0.00  11284.00      0.00       0  sysbench
03:44:09 PM  1001     33518    1.00    3.00    0.00    0.00    4.00     9      0.00      0.00  117180    8848   0.01      0.00  11016.00      0.00       0  sysbench
03:44:10 PM  1001     33518    1.00    3.00    0.00    0.00    4.00     9      0.00      0.00  117180    8848   0.01      0.00   9952.00      0.00       0  sysbench
03:44:11 PM  1001     33518    1.00    2.00    0.00    0.00    3.00     9      0.00      0.00  117180    8848   0.01      0.00   9312.00      0.00       0  sysbench
03:44:12 PM  1001     33518    1.00    2.00    0.00    0.00    3.00     9      0.00      0.00  117180    8848   0.01      0.00  10004.00      0.00       0  sysbench

03:43:16 PM  1001     31385    0.97    3.88    0.00    0.00    4.85    29    133.98      0.00  117180    8988   0.01      0.00  14454.37      0.00       0  sysbench
03:43:17 PM  1001     31385    1.00    3.00    0.00    0.00    4.00    29      0.00      0.00  117180    8988   0.01      0.00  11048.00      0.00       0  sysbench
03:43:18 PM  1001     31385    1.00    3.00    0.00    0.00    4.00    29      0.00      0.00  117180    8988   0.01      0.00   9908.00      0.00       0  sysbench
03:43:19 PM  1001     31385    1.00    3.00    0.00    0.00    4.00    29      0.00      0.00  117180    8988   0.01      0.00  11020.00      0.00       0  sysbench
03:43:20 PM  1001     31385    1.00    2.00    0.00    0.00    3.00    29      0.00      0.00  117180    8988   0.01      0.00  10484.00      0.00       0  sysbench
03:43:21 PM  1001     31385    1.00    3.00    0.00    0.00    4.00    29      0.00      0.00  117180    8988   0.01      0.00  10928.00      0.00       0  sysbench
03:43:22 PM  1001     31385    1.00    3.00    0.00    0.00    4.00    29      0.00      0.00  117180    8988   0.01      0.00   9324.00      0.00       0  sysbench
03:43:23 PM  1001     31385    1.00    2.00    0.00    0.00    3.00    29      0.00      0.00  117180    8988   0.01      0.00   9876.00      0.00       0  sysbench
03:43:24 PM  1001     31385    0.00    4.00    0.00    0.00    4.00    29      0.00      0.00  117180    8988   0.01      0.00  12640.00      0.00       0  sysbench

03:42:33 PM  1001     30654    1.94    6.80    0.00    0.00    8.74     8    133.01      0.00  117180    8900   0.01      0.00  31254.37      0.00       0  sysbench
03:42:34 PM  1001     30654    1.00    7.00    0.00    0.00    8.00     8      0.00      0.00  117180    8900   0.01      0.00  30228.00      0.00       0  sysbench
03:42:35 PM  1001     30654    2.00    6.00    0.00    0.00    8.00     8      0.00      0.00  117180    8900   0.01      0.00  27872.00      0.00       0  sysbench
03:42:36 PM  1001     30654    1.00    8.00    0.00    0.00    9.00     8      0.00      0.00  117180    8900   0.01      0.00  30920.00      0.00       0  sysbench
03:42:37 PM  1001     30654    3.00    5.00    0.00    0.00    8.00     8      0.00      0.00  117180    8900   0.01      0.00  30660.00      0.00       0  sysbench
03:42:38 PM  1001     30654    2.00    7.00    0.00    0.00    9.00     8      0.00      0.00  117180    8900   0.01      0.00  30284.00      0.00       0  sysbench
03:42:39 PM  1001     30654    2.00    5.00    0.00    0.00    7.00     8      0.00      0.00  117180    8900   0.01      0.00  30716.00      0.00       0  sysbench
03:42:40 PM  1001     30654    1.00    6.00    0.00    0.00    7.00     8      0.00      0.00  117180    8900   0.01      0.00  21408.00      0.00       0  sysbench
03:42:41 PM  1001     30654    2.00    1.00    0.00    0.00    3.00     8      0.00      0.00  117180    8900   0.01      0.00  10972.00      0.00       0  sysbench

03:43:05 PM  1001     31189    0.96    2.88    0.00    0.00    3.85    38    130.77      0.00  117180    8832   0.01      0.00  13184.62      0.00       0  sysbench
03:43:06 PM  1001     31189    1.00    3.00    0.00    0.00    4.00    38      0.00      0.00  117180    8832   0.01      0.00   9904.00      0.00       0  sysbench
03:43:07 PM  1001     31189    1.00    3.00    0.00    0.00    4.00    38      0.00      0.00  117180    8832   0.01      0.00  10424.00      0.00       0  sysbench
03:43:08 PM  1001     31189    1.00    3.00    0.00    0.00    4.00    38      0.00      0.00  117180    8832   0.01      0.00   9928.00      0.00       0  sysbench
03:43:09 PM  1001     31189    1.00    2.00    0.00    0.00    3.00    38      0.00      0.00  117180    8832   0.01      0.00  10440.00      0.00       0  sysbench
03:43:10 PM  1001     31189    0.00    3.00    0.00    0.00    3.00    38      0.00      0.00  117180    8832   0.01      0.00   9860.00      0.00       0  sysbench
03:43:11 PM  1001     31189    2.00    2.00    0.00    0.00    4.00    38      0.00      0.00  117180    8832   0.01      0.00   8804.00      0.00       0  sysbench
03:43:12 PM  1001     31189    1.00    2.00    0.00    0.00    3.00    38      0.00      0.00  117180    8832   0.01      0.00  10380.00      0.00       0  sysbench
03:43:13 PM  1001     31189    2.00    3.00    0.00    0.00    5.00    38      0.00      0.00  117180    8832   0.01      0.00  10516.00      0.00       0  sysbench

