01:36:25 PM  1001     16910    3.88    3.88    0.00    0.00    7.77    45    135.92      0.00  117180    9008   0.01      0.00  11887.38      0.00       0  sysbench
01:36:26 PM  1001     16910    2.00    5.00    0.00    0.00    7.00    45      0.00      0.00  117180    9008   0.01      0.00  10692.00      0.00       0  sysbench
01:36:27 PM  1001     16910    4.00    5.00    0.00    0.00    9.00    45      0.00      0.00  117180    9008   0.01      0.00  10716.00      0.00       0  sysbench
01:36:28 PM  1001     16910    3.00    4.00    0.00    0.00    7.00    45      0.00      0.00  117180    9008   0.01      0.00  13640.00      0.00       0  sysbench
01:36:29 PM  1001     16910    2.00    4.00    0.00    0.00    6.00    45      0.00      0.00  117180    9008   0.01      0.00  15372.00      0.00       0  sysbench
01:36:30 PM  1001     16910    0.00    4.00    0.00    0.00    4.00    45      0.00      0.00  117180    9008   0.01      0.00   8076.00      0.00       0  sysbench
01:36:31 PM  1001     16910    3.00    4.00    0.00    0.00    7.00    45      0.00      0.00  117180    9008   0.01      0.00  11844.00      0.00       0  sysbench
01:36:32 PM  1001     16910    2.00    3.00    0.00    0.00    5.00    45      0.00      0.00  117180    9008   0.01      0.00  12108.00      0.00       0  sysbench
01:36:33 PM  1001     16910    1.00    5.00    0.00    0.00    6.00    45      0.00      0.00  117180    9008   0.01      0.00  11128.00      0.00       0  sysbench

01:35:48 PM  1001     16195    0.97    5.83    0.00    0.00    6.80    37    133.98      0.00  117180    9048   0.01      0.00  13099.03      0.00       0  sysbench
01:35:49 PM  1001     16195    1.00    7.00    0.00    0.00    8.00    37      0.00      0.00  117180    9048   0.01      0.00  10532.00      0.00       0  sysbench
01:35:50 PM  1001     16195    0.00    1.00    0.00    0.00    1.00    37      0.00      0.00  117180    9048   0.01      0.00   1408.00      0.00       0  sysbench
01:35:51 PM  1001     16195    1.00    0.00    0.00    0.00    1.00    37      0.00      0.00  117180    9048   0.01      0.00   1244.00      0.00       0  sysbench
01:35:52 PM  1001     16195    3.00    4.00    0.00    0.00    7.00    37      0.00      0.00  117180    9048   0.01      0.00   9492.00      0.00       0  sysbench
01:35:53 PM  1001     16195    2.00    3.00    0.00    0.00    5.00    37      0.00      0.00  117180    9048   0.01      0.00  10896.00      0.00       0  sysbench
01:35:54 PM  1001     16195    2.00   11.00    0.00    0.00   13.00    37      0.00      0.00  117180    9048   0.01      0.00  17876.00      0.00       0  sysbench
01:35:55 PM  1001     16195    2.00    7.00    0.00    0.00    9.00    37      0.00      0.00  117180    9048   0.01      0.00  11068.00      0.00       0  sysbench
01:35:56 PM  1001     16195    1.00    4.00    0.00    0.00    5.00    37      0.00      0.00  117180    9048   0.01      0.00  10912.00      0.00       0  sysbench

01:35:36 PM  1001     15973    2.88    3.85    0.00    0.00    6.73    13    131.73      0.00  117180    8848   0.01      0.00  12865.38      0.00       0  sysbench
01:35:37 PM  1001     15973    1.00    5.00    0.00    0.00    6.00    13      0.00      0.00  117180    8848   0.01      0.00  11120.00      0.00       0  sysbench
01:35:38 PM  1001     15973    2.00    4.00    0.00    0.00    6.00    13      0.00      0.00  117180    8848   0.01      0.00  10460.00      0.00       0  sysbench
01:35:39 PM  1001     15973    2.00    4.00    0.00    0.00    6.00    13      0.00      0.00  117180    8848   0.01      0.00  10296.00      0.00       0  sysbench
01:35:40 PM  1001     15973    2.00    4.00    0.00    0.00    6.00    13      0.00      0.00  117180    8848   0.01      0.00   7096.00      0.00       0  sysbench
01:35:41 PM  1001     15973    1.00    4.00    0.00    0.00    5.00    13      0.00      0.00  117180    8848   0.01      0.00   6480.00      0.00       0  sysbench
01:35:42 PM  1001     15973    1.00    2.00    0.00    0.00    3.00    13      0.00      0.00  117180    8848   0.01      0.00   4944.00      0.00       0  sysbench
01:35:43 PM  1001     15973    1.00    4.00    0.00    0.00    5.00    13      0.00      0.00  117180    8848   0.01      0.00   8784.00      0.00       0  sysbench
01:35:44 PM  1001     15973    1.00    5.00    0.00    0.00    6.00    13      0.00      0.00  117180    8848   0.01      0.00  10192.00      0.00       0  sysbench
01:35:45 PM  1001     15973    2.00    2.00    0.00    0.00    4.00    13      1.00      0.00  117180    8848   0.01      0.00   9620.00      0.00       0  sysbench

01:35:02 PM  1001     15345    2.88    6.73    0.00    0.00    9.62    29    135.58      0.00  117180    9020   0.01      0.00  13396.15      0.00       0  sysbench
01:35:03 PM  1001     15345    2.00    4.00    0.00    0.00    6.00    29      0.00      0.00  117180    9020   0.01      0.00  10624.00      0.00       0  sysbench
01:35:04 PM  1001     15345    1.00    5.00    0.00    0.00    6.00    29      0.00      0.00  117180    9020   0.01      0.00   8812.00      0.00       0  sysbench
01:35:05 PM  1001     15345    1.00    4.00    0.00    0.00    5.00    29      0.00      0.00  117180    9020   0.01      0.00   8904.00      0.00       0  sysbench
01:35:06 PM  1001     15345    3.00    4.00    0.00    0.00    7.00    29      0.00      0.00  117180    9020   0.01      0.00  10160.00      0.00       0  sysbench
01:35:07 PM  1001     15345    1.00    6.00    0.00    0.00    7.00    29      0.00      0.00  117180    9020   0.01      0.00  10688.00      0.00       0  sysbench
01:35:08 PM  1001     15345    1.00    4.00    0.00    0.00    5.00    29      0.00      0.00  117180    9020   0.01      0.00   9540.00      0.00       0  sysbench
01:35:09 PM  1001     15345    2.00    4.00    0.00    0.00    6.00    29      0.00      0.00  117180    9020   0.01      0.00  10952.00      0.00       0  sysbench
01:35:10 PM  1001     15345    1.00    3.00    0.00    0.00    4.00    29      0.00      0.00  117180    9020   0.01      0.00   8220.00      0.00       0  sysbench

01:36:00 PM  1001     16442    1.94    3.88    0.00    0.00    5.83     3    134.95      0.00  117180    9024   0.01      0.00  14097.09      0.00       0  sysbench
01:36:01 PM  1001     16442    1.00    4.00    0.00    0.00    5.00     3      0.00      0.00  117180    9024   0.01      0.00  11628.00      0.00       0  sysbench
01:36:02 PM  1001     16442    2.00    5.00    0.00    0.00    7.00     3      0.00      0.00  117180    9024   0.01      0.00  12200.00      0.00       0  sysbench
01:36:03 PM  1001     16442    2.00    5.00    0.00    0.00    7.00     3      0.00      0.00  117180    9024   0.01      0.00  10912.00      0.00       0  sysbench
01:36:04 PM  1001     16442    1.00    3.00    0.00    0.00    4.00     3      0.00      0.00  117180    9024   0.01      0.00   8504.00      0.00       0  sysbench
01:36:05 PM  1001     16442    2.00    3.00    0.00    0.00    5.00     3      0.00      0.00  117180    9024   0.01      0.00   8668.00      0.00       0  sysbench
01:36:06 PM  1001     16442    1.00    5.00    0.00    0.00    6.00     3      0.00      0.00  117180    9024   0.01      0.00  11628.00      0.00       0  sysbench
01:36:07 PM  1001     16442    0.00    4.00    0.00    0.00    4.00     3      0.00      0.00  117180    9024   0.01      0.00  10504.00      0.00       0  sysbench
01:36:08 PM  1001     16442    1.00    5.00    0.00    0.00    6.00     3      0.00      0.00  117180    9024   0.01      0.00  12056.00      0.00       0  sysbench

01:34:51 PM  1001     15151    1.94    6.80    0.00    0.00    8.74    31    132.04      0.00  117180    8632   0.01      0.00  19363.11      0.00       0  sysbench
01:34:52 PM  1001     15151    3.00    4.00    0.00    0.00    7.00    31      0.00      0.00  117180    8632   0.01      0.00  15020.00      0.00       0  sysbench
01:34:53 PM  1001     15151    1.00    5.00    0.00    0.00    6.00    31      0.00      0.00  117180    8632   0.01      0.00  11176.00      0.00       0  sysbench
01:34:54 PM  1001     15151    2.00    4.00    0.00    0.00    6.00    31      0.00      0.00  117180    8632   0.01      0.00  12160.00      0.00       0  sysbench
01:34:55 PM  1001     15151    1.00    4.00    0.00    0.00    5.00    31      0.00      0.00  117180    8632   0.01      0.00   9272.00      0.00       0  sysbench
01:34:56 PM  1001     15151    2.00    3.00    0.00    0.00    5.00    31      0.00      0.00  117180    8632   0.01      0.00  11040.00      0.00       0  sysbench
01:34:57 PM  1001     15151    1.00    4.00    0.00    0.00    5.00    31      0.00      0.00  117180    8632   0.01      0.00  11564.00      0.00       0  sysbench
01:34:58 PM  1001     15151    2.00    5.00    0.00    0.00    7.00    31      0.00      0.00  117180    8632   0.01      0.00  10352.00      0.00       0  sysbench
01:34:59 PM  1001     15151    2.00    4.00    0.00    0.00    6.00    31      0.00      0.00  117180    8632   0.01      0.00  11072.00      0.00       0  sysbench

01:36:12 PM  1001     16662    2.91    3.88    0.00    0.00    6.80     3    135.92      0.00  117180    8908   0.01      0.00  14073.79      0.00       0  sysbench
01:36:13 PM  1001     16662    1.00    3.00    0.00    0.00    4.00     3      0.00      0.00  117180    8908   0.01      0.00   8924.00      0.00       0  sysbench
01:36:14 PM  1001     16662    2.00    3.00    0.00    0.00    5.00     3      0.00      0.00  117180    8908   0.01      0.00   9536.00      0.00       0  sysbench
01:36:15 PM  1001     16662    1.00    4.00    0.00    0.00    5.00     3      0.00      0.00  117180    8908   0.01      0.00   9868.00      0.00       0  sysbench
01:36:16 PM  1001     16662    2.00    4.00    0.00    0.00    6.00     3      0.00      0.00  117180    8908   0.01      0.00   8308.00      0.00       0  sysbench
01:36:17 PM  1001     16662    1.00    3.00    0.00    0.00    4.00     3      0.00      0.00  117180    8908   0.01      0.00   8712.00      0.00       0  sysbench
01:36:18 PM  1001     16662    1.00    5.00    0.00    0.00    6.00     3      0.00      0.00  117180    8908   0.01      0.00  10572.00      0.00       0  sysbench
01:36:19 PM  1001     16662    1.00    6.00    0.00    0.00    7.00     3      0.00      0.00  117180    8908   0.01      0.00   9960.00      0.00       0  sysbench
01:36:20 PM  1001     16662    0.00    6.00    0.00    0.00    6.00     3      0.00      0.00  117180    8908   0.01      0.00   7348.00      0.00       0  sysbench

01:35:24 PM  1001     15773    1.94    3.88    0.00    0.00    5.83    13    133.98      0.00  117180    8576   0.01      0.00  14073.79      0.00       0  sysbench
01:35:25 PM  1001     15773    2.00    4.00    0.00    0.00    6.00    13      0.00      0.00  117180    8576   0.01      0.00   8344.00      0.00       0  sysbench
01:35:26 PM  1001     15773    1.00    4.00    0.00    0.00    5.00    13      0.00      0.00  117180    8576   0.01      0.00  10860.00      0.00       0  sysbench
01:35:27 PM  1001     15773    1.00    5.00    0.00    0.00    6.00    13      0.00      0.00  117180    8576   0.01      0.00  10676.00      0.00       0  sysbench
01:35:28 PM  1001     15773    2.00    5.00    0.00    0.00    7.00    13      0.00      0.00  117180    8576   0.01      0.00   9944.00      0.00       0  sysbench
01:35:29 PM  1001     15773    4.00    4.00    0.00    0.00    8.00    13      0.00      0.00  117180    8576   0.01      0.00  10764.00      0.00       0  sysbench
01:35:30 PM  1001     15773    2.00    1.00    0.00    0.00    3.00    13      0.00      0.00  117180    8576   0.01      0.00   5156.00      0.00       0  sysbench
01:35:31 PM  1001     15773    2.00    3.00    0.00    0.00    5.00    13      0.00      0.00  117180    8576   0.01      0.00  10004.00      0.00       0  sysbench
01:35:32 PM  1001     15773    2.00    3.00    0.00    0.00    5.00    13      0.00      0.00  117180    8576   0.01      0.00  10824.00      0.00       0  sysbench

01:34:41 PM  1001     13720    2.91    2.91    0.00    0.00    5.83    54    134.95      0.00  117180    9080   0.01      0.00  11557.28      0.00       0  sysbench
01:34:42 PM  1001     13720    2.00    4.00    0.00    0.00    6.00    54      0.00      0.00  117180    9080   0.01      0.00  12100.00      0.00       0  sysbench
01:34:43 PM  1001     13720    3.00    6.00    0.00    0.00    9.00    54      0.00      0.00  117180    9080   0.01      0.00  19240.00      0.00       0  sysbench
01:34:44 PM  1001     13720    2.00    6.00    0.00    0.00    8.00    54      0.00      0.00  117180    9080   0.01      0.00  19476.00      0.00       0  sysbench
01:34:45 PM  1001     13720    2.00    7.00    0.00    0.00    9.00    54      0.00      0.00  117180    9080   0.01      0.00  19204.00      0.00       0  sysbench
01:34:46 PM  1001     13720    1.00    7.00    0.00    0.00    8.00    54      0.00      0.00  117180    9080   0.01      0.00  19456.00      0.00       0  sysbench
01:34:47 PM  1001     13720    3.00    9.00    0.00    0.00   12.00    54      0.00      0.00  117180    9080   0.01      0.00  18580.00      0.00       0  sysbench
01:34:48 PM  1001     13720    2.00   10.00    0.00    0.00   12.00    54      0.00      0.00  117180    9080   0.01      0.00  18300.00      0.00       0  sysbench
01:34:49 PM  1001     13720    3.00    9.00    0.00    0.00   12.00    54      0.00      0.00  117180    9080   0.01      0.00  18408.00      0.00       0  sysbench

01:35:13 PM  1001     15555    0.96    4.81    0.00    0.00    5.77    55    182.69      0.00  117180    8744   0.01      0.00   9111.54      0.00       0  sysbench
01:35:14 PM  1001     15555    1.00    5.00    0.00    0.00    6.00    55      0.00      0.00  117180    8744   0.01      0.00  10448.00      0.00       0  sysbench
01:35:15 PM  1001     15555    2.00    3.00    0.00    0.00    5.00    55      0.00      0.00  117180    8744   0.01      0.00   7520.00      0.00       0  sysbench
01:35:16 PM  1001     15555    2.00    5.00    0.00    0.00    7.00    55      0.00      0.00  117180    8744   0.01      0.00  10372.00      0.00       0  sysbench
01:35:17 PM  1001     15555    2.00    4.00    0.00    0.00    6.00    55      0.00      0.00  117180    8744   0.01      0.00  11304.00      0.00       0  sysbench
01:35:18 PM  1001     15555    1.00    6.00    0.00    0.00    7.00    55      0.00      0.00  117180    8744   0.01      0.00  14736.00      0.00       0  sysbench
01:35:19 PM  1001     15555    1.00    4.00    0.00    0.00    5.00    55      0.00      0.00  117180    8744   0.01      0.00  11360.00      0.00       0  sysbench
01:35:20 PM  1001     15555    2.00    3.00    0.00    0.00    5.00    55      0.00      0.00  117180    8744   0.01      0.00   9512.00      0.00       0  sysbench
01:35:21 PM  1001     15555    1.00    5.00    0.00    0.00    6.00    55      0.00      0.00  117180    8744   0.01      0.00  10924.00      0.00       0  sysbench

