03:03:11 PM  1001     13214    3.88    3.88    0.00    0.00    7.77    37    133.98      0.00  117180    8900   0.01      0.00  32609.71      0.00       0  sysbench
03:03:12 PM  1001     13214    1.00    3.00    0.00    0.00    4.00    37      1.00      0.00  117180    8900   0.01      0.00  21016.00      0.00       0  sysbench
03:03:13 PM  1001     13214    1.00    2.00    0.00    0.00    3.00    37      0.00      0.00  117180    8900   0.01      0.00   8824.00      0.00       0  sysbench
03:03:14 PM  1001     13214    1.00    4.00    0.00    0.00    5.00    37      0.00      0.00  117180    8900   0.01      0.00  19844.00      0.00       0  sysbench
03:03:15 PM  1001     13214    1.00    3.00    0.00    0.00    4.00    37      0.00      0.00  117180    8900   0.01      0.00  18040.00      0.00       0  sysbench
03:03:16 PM  1001     13214    4.00    8.00    0.00    0.00   12.00    37      0.00      0.00  117180    8900   0.01      0.00  42792.00      0.00       0  sysbench
03:03:17 PM  1001     13214    3.00    8.00    0.00    0.00   11.00    37      0.00      0.00  117180    8900   0.01      0.00  47356.00      0.00       0  sysbench
03:03:18 PM  1001     13214    1.00    4.00    0.00    0.00    5.00    37      0.00      0.00  117180    8900   0.01      0.00  23776.00      0.00       0  sysbench
03:03:19 PM  1001     13214    2.00    4.00    0.00    0.00    6.00    37      0.00      0.00  117180    8900   0.01      0.00  20912.00      0.00       0  sysbench

03:02:33 PM  1001     12542    1.90    3.81    0.00    0.00    5.71    12    129.52      0.00  117180    8920   0.01      0.00  25424.76      0.00       0  sysbench
03:02:34 PM  1001     12542    2.00    6.00    0.00    0.00    8.00    12      0.00      0.00  117180    8920   0.01      0.00  24504.00      0.00       0  sysbench
03:02:35 PM  1001     12542    1.00    5.00    0.00    0.00    6.00    12      0.00      0.00  117180    8920   0.01      0.00  20316.00      0.00       0  sysbench
03:02:36 PM  1001     12542    1.00    6.00    0.00    0.00    7.00    12      0.00      0.00  117180    8920   0.01      0.00  21444.00      0.00       0  sysbench
03:02:37 PM  1001     12542    1.00    1.00    0.00    0.00    2.00    12      0.00      0.00  117180    8920   0.01      0.00   9884.00      0.00       0  sysbench
03:02:38 PM  1001     12542    2.00    3.00    0.00    0.00    5.00    12      0.00      0.00  117180    8920   0.01      0.00  17080.00      0.00       0  sysbench
03:02:39 PM  1001     12542    1.98    4.95    0.00    0.00    6.93    12      0.00      0.00  117180    8920   0.01      0.00  33726.73      0.00       0  sysbench
03:02:40 PM  1001     12542    2.00    9.00    0.00    0.00   11.00    12      0.00      0.00  117180    8920   0.01      0.00  46100.00      0.00       0  sysbench
03:02:41 PM  1001     12542    4.00    6.00    0.00    0.00   10.00    12      0.00      0.00  117180    8920   0.01      0.00  29104.00      0.00       0  sysbench

03:02:21 PM  1001     12351    0.96    4.81    0.00    0.00    5.77    11    132.69      0.00  117180    8996   0.01      0.00  30665.38      0.00       0  sysbench
03:02:22 PM  1001     12351    1.00    3.00    0.00    0.00    4.00    11      0.00      0.00  117180    8996   0.01      0.00  10564.00      0.00       0  sysbench
03:02:23 PM  1001     12351    1.00    4.00    0.00    0.00    5.00    11      0.00      0.00  117180    8996   0.01      0.00  20908.00      0.00       0  sysbench
03:02:24 PM  1001     12351    0.00    5.00    0.00    0.00    5.00    11      0.00      0.00  117180    8996   0.01      0.00  23728.00      0.00       0  sysbench
03:02:25 PM  1001     12351    1.00    7.00    0.00    0.00    8.00    11      0.00      0.00  117180    8996   0.01      0.00  21996.00      0.00       0  sysbench
03:02:26 PM  1001     12351    2.00    5.00    0.00    0.00    7.00    11      0.00      0.00  117180    8996   0.01      0.00  23740.00      0.00       0  sysbench
03:02:27 PM  1001     12351    1.00    2.00    0.00    0.00    3.00    11      0.00      0.00  117180    8996   0.01      0.00  15356.00      0.00       0  sysbench
03:02:28 PM  1001     12351    2.00    4.00    0.00    0.00    6.00    11      0.00      0.00  117180    8996   0.01      0.00  23040.00      0.00       0  sysbench
03:02:29 PM  1001     12351    3.00    5.00    0.00    0.00    8.00    11      0.00      0.00  117180    8996   0.01      0.00  23052.00      0.00       0  sysbench

03:01:47 PM  1001     10411    0.96    2.88    0.00    0.00    3.85    41    133.65      0.00  117180    8856   0.01      0.00  12630.77      0.00       0  sysbench
03:01:48 PM  1001     10411    2.00    3.00    0.00    0.00    5.00    41      0.00      0.00  117180    8856   0.01      0.00  25764.00      0.00       0  sysbench
03:01:49 PM  1001     10411    1.00    4.00    0.00    0.00    5.00    41      0.00      0.00  117180    8856   0.01      0.00  20328.00      0.00       0  sysbench
03:01:50 PM  1001     10411    1.00    6.00    0.00    0.00    7.00    41      0.00      0.00  117180    8856   0.01      0.00  24680.00      0.00       0  sysbench
03:01:51 PM  1001     10411    1.00    5.00    0.00    0.00    6.00    41      0.00      0.00  117180    8856   0.01      0.00  20884.00      0.00       0  sysbench
03:01:52 PM  1001     10411    2.00    2.00    0.00    0.00    4.00    41      0.00      0.00  117180    8856   0.01      0.00  15332.00      0.00       0  sysbench
03:01:53 PM  1001     10411    2.00    4.00    0.00    0.00    6.00    41      0.00      0.00  117180    8856   0.01      0.00  20316.00      0.00       0  sysbench
03:01:54 PM  1001     10411    2.00    6.00    0.00    0.00    8.00    41      0.00      0.00  117180    8856   0.01      0.00  24856.00      0.00       0  sysbench
03:01:55 PM  1001     10411    3.00    4.00    0.00    0.00    7.00    41      0.00      0.00  117180    8856   0.01      0.00  24172.00      0.00       0  sysbench

03:02:46 PM  1001     12756    1.94    6.80    0.00    0.00    8.74    47    133.01      0.00  117180    8992   0.01      0.00  36326.21      0.00       0  sysbench
03:02:47 PM  1001     12756    1.00    4.00    0.00    0.00    5.00    47      0.00      0.00  117180    8992   0.01      0.00  24712.00      0.00       0  sysbench
03:02:48 PM  1001     12756    0.00    1.00    0.00    0.00    1.00    47      0.00      0.00  117180    8992   0.01      0.00   6040.00      0.00       0  sysbench
03:02:49 PM  1001     12756    2.00    4.00    0.00    0.00    6.00    47      0.00      0.00  117180    8992   0.01      0.00  24844.00      0.00       0  sysbench
03:02:50 PM  1001     12756    1.00    7.00    0.00    0.00    8.00    47      0.00      0.00  117180    8992   0.01      0.00  27336.00      0.00       0  sysbench
03:02:51 PM  1001     12756    1.00    6.00    0.00    0.00    7.00    47      0.00      0.00  117180    8992   0.01      0.00  23748.00      0.00       0  sysbench
03:02:52 PM  1001     12756    1.00    4.00    0.00    0.00    5.00    47      0.00      0.00  117180    8992   0.01      0.00  24040.00      0.00       0  sysbench
03:02:53 PM  1001     12756    1.00    4.00    0.00    0.00    5.00    47      0.00      0.00  117180    8992   0.01      0.00  22428.00      0.00       0  sysbench
03:02:54 PM  1001     12756    1.00    3.00    0.00    0.00    4.00    47      0.00      0.00  117180    8992   0.01      0.00  15844.00      0.00       0  sysbench

03:01:37 PM  1001     10241    1.94    8.74    0.00    0.00   10.68    35    145.63      0.00  117180    8636   0.01      0.00  36866.02      0.00       0  sysbench
03:01:38 PM  1001     10241    1.00    0.00    0.00    0.00    1.00    35      1.00      0.00  117180    8636   0.01      0.00      0.00      0.00       0  sysbench
03:01:39 PM  1001     10241    0.00    4.00    0.00    0.00    4.00    35      0.00      0.00  117180    8636   0.01      0.00  16980.00      0.00       0  sysbench
03:01:40 PM  1001     10241    2.00    5.00    0.00    0.00    7.00    35      0.00      0.00  117180    8636   0.01      0.00  24852.00      0.00       0  sysbench
03:01:41 PM  1001     10241    2.00    4.00    0.00    0.00    6.00    35      0.00      0.00  117180    8636   0.01      0.00  23152.00      0.00       0  sysbench
03:01:42 PM  1001     10241    1.00    3.00    0.00    0.00    4.00    35      0.00      0.00  117180    8636   0.01      0.00  15896.00      0.00       0  sysbench
03:01:43 PM  1001     10241    2.00    4.00    0.00    0.00    6.00    35      0.00      0.00  117180    8636   0.01      0.00  19032.00      0.00       0  sysbench
03:01:44 PM  1001     10241    1.00    5.00    0.00    0.00    6.00    35      0.00      0.00  117180    8636   0.01      0.00  25252.00      0.00       0  sysbench
03:01:45 PM  1001     10241    2.00    5.00    0.00    0.00    7.00    35      0.00      0.00  117180    8636   0.01      0.00  25132.00      0.00       0  sysbench

03:02:58 PM  1001     12957    0.96    5.77    0.00    0.00    6.73     1    131.73      0.00  117180    8576   0.01      0.00  24265.38      0.00       0  sysbench
03:02:59 PM  1001     12957    1.00    4.00    0.00    0.00    5.00     1      0.00      0.00  117180    8576   0.01      0.00  24748.00      0.00       0  sysbench
03:03:00 PM  1001     12957    2.00    4.00    0.00    0.00    6.00     1      0.00      0.00  117180    8576   0.01      0.00  23648.00      0.00       0  sysbench
03:03:01 PM  1001     12957    0.00    5.00    0.00    0.00    5.00     1      0.00      0.00  117180    8576   0.01      0.00  23088.00      0.00       0  sysbench
03:03:02 PM  1001     12957    2.00    5.00    0.00    0.00    7.00     1      0.00      0.00  117180    8576   0.01      0.00  21940.00      0.00       0  sysbench
03:03:03 PM  1001     12957    2.00    2.00    0.00    0.00    4.00     1      0.00      0.00  117180    8576   0.01      0.00   9316.00      0.00       0  sysbench
03:03:04 PM  1001     12957    2.00    4.00    0.00    0.00    6.00     1      0.00      0.00  117180    8576   0.01      0.00  22076.00      0.00       0  sysbench
03:03:05 PM  1001     12957    1.00    3.00    0.00    0.00    4.00     1      0.00      0.00  117180    8576   0.01      0.00  22576.00      0.00       0  sysbench
03:03:06 PM  1001     12957    1.00    4.00    0.00    0.00    5.00     1      0.00      0.00  117180    8576   0.01      0.00  20900.00      0.00       0  sysbench
03:03:07 PM  1001     12957    2.00    4.00    0.00    0.00    6.00     1      1.00      0.00  117180    8840   0.01      0.00  18160.00      0.00       0  sysbench

03:02:10 PM  1001     12163    0.97    8.74    0.00    0.00    9.71     7    135.92      0.00  117180    8980   0.01      0.00  41499.03      0.00       0  sysbench
03:02:11 PM  1001     12163    1.00    5.00    0.00    0.00    6.00     7      0.00      0.00  117180    8980   0.01      0.00  26492.00      0.00       0  sysbench
03:02:12 PM  1001     12163    2.00    5.00    0.00    0.00    7.00     7      0.00      0.00  117180    8980   0.01      0.00  26876.00      0.00       0  sysbench
03:02:13 PM  1001     12163    0.00    2.00    0.00    0.00    2.00     7      0.00      0.00  117180    8980   0.01      0.00  11996.00      0.00       0  sysbench
03:02:14 PM  1001     12163    1.00    5.00    0.00    0.00    6.00     7      0.00      0.00  117180    8980   0.01      0.00  24048.00      0.00       0  sysbench
03:02:15 PM  1001     12163    3.00    3.00    0.00    0.00    6.00     7      0.00      0.00  117180    8980   0.01      0.00  26324.00      0.00       0  sysbench
03:02:16 PM  1001     12163    2.00    6.00    0.00    0.00    8.00     7      0.00      0.00  117180    8980   0.01      0.00  27400.00      0.00       0  sysbench
03:02:17 PM  1001     12163    1.00    5.00    0.00    0.00    6.00     7      0.00      0.00  117180    8980   0.01      0.00  19836.00      0.00       0  sysbench
03:02:18 PM  1001     12163    1.00    3.00    0.00    0.00    4.00     7      0.00      0.00  117180    8980   0.01      0.00  16608.00      0.00       0  sysbench

03:01:26 PM  1001     10029    0.97    6.80    0.00    0.00    7.77     8    135.92      0.00  117180    8972   0.01      0.00  37417.48      0.00       0  sysbench
03:01:27 PM  1001     10029    2.00    4.00    0.00    0.00    6.00     8      0.00      0.00  117180    8972   0.01      0.00  25408.00      0.00       0  sysbench
03:01:28 PM  1001     10029    1.00    7.00    0.00    0.00    8.00     8      0.00      0.00  117180    8972   0.01      0.00  36800.00      0.00       0  sysbench
03:01:29 PM  1001     10029    1.00    5.00    0.00    0.00    6.00     8      0.00      0.00  117180    8972   0.01      0.00  25316.00      0.00       0  sysbench
03:01:30 PM  1001     10029    1.00    2.00    0.00    0.00    3.00     8      0.00      0.00  117180    8972   0.01      0.00  11152.00      0.00       0  sysbench
03:01:31 PM  1001     10029    2.00    7.00    0.00    0.00    9.00     8      0.00      0.00  117180    8972   0.01      0.00  29000.00      0.00       0  sysbench
03:01:32 PM  1001     10029    3.00    2.00    0.00    0.00    5.00     8      0.00      0.00  117180    8972   0.01      0.00  19700.00      0.00       0  sysbench
03:01:33 PM  1001     10029    1.00    8.00    0.00    0.00    9.00     8      0.00      0.00  117180    8972   0.01      0.00  46680.00      0.00       0  sysbench
03:01:34 PM  1001     10029    3.00    7.00    0.00    0.00   10.00     8      0.00      0.00  117180    8972   0.01      0.00  50260.00      0.00       0  sysbench

03:01:59 PM  1001     10619    0.97    4.85    0.00    0.00    5.83    31    154.37      0.00  117180    9068   0.01      0.00  24466.02      0.00       0  sysbench
03:02:00 PM  1001     10619    2.00    5.00    0.00    0.00    7.00    31      1.00      0.00  117180    9068   0.01      0.00  24132.00      0.00       0  sysbench
03:02:01 PM  1001     10619    1.00    6.00    0.00    0.00    7.00    31      0.00      0.00  117180    9068   0.01      0.00  23048.00      0.00       0  sysbench
03:02:02 PM  1001     10619    0.00    5.00    0.00    0.00    5.00    31      0.00      0.00  117180    9068   0.01      0.00  19296.00      0.00       0  sysbench
03:02:03 PM  1001     10619    1.00    2.00    0.00    0.00    3.00    31      0.00      0.00  117180    9068   0.01      0.00   9920.00      0.00       0  sysbench
03:02:04 PM  1001     10619    2.00    5.00    0.00    0.00    7.00    31      0.00      0.00  117180    9068   0.01      0.00  21460.00      0.00       0  sysbench
03:02:05 PM  1001     10619    1.00    4.00    0.00    0.00    5.00    31      0.00      0.00  117180    9068   0.01      0.00  18684.00      0.00       0  sysbench
03:02:06 PM  1001     10619    1.00    4.00    0.00    0.00    5.00    31      0.00      0.00  117180    9068   0.01      0.00  19272.00      0.00       0  sysbench
03:02:07 PM  1001     10619    1.00    6.00    0.00    0.00    7.00    31      0.00      0.00  117180    9068   0.01      0.00  29728.00      0.00       0  sysbench

