12:59:13 PM  1001     46617    1.92    6.73    0.00    0.00    8.65    42    133.65      0.00  117180    8960   0.01      0.00  58615.38      0.00       0  sysbench
12:59:14 PM  1001     46617    1.00    8.00    0.00    0.00    9.00    42      0.00      0.00  117180    8960   0.01      0.00  40608.00      0.00       0  sysbench
12:59:15 PM  1001     46617    1.00    7.00    0.00    0.00    8.00    42      0.00      0.00  117180    8960   0.01      0.00  44704.00      0.00       0  sysbench
12:59:16 PM  1001     46617    1.00    6.00    0.00    0.00    7.00    42      0.00      0.00  117180    8960   0.01      0.00  44752.00      0.00       0  sysbench
12:59:17 PM  1001     46617    1.00    7.00    0.00    0.00    8.00    42      0.00      0.00  117180    8960   0.01      0.00  40592.00      0.00       0  sysbench
12:59:18 PM  1001     46617    0.00    8.00    0.00    0.00    8.00    42      0.00      0.00  117180    8960   0.01      0.00  40672.00      0.00       0  sysbench
12:59:19 PM  1001     46617    0.00    7.00    0.00    0.00    7.00    42      0.00      0.00  117180    8960   0.01      0.00  44800.00      0.00       0  sysbench
12:59:20 PM  1001     46617    1.00    7.00    0.00    0.00    8.00    42      0.00      0.00  117180    8960   0.01      0.00  40676.00      0.00       0  sysbench
12:59:21 PM  1001     46617    1.00    7.00    0.00    0.00    8.00    42      0.00      0.00  117180    8960   0.01      0.00  44748.00      0.00       0  sysbench

12:58:35 PM  1001     45499    0.00    8.74    0.00    0.00    8.74    33    135.92      0.00  117180    8988   0.01      0.00  47335.92      0.00       0  sysbench
12:58:36 PM  1001     45499    2.00    6.00    0.00    0.00    8.00    33      0.00      0.00  117180    8988   0.01      0.00  40720.00      0.00       0  sysbench
12:58:37 PM  1001     45499    0.00    5.00    0.00    0.00    5.00    33      0.00      0.00  117180    8988   0.01      0.00  39524.00      0.00       0  sysbench
12:58:38 PM  1001     45499    1.00    6.00    0.00    0.00    7.00    33      0.00      0.00  117180    8988   0.01      0.00  38812.00      0.00       0  sysbench
12:58:39 PM  1001     45499    0.00    6.00    0.00    0.00    6.00    33      0.00      0.00  117180    8988   0.01      0.00  43668.00      0.00       0  sysbench
12:58:40 PM  1001     45499    1.00    6.00    0.00    0.00    7.00    33      0.00      0.00  117180    8988   0.01      0.00  36608.00      0.00       0  sysbench
12:58:41 PM  1001     45499    1.00    6.00    0.00    0.00    7.00    33      0.00      0.00  117180    8988   0.01      0.00  44692.00      0.00       0  sysbench
12:58:42 PM  1001     45499    1.00    5.00    0.00    0.00    6.00    33      0.00      0.00  117180    8988   0.01      0.00  36496.00      0.00       0  sysbench
12:58:43 PM  1001     45499    0.99    6.93    0.00    0.00    7.92    33      0.00      0.00  117180    8988   0.01      0.00  40233.66      0.00       0  sysbench

12:58:23 PM  1001     44438    0.97    5.83    0.00    0.00    6.80    18    136.89      0.00  117180    8656   0.01      0.00  39452.43      0.00       0  sysbench
12:58:24 PM  1001     44438    0.00    7.00    0.00    0.00    7.00    18      0.00      0.00  117180    8656   0.01      0.00  48852.00      0.00       0  sysbench
12:58:25 PM  1001     44438    0.00    8.00    0.00    0.00    8.00    18      0.00      0.00  117180    8656   0.01      0.00  44764.00      0.00       0  sysbench
12:58:26 PM  1001     44438    1.00    7.00    0.00    0.00    8.00    18      0.00      0.00  117180    8656   0.01      0.00  44692.00      0.00       0  sysbench
12:58:27 PM  1001     44438    1.00    6.00    0.00    0.00    7.00    18      0.00      0.00  117180    8656   0.01      0.00  44704.00      0.00       0  sysbench
12:58:28 PM  1001     44438    1.00    7.00    0.00    0.00    8.00    18      0.00      0.00  117180    8656   0.01      0.00  44796.00      0.00       0  sysbench
12:58:29 PM  1001     44438    1.00    8.00    0.00    0.00    9.00    18      0.00      0.00  117180    8656   0.01      0.00  44632.00      0.00       0  sysbench
12:58:30 PM  1001     44438    0.00    7.00    0.00    0.00    7.00    18      0.00      0.00  117180    8656   0.01      0.00  40544.00      0.00       0  sysbench
12:58:31 PM  1001     44438    1.00    6.00    0.00    0.00    7.00    18      0.00      0.00  117180    8656   0.01      0.00  44772.00      0.00       0  sysbench

12:57:49 PM  1001     43745    0.97    3.88    0.00    0.00    4.85    38    134.95      0.00  117180    8916   0.01      0.00  32900.97      0.00       0  sysbench
12:57:50 PM  1001     43745    1.00    5.00    0.00    0.00    6.00    38      0.00      0.00  117180    8916   0.01      0.00  44684.00      0.00       0  sysbench
12:57:51 PM  1001     43745    1.00    7.00    0.00    0.00    8.00    38      0.00      0.00  117180    8916   0.01      0.00  44684.00      0.00       0  sysbench
12:57:52 PM  1001     43745    2.00    6.00    0.00    0.00    8.00    38      0.00      0.00  117180    8916   0.01      0.00  44656.00      0.00       0  sysbench
12:57:53 PM  1001     43745    1.00    6.00    0.00    0.00    7.00    38      0.00      0.00  117180    8916   0.01      0.00  40704.00      0.00       0  sysbench
12:57:54 PM  1001     43745    0.00    7.00    0.00    0.00    7.00    38      0.00      0.00  117180    8916   0.01      0.00  40708.00      0.00       0  sysbench
12:57:55 PM  1001     43745    1.00    7.00    0.00    0.00    8.00    38      0.00      0.00  117180    8916   0.01      0.00  40688.00      0.00       0  sysbench
12:57:56 PM  1001     43745    1.00    6.00    0.00    0.00    7.00    38      0.00      0.00  117180    8916   0.01      0.00  40604.00      0.00       0  sysbench
12:57:57 PM  1001     43745    1.00    9.00    0.00    0.00   10.00    38      0.00      0.00  117180    8916   0.01      0.00  44716.00      0.00       0  sysbench
12:57:58 PM  1001     43745    1.00    4.00    0.00    0.00    5.00    38      1.00      0.00  117180    8916   0.01      0.00  32536.00      0.00       0  sysbench

12:58:48 PM  1001     46135    0.97    8.74    0.00    0.00    9.71     0    133.98      0.00  117180    8956   0.01      0.00  55304.85      0.00       0  sysbench
12:58:49 PM  1001     46135    1.00    7.00    0.00    0.00    8.00     0      0.00      0.00  117180    8956   0.01      0.00  44652.00      0.00       0  sysbench
12:58:50 PM  1001     46135    1.00    5.00    0.00    0.00    6.00     0      0.00      0.00  117180    8956   0.01      0.00  28412.00      0.00       0  sysbench
12:58:51 PM  1001     46135    2.00    5.00    0.00    0.00    7.00     0      0.00      0.00  117180    8956   0.01      0.00  36644.00      0.00       0  sysbench
12:58:52 PM  1001     46135    0.00    6.00    0.00    0.00    6.00     0      0.00      0.00  117180    8956   0.01      0.00  40676.00      0.00       0  sysbench
12:58:53 PM  1001     46135    2.00    6.00    0.00    0.00    8.00     0      0.00      0.00  117180    8956   0.01      0.00  52776.00      0.00       0  sysbench
12:58:54 PM  1001     46135    1.00    7.00    0.00    0.00    8.00     0      0.00      0.00  117180    8956   0.01      0.00  44548.00      0.00       0  sysbench
12:58:55 PM  1001     46135    0.00    6.00    0.00    0.00    6.00     0      0.00      0.00  117180    8956   0.01      0.00  40656.00      0.00       0  sysbench
12:58:56 PM  1001     46135    1.00    7.00    0.00    0.00    8.00     0      0.00      0.00  117180    8956   0.01      0.00  48752.00      0.00       0  sysbench

12:57:38 PM  1001     43559    0.00   10.58    0.00    0.00   10.58    36    139.42      0.00  117180    8912   0.01      0.00  70292.31      0.00       0  sysbench
12:57:39 PM  1001     43559    1.00    8.00    0.00    0.00    9.00    36      0.00      0.00  117180    8912   0.01      0.00  48844.00      0.00       0  sysbench
12:57:40 PM  1001     43559    1.00    6.00    0.00    0.00    7.00    36      0.00      0.00  117180    8912   0.01      0.00  40600.00      0.00       0  sysbench
12:57:41 PM  1001     43559    0.00    7.00    0.00    0.00    7.00    36      0.00      0.00  117180    8912   0.01      0.00  44700.00      0.00       0  sysbench
12:57:42 PM  1001     43559    1.00    7.00    0.00    0.00    8.00    36      0.00      0.00  117180    8912   0.01      0.00  44740.00      0.00       0  sysbench
12:57:43 PM  1001     43559    1.00    8.00    0.00    0.00    9.00    36      0.00      0.00  117180    8912   0.01      0.00  44536.00      0.00       0  sysbench
12:57:44 PM  1001     43559    0.00    8.00    0.00    0.00    8.00    36      0.00      0.00  117180    8912   0.01      0.00  48824.00      0.00       0  sysbench
12:57:45 PM  1001     43559    1.00    7.00    0.00    0.00    8.00    36      0.00      0.00  117180    8912   0.01      0.00  44696.00      0.00       0  sysbench
12:57:46 PM  1001     43559    1.00    6.00    0.00    0.00    7.00    36      0.00      0.00  117180    8912   0.01      0.00  44724.00      0.00       0  sysbench

12:59:00 PM  1001     46412    0.00    8.74    0.00    0.00    8.74    30    135.92      0.00  117180    9116   0.01      0.00  56221.36      0.00       0  sysbench
12:59:01 PM  1001     46412    1.00    7.00    0.00    0.00    8.00    30      0.00      0.00  117180    9116   0.01      0.00  44768.00      0.00       0  sysbench
12:59:02 PM  1001     46412    1.00    8.00    0.00    0.00    9.00    30      0.00      0.00  117180    9116   0.01      0.00  44664.00      0.00       0  sysbench
12:59:03 PM  1001     46412    1.00    6.00    0.00    0.00    7.00    30      0.00      0.00  117180    9116   0.01      0.00  44680.00      0.00       0  sysbench
12:59:04 PM  1001     46412    1.00    6.00    0.00    0.00    7.00    30      0.00      0.00  117180    9116   0.01      0.00  40716.00      0.00       0  sysbench
12:59:05 PM  1001     46412    2.00    7.00    0.00    0.00    9.00    30      0.00      0.00  117180    9116   0.01      0.00  44644.00      0.00       0  sysbench
12:59:06 PM  1001     46412    1.00    6.00    0.00    0.00    7.00    30      0.00      0.00  117180    9116   0.01      0.00  44756.00      0.00       0  sysbench
12:59:07 PM  1001     46412    1.00    7.00    0.00    0.00    8.00    30      0.00      0.00  117180    9116   0.01      0.00  44728.00      0.00       0  sysbench
12:59:08 PM  1001     46412    2.00    5.00    0.00    0.00    7.00    30      0.00      0.00  117180    9116   0.01      0.00  40688.00      0.00       0  sysbench

12:58:12 PM  1001     44116    0.96    7.69    0.00    0.00    8.65    54    132.69      0.00  117180    8584   0.01      0.00  57696.15      0.00       0  sysbench
12:58:13 PM  1001     44116    1.00    7.00    0.00    0.00    8.00    54      0.00      0.00  117180    8584   0.01      0.00  48488.00      0.00       0  sysbench
12:58:14 PM  1001     44116    0.00    5.00    0.00    0.00    5.00    54      0.00      0.00  117180    8584   0.01      0.00  28788.00      0.00       0  sysbench
12:58:15 PM  1001     44116    0.00    7.00    0.00    0.00    7.00    54      0.00      0.00  117180    8584   0.01      0.00  44708.00      0.00       0  sysbench
12:58:16 PM  1001     44116    1.00    7.00    0.00    0.00    8.00    54      0.00      0.00  117180    8584   0.01      0.00  44724.00      0.00       0  sysbench
12:58:17 PM  1001     44116    2.00    6.00    0.00    0.00    8.00    54      0.00      0.00  117180    8584   0.01      0.00  44636.00      0.00       0  sysbench
12:58:18 PM  1001     44116    1.00    6.00    0.00    0.00    7.00    54      0.00      0.00  117180    8584   0.01      0.00  44676.00      0.00       0  sysbench
12:58:19 PM  1001     44116    1.00    7.00    0.00    0.00    8.00    54      0.00      0.00  117180    8584   0.01      0.00  40576.00      0.00       0  sysbench
12:58:20 PM  1001     44116    1.00    6.00    0.00    0.00    7.00    54      0.00      0.00  117180    8584   0.01      0.00  44740.00      0.00       0  sysbench

12:57:28 PM  1001     43373    1.94   13.59    0.00    0.00   15.53    10    138.83      0.00  117180    9012   0.01      0.00  94807.77      0.00       0  sysbench
12:57:29 PM  1001     43373    1.00   14.00    0.00    0.00   15.00    10      0.00      0.00  117180    9012   0.01      0.00  93436.00      0.00       0  sysbench
12:57:30 PM  1001     43373    1.00   13.00    0.00    0.00   14.00    10      0.00      0.00  117180    9012   0.01      0.00  85432.00      0.00       0  sysbench
12:57:31 PM  1001     43373    1.00   12.00    0.00    0.00   13.00    10      0.00      0.00  117180    9012   0.01      0.00  93592.00      0.00       0  sysbench
12:57:32 PM  1001     43373    1.00   14.00    0.00    0.00   15.00    10      0.00      0.00  117180    9012   0.01      0.00  97548.00      0.00       0  sysbench
12:57:33 PM  1001     43373    1.00   13.00    0.00    0.00   14.00    10      0.00      0.00  117180    9012   0.01      0.00  93396.00      0.00       0  sysbench
12:57:34 PM  1001     43373    1.00    3.00    0.00    0.00    4.00    10      0.00      0.00  117180    9012   0.01      0.00  24376.00      0.00       0  sysbench
12:57:35 PM  1001     43373    0.00    4.00    0.00    0.00    4.00    10      0.00      0.00  117180    9012   0.01      0.00  20280.00      0.00       0  sysbench
12:57:36 PM  1001     43373    1.00    7.00    0.00    0.00    8.00    10      0.00      0.00  117180    9012   0.01      0.00  44716.00      0.00       0  sysbench

12:58:00 PM  1001     43929    0.00    7.69    0.00    0.00    7.69    13    130.77      0.00  117180    8844   0.01      0.00  46911.54      0.00       0  sysbench
12:58:01 PM  1001     43929    1.00    7.00    0.00    0.00    8.00    13      0.00      0.00  117180    8844   0.01      0.00  40644.00      0.00       0  sysbench
12:58:02 PM  1001     43929    2.00    5.00    0.00    0.00    7.00    13      0.00      0.00  117180    8844   0.01      0.00  36656.00      0.00       0  sysbench
12:58:03 PM  1001     43929    0.00    7.00    0.00    0.00    7.00    13      0.00      0.00  117180    8844   0.01      0.00  44720.00      0.00       0  sysbench
12:58:04 PM  1001     43929    1.00    6.00    0.00    0.00    7.00    13      0.00      0.00  117180    8844   0.01      0.00  40668.00      0.00       0  sysbench
12:58:05 PM  1001     43929    1.00    7.00    0.00    0.00    8.00    13      0.00      0.00  117180    8844   0.01      0.00  44680.00      0.00       0  sysbench
12:58:06 PM  1001     43929    0.00    6.00    0.00    0.00    6.00    13      0.00      0.00  117180    8844   0.01      0.00  36564.00      0.00       0  sysbench
12:58:07 PM  1001     43929    1.00    6.00    0.00    0.00    7.00    13      0.00      0.00  117180    8844   0.01      0.00  44728.00      0.00       0  sysbench
12:58:08 PM  1001     43929    1.00    6.00    0.00    0.00    7.00    13      0.00      0.00  117180    8844   0.01      0.00  44684.00      0.00       0  sysbench

