Linux 4.15.0-55-generic (ubutunt) 	08/08/2019 	_x86_64_	(1 CPU)

# Time        UID       PID    %usr %system  %guest   %wait    %CPU   CPU  minflt/s  majflt/s     VSZ     RSS   %MEM   kB_rd/s   kB_wr/s kB_ccwr/s iodelay  Command
11:53:08 PM     0         1    0.00    0.00    0.00    0.00    0.00     0      0.00      0.00  159952    9324   0.14      0.00      0.00      0.00       0  systemd
11:53:08 PM     0         2    0.00    0.00    0.00    0.00    0.00     0      0.00      0.00       0       0   0.00      0.00      0.00      0.00       0  kthreadd
11:53:08 PM     0         4    0.00    0.00    0.00    0.00    0.00     0      0.00      0.00       0       0   0.00      0.00      0.00      0.00       0  kworker/0:0H
11:53:08 PM     0         6    0.00    0.00    0.00    0.00    0.00     0      0.00      0.00       0       0   0.00      0.00      0.00      0.00       0  mm_percpu_wq
11:53:08 PM     0         7    0.00    0.00    0.00    0.00    0.00     0      0.00      0.00       0       0   0.00      0.00      0.00      0.00       0  ksoftirqd/0
11:53:08 PM     0         8    0.00    0.99    0.00    0.00    0.99     0      0.00      0.00       0       0   0.00      0.00      0.00      0.00       0  rcu_sched
11:53:08 PM     0         9    0.00    0.00    0.00    0.00    0.00     0      0.00      0.00       0       0   0.00      0.00      0.00      0.00       0  rcu_bh
11:53:08 PM     0        10    0.00    0.00    0.00    0.00    0.00     0      0.00      0.00       0       0   0.00      0.00      0.00      0.00       0  migration/0
11:53:08 PM     0        11    0.00    0.00    0.00    0.00    0.00     0      0.00      0.00       0       0   0.00      0.00      0.00      0.00       0  watchdog/0
11:53:08 PM     0        12    0.00    0.00    0.00    0.00    0.00     0      0.00      0.00       0       0   0.00      0.00      0.00      0.00       0  cpuhp/0
11:53:08 PM     0        13    0.00    0.00    0.00    0.00    0.00     0      0.00      0.00       0       0   0.00      0.00      0.00      0.00       0  kdevtmpfs
11:53:08 PM     0        14    0.00    0.00    0.00    0.00    0.00     0      0.00      0.00       0       0   0.00      0.00      0.00      0.00       0  netns
11:53:08 PM     0        15    0.00    0.00    0.00    0.00    0.00     0      0.00      0.00       0       0   0.00      0.00      0.00      0.00       0  rcu_tasks_kthre
11:53:08 PM     0        16    0.00    0.00    0.00    0.00    0.00     0      0.00      0.00       0       0   0.00      0.00      0.00      0.00       0  kauditd
11:53:08 PM     0        17    0.00    0.00    0.00    0.00    0.00     0      0.00      0.00       0       0   0.00      0.00      0.00      0.00       0  khungtaskd
11:53:08 PM     0        18    0.00    0.00    0.00    0.00    0.00     0      0.00      0.00       0       0   0.00      0.00      0.00      0.00       0  oom_reaper
11:53:08 PM     0        19    0.00    0.00    0.00    0.00    0.00     0      0.00      0.00       0       0   0.00      0.00      0.00      0.00       0  writeback
11:53:08 PM     0        20    0.00    0.00    0.00    0.00    0.00     0      0.00      0.00       0       0   0.00      0.00      0.00      0.00       0  kcompactd0
11:53:08 PM     0        21    0.00    0.00    0.00    0.00    0.00     0      0.00      0.00       0       0   0.00      0.00      0.00      0.00       0  ksmd
11:53:08 PM     0        22    0.00    0.00    0.00    0.00    0.00     0      0.00      0.00       0       0   0.00      0.00      0.00      0.00       0  khugepaged
11:53:08 PM     0        23    0.00    0.00    0.00    0.00    0.00     0      0.00      0.00       0       0   0.00      0.00      0.00      0.00       0  crypto
11:53:08 PM     0        24    0.00    0.00    0.00    0.00    0.00     0      0.00      0.00       0       0   0.00      0.00      0.00      0.00       0  kintegrityd
11:53:08 PM     0        25    0.00    0.00    0.00    0.00    0.00     0      0.00      0.00       0       0   0.00      0.00      0.00      0.00       0  kblockd
11:53:08 PM     0        26    0.00    0.00    0.00    0.00    0.00     0      0.00      0.00       0       0   0.00      0.00      0.00      0.00       0  ata_sff
11:53:08 PM     0        27    0.00    0.00    0.00    0.00    0.00     0      0.00      0.00       0       0   0.00      0.00      0.00      0.00       0  md
11:53:08 PM     0        28    0.00    0.00    0.00    0.00    0.00     0      0.00      0.00       0       0   0.00      0.00      0.00      0.00       0  edac-poller
11:53:08 PM     0        29    0.00    0.00    0.00    0.00    0.00     0      0.00      0.00       0       0   0.00      0.00      0.00      0.00       0  devfreq_wq
11:53:08 PM     0        30    0.00    0.00    0.00    0.00    0.00     0      0.00      0.00       0       0   0.00      0.00      0.00      0.00       0  watchdogd
11:53:08 PM     0        34    0.00    0.00    0.00    0.00    0.00     0      0.00      0.00       0       0   0.00      0.00      0.00      0.00       0  kswapd0
11:53:08 PM     0        35    0.00    0.00    0.00    0.00    0.00     0      0.00      0.00       0       0   0.00      0.00      0.00      0.00       0  kworker/u3:0
11:53:08 PM     0        36    0.00    0.00    0.00    0.00    0.00     0      0.00      0.00       0       0   0.00      0.00      0.00      0.00       0  ecryptfs-kthrea
11:53:08 PM     0        78    0.00    0.00    0.00    0.00    0.00     0      0.00      0.00       0       0   0.00      0.00      0.00      0.00       0  kthrotld
11:53:08 PM     0        79    0.00    0.00    0.00    0.00    0.00     0      0.00      0.00       0       0   0.00      0.00      0.00      0.00       0  acpi_thermal_pm
11:53:08 PM     0        80    0.00    0.00    0.00    0.00    0.00     0      0.00      0.00       0       0   0.00      0.00      0.00      0.00       0  scsi_eh_0
11:53:08 PM     0        81    0.00    0.00    0.00    0.00    0.00     0      0.00      0.00       0       0   0.00      0.00      0.00      0.00       0  scsi_tmf_0
11:53:08 PM     0        82    0.00    0.00    0.00    0.00    0.00     0      0.00      0.00       0       0   0.00      0.00      0.00      0.00       0  scsi_eh_1
11:53:08 PM     0        83    0.00    0.00    0.00    0.00    0.00     0      0.00      0.00       0       0   0.00      0.00      0.00      0.00       0  scsi_tmf_1
11:53:08 PM     0        89    0.00    0.00    0.00    0.00    0.00     0      0.00      0.00       0       0   0.00      0.00      0.00      0.00       0  ipv6_addrconf
11:53:08 PM     0        98    0.00    0.00    0.00    0.00    0.00     0      0.00      0.00       0       0   0.00      0.00      0.00      0.00       0  kstrp
11:53:08 PM     0       115    0.00    0.00    0.00    0.00    0.00     0      0.00      0.00       0       0   0.00      0.00      0.00      0.00       0  charger_manager
11:53:08 PM     0       195    0.00    0.00    0.00    0.00    0.00     0      0.00      0.00       0       0   0.00      0.00      0.00      0.00       0  scsi_eh_2
11:53:08 PM     0       196    0.00    0.00    0.00    0.00    0.00     0      0.00      0.00       0       0   0.00      0.00      0.00      0.00       0  scsi_tmf_2
11:53:08 PM     0       197    0.00    0.00    0.00    0.00    0.00     0      0.00      0.00       0       0   0.00      0.00      0.00      0.00       0  ttm_swap
11:53:08 PM     0       198    0.00    0.00    0.00    0.00    0.00     0      0.00      0.00       0       0   0.00      0.00      0.00      0.00       0  irq/18-vmwgfx
11:53:08 PM     0       201    0.00    0.00    0.00    0.00    0.00     0      0.00      0.00       0       0   0.00      0.00      0.00      0.00       0  kworker/0:1H
11:53:08 PM     0       268    0.00    0.00    0.00    0.00    0.00     0      0.00      0.00       0       0   0.00      0.00      0.00      0.00       0  raid5wq
11:53:08 PM     0       320    0.00    0.00    0.00    0.00    0.00     0      0.00      0.00       0       0   0.00      0.00      0.00      0.00       0  jbd2/sda2-8
11:53:08 PM     0       321    0.00    0.00    0.00    0.00    0.00     0      0.00      0.00       0       0   0.00      0.00      0.00      0.00       0  ext4-rsv-conver
11:53:08 PM   100       375    0.00    0.00    0.00    0.00    0.00     0      0.00      0.00   80168    5416   0.08      0.00      0.00      0.00       0  systemd-network
11:53:08 PM     0       389    0.00    0.00    0.00    0.00    0.00     0      0.00      0.00       0       0   0.00      0.00      0.00      0.00       0  iscsi_eh
11:53:08 PM   101       392    0.00    0.00    0.00    0.00    0.00     0      0.00      0.00   70756    5352   0.08      0.00      0.00      0.00       0  systemd-resolve
11:53:08 PM     0       393    0.00    0.00    0.00    0.00    0.00     0      0.00      0.00       0       0   0.00      0.00      0.00      0.00       0  ib-comp-wq
11:53:08 PM     0       394    0.00    0.00    0.00    0.00    0.00     0      0.00      0.00       0       0   0.00      0.00      0.00      0.00       0  ib_mcast
11:53:08 PM     0       396    0.00    0.00    0.00    0.00    0.00     0      0.00      0.00       0       0   0.00      0.00      0.00      0.00       0  ib_nl_sa_wq
11:53:08 PM     0       403    0.00    0.00    0.00    0.00    0.00     0      0.00      0.00       0       0   0.00      0.00      0.00      0.00       0  rdma_cm
11:53:08 PM     0       410    0.00    0.00    0.00    0.00    0.00     0      0.00      0.00  105904    1764   0.03      0.00      0.00      0.00       0  lvmetad
11:53:08 PM     0       419    0.00    0.00    0.00    0.00    0.00     0      0.00      0.00   88776   23008   0.35      0.00      0.00      0.00       0  systemd-journal
11:53:08 PM     0       439    0.00    0.00    0.00    0.00    0.00     0      0.00      0.00       0       0   0.00      0.00      0.00      0.00       0  loop0
11:53:08 PM     0       500    0.00    0.00    0.00    0.00    0.00     0      0.00      0.00       0       0   0.00      0.00      0.00      0.00       0  iprt-VBoxWQueue
11:53:08 PM   102       685    0.00    0.00    0.00    0.00    0.00     0      0.00      0.00  267272    4432   0.07      0.00      0.00      0.00       0  rsyslogd
11:53:08 PM     0       688    0.00    0.00    0.00    0.00    0.00     0      0.00      0.00   28332    2316   0.03      0.00      0.00      0.00       0  atd
11:53:08 PM     0       690    0.00    0.00    0.00    0.00    0.00     0      0.00      0.00  169088   16916   0.25      0.00      0.00      0.00       0  networkd-dispat
11:53:08 PM     0       711    0.00    0.00    0.00    0.00    0.00     0      0.00      0.00   70780    6256   0.09      0.00      0.00      0.00       0  systemd-logind
11:53:08 PM   103       723    0.00    0.00    0.00    0.00    0.00     0      0.00      0.00   50584    4784   0.07      0.00      0.00      0.00       0  dbus-daemon
11:53:08 PM     0       727    0.00    0.00    0.00    0.00    0.00     0      0.00      0.00   30028    2828   0.04      0.00      0.00      0.00       0  cron
11:53:08 PM     0       728    0.00    0.00    0.00    0.00    0.00     0      0.00      0.00  286248    6580   0.10      0.00      0.00      0.00       0  accounts-daemon
11:53:08 PM     0       729    0.00    0.00    0.00    0.00    0.00     0      0.00      0.00  161076    1604   0.02      0.00      0.00      0.00       0  lxcfs
11:53:08 PM     0       737    0.00    0.00    0.00    0.00    0.00     0      0.00      0.00  185908   19752   0.30      0.00      0.00      0.00       0  unattended-upgr
11:53:08 PM     0       750    0.00    0.00    0.00    0.00    0.00     0      0.00      0.00   78768    3624   0.05      0.00      0.00      0.00       0  login
11:53:08 PM     0       923    0.00    0.00    0.00    0.00    0.00     0      0.00      0.00  311072    2500   0.04      0.00      0.00      0.00       0  VBoxService
11:53:08 PM     0      1039    0.00    0.00    0.00    0.00    0.00     0      0.00      0.00       0       0   0.00      0.00      0.00      0.00       0  loop1
11:53:08 PM     0      1522    0.00    0.00    0.00    0.00    0.00     0      0.00      0.00  288880    6596   0.10      0.00      0.00      0.00       0  polkitd
11:53:08 PM     0      3654    0.00    0.00    0.00    0.00    0.00     0      0.00      0.00  768796   46396   0.70      0.00      0.00      0.00       0  containerd
11:53:08 PM     0      4772    0.00    0.00    0.00    0.00    0.00     0      0.00      0.00  884632  117244   1.77      0.00      0.00      0.00       0  dockerd
11:53:08 PM     0      5596    0.00    0.00    0.00    0.00    0.00     0      0.00      0.00  643508   23024   0.35      0.00      0.00      0.00       0  snapd
11:53:08 PM     0      8394    0.00    0.00    0.00    0.00    0.00     0      0.00      0.00       0       0   0.00      0.00      0.00      0.00       0  kworker/0:1
11:53:08 PM     0     13119    0.00    0.00    0.00    0.00    0.00     0      0.00      0.00  108756    6192   0.09      0.00      0.00      0.00       0  containerd-shim
11:53:08 PM     0     13145    0.00    0.00    0.00    0.00    0.00     0      0.00      0.00   18508    3156   0.05      0.00      0.00      0.00       0  bash
11:53:08 PM     0     24113    0.00    0.00    0.00    0.00    0.00     0      0.00      0.00   45144    3952   0.06      0.00      0.00      0.00       0  systemd-udevd
11:53:08 PM     0     26775    0.00    0.00    0.00    0.00    0.00     0      0.00      0.00       0       0   0.00      0.00      0.00      0.00       0  kworker/0:0
11:53:08 PM     0     27008    0.00    0.00    0.00    0.00    0.00     0      0.00      0.00       0       0   0.00      0.00      0.00      0.00       0  kworker/u2:2
11:53:08 PM     0     27274    0.00    0.00    0.00    0.00    0.00     0      0.00      0.00       0       0   0.00      0.00      0.00      0.00       0  kworker/u2:3
11:53:08 PM     0     30457    0.00    0.00    0.00    0.00    0.00     0      0.00      0.00       0       0   0.00      0.00      0.00      0.00       0  kworker/u2:1
11:53:08 PM     0     30534    0.00    0.00    0.00    0.00    0.00     0      0.00      0.00   76640    7860   0.12      0.00      0.00      0.00       0  systemd
11:53:08 PM     0     30535    0.00    0.00    0.00    0.00    0.00     0      0.00      0.00  191636    2708   0.04      0.00      0.00      0.00       0  (sd-pam)
11:53:08 PM     0     30545    0.00    0.00    0.00    0.00    0.00     0      0.00      0.00   21492    5132   0.08      0.00      0.00      0.00       0  bash
11:53:08 PM     0     30582    0.00    0.00    0.00    0.00    0.00     0      0.00      0.00   72296    6552   0.10      0.00      0.00      0.00       0  sshd
11:53:08 PM     0     30592    0.00    0.00    0.00    0.00    0.00     0      0.00      0.00  105684    7064   0.11      0.00      0.00      0.00       0  sshd
11:53:08 PM     0     30666    0.00    0.00    0.00    0.00    0.00     0      0.00      0.00   23224    5376   0.08      0.00      0.00      0.00       0  bash
11:53:08 PM     0     31525    0.00    0.00    0.00    0.00    0.00     0      0.00      0.00  105980    7328   0.11      0.00      0.00      0.00       0  sshd
11:53:08 PM     0     31865    0.00    0.00    0.00    0.00    0.00     0      0.00      0.00   13060    2108   0.03      0.00      0.00      0.00       0  sftp-server
11:53:08 PM     0     31939    0.00    0.00    0.00    0.00    0.00     0      0.00      0.00  105684    7196   0.11      0.00      0.00      0.00       0  sshd
11:53:08 PM     0     32124    0.00    0.00    0.00    0.00    0.00     0      0.00      0.00  105684    7332   0.11      0.00      0.00      0.00       0  sshd
11:53:08 PM     0     32191    0.00    0.00    0.00    0.00    0.00     0      1.98      0.00   29460    8300   0.13      0.00      0.00      0.00       0  python
11:53:08 PM     0     32193    0.00    0.00    0.00    0.00    0.00     0      0.00      0.00   13060    1976   0.03      0.00      0.00      0.00       0  sftp-server
11:53:08 PM     0     32276    0.00    0.00    0.00    0.00    0.00     0      0.00      0.00  105824    7328   0.11      0.00      0.00      0.00       0  sshd
11:53:08 PM     0     32343    0.00    0.00    0.00    0.00    0.00     0      0.00      0.00   29460    8376   0.13      0.00      0.00      0.00       0  python
11:53:08 PM     0     32344    0.00    0.00    0.00    0.00    0.00     0      0.00      0.00   13060    2216   0.03      0.00      0.00      0.00       0  sftp-server
11:53:08 PM     0     32345    0.00    0.00    0.00    0.00    0.00     0      0.00      0.00    4628     884   0.01      0.00      0.00      0.00       0  sh
11:53:08 PM     0     32346   49.50    0.00    0.00    0.00   49.50     0      0.00      0.00  117180    8848   0.13      0.00      0.00      0.00       0  sysbench
11:53:08 PM     0     32356    0.00    0.00    0.00    0.00    0.00     0      0.00      0.00    4628     816   0.01      0.00      0.00      0.00       0  sh
11:53:08 PM     0     32357   50.50    0.00    0.00    0.00   50.50     0    260.40      0.00  117180    9004   0.14      0.00      0.00      0.00       0  sysbench
11:53:08 PM     0     32361    0.00    0.00    0.00    0.99    0.00     0    831.68      0.00   11284    4932   0.07      0.00      0.00      0.00       0  pidstat
