1565606487     0      2793   50.98   48.04    0.00   99.02     0    264.71      0.98   89728   4296   0.11    305.88      0.00      0.00  sysbench
1565606488     0      2793   51.00   48.00    0.00   99.00     0      1.00      0.00   89728   4296   0.11      0.00      0.00      0.00  sysbench
1565606489     0      2793   50.00   48.00    0.00   98.00     0      0.00      0.00   89728   4296   0.11      0.00      0.00      0.00  sysbench
1565606490     0      2793   51.00   47.00    0.00   98.00     0      0.00      0.00   89728   4296   0.11      0.00      0.00      0.00  sysbench
1565606491     0      2793   54.00   45.00    0.00   99.00     0      0.00      0.00   89728   4296   0.11      0.00      0.00      0.00  sysbench
1565606492     0      2793   50.00   50.00    0.00  100.00     0      0.00      0.00   89728   4296   0.11      0.00      0.00      0.00  sysbench
1565606493     0      2793   50.00   49.00    0.00   99.00     0      1.00      0.00   89728   4296   0.11      0.00      0.00      0.00  sysbench
1565606494     0      2793   51.00   49.00    0.00  100.00     0      0.00      0.00   89728   4296   0.11      0.00      0.00      0.00  sysbench
1565606495     0      2793   51.00   48.00    0.00   99.00     0      0.00      0.00   89728   4296   0.11      0.00      0.00      0.00  sysbench
1565606496     0      2960    0.00    0.00    0.00    0.00     1   1561.00      0.00   89728   3512   0.09      0.00      0.00      0.00  sysbench
1565606497     0      2960   49.00   51.00    0.00  100.00     1    272.00      0.00   89728   4560   0.12      0.00      0.00      0.00  sysbench
1565606498     0      2960   49.00   48.00    0.00   97.00     1      0.00      0.00   89728   4560   0.12      0.00      0.00      0.00  sysbench
1565606499     0      2960   47.00   53.00    0.00  100.00     1      2.00      0.00   89728   4560   0.12      0.00      0.00      0.00  sysbench
1565606500     0      2960   48.00   51.00    0.00   99.00     1      0.00      0.00   89728   4560   0.12      0.00      0.00      0.00  sysbench
1565606501     0      2960   50.00   48.00    0.00   98.00     1      0.00      0.00   89728   4560   0.12      0.00      0.00      0.00  sysbench
1565606502     0      2960   49.00   50.00    0.00   99.00     1      0.00      0.00   89728   4560   0.12      0.00      0.00      0.00  sysbench
1565606503     0      2960   48.00   50.00    0.00   98.00     1      0.00      0.00   89728   4560   0.12      0.00      0.00      0.00  sysbench
1565606504     0      2960   49.00   49.00    0.00   98.00     1      0.00      0.00   89728   4560   0.12      0.00      0.00      0.00  sysbench
1565606505     0      2960   51.00   48.00    0.00   99.00     1      0.00      0.00   89728   4560   0.12      0.00      0.00      0.00  sysbench
1565606506     0      2960   50.00   49.00    0.00   99.00     3     33.00      1.00   89728   4776   0.12    392.00      0.00      0.00  sysbench
1565606507     0      3126   48.00   48.00    0.00   96.00     1   1646.00      0.00   89728   3768   0.10      0.00      0.00      0.00  sysbench
1565606508     0      3126   51.00   48.00    0.00   99.00     1    187.00      0.00   89728   4292   0.11      0.00      0.00      0.00  sysbench
1565606509     0      3126   50.00   49.00    0.00   99.00     1      1.00      0.00   89728   4292   0.11      0.00      0.00      0.00  sysbench
1565606510     0      3126   49.00   48.00    0.00   97.00     1      0.00      0.00   89728   4292   0.11      0.00      0.00      0.00  sysbench
1565606511     0      3126   50.00   47.00    0.00   97.00     1      0.00      0.00   89728   4292   0.11      0.00      0.00      0.00  sysbench
1565606512     0      3126   48.00   50.00    0.00   98.00     1      0.00      0.00   89728   4292   0.11      0.00      0.00      0.00  sysbench
1565606513     0      3126   48.00   50.00    0.00   98.00     1      0.00      0.00   89728   4292   0.11      0.00      0.00      0.00  sysbench
1565606514     0      3126   45.00   51.00    0.00   96.00     1      0.00      0.00   89728   4292   0.11      0.00      0.00      0.00  sysbench
1565606515     0      3126   50.00   50.00    0.00  100.00     1      0.00      0.00   89728   4292   0.11      0.00      0.00      0.00  sysbench
1565606516     0      3126   48.00   48.00    0.00   96.00     1      0.00      0.00   89728   4292   0.11      0.00      0.00      0.00  sysbench
1565606517     0      3292   49.00   45.00    0.00   94.00     1   1642.00      0.00   89728   3772   0.10      0.00      0.00      0.00  sysbench
1565606518     0      3292   47.00   51.00    0.00   98.00     1    188.00      0.00   89728   4296   0.11      0.00      0.00      0.00  sysbench
1565606519     0      3292   52.00   47.00    0.00   99.00     1      1.00      0.00   89728   4296   0.11      0.00      0.00      0.00  sysbench
1565606520     0      3292   51.00   46.00    0.00   97.00     1      0.00      0.00   89728   4296   0.11      0.00      0.00      0.00  sysbench
1565606521     0      3292   47.00   50.00    0.00   97.00     1      0.00      0.00   89728   4296   0.11      0.00      0.00      0.00  sysbench
1565606522     0      3292   52.00   48.00    0.00  100.00     1      0.00      0.00   89728   4296   0.11      0.00      0.00      0.00  sysbench
1565606523     0      3292   51.00   49.00    0.00  100.00     1      0.00      0.00   89728   4296   0.11      0.00      0.00      0.00  sysbench
1565606524     0      3292   50.00   47.00    0.00   97.00     1      0.00      0.00   89728   4296   0.11      0.00      0.00      0.00  sysbench
1565606525     0      3292   49.00   51.00    0.00  100.00     1      0.00      0.00   89728   4296   0.11      0.00      0.00      0.00  sysbench
1565606526     0      3292   51.00   45.00    0.00   96.00     1      0.00      0.00   89728   4296   0.11      0.00      0.00      0.00  sysbench
1565606527     0      3443   46.00   43.00    0.00   89.00     3   1643.00      0.00   89728   3772   0.10      0.00      0.00      0.00  sysbench
1565606528     0      3443   47.00   51.00    0.00   98.00     3    193.00      0.00   89728   4296   0.11      0.00      0.00      0.00  sysbench
1565606529     0      3443   51.00   47.00    0.00   98.00     3      0.00      0.00   89728   4296   0.11      0.00      0.00      0.00  sysbench
1565606530     0      3443   49.00   50.00    0.00   99.00     3      0.00      0.00   89728   4296   0.11      0.00      0.00      0.00  sysbench
1565606531     0      3443   49.00   47.00    0.00   96.00     3      1.00      0.00   89728   4296   0.11      0.00      0.00      0.00  sysbench
1565606532     0      3443   51.00   47.00    0.00   98.00     3      1.00      0.00   89728   4296   0.11      0.00      0.00      0.00  sysbench
1565606533     0      3443   49.00   49.00    0.00   98.00     3      0.00      0.00   89728   4296   0.11      0.00      0.00      0.00  sysbench
1565606534     0      3443   49.00   49.00    0.00   98.00     3      0.00      0.00   89728   4296   0.11      0.00      0.00      0.00  sysbench
1565606535     0      3443   52.00   46.00    0.00   98.00     3      0.00      0.00   89728   4296   0.11      0.00      0.00      0.00  sysbench
1565606536     0      3443   52.00   46.00    0.00   98.00     3      0.00      0.00   89728   4296   0.11      0.00      0.00      0.00  sysbench
1565606537     0      3609   46.00   43.00    0.00   89.00     1   1635.00      0.00   89728   3772   0.10      0.00      0.00      0.00  sysbench
1565606538     0      3609   50.00   46.00    0.00   96.00     1    195.00      0.00   89728   4296   0.11      0.00      0.00      0.00  sysbench
1565606539     0      3609   50.00   49.00    0.00   99.00     1      1.00      0.00   89728   4296   0.11      0.00      0.00      0.00  sysbench
1565606540     0      3609   49.00   50.00    0.00   99.00     1      1.00      0.00   89728   4560   0.12      0.00      0.00      0.00  sysbench
1565606541     0      3609   49.00   48.00    0.00   97.00     1      0.00      0.00   89728   4560   0.12      0.00      0.00      0.00  sysbench
1565606542     0      3609   49.00   49.00    0.00   98.00     1      0.00      0.00   89728   4560   0.12      0.00      0.00      0.00  sysbench
1565606543     0      3609   49.00   48.00    0.00   97.00     1      0.00      0.00   89728   4560   0.12      0.00      0.00      0.00  sysbench
1565606544     0      3609   51.00   47.00    0.00   98.00     1      0.00      0.00   89728   4560   0.12      0.00      0.00      0.00  sysbench
1565606545     0      3609   47.00   49.00    0.00   96.00     1      0.00      0.00   89728   4560   0.12      0.00      0.00      0.00  sysbench
1565606546     0      3609   51.00   48.00    0.00   99.00     1      0.00      0.00   89728   4560   0.12      0.00      0.00      0.00  sysbench
1565606547     0      3775   41.00   46.00    0.00   87.00     3   1640.00      0.00   89728   3776   0.10      0.00      0.00      0.00  sysbench
1565606548     0      3775   50.00   48.00    0.00   98.00     3    194.00      0.00   89728   4296   0.11      0.00      0.00      0.00  sysbench
1565606549     0      3775   50.00   46.00    0.00   96.00     3      0.00      0.00   89728   4296   0.11      0.00      0.00      0.00  sysbench
1565606550     0      3775   49.00   48.00    0.00   97.00     3      0.00      0.00   89728   4296   0.11      0.00      0.00      0.00  sysbench
1565606551     0      3775   52.00   46.00    0.00   98.00     3      0.00      0.00   89728   4296   0.11      0.00      0.00      0.00  sysbench
1565606552     0      3775   49.00   48.00    0.00   97.00     3      1.00      0.00   89728   4296   0.11      0.00      0.00      0.00  sysbench
1565606553     0      3775   52.00   47.00    0.00   99.00     3      0.00      0.00   89728   4296   0.11      0.00      0.00      0.00  sysbench
1565606554     0      3775   49.00   49.00    0.00   98.00     3      0.00      0.00   89728   4296   0.11      0.00      0.00      0.00  sysbench
1565606555     0      3775   48.51   48.51    0.00   97.03     3      0.00      0.00   89728   4296   0.11      0.00      0.00      0.00  sysbench
1565606556     0      3775   49.00   50.00    0.00   99.00     3      0.00      0.00   89728   4296   0.11      0.00      0.00      0.00  sysbench
1565606557     0      3941   39.00   45.00    0.00   84.00     1   1645.00      0.00   89728   3776   0.10      0.00      0.00      0.00  sysbench
1565606558     0      3941   50.00   49.00    0.00   99.00     1    192.00      0.00   89728   4300   0.11      0.00      0.00      0.00  sysbench
1565606559     0      3941   48.00   49.00    0.00   97.00     1      0.00      0.00   89728   4300   0.11      0.00      0.00      0.00  sysbench
1565606560     0      3941   50.00   47.00    0.00   97.00     1      0.00      0.00   89728   4300   0.11      0.00      0.00      0.00  sysbench
1565606561     0      3941   51.00   47.00    0.00   98.00     1      0.00      0.00   89728   4300   0.11      0.00      0.00      0.00  sysbench
1565606562     0      3941   49.00   49.00    0.00   98.00     1      1.00      0.00   89728   4300   0.11      0.00      0.00      0.00  sysbench
1565606563     0      3941   49.00   49.00    0.00   98.00     1      0.00      0.00   89728   4300   0.11      0.00      0.00      0.00  sysbench
1565606564     0      3941   50.00   49.00    0.00   99.00     1      0.00      0.00   89728   4300   0.11      0.00      0.00      0.00  sysbench
1565606565     0      3941   50.00   47.00    0.00   97.00     1      0.00      0.00   89728   4300   0.11      0.00      0.00      0.00  sysbench
1565606566     0      3941   48.00   49.00    0.00   97.00     1      0.00      0.00   89728   4300   0.11      0.00      0.00      0.00  sysbench
1565606567     0      4107   42.00   40.00    0.00   82.00     2   1632.00      0.00   89728   3772   0.10      0.00      0.00      0.00  sysbench
1565606568     0      4107   46.00   50.00    0.00   96.00     2    202.00      0.00   89728   4296   0.11      0.00      0.00      0.00  sysbench
1565606569     0      4107   49.00   50.00    0.00   99.00     2      1.00      0.00   89728   4296   0.11      0.00      0.00      0.00  sysbench
1565606570     0      4107   49.00   49.00    0.00   98.00     2      1.00      0.00   89728   4296   0.11      0.00      0.00      0.00  sysbench
1565606571     0      4107   51.00   47.00    0.00   98.00     2      0.00      0.00   89728   4296   0.11      0.00      0.00      0.00  sysbench
1565606572     0      4107   48.00   50.00    0.00   98.00     2      0.00      0.00   89728   4296   0.11      0.00      0.00      0.00  sysbench
1565606573     0      4107   50.00   48.00    0.00   98.00     2      0.00      0.00   89728   4296   0.11      0.00      0.00      0.00  sysbench
1565606574     0      4107   48.00   51.00    0.00   99.00     2      0.00      0.00   89728   4296   0.11      0.00      0.00      0.00  sysbench
1565606575     0      4107   50.00   49.00    0.00   99.00     2      0.00      0.00   89728   4296   0.11      0.00      0.00      0.00  sysbench
1565606576     0      4107   47.00   50.00    0.00   97.00     2      0.00      0.00   89728   4296   0.11      0.00      0.00      0.00  sysbench
1565606577     0      4258   40.00   39.00    0.00   79.00     2   1637.00      0.00   89728   3776   0.10      0.00      0.00      0.00  sysbench
1565606578     0      4258   49.00   48.00    0.00   97.00     2    200.00      0.00   89728   4300   0.11      0.00      0.00      0.00  sysbench
1565606579     0      4258   49.00   49.00    0.00   98.00     2      0.00      0.00   89728   4300   0.11      0.00      0.00      0.00  sysbench
1565606580     0      4258   49.00   48.00    0.00   97.00     2      0.00      0.00   89728   4300   0.11      0.00      0.00      0.00  sysbench
1565606581     0      4258   47.00   51.00    0.00   98.00     2      0.00      0.00   89728   4300   0.11      0.00      0.00      0.00  sysbench
1565606582     0      4258   45.00   45.00    0.00   90.00     2      1.00      0.00   89728   4300   0.11      0.00      0.00      0.00  sysbench
1565606583     0      4258   52.00   47.00    0.00   99.00     2      0.00      0.00   89728   4300   0.11      0.00      0.00      0.00  sysbench
1565606584     0      4258   54.00   45.00    0.00   99.00     2      0.00      0.00   89728   4300   0.11      0.00      0.00      0.00  sysbench
1565606585     0      4258   47.00   52.00    0.00   99.00     2      0.00      0.00   89728   4300   0.11      0.00      0.00      0.00  sysbench
1565606586     0      4258   51.00   46.00    0.00   97.00     2      0.00      0.00   89728   4300   0.11      0.00      0.00      0.00  sysbench

1565606497     0      2960   48.51   49.50    0.00   98.02     1    267.33      0.00   89728   4560   0.12      0.00      0.00      0.00  sysbench
1565606498     0      2960   50.00   49.00    0.00   99.00     1      0.00      0.00   89728   4560   0.12      0.00      0.00      0.00  sysbench
1565606499     0      2960   46.00   53.00    0.00   99.00     1      2.00      0.00   89728   4560   0.12      0.00      0.00      0.00  sysbench
1565606500     0      2960   48.00   51.00    0.00   99.00     1      0.00      0.00   89728   4560   0.12      0.00      0.00      0.00  sysbench
1565606501     0      2960   50.00   48.00    0.00   98.00     1      0.00      0.00   89728   4560   0.12      0.00      0.00      0.00  sysbench
1565606502     0      2960   49.00   50.00    0.00   99.00     1      0.00      0.00   89728   4560   0.12      0.00      0.00      0.00  sysbench
1565606503     0      2960   48.00   50.00    0.00   98.00     1      0.00      0.00   89728   4560   0.12      0.00      0.00      0.00  sysbench
1565606504     0      2960   49.00   50.00    0.00   99.00     1      0.00      0.00   89728   4560   0.12      0.00      0.00      0.00  sysbench
1565606505     0      2960   51.00   47.00    0.00   98.00     1      0.00      0.00   89728   4560   0.12      0.00      0.00      0.00  sysbench
1565606506     0      3126    0.00    1.00    0.00    1.00     1   1564.00      0.00   89728   3512   0.09      0.00      0.00      0.00  sysbench
1565606507     0      3126   50.00   47.00    0.00   97.00     1    269.00      0.00   89728   4292   0.11      0.00      0.00      0.00  sysbench
1565606508     0      3126   50.00   50.00    0.00  100.00     1      1.00      0.00   89728   4292   0.11      0.00      0.00      0.00  sysbench
1565606509     0      3126   51.00   49.00    0.00  100.00     1      0.00      0.00   89728   4292   0.11      0.00      0.00      0.00  sysbench
1565606510     0      3126   49.00   48.00    0.00   97.00     1      0.00      0.00   89728   4292   0.11      0.00      0.00      0.00  sysbench
1565606511     0      3126   50.00   47.00    0.00   97.00     1      0.00      0.00   89728   4292   0.11      0.00      0.00      0.00  sysbench
1565606512     0      3126   49.00   49.00    0.00   98.00     1      0.00      0.00   89728   4292   0.11      0.00      0.00      0.00  sysbench
1565606513     0      3126   46.00   50.00    0.00   96.00     1      0.00      0.00   89728   4292   0.11      0.00      0.00      0.00  sysbench
1565606514     0      3126   46.00   52.00    0.00   98.00     1      0.00      0.00   89728   4292   0.11      0.00      0.00      0.00  sysbench
1565606515     0      3126   49.00   49.00    0.00   98.00     1      0.00      0.00   89728   4292   0.11      0.00      0.00      0.00  sysbench
1565606517     0      3292   50.00   48.00    0.00   98.00     1   1645.00      0.00   89728   3772   0.10      0.00      0.00      0.00  sysbench
1565606518     0      3292   48.00   49.00    0.00   97.00     1    185.00      0.00   89728   4296   0.11      0.00      0.00      0.00  sysbench
1565606519     0      3292   52.00   47.00    0.00   99.00     1      1.00      0.00   89728   4296   0.11      0.00      0.00      0.00  sysbench
1565606520     0      3292   50.00   46.00    0.00   96.00     1      0.00      0.00   89728   4296   0.11      0.00      0.00      0.00  sysbench
1565606521     0      3292   47.00   51.00    0.00   98.00     1      0.00      0.00   89728   4296   0.11      0.00      0.00      0.00  sysbench
1565606522     0      3292   52.00   47.00    0.00   99.00     1      0.00      0.00   89728   4296   0.11      0.00      0.00      0.00  sysbench
1565606523     0      3292   51.00   49.00    0.00  100.00     1      0.00      0.00   89728   4296   0.11      0.00      0.00      0.00  sysbench
1565606524     0      3292   50.00   47.00    0.00   97.00     1      0.00      0.00   89728   4296   0.11      0.00      0.00      0.00  sysbench
1565606525     0      3292   49.00   51.00    0.00  100.00     1      0.00      0.00   89728   4296   0.11      0.00      0.00      0.00  sysbench
1565606526     0      3292   52.00   45.00    0.00   97.00     1      0.00      0.00   89728   4296   0.11      0.00      0.00      0.00  sysbench
1565606527     0      3443   47.00   45.00    0.00   92.00     3   1645.00      0.00   89728   3772   0.10      0.00      0.00      0.00  sysbench
1565606528     0      3443   47.00   51.00    0.00   98.00     3    191.00      0.00   89728   4296   0.11      0.00      0.00      0.00  sysbench
1565606529     0      3443   51.00   46.00    0.00   97.00     3      0.00      0.00   89728   4296   0.11      0.00      0.00      0.00  sysbench
1565606530     0      3443   49.00   50.00    0.00   99.00     3      0.00      0.00   89728   4296   0.11      0.00      0.00      0.00  sysbench
1565606531     0      3443   50.00   47.00    0.00   97.00     3      1.00      0.00   89728   4296   0.11      0.00      0.00      0.00  sysbench
1565606532     0      3443   50.00   47.00    0.00   97.00     3      1.00      0.00   89728   4296   0.11      0.00      0.00      0.00  sysbench
1565606533     0      3443   50.00   49.00    0.00   99.00     3      0.00      0.00   89728   4296   0.11      0.00      0.00      0.00  sysbench
1565606534     0      3443   48.00   50.00    0.00   98.00     3      0.00      0.00   89728   4296   0.11      0.00      0.00      0.00  sysbench
1565606535     0      3443   52.00   45.00    0.00   97.00     3      0.00      0.00   89728   4296   0.11      0.00      0.00      0.00  sysbench
1565606536     0      3443   53.00   45.00    0.00   98.00     3      0.00      0.00   89728   4296   0.11      0.00      0.00      0.00  sysbench
1565606537     0      3609   48.00   44.00    0.00   92.00     1   1637.00      0.00   89728   3772   0.10      0.00      0.00      0.00  sysbench
1565606538     0      3609   49.00   47.00    0.00   96.00     1    193.00      0.00   89728   4296   0.11      0.00      0.00      0.00  sysbench
1565606539     0      3609   50.00   48.00    0.00   98.00     1      1.00      0.00   89728   4296   0.11      0.00      0.00      0.00  sysbench
1565606540     0      3609   49.00   50.00    0.00   99.00     1      1.00      0.00   89728   4560   0.12      0.00      0.00      0.00  sysbench
1565606541     0      3609   49.00   49.00    0.00   98.00     1      0.00      0.00   89728   4560   0.12      0.00      0.00      0.00  sysbench
1565606542     0      3609   49.00   48.00    0.00   97.00     1      0.00      0.00   89728   4560   0.12      0.00      0.00      0.00  sysbench
1565606543     0      3609   49.00   48.00    0.00   97.00     1      0.00      0.00   89728   4560   0.12      0.00      0.00      0.00  sysbench
1565606544     0      3609   52.00   47.00    0.00   99.00     1      0.00      0.00   89728   4560   0.12      0.00      0.00      0.00  sysbench
1565606545     0      3609   47.00   50.00    0.00   97.00     1      0.00      0.00   89728   4560   0.12      0.00      0.00      0.00  sysbench
1565606546     0      3609   49.50   46.53    0.00   96.04     1      0.00      0.00   89728   4560   0.12      0.00      0.00      0.00  sysbench
1565606547     0      3775   43.00   47.00    0.00   90.00     3   1641.00      0.00   89728   3776   0.10      0.00      0.00      0.00  sysbench
1565606548     0      3775   50.00   48.00    0.00   98.00     3    193.00      0.00   89728   4296   0.11      0.00      0.00      0.00  sysbench
1565606549     0      3775   50.00   46.00    0.00   96.00     3      0.00      0.00   89728   4296   0.11      0.00      0.00      0.00  sysbench
1565606550     0      3775   49.00   48.00    0.00   97.00     3      0.00      0.00   89728   4296   0.11      0.00      0.00      0.00  sysbench
1565606551     0      3775   52.00   46.00    0.00   98.00     3      0.00      0.00   89728   4296   0.11      0.00      0.00      0.00  sysbench
1565606552     0      3775   49.00   48.00    0.00   97.00     3      1.00      0.00   89728   4296   0.11      0.00      0.00      0.00  sysbench
1565606553     0      3775   52.00   46.00    0.00   98.00     3      0.00      0.00   89728   4296   0.11      0.00      0.00      0.00  sysbench
1565606554     0      3775   48.00   51.00    0.00   99.00     3      0.00      0.00   89728   4296   0.11      0.00      0.00      0.00  sysbench
1565606555     0      3775   50.00   49.00    0.00   99.00     3      0.00      0.00   89728   4296   0.11      0.00      0.00      0.00  sysbench
1565606556     0      3775   49.00   49.00    0.00   98.00     3      0.00      0.00   89728   4296   0.11      0.00      0.00      0.00  sysbench
1565606557     0      3941   40.00   46.00    0.00   86.00     1   1646.00      0.00   89728   3776   0.10      0.00      0.00      0.00  sysbench
1565606558     0      3941   50.00   49.00    0.00   99.00     1    191.00      0.00   89728   4300   0.11      0.00      0.00      0.00  sysbench
1565606559     0      3941   49.00   50.00    0.00   99.00     1      0.00      0.00   89728   4300   0.11      0.00      0.00      0.00  sysbench
1565606560     0      3941   48.00   46.00    0.00   94.00     1      0.00      0.00   89728   4300   0.11      0.00      0.00      0.00  sysbench
1565606561     0      3941   53.00   47.00    0.00  100.00     1      0.00      0.00   89728   4300   0.11      0.00      0.00      0.00  sysbench
1565606562     0      3941   48.00   49.00    0.00   97.00     1      1.00      0.00   89728   4300   0.11      0.00      0.00      0.00  sysbench
1565606563     0      3941   49.00   49.00    0.00   98.00     1      0.00      0.00   89728   4300   0.11      0.00      0.00      0.00  sysbench
1565606564     0      3941   51.00   49.00    0.00  100.00     1      0.00      0.00   89728   4300   0.11      0.00      0.00      0.00  sysbench
1565606565     0      3941   49.00   47.00    0.00   96.00     1      0.00      0.00   89728   4300   0.11      0.00      0.00      0.00  sysbench
1565606566     0      3941   49.00   50.00    0.00   99.00     1      0.00      0.00   89728   4300   0.11      0.00      0.00      0.00  sysbench
1565606567     0      4107   43.00   41.00    0.00   84.00     2   1634.00      0.00   89728   3772   0.10      0.00      0.00      0.00  sysbench
1565606568     0      4107   47.00   51.00    0.00   98.00     2    200.00      0.00   89728   4296   0.11      0.00      0.00      0.00  sysbench
1565606569     0      4107   48.00   49.00    0.00   97.00     2      1.00      0.00   89728   4296   0.11      0.00      0.00      0.00  sysbench
1565606570     0      4107   49.00   49.00    0.00   98.00     2      1.00      0.00   89728   4296   0.11      0.00      0.00      0.00  sysbench
1565606571     0      4107   51.00   47.00    0.00   98.00     2      0.00      0.00   89728   4296   0.11      0.00      0.00      0.00  sysbench
1565606572     0      4107   47.00   50.00    0.00   97.00     2      0.00      0.00   89728   4296   0.11      0.00      0.00      0.00  sysbench
1565606573     0      4107   51.00   48.00    0.00   99.00     2      0.00      0.00   89728   4296   0.11      0.00      0.00      0.00  sysbench
1565606574     0      4107   48.00   51.00    0.00   99.00     2      0.00      0.00   89728   4296   0.11      0.00      0.00      0.00  sysbench
1565606575     0      4107   50.00   48.00    0.00   98.00     2      0.00      0.00   89728   4296   0.11      0.00      0.00      0.00  sysbench
1565606576     0      4107   46.00   52.00    0.00   98.00     2      0.00      0.00   89728   4296   0.11      0.00      0.00      0.00  sysbench
1565606577     0      4258   43.00   40.00    0.00   83.00     2   1638.00      0.00   89728   3776   0.10      0.00      0.00      0.00  sysbench
1565606578     0      4258   48.00   49.00    0.00   97.00     2    199.00      0.00   89728   4300   0.11      0.00      0.00      0.00  sysbench
1565606579     0      4258   48.00   48.00    0.00   96.00     2      0.00      0.00   89728   4300   0.11      0.00      0.00      0.00  sysbench
1565606580     0      4258   49.00   48.00    0.00   97.00     2      0.00      0.00   89728   4300   0.11      0.00      0.00      0.00  sysbench
1565606581     0      4258   47.00   51.00    0.00   98.00     2      0.00      0.00   89728   4300   0.11      0.00      0.00      0.00  sysbench
1565606582     0      4258   46.00   45.00    0.00   91.00     2      1.00      0.00   89728   4300   0.11      0.00      0.00      0.00  sysbench
1565606583     0      4258   52.00   47.00    0.00   99.00     2      0.00      0.00   89728   4300   0.11      0.00      0.00      0.00  sysbench
1565606584     0      4258   53.00   46.00    0.00   99.00     2      0.00      0.00   89728   4300   0.11      0.00      0.00      0.00  sysbench
1565606585     0      4258   47.00   51.00    0.00   98.00     2      0.00      0.00   89728   4300   0.11      0.00      0.00      0.00  sysbench
1565606586     0      4258   51.00   46.00    0.00   97.00     2      0.00      0.00   89728   4300   0.11      0.00      0.00      0.00  sysbench

1565606507     0      3126   49.51   46.60    0.00   96.12     1    259.22      0.00   89728   4292   0.11      0.00      0.00      0.00  sysbench
1565606508     0      3126   50.00   50.00    0.00  100.00     1      1.00      0.00   89728   4292   0.11      0.00      0.00      0.00  sysbench
1565606509     0      3126   50.00   49.00    0.00   99.00     1      0.00      0.00   89728   4292   0.11      0.00      0.00      0.00  sysbench
1565606510     0      3126   49.00   48.00    0.00   97.00     1      0.00      0.00   89728   4292   0.11      0.00      0.00      0.00  sysbench
1565606511     0      3126   50.00   47.00    0.00   97.00     1      0.00      0.00   89728   4292   0.11      0.00      0.00      0.00  sysbench
1565606512     0      3126   49.00   49.00    0.00   98.00     1      0.00      0.00   89728   4292   0.11      0.00      0.00      0.00  sysbench
1565606513     0      3126   47.00   50.00    0.00   97.00     1      0.00      0.00   89728   4292   0.11      0.00      0.00      0.00  sysbench
1565606514     0      3126   45.00   52.00    0.00   97.00     1      0.00      0.00   89728   4292   0.11      0.00      0.00      0.00  sysbench
1565606515     0      3126   50.00   48.00    0.00   98.00     1      0.00      0.00   89728   4292   0.11      0.00      0.00      0.00  sysbench
1565606516     0      3292    2.00    1.00    0.00    3.00     1   1563.00      0.00   89728   3512   0.09      0.00      0.00      0.00  sysbench
1565606517     0      3292   50.00   49.00    0.00   99.00     1    267.00      0.00   89728   4296   0.11      0.00      0.00      0.00  sysbench
1565606518     0      3292   49.00   49.00    0.00   98.00     1      1.00      0.00   89728   4296   0.11      0.00      0.00      0.00  sysbench
1565606519     0      3292   51.00   48.00    0.00   99.00     1      0.00      0.00   89728   4296   0.11      0.00      0.00      0.00  sysbench
1565606520     0      3292   50.00   45.00    0.00   95.00     1      0.00      0.00   89728   4296   0.11      0.00      0.00      0.00  sysbench
1565606521     0      3292   47.00   50.00    0.00   97.00     1      0.00      0.00   89728   4296   0.11      0.00      0.00      0.00  sysbench
1565606522     0      3292   53.00   47.00    0.00  100.00     1      0.00      0.00   89728   4296   0.11      0.00      0.00      0.00  sysbench
1565606523     0      3292   51.00   49.00    0.00  100.00     1      0.00      0.00   89728   4296   0.11      0.00      0.00      0.00  sysbench
1565606524     0      3292   49.00   49.00    0.00   98.00     1      0.00      0.00   89728   4296   0.11      0.00      0.00      0.00  sysbench
1565606525     0      3292   49.00   50.00    0.00   99.00     1      0.00      0.00   89728   4296   0.11      0.00      0.00      0.00  sysbench
1565606526     0      3443    1.00    1.00    0.00    2.00     3   1565.00      0.00   89728   3512   0.09      0.00      0.00      0.00  sysbench
1565606527     0      3443   48.00   46.00    0.00   94.00     3    271.00      0.00   89728   4296   0.11      0.00      0.00      0.00  sysbench
1565606528     0      3443   48.00   50.00    0.00   98.00     3      0.00      0.00   89728   4296   0.11      0.00      0.00      0.00  sysbench
1565606529     0      3443   50.00   47.00    0.00   97.00     3      0.00      0.00   89728   4296   0.11      0.00      0.00      0.00  sysbench
1565606530     0      3443   49.00   50.00    0.00   99.00     3      1.00      0.00   89728   4296   0.11      0.00      0.00      0.00  sysbench
1565606531     0      3443   50.00   46.00    0.00   96.00     3      1.00      0.00   89728   4296   0.11      0.00      0.00      0.00  sysbench
1565606532     0      3443   50.00   49.00    0.00   99.00     3      0.00      0.00   89728   4296   0.11      0.00      0.00      0.00  sysbench
1565606533     0      3443   50.00   48.00    0.00   98.00     3      0.00      0.00   89728   4296   0.11      0.00      0.00      0.00  sysbench
1565606534     0      3443   49.00   49.00    0.00   98.00     3      0.00      0.00   89728   4296   0.11      0.00      0.00      0.00  sysbench
1565606535     0      3443   51.00   46.00    0.00   97.00     3      0.00      0.00   89728   4296   0.11      0.00      0.00      0.00  sysbench
1565606536     0      3443   52.00   45.00    0.00   97.00     3     18.00      0.00   89728   4712   0.12      0.00      0.00      0.00  sysbench
1565606537     0      3609   50.00   46.00    0.00   96.00     1   1641.00      0.00   89728   3772   0.10      0.00      0.00      0.00  sysbench
1565606538     0      3609   49.00   46.00    0.00   95.00     1    189.00      0.00   89728   4296   0.11      0.00      0.00      0.00  sysbench
1565606539     0      3609   49.00   50.00    0.00   99.00     1      1.00      0.00   89728   4296   0.11      0.00      0.00      0.00  sysbench
1565606540     0      3609   50.00   49.00    0.00   99.00     1      1.00      0.00   89728   4560   0.12      0.00      0.00      0.00  sysbench
1565606541     0      3609   49.00   48.00    0.00   97.00     1      0.00      0.00   89728   4560   0.12      0.00      0.00      0.00  sysbench
1565606542     0      3609   49.00   49.00    0.00   98.00     1      0.00      0.00   89728   4560   0.12      0.00      0.00      0.00  sysbench
1565606543     0      3609   49.00   48.00    0.00   97.00     1      0.00      0.00   89728   4560   0.12      0.00      0.00      0.00  sysbench
1565606544     0      3609   52.00   47.00    0.00   99.00     1      0.00      0.00   89728   4560   0.12      0.00      0.00      0.00  sysbench
1565606545     0      3609   46.00   50.00    0.00   96.00     1      0.00      0.00   89728   4560   0.12      0.00      0.00      0.00  sysbench
1565606546     0      3609   51.00   47.00    0.00   98.00     1      0.00      0.00   89728   4560   0.12      0.00      0.00      0.00  sysbench
1565606547     0      3775   45.00   49.00    0.00   94.00     3   1645.00      0.00   89728   3776   0.10      0.00      0.00      0.00  sysbench
1565606548     0      3775   49.00   47.00    0.00   96.00     3    189.00      0.00   89728   4296   0.11      0.00      0.00      0.00  sysbench
1565606549     0      3775   51.00   47.00    0.00   98.00     3      0.00      0.00   89728   4296   0.11      0.00      0.00      0.00  sysbench
1565606550     0      3775   48.00   48.00    0.00   96.00     3      0.00      0.00   89728   4296   0.11      0.00      0.00      0.00  sysbench
1565606551     0      3775   53.00   46.00    0.00   99.00     3      0.00      0.00   89728   4296   0.11      0.00      0.00      0.00  sysbench
1565606552     0      3775   49.00   48.00    0.00   97.00     3      1.00      0.00   89728   4296   0.11      0.00      0.00      0.00  sysbench
1565606553     0      3775   52.00   46.00    0.00   98.00     3      0.00      0.00   89728   4296   0.11      0.00      0.00      0.00  sysbench
1565606554     0      3775   48.00   50.00    0.00   98.00     3      0.00      0.00   89728   4296   0.11      0.00      0.00      0.00  sysbench
1565606555     0      3775   49.00   50.00    0.00   99.00     3      0.00      0.00   89728   4296   0.11      0.00      0.00      0.00  sysbench
1565606556     0      3775   50.00   48.00    0.00   98.00     3      0.00      0.00   89728   4296   0.11      0.00      0.00      0.00  sysbench
1565606557     0      3941   42.00   48.00    0.00   90.00     1   1648.00      0.00   89728   3776   0.10      0.00      0.00      0.00  sysbench
1565606558     0      3941   50.00   48.00    0.00   98.00     1    189.00      0.00   89728   4300   0.11      0.00      0.00      0.00  sysbench
1565606559     0      3941   49.00   50.00    0.00   99.00     1      0.00      0.00   89728   4300   0.11      0.00      0.00      0.00  sysbench
1565606560     0      3941   48.00   47.00    0.00   95.00     1      0.00      0.00   89728   4300   0.11      0.00      0.00      0.00  sysbench
1565606561     0      3941   53.00   47.00    0.00  100.00     1      0.00      0.00   89728   4300   0.11      0.00      0.00      0.00  sysbench
1565606562     0      3941   49.00   49.00    0.00   98.00     1      1.00      0.00   89728   4300   0.11      0.00      0.00      0.00  sysbench
1565606563     0      3941   48.00   49.00    0.00   97.00     1      0.00      0.00   89728   4300   0.11      0.00      0.00      0.00  sysbench
1565606564     0      3941   50.00   48.00    0.00   98.00     1      0.00      0.00   89728   4300   0.11      0.00      0.00      0.00  sysbench
1565606565     0      3941   51.00   48.00    0.00   99.00     1      0.00      0.00   89728   4300   0.11      0.00      0.00      0.00  sysbench
1565606566     0      3941   47.00   50.00    0.00   97.00     1      0.00      0.00   89728   4300   0.11      0.00      0.00      0.00  sysbench
1565606567     0      4107   45.00   44.00    0.00   89.00     2   1638.00      0.00   89728   3772   0.10      0.00      0.00      0.00  sysbench
1565606568     0      4107   46.00   49.00    0.00   95.00     2    196.00      0.00   89728   4296   0.11      0.00      0.00      0.00  sysbench
1565606569     0      4107   49.00   50.00    0.00   99.00     2      1.00      0.00   89728   4296   0.11      0.00      0.00      0.00  sysbench
1565606570     0      4107   49.00   49.00    0.00   98.00     2      1.00      0.00   89728   4296   0.11      0.00      0.00      0.00  sysbench
1565606571     0      4107   51.00   47.00    0.00   98.00     2      0.00      0.00   89728   4296   0.11      0.00      0.00      0.00  sysbench
1565606572     0      4107   47.00   50.00    0.00   97.00     2      0.00      0.00   89728   4296   0.11      0.00      0.00      0.00  sysbench
1565606573     0      4107   51.00   48.00    0.00   99.00     2      0.00      0.00   89728   4296   0.11      0.00      0.00      0.00  sysbench
1565606574     0      4107   48.00   51.00    0.00   99.00     2      0.00      0.00   89728   4296   0.11      0.00      0.00      0.00  sysbench
1565606575     0      4107   50.00   48.00    0.00   98.00     2      0.00      0.00   89728   4296   0.11      0.00      0.00      0.00  sysbench
1565606576     0      4107   46.00   52.00    0.00   98.00     2      0.00      0.00   89728   4296   0.11      0.00      0.00      0.00  sysbench
1565606577     0      4258   44.00   42.00    0.00   86.00     2   1641.00      0.00   89728   3776   0.10      0.00      0.00      0.00  sysbench
1565606578     0      4258   48.00   47.00    0.00   95.00     2    196.00      0.00   89728   4300   0.11      0.00      0.00      0.00  sysbench
1565606579     0      4258   49.00   49.00    0.00   98.00     2      0.00      0.00   89728   4300   0.11      0.00      0.00      0.00  sysbench
1565606580     0      4258   48.00   49.00    0.00   97.00     2      0.00      0.00   89728   4300   0.11      0.00      0.00      0.00  sysbench
1565606581     0      4258   48.00   51.00    0.00   99.00     2      0.00      0.00   89728   4300   0.11      0.00      0.00      0.00  sysbench
1565606582     0      4258   46.00   45.00    0.00   91.00     2      1.00      0.00   89728   4300   0.11      0.00      0.00      0.00  sysbench
1565606583     0      4258   52.00   47.00    0.00   99.00     2      0.00      0.00   89728   4300   0.11      0.00      0.00      0.00  sysbench
1565606584     0      4258   52.00   45.00    0.00   97.00     2      0.00      0.00   89728   4300   0.11      0.00      0.00      0.00  sysbench
1565606585     0      4258   48.00   51.00    0.00   99.00     2      0.00      0.00   89728   4300   0.11      0.00      0.00      0.00  sysbench
1565606586     0      4258   51.00   47.00    0.00   98.00     2      0.00      0.00   89728   4300   0.11      0.00      0.00      0.00  sysbench

1565606517     0      3292   50.00   48.04    0.00   98.04     1    262.75      0.00   89728   4296   0.11      0.00      0.00      0.00  sysbench
1565606518     0      3292   49.00   49.00    0.00   98.00     1      1.00      0.00   89728   4296   0.11      0.00      0.00      0.00  sysbench
1565606519     0      3292   51.00   48.00    0.00   99.00     1      0.00      0.00   89728   4296   0.11      0.00      0.00      0.00  sysbench
1565606520     0      3292   50.00   45.00    0.00   95.00     1      0.00      0.00   89728   4296   0.11      0.00      0.00      0.00  sysbench
1565606521     0      3292   47.00   50.00    0.00   97.00     1      0.00      0.00   89728   4296   0.11      0.00      0.00      0.00  sysbench
1565606522     0      3292   53.00   48.00    0.00  100.00     1      0.00      0.00   89728   4296   0.11      0.00      0.00      0.00  sysbench
1565606523     0      3292   51.00   48.00    0.00   99.00     1      0.00      0.00   89728   4296   0.11      0.00      0.00      0.00  sysbench
1565606524     0      3292   49.00   49.00    0.00   98.00     1      0.00      0.00   89728   4296   0.11      0.00      0.00      0.00  sysbench
1565606525     0      3292   49.00   50.00    0.00   99.00     1      0.00      0.00   89728   4296   0.11      0.00      0.00      0.00  sysbench
1565606526     0      3443    1.00    1.00    0.00    2.00     3   1565.00      0.00   89728   3512   0.09      0.00      0.00      0.00  sysbench
1565606527     0      3443   48.00   47.00    0.00   95.00     3    271.00      0.00   89728   4296   0.11      0.00      0.00      0.00  sysbench
1565606528     0      3443   48.00   50.00    0.00   98.00     3      0.00      0.00   89728   4296   0.11      0.00      0.00      0.00  sysbench
1565606529     0      3443   51.00   46.00    0.00   97.00     3      0.00      0.00   89728   4296   0.11      0.00      0.00      0.00  sysbench
1565606530     0      3443   49.00   50.00    0.00   99.00     3      1.00      0.00   89728   4296   0.11      0.00      0.00      0.00  sysbench
1565606531     0      3443   50.00   46.00    0.00   96.00     3      1.00      0.00   89728   4296   0.11      0.00      0.00      0.00  sysbench
1565606532     0      3443   49.00   48.00    0.00   97.00     3      0.00      0.00   89728   4296   0.11      0.00      0.00      0.00  sysbench
1565606533     0      3443   50.00   49.00    0.00   99.00     3      0.00      0.00   89728   4296   0.11      0.00      0.00      0.00  sysbench
1565606534     0      3443   49.00   49.00    0.00   98.00     3      0.00      0.00   89728   4296   0.11      0.00      0.00      0.00  sysbench
1565606535     0      3443   51.00   47.00    0.00   98.00     3      0.00      0.00   89728   4296   0.11      0.00      0.00      0.00  sysbench
1565606537     0      3609   50.00   46.00    0.00   96.00     1   1641.00      0.00   89728   3772   0.10      0.00      0.00      0.00  sysbench
1565606538     0      3609   49.00   46.00    0.00   95.00     1    189.00      0.00   89728   4296   0.11      0.00      0.00      0.00  sysbench
1565606539     0      3609   49.00   50.00    0.00   99.00     1      1.00      0.00   89728   4296   0.11      0.00      0.00      0.00  sysbench
1565606540     0      3609   50.00   49.00    0.00   99.00     1      1.00      0.00   89728   4560   0.12      0.00      0.00      0.00  sysbench
1565606541     0      3609   49.00   48.00    0.00   97.00     1      0.00      0.00   89728   4560   0.12      0.00      0.00      0.00  sysbench
1565606542     0      3609   49.00   49.00    0.00   98.00     1      0.00      0.00   89728   4560   0.12      0.00      0.00      0.00  sysbench
1565606543     0      3609   49.00   48.00    0.00   97.00     1      0.00      0.00   89728   4560   0.12      0.00      0.00      0.00  sysbench
1565606544     0      3609   51.00   47.00    0.00   98.00     1      0.00      0.00   89728   4560   0.12      0.00      0.00      0.00  sysbench
1565606545     0      3609   47.00   50.00    0.00   97.00     1      0.00      0.00   89728   4560   0.12      0.00      0.00      0.00  sysbench
1565606546     0      3609   51.00   47.00    0.00   98.00     1      0.00      0.00   89728   4560   0.12      0.00      0.00      0.00  sysbench
1565606547     0      3775   45.00   49.00    0.00   94.00     3   1645.00      0.00   89728   3776   0.10      0.00      0.00      0.00  sysbench
1565606548     0      3775   49.00   48.00    0.00   97.00     3    189.00      0.00   89728   4296   0.11      0.00      0.00      0.00  sysbench
1565606549     0      3775   51.00   46.00    0.00   97.00     3      0.00      0.00   89728   4296   0.11      0.00      0.00      0.00  sysbench
1565606550     0      3775   48.00   48.00    0.00   96.00     3      0.00      0.00   89728   4296   0.11      0.00      0.00      0.00  sysbench
1565606551     0      3775   53.00   46.00    0.00   99.00     3      0.00      0.00   89728   4296   0.11      0.00      0.00      0.00  sysbench
1565606552     0      3775   49.00   48.00    0.00   97.00     3      1.00      0.00   89728   4296   0.11      0.00      0.00      0.00  sysbench
1565606553     0      3775   53.00   46.00    0.00   99.00     3      0.00      0.00   89728   4296   0.11      0.00      0.00      0.00  sysbench
1565606554     0      3775   47.00   51.00    0.00   98.00     3      0.00      0.00   89728   4296   0.11      0.00      0.00      0.00  sysbench
1565606555     0      3775   49.00   49.00    0.00   98.00     3      0.00      0.00   89728   4296   0.11      0.00      0.00      0.00  sysbench
1565606556     0      3775   50.00   48.00    0.00   98.00     3      0.00      0.00   89728   4296   0.11      0.00      0.00      0.00  sysbench
1565606557     0      3941   42.00   49.00    0.00   91.00     1   1649.00      0.00   89728   3776   0.10      0.00      0.00      0.00  sysbench
1565606558     0      3941   50.00   48.00    0.00   98.00     1    188.00      0.00   89728   4300   0.11      0.00      0.00      0.00  sysbench
1565606559     0      3941   49.00   49.00    0.00   98.00     1      0.00      0.00   89728   4300   0.11      0.00      0.00      0.00  sysbench
1565606560     0      3941   48.00   47.00    0.00   95.00     1      0.00      0.00   89728   4300   0.11      0.00      0.00      0.00  sysbench
1565606561     0      3941   53.00   47.00    0.00  100.00     1      0.00      0.00   89728   4300   0.11      0.00      0.00      0.00  sysbench
1565606562     0      3941   48.00   49.00    0.00   97.00     1      1.00      0.00   89728   4300   0.11      0.00      0.00      0.00  sysbench
1565606563     0      3941   49.00   49.00    0.00   98.00     1      0.00      0.00   89728   4300   0.11      0.00      0.00      0.00  sysbench
1565606564     0      3941   50.00   49.00    0.00   99.00     1      0.00      0.00   89728   4300   0.11      0.00      0.00      0.00  sysbench
1565606565     0      3941   51.00   47.00    0.00   98.00     1      0.00      0.00   89728   4300   0.11      0.00      0.00      0.00  sysbench
1565606566     0      3941   47.00   50.00    0.00   97.00     1      0.00      0.00   89728   4300   0.11      0.00      0.00      0.00  sysbench
1565606567     0      4107   45.00   44.00    0.00   89.00     2   1638.00      0.00   89728   3772   0.10      0.00      0.00      0.00  sysbench
1565606568     0      4107   46.00   49.00    0.00   95.00     2    196.00      0.00   89728   4296   0.11      0.00      0.00      0.00  sysbench
1565606569     0      4107   49.00   50.00    0.00   99.00     2      1.00      0.00   89728   4296   0.11      0.00      0.00      0.00  sysbench
1565606570     0      4107   49.00   49.00    0.00   98.00     2      1.00      0.00   89728   4296   0.11      0.00      0.00      0.00  sysbench
1565606571     0      4107   51.00   48.00    0.00   99.00     2      0.00      0.00   89728   4296   0.11      0.00      0.00      0.00  sysbench
1565606572     0      4107   47.00   49.00    0.00   96.00     2      0.00      0.00   89728   4296   0.11      0.00      0.00      0.00  sysbench
1565606573     0      4107   52.00   48.00    0.00  100.00     2      0.00      0.00   89728   4296   0.11      0.00      0.00      0.00  sysbench
1565606574     0      4107   47.00   51.00    0.00   98.00     2      0.00      0.00   89728   4296   0.11      0.00      0.00      0.00  sysbench
1565606575     0      4107   51.00   48.00    0.00   99.00     2      0.00      0.00   89728   4296   0.11      0.00      0.00      0.00  sysbench
1565606576     0      4107   44.55   51.49    0.00   96.04     2      0.00      0.00   89728   4296   0.11      0.00      0.00      0.00  sysbench
1565606577     0      4258   44.00   42.00    0.00   86.00     2   1641.00      0.00   89728   3776   0.10      0.00      0.00      0.00  sysbench
1565606578     0      4258   49.00   48.00    0.00   97.00     2    196.00      0.00   89728   4300   0.11      0.00      0.00      0.00  sysbench
1565606579     0      4258   48.00   49.00    0.00   97.00     2      0.00      0.00   89728   4300   0.11      0.00      0.00      0.00  sysbench
1565606580     0      4258   49.00   48.00    0.00   97.00     2      0.00      0.00   89728   4300   0.11      0.00      0.00      0.00  sysbench
1565606581     0      4258   47.00   51.00    0.00   98.00     2      0.00      0.00   89728   4300   0.11      0.00      0.00      0.00  sysbench
1565606582     0      4258   46.00   45.00    0.00   91.00     2      1.00      0.00   89728   4300   0.11      0.00      0.00      0.00  sysbench
1565606583     0      4258   52.00   47.00    0.00   99.00     2      0.00      0.00   89728   4300   0.11      0.00      0.00      0.00  sysbench
1565606584     0      4258   52.00   46.00    0.00   98.00     2      0.00      0.00   89728   4300   0.11      0.00      0.00      0.00  sysbench
1565606585     0      4258   48.00   51.00    0.00   99.00     2      0.00      0.00   89728   4300   0.11      0.00      0.00      0.00  sysbench
1565606586     0      4258   51.00   46.00    0.00   97.00     2      0.00      0.00   89728   4300   0.11      0.00      0.00      0.00  sysbench

1565606527     0      3443   48.04   47.06    0.00   95.10     3    264.71      0.00   89728   4296   0.11      0.00      0.00      0.00  sysbench
1565606528     0      3443   48.00   50.00    0.00   98.00     3      0.00      0.00   89728   4296   0.11      0.00      0.00      0.00  sysbench
1565606529     0      3443   50.00   47.00    0.00   97.00     3      0.00      0.00   89728   4296   0.11      0.00      0.00      0.00  sysbench
1565606530     0      3443   50.00   48.00    0.00   98.00     3      1.00      0.00   89728   4296   0.11      0.00      0.00      0.00  sysbench
1565606531     0      3443   50.00   48.00    0.00   98.00     3      1.00      0.00   89728   4296   0.11      0.00      0.00      0.00  sysbench
1565606532     0      3443   49.00   48.00    0.00   97.00     3      0.00      0.00   89728   4296   0.11      0.00      0.00      0.00  sysbench
1565606533     0      3443   50.00   49.00    0.00   99.00     3      0.00      0.00   89728   4296   0.11      0.00      0.00      0.00  sysbench
1565606534     0      3443   49.00   48.00    0.00   97.00     3      0.00      0.00   89728   4296   0.11      0.00      0.00      0.00  sysbench
1565606535     0      3443   51.00   47.00    0.00   98.00     3      0.00      0.00   89728   4296   0.11      0.00      0.00      0.00  sysbench
1565606536     0      3609    1.00    0.00    0.00    1.00     1   1562.00      0.00   89728   3512   0.09      0.00      0.00      0.00  sysbench
1565606537     0      3609   51.00   47.00    0.00   98.00     1    268.00      0.00   89728   4296   0.11      0.00      0.00      0.00  sysbench
1565606538     0      3609   50.00   46.00    0.00   96.00     1      1.00      0.00   89728   4296   0.11      0.00      0.00      0.00  sysbench
1565606539     0      3609   48.00   50.00    0.00   98.00     1      1.00      0.00   89728   4560   0.12      0.00      0.00      0.00  sysbench
1565606540     0      3609   50.00   49.00    0.00   99.00     1      0.00      0.00   89728   4560   0.12      0.00      0.00      0.00  sysbench
1565606541     0      3609   49.00   48.00    0.00   97.00     1      0.00      0.00   89728   4560   0.12      0.00      0.00      0.00  sysbench
1565606542     0      3609   48.00   49.00    0.00   97.00     1      0.00      0.00   89728   4560   0.12      0.00      0.00      0.00  sysbench
1565606543     0      3609   50.00   48.00    0.00   98.00     1      0.00      0.00   89728   4560   0.12      0.00      0.00      0.00  sysbench
1565606544     0      3609   51.00   48.00    0.00   99.00     1      0.00      0.00   89728   4560   0.12      0.00      0.00      0.00  sysbench
1565606545     0      3609   47.00   49.00    0.00   96.00     1      0.00      0.00   89728   4560   0.12      0.00      0.00      0.00  sysbench
1565606546     0      3609   50.00   47.00    0.00   97.00     1     34.00      0.00   89728   4764   0.12      0.00      0.00      0.00  sysbench
1565606547     0      3775   46.00   51.00    0.00   97.00     3   1646.00      0.00   89728   3776   0.10      0.00      0.00      0.00  sysbench
1565606548     0      3775   49.00   47.00    0.00   96.00     3    188.00      0.00   89728   4296   0.11      0.00      0.00      0.00  sysbench
1565606549     0      3775   51.00   46.00    0.00   97.00     3      0.00      0.00   89728   4296   0.11      0.00      0.00      0.00  sysbench
1565606550     0      3775   48.00   48.00    0.00   96.00     3      0.00      0.00   89728   4296   0.11      0.00      0.00      0.00  sysbench
1565606551     0      3775   53.00   46.00    0.00   99.00     3      0.00      0.00   89728   4296   0.11      0.00      0.00      0.00  sysbench
1565606552     0      3775   49.00   48.00    0.00   97.00     3      1.00      0.00   89728   4296   0.11      0.00      0.00      0.00  sysbench
1565606553     0      3775   53.00   46.00    0.00   99.00     3      0.00      0.00   89728   4296   0.11      0.00      0.00      0.00  sysbench
1565606554     0      3775   48.00   51.00    0.00   99.00     3      0.00      0.00   89728   4296   0.11      0.00      0.00      0.00  sysbench
1565606555     0      3775   48.00   49.00    0.00   97.00     3      0.00      0.00   89728   4296   0.11      0.00      0.00      0.00  sysbench
1565606556     0      3775   50.00   48.00    0.00   98.00     3      0.00      0.00   89728   4296   0.11      0.00      0.00      0.00  sysbench
1565606557     0      3941   43.00   49.00    0.00   92.00     1   1650.00      0.00   89728   3776   0.10      0.00      0.00      0.00  sysbench
1565606558     0      3941   50.00   49.00    0.00   99.00     1    187.00      0.00   89728   4300   0.11      0.00      0.00      0.00  sysbench
1565606559     0      3941   49.00   49.00    0.00   98.00     1      0.00      0.00   89728   4300   0.11      0.00      0.00      0.00  sysbench
1565606560     0      3941   48.00   47.00    0.00   95.00     1      0.00      0.00   89728   4300   0.11      0.00      0.00      0.00  sysbench
1565606561     0      3941   52.00   47.00    0.00   99.00     1      0.00      0.00   89728   4300   0.11      0.00      0.00      0.00  sysbench
1565606562     0      3941   49.00   49.00    0.00   98.00     1      1.00      0.00   89728   4300   0.11      0.00      0.00      0.00  sysbench
1565606563     0      3941   49.00   49.00    0.00   98.00     1      0.00      0.00   89728   4300   0.11      0.00      0.00      0.00  sysbench
1565606564     0      3941   50.00   49.00    0.00   99.00     1      0.00      0.00   89728   4300   0.11      0.00      0.00      0.00  sysbench
1565606565     0      3941   51.00   47.00    0.00   98.00     1      0.00      0.00   89728   4300   0.11      0.00      0.00      0.00  sysbench
1565606566     0      3941   47.00   50.00    0.00   97.00     1      0.00      0.00   89728   4300   0.11      0.00      0.00      0.00  sysbench
1565606567     0      4107   46.00   45.00    0.00   91.00     2   1640.00      0.00   89728   3772   0.10      0.00      0.00      0.00  sysbench
1565606568     0      4107   47.00   49.00    0.00   96.00     2    194.00      0.00   89728   4296   0.11      0.00      0.00      0.00  sysbench
1565606569     0      4107   48.00   49.00    0.00   97.00     2      1.00      0.00   89728   4296   0.11      0.00      0.00      0.00  sysbench
1565606570     0      4107   49.00   51.00    0.00  100.00     2      1.00      0.00   89728   4296   0.11      0.00      0.00      0.00  sysbench
1565606571     0      4107   51.00   46.00    0.00   97.00     2      0.00      0.00   89728   4296   0.11      0.00      0.00      0.00  sysbench
1565606572     0      4107   47.00   50.00    0.00   97.00     2      0.00      0.00   89728   4296   0.11      0.00      0.00      0.00  sysbench
1565606573     0      4107   52.00   48.00    0.00  100.00     2      0.00      0.00   89728   4296   0.11      0.00      0.00      0.00  sysbench
1565606574     0      4107   47.00   51.00    0.00   98.00     2      0.00      0.00   89728   4296   0.11      0.00      0.00      0.00  sysbench
1565606575     0      4107   51.00   48.00    0.00   99.00     2      0.00      0.00   89728   4296   0.11      0.00      0.00      0.00  sysbench
1565606576     0      4107   45.00   51.00    0.00   96.00     2      0.00      0.00   89728   4296   0.11      0.00      0.00      0.00  sysbench
1565606577     0      4258   45.00   43.00    0.00   88.00     2   1642.00      0.00   89728   3776   0.10      0.00      0.00      0.00  sysbench
1565606578     0      4258   49.00   48.00    0.00   97.00     2    195.00      0.00   89728   4300   0.11      0.00      0.00      0.00  sysbench
1565606579     0      4258   48.00   49.00    0.00   97.00     2      0.00      0.00   89728   4300   0.11      0.00      0.00      0.00  sysbench
1565606580     0      4258   48.00   48.00    0.00   96.00     2      0.00      0.00   89728   4300   0.11      0.00      0.00      0.00  sysbench
1565606581     0      4258   49.00   51.00    0.00  100.00     2      0.00      0.00   89728   4300   0.11      0.00      0.00      0.00  sysbench
1565606582     0      4258   45.00   45.00    0.00   90.00     2      1.00      0.00   89728   4300   0.11      0.00      0.00      0.00  sysbench
1565606583     0      4258   51.00   47.00    0.00   98.00     2      0.00      0.00   89728   4300   0.11      0.00      0.00      0.00  sysbench
1565606584     0      4258   54.00   45.00    0.00   99.00     2      0.00      0.00   89728   4300   0.11      0.00      0.00      0.00  sysbench
1565606585     0      4258   47.00   52.00    0.00   99.00     2      0.00      0.00   89728   4300   0.11      0.00      0.00      0.00  sysbench
1565606586     0      4258   51.00   46.00    0.00   97.00     2      0.00      0.00   89728   4300   0.11      0.00      0.00      0.00  sysbench

1565606537     0      3609   50.50   46.53    0.00   97.03     1    265.35      0.00   89728   4296   0.11      0.00      0.00      0.00  sysbench
1565606538     0      3609   51.00   46.00    0.00   97.00     1      1.00      0.00   89728   4296   0.11      0.00      0.00      0.00  sysbench
1565606539     0      3609   47.00   50.00    0.00   97.00     1      1.00      0.00   89728   4560   0.12      0.00      0.00      0.00  sysbench
1565606540     0      3609   51.00   49.00    0.00  100.00     1      0.00      0.00   89728   4560   0.12      0.00      0.00      0.00  sysbench
1565606541     0      3609   49.00   48.00    0.00   97.00     1      0.00      0.00   89728   4560   0.12      0.00      0.00      0.00  sysbench
1565606542     0      3609   49.00   49.00    0.00   98.00     1      0.00      0.00   89728   4560   0.12      0.00      0.00      0.00  sysbench
1565606543     0      3609   49.00   48.00    0.00   97.00     1      0.00      0.00   89728   4560   0.12      0.00      0.00      0.00  sysbench
1565606544     0      3609   51.00   47.00    0.00   98.00     1      0.00      0.00   89728   4560   0.12      0.00      0.00      0.00  sysbench
1565606545     0      3609   47.00   50.00    0.00   97.00     1      0.00      0.00   89728   4560   0.12      0.00      0.00      0.00  sysbench
1565606546     0      3775    1.00    0.00    0.00    1.00     3   1565.00      0.00   89728   3516   0.09      0.00      0.00      0.00  sysbench
1565606547     0      3775   46.00   52.00    0.00   98.00     3    257.00      0.00   89728   4296   0.11      0.00      0.00      0.00  sysbench
1565606548     0      3775   49.00   47.00    0.00   96.00     3     12.00      0.00   89728   4296   0.11      0.00      0.00      0.00  sysbench
1565606549     0      3775   51.00   46.00    0.00   97.00     3      0.00      0.00   89728   4296   0.11      0.00      0.00      0.00  sysbench
1565606550     0      3775   49.00   48.00    0.00   97.00     3      0.00      0.00   89728   4296   0.11      0.00      0.00      0.00  sysbench
1565606551     0      3775   52.00   46.00    0.00   98.00     3      1.00      0.00   89728   4296   0.11      0.00      0.00      0.00  sysbench
1565606552     0      3775   50.00   48.00    0.00   98.00     3      0.00      0.00   89728   4296   0.11      0.00      0.00      0.00  sysbench
1565606553     0      3775   52.00   46.00    0.00   98.00     3      0.00      0.00   89728   4296   0.11      0.00      0.00      0.00  sysbench
1565606554     0      3775   48.00   51.00    0.00   99.00     3      0.00      0.00   89728   4296   0.11      0.00      0.00      0.00  sysbench
1565606555     0      3775   49.00   49.00    0.00   98.00     3      0.00      0.00   89728   4296   0.11      0.00      0.00      0.00  sysbench
1565606557     0      3941   44.00   50.00    0.00   94.00     1   1651.00      0.00   89728   3776   0.10      0.00      0.00      0.00  sysbench
1565606558     0      3941   51.00   49.00    0.00  100.00     1    186.00      0.00   89728   4300   0.11      0.00      0.00      0.00  sysbench
1565606559     0      3941   48.00   49.00    0.00   97.00     1      0.00      0.00   89728   4300   0.11      0.00      0.00      0.00  sysbench
1565606560     0      3941   48.00   47.00    0.00   95.00     1      0.00      0.00   89728   4300   0.11      0.00      0.00      0.00  sysbench
1565606561     0      3941   52.00   48.00    0.00  100.00     1      0.00      0.00   89728   4300   0.11      0.00      0.00      0.00  sysbench
1565606562     0      3941   49.00   48.00    0.00   97.00     1      1.00      0.00   89728   4300   0.11      0.00      0.00      0.00  sysbench
1565606563     0      3941   49.00   49.00    0.00   98.00     1      0.00      0.00   89728   4300   0.11      0.00      0.00      0.00  sysbench
1565606564     0      3941   50.00   49.00    0.00   99.00     1      0.00      0.00   89728   4300   0.11      0.00      0.00      0.00  sysbench
1565606565     0      3941   50.00   48.00    0.00   98.00     1      0.00      0.00   89728   4300   0.11      0.00      0.00      0.00  sysbench
1565606566     0      3941   48.00   49.00    0.00   97.00     1      0.00      0.00   89728   4300   0.11      0.00      0.00      0.00  sysbench
1565606567     0      4107   47.00   46.00    0.00   93.00     2   1640.00      0.00   89728   3772   0.10      0.00      0.00      0.00  sysbench
1565606568     0      4107   47.00   49.00    0.00   96.00     2    194.00      0.00   89728   4296   0.11      0.00      0.00      0.00  sysbench
1565606569     0      4107   49.00   49.00    0.00   98.00     2      1.00      0.00   89728   4296   0.11      0.00      0.00      0.00  sysbench
1565606570     0      4107   49.00   50.00    0.00   99.00     2      1.00      0.00   89728   4296   0.11      0.00      0.00      0.00  sysbench
1565606571     0      4107   50.00   48.00    0.00   98.00     2      0.00      0.00   89728   4296   0.11      0.00      0.00      0.00  sysbench
1565606572     0      4107   47.00   50.00    0.00   97.00     2      0.00      0.00   89728   4296   0.11      0.00      0.00      0.00  sysbench
1565606573     0      4107   52.00   48.00    0.00  100.00     2      0.00      0.00   89728   4296   0.11      0.00      0.00      0.00  sysbench
1565606574     0      4107   48.00   51.00    0.00   99.00     2      0.00      0.00   89728   4296   0.11      0.00      0.00      0.00  sysbench
1565606575     0      4107   51.00   47.00    0.00   98.00     2      0.00      0.00   89728   4296   0.11      0.00      0.00      0.00  sysbench
1565606576     0      4107   45.00   52.00    0.00   97.00     2      0.00      0.00   89728   4296   0.11      0.00      0.00      0.00  sysbench
1565606577     0      4258   47.00   44.00    0.00   91.00     2   1645.00      0.00   89728   3776   0.10      0.00      0.00      0.00  sysbench
1565606578     0      4258   48.00   48.00    0.00   96.00     2    192.00      0.00   89728   4300   0.11      0.00      0.00      0.00  sysbench
1565606579     0      4258   49.00   49.00    0.00   98.00     2      0.00      0.00   89728   4300   0.11      0.00      0.00      0.00  sysbench
1565606580     0      4258   48.00   48.00    0.00   96.00     2      0.00      0.00   89728   4300   0.11      0.00      0.00      0.00  sysbench
1565606581     0      4258   48.00   51.00    0.00   99.00     2      0.00      0.00   89728   4300   0.11      0.00      0.00      0.00  sysbench
1565606582     0      4258   46.00   45.00    0.00   91.00     2      1.00      0.00   89728   4300   0.11      0.00      0.00      0.00  sysbench
1565606583     0      4258   51.00   48.00    0.00   99.00     2      0.00      0.00   89728   4300   0.11      0.00      0.00      0.00  sysbench
1565606584     0      4258   53.00   44.00    0.00   97.00     2      0.00      0.00   89728   4300   0.11      0.00      0.00      0.00  sysbench
1565606585     0      4258   47.00   52.00    0.00   99.00     2      0.00      0.00   89728   4300   0.11      0.00      0.00      0.00  sysbench
1565606586     0      4258   51.00   46.00    0.00   97.00     2      0.00      0.00   89728   4300   0.11      0.00      0.00      0.00  sysbench

1565606547     0      3775   46.08   51.96    0.00   98.04     3    262.75      0.00   89728   4296   0.11      0.00      0.00      0.00  sysbench
1565606548     0      3775   50.00   47.00    0.00   97.00     3      0.00      0.00   89728   4296   0.11      0.00      0.00      0.00  sysbench
1565606549     0      3775   50.00   45.00    0.00   95.00     3      0.00      0.00   89728   4296   0.11      0.00      0.00      0.00  sysbench
1565606550     0      3775   49.00   48.00    0.00   97.00     3      0.00      0.00   89728   4296   0.11      0.00      0.00      0.00  sysbench
1565606551     0      3775   53.00   46.00    0.00   99.00     3      1.00      0.00   89728   4296   0.11      0.00      0.00      0.00  sysbench
1565606552     0      3775   50.00   48.00    0.00   98.00     3      0.00      0.00   89728   4296   0.11      0.00      0.00      0.00  sysbench
1565606553     0      3775   51.00   47.00    0.00   98.00     3      0.00      0.00   89728   4296   0.11      0.00      0.00      0.00  sysbench
1565606554     0      3775   48.00   51.00    0.00   99.00     3      0.00      0.00   89728   4296   0.11      0.00      0.00      0.00  sysbench
1565606555     0      3775   49.00   49.00    0.00   98.00     3      0.00      0.00   89728   4296   0.11      0.00      0.00      0.00  sysbench
1565606556     0      3941    1.00    1.00    0.00    2.00     1   1565.00      0.00   89728   3516   0.09      0.00      0.00      0.00  sysbench
1565606557     0      3941   46.00   51.00    0.00   97.00     1    272.00      0.00   89728   4300   0.11      0.00      0.00      0.00  sysbench
1565606558     0      3941   50.00   48.00    0.00   98.00     1      0.00      0.00   89728   4300   0.11      0.00      0.00      0.00  sysbench
1565606559     0      3941   48.00   50.00    0.00   98.00     1      0.00      0.00   89728   4300   0.11      0.00      0.00      0.00  sysbench
1565606560     0      3941   49.00   47.00    0.00   96.00     1      0.00      0.00   89728   4300   0.11      0.00      0.00      0.00  sysbench
1565606561     0      3941   51.00   47.00    0.00   98.00     1      1.00      0.00   89728   4300   0.11      0.00      0.00      0.00  sysbench
1565606562     0      3941   49.00   50.00    0.00   99.00     1      0.00      0.00   89728   4300   0.11      0.00      0.00      0.00  sysbench
1565606563     0      3941   49.00   48.00    0.00   97.00     1      0.00      0.00   89728   4300   0.11      0.00      0.00      0.00  sysbench
1565606564     0      3941   50.00   49.00    0.00   99.00     1      0.00      0.00   89728   4300   0.11      0.00      0.00      0.00  sysbench
1565606565     0      3941   50.00   48.00    0.00   98.00     1      0.00      0.00   89728   4300   0.11      0.00      0.00      0.00  sysbench
1565606567     0      4107   48.00   48.00    0.00   96.00     2   1642.00      0.00   89728   3772   0.10      0.00      0.00      0.00  sysbench
1565606568     0      4107   48.00   49.00    0.00   97.00     2    192.00      0.00   89728   4296   0.11      0.00      0.00      0.00  sysbench
1565606569     0      4107   49.00   49.00    0.00   98.00     2      1.00      0.00   89728   4296   0.11      0.00      0.00      0.00  sysbench
1565606570     0      4107   47.00   50.00    0.00   97.00     2      1.00      0.00   89728   4296   0.11      0.00      0.00      0.00  sysbench
1565606571     0      4107   52.00   47.00    0.00   99.00     2      0.00      0.00   89728   4296   0.11      0.00      0.00      0.00  sysbench
1565606572     0      4107   47.00   50.00    0.00   97.00     2      0.00      0.00   89728   4296   0.11      0.00      0.00      0.00  sysbench
1565606573     0      4107   52.00   48.00    0.00  100.00     2      0.00      0.00   89728   4296   0.11      0.00      0.00      0.00  sysbench
1565606574     0      4107   47.00   52.00    0.00   99.00     2      0.00      0.00   89728   4296   0.11      0.00      0.00      0.00  sysbench
1565606575     0      4107   51.00   47.00    0.00   98.00     2      0.00      0.00   89728   4296   0.11      0.00      0.00      0.00  sysbench
1565606576     0      4107   46.00   51.00    0.00   97.00     2      0.00      0.00   89728   4296   0.11      0.00      0.00      0.00  sysbench
1565606577     0      4258   49.00   45.00    0.00   94.00     2   1646.00      0.00   89728   3776   0.10      0.00      0.00      0.00  sysbench
1565606578     0      4258   47.00   49.00    0.00   96.00     2    191.00      0.00   89728   4300   0.11      0.00      0.00      0.00  sysbench
1565606579     0      4258   49.00   48.00    0.00   97.00     2      0.00      0.00   89728   4300   0.11      0.00      0.00      0.00  sysbench
1565606580     0      4258   48.00   49.00    0.00   97.00     2      0.00      0.00   89728   4300   0.11      0.00      0.00      0.00  sysbench
1565606581     0      4258   48.00   51.00    0.00   99.00     2      0.00      0.00   89728   4300   0.11      0.00      0.00      0.00  sysbench
1565606582     0      4258   46.00   45.00    0.00   91.00     2      1.00      0.00   89728   4300   0.11      0.00      0.00      0.00  sysbench
1565606583     0      4258   51.00   47.00    0.00   98.00     2      0.00      0.00   89728   4300   0.11      0.00      0.00      0.00  sysbench
1565606584     0      4258   54.00   45.00    0.00   99.00     2      0.00      0.00   89728   4300   0.11      0.00      0.00      0.00  sysbench
1565606585     0      4258   47.00   51.00    0.00   98.00     2      0.00      0.00   89728   4300   0.11      0.00      0.00      0.00  sysbench
1565606586     0      4258   51.00   47.00    0.00   98.00     2      0.00      0.00   89728   4300   0.11      0.00      0.00      0.00  sysbench

1565606557     0      3941   45.63   49.51    0.00   95.15     1    262.14      0.00   89728   4300   0.11      0.00      0.00      0.00  sysbench
1565606558     0      3941   50.00   49.00    0.00   99.00     1      0.00      0.00   89728   4300   0.11      0.00      0.00      0.00  sysbench
1565606559     0      3941   48.00   50.00    0.00   98.00     1      0.00      0.00   89728   4300   0.11      0.00      0.00      0.00  sysbench
1565606560     0      3941   48.00   47.00    0.00   95.00     1      0.00      0.00   89728   4300   0.11      0.00      0.00      0.00  sysbench
1565606561     0      3941   52.00   48.00    0.00  100.00     1      1.00      0.00   89728   4300   0.11      0.00      0.00      0.00  sysbench
1565606562     0      3941   49.00   49.00    0.00   98.00     1      0.00      0.00   89728   4300   0.11      0.00      0.00      0.00  sysbench
1565606563     0      3941   48.00   48.00    0.00   96.00     1      0.00      0.00   89728   4300   0.11      0.00      0.00      0.00  sysbench
1565606564     0      3941   51.00   49.00    0.00  100.00     1      0.00      0.00   89728   4300   0.11      0.00      0.00      0.00  sysbench
1565606565     0      3941   50.00   48.00    0.00   98.00     1      0.00      0.00   89728   4300   0.11      0.00      0.00      0.00  sysbench
1565606566     0      4107    2.00    1.00    0.00    3.00     2   1564.00      0.00   89728   3512   0.09      0.00      0.00      0.00  sysbench
1565606567     0      4107   49.00   49.00    0.00   98.00     2    270.00      0.00   89728   4296   0.11      0.00      0.00      0.00  sysbench
1565606568     0      4107   47.00   49.00    0.00   96.00     2      1.00      0.00   89728   4296   0.11      0.00      0.00      0.00  sysbench
1565606569     0      4107   48.00   48.00    0.00   96.00     2      1.00      0.00   89728   4296   0.11      0.00      0.00      0.00  sysbench
1565606570     0      4107   49.00   51.00    0.00  100.00     2      0.00      0.00   89728   4296   0.11      0.00      0.00      0.00  sysbench
1565606571     0      4107   51.00   47.00    0.00   98.00     2      0.00      0.00   89728   4296   0.11      0.00      0.00      0.00  sysbench
1565606572     0      4107   47.00   50.00    0.00   97.00     2      0.00      0.00   89728   4296   0.11      0.00      0.00      0.00  sysbench
1565606573     0      4107   52.00   47.00    0.00   99.00     2      0.00      0.00   89728   4296   0.11      0.00      0.00      0.00  sysbench
1565606574     0      4107   47.00   53.00    0.00  100.00     2      0.00      0.00   89728   4296   0.11      0.00      0.00      0.00  sysbench
1565606575     0      4107   51.00   46.00    0.00   97.00     2      0.00      0.00   89728   4296   0.11      0.00      0.00      0.00  sysbench
1565606576     0      4258    0.00    0.00    0.00    0.00     2   1564.00      0.00   89728   3516   0.09      0.00      0.00      0.00  sysbench
1565606577     0      4258   50.00   47.00    0.00   97.00     2    173.00      0.00   89728   4036   0.10      0.00      0.00      0.00  sysbench
1565606578     0      4258   48.00   49.00    0.00   97.00     2    100.00      0.00   89728   4300   0.11      0.00      0.00      0.00  sysbench
1565606579     0      4258   50.00   48.00    0.00   98.00     2      0.00      0.00   89728   4300   0.11      0.00      0.00      0.00  sysbench
1565606580     0      4258   47.00   49.00    0.00   96.00     2      0.00      0.00   89728   4300   0.11      0.00      0.00      0.00  sysbench
1565606581     0      4258   49.00   50.00    0.00   99.00     2      1.00      0.00   89728   4300   0.11      0.00      0.00      0.00  sysbench
1565606582     0      4258   45.00   46.00    0.00   91.00     2      0.00      0.00   89728   4300   0.11      0.00      0.00      0.00  sysbench
1565606583     0      4258   51.00   48.00    0.00   99.00     2      0.00      0.00   89728   4300   0.11      0.00      0.00      0.00  sysbench
1565606584     0      4258   54.00   44.00    0.00   98.00     2      0.00      0.00   89728   4300   0.11      0.00      0.00      0.00  sysbench
1565606585     0      4258   48.00   51.00    0.00   99.00     2      0.00      0.00   89728   4300   0.11      0.00      0.00      0.00  sysbench
1565606586     0      4258   50.00   47.00    0.00   97.00     2      0.00      0.00   89728   4300   0.11      0.00      0.00      0.00  sysbench

1565606567     0      4107   49.02   49.02    0.00   98.04     2    265.69      0.00   89728   4296   0.11      0.00      0.00      0.00  sysbench
1565606568     0      4107   47.00   49.00    0.00   96.00     2      1.00      0.00   89728   4296   0.11      0.00      0.00      0.00  sysbench
1565606569     0      4107   49.00   49.00    0.00   98.00     2      1.00      0.00   89728   4296   0.11      0.00      0.00      0.00  sysbench
1565606570     0      4107   48.00   51.00    0.00   99.00     2      0.00      0.00   89728   4296   0.11      0.00      0.00      0.00  sysbench
1565606571     0      4107   52.00   46.00    0.00   98.00     2      0.00      0.00   89728   4296   0.11      0.00      0.00      0.00  sysbench
1565606572     0      4107   46.00   51.00    0.00   97.00     2      0.00      0.00   89728   4296   0.11      0.00      0.00      0.00  sysbench
1565606573     0      4107   52.00   47.00    0.00   99.00     2      0.00      0.00   89728   4296   0.11      0.00      0.00      0.00  sysbench
1565606574     0      4107   47.00   52.00    0.00   99.00     2      0.00      0.00   89728   4296   0.11      0.00      0.00      0.00  sysbench
1565606575     0      4107   51.00   47.00    0.00   98.00     2      0.00      0.00   89728   4296   0.11      0.00      0.00      0.00  sysbench
1565606576     0      4258    1.00    0.00    0.00    1.00     2   1564.00      0.00   89728   3516   0.09      0.00      0.00      0.00  sysbench
1565606577     0      4258   50.00   47.00    0.00   97.00     2    273.00      0.00   89728   4300   0.11      0.00      0.00      0.00  sysbench
1565606578     0      4258   47.00   49.00    0.00   96.00     2      0.00      0.00   89728   4300   0.11      0.00      0.00      0.00  sysbench
1565606579     0      4258   50.00   48.00    0.00   98.00     2      0.00      0.00   89728   4300   0.11      0.00      0.00      0.00  sysbench
1565606580     0      4258   47.00   49.00    0.00   96.00     2      0.00      0.00   89728   4300   0.11      0.00      0.00      0.00  sysbench
1565606581     0      4258   49.00   50.00    0.00   99.00     2      1.00      0.00   89728   4300   0.11      0.00      0.00      0.00  sysbench
1565606582     0      4258   46.00   46.00    0.00   92.00     2      0.00      0.00   89728   4300   0.11      0.00      0.00      0.00  sysbench
1565606583     0      4258   50.00   48.00    0.00   98.00     2      0.00      0.00   89728   4300   0.11      0.00      0.00      0.00  sysbench
1565606584     0      4258   54.00   44.00    0.00   98.00     2      0.00      0.00   89728   4300   0.11      0.00      0.00      0.00  sysbench
1565606585     0      4258   48.00   51.00    0.00   99.00     2      0.00      0.00   89728   4300   0.11      0.00      0.00      0.00  sysbench
1565606586     0      4258   51.00   47.00    0.00   98.00     2      0.00      0.00   89728   4300   0.11      0.00      0.00      0.00  sysbench

1565606577     0      4258   50.00   47.06    0.00   97.06     2    265.69      0.00   89728   4300   0.11      0.00      0.00      0.00  sysbench
1565606578     0      4258   48.00   48.00    0.00   96.00     2      0.00      0.00   89728   4300   0.11      0.00      0.00      0.00  sysbench
1565606579     0      4258   49.00   49.00    0.00   98.00     2      0.00      0.00   89728   4300   0.11      0.00      0.00      0.00  sysbench
1565606580     0      4258   47.00   49.00    0.00   96.00     2      0.00      0.00   89728   4300   0.11      0.00      0.00      0.00  sysbench
1565606581     0      4258   49.00   50.00    0.00   99.00     2      1.00      0.00   89728   4300   0.11      0.00      0.00      0.00  sysbench
1565606582     0      4258   45.00   46.00    0.00   91.00     2      0.00      0.00   89728   4300   0.11      0.00      0.00      0.00  sysbench
1565606583     0      4258   52.00   47.00    0.00   99.00     2      0.00      0.00   89728   4300   0.11      0.00      0.00      0.00  sysbench
1565606584     0      4258   53.00   44.00    0.00   97.00     2      0.00      0.00   89728   4300   0.11      0.00      0.00      0.00  sysbench
1565606585     0      4258   48.00   52.00    0.00  100.00     2      0.00      0.00   89728   4300   0.11      0.00      0.00      0.00  sysbench

