1565355184     0      8290   43.14   44.12    0.00   87.25     2    257.84      0.00   89728   4560   0.12      0.00      0.00      0.00  sysbench
1565355185     0      8290   41.00   44.00    0.00   85.00     2      1.00      0.00   89728   4560   0.12      0.00      0.00      0.00  sysbench
1565355186     0      8290   43.00   44.00    0.00   87.00     2      1.00      0.00   89728   4560   0.12      0.00      0.00      0.00  sysbench
1565355187     0      8290   44.00   41.00    0.00   85.00     2      0.00      0.00   89728   4560   0.12      0.00      0.00      0.00  sysbench
1565355188     0      8290   46.00   42.00    0.00   88.00     2      0.00      0.00   89728   4560   0.12      0.00      0.00      0.00  sysbench
1565355189     0      8290   44.00   46.00    0.00   90.00     2      1.00      0.00   89728   4560   0.12      0.00      0.00      0.00  sysbench
1565355190     0      8290   45.00   42.00    0.00   87.00     2      0.00      0.00   89728   4560   0.12      0.00      0.00      0.00  sysbench
1565355191     0      8290   44.00   43.00    0.00   87.00     2      0.00      0.00   89728   4560   0.12      0.00      0.00      0.00  sysbench
1565355192     0      8290   46.00   41.00    0.00   87.00     2      0.00      0.00   89728   4560   0.12      0.00      0.00      0.00  sysbench
1565355193     0      8457    1.00    1.00    0.00    2.00     0   1574.00      0.00   89728   3516   0.09      0.00      0.00      0.00  sysbench
1565355194     0      8457   47.00   41.00    0.00   88.00     0    260.00      0.00   89728   4564   0.12      0.00      0.00      0.00  sysbench
1565355195     0      8457   41.00   40.00    0.00   81.00     0      1.00      0.00   89728   4564   0.12      0.00      0.00      0.00  sysbench
1565355196     0      8457   45.00   43.00    0.00   88.00     0      0.00      0.00   89728   4564   0.12      0.00      0.00      0.00  sysbench
1565355197     0      8457   42.00   44.00    0.00   86.00     0      0.00      0.00   89728   4564   0.12      0.00      0.00      0.00  sysbench
1565355198     0      8457   43.00   44.00    0.00   87.00     0      1.00      0.00   89728   4564   0.12      0.00      0.00      0.00  sysbench
1565355199     0      8457   48.00   43.00    0.00   91.00     0      0.00      0.00   89728   4564   0.12      0.00      0.00      0.00  sysbench
1565355200     0      8457   45.00   42.00    0.00   87.00     0      0.00      0.00   89728   4564   0.12      0.00      0.00      0.00  sysbench
1565355201     0      8457   43.00   48.00    0.00   91.00     0      0.00      0.00   89728   4564   0.12      0.00      0.00      0.00  sysbench
1565355202     0      8457   45.00   44.00    0.00   89.00     0      0.00      0.00   89728   4564   0.12      0.00      0.00      0.00  sysbench
1565355203     0      8608    0.00    0.00    0.00    0.00     2   1564.00      0.00   89728   3516   0.09      0.00      0.00      0.00  sysbench
1565355204     0      8608   43.00   45.00    0.00   88.00     2    267.00      0.00   89728   4564   0.12      0.00      0.00      0.00  sysbench
1565355205     0      8608   42.00   45.00    0.00   87.00     2      1.00      0.00   89728   4564   0.12      0.00      0.00      0.00  sysbench
1565355206     0      8608   43.56   40.59    0.00   84.16     2      0.00      0.00   89728   4564   0.12      0.00      0.00      0.00  sysbench
1565355207     0      8608   39.00   42.00    0.00   81.00     2      1.00      0.00   89728   4564   0.12      0.00      0.00      0.00  sysbench
1565355208     0      8608   45.00   43.00    0.00   88.00     2      0.00      0.00   89728   4564   0.12      0.00      0.00      0.00  sysbench
1565355209     0      8608   43.00   45.00    0.00   88.00     2      0.00      0.00   89728   4564   0.12      0.00      0.00      0.00  sysbench
1565355210     0      8608   45.00   43.00    0.00   88.00     2      0.00      0.00   89728   4564   0.12      0.00      0.00      0.00  sysbench
1565355211     0      8608   44.00   46.00    0.00   90.00     2      0.00      0.00   89728   4564   0.12      0.00      0.00      0.00  sysbench
1565355212     0      8608   39.00   40.00    0.00   79.00     2      0.00      0.00   89728   4564   0.12      0.00      0.00      0.00  sysbench
1565355214     0      8776   39.00   41.00    0.00   80.00     2   1833.00      0.00   89728   4564   0.12      0.00      0.00      0.00  sysbench
1565355215     0      8776   39.00   41.00    0.00   80.00     2      1.00      0.00   89728   4564   0.12      0.00      0.00      0.00  sysbench
1565355216     0      8776   37.00   39.00    0.00   76.00     2      0.00      0.00   89728   4564   0.12      0.00      0.00      0.00  sysbench
1565355217     0      8776   40.00   36.00    0.00   76.00     2      1.00      0.00   89728   4564   0.12      0.00      0.00      0.00  sysbench
1565355218     0      8776   40.00   41.00    0.00   81.00     2      1.00      0.00   89728   4564   0.12      0.00      0.00      0.00  sysbench
1565355219     0      8776   38.00   39.00    0.00   77.00     2      0.00      0.00   89728   4564   0.12      0.00      0.00      0.00  sysbench
1565355220     0      8776   39.00   37.00    0.00   76.00     2      0.00      0.00   89728   4564   0.12      0.00      0.00      0.00  sysbench
1565355221     0      8776   35.00   36.00    0.00   71.00     2      0.00      0.00   89728   4564   0.12      0.00      0.00      0.00  sysbench
1565355222     0      8776   38.00   40.00    0.00   78.00     2      0.00      0.00   89728   4564   0.12      0.00      0.00      0.00  sysbench
1565355223     0      8776   38.00   38.00    0.00   76.00     0     24.00      0.00   88684   3816   0.10      0.00      0.00      0.00  sysbench
1565355224     0      8943   35.00   37.00    0.00   72.00     1   1702.00      0.00   89728   4036   0.10      0.00      0.00      0.00  sysbench
1565355225     0      8943   42.00   38.00    0.00   80.00     1    135.00      0.00   89728   4560   0.12      0.00      0.00      0.00  sysbench
1565355226     0      8943   42.00   40.00    0.00   82.00     1      1.00      0.00   89728   4560   0.12      0.00      0.00      0.00  sysbench
1565355227     0      8943   41.00   41.00    0.00   82.00     1      1.00      0.00   89728   4560   0.12      0.00      0.00      0.00  sysbench
1565355228     0      8943   38.00   41.00    0.00   79.00     1      0.00      0.00   89728   4560   0.12      0.00      0.00      0.00  sysbench
1565355229     0      8943   41.00   35.00    0.00   76.00     1      0.00      0.00   89728   4560   0.12      0.00      0.00      0.00  sysbench
1565355230     0      8943   35.64   36.63    0.00   72.28     1      0.00      0.00   89728   4560   0.12      0.00      0.00      0.00  sysbench
1565355231     0      8943   38.00   37.00    0.00   75.00     1      0.00      0.00   89728   4560   0.12      0.00      0.00      0.00  sysbench
1565355232     0      8943   35.00   35.00    0.00   70.00     1      0.00      0.00   89728   4560   0.12      0.00      0.00      0.00  sysbench
1565355233     0      8943   33.00   33.00    0.00   66.00     1      0.00      0.00   89728   4560   0.12      0.00      0.00      0.00  sysbench
1565355234     0      9094   31.00   32.00    0.00   63.00     2   1701.00      0.00   89728   4036   0.10      0.00      0.00      0.00  sysbench
1565355235     0      9094   34.00   33.00    0.00   67.00     2    136.00      0.00   89728   4560   0.12      0.00      0.00      0.00  sysbench
1565355236     0      9094   24.00   26.00    0.00   50.00     2      0.00      0.00   89728   4560   0.12      0.00      0.00      0.00  sysbench
1565355237     0      9094   38.00   36.00    0.00   74.00     2      0.00      0.00   89728   4560   0.12      0.00      0.00      0.00  sysbench
1565355238     0      9094   33.00   33.00    0.00   66.00     2      0.00      0.00   89728   4560   0.12      0.00      0.00      0.00  sysbench
1565355239     0      9094   37.00   37.00    0.00   74.00     2      0.00      0.00   89728   4560   0.12      0.00      0.00      0.00  sysbench
1565355240     0      9094   38.00   38.00    0.00   76.00     2      1.00      0.00   89728   4560   0.12      0.00      0.00      0.00  sysbench
1565355241     0      9094   39.00   40.00    0.00   79.00     2      0.00      0.00   89728   4560   0.12      0.00      0.00      0.00  sysbench
1565355242     0      9094   36.00   38.00    0.00   74.00     2      0.00      0.00   89728   4560   0.12      0.00      0.00      0.00  sysbench
1565355243     0      9094   35.00   39.00    0.00   74.00     2      0.00      0.00   89728   4560   0.12      0.00      0.00      0.00  sysbench
1565355244     0      9262   28.00   31.00    0.00   59.00     1   1699.00      0.00   89728   4040   0.10      0.00      0.00      0.00  sysbench
1565355245     0      9262   36.00   39.00    0.00   75.00     1    133.00      0.00   89728   4564   0.12      0.00      0.00      0.00  sysbench
1565355246     0      9262   41.00   41.00    0.00   82.00     1      2.00      0.00   89728   4564   0.12      0.00      0.00      0.00  sysbench
1565355247     0      9262   38.00   39.00    0.00   77.00     1      1.00      0.00   89728   4564   0.12      0.00      0.00      0.00  sysbench
1565355248     0      9262   41.00   38.00    0.00   79.00     1      0.00      0.00   89728   4564   0.12      0.00      0.00      0.00  sysbench
1565355249     0      9262   41.00   41.00    0.00   82.00     1      0.00      0.00   89728   4564   0.12      0.00      0.00      0.00  sysbench
1565355250     0      9262   44.00   40.00    0.00   84.00     1      0.00      0.00   89728   4564   0.12      0.00      0.00      0.00  sysbench
1565355251     0      9262   35.00   35.00    0.00   70.00     1      0.00      0.00   89728   4564   0.12      0.00      0.00      0.00  sysbench
1565355252     0      9262   42.00   41.00    0.00   83.00     1      0.00      0.00   89728   4564   0.12      0.00      0.00      0.00  sysbench
1565355253     0      9262   39.00   35.00    0.00   74.00     1      0.00      0.00   89728   4564   0.12      0.00      0.00      0.00  sysbench
1565355254     0      9413   31.00   30.00    0.00   61.00     3   1698.00      0.00   89728   4036   0.10      0.00      0.00      0.00  sysbench
1565355255     0      9413   36.00   35.00    0.00   71.00     3    138.00      0.00   89728   4560   0.12      0.00      0.00      0.00  sysbench
1565355256     0      9413   32.00   34.00    0.00   66.00     3      1.00      0.00   89728   4560   0.12      0.00      0.00      0.00  sysbench
1565355257     0      9413   34.00   36.00    0.00   70.00     3      0.00      0.00   89728   4560   0.12      0.00      0.00      0.00  sysbench
1565355258     0      9413   35.00   32.00    0.00   67.00     3      0.00      0.00   89728   4560   0.12      0.00      0.00      0.00  sysbench
1565355259     0      9413   37.00   38.00    0.00   75.00     3      0.00      0.00   89728   4560   0.12      0.00      0.00      0.00  sysbench
1565355260     0      9413   37.00   36.00    0.00   73.00     3      0.00      0.00   89728   4560   0.12      0.00      0.00      0.00  sysbench
1565355261     0      9413   38.00   36.00    0.00   74.00     3      0.00      0.00   89728   4560   0.12      0.00      0.00      0.00  sysbench
1565355262     0      9413   33.00   32.00    0.00   65.00     3      0.00      0.00   89728   4560   0.12      0.00      0.00      0.00  sysbench
1565355263     0      9413   40.00   37.00    0.00   77.00     3      0.00      0.00   89728   4560   0.12      0.00      0.00      0.00  sysbench
1565355264     0      9580   35.00   34.00    0.00   69.00     1   1699.00      0.00   89728   4040   0.10      0.00      0.00      0.00  sysbench
1565355265     0      9580   39.00   41.00    0.00   80.00     1    139.00      0.00   89728   4564   0.12      0.00      0.00      0.00  sysbench
1565355266     0      9580   41.00   40.00    0.00   81.00     1      0.00      0.00   89728   4564   0.12      0.00      0.00      0.00  sysbench
1565355267     0      9580   43.00   37.00    0.00   80.00     1      0.00      0.00   89728   4564   0.12      0.00      0.00      0.00  sysbench
1565355268     0      9580   36.00   37.00    0.00   73.00     1      2.00      0.00   89728   4564   0.12      0.00      0.00      0.00  sysbench
1565355269     0      9580   32.00   28.00    0.00   60.00     1      0.00      0.00   89728   4564   0.12      0.00      0.00      0.00  sysbench
1565355270     0      9580   38.61   34.65    0.00   73.27     1      0.00      0.00   89728   4564   0.12      0.00      0.00      0.00  sysbench
1565355271     0      9580   35.00   35.00    0.00   70.00     1      0.00      0.00   89728   4564   0.12      0.00      0.00      0.00  sysbench
1565355272     0      9580   41.00   38.00    0.00   79.00     1      0.00      0.00   89728   4564   0.12      0.00      0.00      0.00  sysbench
1565355273     0      9580   41.00   44.00    0.00   85.00     1      0.00      0.00   89728   4564   0.12      0.00      0.00      0.00  sysbench
1565355274     0      9732   30.00   35.00    0.00   65.00     2   1705.00      0.00   89728   4040   0.10      0.00      0.00      0.00  sysbench
1565355275     0      9732   40.00   35.00    0.00   75.00     2    129.00      0.00   89728   4564   0.12      0.00      0.00      0.00  sysbench
1565355276     0      9732   39.00   35.00    0.00   74.00     2      2.00      0.00   89728   4564   0.12      0.00      0.00      0.00  sysbench
1565355277     0      9732   37.00   35.00    0.00   72.00     2      1.00      0.00   89728   4564   0.12      0.00      0.00      0.00  sysbench
1565355278     0      9732   38.00   39.00    0.00   77.00     2      0.00      0.00   89728   4564   0.12      0.00      0.00      0.00  sysbench
1565355279     0      9732   38.00   39.00    0.00   77.00     2      0.00      0.00   89728   4564   0.12      0.00      0.00      0.00  sysbench
1565355280     0      9732   39.00   39.00    0.00   78.00     2      0.00      0.00   89728   4564   0.12      0.00      0.00      0.00  sysbench
1565355281     0      9732   39.00   37.00    0.00   76.00     2      0.00      0.00   89728   4564   0.12      0.00      0.00      0.00  sysbench
1565355282     0      9732   40.59   40.59    0.00   81.19     2      0.00      0.00   89728   4564   0.12      0.00      0.00      0.00  sysbench
1565355283     0      9732   39.00   37.00    0.00   76.00     2      0.00      0.00   89728   4564   0.12      0.00      0.00      0.00  sysbench

1565355194     0      8457   46.53   40.59    0.00   87.13     0    257.43      0.00   89728   4564   0.12      0.00      0.00      0.00  sysbench
1565355195     0      8457   41.00   40.00    0.00   81.00     0      1.00      0.00   89728   4564   0.12      0.00      0.00      0.00  sysbench
1565355196     0      8457   45.00   43.00    0.00   88.00     0      0.00      0.00   89728   4564   0.12      0.00      0.00      0.00  sysbench
1565355197     0      8457   41.58   43.56    0.00   85.15     0      0.00      0.00   89728   4564   0.12      0.00      0.00      0.00  sysbench
1565355198     0      8457   44.00   45.00    0.00   89.00     0      1.00      0.00   89728   4564   0.12      0.00      0.00      0.00  sysbench
1565355199     0      8457   47.00   42.00    0.00   89.00     0      0.00      0.00   89728   4564   0.12      0.00      0.00      0.00  sysbench
1565355200     0      8457   46.00   43.00    0.00   89.00     0      0.00      0.00   89728   4564   0.12      0.00      0.00      0.00  sysbench
1565355201     0      8457   42.00   47.00    0.00   89.00     0      0.00      0.00   89728   4564   0.12      0.00      0.00      0.00  sysbench
1565355202     0      8457   46.00   45.00    0.00   91.00     0      0.00      0.00   89728   4564   0.12      0.00      0.00      0.00  sysbench
1565355203     0      8608    1.00    1.00    0.00    2.00     2   1575.00      0.00   89728   3516   0.09      0.00      0.00      0.00  sysbench
1565355204     0      8608   43.00   45.00    0.00   88.00     2    256.00      0.00   89728   4564   0.12      0.00      0.00      0.00  sysbench
1565355205     0      8608   41.58   44.55    0.00   86.14     2      0.99      0.00   89728   4564   0.12      0.00      0.00      0.00  sysbench
1565355206     0      8608   43.00   41.00    0.00   84.00     2      0.00      0.00   89728   4564   0.12      0.00      0.00      0.00  sysbench
1565355207     0      8608   40.00   42.00    0.00   82.00     2      1.00      0.00   89728   4564   0.12      0.00      0.00      0.00  sysbench
1565355208     0      8608   45.00   43.00    0.00   88.00     2      0.00      0.00   89728   4564   0.12      0.00      0.00      0.00  sysbench
1565355209     0      8608   43.00   45.00    0.00   88.00     2      0.00      0.00   89728   4564   0.12      0.00      0.00      0.00  sysbench
1565355210     0      8608   45.00   43.00    0.00   88.00     2      0.00      0.00   89728   4564   0.12      0.00      0.00      0.00  sysbench
1565355211     0      8608   43.00   46.00    0.00   89.00     2      0.00      0.00   89728   4564   0.12      0.00      0.00      0.00  sysbench
1565355212     0      8608   39.00   41.00    0.00   80.00     2      0.00      0.00   89728   4564   0.12      0.00      0.00      0.00  sysbench
1565355213     0      8776    0.99    0.99    0.00    1.98     2   1558.42      0.00   89728   3516   0.09      0.00      0.00      0.00  sysbench
1565355214     0      8776   39.00   41.00    0.00   80.00     2    259.00      0.00   89728   4564   0.12      0.00      0.00      0.00  sysbench
1565355215     0      8776   39.00   41.00    0.00   80.00     2      1.00      0.00   89728   4564   0.12      0.00      0.00      0.00  sysbench
1565355216     0      8776   38.61   39.60    0.00   78.22     2      0.00      0.00   89728   4564   0.12      0.00      0.00      0.00  sysbench
1565355217     0      8776   38.00   36.00    0.00   74.00     2      2.00      0.00   89728   4564   0.12      0.00      0.00      0.00  sysbench
1565355218     0      8776   41.00   41.00    0.00   82.00     2      0.00      0.00   89728   4564   0.12      0.00      0.00      0.00  sysbench
1565355219     0      8776   36.63   39.60    0.00   76.24     2      0.00      0.00   89728   4564   0.12      0.00      0.00      0.00  sysbench
1565355220     0      8776   41.00   36.00    0.00   77.00     2      0.00      0.00   89728   4564   0.12      0.00      0.00      0.00  sysbench
1565355221     0      8776   35.00   36.00    0.00   71.00     2      0.00      0.00   89728   4564   0.12      0.00      0.00      0.00  sysbench
1565355222     0      8776   37.00   40.00    0.00   77.00     2      0.00      0.00   89728   4564   0.12      0.00      0.00      0.00  sysbench
1565355223     0      8943    1.00    1.00    0.00    2.00     1   1579.00      0.00   89728   3512   0.09      0.00      0.00      0.00  sysbench
1565355224     0      8943   37.00   38.00    0.00   75.00     1    257.00      0.00   89728   4560   0.12      0.00      0.00      0.00  sysbench
1565355225     0      8943   42.00   38.00    0.00   80.00     1      2.00      0.00   89728   4560   0.12      0.00      0.00      0.00  sysbench
1565355226     0      8943   42.00   40.00    0.00   82.00     1      1.00      0.00   89728   4560   0.12      0.00      0.00      0.00  sysbench
1565355227     0      8943   40.00   41.00    0.00   81.00     1      0.00      0.00   89728   4560   0.12      0.00      0.00      0.00  sysbench
1565355228     0      8943   39.00   41.00    0.00   80.00     1      0.00      0.00   89728   4560   0.12      0.00      0.00      0.00  sysbench
1565355229     0      8943   40.00   35.00    0.00   75.00     1      0.00      0.00   89728   4560   0.12      0.00      0.00      0.00  sysbench
1565355230     0      8943   36.00   37.00    0.00   73.00     1      0.00      0.00   89728   4560   0.12      0.00      0.00      0.00  sysbench
1565355231     0      8943   38.00   37.00    0.00   75.00     1      0.00      0.00   89728   4560   0.12      0.00      0.00      0.00  sysbench
1565355232     0      8943   35.00   35.00    0.00   70.00     1      0.00      0.00   89728   4560   0.12      0.00      0.00      0.00  sysbench
1565355233     0      9094    1.00    0.00    0.00    1.00     2   1572.00      0.00   89728   3512   0.09      0.00      0.00      0.00  sysbench
1565355234     0      9094   32.00   33.00    0.00   65.00     2    265.00      0.00   89728   4560   0.12      0.00      0.00      0.00  sysbench
1565355235     0      9094   34.00   34.00    0.00   68.00     2      0.00      0.00   89728   4560   0.12      0.00      0.00      0.00  sysbench
1565355236     0      9094   25.00   27.00    0.00   52.00     2      0.00      0.00   89728   4560   0.12      0.00      0.00      0.00  sysbench
1565355237     0      9094   38.00   36.00    0.00   74.00     2      0.00      0.00   89728   4560   0.12      0.00      0.00      0.00  sysbench
1565355238     0      9094   33.00   33.00    0.00   66.00     2      0.00      0.00   89728   4560   0.12      0.00      0.00      0.00  sysbench
1565355239     0      9094   37.00   36.00    0.00   73.00     2      1.00      0.00   89728   4560   0.12      0.00      0.00      0.00  sysbench
1565355240     0      9094   38.00   39.00    0.00   77.00     2      0.00      0.00   89728   4560   0.12      0.00      0.00      0.00  sysbench
1565355241     0      9094   39.00   40.00    0.00   79.00     2      0.00      0.00   89728   4560   0.12      0.00      0.00      0.00  sysbench
1565355242     0      9094   35.00   37.00    0.00   72.00     2      0.00      0.00   89728   4560   0.12      0.00      0.00      0.00  sysbench
1565355244     0      9262   30.00   34.00    0.00   64.00     1   1699.00      0.00   89728   4040   0.10      0.00      0.00      0.00  sysbench
1565355245     0      9262   37.00   38.00    0.00   75.00     1    133.00      0.00   89728   4564   0.12      0.00      0.00      0.00  sysbench
1565355246     0      9262   40.00   40.00    0.00   80.00     1      2.00      0.00   89728   4564   0.12      0.00      0.00      0.00  sysbench
1565355247     0      9262   39.00   40.00    0.00   79.00     1      1.00      0.00   89728   4564   0.12      0.00      0.00      0.00  sysbench
1565355248     0      9262   40.00   38.00    0.00   78.00     1      0.00      0.00   89728   4564   0.12      0.00      0.00      0.00  sysbench
1565355249     0      9262   41.00   41.00    0.00   82.00     1      0.00      0.00   89728   4564   0.12      0.00      0.00      0.00  sysbench
1565355250     0      9262   44.00   40.00    0.00   84.00     1      0.00      0.00   89728   4564   0.12      0.00      0.00      0.00  sysbench
1565355251     0      9262   34.65   35.64    0.00   70.30     1      0.00      0.00   89728   4564   0.12      0.00      0.00      0.00  sysbench
1565355252     0      9262   42.00   40.00    0.00   82.00     1      0.00      0.00   89728   4564   0.12      0.00      0.00      0.00  sysbench
1565355253     0      9262   39.00   35.00    0.00   74.00     1      0.00      0.00   89728   4564   0.12      0.00      0.00      0.00  sysbench
1565355254     0      9413   33.00   32.00    0.00   65.00     3   1700.00      0.00   89728   4036   0.10      0.00      0.00      0.00  sysbench
1565355255     0      9413   36.00   35.00    0.00   71.00     3    136.00      0.00   89728   4560   0.12      0.00      0.00      0.00  sysbench
1565355256     0      9413   32.00   34.00    0.00   66.00     3      1.00      0.00   89728   4560   0.12      0.00      0.00      0.00  sysbench
1565355257     0      9413   33.00   36.00    0.00   69.00     3      0.00      0.00   89728   4560   0.12      0.00      0.00      0.00  sysbench
1565355258     0      9413   36.00   32.00    0.00   68.00     3      0.00      0.00   89728   4560   0.12      0.00      0.00      0.00  sysbench
1565355259     0      9413   37.00   39.00    0.00   76.00     3      0.00      0.00   89728   4560   0.12      0.00      0.00      0.00  sysbench
1565355260     0      9413   38.00   35.00    0.00   73.00     3      0.00      0.00   89728   4560   0.12      0.00      0.00      0.00  sysbench
1565355261     0      9413   36.00   36.00    0.00   72.00     3      0.00      0.00   89728   4560   0.12      0.00      0.00      0.00  sysbench
1565355262     0      9413   35.00   32.00    0.00   67.00     3      0.00      0.00   89728   4560   0.12      0.00      0.00      0.00  sysbench
1565355263     0      9413   39.00   37.00    0.00   76.00     3      1.00      0.00   89728   4560   0.12      0.00      0.00      0.00  sysbench
1565355264     0      9580   37.00   36.00    0.00   73.00     1   1700.00      0.00   89728   4040   0.10      0.00      0.00      0.00  sysbench
1565355265     0      9580   39.00   41.00    0.00   80.00     1    138.00      0.00   89728   4564   0.12      0.00      0.00      0.00  sysbench
1565355266     0      9580   41.00   40.00    0.00   81.00     1      0.00      0.00   89728   4564   0.12      0.00      0.00      0.00  sysbench
1565355267     0      9580   43.00   37.00    0.00   80.00     1      0.00      0.00   89728   4564   0.12      0.00      0.00      0.00  sysbench
1565355268     0      9580   36.00   37.00    0.00   73.00     1      2.00      0.00   89728   4564   0.12      0.00      0.00      0.00  sysbench
1565355269     0      9580   31.00   27.00    0.00   58.00     1      0.00      0.00   89728   4564   0.12      0.00      0.00      0.00  sysbench
1565355270     0      9580   40.00   36.00    0.00   76.00     1      0.00      0.00   89728   4564   0.12      0.00      0.00      0.00  sysbench
1565355271     0      9580   34.00   35.00    0.00   69.00     1      0.00      0.00   89728   4564   0.12      0.00      0.00      0.00  sysbench
1565355272     0      9580   42.00   38.00    0.00   80.00     1      0.00      0.00   89728   4564   0.12      0.00      0.00      0.00  sysbench
1565355273     0      9580   41.00   43.00    0.00   84.00     1      0.00      0.00   89728   4564   0.12      0.00      0.00      0.00  sysbench
1565355274     0      9732   30.00   35.00    0.00   65.00     2   1706.00      0.00   89728   4040   0.10      0.00      0.00      0.00  sysbench
1565355275     0      9732   41.00   37.00    0.00   78.00     2    128.00      0.00   89728   4564   0.12      0.00      0.00      0.00  sysbench
1565355276     0      9732   39.00   33.00    0.00   72.00     2      2.00      0.00   89728   4564   0.12      0.00      0.00      0.00  sysbench
1565355277     0      9732   37.62   37.62    0.00   75.25     2      0.99      0.00   89728   4564   0.12      0.00      0.00      0.00  sysbench
1565355278     0      9732   37.00   38.00    0.00   75.00     2      0.00      0.00   89728   4564   0.12      0.00      0.00      0.00  sysbench
1565355279     0      9732   38.00   39.00    0.00   77.00     2      0.00      0.00   89728   4564   0.12      0.00      0.00      0.00  sysbench
1565355280     0      9732   39.00   39.00    0.00   78.00     2      0.00      0.00   89728   4564   0.12      0.00      0.00      0.00  sysbench
1565355281     0      9732   39.00   37.00    0.00   76.00     2      0.00      0.00   89728   4564   0.12      0.00      0.00      0.00  sysbench
1565355282     0      9732   42.00   41.00    0.00   83.00     2      0.00      0.00   89728   4564   0.12      0.00      0.00      0.00  sysbench
1565355283     0      9732   39.00   37.00    0.00   76.00     2      0.00      0.00   89728   4564   0.12      0.00      0.00      0.00  sysbench

1565355204     0      8608   43.69   45.63    0.00   89.32     2    242.72      0.00   89728   4564   0.12      0.00      0.00      0.00  sysbench
1565355205     0      8608   42.00   44.00    0.00   86.00     2      1.00      0.00   89728   4564   0.12      0.00      0.00      0.00  sysbench
1565355206     0      8608   42.00   40.00    0.00   82.00     2      0.00      0.00   89728   4564   0.12      0.00      0.00      0.00  sysbench
1565355207     0      8608   40.00   41.00    0.00   81.00     2      1.00      0.00   89728   4564   0.12      0.00      0.00      0.00  sysbench
1565355208     0      8608   44.00   44.00    0.00   88.00     2      0.00      0.00   89728   4564   0.12      0.00      0.00      0.00  sysbench
1565355209     0      8608   44.00   44.00    0.00   88.00     2      0.00      0.00   89728   4564   0.12      0.00      0.00      0.00  sysbench
1565355210     0      8608   44.00   45.00    0.00   89.00     2      0.00      0.00   89728   4564   0.12      0.00      0.00      0.00  sysbench
1565355211     0      8608   44.00   45.00    0.00   89.00     2      0.00      0.00   89728   4564   0.12      0.00      0.00      0.00  sysbench
1565355212     0      8608   39.00   41.00    0.00   80.00     2      0.00      0.00   89728   4564   0.12      0.00      0.00      0.00  sysbench
1565355213     0      8776    1.00    1.00    0.00    2.00     2   1577.00      0.00   89728   3516   0.09      0.00      0.00      0.00  sysbench
1565355214     0      8776   39.60   40.59    0.00   80.20     2    253.47      0.00   89728   4564   0.12      0.00      0.00      0.00  sysbench
1565355215     0      8776   39.00   42.00    0.00   81.00     2      1.00      0.00   89728   4564   0.12      0.00      0.00      0.00  sysbench
1565355216     0      8776   38.00   39.00    0.00   77.00     2      0.00      0.00   89728   4564   0.12      0.00      0.00      0.00  sysbench
1565355217     0      8776   39.00   36.00    0.00   75.00     2      2.00      0.00   89728   4564   0.12      0.00      0.00      0.00  sysbench
1565355218     0      8776   40.00   42.00    0.00   82.00     2      0.00      0.00   89728   4564   0.12      0.00      0.00      0.00  sysbench
1565355219     0      8776   37.00   39.00    0.00   76.00     2      0.00      0.00   89728   4564   0.12      0.00      0.00      0.00  sysbench
1565355220     0      8776   40.59   35.64    0.00   76.24     2      0.00      0.00   89728   4564   0.12      0.00      0.00      0.00  sysbench
1565355221     0      8776   35.00   36.00    0.00   71.00     2      0.00      0.00   89728   4564   0.12      0.00      0.00      0.00  sysbench
1565355222     0      8776   38.00   40.00    0.00   78.00     2      0.00      0.00   89728   4564   0.12      0.00      0.00      0.00  sysbench
1565355223     0      8943    1.00    1.00    0.00    2.00     1   1585.00      0.00   89728   3512   0.09      0.00      0.00      0.00  sysbench
1565355224     0      8943   37.00   38.00    0.00   75.00     1    251.00      0.00   89728   4560   0.12      0.00      0.00      0.00  sysbench
1565355225     0      8943   42.00   38.00    0.00   80.00     1      2.00      0.00   89728   4560   0.12      0.00      0.00      0.00  sysbench
1565355226     0      8943   41.58   40.59    0.00   82.18     1      0.99      0.00   89728   4560   0.12      0.00      0.00      0.00  sysbench
1565355227     0      8943   40.00   40.00    0.00   80.00     1      0.00      0.00   89728   4560   0.12      0.00      0.00      0.00  sysbench
1565355228     0      8943   40.00   41.00    0.00   81.00     1      0.00      0.00   89728   4560   0.12      0.00      0.00      0.00  sysbench
1565355229     0      8943   40.00   36.00    0.00   76.00     1      0.00      0.00   89728   4560   0.12      0.00      0.00      0.00  sysbench
1565355230     0      8943   36.00   37.00    0.00   73.00     1      0.00      0.00   89728   4560   0.12      0.00      0.00      0.00  sysbench
1565355231     0      8943   37.00   37.00    0.00   74.00     1      0.00      0.00   89728   4560   0.12      0.00      0.00      0.00  sysbench
1565355232     0      8943   36.00   35.00    0.00   71.00     1      0.00      0.00   89728   4560   0.12      0.00      0.00      0.00  sysbench
1565355233     0      9094    1.00    2.00    0.00    3.00     2   1583.00      0.00   89728   3512   0.09      0.00      0.00      0.00  sysbench
1565355234     0      9094   34.00   32.00    0.00   66.00     2    254.00      0.00   89728   4560   0.12      0.00      0.00      0.00  sysbench
1565355235     0      9094   33.00   34.00    0.00   67.00     2      0.00      0.00   89728   4560   0.12      0.00      0.00      0.00  sysbench
1565355236     0      9094   24.00   27.00    0.00   51.00     2      0.00      0.00   89728   4560   0.12      0.00      0.00      0.00  sysbench
1565355237     0      9094   38.00   35.00    0.00   73.00     2      0.00      0.00   89728   4560   0.12      0.00      0.00      0.00  sysbench
1565355238     0      9094   33.66   33.66    0.00   67.33     2      0.00      0.00   89728   4560   0.12      0.00      0.00      0.00  sysbench
1565355239     0      9094   36.00   36.00    0.00   72.00     2      1.00      0.00   89728   4560   0.12      0.00      0.00      0.00  sysbench
1565355240     0      9094   39.00   39.00    0.00   78.00     2      0.00      0.00   89728   4560   0.12      0.00      0.00      0.00  sysbench
1565355241     0      9094   39.00   40.00    0.00   79.00     2      0.00      0.00   89728   4560   0.12      0.00      0.00      0.00  sysbench
1565355242     0      9094   35.00   38.00    0.00   73.00     2      0.00      0.00   89728   4560   0.12      0.00      0.00      0.00  sysbench
1565355243     0      9262    1.00    1.00    0.00    2.00     1   1576.00      0.00   89728   3516   0.09      0.00      0.00      0.00  sysbench
1565355244     0      9262   30.00   33.00    0.00   63.00     1    256.00      0.00   89728   4564   0.12      0.00      0.00      0.00  sysbench
1565355245     0      9262   37.00   39.00    0.00   76.00     1      2.00      0.00   89728   4564   0.12      0.00      0.00      0.00  sysbench
1565355246     0      9262   40.00   42.00    0.00   82.00     1      1.00      0.00   89728   4564   0.12      0.00      0.00      0.00  sysbench
1565355247     0      9262   39.00   39.00    0.00   78.00     1      0.00      0.00   89728   4564   0.12      0.00      0.00      0.00  sysbench
1565355248     0      9262   40.00   38.00    0.00   78.00     1      0.00      0.00   89728   4564   0.12      0.00      0.00      0.00  sysbench
1565355249     0      9262   42.00   41.00    0.00   83.00     1      0.00      0.00   89728   4564   0.12      0.00      0.00      0.00  sysbench
1565355250     0      9262   44.00   40.00    0.00   84.00     1      0.00      0.00   89728   4564   0.12      0.00      0.00      0.00  sysbench
1565355251     0      9262   35.00   35.00    0.00   70.00     1      0.00      0.00   89728   4564   0.12      0.00      0.00      0.00  sysbench
1565355252     0      9262   42.00   41.00    0.00   83.00     1      0.00      0.00   89728   4564   0.12      0.00      0.00      0.00  sysbench
1565355253     0      9413    0.00    0.00    0.00    0.00     3   1569.00      0.00   89728   3512   0.09      0.00      0.00      0.00  sysbench
1565355254     0      9413   35.00   34.00    0.00   69.00     3    267.00      0.00   89728   4560   0.12      0.00      0.00      0.00  sysbench
1565355255     0      9413   35.64   33.66    0.00   69.31     3      0.99      0.00   89728   4560   0.12      0.00      0.00      0.00  sysbench
1565355256     0      9413   32.00   35.00    0.00   67.00     3      0.00      0.00   89728   4560   0.12      0.00      0.00      0.00  sysbench
1565355257     0      9413   33.00   37.00    0.00   70.00     3      0.00      0.00   89728   4560   0.12      0.00      0.00      0.00  sysbench
1565355258     0      9413   35.00   31.00    0.00   66.00     3      0.00      0.00   89728   4560   0.12      0.00      0.00      0.00  sysbench
1565355259     0      9413   38.00   38.00    0.00   76.00     3      0.00      0.00   89728   4560   0.12      0.00      0.00      0.00  sysbench
1565355260     0      9413   37.00   37.00    0.00   74.00     3      0.00      0.00   89728   4560   0.12      0.00      0.00      0.00  sysbench
1565355261     0      9413   37.00   35.00    0.00   72.00     3      0.00      0.00   89728   4560   0.12      0.00      0.00      0.00  sysbench
1565355262     0      9413   35.00   31.00    0.00   66.00     3      0.00      0.00   89728   4560   0.12      0.00      0.00      0.00  sysbench
1565355264     0      9580   38.00   38.00    0.00   76.00     1   1700.00      0.00   89728   4040   0.10      0.00      0.00      0.00  sysbench
1565355265     0      9580   40.00   41.00    0.00   81.00     1    138.00      0.00   89728   4564   0.12      0.00      0.00      0.00  sysbench
1565355266     0      9580   40.00   40.00    0.00   80.00     1      0.00      0.00   89728   4564   0.12      0.00      0.00      0.00  sysbench
1565355267     0      9580   44.00   37.00    0.00   81.00     1      0.00      0.00   89728   4564   0.12      0.00      0.00      0.00  sysbench
1565355268     0      9580   37.00   36.00    0.00   73.00     1      2.00      0.00   89728   4564   0.12      0.00      0.00      0.00  sysbench
1565355269     0      9580   31.00   28.00    0.00   59.00     1      0.00      0.00   89728   4564   0.12      0.00      0.00      0.00  sysbench
1565355270     0      9580   39.00   36.00    0.00   75.00     1      0.00      0.00   89728   4564   0.12      0.00      0.00      0.00  sysbench
1565355271     0      9580   34.00   35.00    0.00   69.00     1      0.00      0.00   89728   4564   0.12      0.00      0.00      0.00  sysbench
1565355272     0      9580   42.00   38.00    0.00   80.00     1      0.00      0.00   89728   4564   0.12      0.00      0.00      0.00  sysbench
1565355274     0      9732   32.00   37.00    0.00   69.00     2   1706.00      0.00   89728   4040   0.10      0.00      0.00      0.00  sysbench
1565355275     0      9732   41.00   37.00    0.00   78.00     2    128.00      0.00   89728   4564   0.12      0.00      0.00      0.00  sysbench
1565355276     0      9732   39.00   33.00    0.00   72.00     2      2.00      0.00   89728   4564   0.12      0.00      0.00      0.00  sysbench
1565355277     0      9732   37.00   37.00    0.00   74.00     2      1.00      0.00   89728   4564   0.12      0.00      0.00      0.00  sysbench
1565355278     0      9732   38.00   38.00    0.00   76.00     2      0.00      0.00   89728   4564   0.12      0.00      0.00      0.00  sysbench
1565355279     0      9732   37.00   39.00    0.00   76.00     2      0.00      0.00   89728   4564   0.12      0.00      0.00      0.00  sysbench
1565355280     0      9732   38.61   38.61    0.00   77.23     2      0.00      0.00   89728   4564   0.12      0.00      0.00      0.00  sysbench
1565355281     0      9732   39.00   37.00    0.00   76.00     2      0.00      0.00   89728   4564   0.12      0.00      0.00      0.00  sysbench
1565355282     0      9732   42.00   41.00    0.00   83.00     2      0.00      0.00   89728   4564   0.12      0.00      0.00      0.00  sysbench
1565355283     0      9732   40.00   38.00    0.00   78.00     2      0.00      0.00   89728   4564   0.12      0.00      0.00      0.00  sysbench

1565355214     0      8776   38.24   41.18    0.00   79.41     2    259.80      0.00   89728   4564   0.12      0.00      0.00      0.00  sysbench
1565355215     0      8776   40.00   42.00    0.00   82.00     2      1.00      0.00   89728   4564   0.12      0.00      0.00      0.00  sysbench
1565355216     0      8776   37.62   38.61    0.00   76.24     2      0.00      0.00   89728   4564   0.12      0.00      0.00      0.00  sysbench
1565355217     0      8776   38.00   36.00    0.00   74.00     2      2.00      0.00   89728   4564   0.12      0.00      0.00      0.00  sysbench
1565355218     0      8776   41.00   42.00    0.00   83.00     2      0.00      0.00   89728   4564   0.12      0.00      0.00      0.00  sysbench
1565355219     0      8776   37.00   39.00    0.00   76.00     2      0.00      0.00   89728   4564   0.12      0.00      0.00      0.00  sysbench
1565355220     0      8776   41.00   36.00    0.00   77.00     2      0.00      0.00   89728   4564   0.12      0.00      0.00      0.00  sysbench
1565355221     0      8776   35.00   36.00    0.00   71.00     2      0.00      0.00   89728   4564   0.12      0.00      0.00      0.00  sysbench
1565355222     0      8776   38.00   40.00    0.00   78.00     2      0.00      0.00   89728   4564   0.12      0.00      0.00      0.00  sysbench
1565355223     0      8943    1.00    1.00    0.00    2.00     1   1585.00      0.00   89728   3512   0.09      0.00      0.00      0.00  sysbench
1565355224     0      8943   37.00   38.00    0.00   75.00     1    251.00      0.00   89728   4560   0.12      0.00      0.00      0.00  sysbench
1565355225     0      8943   42.00   38.00    0.00   80.00     1      2.00      0.00   89728   4560   0.12      0.00      0.00      0.00  sysbench
1565355226     0      8943   41.58   39.60    0.00   81.19     1      0.99      0.00   89728   4560   0.12      0.00      0.00      0.00  sysbench
1565355227     0      8943   40.00   42.00    0.00   82.00     1      0.00      0.00   89728   4560   0.12      0.00      0.00      0.00  sysbench
1565355228     0      8943   40.00   40.00    0.00   80.00     1      0.00      0.00   89728   4560   0.12      0.00      0.00      0.00  sysbench
1565355229     0      8943   39.00   36.00    0.00   75.00     1      0.00      0.00   89728   4560   0.12      0.00      0.00      0.00  sysbench
1565355230     0      8943   36.63   36.63    0.00   73.27     1      0.00      0.00   89728   4560   0.12      0.00      0.00      0.00  sysbench
1565355231     0      8943   37.00   37.00    0.00   74.00     1      0.00      0.00   89728   4560   0.12      0.00      0.00      0.00  sysbench
1565355232     0      8943   36.00   34.00    0.00   70.00     1      0.00      0.00   89728   4560   0.12      0.00      0.00      0.00  sysbench
1565355233     0      9094    1.00    1.00    0.00    2.00     2   1579.00      0.00   89728   3512   0.09      0.00      0.00      0.00  sysbench
1565355234     0      9094   33.00   33.00    0.00   66.00     2    258.00      0.00   89728   4560   0.12      0.00      0.00      0.00  sysbench
1565355235     0      9094   33.00   34.00    0.00   67.00     2      0.00      0.00   89728   4560   0.12      0.00      0.00      0.00  sysbench
1565355236     0      9094   25.00   26.00    0.00   51.00     2      0.00      0.00   89728   4560   0.12      0.00      0.00      0.00  sysbench
1565355237     0      9094   38.00   36.00    0.00   74.00     2      0.00      0.00   89728   4560   0.12      0.00      0.00      0.00  sysbench
1565355238     0      9094   34.00   33.00    0.00   67.00     2      0.00      0.00   89728   4560   0.12      0.00      0.00      0.00  sysbench
1565355239     0      9094   36.00   37.00    0.00   73.00     2      1.00      0.00   89728   4560   0.12      0.00      0.00      0.00  sysbench
1565355240     0      9094   38.00   39.00    0.00   77.00     2      0.00      0.00   89728   4560   0.12      0.00      0.00      0.00  sysbench
1565355241     0      9094   39.00   39.00    0.00   78.00     2      0.00      0.00   89728   4560   0.12      0.00      0.00      0.00  sysbench
1565355242     0      9094   36.00   38.00    0.00   74.00     2      0.00      0.00   89728   4560   0.12      0.00      0.00      0.00  sysbench
1565355243     0      9262    0.00    1.00    0.00    1.00     1   1571.00      0.00   89728   3516   0.09      0.00      0.00      0.00  sysbench
1565355244     0      9262   31.00   33.00    0.00   64.00     1    261.00      0.00   89728   4564   0.12      0.00      0.00      0.00  sysbench
1565355245     0      9262   36.00   38.00    0.00   74.00     1      2.00      0.00   89728   4564   0.12      0.00      0.00      0.00  sysbench
1565355246     0      9262   41.00   42.00    0.00   83.00     1      1.00      0.00   89728   4564   0.12      0.00      0.00      0.00  sysbench
1565355247     0      9262   39.00   40.00    0.00   79.00     1      0.00      0.00   89728   4564   0.12      0.00      0.00      0.00  sysbench
1565355248     0      9262   40.00   37.00    0.00   77.00     1      0.00      0.00   89728   4564   0.12      0.00      0.00      0.00  sysbench
1565355249     0      9262   41.00   41.00    0.00   82.00     1      0.00      0.00   89728   4564   0.12      0.00      0.00      0.00  sysbench
1565355250     0      9262   44.00   40.00    0.00   84.00     1      0.00      0.00   89728   4564   0.12      0.00      0.00      0.00  sysbench
1565355251     0      9262   35.00   35.00    0.00   70.00     1      0.00      0.00   89728   4564   0.12      0.00      0.00      0.00  sysbench
1565355252     0      9262   42.00   41.00    0.00   83.00     1      0.00      0.00   89728   4564   0.12      0.00      0.00      0.00  sysbench
1565355254     0      9413   34.00   33.00    0.00   67.00     3   1742.00      0.00   89728   4036   0.10      0.00      0.00      0.00  sysbench
1565355255     0      9413   37.00   35.00    0.00   72.00     3     95.00      0.00   89728   4560   0.12      0.00      0.00      0.00  sysbench
1565355256     0      9413   31.00   34.00    0.00   65.00     3      0.00      0.00   89728   4560   0.12      0.00      0.00      0.00  sysbench
1565355257     0      9413   33.00   37.00    0.00   70.00     3      0.00      0.00   89728   4560   0.12      0.00      0.00      0.00  sysbench
1565355258     0      9413   36.00   32.00    0.00   68.00     3      0.00      0.00   89728   4560   0.12      0.00      0.00      0.00  sysbench
1565355259     0      9413   37.00   38.00    0.00   75.00     3      0.00      0.00   89728   4560   0.12      0.00      0.00      0.00  sysbench
1565355260     0      9413   37.00   36.00    0.00   73.00     3      0.00      0.00   89728   4560   0.12      0.00      0.00      0.00  sysbench
1565355261     0      9413   37.00   35.00    0.00   72.00     3      0.00      0.00   89728   4560   0.12      0.00      0.00      0.00  sysbench
1565355262     0      9413   35.00   31.00    0.00   66.00     3      0.00      0.00   89728   4560   0.12      0.00      0.00      0.00  sysbench
1565355263     0      9413   39.00   38.00    0.00   77.00     3      1.00      0.00   89728   4560   0.12      0.00      0.00      0.00  sysbench
1565355264     0      9580   37.00   37.00    0.00   74.00     1   1700.00      0.00   89728   4040   0.10      0.00      0.00      0.00  sysbench
1565355265     0      9580   40.00   41.00    0.00   81.00     1    138.00      0.00   89728   4564   0.12      0.00      0.00      0.00  sysbench
1565355266     0      9580   40.00   40.00    0.00   80.00     1      0.00      0.00   89728   4564   0.12      0.00      0.00      0.00  sysbench
1565355267     0      9580   44.00   37.00    0.00   81.00     1      0.00      0.00   89728   4564   0.12      0.00      0.00      0.00  sysbench
1565355268     0      9580   37.00   37.00    0.00   74.00     1      2.00      0.00   89728   4564   0.12      0.00      0.00      0.00  sysbench
1565355269     0      9580   31.00   28.00    0.00   59.00     1      0.00      0.00   89728   4564   0.12      0.00      0.00      0.00  sysbench
1565355270     0      9580   39.00   35.00    0.00   74.00     1      0.00      0.00   89728   4564   0.12      0.00      0.00      0.00  sysbench
1565355271     0      9580   34.00   35.00    0.00   69.00     1      0.00      0.00   89728   4564   0.12      0.00      0.00      0.00  sysbench
1565355272     0      9580   42.00   38.00    0.00   80.00     1      0.00      0.00   89728   4564   0.12      0.00      0.00      0.00  sysbench
1565355273     0      9580   41.00   44.00    0.00   85.00     1      0.00      0.00   89728   4564   0.12      0.00      0.00      0.00  sysbench
1565355274     0      9732   32.00   36.00    0.00   68.00     2   1706.00      0.00   89728   4040   0.10      0.00      0.00      0.00  sysbench
1565355275     0      9732   40.00   37.00    0.00   77.00     2    128.00      0.00   89728   4564   0.12      0.00      0.00      0.00  sysbench
1565355276     0      9732   39.00   33.00    0.00   72.00     2      2.00      0.00   89728   4564   0.12      0.00      0.00      0.00  sysbench
1565355277     0      9732   37.00   37.00    0.00   74.00     2      1.00      0.00   89728   4564   0.12      0.00      0.00      0.00  sysbench
1565355278     0      9732   38.00   38.00    0.00   76.00     2      0.00      0.00   89728   4564   0.12      0.00      0.00      0.00  sysbench
1565355279     0      9732   38.00   39.00    0.00   77.00     2      0.00      0.00   89728   4564   0.12      0.00      0.00      0.00  sysbench
1565355280     0      9732   39.00   39.00    0.00   78.00     2      0.00      0.00   89728   4564   0.12      0.00      0.00      0.00  sysbench
1565355281     0      9732   39.00   37.00    0.00   76.00     2      0.00      0.00   89728   4564   0.12      0.00      0.00      0.00  sysbench
1565355282     0      9732   41.00   41.00    0.00   82.00     2      0.00      0.00   89728   4564   0.12      0.00      0.00      0.00  sysbench
1565355283     0      9732   40.00   38.00    0.00   78.00     2      0.00      0.00   89728   4564   0.12      0.00      0.00      0.00  sysbench

1565355224     0      8943   35.92   36.89    0.00   72.82     1    246.60      0.00   89728   4560   0.12      0.00      0.00      0.00  sysbench
1565355225     0      8943   42.00   38.00    0.00   80.00     1      2.00      0.00   89728   4560   0.12      0.00      0.00      0.00  sysbench
1565355226     0      8943   41.58   40.59    0.00   82.18     1      0.99      0.00   89728   4560   0.12      0.00      0.00      0.00  sysbench
1565355227     0      8943   41.00   41.00    0.00   82.00     1      0.00      0.00   89728   4560   0.12      0.00      0.00      0.00  sysbench
1565355228     0      8943   38.61   39.60    0.00   78.22     1      0.00      0.00   89728   4560   0.12      0.00      0.00      0.00  sysbench
1565355229     0      8943   40.00   37.00    0.00   77.00     1      0.00      0.00   89728   4560   0.12      0.00      0.00      0.00  sysbench
1565355230     0      8943   35.64   36.63    0.00   72.28     1      0.00      0.00   89728   4560   0.12      0.00      0.00      0.00  sysbench
1565355231     0      8943   37.00   36.00    0.00   73.00     1      0.00      0.00   89728   4560   0.12      0.00      0.00      0.00  sysbench
1565355232     0      8943   36.00   35.00    0.00   71.00     1      0.00      0.00   89728   4560   0.12      0.00      0.00      0.00  sysbench
1565355233     0      9094    1.00    2.00    0.00    3.00     2   1584.00      0.00   89728   3512   0.09      0.00      0.00      0.00  sysbench
1565355234     0      9094   33.66   32.67    0.00   66.34     2    250.50      0.00   89728   4560   0.12      0.00      0.00      0.00  sysbench
1565355235     0      9094   34.00   34.00    0.00   68.00     2      0.00      0.00   89728   4560   0.12      0.00      0.00      0.00  sysbench
1565355236     0      9094   24.00   27.00    0.00   51.00     2      0.00      0.00   89728   4560   0.12      0.00      0.00      0.00  sysbench
1565355237     0      9094   39.00   35.00    0.00   74.00     2      0.00      0.00   89728   4560   0.12      0.00      0.00      0.00  sysbench
1565355238     0      9094   33.00   33.00    0.00   66.00     2      0.00      0.00   89728   4560   0.12      0.00      0.00      0.00  sysbench
1565355239     0      9094   37.62   37.62    0.00   75.25     2      0.99      0.00   89728   4560   0.12      0.00      0.00      0.00  sysbench
1565355240     0      9094   38.00   39.00    0.00   77.00     2      0.00      0.00   89728   4560   0.12      0.00      0.00      0.00  sysbench
1565355241     0      9094   38.00   39.00    0.00   77.00     2      0.00      0.00   89728   4560   0.12      0.00      0.00      0.00  sysbench
1565355242     0      9094   36.00   38.00    0.00   74.00     2      0.00      0.00   89728   4560   0.12      0.00      0.00      0.00  sysbench
1565355243     0      9262    1.98    2.97    0.00    4.95     1   1577.23      0.00   89728   3516   0.09      0.00      0.00      0.00  sysbench
1565355244     0      9262   30.00   32.00    0.00   62.00     1    239.00      0.00   89728   4564   0.12      0.00      0.00      0.00  sysbench
1565355245     0      9262   38.00   40.00    0.00   78.00     1      2.00      0.00   89728   4564   0.12      0.00      0.00      0.00  sysbench
1565355246     0      9262   40.00   41.00    0.00   81.00     1      1.00      0.00   89728   4564   0.12      0.00      0.00      0.00  sysbench
1565355247     0      9262   39.00   39.00    0.00   78.00     1      0.00      0.00   89728   4564   0.12      0.00      0.00      0.00  sysbench
1565355248     0      9262   39.00   38.00    0.00   77.00     1      0.00      0.00   89728   4564   0.12      0.00      0.00      0.00  sysbench
1565355249     0      9262   43.00   41.00    0.00   84.00     1      0.00      0.00   89728   4564   0.12      0.00      0.00      0.00  sysbench
1565355250     0      9262   42.57   40.59    0.00   83.17     1      0.00      0.00   89728   4564   0.12      0.00      0.00      0.00  sysbench
1565355251     0      9262   34.00   34.00    0.00   68.00     1      0.00      0.00   89728   4564   0.12      0.00      0.00      0.00  sysbench
1565355252     0      9262   44.00   41.00    0.00   85.00     1      0.00      0.00   89728   4564   0.12      0.00      0.00      0.00  sysbench
1565355253     0      9413    1.00    1.00    0.00    2.00     3   1578.00      0.00   89728   3512   0.09      0.00      0.00      0.00  sysbench
1565355254     0      9413   35.00   35.00    0.00   70.00     3    258.00      0.00   89728   4560   0.12      0.00      0.00      0.00  sysbench
1565355255     0      9413   37.00   33.00    0.00   70.00     3      1.00      0.00   89728   4560   0.12      0.00      0.00      0.00  sysbench
1565355256     0      9413   31.68   35.64    0.00   67.33     3      0.00      0.00   89728   4560   0.12      0.00      0.00      0.00  sysbench
1565355257     0      9413   32.00   36.00    0.00   68.00     3      0.00      0.00   89728   4560   0.12      0.00      0.00      0.00  sysbench
1565355258     0      9413   36.00   32.00    0.00   68.00     3      0.00      0.00   89728   4560   0.12      0.00      0.00      0.00  sysbench
1565355259     0      9413   38.61   38.61    0.00   77.23     3      0.00      0.00   89728   4560   0.12      0.00      0.00      0.00  sysbench
1565355260     0      9413   37.00   36.00    0.00   73.00     3      0.00      0.00   89728   4560   0.12      0.00      0.00      0.00  sysbench
1565355261     0      9413   36.00   35.00    0.00   71.00     3      0.00      0.00   89728   4560   0.12      0.00      0.00      0.00  sysbench
1565355262     0      9413   36.00   32.00    0.00   68.00     3      0.00      0.00   89728   4560   0.12      0.00      0.00      0.00  sysbench
1565355263     0      9580    3.00    2.00    0.00    5.00     1   1596.00      0.00   89728   3516   0.09      0.00      0.00      0.00  sysbench
1565355264     0      9580   38.00   38.00    0.00   76.00     1    242.00      0.00   89728   4564   0.12      0.00      0.00      0.00  sysbench
1565355265     0      9580   40.00   41.00    0.00   81.00     1      0.00      0.00   89728   4564   0.12      0.00      0.00      0.00  sysbench
1565355266     0      9580   40.59   40.59    0.00   81.19     1      0.00      0.00   89728   4564   0.12      0.00      0.00      0.00  sysbench
1565355267     0      9580   42.57   36.63    0.00   79.21     1      1.98      0.00   89728   4564   0.12      0.00      0.00      0.00  sysbench
1565355268     0      9580   36.63   35.64    0.00   72.28     1      0.00      0.00   89728   4564   0.12      0.00      0.00      0.00  sysbench
1565355269     0      9580   32.00   28.00    0.00   60.00     1      0.00      0.00   89728   4564   0.12      0.00      0.00      0.00  sysbench
1565355270     0      9580   39.00   38.00    0.00   77.00     1      0.00      0.00   89728   4564   0.12      0.00      0.00      0.00  sysbench
1565355271     0      9580   34.00   33.00    0.00   67.00     1      0.00      0.00   89728   4564   0.12      0.00      0.00      0.00  sysbench
1565355272     0      9580   42.00   39.00    0.00   81.00     1      0.00      0.00   89728   4564   0.12      0.00      0.00      0.00  sysbench
1565355273     0      9732    3.00    4.00    0.00    7.00     2   1602.00      0.00   89728   3516   0.09      0.00      0.00      0.00  sysbench
1565355274     0      9732   31.68   35.64    0.00   67.33     2    229.70      0.00   89728   4564   0.12      0.00      0.00      0.00  sysbench
1565355275     0      9732   41.00   38.00    0.00   79.00     2      2.00      0.00   89728   4564   0.12      0.00      0.00      0.00  sysbench
1565355276     0      9732   40.00   33.00    0.00   73.00     2      1.00      0.00   89728   4564   0.12      0.00      0.00      0.00  sysbench
1565355277     0      9732   36.00   37.00    0.00   73.00     2      0.00      0.00   89728   4564   0.12      0.00      0.00      0.00  sysbench
1565355278     0      9732   38.00   39.00    0.00   77.00     2      0.00      0.00   89728   4564   0.12      0.00      0.00      0.00  sysbench
1565355279     0      9732   38.00   37.00    0.00   75.00     2      0.00      0.00   89728   4564   0.12      0.00      0.00      0.00  sysbench
1565355280     0      9732   39.00   39.00    0.00   78.00     2      0.00      0.00   89728   4564   0.12      0.00      0.00      0.00  sysbench
1565355281     0      9732   40.00   39.00    0.00   79.00     2      0.00      0.00   89728   4564   0.12      0.00      0.00      0.00  sysbench
1565355282     0      9732   41.00   40.00    0.00   81.00     2      0.00      0.00   89728   4564   0.12      0.00      0.00      0.00  sysbench

1565355234     0      9094   33.33   32.35    0.00   65.69     2    258.82      0.00   89728   4560   0.12      0.00      0.00      0.00  sysbench
1565355235     0      9094   33.00   34.00    0.00   67.00     2      0.00      0.00   89728   4560   0.12      0.00      0.00      0.00  sysbench
1565355236     0      9094   25.00   27.00    0.00   52.00     2      0.00      0.00   89728   4560   0.12      0.00      0.00      0.00  sysbench
1565355237     0      9094   38.00   35.00    0.00   73.00     2      0.00      0.00   89728   4560   0.12      0.00      0.00      0.00  sysbench
1565355238     0      9094   32.67   33.66    0.00   66.34     2      0.00      0.00   89728   4560   0.12      0.00      0.00      0.00  sysbench
1565355239     0      9094   37.00   37.00    0.00   74.00     2      1.00      0.00   89728   4560   0.12      0.00      0.00      0.00  sysbench
1565355240     0      9094   38.00   38.00    0.00   76.00     2      0.00      0.00   89728   4560   0.12      0.00      0.00      0.00  sysbench
1565355241     0      9094   39.00   41.00    0.00   80.00     2      0.00      0.00   89728   4560   0.12      0.00      0.00      0.00  sysbench
1565355242     0      9094   36.00   37.00    0.00   73.00     2      0.00      0.00   89728   4560   0.12      0.00      0.00      0.00  sysbench
1565355243     0      9262    1.00    2.00    0.00    3.00     1   1580.00      0.00   89728   3516   0.09      0.00      0.00      0.00  sysbench
1565355244     0      9262   31.00   32.00    0.00   63.00     1    252.00      0.00   89728   4564   0.12      0.00      0.00      0.00  sysbench
1565355245     0      9262   36.00   39.00    0.00   75.00     1      2.00      0.00   89728   4564   0.12      0.00      0.00      0.00  sysbench
1565355246     0      9262   41.00   42.00    0.00   83.00     1      1.00      0.00   89728   4564   0.12      0.00      0.00      0.00  sysbench
1565355247     0      9262   39.00   39.00    0.00   78.00     1      0.00      0.00   89728   4564   0.12      0.00      0.00      0.00  sysbench
1565355248     0      9262   40.00   39.00    0.00   79.00     1      0.00      0.00   89728   4564   0.12      0.00      0.00      0.00  sysbench
1565355249     0      9262   41.00   40.00    0.00   81.00     1      0.00      0.00   89728   4564   0.12      0.00      0.00      0.00  sysbench
1565355250     0      9262   44.00   40.00    0.00   84.00     1      0.00      0.00   89728   4564   0.12      0.00      0.00      0.00  sysbench
1565355251     0      9262   35.00   35.00    0.00   70.00     1      0.00      0.00   89728   4564   0.12      0.00      0.00      0.00  sysbench
1565355252     0      9262   41.58   40.59    0.00   82.18     1      0.00      0.00   89728   4564   0.12      0.00      0.00      0.00  sysbench
1565355253     0      9413    0.00    0.00    0.00    0.00     3   1569.00      0.00   89728   3512   0.09      0.00      0.00      0.00  sysbench
1565355254     0      9413   35.00   35.00    0.00   70.00     3    267.00      0.00   89728   4560   0.12      0.00      0.00      0.00  sysbench
1565355255     0      9413   36.00   33.00    0.00   69.00     3      1.00      0.00   89728   4560   0.12      0.00      0.00      0.00  sysbench
1565355256     0      9413   33.00   36.00    0.00   69.00     3      0.00      0.00   89728   4560   0.12      0.00      0.00      0.00  sysbench
1565355257     0      9413   32.00   36.00    0.00   68.00     3      0.00      0.00   89728   4560   0.12      0.00      0.00      0.00  sysbench
1565355258     0      9413   36.00   31.00    0.00   67.00     3      0.00      0.00   89728   4560   0.12      0.00      0.00      0.00  sysbench
1565355259     0      9413   38.00   39.00    0.00   77.00     3      0.00      0.00   89728   4560   0.12      0.00      0.00      0.00  sysbench
1565355260     0      9413   36.00   36.00    0.00   72.00     3      0.00      0.00   89728   4560   0.12      0.00      0.00      0.00  sysbench
1565355261     0      9413   37.00   35.00    0.00   72.00     3      0.00      0.00   89728   4560   0.12      0.00      0.00      0.00  sysbench
1565355262     0      9413   36.00   31.00    0.00   67.00     3      0.00      0.00   89728   4560   0.12      0.00      0.00      0.00  sysbench
1565355263     0      9580    0.00    0.00    0.00    0.00     1   1566.00      0.00   89728   3516   0.09      0.00      0.00      0.00  sysbench
1565355264     0      9580   39.00   39.00    0.00   78.00     1    272.00      0.00   89728   4564   0.12      0.00      0.00      0.00  sysbench
1565355265     0      9580   39.00   40.00    0.00   79.00     1      0.00      0.00   89728   4564   0.12      0.00      0.00      0.00  sysbench
1565355266     0      9580   40.00   40.00    0.00   80.00     1      0.00      0.00   89728   4564   0.12      0.00      0.00      0.00  sysbench
1565355267     0      9580   44.00   37.00    0.00   81.00     1      2.00      0.00   89728   4564   0.12      0.00      0.00      0.00  sysbench
1565355268     0      9580   37.00   36.00    0.00   73.00     1      0.00      0.00   89728   4564   0.12      0.00      0.00      0.00  sysbench
1565355269     0      9580   31.00   28.00    0.00   59.00     1      0.00      0.00   89728   4564   0.12      0.00      0.00      0.00  sysbench
1565355270     0      9580   39.00   36.00    0.00   75.00     1      0.00      0.00   89728   4564   0.12      0.00      0.00      0.00  sysbench
1565355271     0      9580   35.00   35.00    0.00   70.00     1      0.00      0.00   89728   4564   0.12      0.00      0.00      0.00  sysbench
1565355272     0      9580   41.00   38.00    0.00   79.00     1      0.00      0.00   89728   4564   0.12      0.00      0.00      0.00  sysbench
1565355274     0      9732   32.00   37.00    0.00   69.00     2   1706.00      0.00   89728   4040   0.10      0.00      0.00      0.00  sysbench
1565355275     0      9732   41.00   37.00    0.00   78.00     2    128.00      0.00   89728   4564   0.12      0.00      0.00      0.00  sysbench
1565355276     0      9732   39.00   34.00    0.00   73.00     2      2.00      0.00   89728   4564   0.12      0.00      0.00      0.00  sysbench
1565355277     0      9732   37.00   37.00    0.00   74.00     2      1.00      0.00   89728   4564   0.12      0.00      0.00      0.00  sysbench
1565355278     0      9732   38.00   38.00    0.00   76.00     2      0.00      0.00   89728   4564   0.12      0.00      0.00      0.00  sysbench
1565355279     0      9732   38.00   38.00    0.00   76.00     2      0.00      0.00   89728   4564   0.12      0.00      0.00      0.00  sysbench
1565355280     0      9732   39.00   39.00    0.00   78.00     2      0.00      0.00   89728   4564   0.12      0.00      0.00      0.00  sysbench
1565355281     0      9732   39.00   38.00    0.00   77.00     2      0.00      0.00   89728   4564   0.12      0.00      0.00      0.00  sysbench
1565355282     0      9732   41.00   41.00    0.00   82.00     2      0.00      0.00   89728   4564   0.12      0.00      0.00      0.00  sysbench
1565355283     0      9732   40.00   37.00    0.00   77.00     2      0.00      0.00   89728   4564   0.12      0.00      0.00      0.00  sysbench

1565355244     0      9262   31.37   32.35    0.00   63.73     1    251.96      0.00   89728   4564   0.12      0.00      0.00      0.00  sysbench
1565355245     0      9262   36.63   39.60    0.00   76.24     1      1.98      0.00   89728   4564   0.12      0.00      0.00      0.00  sysbench
1565355246     0      9262   40.00   41.00    0.00   81.00     1      1.00      0.00   89728   4564   0.12      0.00      0.00      0.00  sysbench
1565355247     0      9262   39.00   39.00    0.00   78.00     1      0.00      0.00   89728   4564   0.12      0.00      0.00      0.00  sysbench
1565355248     0      9262   40.00   39.00    0.00   79.00     1      0.00      0.00   89728   4564   0.12      0.00      0.00      0.00  sysbench
1565355249     0      9262   41.00   40.00    0.00   81.00     1      0.00      0.00   89728   4564   0.12      0.00      0.00      0.00  sysbench
1565355250     0      9262   44.00   40.00    0.00   84.00     1      0.00      0.00   89728   4564   0.12      0.00      0.00      0.00  sysbench
1565355251     0      9262   35.00   35.00    0.00   70.00     1      0.00      0.00   89728   4564   0.12      0.00      0.00      0.00  sysbench
1565355252     0      9262   42.00   41.00    0.00   83.00     1      0.00      0.00   89728   4564   0.12      0.00      0.00      0.00  sysbench
1565355253     0      9413    0.00    0.00    0.00    0.00     3   1569.00      0.00   89728   3512   0.09      0.00      0.00      0.00  sysbench
1565355254     0      9413   35.00   35.00    0.00   70.00     3    267.00      0.00   89728   4560   0.12      0.00      0.00      0.00  sysbench
1565355255     0      9413   36.63   33.66    0.00   70.30     3      0.99      0.00   89728   4560   0.12      0.00      0.00      0.00  sysbench
1565355256     0      9413   32.00   35.00    0.00   67.00     3      0.00      0.00   89728   4560   0.12      0.00      0.00      0.00  sysbench
1565355257     0      9413   32.00   36.00    0.00   68.00     3      0.00      0.00   89728   4560   0.12      0.00      0.00      0.00  sysbench
1565355258     0      9413   36.00   31.00    0.00   67.00     3      0.00      0.00   89728   4560   0.12      0.00      0.00      0.00  sysbench
1565355259     0      9413   38.00   39.00    0.00   77.00     3      0.00      0.00   89728   4560   0.12      0.00      0.00      0.00  sysbench
1565355260     0      9413   36.00   36.00    0.00   72.00     3      0.00      0.00   89728   4560   0.12      0.00      0.00      0.00  sysbench
1565355261     0      9413   37.00   35.00    0.00   72.00     3      0.00      0.00   89728   4560   0.12      0.00      0.00      0.00  sysbench
1565355262     0      9413   36.00   31.00    0.00   67.00     3      0.00      0.00   89728   4560   0.12      0.00      0.00      0.00  sysbench
1565355263     0      9580    0.00    0.00    0.00    0.00     1   1568.00      0.00   89728   3516   0.09      0.00      0.00      0.00  sysbench
1565355264     0      9580   39.00   39.00    0.00   78.00     1    270.00      0.00   89728   4564   0.12      0.00      0.00      0.00  sysbench
1565355265     0      9580   40.00   41.00    0.00   81.00     1      0.00      0.00   89728   4564   0.12      0.00      0.00      0.00  sysbench
1565355266     0      9580   40.00   39.00    0.00   79.00     1      0.00      0.00   89728   4564   0.12      0.00      0.00      0.00  sysbench
1565355267     0      9580   44.00   38.00    0.00   82.00     1      2.00      0.00   89728   4564   0.12      0.00      0.00      0.00  sysbench
1565355268     0      9580   36.00   35.00    0.00   71.00     1      0.00      0.00   89728   4564   0.12      0.00      0.00      0.00  sysbench
1565355269     0      9580   32.00   28.00    0.00   60.00     1      0.00      0.00   89728   4564   0.12      0.00      0.00      0.00  sysbench
1565355270     0      9580   38.00   36.00    0.00   74.00     1      0.00      0.00   89728   4564   0.12      0.00      0.00      0.00  sysbench
1565355271     0      9580   35.00   35.00    0.00   70.00     1      0.00      0.00   89728   4564   0.12      0.00      0.00      0.00  sysbench
1565355272     0      9580   42.00   39.00    0.00   81.00     1      0.00      0.00   89728   4564   0.12      0.00      0.00      0.00  sysbench
1565355274     0      9732   33.00   38.00    0.00   71.00     2   1834.00      0.00   89728   4564   0.12      0.00      0.00      0.00  sysbench
1565355275     0      9732   40.00   36.00    0.00   76.00     2      0.00      0.00   89728   4564   0.12      0.00      0.00      0.00  sysbench
1565355276     0      9732   39.00   34.00    0.00   73.00     2      2.00      0.00   89728   4564   0.12      0.00      0.00      0.00  sysbench
1565355277     0      9732   37.00   37.00    0.00   74.00     2      1.00      0.00   89728   4564   0.12      0.00      0.00      0.00  sysbench
1565355278     0      9732   38.00   38.00    0.00   76.00     2      0.00      0.00   89728   4564   0.12      0.00      0.00      0.00  sysbench
1565355279     0      9732   38.00   39.00    0.00   77.00     2      0.00      0.00   89728   4564   0.12      0.00      0.00      0.00  sysbench
1565355280     0      9732   40.00   39.00    0.00   79.00     2      0.00      0.00   89728   4564   0.12      0.00      0.00      0.00  sysbench
1565355281     0      9732   38.00   37.00    0.00   75.00     2      0.00      0.00   89728   4564   0.12      0.00      0.00      0.00  sysbench
1565355282     0      9732   41.58   41.58    0.00   83.17     2      0.00      0.00   89728   4564   0.12      0.00      0.00      0.00  sysbench

1565355254     0      9413   34.95   34.95    0.00   69.90     3    259.22      0.00   89728   4560   0.12      0.00      0.00      0.00  sysbench
1565355255     0      9413   37.00   33.00    0.00   70.00     3      1.00      0.00   89728   4560   0.12      0.00      0.00      0.00  sysbench
1565355256     0      9413   32.00   36.00    0.00   68.00     3      0.00      0.00   89728   4560   0.12      0.00      0.00      0.00  sysbench
1565355257     0      9413   32.00   36.00    0.00   68.00     3      0.00      0.00   89728   4560   0.12      0.00      0.00      0.00  sysbench
1565355258     0      9413   36.00   32.00    0.00   68.00     3      0.00      0.00   89728   4560   0.12      0.00      0.00      0.00  sysbench
1565355259     0      9413   38.00   38.00    0.00   76.00     3      0.00      0.00   89728   4560   0.12      0.00      0.00      0.00  sysbench
1565355260     0      9413   37.00   36.00    0.00   73.00     3      0.00      0.00   89728   4560   0.12      0.00      0.00      0.00  sysbench
1565355261     0      9413   36.00   35.00    0.00   71.00     3      0.00      0.00   89728   4560   0.12      0.00      0.00      0.00  sysbench
1565355262     0      9413   36.00   32.00    0.00   68.00     3      0.00      0.00   89728   4560   0.12      0.00      0.00      0.00  sysbench
1565355263     0      9580    1.98    0.99    0.00    2.97     1   1565.35      0.00   89728   3516   0.09      0.00      0.00      0.00  sysbench
1565355264     0      9580   38.00   39.00    0.00   77.00     1    257.00      0.00   89728   4564   0.12      0.00      0.00      0.00  sysbench
1565355265     0      9580   39.00   40.00    0.00   79.00     1      0.00      0.00   89728   4564   0.12      0.00      0.00      0.00  sysbench
1565355266     0      9580   42.00   41.00    0.00   83.00     1      0.00      0.00   89728   4564   0.12      0.00      0.00      0.00  sysbench
1565355267     0      9580   44.00   37.00    0.00   81.00     1      2.00      0.00   89728   4564   0.12      0.00      0.00      0.00  sysbench
1565355268     0      9580   35.00   36.00    0.00   71.00     1      0.00      0.00   89728   4564   0.12      0.00      0.00      0.00  sysbench
1565355269     0      9580   33.00   27.00    0.00   60.00     1      0.00      0.00   89728   4564   0.12      0.00      0.00      0.00  sysbench
1565355270     0      9580   38.00   37.00    0.00   75.00     1      0.00      0.00   89728   4564   0.12      0.00      0.00      0.00  sysbench
1565355271     0      9580   34.65   34.65    0.00   69.31     1      0.00      0.00   89728   4564   0.12      0.00      0.00      0.00  sysbench
1565355272     0      9580   41.00   38.00    0.00   79.00     1      0.00      0.00   89728   4564   0.12      0.00      0.00      0.00  sysbench
1565355273     0      9732    1.00    1.00    0.00    2.00     2   1579.00      0.00   89728   3516   0.09      0.00      0.00      0.00  sysbench
1565355274     0      9732   33.00   38.00    0.00   71.00     2    255.00      0.00   89728   4564   0.12      0.00      0.00      0.00  sysbench
1565355275     0      9732   40.00   37.00    0.00   77.00     2      2.00      0.00   89728   4564   0.12      0.00      0.00      0.00  sysbench
1565355276     0      9732   40.00   34.00    0.00   74.00     2      0.00      0.00   89728   4564   0.12      0.00      0.00      0.00  sysbench
1565355277     0      9732   37.00   36.00    0.00   73.00     2      1.00      0.00   89728   4564   0.12      0.00      0.00      0.00  sysbench
1565355278     0      9732   38.00   39.00    0.00   77.00     2      0.00      0.00   89728   4564   0.12      0.00      0.00      0.00  sysbench
1565355279     0      9732   37.00   38.00    0.00   75.00     2      0.00      0.00   89728   4564   0.12      0.00      0.00      0.00  sysbench
1565355280     0      9732   40.00   39.00    0.00   79.00     2      0.00      0.00   89728   4564   0.12      0.00      0.00      0.00  sysbench
1565355281     0      9732   39.00   38.00    0.00   77.00     2      0.00      0.00   89728   4564   0.12      0.00      0.00      0.00  sysbench
1565355282     0      9732   41.00   40.00    0.00   81.00     2      0.00      0.00   89728   4564   0.12      0.00      0.00      0.00  sysbench

1565355264     0      9580   37.86   38.83    0.00   76.70     1    260.19      0.00   89728   4564   0.12      0.00      0.00      0.00  sysbench
1565355265     0      9580   39.00   40.00    0.00   79.00     1      0.00      0.00   89728   4564   0.12      0.00      0.00      0.00  sysbench
1565355266     0      9580   41.00   40.00    0.00   81.00     1      0.00      0.00   89728   4564   0.12      0.00      0.00      0.00  sysbench
1565355267     0      9580   44.00   38.00    0.00   82.00     1      2.00      0.00   89728   4564   0.12      0.00      0.00      0.00  sysbench
1565355268     0      9580   36.00   36.00    0.00   72.00     1      0.00      0.00   89728   4564   0.12      0.00      0.00      0.00  sysbench
1565355269     0      9580   32.00   27.00    0.00   59.00     1      0.00      0.00   89728   4564   0.12      0.00      0.00      0.00  sysbench
1565355270     0      9580   39.00   36.00    0.00   75.00     1      0.00      0.00   89728   4564   0.12      0.00      0.00      0.00  sysbench
1565355271     0      9580   34.00   36.00    0.00   70.00     1      0.00      0.00   89728   4564   0.12      0.00      0.00      0.00  sysbench
1565355272     0      9580   42.00   38.00    0.00   80.00     1      0.00      0.00   89728   4564   0.12      0.00      0.00      0.00  sysbench
1565355273     0      9732    0.00    1.00    0.00    1.00     2   1577.00      0.00   89728   3516   0.09      0.00      0.00      0.00  sysbench
1565355274     0      9732   34.00   38.00    0.00   72.00     2    257.00      0.00   89728   4564   0.12      0.00      0.00      0.00  sysbench
1565355275     0      9732   40.00   37.00    0.00   77.00     2      2.00      0.00   89728   4564   0.12      0.00      0.00      0.00  sysbench
1565355276     0      9732   40.00   34.00    0.00   74.00     2      0.00      0.00   89728   4564   0.12      0.00      0.00      0.00  sysbench
1565355277     0      9732   37.00   36.00    0.00   73.00     2      1.00      0.00   89728   4564   0.12      0.00      0.00      0.00  sysbench
1565355278     0      9732   38.00   39.00    0.00   77.00     2      0.00      0.00   89728   4564   0.12      0.00      0.00      0.00  sysbench
1565355279     0      9732   37.00   38.00    0.00   75.00     2      0.00      0.00   89728   4564   0.12      0.00      0.00      0.00  sysbench
1565355280     0      9732   40.00   39.00    0.00   79.00     2      0.00      0.00   89728   4564   0.12      0.00      0.00      0.00  sysbench
1565355281     0      9732   38.00   38.00    0.00   76.00     2      0.00      0.00   89728   4564   0.12      0.00      0.00      0.00  sysbench
1565355282     0      9732   41.58   39.60    0.00   81.19     2      0.00      0.00   89728   4564   0.12      0.00      0.00      0.00  sysbench

1565355274     0      9732   33.33   37.25    0.00   70.59     2    252.94      0.00   89728   4564   0.12      0.00      0.00      0.00  sysbench
1565355275     0      9732   40.00   37.00    0.00   77.00     2      2.00      0.00   89728   4564   0.12      0.00      0.00      0.00  sysbench
1565355276     0      9732   40.00   34.00    0.00   74.00     2      0.00      0.00   89728   4564   0.12      0.00      0.00      0.00  sysbench
1565355277     0      9732   37.00   36.00    0.00   73.00     2      1.00      0.00   89728   4564   0.12      0.00      0.00      0.00  sysbench
1565355278     0      9732   37.62   39.60    0.00   77.23     2      0.00      0.00   89728   4564   0.12      0.00      0.00      0.00  sysbench
1565355279     0      9732   37.00   37.00    0.00   74.00     2      0.00      0.00   89728   4564   0.12      0.00      0.00      0.00  sysbench
1565355280     0      9732   41.00   40.00    0.00   81.00     2      0.00      0.00   89728   4564   0.12      0.00      0.00      0.00  sysbench
1565355281     0      9732   38.00   37.00    0.00   75.00     2      0.00      0.00   89728   4564   0.12      0.00      0.00      0.00  sysbench
1565355282     0      9732   41.00   40.00    0.00   81.00     2      0.00      0.00   89728   4564   0.12      0.00      0.00      0.00  sysbench

