1565353205     0      9430   46.08   49.02    0.00   95.10     0    243.14      0.00   89728   4556   0.12      0.00      0.00      0.00  sysbench
1565353206     0      9430   46.00   47.00    0.00   93.00     0      1.00      0.00   89728   4556   0.12      0.00      0.00      0.00  sysbench
1565353207     0      9430   49.00   48.00    0.00   97.00     0      0.00      0.00   89728   4556   0.12      0.00      0.00      0.00  sysbench
1565353208     0      9430   49.00   47.00    0.00   96.00     0      1.00      0.00   89728   4556   0.12      0.00      0.00      0.00  sysbench
1565353209     0      9430   47.52   45.54    0.00   93.07     0      0.00      0.00   89728   4556   0.12      0.00      0.00      0.00  sysbench
1565353210     0      9430   47.00   47.00    0.00   94.00     0      0.00      0.00   89728   4556   0.12      0.00      0.00      0.00  sysbench
1565353211     0      9430   49.00   43.00    0.00   92.00     0      0.00      0.00   89728   4556   0.12      0.00      0.00      0.00  sysbench
1565353212     0      9430   51.00   44.00    0.00   95.00     0      1.00      0.00   89728   4556   0.12      0.00      0.00      0.00  sysbench
1565353213     0      9430   46.00   49.00    0.00   95.00     0      0.00      0.00   89728   4556   0.12      0.00      0.00      0.00  sysbench

1565353215     0      9597   46.53   47.52    0.00   94.06     2    255.45      0.00   89728   4560   0.12      0.00      0.00      0.00  sysbench
1565353216     0      9597   46.00   48.00    0.00   94.00     2      1.00      0.00   89728   4560   0.12      0.00      0.00      0.00  sysbench
1565353217     0      9597   45.00   47.00    0.00   92.00     2      0.00      0.00   89728   4560   0.12      0.00      0.00      0.00  sysbench
1565353218     0      9597   45.00   49.00    0.00   94.00     2      1.00      0.00   89728   4560   0.12      0.00      0.00      0.00  sysbench
1565353219     0      9597   46.00   48.00    0.00   94.00     2      0.00      0.00   89728   4560   0.12      0.00      0.00      0.00  sysbench
1565353220     0      9597   48.00   45.00    0.00   93.00     2      0.00      0.00   89728   4560   0.12      0.00      0.00      0.00  sysbench
1565353221     0      9597   50.00   45.00    0.00   95.00     2      0.00      0.00   89728   4560   0.12      0.00      0.00      0.00  sysbench
1565353222     0      9597   45.54   46.53    0.00   92.08     2      0.00      0.00   89728   4560   0.12      0.00      0.00      0.00  sysbench
1565353223     0      9597   48.00   46.00    0.00   94.00     2      0.00      0.00   89728   4560   0.12      0.00      0.00      0.00  sysbench

1565353225     0      9763   47.06   47.06    0.00   94.12     3    254.90      0.00   89728   4564   0.12      0.00      0.00      0.00  sysbench
1565353226     0      9763   46.00   47.00    0.00   93.00     3      1.00      0.00   89728   4564   0.12      0.00      0.00      0.00  sysbench
1565353227     0      9763   48.00   46.00    0.00   94.00     3      0.00      0.00   89728   4564   0.12      0.00      0.00      0.00  sysbench
1565353228     0      9763   48.00   46.00    0.00   94.00     3      0.00      0.00   89728   4564   0.12      0.00      0.00      0.00  sysbench
1565353229     0      9763   47.00   46.00    0.00   93.00     3      0.00      0.00   89728   4564   0.12      0.00      0.00      0.00  sysbench
1565353230     0      9763   45.00   47.00    0.00   92.00     3      0.00      0.00   89728   4564   0.12      0.00      0.00      0.00  sysbench
1565353231     0      9763   52.00   40.00    0.00   92.00     3      0.00      0.00   89728   4564   0.12      0.00      0.00      0.00  sysbench
1565353232     0      9763   44.00   48.00    0.00   92.00     3      0.00      0.00   89728   4564   0.12      0.00      0.00      0.00  sysbench
1565353233     0      9763   46.00   49.00    0.00   95.00     3      0.00      0.00   89728   4564   0.12      0.00      0.00      0.00  sysbench

1565353235     0      9929   44.12   47.06    0.00   91.18     0    249.02      0.00   89728   4564   0.12      0.00      0.00      0.00  sysbench
1565353236     0      9929   47.00   47.00    0.00   94.00     0      1.00      0.00   89728   4564   0.12      0.00      0.00      0.00  sysbench
1565353237     0      9929   45.00   47.00    0.00   92.00     0      0.00      0.00   89728   4564   0.12      0.00      0.00      0.00  sysbench
1565353238     0      9929   47.00   43.00    0.00   90.00     0      0.00      0.00   89728   4564   0.12      0.00      0.00      0.00  sysbench
1565353239     0      9929   49.00   46.00    0.00   95.00     0      0.00      0.00   89728   4564   0.12      0.00      0.00      0.00  sysbench
1565353240     0      9929   48.00   46.00    0.00   94.00     0      0.00      0.00   89728   4564   0.12      0.00      0.00      0.00  sysbench
1565353241     0      9929   45.00   48.00    0.00   93.00     0      0.00      0.00   89728   4564   0.12      0.00      0.00      0.00  sysbench
1565353242     0      9929   48.00   46.00    0.00   94.00     0      1.00      0.00   89728   4564   0.12      0.00      0.00      0.00  sysbench
1565353243     0      9929   48.00   46.00    0.00   94.00     0      0.00      0.00   89728   4564   0.12      0.00      0.00      0.00  sysbench

1565353245     0     10080   47.06   46.08    0.00   93.14     3    250.00      0.00   89728   4564   0.12      0.00      0.00      0.00  sysbench
1565353246     0     10080   46.00   48.00    0.00   94.00     3      0.00      0.00   89728   4564   0.12      0.00      0.00      0.00  sysbench
1565353247     0     10080   46.00   47.00    0.00   93.00     3      1.00      0.00   89728   4564   0.12      0.00      0.00      0.00  sysbench
1565353248     0     10080   44.00   47.00    0.00   91.00     3      1.00      0.00   89728   4564   0.12      0.00      0.00      0.00  sysbench
1565353249     0     10080   48.00   45.00    0.00   93.00     3      0.00      0.00   89728   4564   0.12      0.00      0.00      0.00  sysbench
1565353250     0     10080   49.00   44.00    0.00   93.00     3      0.00      0.00   89728   4564   0.12      0.00      0.00      0.00  sysbench
1565353251     0     10080   42.00   46.00    0.00   88.00     3      0.00      0.00   89728   4564   0.12      0.00      0.00      0.00  sysbench
1565353252     0     10080   42.57   47.52    0.00   90.10     3      0.00      0.00   89728   4564   0.12      0.00      0.00      0.00  sysbench
1565353253     0     10080   44.00   46.00    0.00   90.00     3      0.00      0.00   89728   4564   0.12      0.00      0.00      0.00  sysbench

1565353255     0     10246   44.12   45.10    0.00   89.22     0    251.96      0.00   89728   4560   0.12      0.00      0.00      0.00  sysbench
1565353256     0     10246   45.00   45.00    0.00   90.00     0      0.00      0.00   89728   4560   0.12      0.00      0.00      0.00  sysbench
1565353257     0     10246   46.00   44.00    0.00   90.00     0      1.00      0.00   89728   4560   0.12      0.00      0.00      0.00  sysbench
1565353258     0     10246   44.00   45.00    0.00   89.00     0      0.00      0.00   89728   4560   0.12      0.00      0.00      0.00  sysbench
1565353259     0     10246   43.00   49.00    0.00   92.00     0      0.00      0.00   89728   4560   0.12      0.00      0.00      0.00  sysbench
1565353260     0     10246   46.00   45.00    0.00   91.00     0      0.00      0.00   89728   4560   0.12      0.00      0.00      0.00  sysbench
1565353261     0     10246   45.00   47.00    0.00   92.00     0      0.00      0.00   89728   4560   0.12      0.00      0.00      0.00  sysbench
1565353262     0     10246   47.00   44.00    0.00   91.00     0      0.00      0.00   89728   4560   0.12      0.00      0.00      0.00  sysbench
1565353263     0     10246   46.00   43.00    0.00   89.00     0      0.00      0.00   89728   4560   0.12      0.00      0.00      0.00  sysbench

1565353265     0     10412   47.52   45.54    0.00   93.07     2    257.43      0.00   89728   4564   0.12      0.00      0.00      0.00  sysbench
1565353266     0     10412   48.00   43.00    0.00   91.00     2      0.00      0.00   89728   4564   0.12      0.00      0.00      0.00  sysbench
1565353267     0     10412   47.00   47.00    0.00   94.00     2      1.00      0.00   89728   4564   0.12      0.00      0.00      0.00  sysbench
1565353268     0     10412   46.00   46.00    0.00   92.00     2      0.00      0.00   89728   4564   0.12      0.00      0.00      0.00  sysbench
1565353269     0     10412   44.00   48.00    0.00   92.00     2      0.00      0.00   89728   4564   0.12      0.00      0.00      0.00  sysbench
1565353270     0     10412   47.52   45.54    0.00   93.07     2      0.99      0.00   89728   4564   0.12      0.00      0.00      0.00  sysbench
1565353271     0     10412   48.51   45.54    0.00   94.06     2      0.00      0.00   89728   4564   0.12      0.00      0.00      0.00  sysbench
1565353272     0     10412   45.00   42.00    0.00   87.00     2      0.00      0.00   89728   4564   0.12      0.00      0.00      0.00  sysbench
1565353273     0     10412   46.00   44.00    0.00   90.00     2      0.00      0.00   89728   4564   0.12      0.00      0.00      0.00  sysbench

1565353275     0     10578   44.66   43.69    0.00   88.35     2    238.83      0.00   89728   4560   0.12      0.00      0.00      0.00  sysbench
1565353276     0     10578   44.00   46.00    0.00   90.00     2      1.00      0.00   89728   4560   0.12      0.00      0.00      0.00  sysbench
1565353277     0     10578   45.00   44.00    0.00   89.00     2      0.00      0.00   89728   4560   0.12      0.00      0.00      0.00  sysbench
1565353278     0     10578   47.00   45.00    0.00   92.00     2      1.00      0.00   89728   4560   0.12      0.00      0.00      0.00  sysbench
1565353279     0     10578   44.00   47.00    0.00   91.00     2      0.00      0.00   89728   4560   0.12      0.00      0.00      0.00  sysbench
1565353280     0     10578   46.00   43.00    0.00   89.00     2      0.00      0.00   89728   4560   0.12      0.00      0.00      0.00  sysbench
1565353281     0     10578   45.00   43.00    0.00   88.00     2      1.00      0.00   89728   4560   0.12      0.00      0.00      0.00  sysbench
1565353282     0     10578   42.00   46.00    0.00   88.00     2      0.00      0.00   89728   4560   0.12      0.00      0.00      0.00  sysbench
1565353283     0     10578   47.00   44.00    0.00   91.00     2      0.00      0.00   89728   4560   0.12      0.00      0.00      0.00  sysbench

1565353285     0     10729   48.04   46.08    0.00   94.12     3    263.73      0.00   89728   4564   0.12      0.00      0.00      0.00  sysbench
1565353286     0     10729   47.00   44.00    0.00   91.00     3      1.00      0.00   89728   4564   0.12      0.00      0.00      0.00  sysbench
1565353287     0     10729   50.00   42.00    0.00   92.00     3      0.00      0.00   89728   4564   0.12      0.00      0.00      0.00  sysbench
1565353288     0     10729   46.00   47.00    0.00   93.00     3      0.00      0.00   89728   4564   0.12      0.00      0.00      0.00  sysbench
1565353289     0     10729   46.00   46.00    0.00   92.00     3      1.00      0.00   89728   4564   0.12      0.00      0.00      0.00  sysbench
1565353290     0     10729   47.00   44.00    0.00   91.00     3      0.00      0.00   89728   4564   0.12      0.00      0.00      0.00  sysbench
1565353291     0     10729   48.00   45.00    0.00   93.00     3      0.00      0.00   89728   4564   0.12      0.00      0.00      0.00  sysbench
1565353292     0     10729   49.00   44.00    0.00   93.00     3      0.00      0.00   89728   4564   0.12      0.00      0.00      0.00  sysbench
1565353293     0     10729   47.00   47.00    0.00   94.00     3      0.00      0.00   89728   4564   0.12      0.00      0.00      0.00  sysbench

1565353295     0     10895   42.31   45.19    0.00   87.50     1    236.54      0.00   89728   4560   0.12      0.00      0.00      0.00  sysbench
1565353296     0     10895   45.00   47.00    0.00   92.00     1      1.00      0.00   89728   4560   0.12      0.00      0.00      0.00  sysbench
1565353297     0     10895   43.00   48.00    0.00   91.00     1      1.00      0.00   89728   4560   0.12      0.00      0.00      0.00  sysbench
1565353298     0     10895   47.00   46.00    0.00   93.00     1      0.00      0.00   89728   4560   0.12      0.00      0.00      0.00  sysbench
1565353299     0     10895   48.00   42.00    0.00   90.00     1      0.00      0.00   89728   4560   0.12      0.00      0.00      0.00  sysbench
1565353300     0     10895   45.00   45.00    0.00   90.00     1      0.00      0.00   89728   4560   0.12      0.00      0.00      0.00  sysbench
1565353301     0     10895   49.00   43.00    0.00   92.00     1      0.00      0.00   89728   4560   0.12      0.00      0.00      0.00  sysbench
1565353302     0     10895   44.00   47.00    0.00   91.00     1      0.00      0.00   89728   4560   0.12      0.00      0.00      0.00  sysbench
1565353303     0     10895   44.00   48.00    0.00   92.00     1      0.00      0.00   89728   4560   0.12      0.00      0.00      0.00  sysbench

