1565363667     0     10159   49.50   49.50    0.00   99.01     2    263.37      0.00   89728   4296   0.11      0.00      0.00      0.00  sysbench
1565363668     0     10159   52.00   47.00    0.00   99.00     2      1.00      0.00   89728   4296   0.11      0.00      0.00      0.00  sysbench
1565363669     0     10159   51.00   48.00    0.00   99.00     2      0.00      0.00   89728   4296   0.11      0.00      0.00      0.00  sysbench
1565363670     0     10159   49.00   50.00    0.00   99.00     2      0.00      0.00   89728   4296   0.11      0.00      0.00      0.00  sysbench
1565363671     0     10159   50.00   49.00    0.00   99.00     2      0.00      0.00   89728   4296   0.11      0.00      0.00      0.00  sysbench
1565363672     0     10159   50.00   48.00    0.00   98.00     2      0.00      0.00   89728   4296   0.11      0.00      0.00      0.00  sysbench
1565363673     0     10159   49.00   48.00    0.00   97.00     2      0.00      0.00   89728   4296   0.11      0.00      0.00      0.00  sysbench
1565363674     0     10159   50.00   49.00    0.00   99.00     2      0.00      0.00   89728   4296   0.11      0.00      0.00      0.00  sysbench
1565363675     0     10159   50.00   50.00    0.00  100.00     2      0.00      0.00   89728   4296   0.11      0.00      0.00      0.00  sysbench
1565363676     0     10310    1.00    0.00    0.00    1.00     2   1563.00      0.00   89728   3516   0.09      0.00      0.00      0.00  sysbench
1565363677     0     10310   51.00   49.00    0.00  100.00     2    272.00      0.00   89728   4300   0.11      0.00      0.00      0.00  sysbench
1565363678     0     10310   48.00   50.00    0.00   98.00     2      0.00      0.00   89728   4300   0.11      0.00      0.00      0.00  sysbench
1565363679     0     10310   51.00   48.00    0.00   99.00     2      0.00      0.00   89728   4300   0.11      0.00      0.00      0.00  sysbench
1565363680     0     10310   51.00   49.00    0.00  100.00     2      0.00      0.00   89728   4300   0.11      0.00      0.00      0.00  sysbench
1565363681     0     10310   47.00   50.00    0.00   97.00     2      1.00      0.00   89728   4300   0.11      0.00      0.00      0.00  sysbench
1565363682     0     10310   52.00   47.00    0.00   99.00     2      0.00      0.00   89728   4300   0.11      0.00      0.00      0.00  sysbench
1565363683     0     10310   51.00   47.00    0.00   98.00     2      0.00      0.00   89728   4300   0.11      0.00      0.00      0.00  sysbench
1565363684     0     10310   50.00   47.00    0.00   97.00     2      0.00      0.00   89728   4300   0.11      0.00      0.00      0.00  sysbench
1565363685     0     10310   51.00   49.00    0.00  100.00     2      0.00      0.00   89728   4300   0.11      0.00      0.00      0.00  sysbench
1565363687     0     10476   49.00   48.00    0.00   97.00     1   1670.00      0.00   89728   3776   0.10      0.00      0.00      0.00  sysbench
1565363688     0     10476   50.00   48.00    0.00   98.00     1    168.00      0.00   89728   4300   0.11      0.00      0.00      0.00  sysbench
1565363689     0     10476   50.00   48.00    0.00   98.00     1      0.00      0.00   89728   4300   0.11      0.00      0.00      0.00  sysbench
1565363690     0     10476   51.00   47.00    0.00   98.00     1      1.00      0.00   89728   4300   0.11      0.00      0.00      0.00  sysbench
1565363691     0     10476   53.00   46.00    0.00   99.00     1      0.00      0.00   89728   4300   0.11      0.00      0.00      0.00  sysbench
1565363692     0     10476   51.00   48.00    0.00   99.00     1      0.00      0.00   89728   4300   0.11      0.00      0.00      0.00  sysbench
1565363693     0     10476   50.00   48.00    0.00   98.00     1      0.00      0.00   89728   4300   0.11      0.00      0.00      0.00  sysbench
1565363694     0     10476   50.00   49.00    0.00   99.00     1      0.00      0.00   89728   4300   0.11      0.00      0.00      0.00  sysbench
1565363695     0     10476   50.00   48.00    0.00   98.00     1      0.00      0.00   89728   4300   0.11      0.00      0.00      0.00  sysbench
1565363696     0     10476   51.00   47.00    0.00   98.00     1      0.00      0.00   89728   4300   0.11      0.00      0.00      0.00  sysbench
1565363697     0     10642   47.00   48.00    0.00   95.00     1   1668.00      0.00   89728   3776   0.10      0.00      0.00      0.00  sysbench
1565363698     0     10642   47.00   51.00    0.00   98.00     1    166.00      0.00   89728   4300   0.11      0.00      0.00      0.00  sysbench
1565363699     0     10642   48.00   52.00    0.00  100.00     1      2.00      0.00   89728   4300   0.11      0.00      0.00      0.00  sysbench
1565363700     0     10642   49.00   49.00    0.00   98.00     1      0.00      0.00   89728   4300   0.11      0.00      0.00      0.00  sysbench
1565363701     0     10642   50.00   49.00    0.00   99.00     1      0.00      0.00   89728   4300   0.11      0.00      0.00      0.00  sysbench
1565363702     0     10642   51.00   46.00    0.00   97.00     1      0.00      0.00   89728   4300   0.11      0.00      0.00      0.00  sysbench
1565363703     0     10642   52.00   46.00    0.00   98.00     1      0.00      0.00   89728   4300   0.11      0.00      0.00      0.00  sysbench
1565363704     0     10642   51.00   48.00    0.00   99.00     1      0.00      0.00   89728   4300   0.11      0.00      0.00      0.00  sysbench
1565363705     0     10642   52.00   46.00    0.00   98.00     1      0.00      0.00   89728   4300   0.11      0.00      0.00      0.00  sysbench
1565363706     0     10642   51.00   46.00    0.00   97.00     1      0.00      0.00   89728   4300   0.11      0.00      0.00      0.00  sysbench
1565363707     0     10808   47.00   46.00    0.00   93.00     0   1666.00      0.00   89728   3772   0.10      0.00      0.00      0.00  sysbench
1565363708     0     10808   47.00   51.00    0.00   98.00     0    173.00      0.00   89728   4296   0.11      0.00      0.00      0.00  sysbench
1565363709     0     10808   50.00   46.00    0.00   96.00     0      1.00      0.00   89728   4296   0.11      0.00      0.00      0.00  sysbench
1565363710     0     10808   50.00   48.00    0.00   98.00     0      0.00      0.00   89728   4296   0.11      0.00      0.00      0.00  sysbench
1565363711     0     10808   49.00   49.00    0.00   98.00     0      0.00      0.00   89728   4296   0.11      0.00      0.00      0.00  sysbench
1565363712     0     10808   51.00   47.00    0.00   98.00     0      0.00      0.00   89728   4296   0.11      0.00      0.00      0.00  sysbench
1565363713     0     10808   48.00   50.00    0.00   98.00     0      0.00      0.00   89728   4296   0.11      0.00      0.00      0.00  sysbench
1565363714     0     10808   49.00   48.00    0.00   97.00     0      0.00      0.00   89728   4296   0.11      0.00      0.00      0.00  sysbench
1565363715     0     10808   51.00   48.00    0.00   99.00     0      0.00      0.00   89728   4296   0.11      0.00      0.00      0.00  sysbench
1565363716     0     10808   53.00   46.00    0.00   99.00     0      0.00      0.00   89728   4296   0.11      0.00      0.00      0.00  sysbench
1565363717     0     10974   45.00   47.00    0.00   92.00     3   1679.00      0.00   89728   3776   0.10      0.00      0.00      0.00  sysbench
1565363718     0     10974   51.00   47.00    0.00   98.00     3    157.00      0.00   89728   4296   0.11      0.00      0.00      0.00  sysbench
1565363719     0     10974   48.00   51.00    0.00   99.00     3      1.00      0.00   89728   4296   0.11      0.00      0.00      0.00  sysbench
1565363720     0     10974   47.00   51.00    0.00   98.00     3      0.00      0.00   89728   4296   0.11      0.00      0.00      0.00  sysbench
1565363721     0     10974   49.00   48.00    0.00   97.00     3      0.00      0.00   89728   4296   0.11      0.00      0.00      0.00  sysbench
1565363722     0     10974   48.51   49.50    0.00   98.02     3      0.00      0.00   89728   4296   0.11      0.00      0.00      0.00  sysbench
1565363723     0     10974   49.00   49.00    0.00   98.00     3      0.00      0.00   89728   4296   0.11      0.00      0.00      0.00  sysbench
1565363724     0     10974   52.00   47.00    0.00   99.00     3      0.00      0.00   89728   4296   0.11      0.00      0.00      0.00  sysbench
1565363725     0     10974   50.00   49.00    0.00   99.00     3      1.00      0.00   89728   4296   0.11      0.00      0.00      0.00  sysbench
1565363726     0     10974   50.00   48.00    0.00   98.00     3      0.00      0.00   89728   4296   0.11      0.00      0.00      0.00  sysbench
1565363727     0     11140   45.00   44.00    0.00   89.00     1   1668.00      0.00   89728   3776   0.10      0.00      0.00      0.00  sysbench
1565363728     0     11140   50.00   49.00    0.00   99.00     1    170.00      0.00   89728   4300   0.11      0.00      0.00      0.00  sysbench
1565363729     0     11140   51.00   49.00    0.00  100.00     1      0.00      0.00   89728   4300   0.11      0.00      0.00      0.00  sysbench
1565363730     0     11140   52.00   45.00    0.00   97.00     1      0.00      0.00   89728   4300   0.11      0.00      0.00      0.00  sysbench
1565363731     0     11140   51.00   45.00    0.00   96.00     1      0.00      0.00   89728   4300   0.11      0.00      0.00      0.00  sysbench
1565363732     0     11140   52.00   47.00    0.00   99.00     1      1.00      0.00   89728   4300   0.11      0.00      0.00      0.00  sysbench
1565363733     0     11140   51.00   49.00    0.00  100.00     1      0.00      0.00   89728   4300   0.11      0.00      0.00      0.00  sysbench
1565363734     0     11140   49.00   49.00    0.00   98.00     1      0.00      0.00   89728   4300   0.11      0.00      0.00      0.00  sysbench
1565363735     0     11140   53.00   46.00    0.00   99.00     1      0.00      0.00   89728   4300   0.11      0.00      0.00      0.00  sysbench
1565363736     0     11140   47.00   51.00    0.00   98.00     1      0.00      0.00   89728   4300   0.11      0.00      0.00      0.00  sysbench
1565363737     0     11291   44.00   45.00    0.00   89.00     0   1667.00      0.00   89728   3776   0.10      0.00      0.00      0.00  sysbench
1565363738     0     11291   50.00   47.00    0.00   97.00     0    171.00      0.00   89728   4300   0.11      0.00      0.00      0.00  sysbench
1565363739     0     11291   48.00   49.00    0.00   97.00     0      0.00      0.00   89728   4300   0.11      0.00      0.00      0.00  sysbench
1565363740     0     11291   50.00   49.00    0.00   99.00     0      0.00      0.00   89728   4300   0.11      0.00      0.00      0.00  sysbench
1565363741     0     11291   51.00   46.00    0.00   97.00     0      1.00      0.00   89728   4300   0.11      0.00      0.00      0.00  sysbench
1565363742     0     11291   51.00   47.00    0.00   98.00     0      0.00      0.00   89728   4300   0.11      0.00      0.00      0.00  sysbench
1565363743     0     11291   53.00   46.00    0.00   99.00     0      0.00      0.00   89728   4300   0.11      0.00      0.00      0.00  sysbench
1565363744     0     11291   48.00   49.00    0.00   97.00     0      0.00      0.00   89728   4300   0.11      0.00      0.00      0.00  sysbench
1565363745     0     11291   45.00   51.00    0.00   96.00     0      0.00      0.00   89728   4300   0.11      0.00      0.00      0.00  sysbench
1565363746     0     11291   49.00   50.00    0.00   99.00     0      0.00      0.00   89728   4300   0.11      0.00      0.00      0.00  sysbench
1565363747     0     11458   40.00   44.00    0.00   84.00     0   1662.00      0.00   89728   3776   0.10      0.00      0.00      0.00  sysbench
1565363748     0     11458   47.00   50.00    0.00   97.00     0    174.00      0.00   89728   4300   0.11      0.00      0.00      0.00  sysbench
1565363749     0     11458   49.00   49.00    0.00   98.00     0      2.00      0.00   89728   4300   0.11      0.00      0.00      0.00  sysbench
1565363750     0     11458   49.00   47.00    0.00   96.00     0      0.00      0.00   89728   4300   0.11      0.00      0.00      0.00  sysbench
1565363751     0     11458   52.00   48.00    0.00  100.00     0      0.00      0.00   89728   4300   0.11      0.00      0.00      0.00  sysbench
1565363752     0     11458   49.00   49.00    0.00   98.00     0      0.00      0.00   89728   4300   0.11      0.00      0.00      0.00  sysbench
1565363753     0     11458   50.00   47.00    0.00   97.00     0      0.00      0.00   89728   4300   0.11      0.00      0.00      0.00  sysbench
1565363754     0     11458   49.00   46.00    0.00   95.00     0      0.00      0.00   89728   4300   0.11      0.00      0.00      0.00  sysbench
1565363755     0     11458   51.00   47.00    0.00   98.00     0      0.00      0.00   89728   4300   0.11      0.00      0.00      0.00  sysbench
1565363756     0     11458   50.00   46.00    0.00   96.00     0      0.00      0.00   89728   4300   0.11      0.00      0.00      0.00  sysbench
1565363757     0     11624   41.00   41.00    0.00   82.00     0   1662.00      0.00   89728   3772   0.10      0.00      0.00      0.00  sysbench
1565363758     0     11624   50.00   47.00    0.00   97.00     0    176.00      0.00   89728   4296   0.11      0.00      0.00      0.00  sysbench
1565363759     0     11624   50.00   48.00    0.00   98.00     0      1.00      0.00   89728   4296   0.11      0.00      0.00      0.00  sysbench
1565363760     0     11624   51.00   45.00    0.00   96.00     0      1.00      0.00   89728   4296   0.11      0.00      0.00      0.00  sysbench
1565363761     0     11624   51.00   46.00    0.00   97.00     0      0.00      0.00   89728   4296   0.11      0.00      0.00      0.00  sysbench
1565363762     0     11624   50.00   47.00    0.00   97.00     0      0.00      0.00   89728   4296   0.11      0.00      0.00      0.00  sysbench
1565363763     0     11624   49.00   49.00    0.00   98.00     0      0.00      0.00   89728   4296   0.11      0.00      0.00      0.00  sysbench
1565363764     0     11624   51.00   47.00    0.00   98.00     0      1.00      0.00   89728   4296   0.11      0.00      0.00      0.00  sysbench
1565363765     0     11624   49.00   49.00    0.00   98.00     0      0.00      0.00   89728   4296   0.11      0.00      0.00      0.00  sysbench
1565363766     0     11624   49.00   50.00    0.00   99.00     0      0.00      0.00   89728   4296   0.11      0.00      0.00      0.00  sysbench

1565363677     0     10310   51.49   48.51    0.00  100.00     2    267.33      0.00   89728   4300   0.11      0.00      0.00      0.00  sysbench
1565363678     0     10310   48.00   50.00    0.00   98.00     2      0.00      0.00   89728   4300   0.11      0.00      0.00      0.00  sysbench
1565363679     0     10310   51.00   48.00    0.00   99.00     2      0.00      0.00   89728   4300   0.11      0.00      0.00      0.00  sysbench
1565363680     0     10310   50.00   49.00    0.00   99.00     2      0.00      0.00   89728   4300   0.11      0.00      0.00      0.00  sysbench
1565363681     0     10310   48.00   50.00    0.00   98.00     2      1.00      0.00   89728   4300   0.11      0.00      0.00      0.00  sysbench
1565363682     0     10310   51.00   47.00    0.00   98.00     2      0.00      0.00   89728   4300   0.11      0.00      0.00      0.00  sysbench
1565363683     0     10310   52.00   47.00    0.00   99.00     2      0.00      0.00   89728   4300   0.11      0.00      0.00      0.00  sysbench
1565363684     0     10310   50.00   47.00    0.00   97.00     2      0.00      0.00   89728   4300   0.11      0.00      0.00      0.00  sysbench
1565363685     0     10310   51.00   48.00    0.00   99.00     2      0.00      0.00   89728   4300   0.11      0.00      0.00      0.00  sysbench
1565363686     0     10476    0.00    0.00    0.00    0.00     1   1566.00      0.00   89728   3516   0.09      0.00      0.00      0.00  sysbench
1565363687     0     10476   51.00   48.00    0.00   99.00     1    272.00      0.00   89728   4300   0.11      0.00      0.00      0.00  sysbench
1565363688     0     10476   49.00   49.00    0.00   98.00     1      0.00      0.00   89728   4300   0.11      0.00      0.00      0.00  sysbench
1565363689     0     10476   50.00   48.00    0.00   98.00     1      1.00      0.00   89728   4300   0.11      0.00      0.00      0.00  sysbench
1565363690     0     10476   52.00   47.00    0.00   99.00     1      0.00      0.00   89728   4300   0.11      0.00      0.00      0.00  sysbench
1565363691     0     10476   52.00   46.00    0.00   98.00     1      0.00      0.00   89728   4300   0.11      0.00      0.00      0.00  sysbench
1565363692     0     10476   52.00   48.00    0.00  100.00     1      0.00      0.00   89728   4300   0.11      0.00      0.00      0.00  sysbench
1565363693     0     10476   50.00   48.00    0.00   98.00     1      0.00      0.00   89728   4300   0.11      0.00      0.00      0.00  sysbench
1565363694     0     10476   50.00   49.00    0.00   99.00     1      0.00      0.00   89728   4300   0.11      0.00      0.00      0.00  sysbench
1565363695     0     10476   49.00   48.00    0.00   97.00     1      0.00      0.00   89728   4300   0.11      0.00      0.00      0.00  sysbench
1565363697     0     10642   48.00   49.00    0.00   97.00     1   1669.00      0.00   89728   3776   0.10      0.00      0.00      0.00  sysbench
1565363698     0     10642   47.00   51.00    0.00   98.00     1    165.00      0.00   89728   4300   0.11      0.00      0.00      0.00  sysbench
1565363699     0     10642   48.00   52.00    0.00  100.00     1      2.00      0.00   89728   4300   0.11      0.00      0.00      0.00  sysbench
1565363700     0     10642   49.00   49.00    0.00   98.00     1      0.00      0.00   89728   4300   0.11      0.00      0.00      0.00  sysbench
1565363701     0     10642   49.00   49.00    0.00   98.00     1      0.00      0.00   89728   4300   0.11      0.00      0.00      0.00  sysbench
1565363702     0     10642   52.00   46.00    0.00   98.00     1      0.00      0.00   89728   4300   0.11      0.00      0.00      0.00  sysbench
1565363703     0     10642   51.00   47.00    0.00   98.00     1      0.00      0.00   89728   4300   0.11      0.00      0.00      0.00  sysbench
1565363704     0     10642   52.00   46.00    0.00   98.00     1      0.00      0.00   89728   4300   0.11      0.00      0.00      0.00  sysbench
1565363705     0     10642   52.00   47.00    0.00   99.00     1      0.00      0.00   89728   4300   0.11      0.00      0.00      0.00  sysbench
1565363706     0     10642   52.00   47.00    0.00   99.00     1      0.00      0.00   89728   4300   0.11      0.00      0.00      0.00  sysbench
1565363707     0     10808   48.00   47.00    0.00   95.00     0   1668.00      0.00   89728   3772   0.10      0.00      0.00      0.00  sysbench
1565363708     0     10808   47.00   51.00    0.00   98.00     0    171.00      0.00   89728   4296   0.11      0.00      0.00      0.00  sysbench
1565363709     0     10808   50.00   46.00    0.00   96.00     0      1.00      0.00   89728   4296   0.11      0.00      0.00      0.00  sysbench
1565363710     0     10808   50.00   48.00    0.00   98.00     0      0.00      0.00   89728   4296   0.11      0.00      0.00      0.00  sysbench
1565363711     0     10808   49.00   49.00    0.00   98.00     0      0.00      0.00   89728   4296   0.11      0.00      0.00      0.00  sysbench
1565363712     0     10808   51.00   47.00    0.00   98.00     0      0.00      0.00   89728   4296   0.11      0.00      0.00      0.00  sysbench
1565363713     0     10808   48.00   50.00    0.00   98.00     0      0.00      0.00   89728   4296   0.11      0.00      0.00      0.00  sysbench
1565363714     0     10808   49.00   48.00    0.00   97.00     0      0.00      0.00   89728   4296   0.11      0.00      0.00      0.00  sysbench
1565363715     0     10808   51.00   48.00    0.00   99.00     0      0.00      0.00   89728   4296   0.11      0.00      0.00      0.00  sysbench
1565363716     0     10808   52.00   46.00    0.00   98.00     0      0.00      0.00   89728   4296   0.11      0.00      0.00      0.00  sysbench
1565363717     0     10974   45.00   48.00    0.00   93.00     3   1680.00      0.00   89728   3776   0.10      0.00      0.00      0.00  sysbench
1565363718     0     10974   51.49   46.53    0.00   98.02     3    154.46      0.00   89728   4296   0.11      0.00      0.00      0.00  sysbench
1565363719     0     10974   48.48   51.52    0.00  100.00     3      1.01      0.00   89728   4296   0.11      0.00      0.00      0.00  sysbench
1565363720     0     10974   46.53   49.50    0.00   96.04     3      0.00      0.00   89728   4296   0.11      0.00      0.00      0.00  sysbench
1565363721     0     10974   49.00   50.00    0.00   99.00     3      0.00      0.00   89728   4296   0.11      0.00      0.00      0.00  sysbench
1565363722     0     10974   49.00   49.00    0.00   98.00     3      0.00      0.00   89728   4296   0.11      0.00      0.00      0.00  sysbench
1565363723     0     10974   49.00   49.00    0.00   98.00     3      0.00      0.00   89728   4296   0.11      0.00      0.00      0.00  sysbench
1565363724     0     10974   51.00   48.00    0.00   99.00     3      0.00      0.00   89728   4296   0.11      0.00      0.00      0.00  sysbench
1565363725     0     10974   51.00   47.00    0.00   98.00     3      1.00      0.00   89728   4296   0.11      0.00      0.00      0.00  sysbench
1565363726     0     10974   51.00   48.00    0.00   99.00     3      0.00      0.00   89728   4296   0.11      0.00      0.00      0.00  sysbench
1565363727     0     11140   46.00   46.00    0.00   92.00     1   1668.00      0.00   89728   3776   0.10      0.00      0.00      0.00  sysbench
1565363728     0     11140   50.00   49.00    0.00   99.00     1    170.00      0.00   89728   4300   0.11      0.00      0.00      0.00  sysbench
1565363729     0     11140   51.00   48.00    0.00   99.00     1      0.00      0.00   89728   4300   0.11      0.00      0.00      0.00  sysbench
1565363730     0     11140   52.00   45.00    0.00   97.00     1      0.00      0.00   89728   4300   0.11      0.00      0.00      0.00  sysbench
1565363731     0     11140   52.00   45.00    0.00   97.00     1      0.00      0.00   89728   4300   0.11      0.00      0.00      0.00  sysbench
1565363732     0     11140   51.00   47.00    0.00   98.00     1      1.00      0.00   89728   4300   0.11      0.00      0.00      0.00  sysbench
1565363733     0     11140   51.00   49.00    0.00  100.00     1      0.00      0.00   89728   4300   0.11      0.00      0.00      0.00  sysbench
1565363734     0     11140   48.00   49.00    0.00   97.00     1      0.00      0.00   89728   4300   0.11      0.00      0.00      0.00  sysbench
1565363735     0     11140   53.00   46.00    0.00   99.00     1      0.00      0.00   89728   4300   0.11      0.00      0.00      0.00  sysbench
1565363736     0     11140   47.00   51.00    0.00   98.00     1      0.00      0.00   89728   4300   0.11      0.00      0.00      0.00  sysbench
1565363737     0     11291   45.00   46.00    0.00   91.00     0   1668.00      0.00   89728   3776   0.10      0.00      0.00      0.00  sysbench
1565363738     0     11291   50.00   47.00    0.00   97.00     0    170.00      0.00   89728   4300   0.11      0.00      0.00      0.00  sysbench
1565363739     0     11291   49.00   49.00    0.00   98.00     0      0.00      0.00   89728   4300   0.11      0.00      0.00      0.00  sysbench
1565363740     0     11291   48.00   49.00    0.00   97.00     0      0.00      0.00   89728   4300   0.11      0.00      0.00      0.00  sysbench
1565363741     0     11291   52.00   46.00    0.00   98.00     0      1.00      0.00   89728   4300   0.11      0.00      0.00      0.00  sysbench
1565363742     0     11291   51.00   47.00    0.00   98.00     0      0.00      0.00   89728   4300   0.11      0.00      0.00      0.00  sysbench
1565363743     0     11291   53.00   46.00    0.00   99.00     0      0.00      0.00   89728   4300   0.11      0.00      0.00      0.00  sysbench
1565363744     0     11291   47.00   49.00    0.00   96.00     0      0.00      0.00   89728   4300   0.11      0.00      0.00      0.00  sysbench
1565363745     0     11291   46.00   51.00    0.00   97.00     0      0.00      0.00   89728   4300   0.11      0.00      0.00      0.00  sysbench
1565363746     0     11291   48.00   49.00    0.00   97.00     0      0.00      0.00   89728   4300   0.11      0.00      0.00      0.00  sysbench
1565363747     0     11458   41.00   45.00    0.00   86.00     0   1663.00      0.00   89728   3776   0.10      0.00      0.00      0.00  sysbench
1565363748     0     11458   47.00   50.00    0.00   97.00     0    173.00      0.00   89728   4300   0.11      0.00      0.00      0.00  sysbench
1565363749     0     11458   49.00   49.00    0.00   98.00     0      2.00      0.00   89728   4300   0.11      0.00      0.00      0.00  sysbench
1565363750     0     11458   50.00   47.00    0.00   97.00     0      0.00      0.00   89728   4300   0.11      0.00      0.00      0.00  sysbench
1565363751     0     11458   50.00   48.00    0.00   98.00     0      0.00      0.00   89728   4300   0.11      0.00      0.00      0.00  sysbench
1565363752     0     11458   50.00   48.00    0.00   98.00     0      0.00      0.00   89728   4300   0.11      0.00      0.00      0.00  sysbench
1565363753     0     11458   49.00   47.00    0.00   96.00     0      0.00      0.00   89728   4300   0.11      0.00      0.00      0.00  sysbench
1565363754     0     11458   50.00   47.00    0.00   97.00     0      0.00      0.00   89728   4300   0.11      0.00      0.00      0.00  sysbench
1565363755     0     11458   51.00   47.00    0.00   98.00     0      0.00      0.00   89728   4300   0.11      0.00      0.00      0.00  sysbench
1565363756     0     11458   50.00   46.00    0.00   96.00     0      0.00      0.00   89728   4300   0.11      0.00      0.00      0.00  sysbench
1565363757     0     11624   42.00   42.00    0.00   84.00     0   1662.00      0.00   89728   3772   0.10      0.00      0.00      0.00  sysbench
1565363758     0     11624   50.00   47.00    0.00   97.00     0    176.00      0.00   89728   4296   0.11      0.00      0.00      0.00  sysbench
1565363759     0     11624   50.00   48.00    0.00   98.00     0      1.00      0.00   89728   4296   0.11      0.00      0.00      0.00  sysbench
1565363760     0     11624   51.00   45.00    0.00   96.00     0      1.00      0.00   89728   4296   0.11      0.00      0.00      0.00  sysbench
1565363761     0     11624   51.00   46.00    0.00   97.00     0      0.00      0.00   89728   4296   0.11      0.00      0.00      0.00  sysbench
1565363762     0     11624   51.00   47.00    0.00   98.00     0      0.00      0.00   89728   4296   0.11      0.00      0.00      0.00  sysbench
1565363763     0     11624   48.00   49.00    0.00   97.00     0      0.00      0.00   89728   4296   0.11      0.00      0.00      0.00  sysbench
1565363764     0     11624   51.00   47.00    0.00   98.00     0      1.00      0.00   89728   4296   0.11      0.00      0.00      0.00  sysbench
1565363765     0     11624   49.00   49.00    0.00   98.00     0      0.00      0.00   89728   4296   0.11      0.00      0.00      0.00  sysbench
1565363766     0     11624   49.00   50.00    0.00   99.00     0      0.00      0.00   89728   4296   0.11      0.00      0.00      0.00  sysbench

1565363687     0     10476   50.00   49.02    0.00   99.02     1    264.71      0.00   89728   4300   0.11      0.00      0.00      0.00  sysbench
1565363688     0     10476   49.00   49.00    0.00   98.00     1      0.00      0.00   89728   4300   0.11      0.00      0.00      0.00  sysbench
1565363689     0     10476   50.00   47.00    0.00   97.00     1      1.00      0.00   89728   4300   0.11      0.00      0.00      0.00  sysbench
1565363690     0     10476   52.00   47.00    0.00   99.00     1      0.00      0.00   89728   4300   0.11      0.00      0.00      0.00  sysbench
1565363691     0     10476   52.00   46.00    0.00   98.00     1      0.00      0.00   89728   4300   0.11      0.00      0.00      0.00  sysbench
1565363692     0     10476   52.00   48.00    0.00  100.00     1      0.00      0.00   89728   4300   0.11      0.00      0.00      0.00  sysbench
1565363693     0     10476   50.00   48.00    0.00   98.00     1      0.00      0.00   89728   4300   0.11      0.00      0.00      0.00  sysbench
1565363694     0     10476   50.00   50.00    0.00  100.00     1      0.00      0.00   89728   4300   0.11      0.00      0.00      0.00  sysbench
1565363695     0     10476   49.00   47.00    0.00   96.00     1      0.00      0.00   89728   4300   0.11      0.00      0.00      0.00  sysbench
1565363696     0     10642    1.00    1.00    0.00    2.00     1   1564.00      0.00   89728   3516   0.09      0.00      0.00      0.00  sysbench
1565363697     0     10642   49.00   50.00    0.00   99.00     1    270.00      0.00   89728   4300   0.11      0.00      0.00      0.00  sysbench
1565363698     0     10642   47.00   51.00    0.00   98.00     1      2.00      0.00   89728   4300   0.11      0.00      0.00      0.00  sysbench
1565363699     0     10642   47.00   51.00    0.00   98.00     1      0.00      0.00   89728   4300   0.11      0.00      0.00      0.00  sysbench
1565363700     0     10642   50.00   49.00    0.00   99.00     1      0.00      0.00   89728   4300   0.11      0.00      0.00      0.00  sysbench
1565363701     0     10642   48.00   49.00    0.00   97.00     1      0.00      0.00   89728   4300   0.11      0.00      0.00      0.00  sysbench
1565363702     0     10642   53.00   46.00    0.00   99.00     1      0.00      0.00   89728   4300   0.11      0.00      0.00      0.00  sysbench
1565363703     0     10642   51.00   47.00    0.00   98.00     1      0.00      0.00   89728   4300   0.11      0.00      0.00      0.00  sysbench
1565363704     0     10642   52.00   46.00    0.00   98.00     1      0.00      0.00   89728   4300   0.11      0.00      0.00      0.00  sysbench
1565363705     0     10642   51.00   47.00    0.00   98.00     1      0.00      0.00   89728   4300   0.11      0.00      0.00      0.00  sysbench
1565363707     0     10808   49.00   49.00    0.00   98.00     0   1669.00      0.00   89728   3772   0.10      0.00      0.00      0.00  sysbench
1565363708     0     10808   47.00   50.00    0.00   97.00     0    170.00      0.00   89728   4296   0.11      0.00      0.00      0.00  sysbench
1565363709     0     10808   50.00   46.00    0.00   96.00     0      1.00      0.00   89728   4296   0.11      0.00      0.00      0.00  sysbench
1565363710     0     10808   50.00   48.00    0.00   98.00     0      0.00      0.00   89728   4296   0.11      0.00      0.00      0.00  sysbench
1565363711     0     10808   49.00   49.00    0.00   98.00     0      0.00      0.00   89728   4296   0.11      0.00      0.00      0.00  sysbench
1565363712     0     10808   51.00   47.00    0.00   98.00     0      0.00      0.00   89728   4296   0.11      0.00      0.00      0.00  sysbench
1565363713     0     10808   48.00   50.00    0.00   98.00     0      0.00      0.00   89728   4296   0.11      0.00      0.00      0.00  sysbench
1565363714     0     10808   49.00   49.00    0.00   98.00     0      0.00      0.00   89728   4296   0.11      0.00      0.00      0.00  sysbench
1565363715     0     10808   51.00   47.00    0.00   98.00     0      0.00      0.00   89728   4296   0.11      0.00      0.00      0.00  sysbench
1565363716     0     10808   53.00   46.00    0.00   99.00     0      0.00      0.00   89728   4296   0.11      0.00      0.00      0.00  sysbench
1565363717     0     10974   47.00   49.00    0.00   96.00     3   1681.00      0.00   89728   3776   0.10      0.00      0.00      0.00  sysbench
1565363718     0     10974   51.00   47.00    0.00   98.00     3    155.00      0.00   89728   4296   0.11      0.00      0.00      0.00  sysbench
1565363719     0     10974   48.00   51.00    0.00   99.00     3      1.00      0.00   89728   4296   0.11      0.00      0.00      0.00  sysbench
1565363720     0     10974   47.00   51.00    0.00   98.00     3      0.00      0.00   89728   4296   0.11      0.00      0.00      0.00  sysbench
1565363721     0     10974   49.00   49.00    0.00   98.00     3      0.00      0.00   89728   4296   0.11      0.00      0.00      0.00  sysbench
1565363722     0     10974   49.00   49.00    0.00   98.00     3      0.00      0.00   89728   4296   0.11      0.00      0.00      0.00  sysbench
1565363723     0     10974   50.00   49.00    0.00   99.00     3      0.00      0.00   89728   4296   0.11      0.00      0.00      0.00  sysbench
1565363724     0     10974   50.00   48.00    0.00   98.00     3      0.00      0.00   89728   4296   0.11      0.00      0.00      0.00  sysbench
1565363725     0     10974   52.00   47.00    0.00   99.00     3      1.00      0.00   89728   4296   0.11      0.00      0.00      0.00  sysbench
1565363726     0     10974   50.00   49.00    0.00   99.00     3      0.00      0.00   89728   4296   0.11      0.00      0.00      0.00  sysbench
1565363727     0     11140   47.00   47.00    0.00   94.00     1   1669.00      0.00   89728   3776   0.10      0.00      0.00      0.00  sysbench
1565363728     0     11140   50.00   49.00    0.00   99.00     1    169.00      0.00   89728   4300   0.11      0.00      0.00      0.00  sysbench
1565363729     0     11140   51.00   48.00    0.00   99.00     1      0.00      0.00   89728   4300   0.11      0.00      0.00      0.00  sysbench
1565363730     0     11140   52.00   45.00    0.00   97.00     1      0.00      0.00   89728   4300   0.11      0.00      0.00      0.00  sysbench
1565363731     0     11140   52.00   45.00    0.00   97.00     1      0.00      0.00   89728   4300   0.11      0.00      0.00      0.00  sysbench
1565363732     0     11140   52.00   47.00    0.00   99.00     1      1.00      0.00   89728   4300   0.11      0.00      0.00      0.00  sysbench
1565363733     0     11140   50.00   49.00    0.00   99.00     1      0.00      0.00   89728   4300   0.11      0.00      0.00      0.00  sysbench
1565363734     0     11140   50.00   49.00    0.00   99.00     1      0.00      0.00   89728   4300   0.11      0.00      0.00      0.00  sysbench
1565363735     0     11140   51.00   46.00    0.00   97.00     1      0.00      0.00   89728   4300   0.11      0.00      0.00      0.00  sysbench
1565363736     0     11140   48.00   51.00    0.00   99.00     1      0.00      0.00   89728   4300   0.11      0.00      0.00      0.00  sysbench
1565363737     0     11291   46.00   47.00    0.00   93.00     0   1668.00      0.00   89728   3776   0.10      0.00      0.00      0.00  sysbench
1565363738     0     11291   50.00   47.00    0.00   97.00     0    170.00      0.00   89728   4300   0.11      0.00      0.00      0.00  sysbench
1565363739     0     11291   48.00   49.00    0.00   97.00     0      0.00      0.00   89728   4300   0.11      0.00      0.00      0.00  sysbench
1565363740     0     11291   50.00   49.00    0.00   99.00     0      0.00      0.00   89728   4300   0.11      0.00      0.00      0.00  sysbench
1565363741     0     11291   51.00   47.00    0.00   98.00     0      1.00      0.00   89728   4300   0.11      0.00      0.00      0.00  sysbench
1565363742     0     11291   52.00   46.00    0.00   98.00     0      0.00      0.00   89728   4300   0.11      0.00      0.00      0.00  sysbench
1565363743     0     11291   51.00   47.00    0.00   98.00     0      0.00      0.00   89728   4300   0.11      0.00      0.00      0.00  sysbench
1565363744     0     11291   49.00   49.00    0.00   98.00     0      0.00      0.00   89728   4300   0.11      0.00      0.00      0.00  sysbench
1565363745     0     11291   46.00   50.00    0.00   96.00     0      0.00      0.00   89728   4300   0.11      0.00      0.00      0.00  sysbench
1565363746     0     11291   48.00   49.00    0.00   97.00     0      0.00      0.00   89728   4300   0.11      0.00      0.00      0.00  sysbench
1565363747     0     11458   43.00   46.00    0.00   89.00     0   1666.00      0.00   89728   3776   0.10      0.00      0.00      0.00  sysbench
1565363748     0     11458   46.00   51.00    0.00   97.00     0    170.00      0.00   89728   4300   0.11      0.00      0.00      0.00  sysbench
1565363749     0     11458   49.00   48.00    0.00   97.00     0      2.00      0.00   89728   4300   0.11      0.00      0.00      0.00  sysbench
1565363750     0     11458   50.00   48.00    0.00   98.00     0      0.00      0.00   89728   4300   0.11      0.00      0.00      0.00  sysbench
1565363751     0     11458   51.00   46.00    0.00   97.00     0      0.00      0.00   89728   4300   0.11      0.00      0.00      0.00  sysbench
1565363752     0     11458   49.00   49.00    0.00   98.00     0      0.00      0.00   89728   4300   0.11      0.00      0.00      0.00  sysbench
1565363753     0     11458   50.00   48.00    0.00   98.00     0      0.00      0.00   89728   4300   0.11      0.00      0.00      0.00  sysbench
1565363754     0     11458   49.00   47.00    0.00   96.00     0      0.00      0.00   89728   4300   0.11      0.00      0.00      0.00  sysbench
1565363755     0     11458   51.00   46.00    0.00   97.00     0      0.00      0.00   89728   4300   0.11      0.00      0.00      0.00  sysbench
1565363756     0     11458   51.00   46.00    0.00   97.00     0      0.00      0.00   89728   4300   0.11      0.00      0.00      0.00  sysbench
1565363757     0     11624   43.00   43.00    0.00   86.00     0   1663.00      0.00   89728   3772   0.10      0.00      0.00      0.00  sysbench
1565363758     0     11624   51.00   47.00    0.00   98.00     0    175.00      0.00   89728   4296   0.11      0.00      0.00      0.00  sysbench
1565363759     0     11624   49.00   48.00    0.00   97.00     0      1.00      0.00   89728   4296   0.11      0.00      0.00      0.00  sysbench
1565363760     0     11624   52.00   46.00    0.00   98.00     0      1.00      0.00   89728   4296   0.11      0.00      0.00      0.00  sysbench
1565363761     0     11624   50.00   46.00    0.00   96.00     0      0.00      0.00   89728   4296   0.11      0.00      0.00      0.00  sysbench
1565363762     0     11624   51.00   46.00    0.00   97.00     0      0.00      0.00   89728   4296   0.11      0.00      0.00      0.00  sysbench
1565363763     0     11624   48.00   49.00    0.00   97.00     0      0.00      0.00   89728   4296   0.11      0.00      0.00      0.00  sysbench
1565363764     0     11624   51.00   47.00    0.00   98.00     0      1.00      0.00   89728   4296   0.11      0.00      0.00      0.00  sysbench
1565363765     0     11624   50.00   50.00    0.00  100.00     0      0.00      0.00   89728   4296   0.11      0.00      0.00      0.00  sysbench
1565363766     0     11624   49.00   49.00    0.00   98.00     0      0.00      0.00   89728   4296   0.11      0.00      0.00      0.00  sysbench

1565363697     0     10642   49.02   49.02    0.00   98.04     1    264.71      0.00   89728   4300   0.11      0.00      0.00      0.00  sysbench
1565363698     0     10642   47.00   52.00    0.00   99.00     1      2.00      0.00   89728   4300   0.11      0.00      0.00      0.00  sysbench
1565363699     0     10642   47.00   52.00    0.00   99.00     1      0.00      0.00   89728   4300   0.11      0.00      0.00      0.00  sysbench
1565363700     0     10642   50.00   48.00    0.00   98.00     1      0.00      0.00   89728   4300   0.11      0.00      0.00      0.00  sysbench
1565363701     0     10642   48.00   49.00    0.00   97.00     1      0.00      0.00   89728   4300   0.11      0.00      0.00      0.00  sysbench
1565363702     0     10642   53.00   46.00    0.00   99.00     1      0.00      0.00   89728   4300   0.11      0.00      0.00      0.00  sysbench
1565363703     0     10642   51.00   47.00    0.00   98.00     1      0.00      0.00   89728   4300   0.11      0.00      0.00      0.00  sysbench
1565363704     0     10642   52.00   47.00    0.00   99.00     1      0.00      0.00   89728   4300   0.11      0.00      0.00      0.00  sysbench
1565363705     0     10642   52.00   46.00    0.00   98.00     1      0.00      0.00   89728   4300   0.11      0.00      0.00      0.00  sysbench
1565363706     0     10808    1.00    1.00    0.00    2.00     0   1568.00      0.00   89728   3512   0.09      0.00      0.00      0.00  sysbench
1565363707     0     10808   49.00   48.00    0.00   97.00     0    271.00      0.00   89728   4296   0.11      0.00      0.00      0.00  sysbench
1565363708     0     10808   47.00   51.00    0.00   98.00     0      1.00      0.00   89728   4296   0.11      0.00      0.00      0.00  sysbench
1565363709     0     10808   51.00   46.00    0.00   97.00     0      0.00      0.00   89728   4296   0.11      0.00      0.00      0.00  sysbench
1565363710     0     10808   49.00   49.00    0.00   98.00     0      0.00      0.00   89728   4296   0.11      0.00      0.00      0.00  sysbench
1565363711     0     10808   49.00   48.00    0.00   97.00     0      0.00      0.00   89728   4296   0.11      0.00      0.00      0.00  sysbench
1565363712     0     10808   52.00   47.00    0.00   99.00     0      0.00      0.00   89728   4296   0.11      0.00      0.00      0.00  sysbench
1565363713     0     10808   47.00   50.00    0.00   97.00     0      0.00      0.00   89728   4296   0.11      0.00      0.00      0.00  sysbench
1565363714     0     10808   49.00   49.00    0.00   98.00     0      0.00      0.00   89728   4296   0.11      0.00      0.00      0.00  sysbench
1565363715     0     10808   51.00   47.00    0.00   98.00     0      0.00      0.00   89728   4296   0.11      0.00      0.00      0.00  sysbench
1565363717     0     10974   48.00   50.00    0.00   98.00     3   1741.00      0.00   89728   4032   0.10      0.00      0.00      0.00  sysbench
1565363718     0     10974   50.00   47.00    0.00   97.00     3     95.00      0.00   89728   4296   0.11      0.00      0.00      0.00  sysbench
1565363719     0     10974   49.00   52.00    0.00  100.00     3      1.00      0.00   89728   4296   0.11      0.00      0.00      0.00  sysbench
1565363720     0     10974   47.00   50.00    0.00   97.00     3      0.00      0.00   89728   4296   0.11      0.00      0.00      0.00  sysbench
1565363721     0     10974   49.00   49.00    0.00   98.00     3      0.00      0.00   89728   4296   0.11      0.00      0.00      0.00  sysbench
1565363722     0     10974   49.00   49.00    0.00   98.00     3      0.00      0.00   89728   4296   0.11      0.00      0.00      0.00  sysbench
1565363723     0     10974   50.00   48.00    0.00   98.00     3      0.00      0.00   89728   4296   0.11      0.00      0.00      0.00  sysbench
1565363724     0     10974   51.00   49.00    0.00  100.00     3      0.00      0.00   89728   4296   0.11      0.00      0.00      0.00  sysbench
1565363725     0     10974   51.00   47.00    0.00   98.00     3      1.00      0.00   89728   4296   0.11      0.00      0.00      0.00  sysbench
1565363726     0     10974   50.00   48.00    0.00   98.00     3      0.00      0.00   89728   4296   0.11      0.00      0.00      0.00  sysbench
1565363727     0     11140   48.00   48.00    0.00   96.00     1   1669.00      0.00   89728   3776   0.10      0.00      0.00      0.00  sysbench
1565363728     0     11140   50.00   49.00    0.00   99.00     1    169.00      0.00   89728   4300   0.11      0.00      0.00      0.00  sysbench
1565363729     0     11140   51.00   48.00    0.00   99.00     1      0.00      0.00   89728   4300   0.11      0.00      0.00      0.00  sysbench
1565363730     0     11140   52.00   45.00    0.00   97.00     1      0.00      0.00   89728   4300   0.11      0.00      0.00      0.00  sysbench
1565363731     0     11140   52.00   45.00    0.00   97.00     1      0.00      0.00   89728   4300   0.11      0.00      0.00      0.00  sysbench
1565363732     0     11140   51.00   47.00    0.00   98.00     1      1.00      0.00   89728   4300   0.11      0.00      0.00      0.00  sysbench
1565363733     0     11140   51.00   49.00    0.00  100.00     1      0.00      0.00   89728   4300   0.11      0.00      0.00      0.00  sysbench
1565363734     0     11140   49.00   49.00    0.00   98.00     1      0.00      0.00   89728   4300   0.11      0.00      0.00      0.00  sysbench
1565363735     0     11140   53.00   46.00    0.00   99.00     1      0.00      0.00   89728   4300   0.11      0.00      0.00      0.00  sysbench
1565363736     0     11140   47.00   51.00    0.00   98.00     1      0.00      0.00   89728   4300   0.11      0.00      0.00      0.00  sysbench
1565363737     0     11291   46.00   48.00    0.00   94.00     0   1669.00      0.00   89728   3776   0.10      0.00      0.00      0.00  sysbench
1565363738     0     11291   51.00   46.00    0.00   97.00     0    169.00      0.00   89728   4300   0.11      0.00      0.00      0.00  sysbench
1565363739     0     11291   48.00   50.00    0.00   98.00     0      0.00      0.00   89728   4300   0.11      0.00      0.00      0.00  sysbench
1565363740     0     11291   50.00   49.00    0.00   99.00     0      0.00      0.00   89728   4300   0.11      0.00      0.00      0.00  sysbench
1565363741     0     11291   51.00   46.00    0.00   97.00     0      1.00      0.00   89728   4300   0.11      0.00      0.00      0.00  sysbench
1565363742     0     11291   51.00   47.00    0.00   98.00     0      0.00      0.00   89728   4300   0.11      0.00      0.00      0.00  sysbench
1565363743     0     11291   52.00   47.00    0.00   99.00     0      0.00      0.00   89728   4300   0.11      0.00      0.00      0.00  sysbench
1565363744     0     11291   49.00   48.00    0.00   97.00     0      0.00      0.00   89728   4300   0.11      0.00      0.00      0.00  sysbench
1565363745     0     11291   45.00   51.00    0.00   96.00     0      0.00      0.00   89728   4300   0.11      0.00      0.00      0.00  sysbench
1565363746     0     11291   49.00   50.00    0.00   99.00     0      0.00      0.00   89728   4300   0.11      0.00      0.00      0.00  sysbench
1565363747     0     11458   43.00   47.00    0.00   90.00     0   1666.00      0.00   89728   3776   0.10      0.00      0.00      0.00  sysbench
1565363748     0     11458   47.00   50.00    0.00   97.00     0    170.00      0.00   89728   4300   0.11      0.00      0.00      0.00  sysbench
1565363749     0     11458   49.00   49.00    0.00   98.00     0      2.00      0.00   89728   4300   0.11      0.00      0.00      0.00  sysbench
1565363750     0     11458   50.00   47.00    0.00   97.00     0      0.00      0.00   89728   4300   0.11      0.00      0.00      0.00  sysbench
1565363751     0     11458   51.00   48.00    0.00   99.00     0      0.00      0.00   89728   4300   0.11      0.00      0.00      0.00  sysbench
1565363752     0     11458   49.00   48.00    0.00   97.00     0      0.00      0.00   89728   4300   0.11      0.00      0.00      0.00  sysbench
1565363753     0     11458   50.00   48.00    0.00   98.00     0      0.00      0.00   89728   4300   0.11      0.00      0.00      0.00  sysbench
1565363754     0     11458   50.00   46.00    0.00   96.00     0      0.00      0.00   89728   4300   0.11      0.00      0.00      0.00  sysbench
1565363755     0     11458   50.00   47.00    0.00   97.00     0      0.00      0.00   89728   4300   0.11      0.00      0.00      0.00  sysbench
1565363756     0     11458   51.00   46.00    0.00   97.00     0      0.00      0.00   89728   4300   0.11      0.00      0.00      0.00  sysbench
1565363757     0     11624   44.00   45.00    0.00   89.00     0   1665.00      0.00   89728   3772   0.10      0.00      0.00      0.00  sysbench
1565363758     0     11624   51.00   46.00    0.00   97.00     0    173.00      0.00   89728   4296   0.11      0.00      0.00      0.00  sysbench
1565363759     0     11624   49.00   47.00    0.00   96.00     0      1.00      0.00   89728   4296   0.11      0.00      0.00      0.00  sysbench
1565363760     0     11624   52.00   46.00    0.00   98.00     0      1.00      0.00   89728   4296   0.11      0.00      0.00      0.00  sysbench
1565363761     0     11624   49.00   47.00    0.00   96.00     0      0.00      0.00   89728   4296   0.11      0.00      0.00      0.00  sysbench
1565363762     0     11624   52.00   46.00    0.00   98.00     0      0.00      0.00   89728   4296   0.11      0.00      0.00      0.00  sysbench
1565363763     0     11624   47.00   49.00    0.00   96.00     0      0.00      0.00   89728   4296   0.11      0.00      0.00      0.00  sysbench
1565363764     0     11624   52.00   47.00    0.00   99.00     0      1.00      0.00   89728   4296   0.11      0.00      0.00      0.00  sysbench
1565363765     0     11624   50.00   49.00    0.00   99.00     0      0.00      0.00   89728   4296   0.11      0.00      0.00      0.00  sysbench
1565363766     0     11624   49.00   49.00    0.00   98.00     0      0.00      0.00   89728   4296   0.11      0.00      0.00      0.00  sysbench

1565363707     0     10808   49.50   48.51    0.00   98.02     0    268.32      0.00   89728   4296   0.11      0.00      0.00      0.00  sysbench
1565363708     0     10808   46.00   51.00    0.00   97.00     0      1.00      0.00   89728   4296   0.11      0.00      0.00      0.00  sysbench
1565363709     0     10808   51.00   46.00    0.00   97.00     0      0.00      0.00   89728   4296   0.11      0.00      0.00      0.00  sysbench
1565363710     0     10808   50.00   48.00    0.00   98.00     0      0.00      0.00   89728   4296   0.11      0.00      0.00      0.00  sysbench
1565363711     0     10808   48.00   48.00    0.00   96.00     0      0.00      0.00   89728   4296   0.11      0.00      0.00      0.00  sysbench
1565363712     0     10808   52.00   47.00    0.00   99.00     0      0.00      0.00   89728   4296   0.11      0.00      0.00      0.00  sysbench
1565363713     0     10808   48.00   51.00    0.00   99.00     0      0.00      0.00   89728   4296   0.11      0.00      0.00      0.00  sysbench
1565363714     0     10808   49.00   49.00    0.00   98.00     0      0.00      0.00   89728   4296   0.11      0.00      0.00      0.00  sysbench
1565363715     0     10808   51.00   47.00    0.00   98.00     0      0.00      0.00   89728   4296   0.11      0.00      0.00      0.00  sysbench
1565363716     0     10974    0.00    1.00    0.00    1.00     3   1568.00      0.00   89728   3516   0.09      0.00      0.00      0.00  sysbench
1565363717     0     10974   49.00   51.00    0.00  100.00     3    268.00      0.00   89728   4296   0.11      0.00      0.00      0.00  sysbench
1565363718     0     10974   50.00   46.00    0.00   96.00     3      1.00      0.00   89728   4296   0.11      0.00      0.00      0.00  sysbench
1565363719     0     10974   49.00   51.00    0.00  100.00     3      0.00      0.00   89728   4296   0.11      0.00      0.00      0.00  sysbench
1565363720     0     10974   47.00   50.00    0.00   97.00     3      0.00      0.00   89728   4296   0.11      0.00      0.00      0.00  sysbench
1565363721     0     10974   48.00   50.00    0.00   98.00     3      0.00      0.00   89728   4296   0.11      0.00      0.00      0.00  sysbench
1565363722     0     10974   51.00   48.00    0.00   99.00     3      0.00      0.00   89728   4296   0.11      0.00      0.00      0.00  sysbench
1565363723     0     10974   50.00   49.00    0.00   99.00     3      0.00      0.00   89728   4296   0.11      0.00      0.00      0.00  sysbench
1565363724     0     10974   49.00   49.00    0.00   98.00     3      1.00      0.00   89728   4296   0.11      0.00      0.00      0.00  sysbench
1565363725     0     10974   52.00   47.00    0.00   99.00     3      0.00      0.00   89728   4296   0.11      0.00      0.00      0.00  sysbench
1565363727     0     11140   49.00   49.00    0.00   98.00     1   1669.00      0.00   89728   3776   0.10      0.00      0.00      0.00  sysbench
1565363728     0     11140   50.00   49.00    0.00   99.00     1    169.00      0.00   89728   4300   0.11      0.00      0.00      0.00  sysbench
1565363729     0     11140   51.00   48.00    0.00   99.00     1      0.00      0.00   89728   4300   0.11      0.00      0.00      0.00  sysbench
1565363730     0     11140   52.00   44.00    0.00   96.00     1      0.00      0.00   89728   4300   0.11      0.00      0.00      0.00  sysbench
1565363731     0     11140   51.49   45.54    0.00   97.03     1      0.00      0.00   89728   4300   0.11      0.00      0.00      0.00  sysbench
1565363732     0     11140   51.00   47.00    0.00   98.00     1      1.00      0.00   89728   4300   0.11      0.00      0.00      0.00  sysbench
1565363733     0     11140   51.00   49.00    0.00  100.00     1      0.00      0.00   89728   4300   0.11      0.00      0.00      0.00  sysbench
1565363734     0     11140   49.00   49.00    0.00   98.00     1      0.00      0.00   89728   4300   0.11      0.00      0.00      0.00  sysbench
1565363735     0     11140   53.00   46.00    0.00   99.00     1      0.00      0.00   89728   4300   0.11      0.00      0.00      0.00  sysbench
1565363736     0     11140   46.00   51.00    0.00   97.00     1      0.00      0.00   89728   4300   0.11      0.00      0.00      0.00  sysbench
1565363737     0     11291   47.00   49.00    0.00   96.00     0   1670.00      0.00   89728   3776   0.10      0.00      0.00      0.00  sysbench
1565363738     0     11291   51.00   47.00    0.00   98.00     0    168.00      0.00   89728   4300   0.11      0.00      0.00      0.00  sysbench
1565363739     0     11291   48.00   49.00    0.00   97.00     0      0.00      0.00   89728   4300   0.11      0.00      0.00      0.00  sysbench
1565363740     0     11291   51.00   49.00    0.00  100.00     0      0.00      0.00   89728   4300   0.11      0.00      0.00      0.00  sysbench
1565363741     0     11291   50.00   46.00    0.00   96.00     0      1.00      0.00   89728   4300   0.11      0.00      0.00      0.00  sysbench
1565363742     0     11291   52.00   47.00    0.00   99.00     0      0.00      0.00   89728   4300   0.11      0.00      0.00      0.00  sysbench
1565363743     0     11291   51.00   46.00    0.00   97.00     0      0.00      0.00   89728   4300   0.11      0.00      0.00      0.00  sysbench
1565363744     0     11291   49.00   49.00    0.00   98.00     0      0.00      0.00   89728   4300   0.11      0.00      0.00      0.00  sysbench
1565363745     0     11291   45.00   51.00    0.00   96.00     0      0.00      0.00   89728   4300   0.11      0.00      0.00      0.00  sysbench
1565363746     0     11291   49.00   50.00    0.00   99.00     0      0.00      0.00   89728   4300   0.11      0.00      0.00      0.00  sysbench
1565363747     0     11458   44.00   48.00    0.00   92.00     0   1667.00      0.00   89728   3776   0.10      0.00      0.00      0.00  sysbench
1565363748     0     11458   47.00   50.00    0.00   97.00     0    169.00      0.00   89728   4300   0.11      0.00      0.00      0.00  sysbench
1565363749     0     11458   49.00   48.00    0.00   97.00     0      2.00      0.00   89728   4300   0.11      0.00      0.00      0.00  sysbench
1565363750     0     11458   50.00   48.00    0.00   98.00     0      0.00      0.00   89728   4300   0.11      0.00      0.00      0.00  sysbench
1565363751     0     11458   51.00   47.00    0.00   98.00     0      0.00      0.00   89728   4300   0.11      0.00      0.00      0.00  sysbench
1565363752     0     11458   49.00   49.00    0.00   98.00     0      0.00      0.00   89728   4300   0.11      0.00      0.00      0.00  sysbench
1565363753     0     11458   49.00   47.00    0.00   96.00     0      0.00      0.00   89728   4300   0.11      0.00      0.00      0.00  sysbench
1565363754     0     11458   51.00   47.00    0.00   98.00     0      0.00      0.00   89728   4300   0.11      0.00      0.00      0.00  sysbench
1565363755     0     11458   50.00   47.00    0.00   97.00     0      0.00      0.00   89728   4300   0.11      0.00      0.00      0.00  sysbench
1565363756     0     11458   51.00   46.00    0.00   97.00     0      0.00      0.00   89728   4300   0.11      0.00      0.00      0.00  sysbench
1565363757     0     11624   45.00   45.00    0.00   90.00     0   1666.00      0.00   89728   3772   0.10      0.00      0.00      0.00  sysbench
1565363758     0     11624   50.00   47.00    0.00   97.00     0    172.00      0.00   89728   4296   0.11      0.00      0.00      0.00  sysbench
1565363759     0     11624   50.00   48.00    0.00   98.00     0      1.00      0.00   89728   4296   0.11      0.00      0.00      0.00  sysbench
1565363760     0     11624   51.00   45.00    0.00   96.00     0      1.00      0.00   89728   4296   0.11      0.00      0.00      0.00  sysbench
1565363761     0     11624   50.00   46.00    0.00   96.00     0      0.00      0.00   89728   4296   0.11      0.00      0.00      0.00  sysbench
1565363762     0     11624   51.00   47.00    0.00   98.00     0      0.00      0.00   89728   4296   0.11      0.00      0.00      0.00  sysbench
1565363763     0     11624   48.00   49.00    0.00   97.00     0      0.00      0.00   89728   4296   0.11      0.00      0.00      0.00  sysbench
1565363764     0     11624   52.00   47.00    0.00   99.00     0      1.00      0.00   89728   4296   0.11      0.00      0.00      0.00  sysbench
1565363765     0     11624   49.00   49.00    0.00   98.00     0      0.00      0.00   89728   4296   0.11      0.00      0.00      0.00  sysbench
1565363766     0     11624   49.00   49.00    0.00   98.00     0      0.00      0.00   89728   4296   0.11      0.00      0.00      0.00  sysbench

1565363717     0     10974   48.04   50.00    0.00   98.04     3    261.76      0.00   89728   4296   0.11      0.00      0.00      0.00  sysbench
1565363718     0     10974   51.00   48.00    0.00   99.00     3      1.00      0.00   89728   4296   0.11      0.00      0.00      0.00  sysbench
1565363719     0     10974   48.00   51.00    0.00   99.00     3      0.00      0.00   89728   4296   0.11      0.00      0.00      0.00  sysbench
1565363720     0     10974   46.00   50.00    0.00   96.00     3      0.00      0.00   89728   4296   0.11      0.00      0.00      0.00  sysbench
1565363721     0     10974   50.00   49.00    0.00   99.00     3      0.00      0.00   89728   4296   0.11      0.00      0.00      0.00  sysbench
1565363722     0     10974   50.00   48.00    0.00   98.00     3      0.00      0.00   89728   4296   0.11      0.00      0.00      0.00  sysbench
1565363723     0     10974   50.00   49.00    0.00   99.00     3      0.00      0.00   89728   4296   0.11      0.00      0.00      0.00  sysbench
1565363724     0     10974   50.00   49.00    0.00   99.00     3      1.00      0.00   89728   4296   0.11      0.00      0.00      0.00  sysbench
1565363725     0     10974   52.00   47.00    0.00   99.00     3      0.00      0.00   89728   4296   0.11      0.00      0.00      0.00  sysbench
1565363726     0     11140    1.00    1.00    0.00    2.00     1   1567.00      0.00   89728   3516   0.09      0.00      0.00      0.00  sysbench
1565363727     0     11140   50.00   49.00    0.00   99.00     1    271.00      0.00   89728   4300   0.11      0.00      0.00      0.00  sysbench
1565363728     0     11140   50.00   49.00    0.00   99.00     1      0.00      0.00   89728   4300   0.11      0.00      0.00      0.00  sysbench
1565363729     0     11140   51.00   48.00    0.00   99.00     1      0.00      0.00   89728   4300   0.11      0.00      0.00      0.00  sysbench
1565363730     0     11140   51.00   44.00    0.00   95.00     1      0.00      0.00   89728   4300   0.11      0.00      0.00      0.00  sysbench
1565363731     0     11140   52.00   46.00    0.00   98.00     1      1.00      0.00   89728   4300   0.11      0.00      0.00      0.00  sysbench
1565363732     0     11140   52.00   47.00    0.00   99.00     1      0.00      0.00   89728   4300   0.11      0.00      0.00      0.00  sysbench
1565363733     0     11140   50.00   50.00    0.00  100.00     1      0.00      0.00   89728   4300   0.11      0.00      0.00      0.00  sysbench
1565363734     0     11140   49.00   48.00    0.00   97.00     1      0.00      0.00   89728   4300   0.11      0.00      0.00      0.00  sysbench
1565363735     0     11140   53.00   46.00    0.00   99.00     1      0.00      0.00   89728   4300   0.11      0.00      0.00      0.00  sysbench
1565363737     0     11291   48.00   50.00    0.00   98.00     0   1672.00      0.00   89728   3776   0.10      0.00      0.00      0.00  sysbench
1565363738     0     11291   52.00   47.00    0.00   99.00     0    166.00      0.00   89728   4300   0.11      0.00      0.00      0.00  sysbench
1565363739     0     11291   48.00   49.00    0.00   97.00     0      0.00      0.00   89728   4300   0.11      0.00      0.00      0.00  sysbench
1565363740     0     11291   50.00   48.00    0.00   98.00     0      0.00      0.00   89728   4300   0.11      0.00      0.00      0.00  sysbench
1565363741     0     11291   51.00   46.00    0.00   97.00     0      1.00      0.00   89728   4300   0.11      0.00      0.00      0.00  sysbench
1565363742     0     11291   51.00   47.00    0.00   98.00     0      0.00      0.00   89728   4300   0.11      0.00      0.00      0.00  sysbench
1565363743     0     11291   51.00   48.00    0.00   99.00     0      0.00      0.00   89728   4300   0.11      0.00      0.00      0.00  sysbench
1565363744     0     11291   49.00   48.00    0.00   97.00     0      0.00      0.00   89728   4300   0.11      0.00      0.00      0.00  sysbench
1565363745     0     11291   45.00   51.00    0.00   96.00     0      0.00      0.00   89728   4300   0.11      0.00      0.00      0.00  sysbench
1565363746     0     11291   49.00   50.00    0.00   99.00     0      0.00      0.00   89728   4300   0.11      0.00      0.00      0.00  sysbench
1565363747     0     11458   45.00   49.00    0.00   94.00     0   1668.00      0.00   89728   3776   0.10      0.00      0.00      0.00  sysbench
1565363748     0     11458   47.00   51.00    0.00   98.00     0    168.00      0.00   89728   4300   0.11      0.00      0.00      0.00  sysbench
1565363749     0     11458   49.00   48.00    0.00   97.00     0      2.00      0.00   89728   4300   0.11      0.00      0.00      0.00  sysbench
1565363750     0     11458   50.00   47.00    0.00   97.00     0      0.00      0.00   89728   4300   0.11      0.00      0.00      0.00  sysbench
1565363751     0     11458   51.00   48.00    0.00   99.00     0      0.00      0.00   89728   4300   0.11      0.00      0.00      0.00  sysbench
1565363752     0     11458   49.00   48.00    0.00   97.00     0      0.00      0.00   89728   4300   0.11      0.00      0.00      0.00  sysbench
1565363753     0     11458   49.00   47.00    0.00   96.00     0      0.00      0.00   89728   4300   0.11      0.00      0.00      0.00  sysbench
1565363754     0     11458   51.00   47.00    0.00   98.00     0      0.00      0.00   89728   4300   0.11      0.00      0.00      0.00  sysbench
1565363755     0     11458   50.00   47.00    0.00   97.00     0      0.00      0.00   89728   4300   0.11      0.00      0.00      0.00  sysbench
1565363756     0     11458   50.00   46.00    0.00   96.00     0      0.00      0.00   89728   4300   0.11      0.00      0.00      0.00  sysbench
1565363757     0     11624   46.00   46.00    0.00   92.00     0   1666.00      0.00   89728   3772   0.10      0.00      0.00      0.00  sysbench
1565363758     0     11624   50.00   47.00    0.00   97.00     0    172.00      0.00   89728   4296   0.11      0.00      0.00      0.00  sysbench
1565363759     0     11624   51.00   48.00    0.00   99.00     0      1.00      0.00   89728   4296   0.11      0.00      0.00      0.00  sysbench
1565363760     0     11624   51.00   45.00    0.00   96.00     0      1.00      0.00   89728   4296   0.11      0.00      0.00      0.00  sysbench
1565363761     0     11624   49.50   46.53    0.00   96.04     0      0.00      0.00   89728   4296   0.11      0.00      0.00      0.00  sysbench
1565363762     0     11624   51.00   47.00    0.00   98.00     0      0.00      0.00   89728   4296   0.11      0.00      0.00      0.00  sysbench
1565363763     0     11624   47.00   49.00    0.00   96.00     0      0.00      0.00   89728   4296   0.11      0.00      0.00      0.00  sysbench
1565363764     0     11624   52.00   46.00    0.00   98.00     0      1.00      0.00   89728   4296   0.11      0.00      0.00      0.00  sysbench
1565363765     0     11624   49.00   49.00    0.00   98.00     0      0.00      0.00   89728   4296   0.11      0.00      0.00      0.00  sysbench
1565363766     0     11624   49.00   49.00    0.00   98.00     0      0.00      0.00   89728   4296   0.11      0.00      0.00      0.00  sysbench

1565363727     0     11140   49.50   48.51    0.00   98.02     1    268.32      0.00   89728   4300   0.11      0.00      0.00      0.00  sysbench
1565363728     0     11140   50.00   49.00    0.00   99.00     1      0.00      0.00   89728   4300   0.11      0.00      0.00      0.00  sysbench
1565363729     0     11140   51.00   49.00    0.00  100.00     1      0.00      0.00   89728   4300   0.11      0.00      0.00      0.00  sysbench
1565363730     0     11140   52.00   44.00    0.00   96.00     1      0.00      0.00   89728   4300   0.11      0.00      0.00      0.00  sysbench
1565363731     0     11140   52.00   46.00    0.00   98.00     1      1.00      0.00   89728   4300   0.11      0.00      0.00      0.00  sysbench
1565363732     0     11140   52.00   46.00    0.00   98.00     1      0.00      0.00   89728   4300   0.11      0.00      0.00      0.00  sysbench
1565363733     0     11140   49.00   50.00    0.00   99.00     1      0.00      0.00   89728   4300   0.11      0.00      0.00      0.00  sysbench
1565363734     0     11140   49.00   48.00    0.00   97.00     1      0.00      0.00   89728   4300   0.11      0.00      0.00      0.00  sysbench
1565363735     0     11140   53.00   46.00    0.00   99.00     1      0.00      0.00   89728   4300   0.11      0.00      0.00      0.00  sysbench
1565363736     0     11291    1.00    0.00    0.00    1.00     0   1567.00      0.00   89728   3516   0.09      0.00      0.00      0.00  sysbench
1565363737     0     11291   48.00   51.00    0.00   99.00     0    271.00      0.00   89728   4300   0.11      0.00      0.00      0.00  sysbench
1565363738     0     11291   51.00   46.00    0.00   97.00     0      0.00      0.00   89728   4300   0.11      0.00      0.00      0.00  sysbench
1565363739     0     11291   48.00   50.00    0.00   98.00     0      0.00      0.00   89728   4300   0.11      0.00      0.00      0.00  sysbench
1565363740     0     11291   50.00   48.00    0.00   98.00     0      1.00      0.00   89728   4300   0.11      0.00      0.00      0.00  sysbench
1565363741     0     11291   52.00   46.00    0.00   98.00     0      0.00      0.00   89728   4300   0.11      0.00      0.00      0.00  sysbench
1565363742     0     11291   51.00   47.00    0.00   98.00     0      0.00      0.00   89728   4300   0.11      0.00      0.00      0.00  sysbench
1565363743     0     11291   51.00   47.00    0.00   98.00     0      0.00      0.00   89728   4300   0.11      0.00      0.00      0.00  sysbench
1565363744     0     11291   48.00   48.00    0.00   96.00     0      0.00      0.00   89728   4300   0.11      0.00      0.00      0.00  sysbench
1565363745     0     11291   46.00   52.00    0.00   98.00     0      0.00      0.00   89728   4300   0.11      0.00      0.00      0.00  sysbench
1565363747     0     11458   46.00   50.00    0.00   96.00     0   1668.00      0.00   89728   3776   0.10      0.00      0.00      0.00  sysbench
1565363748     0     11458   46.00   50.00    0.00   96.00     0    168.00      0.00   89728   4300   0.11      0.00      0.00      0.00  sysbench
1565363749     0     11458   49.00   49.00    0.00   98.00     0      2.00      0.00   89728   4300   0.11      0.00      0.00      0.00  sysbench
1565363750     0     11458   51.00   47.00    0.00   98.00     0      0.00      0.00   89728   4300   0.11      0.00      0.00      0.00  sysbench
1565363751     0     11458   50.00   47.00    0.00   97.00     0      0.00      0.00   89728   4300   0.11      0.00      0.00      0.00  sysbench
1565363752     0     11458   50.00   49.00    0.00   99.00     0      0.00      0.00   89728   4300   0.11      0.00      0.00      0.00  sysbench
1565363753     0     11458   49.00   47.00    0.00   96.00     0      0.00      0.00   89728   4300   0.11      0.00      0.00      0.00  sysbench
1565363754     0     11458   51.00   46.00    0.00   97.00     0      0.00      0.00   89728   4300   0.11      0.00      0.00      0.00  sysbench
1565363755     0     11458   49.00   47.00    0.00   96.00     0      0.00      0.00   89728   4300   0.11      0.00      0.00      0.00  sysbench
1565363756     0     11458   50.50   46.53    0.00   97.03     0      0.00      0.00   89728   4300   0.11      0.00      0.00      0.00  sysbench
1565363757     0     11624   46.00   46.00    0.00   92.00     0   1666.00      0.00   89728   3772   0.10      0.00      0.00      0.00  sysbench
1565363758     0     11624   51.00   48.00    0.00   99.00     0    172.00      0.00   89728   4296   0.11      0.00      0.00      0.00  sysbench
1565363759     0     11624   49.00   47.00    0.00   96.00     0      1.00      0.00   89728   4296   0.11      0.00      0.00      0.00  sysbench
1565363760     0     11624   52.00   45.00    0.00   97.00     0      1.00      0.00   89728   4296   0.11      0.00      0.00      0.00  sysbench
1565363761     0     11624   50.00   47.00    0.00   97.00     0      0.00      0.00   89728   4296   0.11      0.00      0.00      0.00  sysbench
1565363762     0     11624   51.00   47.00    0.00   98.00     0      0.00      0.00   89728   4296   0.11      0.00      0.00      0.00  sysbench
1565363763     0     11624   48.00   49.00    0.00   97.00     0      0.00      0.00   89728   4296   0.11      0.00      0.00      0.00  sysbench
1565363764     0     11624   52.00   47.00    0.00   99.00     0      1.00      0.00   89728   4296   0.11      0.00      0.00      0.00  sysbench
1565363765     0     11624   49.00   49.00    0.00   98.00     0      0.00      0.00   89728   4296   0.11      0.00      0.00      0.00  sysbench
1565363766     0     11624   49.00   49.00    0.00   98.00     0      0.00      0.00   89728   4296   0.11      0.00      0.00      0.00  sysbench

1565363737     0     11291   48.51   51.49    0.00  100.00     0    266.34      0.00   89728   4300   0.11      0.00      0.00      0.00  sysbench
1565363738     0     11291   51.00   45.00    0.00   96.00     0      0.00      0.00   89728   4300   0.11      0.00      0.00      0.00  sysbench
1565363739     0     11291   48.00   51.00    0.00   99.00     0      0.00      0.00   89728   4300   0.11      0.00      0.00      0.00  sysbench
1565363740     0     11291   51.00   47.00    0.00   98.00     0      1.00      0.00   89728   4300   0.11      0.00      0.00      0.00  sysbench
1565363741     0     11291   51.00   47.00    0.00   98.00     0      0.00      0.00   89728   4300   0.11      0.00      0.00      0.00  sysbench
1565363742     0     11291   51.00   47.00    0.00   98.00     0      0.00      0.00   89728   4300   0.11      0.00      0.00      0.00  sysbench
1565363743     0     11291   51.00   47.00    0.00   98.00     0      0.00      0.00   89728   4300   0.11      0.00      0.00      0.00  sysbench
1565363744     0     11291   48.00   48.00    0.00   96.00     0      0.00      0.00   89728   4300   0.11      0.00      0.00      0.00  sysbench
1565363745     0     11291   46.00   52.00    0.00   98.00     0      0.00      0.00   89728   4300   0.11      0.00      0.00      0.00  sysbench
1565363746     0     11458    1.00    0.00    0.00    1.00     0   1566.00      0.00   89728   3516   0.09      0.00      0.00      0.00  sysbench
1565363747     0     11458   46.00   51.00    0.00   97.00     0    270.00      0.00   89728   4300   0.11      0.00      0.00      0.00  sysbench
1565363748     0     11458   47.00   50.00    0.00   97.00     0      2.00      0.00   89728   4300   0.11      0.00      0.00      0.00  sysbench
1565363749     0     11458   48.00   49.00    0.00   97.00     0      0.00      0.00   89728   4300   0.11      0.00      0.00      0.00  sysbench
1565363750     0     11458   51.00   47.00    0.00   98.00     0      0.00      0.00   89728   4300   0.11      0.00      0.00      0.00  sysbench
1565363751     0     11458   49.50   46.53    0.00   96.04     0      0.00      0.00   89728   4300   0.11      0.00      0.00      0.00  sysbench
1565363752     0     11458   50.00   49.00    0.00   99.00     0      0.00      0.00   89728   4300   0.11      0.00      0.00      0.00  sysbench
1565363753     0     11458   49.00   47.00    0.00   96.00     0      0.00      0.00   89728   4300   0.11      0.00      0.00      0.00  sysbench
1565363754     0     11458   51.00   46.00    0.00   97.00     0      0.00      0.00   89728   4300   0.11      0.00      0.00      0.00  sysbench
1565363755     0     11458   49.00   48.00    0.00   97.00     0      0.00      0.00   89728   4300   0.11      0.00      0.00      0.00  sysbench
1565363757     0     11624   48.00   47.00    0.00   95.00     0   1666.00      0.00   89728   3772   0.10      0.00      0.00      0.00  sysbench
1565363758     0     11624   49.00   48.00    0.00   97.00     0    172.00      0.00   89728   4296   0.11      0.00      0.00      0.00  sysbench
1565363759     0     11624   51.00   47.00    0.00   98.00     0      1.00      0.00   89728   4296   0.11      0.00      0.00      0.00  sysbench
1565363760     0     11624   52.00   45.00    0.00   97.00     0      1.00      0.00   89728   4296   0.11      0.00      0.00      0.00  sysbench
1565363761     0     11624   49.00   47.00    0.00   96.00     0      0.00      0.00   89728   4296   0.11      0.00      0.00      0.00  sysbench
1565363762     0     11624   51.00   47.00    0.00   98.00     0      0.00      0.00   89728   4296   0.11      0.00      0.00      0.00  sysbench
1565363763     0     11624   48.00   50.00    0.00   98.00     0      0.00      0.00   89728   4296   0.11      0.00      0.00      0.00  sysbench
1565363764     0     11624   52.00   46.00    0.00   98.00     0      1.00      0.00   89728   4296   0.11      0.00      0.00      0.00  sysbench
1565363765     0     11624   48.00   50.00    0.00   98.00     0      0.00      0.00   89728   4296   0.11      0.00      0.00      0.00  sysbench
1565363766     0     11624   51.00   48.00    0.00   99.00     0      0.00      0.00   89728   4296   0.11      0.00      0.00      0.00  sysbench

1565363747     0     11458   46.53   50.50    0.00   97.03     0    267.33      0.00   89728   4300   0.11      0.00      0.00      0.00  sysbench
1565363748     0     11458   47.00   50.00    0.00   97.00     0      2.00      0.00   89728   4300   0.11      0.00      0.00      0.00  sysbench
1565363749     0     11458   48.00   49.00    0.00   97.00     0      0.00      0.00   89728   4300   0.11      0.00      0.00      0.00  sysbench
1565363750     0     11458   51.00   47.00    0.00   98.00     0      0.00      0.00   89728   4300   0.11      0.00      0.00      0.00  sysbench
1565363751     0     11458   51.00   47.00    0.00   98.00     0      0.00      0.00   89728   4300   0.11      0.00      0.00      0.00  sysbench
1565363752     0     11458   49.00   49.00    0.00   98.00     0      0.00      0.00   89728   4300   0.11      0.00      0.00      0.00  sysbench
1565363753     0     11458   49.00   47.00    0.00   96.00     0      0.00      0.00   89728   4300   0.11      0.00      0.00      0.00  sysbench
1565363754     0     11458   50.00   46.00    0.00   96.00     0      0.00      0.00   89728   4300   0.11      0.00      0.00      0.00  sysbench
1565363755     0     11458   50.00   47.00    0.00   97.00     0      0.00      0.00   89728   4300   0.11      0.00      0.00      0.00  sysbench
1565363756     0     11624    0.00    0.00    0.00    0.00     0   1567.00      0.00   89728   3512   0.09      0.00      0.00      0.00  sysbench
1565363757     0     11624   48.51   47.52    0.00   96.04     0    268.32      0.00   89728   4296   0.11      0.00      0.00      0.00  sysbench
1565363758     0     11624   50.00   48.00    0.00   98.00     0      1.00      0.00   89728   4296   0.11      0.00      0.00      0.00  sysbench
1565363759     0     11624   50.00   47.00    0.00   97.00     0      1.00      0.00   89728   4296   0.11      0.00      0.00      0.00  sysbench
1565363760     0     11624   52.00   45.00    0.00   97.00     0      0.00      0.00   89728   4296   0.11      0.00      0.00      0.00  sysbench
1565363761     0     11624   49.00   48.00    0.00   97.00     0      0.00      0.00   89728   4296   0.11      0.00      0.00      0.00  sysbench
1565363762     0     11624   51.00   46.00    0.00   97.00     0      0.00      0.00   89728   4296   0.11      0.00      0.00      0.00  sysbench
1565363763     0     11624   48.00   49.00    0.00   97.00     0      0.00      0.00   89728   4296   0.11      0.00      0.00      0.00  sysbench
1565363764     0     11624   52.00   47.00    0.00   99.00     0      1.00      0.00   89728   4296   0.11      0.00      0.00      0.00  sysbench
1565363765     0     11624   49.00   50.00    0.00   99.00     0      0.00      0.00   89728   4296   0.11      0.00      0.00      0.00  sysbench

1565363757     0     11624   48.51   47.52    0.00   96.04     0    267.33      0.00   89728   4296   0.11      0.00      0.00      0.00  sysbench
1565363758     0     11624   49.00   48.00    0.00   97.00     0      1.00      0.00   89728   4296   0.11      0.00      0.00      0.00  sysbench
1565363759     0     11624   51.00   47.00    0.00   98.00     0      1.00      0.00   89728   4296   0.11      0.00      0.00      0.00  sysbench
1565363760     0     11624   52.00   44.00    0.00   96.00     0      0.00      0.00   89728   4296   0.11      0.00      0.00      0.00  sysbench
1565363761     0     11624   49.00   49.00    0.00   98.00     0      0.00      0.00   89728   4296   0.11      0.00      0.00      0.00  sysbench
1565363762     0     11624   51.00   45.00    0.00   96.00     0      0.00      0.00   89728   4296   0.11      0.00      0.00      0.00  sysbench
1565363763     0     11624   48.00   50.00    0.00   98.00     0      0.00      0.00   89728   4296   0.11      0.00      0.00      0.00  sysbench
1565363764     0     11624   52.00   47.00    0.00   99.00     0      1.00      0.00   89728   4296   0.11      0.00      0.00      0.00  sysbench
1565363765     0     11624   48.00   50.00    0.00   98.00     0      0.00      0.00   89728   4296   0.11      0.00      0.00      0.00  sysbench

