1565358467     0     26280   20.19   21.15    0.00   41.35     0    250.96      0.00   89728   4300   0.11      0.00      0.00      0.00  sysbench
1565358468     0     26280   27.00   24.00    0.00   51.00     0      1.00      0.00   89728   4300   0.11      0.00      0.00      0.00  sysbench
1565358469     0     26280   22.00   24.00    0.00   46.00     0      0.00      0.00   89728   4300   0.11      0.00      0.00      0.00  sysbench
1565358470     0     26280   24.00   24.00    0.00   48.00     0      0.00      0.00   89728   4300   0.11      0.00      0.00      0.00  sysbench
1565358471     0     26280   23.00   22.00    0.00   45.00     0      0.00      0.00   89728   4300   0.11      0.00      0.00      0.00  sysbench
1565358472     0     26280   11.00   11.00    0.00   22.00     0      0.00      0.00   89728   4300   0.11      0.00      0.00      0.00  sysbench
1565358473     0     26280    1.00    1.00    0.00    2.00     0      0.00      0.00   89728   4300   0.11      0.00      0.00      0.00  sysbench
1565358474     0     26280    0.99    0.99    0.00    1.98     0      0.00      0.00   89728   4300   0.11      0.00      0.00      0.00  sysbench
1565358475     0     26280    2.00    2.00    0.00    4.00     0      0.00      0.00   89728   4300   0.11      0.00      0.00      0.00  sysbench
1565358476     0     26401    1.00    1.00    0.00    2.00     2   1568.00      0.00   89728   3512   0.09      0.00      0.00      0.00  sysbench
1565358477     0     26401   15.00   17.00    0.00   32.00     2    262.00      0.00   89728   4296   0.11      0.00      0.00      0.00  sysbench
1565358478     0     26401   14.00   12.00    0.00   26.00     2      0.00      0.00   89728   4296   0.11      0.00      0.00      0.00  sysbench
1565358479     0     26401    3.96    3.96    0.00    7.92     2      0.00      0.00   89728   4296   0.11      0.00      0.00      0.00  sysbench
1565358480     0     26401   12.00   12.00    0.00   24.00     2      0.00      0.00   89728   4296   0.11      0.00      0.00      0.00  sysbench
1565358481     0     26401   19.00   19.00    0.00   38.00     2      1.00      0.00   89728   4296   0.11      0.00      0.00      0.00  sysbench
1565358482     0     26401   13.86   13.86    0.00   27.72     2      0.00      0.00   89728   4296   0.11      0.00      0.00      0.00  sysbench
1565358483     0     26401    4.00    3.00    0.00    7.00     2      0.00      0.00   89728   4296   0.11      0.00      0.00      0.00  sysbench
1565358484     0     26401   17.82   17.82    0.00   35.64     2      0.00      0.00   89728   4296   0.11      0.00      0.00      0.00  sysbench
1565358485     0     26401   14.85   13.86    0.00   28.71     2      0.00      0.00   89728   4296   0.11      0.00      0.00      0.00  sysbench
1565358486     0     26552    2.00    1.00    0.00    3.00     3   1581.00      0.00   89728   3516   0.09      0.00      0.00      0.00  sysbench
1565358487     0     26552   18.00   19.00    0.00   37.00     3    254.00      0.00   89728   4300   0.11      0.00      0.00      0.00  sysbench
1565358488     0     26552   15.84   15.84    0.00   31.68     3      0.00      0.00   89728   4300   0.11      0.00      0.00      0.00  sysbench
1565358489     0     26552   23.00   24.00    0.00   47.00     3      1.00      0.00   89728   4300   0.11      0.00      0.00      0.00  sysbench
1565358490     0     26552   22.77   19.80    0.00   42.57     3      0.00      0.00   89728   4300   0.11      0.00      0.00      0.00  sysbench
1565358491     0     26552   22.00   24.00    0.00   46.00     3      0.00      0.00   89728   4300   0.11      0.00      0.00      0.00  sysbench
1565358492     0     26552   22.00   23.00    0.00   45.00     3      0.00      0.00   89728   4300   0.11      0.00      0.00      0.00  sysbench
1565358493     0     26552   19.00   15.00    0.00   34.00     3      0.00      0.00   89728   4300   0.11      0.00      0.00      0.00  sysbench
1565358494     0     26552   20.00   17.00    0.00   37.00     3      0.00      0.00   89728   4300   0.11      0.00      0.00      0.00  sysbench
1565358495     0     26552   17.00   15.00    0.00   32.00     3      0.00      0.00   89728   4300   0.11      0.00      0.00      0.00  sysbench
1565358496     0     26688    1.98    0.99    0.00    2.97     2   1561.39      0.00   89728   3516   0.09      0.00      0.00      0.00  sysbench
1565358497     0     26688   16.00   17.00    0.00   33.00     2    258.00      0.00   89728   4300   0.11      0.00      0.00      0.00  sysbench
1565358498     0     26688   18.00   18.00    0.00   36.00     2      1.00      0.00   89728   4300   0.11      0.00      0.00      0.00  sysbench
1565358499     0     26688   13.00   12.00    0.00   25.00     2      1.00      0.00   89728   4300   0.11      0.00      0.00      0.00  sysbench
1565358500     0     26688    2.97    3.96    0.00    6.93     2      0.00      0.00   89728   4300   0.11      0.00      0.00      0.00  sysbench
1565358501     0     26688    8.00    9.00    0.00   17.00     2      0.00      0.00   89728   4300   0.11      0.00      0.00      0.00  sysbench
1565358502     0     26688   13.86   12.87    0.00   26.73     2      0.00      0.00   89728   4300   0.11      0.00      0.00      0.00  sysbench
1565358503     0     26688   10.00   12.00    0.00   22.00     2      0.00      0.00   89728   4300   0.11      0.00      0.00      0.00  sysbench
1565358504     0     26688   14.00   12.00    0.00   26.00     2      0.00      0.00   89728   4300   0.11      0.00      0.00      0.00  sysbench
1565358505     0     26688   17.82   19.80    0.00   37.62     2      0.00      0.00   89728   4300   0.11      0.00      0.00      0.00  sysbench
1565358506     0     26839    2.00    0.00    0.00    2.00     0   1575.00      0.00   89728   3516   0.09      0.00      0.00      0.00  sysbench
1565358507     0     26839   18.00   18.00    0.00   36.00     0    263.00      0.00   89728   4300   0.11      0.00      0.00      0.00  sysbench
1565358508     0     26839   17.00   16.00    0.00   33.00     0      1.00      0.00   89728   4300   0.11      0.00      0.00      0.00  sysbench
1565358509     0     26839   19.00   21.00    0.00   40.00     0      0.00      0.00   89728   4300   0.11      0.00      0.00      0.00  sysbench
1565358510     0     26839   18.81   17.82    0.00   36.63     0      0.00      0.00   89728   4300   0.11      0.00      0.00      0.00  sysbench
1565358511     0     26839   20.00   20.00    0.00   40.00     0      0.00      0.00   89728   4300   0.11      0.00      0.00      0.00  sysbench
1565358512     0     26839   19.00   18.00    0.00   37.00     0      0.00      0.00   89728   4300   0.11      0.00      0.00      0.00  sysbench
1565358513     0     26839    0.00    1.00    0.00    1.00     0      0.00      0.00   89728   4300   0.11      0.00      0.00      0.00  sysbench
1565358514     0     26839    5.00    5.00    0.00   10.00     0      0.00      0.00   89728   4300   0.11      0.00      0.00      0.00  sysbench
1565358515     0     26839   12.00   10.00    0.00   22.00     0      0.00      0.00   89728   4300   0.11      0.00      0.00      0.00  sysbench
1565358516     0     26975    0.00    0.00    0.00    0.00     1   1567.00      0.00   89728   3512   0.09      0.00      0.00      0.00  sysbench
1565358517     0     26975   13.86   13.86    0.00   27.72     1    270.30      0.00   89728   4296   0.11      0.00      0.00      0.00  sysbench
1565358518     0     26975   18.00   17.00    0.00   35.00     1      1.00      0.00   89728   4296   0.11      0.00      0.00      0.00  sysbench
1565358519     0     26975   20.00   16.00    0.00   36.00     1      0.00      0.00   89728   4296   0.11      0.00      0.00      0.00  sysbench
1565358520     0     26975   20.00   19.00    0.00   39.00     1      0.00      0.00   89728   4296   0.11      0.00      0.00      0.00  sysbench
1565358521     0     26975   22.00   22.00    0.00   44.00     1      0.00      0.00   89728   4296   0.11      0.00      0.00      0.00  sysbench
1565358522     0     26975   19.80   17.82    0.00   37.62     1      0.00      0.00   89728   4296   0.11      0.00      0.00      0.00  sysbench
1565358523     0     26975   21.00   15.00    0.00   36.00     1      0.00      0.00   89728   4296   0.11      0.00      0.00      0.00  sysbench
1565358524     0     26975   19.00   16.00    0.00   35.00     1      0.00      0.00   89728   4296   0.11      0.00      0.00      0.00  sysbench
1565358525     0     26975   16.00   15.00    0.00   31.00     1      0.00      0.00   89728   4296   0.11      0.00      0.00      0.00  sysbench
1565358527     0     27111    5.00    4.00    0.00    9.00     1   1598.00      0.00   89728   3512   0.09      0.00      0.00      0.00  sysbench
1565358528     0     27111    0.99    0.99    0.00    1.98     1    234.65      0.00   89728   4300   0.11      0.00      0.00      0.00  sysbench
1565358529     0     27111    1.00    1.00    0.00    2.00     1      0.00      0.00   89728   4300   0.11      0.00      0.00      0.00  sysbench
1565358530     0     27111    1.98    0.99    0.00    2.97     1      0.00      0.00   89728   4300   0.11      0.00      0.00      0.00  sysbench
1565358532     0     27111    1.00    1.00    0.00    2.00     1      0.00      0.00   89728   4300   0.11      0.00      0.00      0.00  sysbench
1565358532     0     27111    1.00    2.00    0.00    3.00     1      0.00      0.00   89728   4300   0.11      0.00      0.00      0.00  sysbench
1565358534     0     27111    1.98    1.98    0.00    3.96     1      0.00      0.00   89728   4300   0.11      0.00      0.00      0.00  sysbench
1565358534     0     27111    1.98    2.97    0.00    4.95     1      0.00      0.00   89728   4300   0.11      0.00      0.00      0.00  sysbench
1565358535     0     27111   11.00   10.00    0.00   21.00     1      0.00      0.00   89728   4300   0.11      0.00      0.00      0.00  sysbench
1565358536     0     27111   14.00   14.00    0.00   28.00     1      0.00      0.00   89728   4300   0.11      0.00      0.00      0.00  sysbench
1565358537     0     27184   13.86   11.88    0.00   25.74     0   1626.73      0.00   89728   3772   0.10      0.00      0.00      0.00  sysbench
1565358538     0     27184    6.00    5.00    0.00   11.00     0    195.00      0.00   89728   4560   0.12      0.00      0.00      0.00  sysbench
1565358539     0     27184    1.98    1.98    0.00    3.96     0      0.00      0.00   89728   4560   0.12      0.00      0.00      0.00  sysbench
1565358541     0     27184    0.98    1.96    0.00    2.94     0      0.98      0.00   89728   4560   0.12      0.00      0.00      0.00  sysbench
1565358542     0     27184    0.95    0.95    0.00    1.90     0      0.48      0.00   89728   4560   0.12      0.00      0.00      0.00  sysbench
1565358543     0     27184    2.97    1.98    0.00    4.95     0      0.00      0.00   89728   4560   0.12      0.00      0.00      0.00  sysbench
1565358544     0     27184   15.00   12.00    0.00   27.00     0      0.00      0.00   89728   4560   0.12      0.00      0.00      0.00  sysbench
1565358545     0     27184   17.00   16.00    0.00   33.00     0      0.00      0.00   89728   4560   0.12      0.00      0.00      0.00  sysbench
1565358546     0     27305    0.00    0.00    0.00    0.00     1   1555.45      0.00   89728   3512   0.09      0.00      0.00      0.00  sysbench
1565358547     0     27305   14.71   13.73    0.00   28.43     1    261.76      0.00   89728   4296   0.11      0.00      0.00      0.00  sysbench
1565358548     0     27305    1.00    1.00    0.00    2.00     1      0.00      0.00   89728   4296   0.11      0.00      0.00      0.00  sysbench
1565358550     0     27305    7.00    8.00    0.00   15.00     1      0.00      0.00   89728   4296   0.11      0.00      0.00      0.00  sysbench
1565358550     0     27305    4.00    4.00    0.00    8.00     1      0.00      0.00   89728   4296   0.11      0.00      0.00      0.00  sysbench
1565358552     0     27305    0.97    0.97    0.00    1.94     1      0.00      0.00   89728   4296   0.11      0.00      0.00      0.00  sysbench
1565358553     0     27305    1.00    0.00    0.00    1.00     1      1.00      0.00   89728   4560   0.12      0.00      0.00      0.00  sysbench
1565358554     0     27305    3.96    4.95    0.00    8.91     1      0.00      0.00   89728   4560   0.12      0.00      0.00      0.00  sysbench
1565358555     0     27305   11.00    9.00    0.00   20.00     1      0.00      0.00   89728   4560   0.12      0.00      0.00      0.00  sysbench
1565358555     0     27305    7.92    6.93    0.00   14.85     1      0.00      0.00   89728   4560   0.12      0.00      0.00      0.00  sysbench
1565358556     0     27378    2.00    3.00    0.00    5.00     2   1581.00      0.00   89728   3512   0.09      0.00      0.00      0.00  sysbench
1565358557     0     27378   16.00   14.00    0.00   30.00     2    254.00      0.00   89728   4296   0.11      0.00      0.00      0.00  sysbench
1565358558     0     27378   14.00   13.00    0.00   27.00     2      0.00      0.00   89728   4296   0.11      0.00      0.00      0.00  sysbench
1565358559     0     27378   17.00   18.00    0.00   35.00     2      0.00      0.00   89728   4296   0.11      0.00      0.00      0.00  sysbench
1565358560     0     27378   12.87   10.89    0.00   23.76     2      0.99      0.00   89728   4296   0.11      0.00      0.00      0.00  sysbench
1565358561     0     27378   14.00   12.00    0.00   26.00     2      0.00      0.00   89728   4296   0.11      0.00      0.00      0.00  sysbench
1565358562     0     27378    8.00    8.00    0.00   16.00     2      0.00      0.00   89728   4296   0.11      0.00      0.00      0.00  sysbench
1565358564     0     27378    1.98    3.96    0.00    5.94     2      0.00      0.00   89728   4296   0.11      0.00      0.00      0.00  sysbench
1565358564     0     27378    6.00    3.00    0.00    9.00     2      0.00      0.00   89728   4296   0.11      0.00      0.00      0.00  sysbench
1565358565     0     27378   14.85   13.86    0.00   28.71     2      0.00      0.00   89728   4296   0.11      0.00      0.00      0.00  sysbench
1565358566     0     27378    7.00    9.00    0.00   16.00     2      0.00      0.00   89728   4296   0.11      0.00      0.00      0.00  sysbench

1565358477     0     26401   14.68   16.51    0.00   31.19     2    234.86      0.00   89728   4296   0.11      0.00      0.00      0.00  sysbench
1565358478     0     26401   12.00   10.00    0.00   22.00     2      0.00      0.00   89728   4296   0.11      0.00      0.00      0.00  sysbench
1565358479     0     26401    5.94    5.94    0.00   11.88     2      0.00      0.00   89728   4296   0.11      0.00      0.00      0.00  sysbench
1565358480     0     26401   14.00   14.00    0.00   28.00     2      0.00      0.00   89728   4296   0.11      0.00      0.00      0.00  sysbench
1565358481     0     26401   19.00   19.00    0.00   38.00     2      1.00      0.00   89728   4296   0.11      0.00      0.00      0.00  sysbench
1565358482     0     26401   10.89    9.90    0.00   20.79     2      0.00      0.00   89728   4296   0.11      0.00      0.00      0.00  sysbench
1565358483     0     26401   10.00   10.00    0.00   20.00     2      0.00      0.00   89728   4296   0.11      0.00      0.00      0.00  sysbench
1565358484     0     26401   13.86   13.86    0.00   27.72     2      0.00      0.00   89728   4296   0.11      0.00      0.00      0.00  sysbench
1565358485     0     26401   15.00   15.00    0.00   30.00     2      0.00      0.00   89728   4296   0.11      0.00      0.00      0.00  sysbench
1565358486     0     26552    6.00    4.00    0.00   10.00     3   1600.00      0.00   89728   3516   0.09      0.00      0.00      0.00  sysbench
1565358487     0     26552   15.00   17.00    0.00   32.00     3    235.00      0.00   89728   4300   0.11      0.00      0.00      0.00  sysbench
1565358488     0     26552   17.00   17.00    0.00   34.00     3      0.00      0.00   89728   4300   0.11      0.00      0.00      0.00  sysbench
1565358489     0     26552   23.76   22.77    0.00   46.53     3      0.99      0.00   89728   4300   0.11      0.00      0.00      0.00  sysbench
1565358490     0     26552   21.00   21.00    0.00   42.00     3      0.00      0.00   89728   4300   0.11      0.00      0.00      0.00  sysbench
1565358491     0     26552   22.00   25.00    0.00   47.00     3      0.00      0.00   89728   4300   0.11      0.00      0.00      0.00  sysbench
1565358492     0     26552   22.77   22.77    0.00   45.54     3      0.00      0.00   89728   4300   0.11      0.00      0.00      0.00  sysbench
1565358493     0     26552   20.00   14.00    0.00   34.00     3      0.00      0.00   89728   4300   0.11      0.00      0.00      0.00  sysbench
1565358494     0     26552   19.00   17.00    0.00   36.00     3      0.00      0.00   89728   4300   0.11      0.00      0.00      0.00  sysbench
1565358495     0     26552   16.00   15.00    0.00   31.00     3      0.00      0.00   89728   4300   0.11      0.00      0.00      0.00  sysbench
1565358496     0     26688    1.98    1.98    0.00    3.96     2   1563.37      0.00   89728   3516   0.09      0.00      0.00      0.00  sysbench
1565358497     0     26688   18.00   18.00    0.00   36.00     2    256.00      0.00   89728   4300   0.11      0.00      0.00      0.00  sysbench
1565358498     0     26688   16.83   16.83    0.00   33.66     2      0.99      0.00   89728   4300   0.11      0.00      0.00      0.00  sysbench
1565358499     0     26688   10.00   10.00    0.00   20.00     2      1.00      0.00   89728   4300   0.11      0.00      0.00      0.00  sysbench
1565358500     0     26688    5.00    5.00    0.00   10.00     2      0.00      0.00   89728   4300   0.11      0.00      0.00      0.00  sysbench
1565358501     0     26688   10.00   10.00    0.00   20.00     2      0.00      0.00   89728   4300   0.11      0.00      0.00      0.00  sysbench
1565358502     0     26688   11.88   12.87    0.00   24.75     2      0.00      0.00   89728   4300   0.11      0.00      0.00      0.00  sysbench
1565358503     0     26688   10.00   11.00    0.00   21.00     2      0.00      0.00   89728   4300   0.11      0.00      0.00      0.00  sysbench
1565358504     0     26688   17.00   15.00    0.00   32.00     2      0.00      0.00   89728   4300   0.11      0.00      0.00      0.00  sysbench
1565358505     0     26688   17.82   19.80    0.00   37.62     2      0.00      0.00   89728   4300   0.11      0.00      0.00      0.00  sysbench
1565358506     0     26839    2.00    1.00    0.00    3.00     0   1580.00      0.00   89728   3516   0.09      0.00      0.00      0.00  sysbench
1565358507     0     26839   18.00   17.00    0.00   35.00     0    258.00      0.00   89728   4300   0.11      0.00      0.00      0.00  sysbench
1565358508     0     26839   19.00   17.00    0.00   36.00     0      1.00      0.00   89728   4300   0.11      0.00      0.00      0.00  sysbench
1565358509     0     26839   18.00   21.00    0.00   39.00     0      0.00      0.00   89728   4300   0.11      0.00      0.00      0.00  sysbench
1565358510     0     26839   18.81   17.82    0.00   36.63     0      0.00      0.00   89728   4300   0.11      0.00      0.00      0.00  sysbench
1565358511     0     26839   21.00   21.00    0.00   42.00     0      0.00      0.00   89728   4300   0.11      0.00      0.00      0.00  sysbench
1565358512     0     26839   17.00   16.00    0.00   33.00     0      0.00      0.00   89728   4300   0.11      0.00      0.00      0.00  sysbench
1565358513     0     26839    0.99    0.99    0.00    1.98     0      0.00      0.00   89728   4300   0.11      0.00      0.00      0.00  sysbench
1565358514     0     26839    7.00    7.00    0.00   14.00     0      0.00      0.00   89728   4300   0.11      0.00      0.00      0.00  sysbench
1565358515     0     26839   10.00   10.00    0.00   20.00     0      0.00      0.00   89728   4300   0.11      0.00      0.00      0.00  sysbench
1565358516     0     26975    2.00    3.00    0.00    5.00     1   1587.00      0.00   89728   3512   0.09      0.00      0.00      0.00  sysbench
1565358517     0     26975   13.86   12.87    0.00   26.73     1    250.50      0.00   89728   4296   0.11      0.00      0.00      0.00  sysbench
1565358518     0     26975   21.00   17.00    0.00   38.00     1      1.00      0.00   89728   4296   0.11      0.00      0.00      0.00  sysbench
1565358519     0     26975   19.80   18.81    0.00   38.61     1      0.00      0.00   89728   4296   0.11      0.00      0.00      0.00  sysbench
1565358520     0     26975   19.00   18.00    0.00   37.00     1      0.00      0.00   89728   4296   0.11      0.00      0.00      0.00  sysbench
1565358521     0     26975   21.00   21.00    0.00   42.00     1      0.00      0.00   89728   4296   0.11      0.00      0.00      0.00  sysbench
1565358522     0     26975   20.00   17.00    0.00   37.00     1      0.00      0.00   89728   4296   0.11      0.00      0.00      0.00  sysbench
1565358523     0     26975   20.00   15.00    0.00   35.00     1      0.00      0.00   89728   4296   0.11      0.00      0.00      0.00  sysbench
1565358524     0     26975   20.79   17.82    0.00   38.61     1      0.00      0.00   89728   4296   0.11      0.00      0.00      0.00  sysbench
1565358525     0     26975   14.00   13.00    0.00   27.00     1      0.00      0.00   89728   4296   0.11      0.00      0.00      0.00  sysbench
1565358526     0     27111    0.00    0.00    0.00    0.00     1   1550.50      0.00   89728   3512   0.09      0.00      0.00      0.00  sysbench
1565358527     0     27111    4.95    3.96    0.00    8.91     1    265.35      0.00   89728   4300   0.11      0.00      0.00      0.00  sysbench
1565358528     0     27111    1.00    1.00    0.00    2.00     1      1.00      0.00   89728   4300   0.11      0.00      0.00      0.00  sysbench
1565358529     0     27111    1.00    1.00    0.00    2.00     1      0.00      0.00   89728   4300   0.11      0.00      0.00      0.00  sysbench
1565358531     0     27111    3.00    2.00    0.00    5.00     1      0.00      0.00   89728   4300   0.11      0.00      0.00      0.00  sysbench
1565358532     0     27111    0.93    0.93    0.00    1.87     1      0.00      0.00   89728   4300   0.11      0.00      0.00      0.00  sysbench
1565358533     0     27111    0.99    0.99    0.00    1.98     1      0.00      0.00   89728   4300   0.11      0.00      0.00      0.00  sysbench
1565358534     0     27111    0.99    0.99    0.00    1.98     1      0.00      0.00   89728   4300   0.11      0.00      0.00      0.00  sysbench
1565358534     0     27111    2.00    4.00    0.00    6.00     1      0.00      0.00   89728   4300   0.11      0.00      0.00      0.00  sysbench
1565358535     0     27111   16.00   16.00    0.00   32.00     1      0.00      0.00   89728   4300   0.11      0.00      0.00      0.00  sysbench
1565358536     0     27184    3.00    3.00    0.00    6.00     0   1593.00      0.00   89728   3512   0.09      0.00      0.00      0.00  sysbench
1565358537     0     27184   12.00   10.00    0.00   22.00     0    245.00      0.00   89728   4560   0.12      0.00      0.00      0.00  sysbench
1565358539     0     27184    5.00    4.00    0.00    9.00     0      0.00      0.00   89728   4560   0.12      0.00      0.00      0.00  sysbench
1565358540     0     27184    2.00    2.00    0.00    4.00     0      1.00      0.00   89728   4560   0.12      0.00      0.00      0.00  sysbench
1565358541     0     27184    0.99    1.98    0.00    2.97     0      0.00      0.00   89728   4560   0.12      0.00      0.00      0.00  sysbench
1565358542     0     27184    1.98    1.98    0.00    3.96     0      0.99      0.00   89728   4560   0.12      0.00      0.00      0.00  sysbench
1565358543     0     27184    0.97    0.97    0.00    1.94     0      0.00      0.00   89728   4560   0.12      0.00      0.00      0.00  sysbench
1565358543     0     27184    3.00    2.00    0.00    5.00     0      0.00      0.00   89728   4560   0.12      0.00      0.00      0.00  sysbench
1565358544     0     27184   15.84   12.87    0.00   28.71     0      0.00      0.00   89728   4560   0.12      0.00      0.00      0.00  sysbench
1565358546     0     27184   17.82   16.83    0.00   34.65     0      0.00      0.00   89728   4560   0.12      0.00      0.00      0.00  sysbench
1565358546     0     27305    1.00    1.00    0.00    2.00     1   1577.00      0.00   89728   3512   0.09      0.00      0.00      0.00  sysbench
1565358547     0     27305   14.00   13.00    0.00   27.00     1    261.00      0.00   89728   4296   0.11      0.00      0.00      0.00  sysbench
1565358549     0     27305    2.00    2.00    0.00    4.00     1      0.00      0.00   89728   4296   0.11      0.00      0.00      0.00  sysbench
1565358550     0     27305    6.93    7.92    0.00   14.85     1      0.00      0.00   89728   4296   0.11      0.00      0.00      0.00  sysbench
1565358551     0     27305    3.00    3.00    0.00    6.00     1      0.00      0.00   89728   4296   0.11      0.00      0.00      0.00  sysbench
1565358552     0     27305    0.96    0.96    0.00    1.92     1      0.96      0.00   89728   4560   0.12      0.00      0.00      0.00  sysbench
1565358553     0     27305    0.96    0.00    0.00    0.96     1      0.00      0.00   89728   4560   0.12      0.00      0.00      0.00  sysbench
1565358554     0     27305    3.92    4.90    0.00    8.82     1      0.00      0.00   89728   4560   0.12      0.00      0.00      0.00  sysbench
1565358555     0     27305   11.00   10.00    0.00   21.00     1      0.00      0.00   89728   4560   0.12      0.00      0.00      0.00  sysbench
1565358556     0     27305    9.00    8.00    0.00   17.00     1      0.00      0.00   89728   4560   0.12      0.00      0.00      0.00  sysbench
1565358557     0     27378    3.00    5.00    0.00    8.00     2   1595.00      0.00   89728   3512   0.09      0.00      0.00      0.00  sysbench
1565358558     0     27378   16.00   13.00    0.00   29.00     2    240.00      0.00   89728   4296   0.11      0.00      0.00      0.00  sysbench
1565358559     0     27378   15.84   13.86    0.00   29.70     2      0.00      0.00   89728   4296   0.11      0.00      0.00      0.00  sysbench
1565358560     0     27378   15.00   17.00    0.00   32.00     2      0.00      0.00   89728   4296   0.11      0.00      0.00      0.00  sysbench
1565358561     0     27378   13.00   11.00    0.00   24.00     2      1.00      0.00   89728   4296   0.11      0.00      0.00      0.00  sysbench
1565358562     0     27378   16.00   14.00    0.00   30.00     2      0.00      0.00   89728   4296   0.11      0.00      0.00      0.00  sysbench
1565358563     0     27378    5.00    5.00    0.00   10.00     2      0.00      0.00   89728   4296   0.11      0.00      0.00      0.00  sysbench
1565358564     0     27378    3.00    4.00    0.00    7.00     2      0.00      0.00   89728   4296   0.11      0.00      0.00      0.00  sysbench
1565358565     0     27378    6.93    4.95    0.00   11.88     2      0.00      0.00   89728   4296   0.11      0.00      0.00      0.00  sysbench
1565358566     0     27378   14.00   14.00    0.00   28.00     2      0.00      0.00   89728   4296   0.11      0.00      0.00      0.00  sysbench

1565358487     0     26552   19.42   19.42    0.00   38.83     3    262.14      0.00   89728   4300   0.11      0.00      0.00      0.00  sysbench
1565358488     0     26552   15.00   14.00    0.00   29.00     3      0.00      0.00   89728   4300   0.11      0.00      0.00      0.00  sysbench
1565358489     0     26552   22.00   24.00    0.00   46.00     3      1.00      0.00   89728   4300   0.11      0.00      0.00      0.00  sysbench
1565358490     0     26552   22.00   20.00    0.00   42.00     3      0.00      0.00   89728   4300   0.11      0.00      0.00      0.00  sysbench
1565358491     0     26552   22.00   23.00    0.00   45.00     3      0.00      0.00   89728   4300   0.11      0.00      0.00      0.00  sysbench
1565358492     0     26552   22.00   23.00    0.00   45.00     3      0.00      0.00   89728   4300   0.11      0.00      0.00      0.00  sysbench
1565358493     0     26552   19.00   16.00    0.00   35.00     3      0.00      0.00   89728   4300   0.11      0.00      0.00      0.00  sysbench
1565358494     0     26552   23.00   18.00    0.00   41.00     3      0.00      0.00   89728   4300   0.11      0.00      0.00      0.00  sysbench
1565358495     0     26552   15.00   15.00    0.00   30.00     3      0.00      0.00   89728   4300   0.11      0.00      0.00      0.00  sysbench
1565358497     0     26688   17.00   17.00    0.00   34.00     2   1652.00      0.00   89728   3776   0.10      0.00      0.00      0.00  sysbench
1565358498     0     26688   19.00   19.00    0.00   38.00     2    184.00      0.00   89728   4300   0.11      0.00      0.00      0.00  sysbench
1565358499     0     26688   12.87   10.89    0.00   23.76     2      0.99      0.00   89728   4300   0.11      0.00      0.00      0.00  sysbench
1565358500     0     26688    3.00    5.00    0.00    8.00     2      0.00      0.00   89728   4300   0.11      0.00      0.00      0.00  sysbench
1565358501     0     26688    8.00    8.00    0.00   16.00     2      0.00      0.00   89728   4300   0.11      0.00      0.00      0.00  sysbench
1565358502     0     26688   13.86   13.86    0.00   27.72     2      0.00      0.00   89728   4300   0.11      0.00      0.00      0.00  sysbench
1565358503     0     26688    9.00   11.00    0.00   20.00     2      0.00      0.00   89728   4300   0.11      0.00      0.00      0.00  sysbench
1565358504     0     26688   14.00   12.00    0.00   26.00     2      0.00      0.00   89728   4300   0.11      0.00      0.00      0.00  sysbench
1565358505     0     26688   18.00   20.00    0.00   38.00     2      0.00      0.00   89728   4300   0.11      0.00      0.00      0.00  sysbench
1565358506     0     26688   21.00   21.00    0.00   42.00     2      4.00      0.00   89728   4432   0.11      0.00      0.00      0.00  sysbench
1565358507     0     26839   17.00   13.00    0.00   30.00     0   1655.00      0.00   89728   3776   0.10      0.00      0.00      0.00  sysbench
1565358508     0     26839   17.82   18.81    0.00   36.63     0    181.19      0.00   89728   4300   0.11      0.00      0.00      0.00  sysbench
1565358509     0     26839   18.00   20.00    0.00   38.00     0      1.00      0.00   89728   4300   0.11      0.00      0.00      0.00  sysbench
1565358510     0     26839   21.00   19.00    0.00   40.00     0      0.00      0.00   89728   4300   0.11      0.00      0.00      0.00  sysbench
1565358511     0     26839   19.80   19.80    0.00   39.60     0      0.00      0.00   89728   4300   0.11      0.00      0.00      0.00  sysbench
1565358512     0     26839   19.00   20.00    0.00   39.00     0      0.00      0.00   89728   4300   0.11      0.00      0.00      0.00  sysbench
1565358513     0     26839    1.00    0.00    0.00    1.00     0      0.00      0.00   89728   4300   0.11      0.00      0.00      0.00  sysbench
1565358514     0     26839    4.00    4.00    0.00    8.00     0      0.00      0.00   89728   4300   0.11      0.00      0.00      0.00  sysbench
1565358515     0     26839   11.00   11.00    0.00   22.00     0      0.00      0.00   89728   4300   0.11      0.00      0.00      0.00  sysbench
1565358516     0     26839   17.82   18.81    0.00   36.63     0      0.00      0.00   89728   4300   0.11      0.00      0.00      0.00  sysbench
1565358517     0     26975   12.00   12.00    0.00   24.00     1   1649.00      0.00   89728   3772   0.10      0.00      0.00      0.00  sysbench
1565358518     0     26975   18.00   17.00    0.00   35.00     1    191.00      0.00   89728   4296   0.11      0.00      0.00      0.00  sysbench
1565358519     0     26975   20.00   17.00    0.00   37.00     1      1.00      0.00   89728   4296   0.11      0.00      0.00      0.00  sysbench
1565358520     0     26975   21.00   19.00    0.00   40.00     1      0.00      0.00   89728   4296   0.11      0.00      0.00      0.00  sysbench
1565358521     0     26975   21.00   21.00    0.00   42.00     1      0.00      0.00   89728   4296   0.11      0.00      0.00      0.00  sysbench
1565358522     0     26975   20.00   19.00    0.00   39.00     1      0.00      0.00   89728   4296   0.11      0.00      0.00      0.00  sysbench
1565358523     0     26975   19.00   14.00    0.00   33.00     1      0.00      0.00   89728   4296   0.11      0.00      0.00      0.00  sysbench
1565358524     0     26975   21.78   15.84    0.00   37.62     1      0.00      0.00   89728   4296   0.11      0.00      0.00      0.00  sysbench
1565358525     0     26975   17.00   17.00    0.00   34.00     1      0.00      0.00   89728   4296   0.11      0.00      0.00      0.00  sysbench
1565358526     0     26975   11.00    9.00    0.00   20.00     1      0.00      0.00   89728   4296   0.11      0.00      0.00      0.00  sysbench
1565358527     0     27111    4.95    3.96    0.00    8.91     1   1582.18      0.00   89728   3512   0.09      0.00      0.00      0.00  sysbench
1565358528     0     27111    1.00    1.00    0.00    2.00     1    236.00      0.00   89728   4300   0.11      0.00      0.00      0.00  sysbench
1565358529     0     27111    1.00    1.00    0.00    2.00     1      1.00      0.00   89728   4300   0.11      0.00      0.00      0.00  sysbench
1565358530     0     27111    2.00    1.00    0.00    3.00     1      0.00      0.00   89728   4300   0.11      0.00      0.00      0.00  sysbench
1565358532     0     27111    2.00    2.00    0.00    4.00     1      0.00      0.00   89728   4300   0.11      0.00      0.00      0.00  sysbench
1565358533     0     27111    0.99    1.98    0.00    2.97     1      0.00      0.00   89728   4300   0.11      0.00      0.00      0.00  sysbench
1565358534     0     27111    2.00    1.00    0.00    3.00     1      0.00      0.00   89728   4300   0.11      0.00      0.00      0.00  sysbench
1565358534     0     27111    1.00    1.00    0.00    2.00     1      0.00      0.00   89728   4300   0.11      0.00      0.00      0.00  sysbench
1565358535     0     27111   10.78   11.76    0.00   22.55     1      0.00      0.00   89728   4300   0.11      0.00      0.00      0.00  sysbench
1565358536     0     27111   14.00   14.00    0.00   28.00     1      0.00      0.00   89728   4300   0.11      0.00      0.00      0.00  sysbench
1565358537     0     27184   14.00   12.00    0.00   26.00     0   1643.00      0.00   89728   3772   0.10      0.00      0.00      0.00  sysbench
1565358538     0     27184    6.00    5.00    0.00   11.00     0    195.00      0.00   89728   4560   0.12      0.00      0.00      0.00  sysbench
1565358539     0     27184    2.00    2.00    0.00    4.00     0      0.00      0.00   89728   4560   0.12      0.00      0.00      0.00  sysbench
1565358540     0     27184    0.00    0.00    0.00    0.00     0      1.00      0.00   89728   4560   0.12      0.00      0.00      0.00  sysbench
1565358541     0     27184    1.00    2.00    0.00    3.00     0      1.00      0.00   89728   4560   0.12      0.00      0.00      0.00  sysbench
1565358542     0     27184    1.98    1.98    0.00    3.96     0      0.00      0.00   89728   4560   0.12      0.00      0.00      0.00  sysbench
1565358543     0     27184    2.97    1.98    0.00    4.95     0      0.00      0.00   89728   4560   0.12      0.00      0.00      0.00  sysbench
1565358544     0     27184    9.90    8.91    0.00   18.81     0      0.00      0.00   89728   4560   0.12      0.00      0.00      0.00  sysbench
1565358545     0     27184   17.00   15.00    0.00   32.00     0      0.00      0.00   89728   4560   0.12      0.00      0.00      0.00  sysbench
1565358546     0     27184   17.00   14.00    0.00   31.00     0      0.00      0.00   89728   4560   0.12      0.00      0.00      0.00  sysbench
1565358547     0     27305    9.90    9.90    0.00   19.80     1   1615.84      0.00   89728   3772   0.10      0.00      0.00      0.00  sysbench
1565358548     0     27305    6.00    5.00    0.00   11.00     1    206.00      0.00   89728   4296   0.11      0.00      0.00      0.00  sysbench
1565358549     0     27305    5.00    6.00    0.00   11.00     1      0.00      0.00   89728   4296   0.11      0.00      0.00      0.00  sysbench
1565358551     0     27305    5.94    5.94    0.00   11.88     1      0.00      0.00   89728   4296   0.11      0.00      0.00      0.00  sysbench
1565358551     0     27305    0.00    0.00    0.00    0.00     1      0.00      0.00   89728   4296   0.11      0.00      0.00      0.00  sysbench
1565358553     0     27305    1.00    1.00    0.00    2.00     1      0.00      0.00   89728   4296   0.11      0.00      0.00      0.00  sysbench
1565358553     0     27305    5.00    5.00    0.00   10.00     1      1.00      0.00   89728   4560   0.12      0.00      0.00      0.00  sysbench
1565358554     0     27305    5.88    3.92    0.00    9.80     1      0.00      0.00   89728   4560   0.12      0.00      0.00      0.00  sysbench
1565358555     0     27305    8.00    8.00    0.00   16.00     1      0.00      0.00   89728   4560   0.12      0.00      0.00      0.00  sysbench
1565358556     0     27305   15.00   16.00    0.00   31.00     1      0.00      0.00   89728   4560   0.12      0.00      0.00      0.00  sysbench
1565358557     0     27378   13.00   13.00    0.00   26.00     2   1641.00      0.00   89728   3772   0.10      0.00      0.00      0.00  sysbench
1565358558     0     27378   15.00   13.00    0.00   28.00     2    194.00      0.00   89728   4296   0.11      0.00      0.00      0.00  sysbench
1565358559     0     27378   15.84   15.84    0.00   31.68     2      0.00      0.00   89728   4296   0.11      0.00      0.00      0.00  sysbench
1565358560     0     27378   13.00   13.00    0.00   26.00     2      0.00      0.00   89728   4296   0.11      0.00      0.00      0.00  sysbench
1565358561     0     27378   13.00   12.00    0.00   25.00     2      1.00      0.00   89728   4296   0.11      0.00      0.00      0.00  sysbench
1565358563     0     27378   14.00   13.00    0.00   27.00     2      0.00      0.00   89728   4296   0.11      0.00      0.00      0.00  sysbench
1565358563     0     27378    1.96    1.96    0.00    3.92     2      0.00      0.00   89728   4296   0.11      0.00      0.00      0.00  sysbench
1565358564     0     27378    3.96    2.97    0.00    6.93     2      0.00      0.00   89728   4296   0.11      0.00      0.00      0.00  sysbench
1565358565     0     27378   12.00   11.00    0.00   23.00     2      0.00      0.00   89728   4296   0.11      0.00      0.00      0.00  sysbench
1565358566     0     27378   11.88   12.87    0.00   24.75     2      0.00      0.00   89728   4296   0.11      0.00      0.00      0.00  sysbench

1565358497     0     26688   16.50   17.48    0.00   33.98     2    250.49      0.00   89728   4300   0.11      0.00      0.00      0.00  sysbench
1565358498     0     26688   17.00   17.00    0.00   34.00     2      1.00      0.00   89728   4300   0.11      0.00      0.00      0.00  sysbench
1565358499     0     26688   11.00   11.00    0.00   22.00     2      1.00      0.00   89728   4300   0.11      0.00      0.00      0.00  sysbench
1565358500     0     26688    5.00    5.00    0.00   10.00     2      0.00      0.00   89728   4300   0.11      0.00      0.00      0.00  sysbench
1565358501     0     26688    8.00    9.00    0.00   17.00     2      0.00      0.00   89728   4300   0.11      0.00      0.00      0.00  sysbench
1565358502     0     26688   14.00   13.00    0.00   27.00     2      0.00      0.00   89728   4300   0.11      0.00      0.00      0.00  sysbench
1565358503     0     26688    9.90   11.88    0.00   21.78     2      0.00      0.00   89728   4300   0.11      0.00      0.00      0.00  sysbench
1565358504     0     26688   15.00   12.00    0.00   27.00     2      0.00      0.00   89728   4300   0.11      0.00      0.00      0.00  sysbench
1565358505     0     26688   18.00   20.00    0.00   38.00     2      0.00      0.00   89728   4300   0.11      0.00      0.00      0.00  sysbench
1565358506     0     26839    0.00    0.00    0.00    0.00     0   1566.00      0.00   89728   3516   0.09      0.00      0.00      0.00  sysbench
1565358507     0     26839   20.00   18.00    0.00   38.00     0    272.00      0.00   89728   4300   0.11      0.00      0.00      0.00  sysbench
1565358508     0     26839   18.00   17.00    0.00   35.00     0      1.00      0.00   89728   4300   0.11      0.00      0.00      0.00  sysbench
1565358509     0     26839   17.82   19.80    0.00   37.62     0      0.00      0.00   89728   4300   0.11      0.00      0.00      0.00  sysbench
1565358510     0     26839   19.00   18.00    0.00   37.00     0      0.00      0.00   89728   4300   0.11      0.00      0.00      0.00  sysbench
1565358511     0     26839   20.00   20.00    0.00   40.00     0      0.00      0.00   89728   4300   0.11      0.00      0.00      0.00  sysbench
1565358512     0     26839   18.81   17.82    0.00   36.63     0      0.00      0.00   89728   4300   0.11      0.00      0.00      0.00  sysbench
1565358513     0     26839    1.00    1.00    0.00    2.00     0      0.00      0.00   89728   4300   0.11      0.00      0.00      0.00  sysbench
1565358514     0     26839    6.00    6.00    0.00   12.00     0      0.00      0.00   89728   4300   0.11      0.00      0.00      0.00  sysbench
1565358515     0     26839    9.90    9.90    0.00   19.80     0      0.00      0.00   89728   4300   0.11      0.00      0.00      0.00  sysbench
1565358516     0     26975    1.00    1.00    0.00    2.00     1   1578.00      0.00   89728   3512   0.09      0.00      0.00      0.00  sysbench
1565358517     0     26975   13.00   13.00    0.00   26.00     1    262.00      0.00   89728   4296   0.11      0.00      0.00      0.00  sysbench
1565358518     0     26975   18.00   17.00    0.00   35.00     1      1.00      0.00   89728   4296   0.11      0.00      0.00      0.00  sysbench
1565358519     0     26975   21.00   16.00    0.00   37.00     1      0.00      0.00   89728   4296   0.11      0.00      0.00      0.00  sysbench
1565358520     0     26975   19.00   19.00    0.00   38.00     1      0.00      0.00   89728   4296   0.11      0.00      0.00      0.00  sysbench
1565358521     0     26975   22.00   22.00    0.00   44.00     1      0.00      0.00   89728   4296   0.11      0.00      0.00      0.00  sysbench
1565358522     0     26975   19.80   17.82    0.00   37.62     1      0.00      0.00   89728   4296   0.11      0.00      0.00      0.00  sysbench
1565358523     0     26975   20.59   14.71    0.00   35.29     1      0.00      0.00   89728   4296   0.11      0.00      0.00      0.00  sysbench
1565358524     0     26975   20.79   16.83    0.00   37.62     1      0.00      0.00   89728   4296   0.11      0.00      0.00      0.00  sysbench
1565358525     0     26975   15.00   15.00    0.00   30.00     1      0.00      0.00   89728   4296   0.11      0.00      0.00      0.00  sysbench
1565358526     0     27111    0.00    0.00    0.00    0.00     1   1549.50      0.00   89728   3512   0.09      0.00      0.00      0.00  sysbench
1565358527     0     27111    5.00    4.00    0.00    9.00     1    269.00      0.00   89728   4300   0.11      0.00      0.00      0.00  sysbench
1565358529     0     27111    1.00    1.00    0.00    2.00     1      1.00      0.00   89728   4300   0.11      0.00      0.00      0.00  sysbench
1565358529     0     27111    1.00    1.00    0.00    2.00     1      0.00      0.00   89728   4300   0.11      0.00      0.00      0.00  sysbench
1565358530     0     27111    1.98    0.99    0.00    2.97     1      0.00      0.00   89728   4300   0.11      0.00      0.00      0.00  sysbench
1565358532     0     27111    1.00    1.00    0.00    2.00     1      0.00      0.00   89728   4300   0.11      0.00      0.00      0.00  sysbench
1565358532     0     27111    0.99    1.98    0.00    2.97     1      0.00      0.00   89728   4300   0.11      0.00      0.00      0.00  sysbench
1565358533     0     27111    2.00    1.00    0.00    3.00     1      0.00      0.00   89728   4300   0.11      0.00      0.00      0.00  sysbench
1565358534     0     27111    2.00    4.00    0.00    6.00     1      0.00      0.00   89728   4300   0.11      0.00      0.00      0.00  sysbench
1565358535     0     27111   11.00   10.00    0.00   21.00     1      0.00      0.00   89728   4300   0.11      0.00      0.00      0.00  sysbench
1565358536     0     27111   13.86   13.86    0.00   27.72     1      0.00      0.00   89728   4300   0.11      0.00      0.00      0.00  sysbench
1565358537     0     27184   14.00   12.00    0.00   26.00     0   1643.00      0.00   89728   3772   0.10      0.00      0.00      0.00  sysbench
1565358538     0     27184    6.00    5.00    0.00   11.00     0    195.00      0.00   89728   4560   0.12      0.00      0.00      0.00  sysbench
1565358539     0     27184    1.98    1.98    0.00    3.96     0      0.99      0.00   89728   4560   0.12      0.00      0.00      0.00  sysbench
1565358540     0     27184    0.00    0.99    0.00    0.99     0      0.00      0.00   89728   4560   0.12      0.00      0.00      0.00  sysbench
1565358541     0     27184    1.00    1.00    0.00    2.00     0      1.00      0.00   89728   4560   0.12      0.00      0.00      0.00  sysbench
1565358542     0     27184    2.00    2.00    0.00    4.00     0      0.00      0.00   89728   4560   0.12      0.00      0.00      0.00  sysbench
1565358543     0     27184    2.97    1.98    0.00    4.95     0      0.00      0.00   89728   4560   0.12      0.00      0.00      0.00  sysbench
1565358544     0     27184   12.00   10.00    0.00   22.00     0      0.00      0.00   89728   4560   0.12      0.00      0.00      0.00  sysbench
1565358545     0     27184   19.00   17.00    0.00   36.00     0      0.00      0.00   89728   4560   0.12      0.00      0.00      0.00  sysbench
1565358547     0     27305   13.00   12.00    0.00   25.00     1   1646.00      0.00   89728   3772   0.10      0.00      0.00      0.00  sysbench
1565358548     0     27305    3.00    3.00    0.00    6.00     1    192.00      0.00   89728   4296   0.11      0.00      0.00      0.00  sysbench
1565358549     0     27305    6.00    6.00    0.00   12.00     1      0.00      0.00   89728   4296   0.11      0.00      0.00      0.00  sysbench
1565358550     0     27305    4.00    4.00    0.00    8.00     1      0.00      0.00   89728   4296   0.11      0.00      0.00      0.00  sysbench
1565358551     0     27305    0.99    1.98    0.00    2.97     1      0.00      0.00   89728   4296   0.11      0.00      0.00      0.00  sysbench
1565358552     0     27305    1.00    1.00    0.00    2.00     1      0.00      0.00   89728   4296   0.11      0.00      0.00      0.00  sysbench
1565358554     0     27305    5.00    5.00    0.00   10.00     1      1.00      0.00   89728   4560   0.12      0.00      0.00      0.00  sysbench
1565358555     0     27305    6.86    5.88    0.00   12.75     1      0.00      0.00   89728   4560   0.12      0.00      0.00      0.00  sysbench
1565358555     0     27305    9.00    8.00    0.00   17.00     1      0.00      0.00   89728   4560   0.12      0.00      0.00      0.00  sysbench
1565358556     0     27305   13.00   15.00    0.00   28.00     1      0.00      0.00   89728   4560   0.12      0.00      0.00      0.00  sysbench
1565358557     0     27378   14.00   13.00    0.00   27.00     2   1645.00      0.00   89728   3772   0.10      0.00      0.00      0.00  sysbench
1565358558     0     27378   14.85   13.86    0.00   28.71     2    188.12      0.00   89728   4296   0.11      0.00      0.00      0.00  sysbench
1565358559     0     27378   16.00   17.00    0.00   33.00     2      0.00      0.00   89728   4296   0.11      0.00      0.00      0.00  sysbench
1565358560     0     27378   14.85   12.87    0.00   27.72     2      0.00      0.00   89728   4296   0.11      0.00      0.00      0.00  sysbench
1565358561     0     27378   12.00   11.00    0.00   23.00     2      1.00      0.00   89728   4296   0.11      0.00      0.00      0.00  sysbench
1565358563     0     27378   11.88   10.89    0.00   22.77     2      0.00      0.00   89728   4296   0.11      0.00      0.00      0.00  sysbench
1565358564     0     27378    1.00    2.00    0.00    3.00     2      0.00      0.00   89728   4296   0.11      0.00      0.00      0.00  sysbench
1565358564     0     27378    5.00    4.00    0.00    9.00     2      0.00      0.00   89728   4296   0.11      0.00      0.00      0.00  sysbench
1565358565     0     27378   17.00   15.00    0.00   32.00     2      0.00      0.00   89728   4296   0.11      0.00      0.00      0.00  sysbench
1565358566     0     27378    6.93    8.91    0.00   15.84     2      0.00      0.00   89728   4296   0.11      0.00      0.00      0.00  sysbench

1565358507     0     26839   19.42   17.48    0.00   36.89     0    264.08      0.00   89728   4300   0.11      0.00      0.00      0.00  sysbench
1565358508     0     26839   17.82   16.83    0.00   34.65     0      0.99      0.00   89728   4300   0.11      0.00      0.00      0.00  sysbench
1565358509     0     26839   18.00   20.00    0.00   38.00     0      0.00      0.00   89728   4300   0.11      0.00      0.00      0.00  sysbench
1565358510     0     26839   19.00   19.00    0.00   38.00     0      0.00      0.00   89728   4300   0.11      0.00      0.00      0.00  sysbench
1565358511     0     26839   20.79   19.80    0.00   40.59     0      0.00      0.00   89728   4300   0.11      0.00      0.00      0.00  sysbench
1565358512     0     26839   17.82   16.83    0.00   34.65     0      0.00      0.00   89728   4300   0.11      0.00      0.00      0.00  sysbench
1565358513     0     26839    0.00    1.00    0.00    1.00     0      0.00      0.00   89728   4300   0.11      0.00      0.00      0.00  sysbench
1565358514     0     26839    7.00    6.00    0.00   13.00     0      0.00      0.00   89728   4300   0.11      0.00      0.00      0.00  sysbench
1565358515     0     26839   11.00   11.00    0.00   22.00     0      0.00      0.00   89728   4300   0.11      0.00      0.00      0.00  sysbench
1565358516     0     26975    1.00    2.00    0.00    3.00     1   1583.00      0.00   89728   3512   0.09      0.00      0.00      0.00  sysbench
1565358517     0     26975   14.00   13.00    0.00   27.00     1    257.00      0.00   89728   4296   0.11      0.00      0.00      0.00  sysbench
1565358518     0     26975   18.81   16.83    0.00   35.64     1      0.99      0.00   89728   4296   0.11      0.00      0.00      0.00  sysbench
1565358519     0     26975   21.00   17.00    0.00   38.00     1      0.00      0.00   89728   4296   0.11      0.00      0.00      0.00  sysbench
1565358520     0     26975   19.00   19.00    0.00   38.00     1      0.00      0.00   89728   4296   0.11      0.00      0.00      0.00  sysbench
1565358521     0     26975   22.00   21.00    0.00   43.00     1      0.00      0.00   89728   4296   0.11      0.00      0.00      0.00  sysbench
1565358522     0     26975   18.00   17.00    0.00   35.00     1      0.00      0.00   89728   4296   0.11      0.00      0.00      0.00  sysbench
1565358523     0     26975   20.79   14.85    0.00   35.64     1      0.00      0.00   89728   4296   0.11      0.00      0.00      0.00  sysbench
1565358524     0     26975   21.00   17.00    0.00   38.00     1      0.00      0.00   89728   4296   0.11      0.00      0.00      0.00  sysbench
1565358525     0     26975   15.00   15.00    0.00   30.00     1      0.00      0.00   89728   4296   0.11      0.00      0.00      0.00  sysbench
1565358526     0     27111    0.00    0.00    0.00    0.00     1   1549.50      0.00   89728   3512   0.09      0.00      0.00      0.00  sysbench
1565358527     0     27111    5.00    4.00    0.00    9.00     1    269.00      0.00   89728   4300   0.11      0.00      0.00      0.00  sysbench
1565358529     0     27111    1.00    1.00    0.00    2.00     1      1.00      0.00   89728   4300   0.11      0.00      0.00      0.00  sysbench
1565358529     0     27111    0.99    0.99    0.00    1.98     1      0.00      0.00   89728   4300   0.11      0.00      0.00      0.00  sysbench
1565358530     0     27111    2.00    1.00    0.00    3.00     1      0.00      0.00   89728   4300   0.11      0.00      0.00      0.00  sysbench
1565358531     0     27111    1.00    2.00    0.00    3.00     1      0.00      0.00   89728   4300   0.11      0.00      0.00      0.00  sysbench
1565358533     0     27111    1.94    0.97    0.00    2.91     1      0.00      0.00   89728   4300   0.11      0.00      0.00      0.00  sysbench
1565358534     0     27111    0.98    0.98    0.00    1.96     1      0.00      0.00   89728   4300   0.11      0.00      0.00      0.00  sysbench
1565358534     0     27111    1.98    3.96    0.00    5.94     1      0.00      0.00   89728   4300   0.11      0.00      0.00      0.00  sysbench
1565358535     0     27111   13.86   13.86    0.00   27.72     1      0.00      0.00   89728   4300   0.11      0.00      0.00      0.00  sysbench
1565358536     0     27184    0.99    0.00    0.00    0.99     0   1558.42      0.00   89728   3512   0.09      0.00      0.00      0.00  sysbench
1565358537     0     27184   13.00   12.00    0.00   25.00     0    264.00      0.00   89728   4560   0.12      0.00      0.00      0.00  sysbench
1565358538     0     27184    6.00    5.00    0.00   11.00     0      0.00      0.00   89728   4560   0.12      0.00      0.00      0.00  sysbench
1565358540     0     27184    2.00    2.00    0.00    4.00     0      1.00      0.00   89728   4560   0.12      0.00      0.00      0.00  sysbench
1565358541     0     27184    0.00    1.00    0.00    1.00     0      0.00      0.00   89728   4560   0.12      0.00      0.00      0.00  sysbench
1565358542     0     27184    1.98    0.99    0.00    2.97     0      0.99      0.00   89728   4560   0.12      0.00      0.00      0.00  sysbench
1565358543     0     27184    1.00    2.00    0.00    3.00     0      0.00      0.00   89728   4560   0.12      0.00      0.00      0.00  sysbench
1565358543     0     27184    3.00    2.00    0.00    5.00     0      0.00      0.00   89728   4560   0.12      0.00      0.00      0.00  sysbench
1565358544     0     27184   14.85   11.88    0.00   26.73     0      0.00      0.00   89728   4560   0.12      0.00      0.00      0.00  sysbench
1565358545     0     27184   17.00   16.00    0.00   33.00     0      0.00      0.00   89728   4560   0.12      0.00      0.00      0.00  sysbench
1565358546     0     27305    0.00    0.00    0.00    0.00     1   1540.20      0.00   89728   3512   0.09      0.00      0.00      0.00  sysbench
1565358547     0     27305   14.00   13.00    0.00   27.00     1    267.00      0.00   89728   4296   0.11      0.00      0.00      0.00  sysbench
1565358548     0     27305    1.98    1.98    0.00    3.96     1      0.00      0.00   89728   4296   0.11      0.00      0.00      0.00  sysbench
1565358550     0     27305    7.84    8.82    0.00   16.67     1      0.00      0.00   89728   4296   0.11      0.00      0.00      0.00  sysbench
1565358551     0     27305    3.00    3.00    0.00    6.00     1      0.00      0.00   89728   4296   0.11      0.00      0.00      0.00  sysbench
1565358552     0     27305    0.00    0.00    0.00    0.00     1      0.00      0.00   89728   4296   0.11      0.00      0.00      0.00  sysbench
1565358552     0     27305    1.00    1.00    0.00    2.00     1      1.00      0.00   89728   4560   0.12      0.00      0.00      0.00  sysbench
1565358553     0     27305    5.00    5.00    0.00   10.00     1      0.00      0.00   89728   4560   0.12      0.00      0.00      0.00  sysbench
1565358555     0     27305   11.00    9.00    0.00   20.00     1      0.00      0.00   89728   4560   0.12      0.00      0.00      0.00  sysbench
1565358555     0     27305    5.94    4.95    0.00   10.89     1      0.00      0.00   89728   4560   0.12      0.00      0.00      0.00  sysbench
1565358556     0     27378    0.99    0.99    0.00    1.98     2   1555.45      0.00   89728   3512   0.09      0.00      0.00      0.00  sysbench
1565358557     0     27378   15.00   14.00    0.00   29.00     2    264.00      0.00   89728   4296   0.11      0.00      0.00      0.00  sysbench
1565358558     0     27378   15.00   14.00    0.00   29.00     2      0.00      0.00   89728   4296   0.11      0.00      0.00      0.00  sysbench
1565358559     0     27378   16.00   17.00    0.00   33.00     2      0.00      0.00   89728   4296   0.11      0.00      0.00      0.00  sysbench
1565358560     0     27378   13.00   11.00    0.00   24.00     2      1.00      0.00   89728   4296   0.11      0.00      0.00      0.00  sysbench
1565358561     0     27378   14.85   13.86    0.00   28.71     2      0.00      0.00   89728   4296   0.11      0.00      0.00      0.00  sysbench
1565358563     0     27378    9.00    8.00    0.00   17.00     2      0.00      0.00   89728   4296   0.11      0.00      0.00      0.00  sysbench
1565358564     0     27378    2.00    3.00    0.00    5.00     2      0.00      0.00   89728   4296   0.11      0.00      0.00      0.00  sysbench
1565358564     0     27378    5.00    4.00    0.00    9.00     2      0.00      0.00   89728   4296   0.11      0.00      0.00      0.00  sysbench
1565358565     0     27378   15.84   13.86    0.00   29.70     2      0.00      0.00   89728   4296   0.11      0.00      0.00      0.00  sysbench
1565358566     0     27378    7.00    9.00    0.00   16.00     2      0.00      0.00   89728   4296   0.11      0.00      0.00      0.00  sysbench

1565358517     0     26975   15.69   13.73    0.00   29.41     1    248.04      0.00   89728   4296   0.11      0.00      0.00      0.00  sysbench
1565358518     0     26975   20.79   17.82    0.00   38.61     1      0.99      0.00   89728   4296   0.11      0.00      0.00      0.00  sysbench
1565358519     0     26975   19.00   18.00    0.00   37.00     1      0.00      0.00   89728   4296   0.11      0.00      0.00      0.00  sysbench
1565358520     0     26975   19.80   17.82    0.00   37.62     1      0.00      0.00   89728   4296   0.11      0.00      0.00      0.00  sysbench
1565358521     0     26975   20.79   21.78    0.00   42.57     1      0.00      0.00   89728   4296   0.11      0.00      0.00      0.00  sysbench
1565358522     0     26975   21.00   17.00    0.00   38.00     1      0.00      0.00   89728   4296   0.11      0.00      0.00      0.00  sysbench
1565358523     0     26975   19.80   15.84    0.00   35.64     1      0.00      0.00   89728   4296   0.11      0.00      0.00      0.00  sysbench
1565358524     0     26975   21.00   17.00    0.00   38.00     1      0.00      0.00   89728   4296   0.11      0.00      0.00      0.00  sysbench
1565358525     0     26975   11.88   12.87    0.00   24.75     1      0.00      0.00   89728   4296   0.11      0.00      0.00      0.00  sysbench
1565358526     0     27111    0.00    0.00    0.00    0.00     1   1552.48      0.00   89728   3512   0.09      0.00      0.00      0.00  sysbench
1565358527     0     27111    5.00    4.00    0.00    9.00     1    266.00      0.00   89728   4300   0.11      0.00      0.00      0.00  sysbench
1565358529     0     27111    1.00    1.00    0.00    2.00     1      1.00      0.00   89728   4300   0.11      0.00      0.00      0.00  sysbench
1565358530     0     27111    2.00    2.00    0.00    4.00     1      0.00      0.00   89728   4300   0.11      0.00      0.00      0.00  sysbench
1565358531     0     27111    1.98    0.99    0.00    2.97     1      0.00      0.00   89728   4300   0.11      0.00      0.00      0.00  sysbench
1565358532     0     27111    1.00    2.00    0.00    3.00     1      0.00      0.00   89728   4300   0.11      0.00      0.00      0.00  sysbench
1565358533     0     27111    1.00    0.50    0.00    1.50     1      0.00      0.00   89728   4300   0.11      0.00      0.00      0.00  sysbench
1565358534     0     27111    1.96    3.92    0.00    5.88     1      0.00      0.00   89728   4300   0.11      0.00      0.00      0.00  sysbench
1565358535     0     27111   16.00   16.00    0.00   32.00     1      0.00      0.00   89728   4300   0.11      0.00      0.00      0.00  sysbench
1565358536     0     27184    3.00    3.00    0.00    6.00     0   1593.00      0.00   89728   3512   0.09      0.00      0.00      0.00  sysbench
1565358537     0     27184   12.00   10.00    0.00   22.00     0    245.00      0.00   89728   4560   0.12      0.00      0.00      0.00  sysbench
1565358538     0     27184    4.95    3.96    0.00    8.91     0      0.00      0.00   89728   4560   0.12      0.00      0.00      0.00  sysbench
1565358540     0     27184    1.98    1.98    0.00    3.96     0      0.99      0.00   89728   4560   0.12      0.00      0.00      0.00  sysbench
1565358541     0     27184    0.99    0.99    0.00    1.98     0      0.00      0.00   89728   4560   0.12      0.00      0.00      0.00  sysbench
1565358541     0     27184    1.00    2.00    0.00    3.00     0      1.00      0.00   89728   4560   0.12      0.00      0.00      0.00  sysbench
1565358543     0     27184    1.98    0.99    0.00    2.97     0      0.00      0.00   89728   4560   0.12      0.00      0.00      0.00  sysbench
1565358543     0     27184    2.00    3.00    0.00    5.00     0      0.00      0.00   89728   4560   0.12      0.00      0.00      0.00  sysbench
1565358544     0     27184   16.00   12.00    0.00   28.00     0      0.00      0.00   89728   4560   0.12      0.00      0.00      0.00  sysbench
1565358545     0     27184   17.00   16.00    0.00   33.00     0      0.00      0.00   89728   4560   0.12      0.00      0.00      0.00  sysbench
1565358546     0     27305    1.00    1.00    0.00    2.00     1   1576.00      0.00   89728   3512   0.09      0.00      0.00      0.00  sysbench
1565358547     0     27305   13.86   12.87    0.00   26.73     1    259.41      0.00   89728   4296   0.11      0.00      0.00      0.00  sysbench
1565358548     0     27305    1.98    1.98    0.00    3.96     1      0.00      0.00   89728   4296   0.11      0.00      0.00      0.00  sysbench
1565358550     0     27305    7.00    8.00    0.00   15.00     1      0.00      0.00   89728   4296   0.11      0.00      0.00      0.00  sysbench
1565358551     0     27305    3.00    3.00    0.00    6.00     1      0.00      0.00   89728   4296   0.11      0.00      0.00      0.00  sysbench
1565358552     0     27305    0.00    0.00    0.00    0.00     1      0.00      0.00   89728   4296   0.11      0.00      0.00      0.00  sysbench
1565358552     0     27305    0.99    0.99    0.00    1.98     1      0.99      0.00   89728   4560   0.12      0.00      0.00      0.00  sysbench
1565358554     0     27305    5.00    5.00    0.00   10.00     1      0.00      0.00   89728   4560   0.12      0.00      0.00      0.00  sysbench
1565358555     0     27305   11.00    9.00    0.00   20.00     1      0.00      0.00   89728   4560   0.12      0.00      0.00      0.00  sysbench
1565358555     0     27305    8.82    8.82    0.00   17.65     1      0.00      0.00   89728   4560   0.12      0.00      0.00      0.00  sysbench
1565358556     0     27378    3.00    4.00    0.00    7.00     2   1593.00      0.00   89728   3512   0.09      0.00      0.00      0.00  sysbench
1565358557     0     27378   15.84   13.86    0.00   29.70     2    239.60      0.00   89728   4296   0.11      0.00      0.00      0.00  sysbench
1565358558     0     27378   14.85   13.86    0.00   28.71     2      0.00      0.00   89728   4296   0.11      0.00      0.00      0.00  sysbench
1565358559     0     27378   16.00   17.00    0.00   33.00     2      0.00      0.00   89728   4296   0.11      0.00      0.00      0.00  sysbench
1565358560     0     27378   12.87   10.89    0.00   23.76     2      0.99      0.00   89728   4296   0.11      0.00      0.00      0.00  sysbench
1565358561     0     27378   16.00   14.00    0.00   30.00     2      0.00      0.00   89728   4296   0.11      0.00      0.00      0.00  sysbench
1565358563     0     27378    4.95    4.95    0.00    9.90     2      0.00      0.00   89728   4296   0.11      0.00      0.00      0.00  sysbench
1565358564     0     27378    2.00    4.00    0.00    6.00     2      0.00      0.00   89728   4296   0.11      0.00      0.00      0.00  sysbench
1565358564     0     27378    7.00    4.00    0.00   11.00     2      0.00      0.00   89728   4296   0.11      0.00      0.00      0.00  sysbench
1565358565     0     27378   14.85   14.85    0.00   29.70     2      0.00      0.00   89728   4296   0.11      0.00      0.00      0.00  sysbench

1565358527     0     27111    4.59    3.67    0.00    8.26     1    245.87      0.00   89728   4300   0.11      0.00      0.00      0.00  sysbench
1565358528     0     27111    1.00    1.00    0.00    2.00     1      1.00      0.00   89728   4300   0.11      0.00      0.00      0.00  sysbench
1565358529     0     27111    2.00    1.00    0.00    3.00     1      0.00      0.00   89728   4300   0.11      0.00      0.00      0.00  sysbench
1565358530     0     27111    1.00    2.00    0.00    3.00     1      0.00      0.00   89728   4300   0.11      0.00      0.00      0.00  sysbench
1565358532     0     27111    0.99    0.99    0.00    1.98     1      0.00      0.00   89728   4300   0.11      0.00      0.00      0.00  sysbench
1565358533     0     27111    1.98    0.99    0.00    2.97     1      0.00      0.00   89728   4300   0.11      0.00      0.00      0.00  sysbench
1565358534     0     27111    2.00    2.00    0.00    4.00     1      0.00      0.00   89728   4300   0.11      0.00      0.00      0.00  sysbench
1565358534     0     27111    0.99    2.97    0.00    3.96     1      0.00      0.00   89728   4300   0.11      0.00      0.00      0.00  sysbench
1565358535     0     27111   16.00   16.00    0.00   32.00     1      0.00      0.00   89728   4300   0.11      0.00      0.00      0.00  sysbench
1565358536     0     27184    3.00    3.00    0.00    6.00     0   1593.00      0.00   89728   3512   0.09      0.00      0.00      0.00  sysbench
1565358537     0     27184   12.00   10.00    0.00   22.00     0    245.00      0.00   89728   4560   0.12      0.00      0.00      0.00  sysbench
1565358538     0     27184    4.95    3.96    0.00    8.91     0      0.00      0.00   89728   4560   0.12      0.00      0.00      0.00  sysbench
1565358540     0     27184    2.00    2.00    0.00    4.00     0      1.00      0.00   89728   4560   0.12      0.00      0.00      0.00  sysbench
1565358541     0     27184    1.00    1.00    0.00    2.00     0      0.00      0.00   89728   4560   0.12      0.00      0.00      0.00  sysbench
1565358542     0     27184    1.00    2.00    0.00    3.00     0      1.00      0.00   89728   4560   0.12      0.00      0.00      0.00  sysbench
1565358542     0     27184    1.00    1.00    0.00    2.00     0      0.00      0.00   89728   4560   0.12      0.00      0.00      0.00  sysbench
1565358543     0     27184    2.97    2.97    0.00    5.94     0      0.00      0.00   89728   4560   0.12      0.00      0.00      0.00  sysbench
1565358544     0     27184   16.00   12.00    0.00   28.00     0      0.00      0.00   89728   4560   0.12      0.00      0.00      0.00  sysbench
1565358545     0     27184   16.00   15.00    0.00   31.00     0      0.00      0.00   89728   4560   0.12      0.00      0.00      0.00  sysbench
1565358546     0     27305    0.00    1.00    0.00    1.00     1   1573.00      0.00   89728   3512   0.09      0.00      0.00      0.00  sysbench
1565358547     0     27305   15.00   13.00    0.00   28.00     1    265.00      0.00   89728   4296   0.11      0.00      0.00      0.00  sysbench
1565358549     0     27305    0.99    0.99    0.00    1.98     1      0.00      0.00   89728   4296   0.11      0.00      0.00      0.00  sysbench
1565358550     0     27305    8.00    9.00    0.00   17.00     1      0.00      0.00   89728   4296   0.11      0.00      0.00      0.00  sysbench
1565358550     0     27305    2.97    2.97    0.00    5.94     1      0.00      0.00   89728   4296   0.11      0.00      0.00      0.00  sysbench
1565358552     0     27305    0.00    0.00    0.00    0.00     1      0.00      0.00   89728   4296   0.11      0.00      0.00      0.00  sysbench
1565358553     0     27305    0.99    0.99    0.00    1.98     1      0.99      0.00   89728   4560   0.12      0.00      0.00      0.00  sysbench
1565358554     0     27305    5.00    5.00    0.00   10.00     1      0.00      0.00   89728   4560   0.12      0.00      0.00      0.00  sysbench
1565358554     0     27305   10.89    9.90    0.00   20.79     1      0.00      0.00   89728   4560   0.12      0.00      0.00      0.00  sysbench
1565358555     0     27305    8.82    7.84    0.00   16.67     1      0.00      0.00   89728   4560   0.12      0.00      0.00      0.00  sysbench
1565358557     0     27378    3.00    4.00    0.00    7.00     2   1593.00      0.00   89728   3512   0.09      0.00      0.00      0.00  sysbench
1565358557     0     27378   15.84   13.86    0.00   29.70     2    239.60      0.00   89728   4296   0.11      0.00      0.00      0.00  sysbench
1565358559     0     27378   14.00   13.00    0.00   27.00     2      0.00      0.00   89728   4296   0.11      0.00      0.00      0.00  sysbench
1565358559     0     27378   16.00   17.00    0.00   33.00     2      0.00      0.00   89728   4296   0.11      0.00      0.00      0.00  sysbench
1565358560     0     27378   14.00   12.00    0.00   26.00     2      1.00      0.00   89728   4296   0.11      0.00      0.00      0.00  sysbench
1565358561     0     27378   15.00   13.00    0.00   28.00     2      0.00      0.00   89728   4296   0.11      0.00      0.00      0.00  sysbench
1565358563     0     27378    6.00    6.00    0.00   12.00     2      0.00      0.00   89728   4296   0.11      0.00      0.00      0.00  sysbench
1565358564     0     27378    1.96    3.92    0.00    5.88     2      0.00      0.00   89728   4296   0.11      0.00      0.00      0.00  sysbench
1565358564     0     27378    6.00    4.00    0.00   10.00     2      0.00      0.00   89728   4296   0.11      0.00      0.00      0.00  sysbench
1565358565     0     27378   15.84   14.85    0.00   30.69     2      0.00      0.00   89728   4296   0.11      0.00      0.00      0.00  sysbench

1565358537     0     27184   12.75   11.76    0.00   24.51     0    258.82      0.00   89728   4560   0.12      0.00      0.00      0.00  sysbench
1565358539     0     27184    6.00    5.00    0.00   11.00     0      0.00      0.00   89728   4560   0.12      0.00      0.00      0.00  sysbench
1565358540     0     27184    2.00    2.00    0.00    4.00     0      1.00      0.00   89728   4560   0.12      0.00      0.00      0.00  sysbench
1565358541     0     27184    0.99    1.98    0.00    2.97     0      0.00      0.00   89728   4560   0.12      0.00      0.00      0.00  sysbench
1565358542     0     27184    1.00    1.00    0.00    1.99     0      0.50      0.00   89728   4560   0.12      0.00      0.00      0.00  sysbench
1565358543     0     27184    3.00    2.00    0.00    5.00     0      0.00      0.00   89728   4560   0.12      0.00      0.00      0.00  sysbench
1565358544     0     27184   15.00   12.00    0.00   27.00     0      0.00      0.00   89728   4560   0.12      0.00      0.00      0.00  sysbench
1565358545     0     27184   16.83   15.84    0.00   32.67     0      0.00      0.00   89728   4560   0.12      0.00      0.00      0.00  sysbench
1565358546     0     27305    0.00    0.00    0.00    0.00     1   1571.00      0.00   89728   3512   0.09      0.00      0.00      0.00  sysbench
1565358547     0     27305   15.00   14.00    0.00   29.00     1    267.00      0.00   89728   4296   0.11      0.00      0.00      0.00  sysbench
1565358548     0     27305    2.00    1.00    0.00    3.00     1      0.00      0.00   89728   4296   0.11      0.00      0.00      0.00  sysbench
1565358550     0     27305    6.00    8.00    0.00   14.00     1      0.00      0.00   89728   4296   0.11      0.00      0.00      0.00  sysbench
1565358550     0     27305    3.92    3.92    0.00    7.84     1      0.00      0.00   89728   4296   0.11      0.00      0.00      0.00  sysbench
1565358551     0     27305    0.00    0.00    0.00    0.00     1      0.00      0.00   89728   4296   0.11      0.00      0.00      0.00  sysbench
1565358552     0     27305    0.99    0.99    0.00    1.98     1      0.99      0.00   89728   4560   0.12      0.00      0.00      0.00  sysbench
1565358554     0     27305    5.00    5.00    0.00   10.00     1      0.00      0.00   89728   4560   0.12      0.00      0.00      0.00  sysbench
1565358555     0     27305   10.89    8.91    0.00   19.80     1      0.00      0.00   89728   4560   0.12      0.00      0.00      0.00  sysbench
1565358555     0     27305    7.92    6.93    0.00   14.85     1      0.00      0.00   89728   4560   0.12      0.00      0.00      0.00  sysbench
1565358556     0     27378    2.00    4.00    0.00    6.00     2   1588.00      0.00   89728   3512   0.09      0.00      0.00      0.00  sysbench
1565358557     0     27378   17.00   13.00    0.00   30.00     2    247.00      0.00   89728   4296   0.11      0.00      0.00      0.00  sysbench
1565358558     0     27378   12.87   13.86    0.00   26.73     2      0.00      0.00   89728   4296   0.11      0.00      0.00      0.00  sysbench
1565358559     0     27378   16.00   16.00    0.00   32.00     2      0.00      0.00   89728   4296   0.11      0.00      0.00      0.00  sysbench
1565358560     0     27378   14.00   12.00    0.00   26.00     2      1.00      0.00   89728   4296   0.11      0.00      0.00      0.00  sysbench
1565358561     0     27378   14.85   12.87    0.00   27.72     2      0.00      0.00   89728   4296   0.11      0.00      0.00      0.00  sysbench
1565358562     0     27378    7.00    7.00    0.00   14.00     2      0.00      0.00   89728   4296   0.11      0.00      0.00      0.00  sysbench
1565358563     0     27378    1.98    3.96    0.00    5.94     2      0.00      0.00   89728   4296   0.11      0.00      0.00      0.00  sysbench
1565358564     0     27378    5.94    3.96    0.00    9.90     2      0.00      0.00   89728   4296   0.11      0.00      0.00      0.00  sysbench
1565358565     0     27378   14.85   13.86    0.00   28.71     2      0.00      0.00   89728   4296   0.11      0.00      0.00      0.00  sysbench

1565358547     0     27305   14.56   13.59    0.00   28.16     1    259.22      0.00   89728   4296   0.11      0.00      0.00      0.00  sysbench
1565358548     0     27305    1.00    1.00    0.00    2.00     1      0.00      0.00   89728   4296   0.11      0.00      0.00      0.00  sysbench
1565358550     0     27305    7.00    8.00    0.00   15.00     1      0.00      0.00   89728   4296   0.11      0.00      0.00      0.00  sysbench
1565358551     0     27305    3.92    3.92    0.00    7.84     1      0.00      0.00   89728   4296   0.11      0.00      0.00      0.00  sysbench
1565358551     0     27305    0.00    0.00    0.00    0.00     1      0.00      0.00   89728   4296   0.11      0.00      0.00      0.00  sysbench
1565358552     0     27305    0.99    0.99    0.00    1.98     1      0.99      0.00   89728   4560   0.12      0.00      0.00      0.00  sysbench
1565358553     0     27305    5.00    5.00    0.00   10.00     1      0.00      0.00   89728   4560   0.12      0.00      0.00      0.00  sysbench
1565358555     0     27305   11.00    9.00    0.00   20.00     1      0.00      0.00   89728   4560   0.12      0.00      0.00      0.00  sysbench
1565358555     0     27305    6.93    5.94    0.00   12.87     1      0.00      0.00   89728   4560   0.12      0.00      0.00      0.00  sysbench
1565358556     0     27378    2.00    3.00    0.00    5.00     2   1587.00      0.00   89728   3512   0.09      0.00      0.00      0.00  sysbench
1565358557     0     27378   17.00   14.00    0.00   31.00     2    248.00      0.00   89728   4296   0.11      0.00      0.00      0.00  sysbench
1565358558     0     27378   13.00   12.00    0.00   25.00     2      0.00      0.00   89728   4296   0.11      0.00      0.00      0.00  sysbench
1565358559     0     27378   15.84   16.83    0.00   32.67     2      0.00      0.00   89728   4296   0.11      0.00      0.00      0.00  sysbench
1565358560     0     27378   13.00   12.00    0.00   25.00     2      1.00      0.00   89728   4296   0.11      0.00      0.00      0.00  sysbench
1565358561     0     27378   15.00   13.00    0.00   28.00     2      0.00      0.00   89728   4296   0.11      0.00      0.00      0.00  sysbench
1565358562     0     27378    7.92    7.92    0.00   15.84     2      0.00      0.00   89728   4296   0.11      0.00      0.00      0.00  sysbench
1565358563     0     27378    2.00    3.00    0.00    5.00     2      0.00      0.00   89728   4296   0.11      0.00      0.00      0.00  sysbench
1565358564     0     27378    5.00    4.00    0.00    9.00     2      0.00      0.00   89728   4296   0.11      0.00      0.00      0.00  sysbench
1565358565     0     27378   15.84   13.86    0.00   29.70     2      0.00      0.00   89728   4296   0.11      0.00      0.00      0.00  sysbench
1565358566     0     27378    7.00    9.00    0.00   16.00     2      0.00      0.00   89728   4296   0.11      0.00      0.00      0.00  sysbench

1565358557     0     27378   17.31   15.38    0.00   32.69     2    250.00      0.00   89728   4296   0.11      0.00      0.00      0.00  sysbench
1565358558     0     27378   13.00   13.00    0.00   26.00     2      0.00      0.00   89728   4296   0.11      0.00      0.00      0.00  sysbench
1565358559     0     27378   16.83   16.83    0.00   33.66     2      0.00      0.00   89728   4296   0.11      0.00      0.00      0.00  sysbench
1565358560     0     27378   14.00   12.00    0.00   26.00     2      1.00      0.00   89728   4296   0.11      0.00      0.00      0.00  sysbench
1565358561     0     27378   14.00   12.00    0.00   26.00     2      0.00      0.00   89728   4296   0.11      0.00      0.00      0.00  sysbench
1565358562     0     27378    7.00    7.00    0.00   14.00     2      0.00      0.00   89728   4296   0.11      0.00      0.00      0.00  sysbench
1565358563     0     27378    2.00    3.00    0.00    5.00     2      0.00      0.00   89728   4296   0.11      0.00      0.00      0.00  sysbench
1565358564     0     27378    5.94    3.96    0.00    9.90     2      0.00      0.00   89728   4296   0.11      0.00      0.00      0.00  sysbench
1565358565     0     27378   15.00   14.00    0.00   29.00     2      0.00      0.00   89728   4296   0.11      0.00      0.00      0.00  sysbench
1565358566     0     27378    7.00    9.00    0.00   16.00     0      4.00      0.00   89728   4428   0.11      0.00      0.00      0.00  sysbench

