1565358251     0     23389   81.37    0.00    0.00   81.37     2    149.02      0.00   90760   5620   0.14      0.00      0.00      0.00  sysbench
1565358252     0     23389   80.20    0.00    0.00   80.20     2      0.00      0.00   90760   5620   0.14      0.00      0.00      0.00  sysbench
1565358253     0     23389   81.00    0.00    0.00   81.00     2      1.00      0.00   90760   5620   0.14      0.00      0.00      0.00  sysbench
1565358254     0     23389   89.00    0.00    0.00   89.00     2      0.00      0.00   90760   5620   0.14      0.00      0.00      0.00  sysbench
1565358255     0     23389   85.00    0.00    0.00   85.00     2      0.00      0.00   90760   5620   0.14      0.00      0.00      0.00  sysbench
1565358256     0     23389   81.00    0.00    0.00   81.00     2      0.00      0.00   90760   5620   0.14      0.00      0.00      0.00  sysbench
1565358257     0     23389   86.00    0.00    0.00   86.00     2      0.00      0.00   90760   5620   0.14      0.00      0.00      0.00  sysbench
1565358258     0     23389   67.33    0.00    0.00   67.33     2      2.97      0.00   90760   5620   0.14      0.00      0.00      0.00  sysbench
1565358259     0     23510   53.00    0.00    0.00   53.00     3   1955.00      0.00   90760   5096   0.13      0.00      0.00      0.00  sysbench
1565358260     0     23510   72.00    0.00    0.00   72.00     3    135.00      0.00   90760   5620   0.14      0.00      0.00      0.00  sysbench
1565358261     0     23510   72.28    0.00    0.00   72.28     3      1.98      0.00   90760   5620   0.14      0.00      0.00      0.00  sysbench
1565358263     0     23510   83.00    0.00    0.00   83.00     3      1.00      0.00   90760   5620   0.14      0.00      0.00      0.00  sysbench
1565358263     0     23510   51.49    0.00    0.00   51.49     3      0.00      0.00   90760   5620   0.14      0.00      0.00      0.00  sysbench
1565358264     0     23510   77.00    0.00    0.00   77.00     3      1.00      0.00   90760   5620   0.14      0.00      0.00      0.00  sysbench
1565358265     0     23510   81.00    0.00    0.00   81.00     3      0.00      0.00   90760   5620   0.14      0.00      0.00      0.00  sysbench
1565358266     0     23510   69.31    0.00    0.00   69.31     3      0.00      0.00   90760   5620   0.14      0.00      0.00      0.00  sysbench
1565358267     0     23510   69.00    0.00    0.00   69.00     3      0.00      0.00   90760   5620   0.14      0.00      0.00      0.00  sysbench
1565358268     0     23645   28.00    0.00    0.00   28.00     2   1953.00      0.00   90760   5092   0.13      0.00      0.00      0.00  sysbench
1565358269     0     23645   82.00    0.00    0.00   82.00     2    137.00      0.00   90760   5616   0.14      0.00      0.00      0.00  sysbench
1565358270     0     23645   80.00    0.00    0.00   80.00     2      2.00      0.00   90760   5616   0.14      0.00      0.00      0.00  sysbench
1565358271     0     23645   88.00    0.00    0.00   88.00     2      1.00      0.00   90760   5616   0.14      0.00      0.00      0.00  sysbench
1565358272     0     23645   73.27    0.00    0.00   73.27     2      0.00      0.00   90760   5616   0.14      0.00      0.00      0.00  sysbench
1565358273     0     23645   61.00    0.00    0.00   61.00     2      1.00      0.00   90760   5616   0.14      0.00      0.00      0.00  sysbench
1565358274     0     23645   80.00    0.00    0.00   80.00     2      0.00      0.00   90760   5616   0.14      0.00      0.00      0.00  sysbench
1565358275     0     23645   83.17    0.00    0.00   83.17     2      0.00      0.00   90760   5616   0.14      0.00      0.00      0.00  sysbench
1565358276     0     23645   62.00    0.00    0.00   62.00     2      0.00      0.00   90760   5616   0.14      0.00      0.00      0.00  sysbench
1565358277     0     23781   38.00    0.00    0.00   38.00     3   1960.00      0.00   90760   5096   0.13      0.00      0.00      0.00  sysbench
1565358278     0     23781   31.00    0.00    0.00   31.00     3    135.00      0.00   90760   5620   0.14      0.00      0.00      0.00  sysbench
1565358279     0     23781   48.51    0.00    0.00   48.51     3      0.00      0.00   90760   5620   0.14      0.00      0.00      0.00  sysbench
1565358280     0     23781   70.00    0.00    0.00   70.00     3      0.00      0.00   90760   5620   0.14      0.00      0.00      0.00  sysbench
1565358281     0     23781   58.42    0.00    0.00   58.42     3      0.00      0.00   90760   5620   0.14      0.00      0.00      0.00  sysbench
1565358282     0     23781   77.00    0.00    0.00   77.00     3      0.00      0.00   90760   5620   0.14      0.00      0.00      0.00  sysbench
1565358283     0     23781   65.00    0.00    0.00   65.00     3      0.00      0.00   90760   5620   0.14      0.00      0.00      0.00  sysbench
1565358284     0     23781   82.18    0.00    0.00   82.18     3      2.97      0.00   90760   5620   0.14      0.00      0.00      0.00  sysbench
1565358285     0     23781   68.00    0.00    0.00   68.00     3      0.00      0.00   90760   5620   0.14      0.00      0.00      0.00  sysbench
1565358286     0     23781   73.27    0.00    0.00   73.27     3      0.00      0.00   90760   5620   0.14      0.00      0.00      0.00  sysbench
1565358288     0     23918   52.48    0.00    0.00   52.48     3   1934.65      0.00   90760   5096   0.13      0.00      0.00      0.00  sysbench
1565358288     0     23918   52.00    0.00    0.00   52.00     3    135.00      0.00   90760   5620   0.14      0.00      0.00      0.00  sysbench
1565358289     0     23918   64.00    0.00    0.00   64.00     3      1.00      0.00   90760   5620   0.14      0.00      0.00      0.00  sysbench
1565358290     0     23918   33.00    0.00    0.00   33.00     3      0.00      0.00   90760   5620   0.14      0.00      0.00      0.00  sysbench
1565358291     0     23918   64.36    0.00    0.00   64.36     3      0.00      0.00   90760   5620   0.14      0.00      0.00      0.00  sysbench
1565358292     0     23918   67.00    0.00    0.00   67.00     3      2.00      0.00   90760   5620   0.14      0.00      0.00      0.00  sysbench
1565358294     0     23918   75.00    0.00    0.00   75.00     3      0.00      0.00   90760   5620   0.14      0.00      0.00      0.00  sysbench
1565358294     0     23918   73.27    0.00    0.00   73.27     3      0.00      0.00   90760   5620   0.14      0.00      0.00      0.00  sysbench
1565358295     0     23918   83.00    0.00    0.00   83.00     3      1.00      0.00   90760   5620   0.14      0.00      0.00      0.00  sysbench
1565358296     0     23918   81.19    0.00    0.00   81.19     3      0.00      0.00   90760   5620   0.14      0.00      0.00      0.00  sysbench
1565358298     0     24054   26.00    0.00    0.00   26.00     0   1963.00      0.00   90760   5096   0.13      0.00      0.00      0.00  sysbench
1565358298     0     24054   33.00    0.00    0.00   33.00     0    127.00      0.00   90760   5620   0.14      0.00      0.00      0.00  sysbench
1565358299     0     24054   62.38    0.00    0.00   62.38     0      0.00      0.00   90760   5620   0.14      0.00      0.00      0.00  sysbench
1565358301     0     24054   44.00    0.00    0.00   44.00     0      3.00      0.00   90760   5620   0.14      0.00      0.00      0.00  sysbench
1565358302     0     24054   38.61    0.00    0.00   38.61     0      0.00      0.00   90760   5620   0.14      0.00      0.00      0.00  sysbench
1565358303     0     24054   58.00    0.00    0.00   58.00     0      0.00      0.00   90760   5620   0.14      0.00      0.00      0.00  sysbench
1565358304     0     24054   64.00    0.00    0.00   64.00     0      0.00      0.00   90760   5620   0.14      0.00      0.00      0.00  sysbench
1565358305     0     24054   54.46    0.00    0.00   54.46     0      0.00      0.00   90760   5620   0.14      0.00      0.00      0.00  sysbench
1565358306     0     24054   28.00    0.00    0.00   28.00     0      1.00      0.00   90760   5620   0.14      0.00      0.00      0.00  sysbench
1565358307     0     24054   61.00    0.00    0.00   61.00     0      0.00      0.00   90760   5620   0.14      0.00      0.00      0.00  sysbench
1565358308     0     24176   39.00    0.00    0.00   39.00     1   1958.00      0.00   90760   5092   0.13      0.00      0.00      0.00  sysbench
1565358309     0     24176   75.00    0.00    0.00   75.00     1    135.00      0.00   90760   5616   0.14      0.00      0.00      0.00  sysbench
1565358310     0     24176   38.00    0.00    0.00   38.00     1      0.00      0.00   90760   5616   0.14      0.00      0.00      0.00  sysbench
1565358311     0     24176   24.75    0.00    0.00   24.75     1      0.99      0.00   90760   5616   0.14      0.00      0.00      0.00  sysbench
1565358312     0     24176   70.00    0.00    0.00   70.00     1      0.00      0.00   90760   5616   0.14      0.00      0.00      0.00  sysbench
1565358313     0     24176   61.00    0.00    0.00   61.00     1      0.00      0.00   90760   5616   0.14      0.00      0.00      0.00  sysbench
1565358314     0     24176   61.00    0.00    0.00   61.00     1      0.00      0.00   90760   5616   0.14      0.00      0.00      0.00  sysbench
1565358315     0     24176   43.56    0.00    0.00   43.56     1      0.00      0.00   90760   5616   0.14      0.00      0.00      0.00  sysbench
1565358316     0     24176   75.25    0.00    0.00   75.25     1      0.00      0.00   90760   5616   0.14      0.00      0.00      0.00  sysbench
1565358317     0     24176   54.00    0.00    0.00   54.00     1      0.00      0.00   90760   5616   0.14      0.00      0.00      0.00  sysbench
1565358318     0     24312   34.00    0.00    0.00   34.00     1   1961.00      0.00   90760   5092   0.13      0.00      0.00      0.00  sysbench
1565358319     0     24312   64.00    0.00    0.00   64.00     1    130.00      0.00   90760   5352   0.14      0.00      0.00      0.00  sysbench
1565358320     0     24312   76.00    0.00    0.00   76.00     1      1.00      0.00   90760   5352   0.14      0.00      0.00      0.00  sysbench
1565358321     0     24312   53.00    0.00    0.00   53.00     1      0.00      0.00   90760   5352   0.14      0.00      0.00      0.00  sysbench
1565358322     0     24312   67.33    0.00    0.00   67.33     1      0.99      0.00   90760   5352   0.14      0.00      0.00      0.00  sysbench
1565358323     0     24312   72.00    0.00    0.00   72.00     1      0.00      0.00   90760   5352   0.14      0.00      0.00      0.00  sysbench
1565358324     0     24312   46.53    0.00    0.00   46.53     1      0.00      0.00   90760   5352   0.14      0.00      0.00      0.00  sysbench
1565358325     0     24312   37.00    0.00    0.00   37.00     1      0.00      0.00   90760   5352   0.14      0.00      0.00      0.00  sysbench
1565358326     0     24312   56.44    0.00    0.00   56.44     1      1.98      0.00   90760   5352   0.14      0.00      0.00      0.00  sysbench
1565358327     0     24312   46.53    0.00    0.00   46.53     1      0.00      0.00   90760   5352   0.14      0.00      0.00      0.00  sysbench
1565358328     0     24448   23.76    0.00    0.00   23.76     0   1942.57      0.00   90760   5096   0.13      0.00      0.00      0.00  sysbench
1565358329     0     24448   39.60    0.00    0.00   39.60     0    132.67      0.00   90760   5356   0.14      0.00      0.00      0.00  sysbench
1565358330     0     24448   63.00    0.00    0.00   63.00     0      1.00      0.00   90760   5356   0.14      0.00      0.00      0.00  sysbench
1565358331     0     24448   16.83    0.00    0.00   16.83     0      0.99      0.00   90760   5356   0.14      0.00      0.00      0.00  sysbench
1565358332     0     24448   31.00    0.00    0.00   31.00     0      0.00      0.00   90760   5356   0.14      0.00      0.00      0.00  sysbench
1565358333     0     24448   25.00    0.00    0.00   25.00     0      0.00      0.00   90760   5356   0.14      0.00      0.00      0.00  sysbench
1565358334     0     24448   32.00    0.00    0.00   32.00     0      0.00      0.00   90760   5356   0.14      0.00      0.00      0.00  sysbench
1565358335     0     24448   65.00    0.00    0.00   65.00     0      0.00      0.00   90760   5356   0.14      0.00      0.00      0.00  sysbench
1565358336     0     24448   59.00    0.00    0.00   59.00     0      0.00      0.00   90760   5356   0.14      0.00      0.00      0.00  sysbench
1565358337     0     24448   61.39    0.00    0.00   61.39     0      0.00      0.00   90760   5356   0.14      0.00      0.00      0.00  sysbench
1565358338     0     24569   27.72    0.00    0.00   27.72     2   1942.57      0.00   90760   5092   0.13      0.00      0.00      0.00  sysbench
1565358339     0     24569   32.00    0.00    0.00   32.00     2    132.00      0.00   90760   5616   0.14      0.00      0.00      0.00  sysbench
1565358340     0     24569   43.56    0.00    0.00   43.56     2      0.99      0.00   90760   5616   0.14      0.00      0.00      0.00  sysbench
1565358341     0     24569   65.00    0.00    0.00   65.00     2      0.00      0.00   90760   5616   0.14      0.00      0.00      0.00  sysbench
1565358342     0     24569   42.00    0.00    0.00   42.00     2      2.00      0.00   90760   5616   0.14      0.00      0.00      0.00  sysbench
1565358343     0     24569   39.60    0.00    0.00   39.60     2      0.00      0.00   90760   5616   0.14      0.00      0.00      0.00  sysbench
1565358344     0     24569   68.00    0.00    0.00   68.00     2      0.00      0.00   90760   5616   0.14      0.00      0.00      0.00  sysbench
1565358345     0     24569   56.00    0.00    0.00   56.00     2      0.00      0.00   90760   5616   0.14      0.00      0.00      0.00  sysbench
1565358346     0     24569   64.36    0.00    0.00   64.36     2      0.00      0.00   90760   5616   0.14      0.00      0.00      0.00  sysbench
1565358347     0     24569   33.00    0.00    0.00   33.00     2      0.00      0.00   90760   5616   0.14      0.00      0.00      0.00  sysbench

1565358260     0     23510   72.55    0.00    0.00   72.55     3    142.16      0.00   90760   5620   0.14      0.00      0.00      0.00  sysbench
1565358261     0     23510   72.28    0.00    0.00   72.28     3      1.98      0.00   90760   5620   0.14      0.00      0.00      0.00  sysbench
1565358262     0     23510   71.00    0.00    0.00   71.00     3      1.00      0.00   90760   5620   0.14      0.00      0.00      0.00  sysbench
1565358263     0     23510   68.32    0.00    0.00   68.32     3      0.00      0.00   90760   5620   0.14      0.00      0.00      0.00  sysbench
1565358264     0     23510   70.00    0.00    0.00   70.00     3      1.00      0.00   90760   5620   0.14      0.00      0.00      0.00  sysbench
1565358265     0     23510   79.00    0.00    0.00   79.00     3      0.00      0.00   90760   5620   0.14      0.00      0.00      0.00  sysbench
1565358266     0     23510   80.00    0.00    0.00   80.00     3      0.00      0.00   90760   5620   0.14      0.00      0.00      0.00  sysbench
1565358267     0     23510   61.00    0.00    0.00   61.00     3      0.00      0.00   90760   5620   0.14      0.00      0.00      0.00  sysbench
1565358268     0     23510   73.00    0.00    0.00   73.00     3      0.00      0.00   90760   5620   0.14      0.00      0.00      0.00  sysbench
1565358269     0     23645   53.00    0.00    0.00   53.00     2   1957.00      0.00   90760   5092   0.13      0.00      0.00      0.00  sysbench
1565358270     0     23645   81.19    0.00    0.00   81.19     2    131.68      0.00   90760   5616   0.14      0.00      0.00      0.00  sysbench
1565358271     0     23645   83.00    0.00    0.00   83.00     2      2.00      0.00   90760   5616   0.14      0.00      0.00      0.00  sysbench
1565358272     0     23645   87.00    0.00    0.00   87.00     2      1.00      0.00   90760   5616   0.14      0.00      0.00      0.00  sysbench
1565358273     0     23645   59.00    0.00    0.00   59.00     2      0.00      0.00   90760   5616   0.14      0.00      0.00      0.00  sysbench
1565358274     0     23645   74.00    0.00    0.00   74.00     2      1.00      0.00   90760   5616   0.14      0.00      0.00      0.00  sysbench
1565358275     0     23645   79.21    0.00    0.00   79.21     2      0.00      0.00   90760   5616   0.14      0.00      0.00      0.00  sysbench
1565358276     0     23645   79.00    0.00    0.00   79.00     2      0.00      0.00   90760   5616   0.14      0.00      0.00      0.00  sysbench
1565358278     0     23781   40.00    0.00    0.00   40.00     3   1961.00      0.00   90760   5096   0.13      0.00      0.00      0.00  sysbench
1565358279     0     23781   35.00    0.00    0.00   35.00     3    134.00      0.00   90760   5620   0.14      0.00      0.00      0.00  sysbench
1565358280     0     23781   56.00    0.00    0.00   56.00     3      0.00      0.00   90760   5620   0.14      0.00      0.00      0.00  sysbench
1565358281     0     23781   66.34    0.00    0.00   66.34     3      0.00      0.00   90760   5620   0.14      0.00      0.00      0.00  sysbench
1565358282     0     23781   70.00    0.00    0.00   70.00     3      0.00      0.00   90760   5620   0.14      0.00      0.00      0.00  sysbench
1565358283     0     23781   79.21    0.00    0.00   79.21     3      0.00      0.00   90760   5620   0.14      0.00      0.00      0.00  sysbench
1565358284     0     23781   65.00    0.00    0.00   65.00     3      1.00      0.00   90760   5620   0.14      0.00      0.00      0.00  sysbench
1565358285     0     23781   80.00    0.00    0.00   80.00     3      2.00      0.00   90760   5620   0.14      0.00      0.00      0.00  sysbench
1565358286     0     23781   67.33    0.00    0.00   67.33     3      0.00      0.00   90760   5620   0.14      0.00      0.00      0.00  sysbench
1565358288     0     23918   67.00    0.00    0.00   67.00     3   2089.00      0.00   90760   5620   0.14      0.00      0.00      0.00  sysbench
1565358289     0     23918   58.42    0.00    0.00   58.42     3      0.00      0.00   90760   5620   0.14      0.00      0.00      0.00  sysbench
1565358290     0     23918   49.50    0.00    0.00   49.50     3      0.99      0.00   90760   5620   0.14      0.00      0.00      0.00  sysbench
1565358291     0     23918   44.00    0.00    0.00   44.00     3      0.00      0.00   90760   5620   0.14      0.00      0.00      0.00  sysbench
1565358292     0     23918   65.00    0.00    0.00   65.00     3      2.00      0.00   90760   5620   0.14      0.00      0.00      0.00  sysbench
1565358293     0     23918   71.00    0.00    0.00   71.00     3      0.00      0.00   90760   5620   0.14      0.00      0.00      0.00  sysbench
1565358294     0     23918   73.00    0.00    0.00   73.00     3      0.00      0.00   90760   5620   0.14      0.00      0.00      0.00  sysbench
1565358295     0     23918   77.00    0.00    0.00   77.00     3      0.00      0.00   90760   5620   0.14      0.00      0.00      0.00  sysbench
1565358296     0     23918   82.00    0.00    0.00   82.00     3      1.00      0.00   90760   5620   0.14      0.00      0.00      0.00  sysbench
1565358297     0     23918   78.00    0.00    0.00   78.00     3      0.00      0.00   90760   5620   0.14      0.00      0.00      0.00  sysbench
1565358298     0     24054   28.71    0.00    0.00   28.71     0   2069.31      0.00   90760   5620   0.14      0.00      0.00      0.00  sysbench
1565358299     0     24054   46.00    0.00    0.00   46.00     0      0.00      0.00   90760   5620   0.14      0.00      0.00      0.00  sysbench
1565358300     0     24054   64.00    0.00    0.00   64.00     0      0.00      0.00   90760   5620   0.14      0.00      0.00      0.00  sysbench
1565358301     0     24054   37.62    0.00    0.00   37.62     0      2.97      0.00   90760   5620   0.14      0.00      0.00      0.00  sysbench
1565358302     0     24054   43.56    0.00    0.00   43.56     0      0.00      0.00   90760   5620   0.14      0.00      0.00      0.00  sysbench
1565358303     0     24054   60.00    0.00    0.00   60.00     0      0.00      0.00   90760   5620   0.14      0.00      0.00      0.00  sysbench
1565358304     0     24054   63.37    0.00    0.00   63.37     0      0.00      0.00   90760   5620   0.14      0.00      0.00      0.00  sysbench
1565358305     0     24054   47.52    0.00    0.00   47.52     0      0.99      0.00   90760   5620   0.14      0.00      0.00      0.00  sysbench
1565358306     0     24054   35.00    0.00    0.00   35.00     0      0.00      0.00   90760   5620   0.14      0.00      0.00      0.00  sysbench
1565358307     0     24054   69.00    0.00    0.00   69.00     0      0.00      0.00   90760   5620   0.14      0.00      0.00      0.00  sysbench
1565358308     0     24176   65.35    0.00    0.00   65.35     1   1942.57      0.00   90760   5092   0.13      0.00      0.00      0.00  sysbench
1565358309     0     24176   72.00    0.00    0.00   72.00     1    131.00      0.00   90760   5616   0.14      0.00      0.00      0.00  sysbench
1565358310     0     24176   26.00    0.00    0.00   26.00     1      0.00      0.00   90760   5616   0.14      0.00      0.00      0.00  sysbench
1565358311     0     24176   31.00    0.00    0.00   31.00     1      1.00      0.00   90760   5616   0.14      0.00      0.00      0.00  sysbench
1565358312     0     24176   72.00    0.00    0.00   72.00     1      0.00      0.00   90760   5616   0.14      0.00      0.00      0.00  sysbench
1565358313     0     24176   57.43    0.00    0.00   57.43     1      0.00      0.00   90760   5616   0.14      0.00      0.00      0.00  sysbench
1565358314     0     24176   49.00    0.00    0.00   49.00     1      0.00      0.00   90760   5616   0.14      0.00      0.00      0.00  sysbench
1565358315     0     24176   59.00    0.00    0.00   59.00     1      0.00      0.00   90760   5616   0.14      0.00      0.00      0.00  sysbench
1565358316     0     24176   74.00    0.00    0.00   74.00     1      0.00      0.00   90760   5616   0.14      0.00      0.00      0.00  sysbench
1565358317     0     24176   58.00    0.00    0.00   58.00     1      0.00      0.00   90760   5616   0.14      0.00      0.00      0.00  sysbench
1565358318     0     24312   56.44    0.00    0.00   56.44     1   1947.52      0.00   90760   5092   0.13      0.00      0.00      0.00  sysbench
1565358319     0     24312   63.00    0.00    0.00   63.00     1    124.00      0.00   90760   5352   0.14      0.00      0.00      0.00  sysbench
1565358320     0     24312   77.23    0.00    0.00   77.23     1      0.99      0.00   90760   5352   0.14      0.00      0.00      0.00  sysbench
1565358321     0     24312   47.00    0.00    0.00   47.00     1      0.00      0.00   90760   5352   0.14      0.00      0.00      0.00  sysbench
1565358322     0     24312   73.27    0.00    0.00   73.27     1      0.99      0.00   90760   5352   0.14      0.00      0.00      0.00  sysbench
1565358323     0     24312   67.00    0.00    0.00   67.00     1      0.00      0.00   90760   5352   0.14      0.00      0.00      0.00  sysbench
1565358324     0     24312   40.00    0.00    0.00   40.00     1      0.00      0.00   90760   5352   0.14      0.00      0.00      0.00  sysbench
1565358325     0     24312   49.00    0.00    0.00   49.00     1      2.00      0.00   90760   5352   0.14      0.00      0.00      0.00  sysbench
1565358326     0     24312   44.00    0.00    0.00   44.00     1      0.00      0.00   90760   5352   0.14      0.00      0.00      0.00  sysbench
1565358327     0     24312   52.48    0.00    0.00   52.48     1      0.00      0.00   90760   5352   0.14      0.00      0.00      0.00  sysbench
1565358328     0     24448   40.00    0.00    0.00   40.00     0   1970.00      0.00   90760   5096   0.13      0.00      0.00      0.00  sysbench
1565358329     0     24448   38.61    0.00    0.00   38.61     0    124.75      0.00   90760   5356   0.14      0.00      0.00      0.00  sysbench
1565358330     0     24448   59.00    0.00    0.00   59.00     0      1.00      0.00   90760   5356   0.14      0.00      0.00      0.00  sysbench
1565358331     0     24448   12.87    0.00    0.00   12.87     0      0.99      0.00   90760   5356   0.14      0.00      0.00      0.00  sysbench
1565358332     0     24448   36.00    0.00    0.00   36.00     0      0.00      0.00   90760   5356   0.14      0.00      0.00      0.00  sysbench
1565358333     0     24448   16.83    0.00    0.00   16.83     0      0.00      0.00   90760   5356   0.14      0.00      0.00      0.00  sysbench
1565358334     0     24448   49.00    0.00    0.00   49.00     0      0.00      0.00   90760   5356   0.14      0.00      0.00      0.00  sysbench
1565358335     0     24448   63.37    0.00    0.00   63.37     0      0.00      0.00   90760   5356   0.14      0.00      0.00      0.00  sysbench
1565358336     0     24448   53.00    0.00    0.00   53.00     0      0.00      0.00   90760   5356   0.14      0.00      0.00      0.00  sysbench
1565358337     0     24448   68.00    0.00    0.00   68.00     0      0.00      0.00   90760   5356   0.14      0.00      0.00      0.00  sysbench
1565358338     0     24569   40.59    0.00    0.00   40.59     2   1945.54      0.00   90760   5092   0.13      0.00      0.00      0.00  sysbench
1565358339     0     24569   24.75    0.00    0.00   24.75     2    127.72      0.00   90760   5616   0.14      0.00      0.00      0.00  sysbench
1565358340     0     24569   56.00    0.00    0.00   56.00     2      1.00      0.00   90760   5616   0.14      0.00      0.00      0.00  sysbench
1565358341     0     24569   67.00    0.00    0.00   67.00     2      0.00      0.00   90760   5616   0.14      0.00      0.00      0.00  sysbench
1565358342     0     24569   34.00    0.00    0.00   34.00     2      2.00      0.00   90760   5616   0.14      0.00      0.00      0.00  sysbench
1565358343     0     24569   46.53    0.00    0.00   46.53     2      0.00      0.00   90760   5616   0.14      0.00      0.00      0.00  sysbench
1565358344     0     24569   65.35    0.00    0.00   65.35     2      0.00      0.00   90760   5616   0.14      0.00      0.00      0.00  sysbench
1565358345     0     24569   58.00    0.00    0.00   58.00     2      0.00      0.00   90760   5616   0.14      0.00      0.00      0.00  sysbench
1565358346     0     24569   56.44    0.00    0.00   56.44     2      0.00      0.00   90760   5616   0.14      0.00      0.00      0.00  sysbench
1565358347     0     24569   26.73    0.00    0.00   26.73     2      0.00      0.00   90760   5616   0.14      0.00      0.00      0.00  sysbench

1565358269     0     23645   83.65    0.00    0.00   83.65     2    140.38      0.00   90760   5616   0.14      0.00      0.00      0.00  sysbench
1565358270     0     23645   79.00    0.00    0.00   79.00     2      2.00      0.00   90760   5616   0.14      0.00      0.00      0.00  sysbench
1565358271     0     23645   87.13    0.00    0.00   87.13     2      0.99      0.00   90760   5616   0.14      0.00      0.00      0.00  sysbench
1565358272     0     23645   82.00    0.00    0.00   82.00     2      0.00      0.00   90760   5616   0.14      0.00      0.00      0.00  sysbench
1565358273     0     23645   57.00    0.00    0.00   57.00     2      1.00      0.00   90760   5616   0.14      0.00      0.00      0.00  sysbench
1565358274     0     23645   79.00    0.00    0.00   79.00     2      0.00      0.00   90760   5616   0.14      0.00      0.00      0.00  sysbench
1565358275     0     23645   83.00    0.00    0.00   83.00     2      0.00      0.00   90760   5616   0.14      0.00      0.00      0.00  sysbench
1565358276     0     23645   70.30    0.00    0.00   70.30     2      0.00      0.00   90760   5616   0.14      0.00      0.00      0.00  sysbench
1565358277     0     23781   30.69    0.00    0.00   30.69     3   1938.61      0.00   90760   5096   0.13      0.00      0.00      0.00  sysbench
1565358278     0     23781   27.00    0.00    0.00   27.00     3    137.00      0.00   90760   5620   0.14      0.00      0.00      0.00  sysbench
1565358279     0     23781   48.00    0.00    0.00   48.00     3      0.00      0.00   90760   5620   0.14      0.00      0.00      0.00  sysbench
1565358280     0     23781   57.43    0.00    0.00   57.43     3      0.00      0.00   90760   5620   0.14      0.00      0.00      0.00  sysbench
1565358281     0     23781   67.00    0.00    0.00   67.00     3      0.00      0.00   90760   5620   0.14      0.00      0.00      0.00  sysbench
1565358282     0     23781   72.00    0.00    0.00   72.00     3      0.00      0.00   90760   5620   0.14      0.00      0.00      0.00  sysbench
1565358283     0     23781   71.00    0.00    0.00   71.00     3      0.00      0.00   90760   5620   0.14      0.00      0.00      0.00  sysbench
1565358284     0     23781   76.00    0.00    0.00   76.00     3      1.00      0.00   90760   5620   0.14      0.00      0.00      0.00  sysbench
1565358285     0     23781   72.00    0.00    0.00   72.00     3      2.00      0.00   90760   5620   0.14      0.00      0.00      0.00  sysbench
1565358286     0     23781   73.00    0.00    0.00   73.00     3      0.00      0.00   90760   5620   0.14      0.00      0.00      0.00  sysbench
1565358287     0     23918   29.70    0.00    0.00   29.70     3   1931.68      0.00   90760   5096   0.13      0.00      0.00      0.00  sysbench
1565358288     0     23918   59.00    0.00    0.00   59.00     3    138.00      0.00   90760   5620   0.14      0.00      0.00      0.00  sysbench
1565358289     0     23918   64.00    0.00    0.00   64.00     3      1.00      0.00   90760   5620   0.14      0.00      0.00      0.00  sysbench
1565358290     0     23918   41.58    0.00    0.00   41.58     3      0.00      0.00   90760   5620   0.14      0.00      0.00      0.00  sysbench
1565358291     0     23918   54.46    0.00    0.00   54.46     3      0.00      0.00   90760   5620   0.14      0.00      0.00      0.00  sysbench
1565358292     0     23918   66.34    0.00    0.00   66.34     3      1.98      0.00   90760   5620   0.14      0.00      0.00      0.00  sysbench
1565358293     0     23918   67.00    0.00    0.00   67.00     3      0.00      0.00   90760   5620   0.14      0.00      0.00      0.00  sysbench
1565358294     0     23918   78.00    0.00    0.00   78.00     3      0.00      0.00   90760   5620   0.14      0.00      0.00      0.00  sysbench
1565358295     0     23918   80.00    0.00    0.00   80.00     3      1.00      0.00   90760   5620   0.14      0.00      0.00      0.00  sysbench
1565358296     0     23918   83.17    0.00    0.00   83.17     3      0.00      0.00   90760   5620   0.14      0.00      0.00      0.00  sysbench
1565358297     0     24054   16.00    0.00    0.00   16.00     0   1956.00      0.00   90760   5096   0.13      0.00      0.00      0.00  sysbench
1565358298     0     24054   25.74    0.00    0.00   25.74     0    132.67      0.00   90760   5620   0.14      0.00      0.00      0.00  sysbench
1565358299     0     24054   61.00    0.00    0.00   61.00     0      0.00      0.00   90760   5620   0.14      0.00      0.00      0.00  sysbench
1565358300     0     24054   54.00    0.00    0.00   54.00     0      3.00      0.00   90760   5620   0.14      0.00      0.00      0.00  sysbench
1565358301     0     24054   36.00    0.00    0.00   36.00     0      0.00      0.00   90760   5620   0.14      0.00      0.00      0.00  sysbench
1565358302     0     24054   52.00    0.00    0.00   52.00     0      0.00      0.00   90760   5620   0.14      0.00      0.00      0.00  sysbench
1565358303     0     24054   65.35    0.00    0.00   65.35     0      0.00      0.00   90760   5620   0.14      0.00      0.00      0.00  sysbench
1565358304     0     24054   57.00    0.00    0.00   57.00     0      0.00      0.00   90760   5620   0.14      0.00      0.00      0.00  sysbench
1565358305     0     24054   32.67    0.00    0.00   32.67     0      0.99      0.00   90760   5620   0.14      0.00      0.00      0.00  sysbench
1565358306     0     24054   52.00    0.00    0.00   52.00     0      0.00      0.00   90760   5620   0.14      0.00      0.00      0.00  sysbench
1565358307     0     24176   17.82    0.00    0.00   17.82     1   1933.66      0.00   90760   5092   0.13      0.00      0.00      0.00  sysbench
1565358308     0     24176   76.00    0.00    0.00   76.00     1    140.00      0.00   90760   5616   0.14      0.00      0.00      0.00  sysbench
1565358309     0     24176   55.45    0.00    0.00   55.45     1      0.00      0.00   90760   5616   0.14      0.00      0.00      0.00  sysbench
1565358310     0     24176   20.00    0.00    0.00   20.00     1      1.00      0.00   90760   5616   0.14      0.00      0.00      0.00  sysbench
1565358311     0     24176   53.00    0.00    0.00   53.00     1      0.00      0.00   90760   5616   0.14      0.00      0.00      0.00  sysbench
1565358312     0     24176   73.00    0.00    0.00   73.00     1      0.00      0.00   90760   5616   0.14      0.00      0.00      0.00  sysbench
1565358313     0     24176   53.47    0.00    0.00   53.47     1      0.00      0.00   90760   5616   0.14      0.00      0.00      0.00  sysbench
1565358314     0     24176   44.00    0.00    0.00   44.00     1      0.00      0.00   90760   5616   0.14      0.00      0.00      0.00  sysbench
1565358315     0     24176   74.26    0.00    0.00   74.26     1      0.00      0.00   90760   5616   0.14      0.00      0.00      0.00  sysbench
1565358316     0     24176   54.46    0.00    0.00   54.46     1      0.00      0.00   90760   5616   0.14      0.00      0.00      0.00  sysbench
1565358317     0     24312   19.00    0.00    0.00   19.00     1   1956.00      0.00   90760   5092   0.13      0.00      0.00      0.00  sysbench
1565358318     0     24312   60.00    0.00    0.00   60.00     1    135.00      0.00   90760   5352   0.14      0.00      0.00      0.00  sysbench
1565358319     0     24312   74.00    0.00    0.00   74.00     1      1.00      0.00   90760   5352   0.14      0.00      0.00      0.00  sysbench
1565358320     0     24312   64.00    0.00    0.00   64.00     1      0.00      0.00   90760   5352   0.14      0.00      0.00      0.00  sysbench
1565358321     0     24312   56.44    0.00    0.00   56.44     1      0.99      0.00   90760   5352   0.14      0.00      0.00      0.00  sysbench
1565358322     0     24312   76.00    0.00    0.00   76.00     1      0.00      0.00   90760   5352   0.14      0.00      0.00      0.00  sysbench
1565358323     0     24312   48.00    0.00    0.00   48.00     1      0.00      0.00   90760   5352   0.14      0.00      0.00      0.00  sysbench
1565358324     0     24312   39.00    0.00    0.00   39.00     1      0.00      0.00   90760   5352   0.14      0.00      0.00      0.00  sysbench
1565358325     0     24312   55.45    0.00    0.00   55.45     1      1.98      0.00   90760   5352   0.14      0.00      0.00      0.00  sysbench
1565358326     0     24312   55.45    0.00    0.00   55.45     1      0.00      0.00   90760   5352   0.14      0.00      0.00      0.00  sysbench
1565358327     0     24448   13.00    0.00    0.00   13.00     0   1959.00      0.00   90760   5096   0.13      0.00      0.00      0.00  sysbench
1565358328     0     24448   40.00    0.00    0.00   40.00     0    137.00      0.00   90760   5356   0.14      0.00      0.00      0.00  sysbench
1565358329     0     24448   57.00    0.00    0.00   57.00     0      1.00      0.00   90760   5356   0.14      0.00      0.00      0.00  sysbench
1565358331     0     24448   32.00    0.00    0.00   32.00     0      1.00      0.00   90760   5356   0.14      0.00      0.00      0.00  sysbench
1565358331     0     24448   23.53    0.00    0.00   23.53     0      0.00      0.00   90760   5356   0.14      0.00      0.00      0.00  sysbench
1565358333     0     24448   33.00    0.00    0.00   33.00     0      0.00      0.00   90760   5356   0.14      0.00      0.00      0.00  sysbench
1565358333     0     24448   17.00    0.00    0.00   17.00     0      0.00      0.00   90760   5356   0.14      0.00      0.00      0.00  sysbench
1565358334     0     24448   67.00    0.00    0.00   67.00     0      0.00      0.00   90760   5356   0.14      0.00      0.00      0.00  sysbench
1565358335     0     24448   63.00    0.00    0.00   63.00     0      0.00      0.00   90760   5356   0.14      0.00      0.00      0.00  sysbench
1565358336     0     24448   52.48    0.00    0.00   52.48     0      0.00      0.00   90760   5356   0.14      0.00      0.00      0.00  sysbench
1565358337     0     24569   26.00    0.00    0.00   26.00     2   1960.00      0.00   90760   5092   0.13      0.00      0.00      0.00  sysbench
1565358338     0     24569   30.69    0.00    0.00   30.69     2    132.67      0.00   90760   5616   0.14      0.00      0.00      0.00  sysbench
1565358339     0     24569   26.00    0.00    0.00   26.00     2      1.00      0.00   90760   5616   0.14      0.00      0.00      0.00  sysbench
1565358340     0     24569   67.00    0.00    0.00   67.00     2      0.00      0.00   90760   5616   0.14      0.00      0.00      0.00  sysbench
1565358341     0     24569   47.52    0.00    0.00   47.52     2      0.00      0.00   90760   5616   0.14      0.00      0.00      0.00  sysbench
1565358342     0     24569   35.00    0.00    0.00   35.00     2      2.00      0.00   90760   5616   0.14      0.00      0.00      0.00  sysbench
1565358343     0     24569   65.00    0.00    0.00   65.00     2      0.00      0.00   90760   5616   0.14      0.00      0.00      0.00  sysbench
1565358344     0     24569   63.37    0.00    0.00   63.37     2      0.00      0.00   90760   5616   0.14      0.00      0.00      0.00  sysbench
1565358345     0     24569   55.00    0.00    0.00   55.00     2      0.00      0.00   90760   5616   0.14      0.00      0.00      0.00  sysbench
1565358346     0     24569   41.58    0.00    0.00   41.58     2      0.00      0.00   90760   5616   0.14      0.00      0.00      0.00  sysbench

1565358278     0     23781   37.86    0.00    0.00   37.86     3    141.75      0.00   90760   5620   0.14      0.00      0.00      0.00  sysbench
1565358279     0     23781   36.00    0.00    0.00   36.00     3      0.00      0.00   90760   5620   0.14      0.00      0.00      0.00  sysbench
1565358280     0     23781   58.00    0.00    0.00   58.00     3      0.00      0.00   90760   5620   0.14      0.00      0.00      0.00  sysbench
1565358281     0     23781   69.00    0.00    0.00   69.00     3      0.00      0.00   90760   5620   0.14      0.00      0.00      0.00  sysbench
1565358282     0     23781   68.32    0.00    0.00   68.32     3      0.00      0.00   90760   5620   0.14      0.00      0.00      0.00  sysbench
1565358283     0     23781   77.00    0.00    0.00   77.00     3      0.00      0.00   90760   5620   0.14      0.00      0.00      0.00  sysbench
1565358284     0     23781   68.00    0.00    0.00   68.00     3      1.00      0.00   90760   5620   0.14      0.00      0.00      0.00  sysbench
1565358285     0     23781   78.00    0.00    0.00   78.00     3      2.00      0.00   90760   5620   0.14      0.00      0.00      0.00  sysbench
1565358286     0     23781   68.00    0.00    0.00   68.00     3      0.00      0.00   90760   5620   0.14      0.00      0.00      0.00  sysbench
1565358287     0     23918    0.00    0.00    0.00    0.00     3   1860.00      0.00   90760   4572   0.12      0.00      0.00      0.00  sysbench
1565358288     0     23918   66.34    0.00    0.00   66.34     3    226.73      0.00   90760   5620   0.14      0.00      0.00      0.00  sysbench
1565358289     0     23918   62.38    0.00    0.00   62.38     3      0.99      0.00   90760   5620   0.14      0.00      0.00      0.00  sysbench
1565358290     0     23918   49.00    0.00    0.00   49.00     3      0.00      0.00   90760   5620   0.14      0.00      0.00      0.00  sysbench
1565358291     0     23918   44.55    0.00    0.00   44.55     3      0.00      0.00   90760   5620   0.14      0.00      0.00      0.00  sysbench
1565358292     0     23918   66.00    0.00    0.00   66.00     3      2.00      0.00   90760   5620   0.14      0.00      0.00      0.00  sysbench
1565358293     0     23918   68.00    0.00    0.00   68.00     3      0.00      0.00   90760   5620   0.14      0.00      0.00      0.00  sysbench
1565358294     0     23918   76.00    0.00    0.00   76.00     3      0.00      0.00   90760   5620   0.14      0.00      0.00      0.00  sysbench
1565358295     0     23918   77.00    0.00    0.00   77.00     3      1.00      0.00   90760   5620   0.14      0.00      0.00      0.00  sysbench
1565358296     0     23918   82.18    0.00    0.00   82.18     3      0.00      0.00   90760   5620   0.14      0.00      0.00      0.00  sysbench
1565358297     0     24054    1.00    0.00    0.00    1.00     1   1893.00      0.00   90760   4832   0.12      0.00      0.00      0.00  sysbench
1565358298     0     24054   28.00    0.00    0.00   28.00     0    197.00      0.00   90760   5620   0.14      0.00      0.00      0.00  sysbench
1565358299     0     24054   52.00    0.00    0.00   52.00     0      0.00      0.00   90760   5620   0.14      0.00      0.00      0.00  sysbench
1565358300     0     24054   64.36    0.00    0.00   64.36     0      2.97      0.00   90760   5620   0.14      0.00      0.00      0.00  sysbench
1565358301     0     24054   36.00    0.00    0.00   36.00     0      0.00      0.00   90760   5620   0.14      0.00      0.00      0.00  sysbench
1565358302     0     24054   40.00    0.00    0.00   40.00     0      0.00      0.00   90760   5620   0.14      0.00      0.00      0.00  sysbench
1565358303     0     24054   61.39    0.00    0.00   61.39     0      0.00      0.00   90760   5620   0.14      0.00      0.00      0.00  sysbench
1565358304     0     24054   64.00    0.00    0.00   64.00     0      0.00      0.00   90760   5620   0.14      0.00      0.00      0.00  sysbench
1565358305     0     24054   45.10    0.00    0.00   45.10     0      0.98      0.00   90760   5620   0.14      0.00      0.00      0.00  sysbench
1565358306     0     24054   38.00    0.00    0.00   38.00     0      0.00      0.00   90760   5620   0.14      0.00      0.00      0.00  sysbench
1565358308     0     24176   67.00    0.00    0.00   67.00     1   1963.00      0.00   90760   5092   0.13      0.00      0.00      0.00  sysbench
1565358309     0     24176   73.27    0.00    0.00   73.27     1    128.71      0.00   90760   5616   0.14      0.00      0.00      0.00  sysbench
1565358310     0     24176   24.00    0.00    0.00   24.00     1      0.00      0.00   90760   5616   0.14      0.00      0.00      0.00  sysbench
1565358311     0     24176   33.66    0.00    0.00   33.66     1      0.99      0.00   90760   5616   0.14      0.00      0.00      0.00  sysbench
1565358312     0     24176   74.00    0.00    0.00   74.00     1      0.00      0.00   90760   5616   0.14      0.00      0.00      0.00  sysbench
1565358313     0     24176   55.45    0.00    0.00   55.45     1      0.00      0.00   90760   5616   0.14      0.00      0.00      0.00  sysbench
1565358314     0     24176   46.00    0.00    0.00   46.00     1      0.00      0.00   90760   5616   0.14      0.00      0.00      0.00  sysbench
1565358315     0     24176   65.00    0.00    0.00   65.00     1      0.00      0.00   90760   5616   0.14      0.00      0.00      0.00  sysbench
1565358316     0     24176   66.00    0.00    0.00   66.00     1      0.00      0.00   90760   5616   0.14      0.00      0.00      0.00  sysbench
1565358317     0     24176   64.36    0.00    0.00   64.36     1      0.00      0.00   90760   5616   0.14      0.00      0.00      0.00  sysbench
1565358318     0     24312   60.00    0.00    0.00   60.00     1   1968.00      0.00   90760   5092   0.13      0.00      0.00      0.00  sysbench
1565358319     0     24312   67.00    0.00    0.00   67.00     1    123.00      0.00   90760   5352   0.14      0.00      0.00      0.00  sysbench
1565358320     0     24312   76.00    0.00    0.00   76.00     1      1.00      0.00   90760   5352   0.14      0.00      0.00      0.00  sysbench
1565358321     0     24312   43.56    0.00    0.00   43.56     1      0.00      0.00   90760   5352   0.14      0.00      0.00      0.00  sysbench
1565358322     0     24312   75.00    0.00    0.00   75.00     1      1.00      0.00   90760   5352   0.14      0.00      0.00      0.00  sysbench
1565358323     0     24312   66.00    0.00    0.00   66.00     1      0.00      0.00   90760   5352   0.14      0.00      0.00      0.00  sysbench
1565358324     0     24312   37.62    0.00    0.00   37.62     1      0.00      0.00   90760   5352   0.14      0.00      0.00      0.00  sysbench
1565358325     0     24312   46.00    0.00    0.00   46.00     1      2.00      0.00   90760   5352   0.14      0.00      0.00      0.00  sysbench
1565358326     0     24312   52.48    0.00    0.00   52.48     1      0.00      0.00   90760   5352   0.14      0.00      0.00      0.00  sysbench
1565358327     0     24312   48.00    0.00    0.00   48.00     1      0.00      0.00   90760   5352   0.14      0.00      0.00      0.00  sysbench
1565358328     0     24448   40.00    0.00    0.00   40.00     0   1971.00      0.00   90760   5096   0.13      0.00      0.00      0.00  sysbench
1565358329     0     24448   43.56    0.00    0.00   43.56     0    123.76      0.00   90760   5356   0.14      0.00      0.00      0.00  sysbench
1565358330     0     24448   54.00    0.00    0.00   54.00     0      1.00      0.00   90760   5356   0.14      0.00      0.00      0.00  sysbench
1565358331     0     24448   16.83    0.00    0.00   16.83     0      0.99      0.00   90760   5356   0.14      0.00      0.00      0.00  sysbench
1565358332     0     24448   33.66    0.00    0.00   33.66     0      0.00      0.00   90760   5356   0.14      0.00      0.00      0.00  sysbench
1565358333     0     24448   16.00    0.00    0.00   16.00     0      0.00      0.00   90760   5356   0.14      0.00      0.00      0.00  sysbench
1565358334     0     24448   52.48    0.00    0.00   52.48     0      0.00      0.00   90760   5356   0.14      0.00      0.00      0.00  sysbench
1565358335     0     24448   58.42    0.00    0.00   58.42     0      0.00      0.00   90760   5356   0.14      0.00      0.00      0.00  sysbench
1565358336     0     24448   58.00    0.00    0.00   58.00     0      0.00      0.00   90760   5356   0.14      0.00      0.00      0.00  sysbench
1565358337     0     24448   65.00    0.00    0.00   65.00     0      0.00      0.00   90760   5356   0.14      0.00      0.00      0.00  sysbench
1565358338     0     24569   40.59    0.00    0.00   40.59     2   1945.54      0.00   90760   5092   0.13      0.00      0.00      0.00  sysbench
1565358339     0     24569   24.75    0.00    0.00   24.75     2    127.72      0.00   90760   5616   0.14      0.00      0.00      0.00  sysbench
1565358340     0     24569   59.00    0.00    0.00   59.00     2      1.00      0.00   90760   5616   0.14      0.00      0.00      0.00  sysbench
1565358341     0     24569   65.00    0.00    0.00   65.00     2      0.00      0.00   90760   5616   0.14      0.00      0.00      0.00  sysbench
1565358342     0     24569   34.00    0.00    0.00   34.00     2      2.00      0.00   90760   5616   0.14      0.00      0.00      0.00  sysbench
1565358343     0     24569   52.48    0.00    0.00   52.48     2      0.00      0.00   90760   5616   0.14      0.00      0.00      0.00  sysbench
1565358344     0     24569   64.00    0.00    0.00   64.00     2      0.00      0.00   90760   5616   0.14      0.00      0.00      0.00  sysbench
1565358345     0     24569   56.44    0.00    0.00   56.44     2      0.00      0.00   90760   5616   0.14      0.00      0.00      0.00  sysbench
1565358346     0     24569   59.00    0.00    0.00   59.00     2      0.00      0.00   90760   5616   0.14      0.00      0.00      0.00  sysbench
1565358347     0     24569   20.79    0.00    0.00   20.79     2      0.00      0.00   90760   5616   0.14      0.00      0.00      0.00  sysbench

1565358288     0     23918   63.11    0.00    0.00   63.11     3    140.78      0.00   90760   5620   0.14      0.00      0.00      0.00  sysbench
1565358289     0     23918   64.00    0.00    0.00   64.00     3      1.00      0.00   90760   5620   0.14      0.00      0.00      0.00  sysbench
1565358290     0     23918   47.06    0.00    0.00   47.06     3      0.00      0.00   90760   5620   0.14      0.00      0.00      0.00  sysbench
1565358291     0     23918   50.00    0.00    0.00   50.00     3      0.00      0.00   90760   5620   0.14      0.00      0.00      0.00  sysbench
1565358292     0     23918   63.00    0.00    0.00   63.00     3      2.00      0.00   90760   5620   0.14      0.00      0.00      0.00  sysbench
1565358293     0     23918   69.00    0.00    0.00   69.00     3      0.00      0.00   90760   5620   0.14      0.00      0.00      0.00  sysbench
1565358294     0     23918   77.00    0.00    0.00   77.00     3      0.00      0.00   90760   5620   0.14      0.00      0.00      0.00  sysbench
1565358295     0     23918   77.00    0.00    0.00   77.00     3      1.00      0.00   90760   5620   0.14      0.00      0.00      0.00  sysbench
1565358296     0     23918   82.00    0.00    0.00   82.00     3      0.00      0.00   90760   5620   0.14      0.00      0.00      0.00  sysbench
1565358297     0     24054    3.96    0.00    0.00    3.96     0   1930.69      0.00   90760   5096   0.13      0.00      0.00      0.00  sysbench
1565358298     0     24054   27.00    0.00    0.00   27.00     0    140.00      0.00   90760   5620   0.14      0.00      0.00      0.00  sysbench
1565358299     0     24054   52.48    0.00    0.00   52.48     0      0.00      0.00   90760   5620   0.14      0.00      0.00      0.00  sysbench
1565358300     0     24054   67.00    0.00    0.00   67.00     0      3.00      0.00   90760   5620   0.14      0.00      0.00      0.00  sysbench
1565358301     0     24054   34.65    0.00    0.00   34.65     0      0.00      0.00   90760   5620   0.14      0.00      0.00      0.00  sysbench
1565358302     0     24054   40.59    0.00    0.00   40.59     0      0.00      0.00   90760   5620   0.14      0.00      0.00      0.00  sysbench
1565358303     0     24054   63.00    0.00    0.00   63.00     0      0.00      0.00   90760   5620   0.14      0.00      0.00      0.00  sysbench
1565358304     0     24054   66.00    0.00    0.00   66.00     0      0.00      0.00   90760   5620   0.14      0.00      0.00      0.00  sysbench
1565358305     0     24054   37.62    0.00    0.00   37.62     0      0.99      0.00   90760   5620   0.14      0.00      0.00      0.00  sysbench
1565358306     0     24054   41.00    0.00    0.00   41.00     0      0.00      0.00   90760   5620   0.14      0.00      0.00      0.00  sysbench
1565358307     0     24176    0.00    0.00    0.00    0.00     1   1809.00      0.00   90760   4568   0.12      0.00      0.00      0.00  sysbench
1565358308     0     24176   72.00    0.00    0.00   72.00     1    154.00      0.00   90760   5092   0.13      0.00      0.00      0.00  sysbench
1565358309     0     24176   69.00    0.00    0.00   69.00     1    130.00      0.00   90760   5616   0.14      0.00      0.00      0.00  sysbench
1565358310     0     24176   25.00    0.00    0.00   25.00     1      1.00      0.00   90760   5616   0.14      0.00      0.00      0.00  sysbench
1565358311     0     24176   35.64    0.00    0.00   35.64     1      0.00      0.00   90760   5616   0.14      0.00      0.00      0.00  sysbench
1565358312     0     24176   73.00    0.00    0.00   73.00     1      0.00      0.00   90760   5616   0.14      0.00      0.00      0.00  sysbench
1565358313     0     24176   56.00    0.00    0.00   56.00     1      0.00      0.00   90760   5616   0.14      0.00      0.00      0.00  sysbench
1565358314     0     24176   43.56    0.00    0.00   43.56     1      0.00      0.00   90760   5616   0.14      0.00      0.00      0.00  sysbench
1565358315     0     24176   68.00    0.00    0.00   68.00     1      0.00      0.00   90760   5616   0.14      0.00      0.00      0.00  sysbench
1565358316     0     24176   66.00    0.00    0.00   66.00     1      0.00      0.00   90760   5616   0.14      0.00      0.00      0.00  sysbench
1565358318     0     24312   60.00    0.00    0.00   60.00     1   1969.00      0.00   90760   5092   0.13      0.00      0.00      0.00  sysbench
1565358319     0     24312   67.33    0.00    0.00   67.33     1    120.79      0.00   90760   5352   0.14      0.00      0.00      0.00  sysbench
1565358320     0     24312   75.25    0.00    0.00   75.25     1      0.99      0.00   90760   5352   0.14      0.00      0.00      0.00  sysbench
1565358321     0     24312   45.00    0.00    0.00   45.00     1      0.00      0.00   90760   5352   0.14      0.00      0.00      0.00  sysbench
1565358322     0     24312   76.00    0.00    0.00   76.00     1      1.00      0.00   90760   5352   0.14      0.00      0.00      0.00  sysbench
1565358323     0     24312   64.00    0.00    0.00   64.00     1      0.00      0.00   90760   5352   0.14      0.00      0.00      0.00  sysbench
1565358324     0     24312   39.60    0.00    0.00   39.60     1      0.00      0.00   90760   5352   0.14      0.00      0.00      0.00  sysbench
1565358325     0     24312   45.00    0.00    0.00   45.00     1      2.00      0.00   90760   5352   0.14      0.00      0.00      0.00  sysbench
1565358326     0     24312   50.50    0.00    0.00   50.50     1      0.00      0.00   90760   5352   0.14      0.00      0.00      0.00  sysbench
1565358328     0     24448   40.00    0.00    0.00   40.00     0   1972.00      0.00   90760   5096   0.13      0.00      0.00      0.00  sysbench
1565358329     0     24448   48.00    0.00    0.00   48.00     0    124.00      0.00   90760   5356   0.14      0.00      0.00      0.00  sysbench
1565358330     0     24448   50.50    0.00    0.00   50.50     0      1.98      0.00   90760   5356   0.14      0.00      0.00      0.00  sysbench
1565358331     0     24448   16.00    0.00    0.00   16.00     0      0.00      0.00   90760   5356   0.14      0.00      0.00      0.00  sysbench
1565358332     0     24448   33.00    0.00    0.00   33.00     0      0.00      0.00   90760   5356   0.14      0.00      0.00      0.00  sysbench
1565358333     0     24448   17.00    0.00    0.00   17.00     0      0.00      0.00   90760   5356   0.14      0.00      0.00      0.00  sysbench
1565358334     0     24448   53.47    0.00    0.00   53.47     0      0.00      0.00   90760   5356   0.14      0.00      0.00      0.00  sysbench
1565358335     0     24448   61.00    0.00    0.00   61.00     0      0.00      0.00   90760   5356   0.14      0.00      0.00      0.00  sysbench
1565358336     0     24448   56.00    0.00    0.00   56.00     0      0.00      0.00   90760   5356   0.14      0.00      0.00      0.00  sysbench
1565358337     0     24448   65.00    0.00    0.00   65.00     0      0.00      0.00   90760   5356   0.14      0.00      0.00      0.00  sysbench
1565358339     0     24569   60.00    0.00    0.00   60.00     2   2094.00      0.00   90760   5616   0.14      0.00      0.00      0.00  sysbench
1565358339     0     24569   11.88    0.00    0.00   11.88     2      0.99      0.00   90760   5616   0.14      0.00      0.00      0.00  sysbench
1565358340     0     24569   54.46    0.00    0.00   54.46     2      0.00      0.00   90760   5616   0.14      0.00      0.00      0.00  sysbench
1565358341     0     24569   65.00    0.00    0.00   65.00     2      0.00      0.00   90760   5616   0.14      0.00      0.00      0.00  sysbench
1565358342     0     24569   33.00    0.00    0.00   33.00     2      2.00      0.00   90760   5616   0.14      0.00      0.00      0.00  sysbench
1565358343     0     24569   53.00    0.00    0.00   53.00     2      0.00      0.00   90760   5616   0.14      0.00      0.00      0.00  sysbench
1565358344     0     24569   64.00    0.00    0.00   64.00     2      0.00      0.00   90760   5616   0.14      0.00      0.00      0.00  sysbench
1565358345     0     24569   55.45    0.00    0.00   55.45     2      0.00      0.00   90760   5616   0.14      0.00      0.00      0.00  sysbench
1565358346     0     24569   53.00    0.00    0.00   53.00     2      0.00      0.00   90760   5616   0.14      0.00      0.00      0.00  sysbench
1565358347     0     24569   26.73    0.00    0.00   26.73     2      0.00      0.00   90760   5616   0.14      0.00      0.00      0.00  sysbench

1565358298     0     24054   29.41    0.00    0.00   29.41     0    193.14      0.00   90760   5620   0.14      0.00      0.00      0.00  sysbench
1565358299     0     24054   51.96    0.00    0.00   51.96     0      0.00      0.00   90760   5620   0.14      0.00      0.00      0.00  sysbench
1565358300     0     24054   66.00    0.00    0.00   66.00     0      3.00      0.00   90760   5620   0.14      0.00      0.00      0.00  sysbench
1565358301     0     24054   37.62    0.00    0.00   37.62     0      0.00      0.00   90760   5620   0.14      0.00      0.00      0.00  sysbench
1565358302     0     24054   39.60    0.00    0.00   39.60     0      0.00      0.00   90760   5620   0.14      0.00      0.00      0.00  sysbench
1565358303     0     24054   64.00    0.00    0.00   64.00     0      0.00      0.00   90760   5620   0.14      0.00      0.00      0.00  sysbench
1565358304     0     24054   60.00    0.00    0.00   60.00     0      0.00      0.00   90760   5620   0.14      0.00      0.00      0.00  sysbench
1565358305     0     24054   41.58    0.00    0.00   41.58     0      0.99      0.00   90760   5620   0.14      0.00      0.00      0.00  sysbench
1565358306     0     24054   41.00    0.00    0.00   41.00     0      0.00      0.00   90760   5620   0.14      0.00      0.00      0.00  sysbench
1565358307     0     24176    0.00    0.00    0.00    0.00     1   1822.77      0.00   90760   4568   0.12      0.00      0.00      0.00  sysbench
1565358308     0     24176   71.00    0.00    0.00   71.00     1    122.00      0.00   90760   5092   0.13      0.00      0.00      0.00  sysbench
1565358309     0     24176   70.00    0.00    0.00   70.00     1    130.00      0.00   90760   5616   0.14      0.00      0.00      0.00  sysbench
1565358310     0     24176   25.00    0.00    0.00   25.00     1      1.00      0.00   90760   5616   0.14      0.00      0.00      0.00  sysbench
1565358311     0     24176   37.00    0.00    0.00   37.00     1      0.00      0.00   90760   5616   0.14      0.00      0.00      0.00  sysbench
1565358312     0     24176   72.00    0.00    0.00   72.00     1      0.00      0.00   90760   5616   0.14      0.00      0.00      0.00  sysbench
1565358313     0     24176   56.44    0.00    0.00   56.44     1      0.00      0.00   90760   5616   0.14      0.00      0.00      0.00  sysbench
1565358314     0     24176   43.56    0.00    0.00   43.56     1      0.00      0.00   90760   5616   0.14      0.00      0.00      0.00  sysbench
1565358315     0     24176   68.00    0.00    0.00   68.00     1      0.00      0.00   90760   5616   0.14      0.00      0.00      0.00  sysbench
1565358316     0     24176   64.00    0.00    0.00   64.00     1      0.00      0.00   90760   5616   0.14      0.00      0.00      0.00  sysbench
1565358317     0     24312    0.99    0.00    0.00    0.99     1   1892.08      0.00   90760   4828   0.12      0.00      0.00      0.00  sysbench
1565358318     0     24312   62.00    0.00    0.00   62.00     1    180.00      0.00   90760   5352   0.14      0.00      0.00      0.00  sysbench
1565358319     0     24312   67.00    0.00    0.00   67.00     1      1.00      0.00   90760   5352   0.14      0.00      0.00      0.00  sysbench
1565358320     0     24312   76.00    0.00    0.00   76.00     1      0.00      0.00   90760   5352   0.14      0.00      0.00      0.00  sysbench
1565358321     0     24312   43.56    0.00    0.00   43.56     1      0.99      0.00   90760   5352   0.14      0.00      0.00      0.00  sysbench
1565358322     0     24312   75.00    0.00    0.00   75.00     1      0.00      0.00   90760   5352   0.14      0.00      0.00      0.00  sysbench
1565358323     0     24312   64.00    0.00    0.00   64.00     1      0.00      0.00   90760   5352   0.14      0.00      0.00      0.00  sysbench
1565358324     0     24312   37.62    0.00    0.00   37.62     1      0.00      0.00   90760   5352   0.14      0.00      0.00      0.00  sysbench
1565358325     0     24312   48.00    0.00    0.00   48.00     1      2.00      0.00   90760   5352   0.14      0.00      0.00      0.00  sysbench
1565358326     0     24312   51.00    0.00    0.00   51.00     1      0.00      0.00   90760   5352   0.14      0.00      0.00      0.00  sysbench
1565358328     0     24448   42.00    0.00    0.00   42.00     0   2096.00      0.00   90760   5356   0.14      0.00      0.00      0.00  sysbench
1565358329     0     24448   45.54    0.00    0.00   45.54     0      0.00      0.00   90760   5356   0.14      0.00      0.00      0.00  sysbench
1565358330     0     24448   51.00    0.00    0.00   51.00     0      2.00      0.00   90760   5356   0.14      0.00      0.00      0.00  sysbench
1565358331     0     24448   15.84    0.00    0.00   15.84     0      0.00      0.00   90760   5356   0.14      0.00      0.00      0.00  sysbench
1565358332     0     24448   37.00    0.00    0.00   37.00     0      0.00      0.00   90760   5356   0.14      0.00      0.00      0.00  sysbench
1565358333     0     24448   18.00    0.00    0.00   18.00     0      0.00      0.00   90760   5356   0.14      0.00      0.00      0.00  sysbench
1565358334     0     24448   50.50    0.00    0.00   50.50     0      0.00      0.00   90760   5356   0.14      0.00      0.00      0.00  sysbench
1565358335     0     24448   58.00    0.00    0.00   58.00     0      0.00      0.00   90760   5356   0.14      0.00      0.00      0.00  sysbench
1565358336     0     24448   59.00    0.00    0.00   59.00     0      0.00      0.00   90760   5356   0.14      0.00      0.00      0.00  sysbench
1565358338     0     24569   43.14    0.00    0.00   43.14     2   2052.94      0.00   90760   5616   0.14      0.00      0.00      0.00  sysbench
1565358339     0     24569   22.00    0.00    0.00   22.00     2      0.00      0.00   90760   5616   0.14      0.00      0.00      0.00  sysbench
1565358340     0     24569   60.40    0.00    0.00   60.40     2      0.99      0.00   90760   5616   0.14      0.00      0.00      0.00  sysbench
1565358341     0     24569   65.00    0.00    0.00   65.00     2      0.00      0.00   90760   5616   0.14      0.00      0.00      0.00  sysbench
1565358342     0     24569   32.00    0.00    0.00   32.00     2      2.00      0.00   90760   5616   0.14      0.00      0.00      0.00  sysbench
1565358343     0     24569   54.46    0.00    0.00   54.46     2      0.00      0.00   90760   5616   0.14      0.00      0.00      0.00  sysbench
1565358344     0     24569   64.00    0.00    0.00   64.00     2      0.00      0.00   90760   5616   0.14      0.00      0.00      0.00  sysbench
1565358345     0     24569   57.43    0.00    0.00   57.43     2      0.00      0.00   90760   5616   0.14      0.00      0.00      0.00  sysbench
1565358346     0     24569   49.50    0.00    0.00   49.50     2      0.00      0.00   90760   5616   0.14      0.00      0.00      0.00  sysbench
1565358347     0     24569   27.00    0.00    0.00   27.00     2      0.00      0.00   90760   5616   0.14      0.00      0.00      0.00  sysbench

1565358308     0     24176   71.84    0.00    0.00   71.84     1    183.50      0.00   90760   5616   0.14      0.00      0.00      0.00  sysbench
1565358309     0     24176   70.00    0.00    0.00   70.00     1      0.00      0.00   90760   5616   0.14      0.00      0.00      0.00  sysbench
1565358310     0     24176   23.00    0.00    0.00   23.00     1      1.00      0.00   90760   5616   0.14      0.00      0.00      0.00  sysbench
1565358311     0     24176   37.00    0.00    0.00   37.00     1      0.00      0.00   90760   5616   0.14      0.00      0.00      0.00  sysbench
1565358312     0     24176   73.27    0.00    0.00   73.27     1      0.00      0.00   90760   5616   0.14      0.00      0.00      0.00  sysbench
1565358313     0     24176   57.00    0.00    0.00   57.00     1      0.00      0.00   90760   5616   0.14      0.00      0.00      0.00  sysbench
1565358314     0     24176   42.57    0.00    0.00   42.57     1      0.00      0.00   90760   5616   0.14      0.00      0.00      0.00  sysbench
1565358315     0     24176   71.29    0.00    0.00   71.29     1      0.00      0.00   90760   5616   0.14      0.00      0.00      0.00  sysbench
1565358316     0     24176   62.00    0.00    0.00   62.00     1      0.00      0.00   90760   5616   0.14      0.00      0.00      0.00  sysbench
1565358317     0     24312    5.00    0.00    0.00    5.00     1   1951.00      0.00   90760   5092   0.13      0.00      0.00      0.00  sysbench
1565358318     0     24312   64.00    0.00    0.00   64.00     1    140.00      0.00   90760   5352   0.14      0.00      0.00      0.00  sysbench
1565358319     0     24312   67.00    0.00    0.00   67.00     1      1.00      0.00   90760   5352   0.14      0.00      0.00      0.00  sysbench
1565358320     0     24312   71.29    0.00    0.00   71.29     1      0.00      0.00   90760   5352   0.14      0.00      0.00      0.00  sysbench
1565358321     0     24312   50.00    0.00    0.00   50.00     1      1.00      0.00   90760   5352   0.14      0.00      0.00      0.00  sysbench
1565358322     0     24312   72.00    0.00    0.00   72.00     1      0.00      0.00   90760   5352   0.14      0.00      0.00      0.00  sysbench
1565358323     0     24312   65.00    0.00    0.00   65.00     1      0.00      0.00   90760   5352   0.14      0.00      0.00      0.00  sysbench
1565358324     0     24312   36.63    0.00    0.00   36.63     1      0.00      0.00   90760   5352   0.14      0.00      0.00      0.00  sysbench
1565358325     0     24312   45.54    0.00    0.00   45.54     1      1.98      0.00   90760   5352   0.14      0.00      0.00      0.00  sysbench
1565358326     0     24312   50.00    0.00    0.00   50.00     1      0.00      0.00   90760   5352   0.14      0.00      0.00      0.00  sysbench
1565358327     0     24448    5.00    0.00    0.00    5.00     0   1953.00      0.00   90760   5096   0.13      0.00      0.00      0.00  sysbench
1565358328     0     24448   37.62    0.00    0.00   37.62     0    141.58      0.00   90760   5356   0.14      0.00      0.00      0.00  sysbench
1565358329     0     24448   51.00    0.00    0.00   51.00     0      1.00      0.00   90760   5356   0.14      0.00      0.00      0.00  sysbench
1565358330     0     24448   44.12    0.00    0.00   44.12     0      0.98      0.00   90760   5356   0.14      0.00      0.00      0.00  sysbench
1565358331     0     24448   18.00    0.00    0.00   18.00     0      0.00      0.00   90760   5356   0.14      0.00      0.00      0.00  sysbench
1565358332     0     24448   34.65    0.00    0.00   34.65     0      0.00      0.00   90760   5356   0.14      0.00      0.00      0.00  sysbench
1565358333     0     24448   18.00    0.00    0.00   18.00     0      0.00      0.00   90760   5356   0.14      0.00      0.00      0.00  sysbench
1565358334     0     24448   59.00    0.00    0.00   59.00     0      0.00      0.00   90760   5356   0.14      0.00      0.00      0.00  sysbench
1565358335     0     24448   56.44    0.00    0.00   56.44     0      0.00      0.00   90760   5356   0.14      0.00      0.00      0.00  sysbench
1565358336     0     24448   58.00    0.00    0.00   58.00     0      0.00      0.00   90760   5356   0.14      0.00      0.00      0.00  sysbench
1565358337     0     24569    3.00    0.00    0.00    3.00     2   1949.00      0.00   90760   5092   0.13      0.00      0.00      0.00  sysbench
1565358338     0     24569   44.55    0.00    0.00   44.55     2    143.56      0.00   90760   5616   0.14      0.00      0.00      0.00  sysbench
1565358339     0     24569   25.00    0.00    0.00   25.00     2      1.00      0.00   90760   5616   0.14      0.00      0.00      0.00  sysbench
1565358340     0     24569   60.00    0.00    0.00   60.00     2      0.00      0.00   90760   5616   0.14      0.00      0.00      0.00  sysbench
1565358341     0     24569   62.38    0.00    0.00   62.38     2      0.00      0.00   90760   5616   0.14      0.00      0.00      0.00  sysbench
1565358342     0     24569   32.00    0.00    0.00   32.00     2      2.00      0.00   90760   5616   0.14      0.00      0.00      0.00  sysbench
1565358343     0     24569   58.00    0.00    0.00   58.00     2      0.00      0.00   90760   5616   0.14      0.00      0.00      0.00  sysbench
1565358344     0     24569   60.40    0.00    0.00   60.40     2      0.00      0.00   90760   5616   0.14      0.00      0.00      0.00  sysbench
1565358345     0     24569   59.00    0.00    0.00   59.00     2      0.00      0.00   90760   5616   0.14      0.00      0.00      0.00  sysbench
1565358346     0     24569   51.00    0.00    0.00   51.00     2      0.00      0.00   90760   5616   0.14      0.00      0.00      0.00  sysbench

1565358318     0     24312   62.50    0.00    0.00   62.50     1    135.58      0.00   90760   5352   0.14      0.00      0.00      0.00  sysbench
1565358319     0     24312   67.00    0.00    0.00   67.00     1      1.00      0.00   90760   5352   0.14      0.00      0.00      0.00  sysbench
1565358320     0     24312   71.29    0.00    0.00   71.29     1      0.00      0.00   90760   5352   0.14      0.00      0.00      0.00  sysbench
1565358321     0     24312   50.00    0.00    0.00   50.00     1      1.00      0.00   90760   5352   0.14      0.00      0.00      0.00  sysbench
1565358322     0     24312   71.29    0.00    0.00   71.29     1      0.00      0.00   90760   5352   0.14      0.00      0.00      0.00  sysbench
1565358323     0     24312   64.00    0.00    0.00   64.00     1      0.00      0.00   90760   5352   0.14      0.00      0.00      0.00  sysbench
1565358324     0     24312   34.31    0.00    0.00   34.31     1      0.00      0.00   90760   5352   0.14      0.00      0.00      0.00  sysbench
1565358325     0     24312   51.00    0.00    0.00   51.00     1      2.00      0.00   90760   5352   0.14      0.00      0.00      0.00  sysbench
1565358326     0     24312   49.00    0.00    0.00   49.00     1      0.00      0.00   90760   5352   0.14      0.00      0.00      0.00  sysbench
1565358327     0     24448    3.96    0.00    0.00    3.96     0   1931.68      0.00   90760   5096   0.13      0.00      0.00      0.00  sysbench
1565358328     0     24448   40.00    0.00    0.00   40.00     0    145.00      0.00   90760   5356   0.14      0.00      0.00      0.00  sysbench
1565358329     0     24448   51.00    0.00    0.00   51.00     0      1.00      0.00   90760   5356   0.14      0.00      0.00      0.00  sysbench
1565358330     0     24448   44.00    0.00    0.00   44.00     0      1.00      0.00   90760   5356   0.14      0.00      0.00      0.00  sysbench
1565358331     0     24448   16.00    0.00    0.00   16.00     0      0.00      0.00   90760   5356   0.14      0.00      0.00      0.00  sysbench
1565358332     0     24448   36.63    0.00    0.00   36.63     0      0.00      0.00   90760   5356   0.14      0.00      0.00      0.00  sysbench
1565358333     0     24448   18.00    0.00    0.00   18.00     0      0.00      0.00   90760   5356   0.14      0.00      0.00      0.00  sysbench
1565358334     0     24448   58.00    0.00    0.00   58.00     0      0.00      0.00   90760   5356   0.14      0.00      0.00      0.00  sysbench
1565358335     0     24448   58.42    0.00    0.00   58.42     0      0.00      0.00   90760   5356   0.14      0.00      0.00      0.00  sysbench
1565358336     0     24448   57.00    0.00    0.00   57.00     0      0.00      0.00   90760   5356   0.14      0.00      0.00      0.00  sysbench
1565358337     0     24569    3.00    0.00    0.00    3.00     2   1950.00      0.00   90760   5092   0.13      0.00      0.00      0.00  sysbench
1565358338     0     24569   46.00    0.00    0.00   46.00     2    144.00      0.00   90760   5616   0.14      0.00      0.00      0.00  sysbench
1565358339     0     24569   23.76    0.00    0.00   23.76     2      0.99      0.00   90760   5616   0.14      0.00      0.00      0.00  sysbench
1565358340     0     24569   60.40    0.00    0.00   60.40     2      0.00      0.00   90760   5616   0.14      0.00      0.00      0.00  sysbench
1565358341     0     24569   61.39    0.00    0.00   61.39     2      0.00      0.00   90760   5616   0.14      0.00      0.00      0.00  sysbench
1565358342     0     24569   32.00    0.00    0.00   32.00     2      2.00      0.00   90760   5616   0.14      0.00      0.00      0.00  sysbench
1565358343     0     24569   58.00    0.00    0.00   58.00     2      0.00      0.00   90760   5616   0.14      0.00      0.00      0.00  sysbench
1565358344     0     24569   61.00    0.00    0.00   61.00     2      0.00      0.00   90760   5616   0.14      0.00      0.00      0.00  sysbench
1565358345     0     24569   61.00    0.00    0.00   61.00     2      0.00      0.00   90760   5616   0.14      0.00      0.00      0.00  sysbench
1565358346     0     24569   48.00    0.00    0.00   48.00     2      0.00      0.00   90760   5616   0.14      0.00      0.00      0.00  sysbench

1565358328     0     24448   36.84    0.00    0.00   36.84     0    123.68      0.00   90760   5356   0.14      0.00      0.00      0.00  sysbench
1565358329     0     24448   57.00    0.00    0.00   57.00     0      1.00      0.00   90760   5356   0.14      0.00      0.00      0.00  sysbench
1565358330     0     24448   34.00    0.00    0.00   34.00     0      1.00      0.00   90760   5356   0.14      0.00      0.00      0.00  sysbench
1565358331     0     24448   20.00    0.00    0.00   20.00     0      0.00      0.00   90760   5356   0.14      0.00      0.00      0.00  sysbench
1565358332     0     24448   33.66    0.00    0.00   33.66     0      0.00      0.00   90760   5356   0.14      0.00      0.00      0.00  sysbench
1565358333     0     24448   17.82    0.00    0.00   17.82     0      0.00      0.00   90760   5356   0.14      0.00      0.00      0.00  sysbench
1565358334     0     24448   63.00    0.00    0.00   63.00     0      0.00      0.00   90760   5356   0.14      0.00      0.00      0.00  sysbench
1565358335     0     24448   60.40    0.00    0.00   60.40     0      0.00      0.00   90760   5356   0.14      0.00      0.00      0.00  sysbench
1565358336     0     24448   58.42    0.00    0.00   58.42     0      0.00      0.00   90760   5356   0.14      0.00      0.00      0.00  sysbench
1565358337     0     24569   16.00    0.00    0.00   16.00     2   1958.00      0.00   90760   5092   0.13      0.00      0.00      0.00  sysbench
1565358338     0     24569   41.00    0.00    0.00   41.00     2    136.00      0.00   90760   5616   0.14      0.00      0.00      0.00  sysbench
1565358339     0     24569   22.00    0.00    0.00   22.00     2      1.00      0.00   90760   5616   0.14      0.00      0.00      0.00  sysbench
1565358340     0     24569   64.00    0.00    0.00   64.00     2      0.00      0.00   90760   5616   0.14      0.00      0.00      0.00  sysbench
1565358341     0     24569   54.00    0.00    0.00   54.00     2      0.00      0.00   90760   5616   0.14      0.00      0.00      0.00  sysbench
1565358342     0     24569   33.00    0.00    0.00   33.00     2      2.00      0.00   90760   5616   0.14      0.00      0.00      0.00  sysbench
1565358343     0     24569   63.00    0.00    0.00   63.00     2      0.00      0.00   90760   5616   0.14      0.00      0.00      0.00  sysbench
1565358344     0     24569   63.00    0.00    0.00   63.00     2      0.00      0.00   90760   5616   0.14      0.00      0.00      0.00  sysbench
1565358345     0     24569   57.00    0.00    0.00   57.00     2      0.00      0.00   90760   5616   0.14      0.00      0.00      0.00  sysbench
1565358346     0     24569   43.56    0.00    0.00   43.56     2      0.00      0.00   90760   5616   0.14      0.00      0.00      0.00  sysbench

1565358338     0     24569   51.43    0.00    0.00   51.43     2    137.14      0.00   90760   5616   0.14      0.00      0.00      0.00  sysbench
1565358339     0     24569   15.00    0.00    0.00   15.00     2      1.00      0.00   90760   5616   0.14      0.00      0.00      0.00  sysbench
1565358340     0     24569   62.00    0.00    0.00   62.00     2      0.00      0.00   90760   5616   0.14      0.00      0.00      0.00  sysbench
1565358341     0     24569   60.40    0.00    0.00   60.40     2      0.00      0.00   90760   5616   0.14      0.00      0.00      0.00  sysbench
1565358342     0     24569   32.00    0.00    0.00   32.00     2      2.00      0.00   90760   5616   0.14      0.00      0.00      0.00  sysbench
1565358343     0     24569   57.43    0.00    0.00   57.43     2      0.00      0.00   90760   5616   0.14      0.00      0.00      0.00  sysbench
1565358344     0     24569   62.38    0.00    0.00   62.38     2      0.00      0.00   90760   5616   0.14      0.00      0.00      0.00  sysbench
1565358345     0     24569   59.00    0.00    0.00   59.00     2      0.00      0.00   90760   5616   0.14      0.00      0.00      0.00  sysbench
1565358346     0     24569   48.00    0.00    0.00   48.00     2      0.00      0.00   90760   5616   0.14      0.00      0.00      0.00  sysbench

