1565352988     0      5920   98.04    0.00    0.00   98.04     3    138.24      0.00   89728   4292   0.11      0.00      0.00      0.00  sysbench
1565352989     0      5920   99.00    0.00    0.00   99.00     3      0.00      0.00   89728   4292   0.11      0.00      0.00      0.00  sysbench
1565352990     0      5920   98.00    0.00    0.00   98.00     3      0.00      0.00   89728   4292   0.11      0.00      0.00      0.00  sysbench
1565352991     0      5920   98.00    0.00    0.00   98.00     3      0.00      0.00   89728   4292   0.11      0.00      0.00      0.00  sysbench
1565352992     0      5920   98.00    0.00    0.00   98.00     3      0.00      0.00   89728   4292   0.11      0.00      0.00      0.00  sysbench
1565352993     0      5920  100.00    0.00    0.00  100.00     3      0.00      0.00   89728   4292   0.11      0.00      0.00      0.00  sysbench
1565352994     0      5920   99.00    0.00    0.00   99.00     3      0.00      0.00   89728   4292   0.11      0.00      0.00      0.00  sysbench
1565352995     0      5920   99.00    0.00    0.00   99.00     3      0.00      0.00   89728   4292   0.11      0.00      0.00      0.00  sysbench
1565352996     0      5920   98.00    0.00    0.00   98.00     3      0.00      0.00   89728   4292   0.11      0.00      0.00      0.00  sysbench

1565352998     0      6082   99.02    0.00    0.00   99.02     1    141.18      0.00   89728   4560   0.12      0.00      0.00      0.00  sysbench
1565352999     0      6082   99.00    0.00    0.00   99.00     1      0.00      0.00   89728   4560   0.12      0.00      0.00      0.00  sysbench
1565353000     0      6082   99.00    0.00    0.00   99.00     1      0.00      0.00   89728   4560   0.12      0.00      0.00      0.00  sysbench
1565353001     0      6082   99.00    0.00    0.00   99.00     1      0.00      0.00   89728   4560   0.12      0.00      0.00      0.00  sysbench
1565353002     0      6082   98.00    0.00    0.00   98.00     1      0.00      0.00   89728   4560   0.12      0.00      0.00      0.00  sysbench
1565353003     0      6082   99.00    0.00    0.00   99.00     1      0.00      0.00   89728   4560   0.12      0.00      0.00      0.00  sysbench
1565353004     0      6082   98.00    0.00    0.00   98.00     1      0.00      0.00   89728   4560   0.12      0.00      0.00      0.00  sysbench
1565353005     0      6082   99.00    0.00    0.00   99.00     1      0.00      0.00   89728   4560   0.12      0.00      0.00      0.00  sysbench
1565353006     0      6082  100.00    0.00    0.00  100.00     1      0.00      0.00   89728   4560   0.12      0.00      0.00      0.00  sysbench

1565353008     0      6237   95.10    0.00    0.00   95.10     3    141.18      0.00   89728   4560   0.12      0.00      0.00      0.00  sysbench
1565353009     0      6237   99.00    0.00    0.00   99.00     3      0.00      0.00   89728   4560   0.12      0.00      0.00      0.00  sysbench
1565353010     0      6237   99.00    0.00    0.00   99.00     3      0.00      0.00   89728   4560   0.12      0.00      0.00      0.00  sysbench
1565353011     0      6237   98.00    0.00    0.00   98.00     3      0.00      0.00   89728   4560   0.12      0.00      0.00      0.00  sysbench
1565353012     0      6237  100.00    0.00    0.00  100.00     3      0.00      0.00   89728   4560   0.12      0.00      0.00      0.00  sysbench
1565353013     0      6237   98.00    0.00    0.00   98.00     3      2.00      0.00   89728   4560   0.12      0.00      0.00      0.00  sysbench
1565353014     0      6237   99.00    0.00    0.00   99.00     3      0.00      0.00   89728   4560   0.12      0.00      0.00      0.00  sysbench
1565353015     0      6237   99.00    0.00    0.00   99.00     3      0.00      0.00   89728   4560   0.12      0.00      0.00      0.00  sysbench
1565353016     0      6237   98.02    0.00    0.00   98.02     3      0.00      0.00   89728   4560   0.12      0.00      0.00      0.00  sysbench

1565353018     0      6403   99.01    0.00    0.00   99.01     3    142.57      0.00   89728   4560   0.12      0.00      0.00      0.00  sysbench
1565353019     0      6403   99.00    0.00    0.00   99.00     3      0.00      0.00   89728   4560   0.12      0.00      0.00      0.00  sysbench
1565353020     0      6403   99.00    0.00    0.00   99.00     3      0.00      0.00   89728   4560   0.12      0.00      0.00      0.00  sysbench
1565353021     0      6403   99.00    0.00    0.00   99.00     3      0.00      0.00   89728   4560   0.12      0.00      0.00      0.00  sysbench
1565353022     0      6403   99.00    0.00    0.00   99.00     3      0.00      0.00   89728   4560   0.12      0.00      0.00      0.00  sysbench
1565353023     0      6403  100.00    0.00    0.00  100.00     3      0.00      0.00   89728   4560   0.12      0.00      0.00      0.00  sysbench
1565353024     0      6403   99.00    0.00    0.00   99.00     3      0.00      0.00   89728   4560   0.12      0.00      0.00      0.00  sysbench
1565353025     0      6403   98.00    0.00    0.00   98.00     3      0.00      0.00   89728   4560   0.12      0.00      0.00      0.00  sysbench
1565353026     0      6403  100.00    0.00    0.00  100.00     3      0.00      0.00   89728   4560   0.12      0.00      0.00      0.00  sysbench

1565353028     0      6569   99.01    0.00    0.00   99.01     0    142.57      0.00   89728   4560   0.12      0.00      0.00      0.00  sysbench
1565353029     0      6569   99.00    0.00    0.00   99.00     0      0.00      0.00   89728   4560   0.12      0.00      0.00      0.00  sysbench
1565353030     0      6569   99.01    0.00    0.00   99.01     0      0.00      0.00   89728   4560   0.12      0.00      0.00      0.00  sysbench
1565353031     0      6569  100.00    0.00    0.00  100.00     0      0.00      0.00   89728   4560   0.12      0.00      0.00      0.00  sysbench
1565353032     0      6569   98.00    0.00    0.00   98.00     0      0.00      0.00   89728   4560   0.12      0.00      0.00      0.00  sysbench
1565353033     0      6569   97.00    0.00    0.00   97.00     0      0.00      0.00   89728   4560   0.12      0.00      0.00      0.00  sysbench
1565353034     0      6569   99.00    0.00    0.00   99.00     0      0.00      0.00   89728   4560   0.12      0.00      0.00      0.00  sysbench
1565353035     0      6569   99.00    0.00    0.00   99.00     0      0.00      0.00   89728   4560   0.12      0.00      0.00      0.00  sysbench
1565353036     0      6569   98.00    0.00    0.00   98.00     0      0.00      0.00   89728   4560   0.12      0.00      0.00      0.00  sysbench

1565353038     0      6720   99.02    0.00    0.00   99.02     1    141.18      0.00   89728   4564   0.12      0.00      0.00      0.00  sysbench
1565353039     0      6720   99.00    0.00    0.00   99.00     1      0.00      0.00   89728   4564   0.12      0.00      0.00      0.00  sysbench
1565353040     0      6720   98.02    0.00    0.00   98.02     1      0.00      0.00   89728   4564   0.12      0.00      0.00      0.00  sysbench
1565353041     0      6720   98.00    0.00    0.00   98.00     1      0.00      0.00   89728   4564   0.12      0.00      0.00      0.00  sysbench
1565353042     0      6720  100.00    0.00    0.00  100.00     1      0.00      0.00   89728   4564   0.12      0.00      0.00      0.00  sysbench
1565353043     0      6720   97.00    0.00    0.00   97.00     1      0.00      0.00   89728   4564   0.12      0.00      0.00      0.00  sysbench
1565353044     0      6720   98.00    0.00    0.00   98.00     1      0.00      0.00   89728   4564   0.12      0.00      0.00      0.00  sysbench
1565353045     0      6720   99.00    0.00    0.00   99.00     1      0.00      0.00   89728   4564   0.12      0.00      0.00      0.00  sysbench
1565353046     0      6720   98.00    0.00    0.00   98.00     1      2.00      0.00   89728   4564   0.12      0.00      0.00      0.00  sysbench

1565353048     0      6886   98.04    0.00    0.00   98.04     2    141.18      0.00   89728   4560   0.12      0.00      0.00      0.00  sysbench
1565353049     0      6886   98.00    0.00    0.00   98.00     2      0.00      0.00   89728   4560   0.12      0.00      0.00      0.00  sysbench
1565353050     0      6886   99.00    0.00    0.00   99.00     2      0.00      0.00   89728   4560   0.12      0.00      0.00      0.00  sysbench
1565353051     0      6886   99.00    0.00    0.00   99.00     2      0.00      0.00   89728   4560   0.12      0.00      0.00      0.00  sysbench
1565353052     0      6886   99.00    0.00    0.00   99.00     2      0.00      0.00   89728   4560   0.12      0.00      0.00      0.00  sysbench
1565353053     0      6886  100.00    0.00    0.00  100.00     2      0.00      0.00   89728   4560   0.12      0.00      0.00      0.00  sysbench
1565353054     0      6886   99.00    0.00    0.00   99.00     2      0.00      0.00   89728   4560   0.12      0.00      0.00      0.00  sysbench
1565353055     0      6886  100.00    0.00    0.00  100.00     2      2.00      0.00   89728   4560   0.12      0.00      0.00      0.00  sysbench
1565353056     0      6886   98.00    0.00    0.00   98.00     2      0.00      0.00   89728   4560   0.12      0.00      0.00      0.00  sysbench

1565353058     0      7052   99.01    0.00    0.00   99.01     1    142.57      0.00   89728   4560   0.12      0.00      0.00      0.00  sysbench
1565353059     0      7052   99.00    0.00    0.00   99.00     1      0.00      0.00   89728   4560   0.12      0.00      0.00      0.00  sysbench
1565353060     0      7052   97.03    0.00    0.00   97.03     1      0.00      0.00   89728   4560   0.12      0.00      0.00      0.00  sysbench
1565353061     0      7052   98.00    0.00    0.00   98.00     1      0.00      0.00   89728   4560   0.12      0.00      0.00      0.00  sysbench
1565353062     0      7052   98.00    0.00    0.00   98.00     1      0.00      0.00   89728   4560   0.12      0.00      0.00      0.00  sysbench
1565353063     0      7052   98.00    0.00    0.00   98.00     1      0.00      0.00   89728   4560   0.12      0.00      0.00      0.00  sysbench
1565353064     0      7052   98.00    0.00    0.00   98.00     1      0.00      0.00   89728   4560   0.12      0.00      0.00      0.00  sysbench
1565353065     0      7052  100.00    0.00    0.00  100.00     1      0.00      0.00   89728   4560   0.12      0.00      0.00      0.00  sysbench
1565353066     0      7052   98.00    0.00    0.00   98.00     1      2.00      0.00   89728   4560   0.12      0.00      0.00      0.00  sysbench

1565353068     0      7218   99.01    0.00    0.00   99.01     1    141.58      0.00   89728   4556   0.12      0.00      0.00      0.00  sysbench
1565353069     0      7218   98.00    0.00    0.00   98.00     1      0.00      0.00   89728   4556   0.12      0.00      0.00      0.00  sysbench
1565353070     0      7218   98.00    0.00    0.00   98.00     1      0.00      0.00   89728   4556   0.12      0.00      0.00      0.00  sysbench
1565353071     0      7218   99.00    0.00    0.00   99.00     1      0.00      0.00   89728   4556   0.12      0.00      0.00      0.00  sysbench
1565353072     0      7218   98.00    0.00    0.00   98.00     1      0.00      0.00   89728   4556   0.12      0.00      0.00      0.00  sysbench
1565353073     0      7218   99.00    0.00    0.00   99.00     1      0.00      0.00   89728   4556   0.12      0.00      0.00      0.00  sysbench
1565353074     0      7218   98.02    0.00    0.00   98.02     1      0.00      0.00   89728   4556   0.12      0.00      0.00      0.00  sysbench
1565353075     0      7218   99.00    0.00    0.00   99.00     1      0.00      0.00   89728   4556   0.12      0.00      0.00      0.00  sysbench
1565353076     0      7218   99.00    0.00    0.00   99.00     1      0.00      0.00   89728   4556   0.12      0.00      0.00      0.00  sysbench

1565353078     0      7369  100.00    0.00    0.00  100.00     2    139.60      0.00   89728   4552   0.12      0.00      0.00      0.00  sysbench
1565353079     0      7369   98.00    0.00    0.00   98.00     2      0.00      0.00   89728   4552   0.12      0.00      0.00      0.00  sysbench
1565353080     0      7369   99.00    0.00    0.00   99.00     2      0.00      0.00   89728   4552   0.12      0.00      0.00      0.00  sysbench
1565353081     0      7369   97.00    0.00    0.00   97.00     2      2.00      0.00   89728   4552   0.12      0.00      0.00      0.00  sysbench
1565353082     0      7369   99.00    0.00    0.00   99.00     2      0.00      0.00   89728   4552   0.12      0.00      0.00      0.00  sysbench
1565353083     0      7369   98.00    0.00    0.00   98.00     2      0.00      0.00   89728   4552   0.12      0.00      0.00      0.00  sysbench
1565353084     0      7369   98.00    0.00    0.00   98.00     2      0.00      0.00   89728   4552   0.12      0.00      0.00      0.00  sysbench
1565353085     0      7369   99.00    0.00    0.00   99.00     2      0.00      0.00   89728   4552   0.12      0.00      0.00      0.00  sysbench
1565353086     0      7369  100.00    0.00    0.00  100.00     2      0.00      0.00   89728   4552   0.12      0.00      0.00      0.00  sysbench

