1565363307     0      4371   99.02    0.00    0.00   99.02     3    180.39      0.00   90760   5620   0.14      0.00      0.00      0.00  sysbench
1565363308     0      4371  100.00    0.00    0.00  100.00     3      1.00      0.00   90760   5620   0.14      0.00      0.00      0.00  sysbench
1565363309     0      4371  100.00    0.00    0.00  100.00     3      0.00      0.00   90760   5620   0.14      0.00      0.00      0.00  sysbench
1565363310     0      4371   99.00    0.00    0.00   99.00     3      0.00      0.00   90760   5620   0.14      0.00      0.00      0.00  sysbench
1565363311     0      4371  100.00    0.00    0.00  100.00     3      0.00      0.00   90760   5620   0.14      0.00      0.00      0.00  sysbench
1565363312     0      4371  100.00    0.00    0.00  100.00     3      0.00      0.00   90760   5620   0.14      0.00      0.00      0.00  sysbench
1565363313     0      4371   99.00    0.00    0.00   99.00     3      0.00      0.00   90760   5620   0.14      0.00      0.00      0.00  sysbench
1565363314     0      4371  100.00    0.00    0.00  100.00     3      1.00      0.00   90760   5620   0.14      0.00      0.00      0.00  sysbench
1565363315     0      4371   99.00    0.00    0.00   99.00     3      0.00      0.00   90760   5620   0.14      0.00      0.00      0.00  sysbench
1565363316     0      4522    1.00    0.00    0.00    1.00     1   1908.00      0.00   90760   4828   0.12      0.00      0.00      0.00  sysbench
1565363317     0      4522  100.00    0.00    0.00  100.00     1    183.00      0.00   90760   5612   0.14      0.00      0.00      0.00  sysbench
1565363318     0      4522  100.00    0.00    0.00  100.00     1      1.00      0.00   90760   5612   0.14      0.00      0.00      0.00  sysbench
1565363319     0      4522  100.00    0.00    0.00  100.00     1      0.00      0.00   90760   5612   0.14      0.00      0.00      0.00  sysbench
1565363320     0      4522  100.00    0.00    0.00  100.00     1      0.00      0.00   90760   5612   0.14      0.00      0.00      0.00  sysbench
1565363321     0      4522  100.00    0.00    0.00  100.00     1      0.00      0.00   90760   5612   0.14      0.00      0.00      0.00  sysbench
1565363322     0      4522   99.01    0.00    0.00   99.01     1      0.00      0.00   90760   5612   0.14      0.00      0.00      0.00  sysbench
1565363323     0      4522  100.00    0.00    0.00  100.00     1      0.00      0.00   90760   5612   0.14      0.00      0.00      0.00  sysbench
1565363324     0      4522  100.00    0.00    0.00  100.00     1      0.00      0.00   90760   5612   0.14      0.00      0.00      0.00  sysbench
1565363325     0      4522  100.00    0.00    0.00  100.00     1      0.00      0.00   90760   5612   0.14      0.00      0.00      0.00  sysbench
1565363327     0      4688   99.00    0.00    0.00   99.00     1   1950.00      0.00   90760   4828   0.12      0.00      0.00      0.00  sysbench
1565363328     0      4688  100.00    0.00    0.00  100.00     1    141.00      0.00   90760   5352   0.14      0.00      0.00      0.00  sysbench
1565363329     0      4688  100.00    0.00    0.00  100.00     1      1.00      0.00   90760   5352   0.14      0.00      0.00      0.00  sysbench
1565363330     0      4688  100.00    0.00    0.00  100.00     1      1.00      0.00   90760   5352   0.14      0.00      0.00      0.00  sysbench
1565363331     0      4688   99.00    0.00    0.00   99.00     1      0.00      0.00   90760   5352   0.14      0.00      0.00      0.00  sysbench
1565363332     0      4688  100.00    0.00    0.00  100.00     1      0.00      0.00   90760   5352   0.14      0.00      0.00      0.00  sysbench
1565363333     0      4688  100.00    0.00    0.00  100.00     1      0.00      0.00   90760   5352   0.14      0.00      0.00      0.00  sysbench
1565363334     0      4688  100.00    0.00    0.00  100.00     1      0.00      0.00   90760   5352   0.14      0.00      0.00      0.00  sysbench
1565363335     0      4688  100.00    0.00    0.00  100.00     1      0.00      0.00   90760   5352   0.14      0.00      0.00      0.00  sysbench
1565363336     0      4688  100.00    0.00    0.00  100.00     1      0.00      0.00   90760   5352   0.14      0.00      0.00      0.00  sysbench
1565363337     0      4854   98.00    0.00    0.00   98.00     1   1949.00      0.00   90760   5092   0.13      0.00      0.00      0.00  sysbench
1565363338     0      4854  100.00    0.00    0.00  100.00     1    145.00      0.00   90760   5616   0.14      0.00      0.00      0.00  sysbench
1565363339     0      4854  100.00    0.00    0.00  100.00     1      0.00      0.00   90760   5616   0.14      0.00      0.00      0.00  sysbench
1565363340     0      4854  100.00    0.00    0.00  100.00     1      0.00      0.00   90760   5616   0.14      0.00      0.00      0.00  sysbench
1565363341     0      4854  100.00    0.00    0.00  100.00     1      0.00      0.00   90760   5616   0.14      0.00      0.00      0.00  sysbench
1565363342     0      4854  100.00    0.00    0.00  100.00     1      1.00      0.00   90760   5616   0.14      0.00      0.00      0.00  sysbench
1565363343     0      4854  100.00    0.00    0.00  100.00     1      0.00      0.00   90760   5616   0.14      0.00      0.00      0.00  sysbench
1565363344     0      4854  100.00    0.00    0.00  100.00     1      0.00      0.00   90760   5616   0.14      0.00      0.00      0.00  sysbench
1565363345     0      4854  100.00    0.00    0.00  100.00     1      0.00      0.00   90760   5616   0.14      0.00      0.00      0.00  sysbench
1565363346     0      4854  100.00    0.00    0.00  100.00     1      0.00      0.00   90760   5616   0.14      0.00      0.00      0.00  sysbench
1565363347     0      5020   96.00    0.00    0.00   96.00     3   1950.00      0.00   90760   5096   0.13      0.00      0.00      0.00  sysbench
1565363348     0      5020  100.00    0.00    0.00  100.00     3    144.00      0.00   90760   5604   0.14      0.00      0.00      0.00  sysbench
1565363349     0      5020  100.00    0.00    0.00  100.00     3      0.00      0.00   90760   5604   0.14      0.00      0.00      0.00  sysbench
1565363350     0      5020  100.00    0.00    0.00  100.00     3      1.00      0.00   90760   5604   0.14      0.00      0.00      0.00  sysbench
1565363351     0      5020  100.00    0.00    0.00  100.00     3      0.00      0.00   90760   5604   0.14      0.00      0.00      0.00  sysbench
1565363352     0      5020  100.00    0.00    0.00  100.00     3      0.00      0.00   90760   5604   0.14      0.00      0.00      0.00  sysbench
1565363353     0      5020  100.00    0.00    0.00  100.00     3      0.00      0.00   90760   5604   0.14      0.00      0.00      0.00  sysbench
1565363354     0      5020  100.00    0.00    0.00  100.00     3      3.00      0.00   90760   5604   0.14      0.00      0.00      0.00  sysbench
1565363355     0      5020  100.00    0.00    0.00  100.00     3      0.00      0.00   90760   5604   0.14      0.00      0.00      0.00  sysbench
1565363356     0      5020  100.00    0.00    0.00  100.00     3      0.00      0.00   90760   5604   0.14      0.00      0.00      0.00  sysbench
1565363357     0      5186   95.00    0.00    0.00   95.00     1   1948.00      0.00   90760   5096   0.13      0.00      0.00      0.00  sysbench
1565363358     0      5186  100.00    0.00    0.00  100.00     1    144.00      0.00   90760   5620   0.14      0.00      0.00      0.00  sysbench
1565363359     0      5186  100.00    0.00    0.00  100.00     1      0.00      0.00   90760   5620   0.14      0.00      0.00      0.00  sysbench
1565363360     0      5186  100.00    0.00    0.00  100.00     1      1.00      0.00   90760   5620   0.14      0.00      0.00      0.00  sysbench
1565363361     0      5186  100.00    0.00    0.00  100.00     1      0.00      0.00   90760   5620   0.14      0.00      0.00      0.00  sysbench
1565363362     0      5186   99.00    0.00    0.00   99.00     1      2.00      0.00   90760   5620   0.14      0.00      0.00      0.00  sysbench
1565363363     0      5186  100.00    0.00    0.00  100.00     1      0.00      0.00   90760   5620   0.14      0.00      0.00      0.00  sysbench
1565363364     0      5186  100.00    0.00    0.00  100.00     1      1.00      0.00   90760   5620   0.14      0.00      0.00      0.00  sysbench
1565363365     0      5186  100.00    0.00    0.00  100.00     1      0.00      0.00   90760   5620   0.14      0.00      0.00      0.00  sysbench
1565363366     0      5186   99.00    0.00    0.00   99.00     1      0.00      0.00   90760   5620   0.14      0.00      0.00      0.00  sysbench
1565363367     0      5337   93.00    0.00    0.00   93.00     2   1948.00      0.00   90760   5096   0.13      0.00      0.00      0.00  sysbench
1565363368     0      5337  100.00    0.00    0.00  100.00     2    144.00      0.00   90760   5620   0.14      0.00      0.00      0.00  sysbench
1565363369     0      5337  100.00    0.00    0.00  100.00     2      1.00      0.00   90760   5620   0.14      0.00      0.00      0.00  sysbench
1565363370     0      5337  100.00    0.00    0.00  100.00     2      0.00      0.00   90760   5620   0.14      0.00      0.00      0.00  sysbench
1565363371     0      5337   99.00    0.00    0.00   99.00     2      0.00      0.00   90760   5620   0.14      0.00      0.00      0.00  sysbench
1565363372     0      5337  100.00    0.00    0.00  100.00     2      1.00      0.00   90760   5620   0.14      0.00      0.00      0.00  sysbench
1565363373     0      5337  100.00    0.00    0.00  100.00     2      0.00      0.00   90760   5620   0.14      0.00      0.00      0.00  sysbench
1565363374     0      5337  100.00    0.00    0.00  100.00     2      0.00      0.00   90760   5620   0.14      0.00      0.00      0.00  sysbench
1565363375     0      5337  100.00    0.00    0.00  100.00     2      0.00      0.00   90760   5620   0.14      0.00      0.00      0.00  sysbench
1565363376     0      5337  100.00    0.00    0.00  100.00     2      0.00      0.00   90760   5620   0.14      0.00      0.00      0.00  sysbench
1565363377     0      5503   92.00    0.00    0.00   92.00     0   1950.00      0.00   90760   5092   0.13      0.00      0.00      0.00  sysbench
1565363378     0      5503  100.00    0.00    0.00  100.00     0    145.00      0.00   90760   5616   0.14      0.00      0.00      0.00  sysbench
1565363379     0      5503  100.00    0.00    0.00  100.00     0      1.00      0.00   90760   5616   0.14      0.00      0.00      0.00  sysbench
1565363380     0      5503  100.00    0.00    0.00  100.00     0      0.00      0.00   90760   5616   0.14      0.00      0.00      0.00  sysbench
1565363381     0      5503  100.00    0.00    0.00  100.00     0      0.00      0.00   90760   5616   0.14      0.00      0.00      0.00  sysbench
1565363382     0      5503  100.00    0.00    0.00  100.00     0      0.00      0.00   90760   5616   0.14      0.00      0.00      0.00  sysbench
1565363383     0      5503  100.00    0.00    0.00  100.00     0      0.00      0.00   90760   5616   0.14      0.00      0.00      0.00  sysbench
1565363384     0      5503  100.00    0.00    0.00  100.00     0      0.00      0.00   90760   5616   0.14      0.00      0.00      0.00  sysbench
1565363385     0      5503  100.00    0.00    0.00  100.00     0      0.00      0.00   90760   5616   0.14      0.00      0.00      0.00  sysbench
1565363386     0      5503  100.00    0.00    0.00  100.00     0      0.00      0.00   90760   5616   0.14      0.00      0.00      0.00  sysbench
1565363387     0      5669   90.00    0.00    0.00   90.00     3   1948.00      0.00   90760   4832   0.12      0.00      0.00      0.00  sysbench
1565363388     0      5669  100.00    0.00    0.00  100.00     3    141.00      0.00   90760   5356   0.14      0.00      0.00      0.00  sysbench
1565363389     0      5669  100.00    0.00    0.00  100.00     3      0.00      0.00   90760   5356   0.14      0.00      0.00      0.00  sysbench
1565363390     0      5669  100.00    0.00    0.00  100.00     3      0.00      0.00   90760   5356   0.14      0.00      0.00      0.00  sysbench
1565363391     0      5669  100.00    0.00    0.00  100.00     3      0.00      0.00   90760   5356   0.14      0.00      0.00      0.00  sysbench
1565363392     0      5669  100.00    0.00    0.00  100.00     3      0.00      0.00   90760   5356   0.14      0.00      0.00      0.00  sysbench
1565363393     0      5669  100.00    0.00    0.00  100.00     3      0.00      0.00   90760   5356   0.14      0.00      0.00      0.00  sysbench
1565363394     0      5669  100.00    0.00    0.00  100.00     3      0.00      0.00   90760   5356   0.14      0.00      0.00      0.00  sysbench
1565363395     0      5669  100.00    0.00    0.00  100.00     3      1.00      0.00   90760   5356   0.14      0.00      0.00      0.00  sysbench
1565363396     0      5669  100.00    0.00    0.00  100.00     3      1.00      0.00   90760   5356   0.14      0.00      0.00      0.00  sysbench
1565363397     0      5835   88.00    0.00    0.00   88.00     1   1949.00      0.00   90760   5096   0.13      0.00      0.00      0.00  sysbench
1565363398     0      5835  100.00    0.00    0.00  100.00     1    144.00      0.00   90760   5620   0.14      0.00      0.00      0.00  sysbench
1565363399     0      5835  100.00    0.00    0.00  100.00     1      1.00      0.00   90760   5620   0.14      0.00      0.00      0.00  sysbench
1565363400     0      5835  100.00    0.00    0.00  100.00     1      1.00      0.00   90760   5620   0.14      0.00      0.00      0.00  sysbench
1565363401     0      5835  100.00    0.00    0.00  100.00     1      0.00      0.00   90760   5620   0.14      0.00      0.00      0.00  sysbench
1565363402     0      5835  100.00    0.00    0.00  100.00     1      0.00      0.00   90760   5620   0.14      0.00      0.00      0.00  sysbench
1565363403     0      5835  100.00    0.00    0.00  100.00     1      0.00      0.00   90760   5620   0.14      0.00      0.00      0.00  sysbench
1565363404     0      5835  100.00    0.00    0.00  100.00     1      0.00      0.00   90760   5620   0.14      0.00      0.00      0.00  sysbench
1565363405     0      5835   99.00    0.00    0.00   99.00     1      0.00      0.00   90760   5620   0.14      0.00      0.00      0.00  sysbench
1565363406     0      5835  100.00    0.00    0.00  100.00     1      0.00      0.00   90760   5620   0.14      0.00      0.00      0.00  sysbench

1565363317     0      4522  100.00    0.00    0.00  100.00     1    166.34      0.00   90760   5612   0.14      0.00      0.00      0.00  sysbench
1565363318     0      4522  100.00    0.00    0.00  100.00     1      1.00      0.00   90760   5612   0.14      0.00      0.00      0.00  sysbench
1565363319     0      4522   99.00    0.00    0.00   99.00     1      0.00      0.00   90760   5612   0.14      0.00      0.00      0.00  sysbench
1565363320     0      4522  100.00    0.00    0.00  100.00     1      0.00      0.00   90760   5612   0.14      0.00      0.00      0.00  sysbench
1565363321     0      4522  100.00    0.00    0.00  100.00     1      0.00      0.00   90760   5612   0.14      0.00      0.00      0.00  sysbench
1565363322     0      4522  100.00    0.00    0.00  100.00     1      0.00      0.00   90760   5612   0.14      0.00      0.00      0.00  sysbench
1565363323     0      4522  100.00    0.00    0.00  100.00     1      0.00      0.00   90760   5612   0.14      0.00      0.00      0.00  sysbench
1565363324     0      4522  100.00    0.00    0.00  100.00     1      0.00      0.00   90760   5612   0.14      0.00      0.00      0.00  sysbench
1565363325     0      4522  100.00    0.00    0.00  100.00     1      0.00      0.00   90760   5612   0.14      0.00      0.00      0.00  sysbench
1565363326     0      4688    1.00    0.00    0.00    1.00     1   1885.00      0.00   90760   4568   0.12      0.00      0.00      0.00  sysbench
1565363327     0      4688  100.00    0.00    0.00  100.00     1    203.96      0.00   90760   5352   0.14      0.00      0.00      0.00  sysbench
1565363328     0      4688  100.00    0.00    0.00  100.00     1      1.00      0.00   90760   5352   0.14      0.00      0.00      0.00  sysbench
1565363329     0      4688  100.00    0.00    0.00  100.00     1      1.00      0.00   90760   5352   0.14      0.00      0.00      0.00  sysbench
1565363330     0      4688  100.00    0.00    0.00  100.00     1      0.00      0.00   90760   5352   0.14      0.00      0.00      0.00  sysbench
1565363331     0      4688   99.00    0.00    0.00   99.00     1      0.00      0.00   90760   5352   0.14      0.00      0.00      0.00  sysbench
1565363332     0      4688  100.00    0.00    0.00  100.00     1      0.00      0.00   90760   5352   0.14      0.00      0.00      0.00  sysbench
1565363333     0      4688  100.00    0.00    0.00  100.00     1      0.00      0.00   90760   5352   0.14      0.00      0.00      0.00  sysbench
1565363334     0      4688  100.00    0.00    0.00  100.00     1      0.00      0.00   90760   5352   0.14      0.00      0.00      0.00  sysbench
1565363335     0      4688  100.00    0.00    0.00  100.00     1      0.00      0.00   90760   5352   0.14      0.00      0.00      0.00  sysbench
1565363337     0      4854   99.00    0.00    0.00   99.00     1   1949.00      0.00   90760   5092   0.13      0.00      0.00      0.00  sysbench
1565363338     0      4854  100.00    0.00    0.00  100.00     1    145.00      0.00   90760   5616   0.14      0.00      0.00      0.00  sysbench
1565363339     0      4854  100.00    0.00    0.00  100.00     1      0.00      0.00   90760   5616   0.14      0.00      0.00      0.00  sysbench
1565363340     0      4854  100.00    0.00    0.00  100.00     1      0.00      0.00   90760   5616   0.14      0.00      0.00      0.00  sysbench
1565363341     0      4854  100.00    0.00    0.00  100.00     1      0.00      0.00   90760   5616   0.14      0.00      0.00      0.00  sysbench
1565363342     0      4854  100.00    0.00    0.00  100.00     1      1.00      0.00   90760   5616   0.14      0.00      0.00      0.00  sysbench
1565363343     0      4854  100.00    0.00    0.00  100.00     1      0.00      0.00   90760   5616   0.14      0.00      0.00      0.00  sysbench
1565363344     0      4854  100.00    0.00    0.00  100.00     1      0.00      0.00   90760   5616   0.14      0.00      0.00      0.00  sysbench
1565363345     0      4854  100.00    0.00    0.00  100.00     1      0.00      0.00   90760   5616   0.14      0.00      0.00      0.00  sysbench
1565363346     0      4854  100.00    0.00    0.00  100.00     1      0.00      0.00   90760   5616   0.14      0.00      0.00      0.00  sysbench
1565363347     0      5020   98.00    0.00    0.00   98.00     3   1950.00      0.00   90760   5096   0.13      0.00      0.00      0.00  sysbench
1565363348     0      5020  100.00    0.00    0.00  100.00     3    144.00      0.00   90760   5604   0.14      0.00      0.00      0.00  sysbench
1565363349     0      5020  100.00    0.00    0.00  100.00     3      0.00      0.00   90760   5604   0.14      0.00      0.00      0.00  sysbench
1565363350     0      5020  100.00    0.00    0.00  100.00     3      1.00      0.00   90760   5604   0.14      0.00      0.00      0.00  sysbench
1565363351     0      5020  100.00    0.00    0.00  100.00     3      0.00      0.00   90760   5604   0.14      0.00      0.00      0.00  sysbench
1565363352     0      5020  100.00    0.00    0.00  100.00     3      0.00      0.00   90760   5604   0.14      0.00      0.00      0.00  sysbench
1565363353     0      5020  100.00    0.00    0.00  100.00     3      0.00      0.00   90760   5604   0.14      0.00      0.00      0.00  sysbench
1565363354     0      5020  100.00    0.00    0.00  100.00     3      3.00      0.00   90760   5604   0.14      0.00      0.00      0.00  sysbench
1565363355     0      5020  100.00    0.00    0.00  100.00     3      0.00      0.00   90760   5604   0.14      0.00      0.00      0.00  sysbench
1565363356     0      5020  100.00    0.00    0.00  100.00     3      0.00      0.00   90760   5604   0.14      0.00      0.00      0.00  sysbench
1565363357     0      5186   97.00    0.00    0.00   97.00     1   1948.00      0.00   90760   5096   0.13      0.00      0.00      0.00  sysbench
1565363358     0      5186  100.00    0.00    0.00  100.00     1    144.00      0.00   90760   5620   0.14      0.00      0.00      0.00  sysbench
1565363359     0      5186  100.00    0.00    0.00  100.00     1      0.00      0.00   90760   5620   0.14      0.00      0.00      0.00  sysbench
1565363360     0      5186   99.00    0.00    0.00   99.00     1      1.00      0.00   90760   5620   0.14      0.00      0.00      0.00  sysbench
1565363361     0      5186  100.00    0.00    0.00  100.00     1      0.00      0.00   90760   5620   0.14      0.00      0.00      0.00  sysbench
1565363362     0      5186  100.00    0.00    0.00  100.00     1      2.00      0.00   90760   5620   0.14      0.00      0.00      0.00  sysbench
1565363363     0      5186  100.00    0.00    0.00  100.00     1      0.00      0.00   90760   5620   0.14      0.00      0.00      0.00  sysbench
1565363364     0      5186  100.00    0.00    0.00  100.00     1      1.00      0.00   90760   5620   0.14      0.00      0.00      0.00  sysbench
1565363365     0      5186  100.00    0.00    0.00  100.00     1      0.00      0.00   90760   5620   0.14      0.00      0.00      0.00  sysbench
1565363366     0      5186  100.00    0.00    0.00  100.00     1      0.00      0.00   90760   5620   0.14      0.00      0.00      0.00  sysbench
1565363367     0      5337   94.00    0.00    0.00   94.00     2   1948.00      0.00   90760   5096   0.13      0.00      0.00      0.00  sysbench
1565363368     0      5337  100.00    0.00    0.00  100.00     2    144.00      0.00   90760   5620   0.14      0.00      0.00      0.00  sysbench
1565363369     0      5337  100.00    0.00    0.00  100.00     2      1.00      0.00   90760   5620   0.14      0.00      0.00      0.00  sysbench
1565363370     0      5337  100.00    0.00    0.00  100.00     2      0.00      0.00   90760   5620   0.14      0.00      0.00      0.00  sysbench
1565363371     0      5337   99.00    0.00    0.00   99.00     2      0.00      0.00   90760   5620   0.14      0.00      0.00      0.00  sysbench
1565363372     0      5337  100.00    0.00    0.00  100.00     2      1.00      0.00   90760   5620   0.14      0.00      0.00      0.00  sysbench
1565363373     0      5337  100.00    0.00    0.00  100.00     2      0.00      0.00   90760   5620   0.14      0.00      0.00      0.00  sysbench
1565363374     0      5337  100.00    0.00    0.00  100.00     2      0.00      0.00   90760   5620   0.14      0.00      0.00      0.00  sysbench
1565363375     0      5337  100.00    0.00    0.00  100.00     2      0.00      0.00   90760   5620   0.14      0.00      0.00      0.00  sysbench
1565363376     0      5337  100.00    0.00    0.00  100.00     2      0.00      0.00   90760   5620   0.14      0.00      0.00      0.00  sysbench
1565363377     0      5503   93.00    0.00    0.00   93.00     0   1950.00      0.00   90760   5092   0.13      0.00      0.00      0.00  sysbench
1565363378     0      5503  100.00    0.00    0.00  100.00     0    145.00      0.00   90760   5616   0.14      0.00      0.00      0.00  sysbench
1565363379     0      5503  100.00    0.00    0.00  100.00     0      1.00      0.00   90760   5616   0.14      0.00      0.00      0.00  sysbench
1565363380     0      5503  100.00    0.00    0.00  100.00     0      0.00      0.00   90760   5616   0.14      0.00      0.00      0.00  sysbench
1565363381     0      5503  100.00    0.00    0.00  100.00     0      0.00      0.00   90760   5616   0.14      0.00      0.00      0.00  sysbench
1565363382     0      5503  100.00    0.00    0.00  100.00     0      0.00      0.00   90760   5616   0.14      0.00      0.00      0.00  sysbench
1565363383     0      5503  100.00    0.00    0.00  100.00     0      0.00      0.00   90760   5616   0.14      0.00      0.00      0.00  sysbench
1565363384     0      5503  100.00    0.00    0.00  100.00     0      0.00      0.00   90760   5616   0.14      0.00      0.00      0.00  sysbench
1565363385     0      5503  100.00    0.00    0.00  100.00     0      0.00      0.00   90760   5616   0.14      0.00      0.00      0.00  sysbench
1565363386     0      5503  100.00    0.00    0.00  100.00     0      0.00      0.00   90760   5616   0.14      0.00      0.00      0.00  sysbench
1565363387     0      5669   92.00    0.00    0.00   92.00     3   1948.00      0.00   90760   4832   0.12      0.00      0.00      0.00  sysbench
1565363388     0      5669  100.00    0.00    0.00  100.00     3    141.00      0.00   90760   5356   0.14      0.00      0.00      0.00  sysbench
1565363389     0      5669   99.00    0.00    0.00   99.00     3      0.00      0.00   90760   5356   0.14      0.00      0.00      0.00  sysbench
1565363390     0      5669  100.00    0.00    0.00  100.00     3      0.00      0.00   90760   5356   0.14      0.00      0.00      0.00  sysbench
1565363391     0      5669  100.00    0.00    0.00  100.00     3      0.00      0.00   90760   5356   0.14      0.00      0.00      0.00  sysbench
1565363392     0      5669  100.00    0.00    0.00  100.00     3      0.00      0.00   90760   5356   0.14      0.00      0.00      0.00  sysbench
1565363393     0      5669  100.00    0.00    0.00  100.00     3      0.00      0.00   90760   5356   0.14      0.00      0.00      0.00  sysbench
1565363394     0      5669  100.00    0.00    0.00  100.00     3      0.00      0.00   90760   5356   0.14      0.00      0.00      0.00  sysbench
1565363395     0      5669  100.00    0.00    0.00  100.00     3      1.00      0.00   90760   5356   0.14      0.00      0.00      0.00  sysbench
1565363396     0      5669  100.00    0.00    0.00  100.00     3      1.00      0.00   90760   5356   0.14      0.00      0.00      0.00  sysbench
1565363397     0      5835   90.00    0.00    0.00   90.00     1   1949.00      0.00   90760   5096   0.13      0.00      0.00      0.00  sysbench
1565363398     0      5835  100.00    0.00    0.00  100.00     1    144.00      0.00   90760   5620   0.14      0.00      0.00      0.00  sysbench
1565363399     0      5835  100.00    0.00    0.00  100.00     1      1.00      0.00   90760   5620   0.14      0.00      0.00      0.00  sysbench
1565363400     0      5835  100.00    0.00    0.00  100.00     1      1.00      0.00   90760   5620   0.14      0.00      0.00      0.00  sysbench
1565363401     0      5835  100.00    0.00    0.00  100.00     1      0.00      0.00   90760   5620   0.14      0.00      0.00      0.00  sysbench
1565363402     0      5835  100.00    0.00    0.00  100.00     1      0.00      0.00   90760   5620   0.14      0.00      0.00      0.00  sysbench
1565363403     0      5835  100.00    0.00    0.00  100.00     1      0.00      0.00   90760   5620   0.14      0.00      0.00      0.00  sysbench
1565363404     0      5835  100.00    0.00    0.00  100.00     1      0.00      0.00   90760   5620   0.14      0.00      0.00      0.00  sysbench
1565363405     0      5835   99.00    0.00    0.00   99.00     1      0.00      0.00   90760   5620   0.14      0.00      0.00      0.00  sysbench
1565363406     0      5835  100.00    0.00    0.00  100.00     1      0.00      0.00   90760   5620   0.14      0.00      0.00      0.00  sysbench

1565363327     0      4688  100.00    0.00    0.00  100.00     1    189.11      0.00   90760   5352   0.14      0.00      0.00      0.00  sysbench
1565363328     0      4688  100.00    0.00    0.00  100.00     1      1.00      0.00   90760   5352   0.14      0.00      0.00      0.00  sysbench
1565363329     0      4688  100.00    0.00    0.00  100.00     1      1.00      0.00   90760   5352   0.14      0.00      0.00      0.00  sysbench
1565363330     0      4688  100.00    0.00    0.00  100.00     1      0.00      0.00   90760   5352   0.14      0.00      0.00      0.00  sysbench
1565363331     0      4688  100.00    0.00    0.00  100.00     1      0.00      0.00   90760   5352   0.14      0.00      0.00      0.00  sysbench
1565363332     0      4688  100.00    0.00    0.00  100.00     1      0.00      0.00   90760   5352   0.14      0.00      0.00      0.00  sysbench
1565363333     0      4688  100.00    0.00    0.00  100.00     1      0.00      0.00   90760   5352   0.14      0.00      0.00      0.00  sysbench
1565363334     0      4688  100.00    0.00    0.00  100.00     1      0.00      0.00   90760   5352   0.14      0.00      0.00      0.00  sysbench
1565363335     0      4688  100.00    0.00    0.00  100.00     1      0.00      0.00   90760   5352   0.14      0.00      0.00      0.00  sysbench
1565363336     0      4854    1.00    0.00    0.00    1.00     1   1899.00      0.00   90760   4828   0.12      0.00      0.00      0.00  sysbench
1565363337     0      4854  100.00    0.00    0.00  100.00     1    194.00      0.00   90760   5616   0.14      0.00      0.00      0.00  sysbench
1565363338     0      4854  100.00    0.00    0.00  100.00     1      1.00      0.00   90760   5616   0.14      0.00      0.00      0.00  sysbench
1565363339     0      4854  100.00    0.00    0.00  100.00     1      0.00      0.00   90760   5616   0.14      0.00      0.00      0.00  sysbench
1565363340     0      4854  100.00    0.00    0.00  100.00     1      0.00      0.00   90760   5616   0.14      0.00      0.00      0.00  sysbench
1565363341     0      4854  100.00    0.00    0.00  100.00     1      1.00      0.00   90760   5616   0.14      0.00      0.00      0.00  sysbench
1565363342     0      4854  100.00    0.00    0.00  100.00     1      0.00      0.00   90760   5616   0.14      0.00      0.00      0.00  sysbench
1565363343     0      4854  100.00    0.00    0.00  100.00     1      0.00      0.00   90760   5616   0.14      0.00      0.00      0.00  sysbench
1565363344     0      4854  100.00    0.00    0.00  100.00     1      0.00      0.00   90760   5616   0.14      0.00      0.00      0.00  sysbench
1565363345     0      4854  100.00    0.00    0.00  100.00     1      0.00      0.00   90760   5616   0.14      0.00      0.00      0.00  sysbench
1565363347     0      5020  100.00    0.00    0.00  100.00     3   1960.00      0.00   90760   5096   0.13      0.00      0.00      0.00  sysbench
1565363348     0      5020   99.00    0.00    0.00   99.00     3    134.00      0.00   90760   5604   0.14      0.00      0.00      0.00  sysbench
1565363349     0      5020  100.00    0.00    0.00  100.00     3      0.00      0.00   90760   5604   0.14      0.00      0.00      0.00  sysbench
1565363350     0      5020  100.00    0.00    0.00  100.00     3      1.00      0.00   90760   5604   0.14      0.00      0.00      0.00  sysbench
1565363351     0      5020   99.00    0.00    0.00   99.00     3      0.00      0.00   90760   5604   0.14      0.00      0.00      0.00  sysbench
1565363352     0      5020  100.00    0.00    0.00  100.00     3      0.00      0.00   90760   5604   0.14      0.00      0.00      0.00  sysbench
1565363353     0      5020  100.00    0.00    0.00  100.00     3      0.00      0.00   90760   5604   0.14      0.00      0.00      0.00  sysbench
1565363354     0      5020  100.00    0.00    0.00  100.00     3      3.00      0.00   90760   5604   0.14      0.00      0.00      0.00  sysbench
1565363355     0      5020  100.00    0.00    0.00  100.00     3      0.00      0.00   90760   5604   0.14      0.00      0.00      0.00  sysbench
1565363357     0      5186   99.00    0.00    0.00   99.00     1   1948.00      0.00   90760   5096   0.13      0.00      0.00      0.00  sysbench
1565363358     0      5186  100.00    0.00    0.00  100.00     1    144.00      0.00   90760   5620   0.14      0.00      0.00      0.00  sysbench
1565363359     0      5186  100.00    0.00    0.00  100.00     1      0.00      0.00   90760   5620   0.14      0.00      0.00      0.00  sysbench
1565363360     0      5186   99.00    0.00    0.00   99.00     1      1.00      0.00   90760   5620   0.14      0.00      0.00      0.00  sysbench
1565363361     0      5186  100.00    0.00    0.00  100.00     1      0.00      0.00   90760   5620   0.14      0.00      0.00      0.00  sysbench
1565363362     0      5186  100.00    0.00    0.00  100.00     1      2.00      0.00   90760   5620   0.14      0.00      0.00      0.00  sysbench
1565363363     0      5186  100.00    0.00    0.00  100.00     1      0.00      0.00   90760   5620   0.14      0.00      0.00      0.00  sysbench
1565363364     0      5186  100.00    0.00    0.00  100.00     1      1.00      0.00   90760   5620   0.14      0.00      0.00      0.00  sysbench
1565363365     0      5186  100.00    0.00    0.00  100.00     1      0.00      0.00   90760   5620   0.14      0.00      0.00      0.00  sysbench
1565363366     0      5186  100.00    0.00    0.00  100.00     1      0.00      0.00   90760   5620   0.14      0.00      0.00      0.00  sysbench
1565363367     0      5337   96.00    0.00    0.00   96.00     2   1948.00      0.00   90760   5096   0.13      0.00      0.00      0.00  sysbench
1565363368     0      5337  100.00    0.00    0.00  100.00     2    144.00      0.00   90760   5620   0.14      0.00      0.00      0.00  sysbench
1565363369     0      5337  100.00    0.00    0.00  100.00     2      1.00      0.00   90760   5620   0.14      0.00      0.00      0.00  sysbench
1565363370     0      5337   99.00    0.00    0.00   99.00     2      0.00      0.00   90760   5620   0.14      0.00      0.00      0.00  sysbench
1565363371     0      5337  100.00    0.00    0.00  100.00     2      0.00      0.00   90760   5620   0.14      0.00      0.00      0.00  sysbench
1565363372     0      5337  100.00    0.00    0.00  100.00     2      1.00      0.00   90760   5620   0.14      0.00      0.00      0.00  sysbench
1565363373     0      5337  100.00    0.00    0.00  100.00     2      0.00      0.00   90760   5620   0.14      0.00      0.00      0.00  sysbench
1565363374     0      5337  100.00    0.00    0.00  100.00     2      0.00      0.00   90760   5620   0.14      0.00      0.00      0.00  sysbench
1565363375     0      5337  100.00    0.00    0.00  100.00     2      0.00      0.00   90760   5620   0.14      0.00      0.00      0.00  sysbench
1565363376     0      5337  100.00    0.00    0.00  100.00     2      0.00      0.00   90760   5620   0.14      0.00      0.00      0.00  sysbench
1565363377     0      5503   95.00    0.00    0.00   95.00     0   1950.00      0.00   90760   5092   0.13      0.00      0.00      0.00  sysbench
1565363378     0      5503  100.00    0.00    0.00  100.00     0    145.00      0.00   90760   5616   0.14      0.00      0.00      0.00  sysbench
1565363379     0      5503  100.00    0.00    0.00  100.00     0      1.00      0.00   90760   5616   0.14      0.00      0.00      0.00  sysbench
1565363380     0      5503  100.00    0.00    0.00  100.00     0      0.00      0.00   90760   5616   0.14      0.00      0.00      0.00  sysbench
1565363381     0      5503  100.00    0.00    0.00  100.00     0      0.00      0.00   90760   5616   0.14      0.00      0.00      0.00  sysbench
1565363382     0      5503  100.00    0.00    0.00  100.00     0      0.00      0.00   90760   5616   0.14      0.00      0.00      0.00  sysbench
1565363383     0      5503  100.00    0.00    0.00  100.00     0      0.00      0.00   90760   5616   0.14      0.00      0.00      0.00  sysbench
1565363384     0      5503  100.00    0.00    0.00  100.00     0      0.00      0.00   90760   5616   0.14      0.00      0.00      0.00  sysbench
1565363385     0      5503  100.00    0.00    0.00  100.00     0      0.00      0.00   90760   5616   0.14      0.00      0.00      0.00  sysbench
1565363386     0      5503  100.00    0.00    0.00  100.00     0      0.00      0.00   90760   5616   0.14      0.00      0.00      0.00  sysbench
1565363387     0      5669   93.00    0.00    0.00   93.00     3   1948.00      0.00   90760   4832   0.12      0.00      0.00      0.00  sysbench
1565363388     0      5669  100.00    0.00    0.00  100.00     3    141.00      0.00   90760   5356   0.14      0.00      0.00      0.00  sysbench
1565363389     0      5669  100.00    0.00    0.00  100.00     3      0.00      0.00   90760   5356   0.14      0.00      0.00      0.00  sysbench
1565363390     0      5669  100.00    0.00    0.00  100.00     3      0.00      0.00   90760   5356   0.14      0.00      0.00      0.00  sysbench
1565363391     0      5669  100.00    0.00    0.00  100.00     3      0.00      0.00   90760   5356   0.14      0.00      0.00      0.00  sysbench
1565363392     0      5669  100.00    0.00    0.00  100.00     3      0.00      0.00   90760   5356   0.14      0.00      0.00      0.00  sysbench
1565363393     0      5669   99.00    0.00    0.00   99.00     3      0.00      0.00   90760   5356   0.14      0.00      0.00      0.00  sysbench
1565363394     0      5669  100.00    0.00    0.00  100.00     3      0.00      0.00   90760   5356   0.14      0.00      0.00      0.00  sysbench
1565363395     0      5669  100.00    0.00    0.00  100.00     3      1.00      0.00   90760   5356   0.14      0.00      0.00      0.00  sysbench
1565363396     0      5669  100.00    0.00    0.00  100.00     3      1.00      0.00   90760   5356   0.14      0.00      0.00      0.00  sysbench
1565363397     0      5835   92.00    0.00    0.00   92.00     1   1949.00      0.00   90760   5096   0.13      0.00      0.00      0.00  sysbench
1565363398     0      5835  100.00    0.00    0.00  100.00     1    144.00      0.00   90760   5620   0.14      0.00      0.00      0.00  sysbench
1565363399     0      5835  100.00    0.00    0.00  100.00     1      1.00      0.00   90760   5620   0.14      0.00      0.00      0.00  sysbench
1565363400     0      5835  100.00    0.00    0.00  100.00     1      1.00      0.00   90760   5620   0.14      0.00      0.00      0.00  sysbench
1565363401     0      5835  100.00    0.00    0.00  100.00     1      0.00      0.00   90760   5620   0.14      0.00      0.00      0.00  sysbench
1565363402     0      5835  100.00    0.00    0.00  100.00     1      0.00      0.00   90760   5620   0.14      0.00      0.00      0.00  sysbench
1565363403     0      5835  100.00    0.00    0.00  100.00     1      0.00      0.00   90760   5620   0.14      0.00      0.00      0.00  sysbench
1565363404     0      5835  100.00    0.00    0.00  100.00     1      0.00      0.00   90760   5620   0.14      0.00      0.00      0.00  sysbench
1565363405     0      5835   99.00    0.00    0.00   99.00     1      0.00      0.00   90760   5620   0.14      0.00      0.00      0.00  sysbench
1565363406     0      5835  100.00    0.00    0.00  100.00     1      0.00      0.00   90760   5620   0.14      0.00      0.00      0.00  sysbench

1565363337     0      4854  100.00    0.00    0.00  100.00     1    167.33      0.00   90760   5616   0.14      0.00      0.00      0.00  sysbench
1565363338     0      4854  100.00    0.00    0.00  100.00     1      1.00      0.00   90760   5616   0.14      0.00      0.00      0.00  sysbench
1565363339     0      4854  100.00    0.00    0.00  100.00     1      0.00      0.00   90760   5616   0.14      0.00      0.00      0.00  sysbench
1565363340     0      4854  100.00    0.00    0.00  100.00     1      0.00      0.00   90760   5616   0.14      0.00      0.00      0.00  sysbench
1565363341     0      4854  100.00    0.00    0.00  100.00     1      1.00      0.00   90760   5616   0.14      0.00      0.00      0.00  sysbench
1565363342     0      4854  100.00    0.00    0.00  100.00     1      0.00      0.00   90760   5616   0.14      0.00      0.00      0.00  sysbench
1565363343     0      4854  100.00    0.00    0.00  100.00     1      0.00      0.00   90760   5616   0.14      0.00      0.00      0.00  sysbench
1565363344     0      4854  100.00    0.00    0.00  100.00     1      0.00      0.00   90760   5616   0.14      0.00      0.00      0.00  sysbench
1565363345     0      4854  100.00    0.00    0.00  100.00     1      0.00      0.00   90760   5616   0.14      0.00      0.00      0.00  sysbench
1565363346     0      5020    1.00    0.00    0.00    1.00     3   1898.00      0.00   90760   4832   0.12      0.00      0.00      0.00  sysbench
1565363347     0      5020  100.00    0.00    0.00  100.00     3    196.00      0.00   90760   5604   0.14      0.00      0.00      0.00  sysbench
1565363348     0      5020  100.00    0.00    0.00  100.00     3      0.00      0.00   90760   5604   0.14      0.00      0.00      0.00  sysbench
1565363349     0      5020  100.00    0.00    0.00  100.00     3      1.00      0.00   90760   5604   0.14      0.00      0.00      0.00  sysbench
1565363350     0      5020  100.00    0.00    0.00  100.00     3      0.00      0.00   90760   5604   0.14      0.00      0.00      0.00  sysbench
1565363351     0      5020  100.00    0.00    0.00  100.00     3      0.00      0.00   90760   5604   0.14      0.00      0.00      0.00  sysbench
1565363352     0      5020  100.00    0.00    0.00  100.00     3      0.00      0.00   90760   5604   0.14      0.00      0.00      0.00  sysbench
1565363353     0      5020  100.00    0.00    0.00  100.00     3      1.00      0.00   90760   5604   0.14      0.00      0.00      0.00  sysbench
1565363354     0      5020  100.00    0.00    0.00  100.00     3      2.00      0.00   90760   5604   0.14      0.00      0.00      0.00  sysbench
1565363355     0      5020  100.00    0.00    0.00  100.00     3      0.00      0.00   90760   5604   0.14      0.00      0.00      0.00  sysbench
1565363356     0      5186    1.00    0.00    0.00    1.00     1   1845.00      0.00   90760   4572   0.12      0.00      0.00      0.00  sysbench
1565363357     0      5186   99.00    0.00    0.00   99.00     1    247.00      0.00   90760   5620   0.14      0.00      0.00      0.00  sysbench
1565363358     0      5186  100.00    0.00    0.00  100.00     1      0.00      0.00   90760   5620   0.14      0.00      0.00      0.00  sysbench
1565363359     0      5186  100.00    0.00    0.00  100.00     1      1.00      0.00   90760   5620   0.14      0.00      0.00      0.00  sysbench
1565363360     0      5186   99.00    0.00    0.00   99.00     1      0.00      0.00   90760   5620   0.14      0.00      0.00      0.00  sysbench
1565363361     0      5186  100.00    0.00    0.00  100.00     1      0.00      0.00   90760   5620   0.14      0.00      0.00      0.00  sysbench
1565363362     0      5186  100.00    0.00    0.00  100.00     1      2.00      0.00   90760   5620   0.14      0.00      0.00      0.00  sysbench
1565363363     0      5186  100.00    0.00    0.00  100.00     1      0.00      0.00   90760   5620   0.14      0.00      0.00      0.00  sysbench
1565363364     0      5186  100.00    0.00    0.00  100.00     1      1.00      0.00   90760   5620   0.14      0.00      0.00      0.00  sysbench
1565363365     0      5186  100.00    0.00    0.00  100.00     1      0.00      0.00   90760   5620   0.14      0.00      0.00      0.00  sysbench
1565363367     0      5337   98.00    0.00    0.00   98.00     2   1948.00      0.00   90760   5096   0.13      0.00      0.00      0.00  sysbench
1565363368     0      5337  100.00    0.00    0.00  100.00     2    144.00      0.00   90760   5620   0.14      0.00      0.00      0.00  sysbench
1565363369     0      5337  100.00    0.00    0.00  100.00     2      1.00      0.00   90760   5620   0.14      0.00      0.00      0.00  sysbench
1565363370     0      5337  100.00    0.00    0.00  100.00     2      0.00      0.00   90760   5620   0.14      0.00      0.00      0.00  sysbench
1565363371     0      5337  100.00    0.00    0.00  100.00     2      0.00      0.00   90760   5620   0.14      0.00      0.00      0.00  sysbench
1565363372     0      5337  100.00    0.00    0.00  100.00     2      1.00      0.00   90760   5620   0.14      0.00      0.00      0.00  sysbench
1565363373     0      5337  100.00    0.00    0.00  100.00     2      0.00      0.00   90760   5620   0.14      0.00      0.00      0.00  sysbench
1565363374     0      5337  100.00    0.00    0.00  100.00     2      0.00      0.00   90760   5620   0.14      0.00      0.00      0.00  sysbench
1565363375     0      5337  100.00    0.00    0.00  100.00     2      0.00      0.00   90760   5620   0.14      0.00      0.00      0.00  sysbench
1565363376     0      5337  100.00    0.00    0.00  100.00     2      0.00      0.00   90760   5620   0.14      0.00      0.00      0.00  sysbench
1565363377     0      5503   97.00    0.00    0.00   97.00     0   1950.00      0.00   90760   5092   0.13      0.00      0.00      0.00  sysbench
1565363378     0      5503  100.00    0.00    0.00  100.00     0    145.00      0.00   90760   5616   0.14      0.00      0.00      0.00  sysbench
1565363379     0      5503  100.00    0.00    0.00  100.00     0      1.00      0.00   90760   5616   0.14      0.00      0.00      0.00  sysbench
1565363380     0      5503  100.00    0.00    0.00  100.00     0      0.00      0.00   90760   5616   0.14      0.00      0.00      0.00  sysbench
1565363381     0      5503  100.00    0.00    0.00  100.00     0      0.00      0.00   90760   5616   0.14      0.00      0.00      0.00  sysbench
1565363382     0      5503  100.00    0.00    0.00  100.00     0      0.00      0.00   90760   5616   0.14      0.00      0.00      0.00  sysbench
1565363383     0      5503  100.00    0.00    0.00  100.00     0      0.00      0.00   90760   5616   0.14      0.00      0.00      0.00  sysbench
1565363384     0      5503  100.00    0.00    0.00  100.00     0      0.00      0.00   90760   5616   0.14      0.00      0.00      0.00  sysbench
1565363385     0      5503  100.00    0.00    0.00  100.00     0      0.00      0.00   90760   5616   0.14      0.00      0.00      0.00  sysbench
1565363386     0      5503  100.00    0.00    0.00  100.00     0      0.00      0.00   90760   5616   0.14      0.00      0.00      0.00  sysbench
1565363387     0      5669   95.00    0.00    0.00   95.00     3   1948.00      0.00   90760   4832   0.12      0.00      0.00      0.00  sysbench
1565363388     0      5669  100.00    0.00    0.00  100.00     3    141.00      0.00   90760   5356   0.14      0.00      0.00      0.00  sysbench
1565363389     0      5669   99.01    0.00    0.00   99.01     3      0.00      0.00   90760   5356   0.14      0.00      0.00      0.00  sysbench
1565363390     0      5669  100.00    0.00    0.00  100.00     3      0.00      0.00   90760   5356   0.14      0.00      0.00      0.00  sysbench
1565363391     0      5669  100.00    0.00    0.00  100.00     3      0.00      0.00   90760   5356   0.14      0.00      0.00      0.00  sysbench
1565363392     0      5669  100.00    0.00    0.00  100.00     3      0.00      0.00   90760   5356   0.14      0.00      0.00      0.00  sysbench
1565363393     0      5669  100.00    0.00    0.00  100.00     3      0.00      0.00   90760   5356   0.14      0.00      0.00      0.00  sysbench
1565363394     0      5669  100.00    0.00    0.00  100.00     3      0.00      0.00   90760   5356   0.14      0.00      0.00      0.00  sysbench
1565363395     0      5669  100.00    0.00    0.00  100.00     3      1.00      0.00   90760   5356   0.14      0.00      0.00      0.00  sysbench
1565363396     0      5669  100.00    0.00    0.00  100.00     3      1.00      0.00   90760   5356   0.14      0.00      0.00      0.00  sysbench
1565363397     0      5835   94.00    0.00    0.00   94.00     1   1949.00      0.00   90760   5096   0.13      0.00      0.00      0.00  sysbench
1565363398     0      5835  100.00    0.00    0.00  100.00     1    144.00      0.00   90760   5620   0.14      0.00      0.00      0.00  sysbench
1565363399     0      5835  100.00    0.00    0.00  100.00     1      1.00      0.00   90760   5620   0.14      0.00      0.00      0.00  sysbench
1565363400     0      5835  100.00    0.00    0.00  100.00     1      1.00      0.00   90760   5620   0.14      0.00      0.00      0.00  sysbench
1565363401     0      5835  100.00    0.00    0.00  100.00     1      0.00      0.00   90760   5620   0.14      0.00      0.00      0.00  sysbench
1565363402     0      5835  100.00    0.00    0.00  100.00     1      0.00      0.00   90760   5620   0.14      0.00      0.00      0.00  sysbench
1565363403     0      5835  100.00    0.00    0.00  100.00     1      0.00      0.00   90760   5620   0.14      0.00      0.00      0.00  sysbench
1565363404     0      5835  100.00    0.00    0.00  100.00     1      0.00      0.00   90760   5620   0.14      0.00      0.00      0.00  sysbench
1565363405     0      5835   99.00    0.00    0.00   99.00     1      0.00      0.00   90760   5620   0.14      0.00      0.00      0.00  sysbench
1565363406     0      5835  100.00    0.00    0.00  100.00     1      0.00      0.00   90760   5620   0.14      0.00      0.00      0.00  sysbench

1565363347     0      5020  100.00    0.00    0.00  100.00     3    178.43      0.00   90760   5604   0.14      0.00      0.00      0.00  sysbench
1565363348     0      5020  100.00    0.00    0.00  100.00     3      0.00      0.00   90760   5604   0.14      0.00      0.00      0.00  sysbench
1565363349     0      5020  100.00    0.00    0.00  100.00     3      1.00      0.00   90760   5604   0.14      0.00      0.00      0.00  sysbench
1565363350     0      5020  100.00    0.00    0.00  100.00     3      0.00      0.00   90760   5604   0.14      0.00      0.00      0.00  sysbench
1565363351     0      5020  100.00    0.00    0.00  100.00     3      0.00      0.00   90760   5604   0.14      0.00      0.00      0.00  sysbench
1565363352     0      5020  100.00    0.00    0.00  100.00     3      0.00      0.00   90760   5604   0.14      0.00      0.00      0.00  sysbench
1565363353     0      5020  100.00    0.00    0.00  100.00     3      1.00      0.00   90760   5604   0.14      0.00      0.00      0.00  sysbench
1565363354     0      5020  100.00    0.00    0.00  100.00     3      2.00      0.00   90760   5604   0.14      0.00      0.00      0.00  sysbench
1565363355     0      5020  100.00    0.00    0.00  100.00     3      0.00      0.00   90760   5604   0.14      0.00      0.00      0.00  sysbench
1565363356     0      5186    2.00    0.00    0.00    2.00     1   1922.00      0.00   90760   4832   0.12      0.00      0.00      0.00  sysbench
1565363357     0      5186  100.00    0.00    0.00  100.00     1    170.00      0.00   90760   5620   0.14      0.00      0.00      0.00  sysbench
1565363358     0      5186  100.00    0.00    0.00  100.00     1      0.00      0.00   90760   5620   0.14      0.00      0.00      0.00  sysbench
1565363359     0      5186   99.00    0.00    0.00   99.00     1      1.00      0.00   90760   5620   0.14      0.00      0.00      0.00  sysbench
1565363360     0      5186  100.00    0.00    0.00  100.00     1      0.00      0.00   90760   5620   0.14      0.00      0.00      0.00  sysbench
1565363361     0      5186   99.00    0.00    0.00   99.00     1      0.00      0.00   90760   5620   0.14      0.00      0.00      0.00  sysbench
1565363362     0      5186   99.01    0.00    0.00   99.01     1      1.98      0.00   90760   5620   0.14      0.00      0.00      0.00  sysbench
1565363363     0      5186  100.00    0.00    0.00  100.00     1      1.00      0.00   90760   5620   0.14      0.00      0.00      0.00  sysbench
1565363364     0      5186  100.00    0.00    0.00  100.00     1      0.00      0.00   90760   5620   0.14      0.00      0.00      0.00  sysbench
1565363365     0      5186  100.00    0.00    0.00  100.00     1      0.00      0.00   90760   5620   0.14      0.00      0.00      0.00  sysbench
1565363366     0      5337    1.00    0.00    0.00    1.00     2   1878.00      0.00   90760   4572   0.12      0.00      0.00      0.00  sysbench
1565363367     0      5337  100.00    0.00    0.00  100.00     2    214.00      0.00   90760   5620   0.14      0.00      0.00      0.00  sysbench
1565363368     0      5337   99.00    0.00    0.00   99.00     2      1.00      0.00   90760   5620   0.14      0.00      0.00      0.00  sysbench
1565363369     0      5337  100.00    0.00    0.00  100.00     2      0.00      0.00   90760   5620   0.14      0.00      0.00      0.00  sysbench
1565363370     0      5337  100.00    0.00    0.00  100.00     2      0.00      0.00   90760   5620   0.14      0.00      0.00      0.00  sysbench
1565363371     0      5337   99.00    0.00    0.00   99.00     2      1.00      0.00   90760   5620   0.14      0.00      0.00      0.00  sysbench
1565363372     0      5337  100.00    0.00    0.00  100.00     2      0.00      0.00   90760   5620   0.14      0.00      0.00      0.00  sysbench
1565363373     0      5337  100.00    0.00    0.00  100.00     2      0.00      0.00   90760   5620   0.14      0.00      0.00      0.00  sysbench
1565363374     0      5337  100.00    0.00    0.00  100.00     2      0.00      0.00   90760   5620   0.14      0.00      0.00      0.00  sysbench
1565363375     0      5337  100.00    0.00    0.00  100.00     2      0.00      0.00   90760   5620   0.14      0.00      0.00      0.00  sysbench
1565363377     0      5503   99.00    0.00    0.00   99.00     0   1950.00      0.00   90760   5092   0.13      0.00      0.00      0.00  sysbench
1565363378     0      5503  100.00    0.00    0.00  100.00     0    145.00      0.00   90760   5616   0.14      0.00      0.00      0.00  sysbench
1565363379     0      5503  100.00    0.00    0.00  100.00     0      1.00      0.00   90760   5616   0.14      0.00      0.00      0.00  sysbench
1565363380     0      5503  100.00    0.00    0.00  100.00     0      0.00      0.00   90760   5616   0.14      0.00      0.00      0.00  sysbench
1565363381     0      5503  100.00    0.00    0.00  100.00     0      0.00      0.00   90760   5616   0.14      0.00      0.00      0.00  sysbench
1565363382     0      5503  100.00    0.00    0.00  100.00     0      0.00      0.00   90760   5616   0.14      0.00      0.00      0.00  sysbench
1565363383     0      5503  100.00    0.00    0.00  100.00     0      0.00      0.00   90760   5616   0.14      0.00      0.00      0.00  sysbench
1565363384     0      5503  100.00    0.00    0.00  100.00     0      0.00      0.00   90760   5616   0.14      0.00      0.00      0.00  sysbench
1565363385     0      5503  100.00    0.00    0.00  100.00     0      0.00      0.00   90760   5616   0.14      0.00      0.00      0.00  sysbench
1565363386     0      5503  100.00    0.00    0.00  100.00     0      0.00      0.00   90760   5616   0.14      0.00      0.00      0.00  sysbench
1565363387     0      5669   97.00    0.00    0.00   97.00     3   1948.00      0.00   90760   4832   0.12      0.00      0.00      0.00  sysbench
1565363388     0      5669  100.00    0.00    0.00  100.00     3    141.00      0.00   90760   5356   0.14      0.00      0.00      0.00  sysbench
1565363389     0      5669  100.00    0.00    0.00  100.00     3      0.00      0.00   90760   5356   0.14      0.00      0.00      0.00  sysbench
1565363390     0      5669  100.00    0.00    0.00  100.00     3      0.00      0.00   90760   5356   0.14      0.00      0.00      0.00  sysbench
1565363391     0      5669  100.00    0.00    0.00  100.00     3      0.00      0.00   90760   5356   0.14      0.00      0.00      0.00  sysbench
1565363392     0      5669  100.00    0.00    0.00  100.00     3      0.00      0.00   90760   5356   0.14      0.00      0.00      0.00  sysbench
1565363393     0      5669  100.00    0.00    0.00  100.00     3      0.00      0.00   90760   5356   0.14      0.00      0.00      0.00  sysbench
1565363394     0      5669  100.00    0.00    0.00  100.00     3      0.00      0.00   90760   5356   0.14      0.00      0.00      0.00  sysbench
1565363395     0      5669  100.00    0.00    0.00  100.00     3      1.00      0.00   90760   5356   0.14      0.00      0.00      0.00  sysbench
1565363396     0      5669  100.00    0.00    0.00  100.00     3      1.00      0.00   90760   5356   0.14      0.00      0.00      0.00  sysbench
1565363397     0      5835   95.00    0.00    0.00   95.00     1   1949.00      0.00   90760   5096   0.13      0.00      0.00      0.00  sysbench
1565363398     0      5835  100.00    0.00    0.00  100.00     1    144.00      0.00   90760   5620   0.14      0.00      0.00      0.00  sysbench
1565363399     0      5835  100.00    0.00    0.00  100.00     1      1.00      0.00   90760   5620   0.14      0.00      0.00      0.00  sysbench
1565363400     0      5835  100.00    0.00    0.00  100.00     1      1.00      0.00   90760   5620   0.14      0.00      0.00      0.00  sysbench
1565363401     0      5835  100.00    0.00    0.00  100.00     1      0.00      0.00   90760   5620   0.14      0.00      0.00      0.00  sysbench
1565363402     0      5835  100.00    0.00    0.00  100.00     1      0.00      0.00   90760   5620   0.14      0.00      0.00      0.00  sysbench
1565363403     0      5835  100.00    0.00    0.00  100.00     1      0.00      0.00   90760   5620   0.14      0.00      0.00      0.00  sysbench
1565363404     0      5835  100.00    0.00    0.00  100.00     1      0.00      0.00   90760   5620   0.14      0.00      0.00      0.00  sysbench
1565363405     0      5835   99.00    0.00    0.00   99.00     1      0.00      0.00   90760   5620   0.14      0.00      0.00      0.00  sysbench
1565363406     0      5835  100.00    0.00    0.00  100.00     1      0.00      0.00   90760   5620   0.14      0.00      0.00      0.00  sysbench

1565363357     0      5186  100.00    0.00    0.00  100.00     1    174.26      0.00   90760   5620   0.14      0.00      0.00      0.00  sysbench
1565363358     0      5186  100.00    0.00    0.00  100.00     1      0.00      0.00   90760   5620   0.14      0.00      0.00      0.00  sysbench
1565363359     0      5186  100.00    0.00    0.00  100.00     1      1.00      0.00   90760   5620   0.14      0.00      0.00      0.00  sysbench
1565363360     0      5186  100.00    0.00    0.00  100.00     1      0.00      0.00   90760   5620   0.14      0.00      0.00      0.00  sysbench
1565363361     0      5186  100.00    0.00    0.00  100.00     1      0.00      0.00   90760   5620   0.14      0.00      0.00      0.00  sysbench
1565363362     0      5186  100.00    0.00    0.00  100.00     1      2.00      0.00   90760   5620   0.14      0.00      0.00      0.00  sysbench
1565363363     0      5186  100.00    0.00    0.00  100.00     1      1.00      0.00   90760   5620   0.14      0.00      0.00      0.00  sysbench
1565363364     0      5186  100.00    0.00    0.00  100.00     1      0.00      0.00   90760   5620   0.14      0.00      0.00      0.00  sysbench
1565363365     0      5186  100.00    0.00    0.00  100.00     1      0.00      0.00   90760   5620   0.14      0.00      0.00      0.00  sysbench
1565363366     0      5337    1.00    0.00    0.00    1.00     2   1910.00      0.00   90760   4832   0.12      0.00      0.00      0.00  sysbench
1565363367     0      5337  100.00    0.00    0.00  100.00     2    182.00      0.00   90760   5620   0.14      0.00      0.00      0.00  sysbench
1565363368     0      5337  100.00    0.00    0.00  100.00     2      1.00      0.00   90760   5620   0.14      0.00      0.00      0.00  sysbench
1565363369     0      5337  100.00    0.00    0.00  100.00     2      0.00      0.00   90760   5620   0.14      0.00      0.00      0.00  sysbench
1565363370     0      5337  100.00    0.00    0.00  100.00     2      0.00      0.00   90760   5620   0.14      0.00      0.00      0.00  sysbench
1565363371     0      5337   99.00    0.00    0.00   99.00     2      1.00      0.00   90760   5620   0.14      0.00      0.00      0.00  sysbench
1565363372     0      5337  100.00    0.00    0.00  100.00     2      0.00      0.00   90760   5620   0.14      0.00      0.00      0.00  sysbench
1565363373     0      5337  100.00    0.00    0.00  100.00     2      0.00      0.00   90760   5620   0.14      0.00      0.00      0.00  sysbench
1565363374     0      5337  100.00    0.00    0.00  100.00     2      0.00      0.00   90760   5620   0.14      0.00      0.00      0.00  sysbench
1565363375     0      5337  100.00    0.00    0.00  100.00     2      0.00      0.00   90760   5620   0.14      0.00      0.00      0.00  sysbench
1565363377     0      5503  100.00    0.00    0.00  100.00     0   1950.00      0.00   90760   5092   0.13      0.00      0.00      0.00  sysbench
1565363378     0      5503  100.00    0.00    0.00  100.00     0    145.00      0.00   90760   5616   0.14      0.00      0.00      0.00  sysbench
1565363379     0      5503  100.00    0.00    0.00  100.00     0      1.00      0.00   90760   5616   0.14      0.00      0.00      0.00  sysbench
1565363380     0      5503  100.00    0.00    0.00  100.00     0      0.00      0.00   90760   5616   0.14      0.00      0.00      0.00  sysbench
1565363381     0      5503  100.00    0.00    0.00  100.00     0      0.00      0.00   90760   5616   0.14      0.00      0.00      0.00  sysbench
1565363382     0      5503  100.00    0.00    0.00  100.00     0      0.00      0.00   90760   5616   0.14      0.00      0.00      0.00  sysbench
1565363383     0      5503  100.00    0.00    0.00  100.00     0      0.00      0.00   90760   5616   0.14      0.00      0.00      0.00  sysbench
1565363384     0      5503  100.00    0.00    0.00  100.00     0      0.00      0.00   90760   5616   0.14      0.00      0.00      0.00  sysbench
1565363385     0      5503  100.00    0.00    0.00  100.00     0      0.00      0.00   90760   5616   0.14      0.00      0.00      0.00  sysbench
1565363387     0      5669   98.00    0.00    0.00   98.00     3   1948.00      0.00   90760   4832   0.12      0.00      0.00      0.00  sysbench
1565363388     0      5669  100.00    0.00    0.00  100.00     3    141.00      0.00   90760   5356   0.14      0.00      0.00      0.00  sysbench
1565363389     0      5669  100.00    0.00    0.00  100.00     3      0.00      0.00   90760   5356   0.14      0.00      0.00      0.00  sysbench
1565363390     0      5669  100.00    0.00    0.00  100.00     3      0.00      0.00   90760   5356   0.14      0.00      0.00      0.00  sysbench
1565363391     0      5669  100.00    0.00    0.00  100.00     3      0.00      0.00   90760   5356   0.14      0.00      0.00      0.00  sysbench
1565363392     0      5669  100.00    0.00    0.00  100.00     3      0.00      0.00   90760   5356   0.14      0.00      0.00      0.00  sysbench
1565363393     0      5669   99.00    0.00    0.00   99.00     3      0.00      0.00   90760   5356   0.14      0.00      0.00      0.00  sysbench
1565363394     0      5669  100.00    0.00    0.00  100.00     3      0.00      0.00   90760   5356   0.14      0.00      0.00      0.00  sysbench
1565363395     0      5669  100.00    0.00    0.00  100.00     3      1.00      0.00   90760   5356   0.14      0.00      0.00      0.00  sysbench
1565363396     0      5669  100.00    0.00    0.00  100.00     3      1.00      0.00   90760   5356   0.14      0.00      0.00      0.00  sysbench
1565363397     0      5835   97.00    0.00    0.00   97.00     1   1949.00      0.00   90760   5096   0.13      0.00      0.00      0.00  sysbench
1565363398     0      5835  100.00    0.00    0.00  100.00     1    144.00      0.00   90760   5620   0.14      0.00      0.00      0.00  sysbench
1565363399     0      5835  100.00    0.00    0.00  100.00     1      1.00      0.00   90760   5620   0.14      0.00      0.00      0.00  sysbench
1565363400     0      5835  100.00    0.00    0.00  100.00     1      1.00      0.00   90760   5620   0.14      0.00      0.00      0.00  sysbench
1565363401     0      5835   99.00    0.00    0.00   99.00     1      0.00      0.00   90760   5620   0.14      0.00      0.00      0.00  sysbench
1565363402     0      5835  100.00    0.00    0.00  100.00     1      0.00      0.00   90760   5620   0.14      0.00      0.00      0.00  sysbench
1565363403     0      5835   99.00    0.00    0.00   99.00     1      0.00      0.00   90760   5620   0.14      0.00      0.00      0.00  sysbench
1565363404     0      5835  100.00    0.00    0.00  100.00     1      0.00      0.00   90760   5620   0.14      0.00      0.00      0.00  sysbench
1565363405     0      5835  100.00    0.00    0.00  100.00     1      0.00      0.00   90760   5620   0.14      0.00      0.00      0.00  sysbench
1565363406     0      5835  100.00    0.00    0.00  100.00     1      0.00      0.00   90760   5620   0.14      0.00      0.00      0.00  sysbench

1565363367     0      5337  100.00    0.00    0.00  100.00     2    180.20      0.00   90760   5620   0.14      0.00      0.00      0.00  sysbench
1565363368     0      5337   99.01    0.00    0.00   99.01     2      0.99      0.00   90760   5620   0.14      0.00      0.00      0.00  sysbench
1565363369     0      5337  100.00    0.00    0.00  100.00     2      0.00      0.00   90760   5620   0.14      0.00      0.00      0.00  sysbench
1565363370     0      5337  100.00    0.00    0.00  100.00     2      0.00      0.00   90760   5620   0.14      0.00      0.00      0.00  sysbench
1565363371     0      5337  100.00    0.00    0.00  100.00     2      1.00      0.00   90760   5620   0.14      0.00      0.00      0.00  sysbench
1565363372     0      5337  100.00    0.00    0.00  100.00     2      0.00      0.00   90760   5620   0.14      0.00      0.00      0.00  sysbench
1565363373     0      5337  100.00    0.00    0.00  100.00     2      0.00      0.00   90760   5620   0.14      0.00      0.00      0.00  sysbench
1565363374     0      5337  100.00    0.00    0.00  100.00     2      0.00      0.00   90760   5620   0.14      0.00      0.00      0.00  sysbench
1565363375     0      5337  100.00    0.00    0.00  100.00     2      0.00      0.00   90760   5620   0.14      0.00      0.00      0.00  sysbench
1565363376     0      5503    1.00    0.00    0.00    1.00     0   1882.00      0.00   90760   4828   0.12      0.00      0.00      0.00  sysbench
1565363377     0      5503  100.00    0.00    0.00  100.00     0    213.00      0.00   90760   5616   0.14      0.00      0.00      0.00  sysbench
1565363378     0      5503  100.00    0.00    0.00  100.00     0      0.00      0.00   90760   5616   0.14      0.00      0.00      0.00  sysbench
1565363379     0      5503  100.00    0.00    0.00  100.00     0      1.00      0.00   90760   5616   0.14      0.00      0.00      0.00  sysbench
1565363380     0      5503  100.00    0.00    0.00  100.00     0      0.00      0.00   90760   5616   0.14      0.00      0.00      0.00  sysbench
1565363381     0      5503  100.00    0.00    0.00  100.00     0      0.00      0.00   90760   5616   0.14      0.00      0.00      0.00  sysbench
1565363382     0      5503  100.00    0.00    0.00  100.00     0      0.00      0.00   90760   5616   0.14      0.00      0.00      0.00  sysbench
1565363383     0      5503  100.00    0.00    0.00  100.00     0      0.00      0.00   90760   5616   0.14      0.00      0.00      0.00  sysbench
1565363384     0      5503  100.00    0.00    0.00  100.00     0      0.00      0.00   90760   5616   0.14      0.00      0.00      0.00  sysbench
1565363385     0      5503  100.00    0.00    0.00  100.00     0      0.00      0.00   90760   5616   0.14      0.00      0.00      0.00  sysbench
1565363387     0      5669   99.00    0.00    0.00   99.00     3   1948.00      0.00   90760   4832   0.12      0.00      0.00      0.00  sysbench
1565363388     0      5669  100.00    0.00    0.00  100.00     3    141.00      0.00   90760   5356   0.14      0.00      0.00      0.00  sysbench
1565363389     0      5669  100.00    0.00    0.00  100.00     3      0.00      0.00   90760   5356   0.14      0.00      0.00      0.00  sysbench
1565363390     0      5669  100.00    0.00    0.00  100.00     3      0.00      0.00   90760   5356   0.14      0.00      0.00      0.00  sysbench
1565363391     0      5669  100.00    0.00    0.00  100.00     3      0.00      0.00   90760   5356   0.14      0.00      0.00      0.00  sysbench
1565363392     0      5669  100.00    0.00    0.00  100.00     3      0.00      0.00   90760   5356   0.14      0.00      0.00      0.00  sysbench
1565363393     0      5669  100.00    0.00    0.00  100.00     3      0.00      0.00   90760   5356   0.14      0.00      0.00      0.00  sysbench
1565363394     0      5669  100.00    0.00    0.00  100.00     3      0.00      0.00   90760   5356   0.14      0.00      0.00      0.00  sysbench
1565363395     0      5669  100.00    0.00    0.00  100.00     3      1.00      0.00   90760   5356   0.14      0.00      0.00      0.00  sysbench
1565363396     0      5669  100.00    0.00    0.00  100.00     3      1.00      0.00   90760   5356   0.14      0.00      0.00      0.00  sysbench
1565363397     0      5835   97.00    0.00    0.00   97.00     1   1949.00      0.00   90760   5096   0.13      0.00      0.00      0.00  sysbench
1565363398     0      5835  100.00    0.00    0.00  100.00     1    144.00      0.00   90760   5620   0.14      0.00      0.00      0.00  sysbench
1565363399     0      5835  100.00    0.00    0.00  100.00     1      1.00      0.00   90760   5620   0.14      0.00      0.00      0.00  sysbench
1565363400     0      5835  100.00    0.00    0.00  100.00     1      1.00      0.00   90760   5620   0.14      0.00      0.00      0.00  sysbench
1565363401     0      5835  100.00    0.00    0.00  100.00     1      0.00      0.00   90760   5620   0.14      0.00      0.00      0.00  sysbench
1565363402     0      5835  100.00    0.00    0.00  100.00     1      0.00      0.00   90760   5620   0.14      0.00      0.00      0.00  sysbench
1565363403     0      5835  100.00    0.00    0.00  100.00     1      0.00      0.00   90760   5620   0.14      0.00      0.00      0.00  sysbench
1565363404     0      5835  100.00    0.00    0.00  100.00     1      0.00      0.00   90760   5620   0.14      0.00      0.00      0.00  sysbench
1565363405     0      5835   99.00    0.00    0.00   99.00     1      0.00      0.00   90760   5620   0.14      0.00      0.00      0.00  sysbench
1565363406     0      5835  100.00    0.00    0.00  100.00     1      0.00      0.00   90760   5620   0.14      0.00      0.00      0.00  sysbench

1565363377     0      5503  100.00    0.00    0.00  100.00     0    167.33      0.00   90760   5616   0.14      0.00      0.00      0.00  sysbench
1565363378     0      5503  100.00    0.00    0.00  100.00     0      1.00      0.00   90760   5616   0.14      0.00      0.00      0.00  sysbench
1565363379     0      5503  100.00    0.00    0.00  100.00     0      0.00      0.00   90760   5616   0.14      0.00      0.00      0.00  sysbench
1565363380     0      5503  100.00    0.00    0.00  100.00     0      0.00      0.00   90760   5616   0.14      0.00      0.00      0.00  sysbench
1565363381     0      5503  100.00    0.00    0.00  100.00     0      0.00      0.00   90760   5616   0.14      0.00      0.00      0.00  sysbench
1565363382     0      5503  100.00    0.00    0.00  100.00     0      0.00      0.00   90760   5616   0.14      0.00      0.00      0.00  sysbench
1565363383     0      5503  100.00    0.00    0.00  100.00     0      0.00      0.00   90760   5616   0.14      0.00      0.00      0.00  sysbench
1565363384     0      5503  100.00    0.00    0.00  100.00     0      0.00      0.00   90760   5616   0.14      0.00      0.00      0.00  sysbench
1565363385     0      5503  100.00    0.00    0.00  100.00     0      0.00      0.00   90760   5616   0.14      0.00      0.00      0.00  sysbench
1565363386     0      5669    1.00    0.00    0.00    1.00     3   1918.00      0.00   90760   4832   0.12      0.00      0.00      0.00  sysbench
1565363387     0      5669  100.00    0.00    0.00  100.00     3    171.00      0.00   90760   5356   0.14      0.00      0.00      0.00  sysbench
1565363388     0      5669  100.00    0.00    0.00  100.00     3      0.00      0.00   90760   5356   0.14      0.00      0.00      0.00  sysbench
1565363389     0      5669  100.00    0.00    0.00  100.00     3      0.00      0.00   90760   5356   0.14      0.00      0.00      0.00  sysbench
1565363390     0      5669  100.00    0.00    0.00  100.00     3      0.00      0.00   90760   5356   0.14      0.00      0.00      0.00  sysbench
1565363391     0      5669  100.00    0.00    0.00  100.00     3      0.00      0.00   90760   5356   0.14      0.00      0.00      0.00  sysbench
1565363392     0      5669  100.00    0.00    0.00  100.00     3      0.00      0.00   90760   5356   0.14      0.00      0.00      0.00  sysbench
1565363393     0      5669  100.00    0.00    0.00  100.00     3      0.00      0.00   90760   5356   0.14      0.00      0.00      0.00  sysbench
1565363394     0      5669  100.00    0.00    0.00  100.00     3      1.00      0.00   90760   5356   0.14      0.00      0.00      0.00  sysbench
1565363395     0      5669  100.00    0.00    0.00  100.00     3      1.00      0.00   90760   5356   0.14      0.00      0.00      0.00  sysbench
1565363397     0      5835  100.00    0.00    0.00  100.00     1   1949.00      0.00   90760   5096   0.13      0.00      0.00      0.00  sysbench
1565363398     0      5835  100.00    0.00    0.00  100.00     1    144.00      0.00   90760   5620   0.14      0.00      0.00      0.00  sysbench
1565363399     0      5835  100.00    0.00    0.00  100.00     1      1.00      0.00   90760   5620   0.14      0.00      0.00      0.00  sysbench
1565363400     0      5835  100.00    0.00    0.00  100.00     1      1.00      0.00   90760   5620   0.14      0.00      0.00      0.00  sysbench
1565363401     0      5835  100.00    0.00    0.00  100.00     1      0.00      0.00   90760   5620   0.14      0.00      0.00      0.00  sysbench
1565363402     0      5835  100.00    0.00    0.00  100.00     1      0.00      0.00   90760   5620   0.14      0.00      0.00      0.00  sysbench
1565363403     0      5835  100.00    0.00    0.00  100.00     1      0.00      0.00   90760   5620   0.14      0.00      0.00      0.00  sysbench
1565363404     0      5835  100.00    0.00    0.00  100.00     1      0.00      0.00   90760   5620   0.14      0.00      0.00      0.00  sysbench
1565363405     0      5835  100.00    0.00    0.00  100.00     1      0.00      0.00   90760   5620   0.14      0.00      0.00      0.00  sysbench

1565363387     0      5669  100.00    0.00    0.00  100.00     3    173.27      0.00   90760   5356   0.14      0.00      0.00      0.00  sysbench
1565363388     0      5669  100.00    0.00    0.00  100.00     3      0.00      0.00   90760   5356   0.14      0.00      0.00      0.00  sysbench
1565363389     0      5669  100.00    0.00    0.00  100.00     3      0.00      0.00   90760   5356   0.14      0.00      0.00      0.00  sysbench
1565363390     0      5669  100.00    0.00    0.00  100.00     3      0.00      0.00   90760   5356   0.14      0.00      0.00      0.00  sysbench
1565363391     0      5669  100.00    0.00    0.00  100.00     3      0.00      0.00   90760   5356   0.14      0.00      0.00      0.00  sysbench
1565363392     0      5669  100.00    0.00    0.00  100.00     3      0.00      0.00   90760   5356   0.14      0.00      0.00      0.00  sysbench
1565363393     0      5669  100.00    0.00    0.00  100.00     3      0.00      0.00   90760   5356   0.14      0.00      0.00      0.00  sysbench
1565363394     0      5669  100.00    0.00    0.00  100.00     3      1.00      0.00   90760   5356   0.14      0.00      0.00      0.00  sysbench
1565363395     0      5669  100.00    0.00    0.00  100.00     3      1.00      0.00   90760   5356   0.14      0.00      0.00      0.00  sysbench
1565363396     0      5835    1.00    0.00    0.00    1.00     1   1896.00      0.00   90760   4832   0.12      0.00      0.00      0.00  sysbench
1565363397     0      5835  100.00    0.00    0.00  100.00     1    197.00      0.00   90760   5620   0.14      0.00      0.00      0.00  sysbench
1565363398     0      5835  100.00    0.00    0.00  100.00     1      1.00      0.00   90760   5620   0.14      0.00      0.00      0.00  sysbench
1565363399     0      5835  100.00    0.00    0.00  100.00     1      1.00      0.00   90760   5620   0.14      0.00      0.00      0.00  sysbench
1565363400     0      5835  100.00    0.00    0.00  100.00     1      0.00      0.00   90760   5620   0.14      0.00      0.00      0.00  sysbench
1565363401     0      5835   99.00    0.00    0.00   99.00     1      0.00      0.00   90760   5620   0.14      0.00      0.00      0.00  sysbench
1565363402     0      5835  100.00    0.00    0.00  100.00     1      0.00      0.00   90760   5620   0.14      0.00      0.00      0.00  sysbench
1565363403     0      5835  100.00    0.00    0.00  100.00     1      0.00      0.00   90760   5620   0.14      0.00      0.00      0.00  sysbench
1565363404     0      5835  100.00    0.00    0.00  100.00     1      0.00      0.00   90760   5620   0.14      0.00      0.00      0.00  sysbench
1565363405     0      5835  100.00    0.00    0.00  100.00     1      0.00      0.00   90760   5620   0.14      0.00      0.00      0.00  sysbench

1565363397     0      5835  100.00    0.00    0.00  100.00     1    190.20      0.00   90760   5620   0.14      0.00      0.00      0.00  sysbench
1565363398     0      5835  100.00    0.00    0.00  100.00     1      1.00      0.00   90760   5620   0.14      0.00      0.00      0.00  sysbench
1565363399     0      5835  100.00    0.00    0.00  100.00     1      1.00      0.00   90760   5620   0.14      0.00      0.00      0.00  sysbench
1565363400     0      5835  100.00    0.00    0.00  100.00     1      0.00      0.00   90760   5620   0.14      0.00      0.00      0.00  sysbench
1565363401     0      5835  100.00    0.00    0.00  100.00     1      0.00      0.00   90760   5620   0.14      0.00      0.00      0.00  sysbench
1565363402     0      5835  100.00    0.00    0.00  100.00     1      0.00      0.00   90760   5620   0.14      0.00      0.00      0.00  sysbench
1565363403     0      5835   99.00    0.00    0.00   99.00     1      0.00      0.00   90760   5620   0.14      0.00      0.00      0.00  sysbench
1565363404     0      5835  100.00    0.00    0.00  100.00     1      0.00      0.00   90760   5620   0.14      0.00      0.00      0.00  sysbench
1565363405     0      5835   99.00    0.00    0.00   99.00     1      0.00      0.00   90760   5620   0.14      0.00      0.00      0.00  sysbench

