1565354791     0      2101   97.06    0.00    0.00   97.06     0    141.18      0.00   89728   4560   0.12      0.00      0.00      0.00  sysbench
1565354792     0      2101   94.00    0.00    0.00   94.00     0      2.00      0.00   89728   4560   0.12      0.00      0.00      0.00  sysbench
1565354793     0      2101   97.00    0.00    0.00   97.00     0      0.00      0.00   89728   4560   0.12      0.00      0.00      0.00  sysbench
1565354794     0      2101   97.00    0.00    0.00   97.00     0      0.00      0.00   89728   4560   0.12      0.00      0.00      0.00  sysbench
1565354795     0      2101   97.00    0.00    0.00   97.00     0      0.00      0.00   89728   4560   0.12      0.00      0.00      0.00  sysbench
1565354796     0      2101   98.00    0.00    0.00   98.00     0      0.00      0.00   89728   4560   0.12      0.00      0.00      0.00  sysbench
1565354797     0      2101   97.00    0.00    0.00   97.00     0      0.00      0.00   89728   4560   0.12      0.00      0.00      0.00  sysbench
1565354798     0      2101   96.00    0.00    0.00   96.00     0      0.00      0.00   89728   4560   0.12      0.00      0.00      0.00  sysbench
1565354799     0      2101   97.00    0.00    0.00   97.00     0      0.00      0.00   89728   4560   0.12      0.00      0.00      0.00  sysbench
1565354800     0      2267    2.00    0.00    0.00    2.00     2   1692.00      0.00   89728   4040   0.10      0.00      0.00      0.00  sysbench
1565354801     0      2267   97.00    0.00    0.00   97.00     2    146.00      0.00   89728   4564   0.12      0.00      0.00      0.00  sysbench
1565354802     0      2267   96.00    0.00    0.00   96.00     2      0.00      0.00   89728   4564   0.12      0.00      0.00      0.00  sysbench
1565354803     0      2267   94.00    0.00    0.00   94.00     2      0.00      0.00   89728   4564   0.12      0.00      0.00      0.00  sysbench
1565354804     0      2267   93.00    0.00    0.00   93.00     2      0.00      0.00   89728   4564   0.12      0.00      0.00      0.00  sysbench
1565354805     0      2267   96.00    0.00    0.00   96.00     2      0.00      0.00   89728   4564   0.12      0.00      0.00      0.00  sysbench
1565354806     0      2267   97.03    0.00    0.00   97.03     2      0.00      0.00   89728   4564   0.12      0.00      0.00      0.00  sysbench
1565354807     0      2267   92.00    0.00    0.00   92.00     2      0.00      0.00   89728   4564   0.12      0.00      0.00      0.00  sysbench
1565354808     0      2267   94.00    0.00    0.00   94.00     2      0.00      0.00   89728   4564   0.12      0.00      0.00      0.00  sysbench
1565354809     0      2267   98.00    0.00    0.00   98.00     2      0.00      0.00   89728   4564   0.12      0.00      0.00      0.00  sysbench
1565354810     0      2418    1.00    0.00    0.00    1.00     3   1692.00      0.00   89728   4036   0.10      0.00      0.00      0.00  sysbench
1565354811     0      2418   97.00    0.00    0.00   97.00     3     69.00      0.00   89728   4296   0.11      0.00      0.00      0.00  sysbench
1565354812     0      2418   97.00    0.00    0.00   97.00     3     77.00      0.00   89728   4560   0.12      0.00      0.00      0.00  sysbench
1565354813     0      2418   96.00    0.00    0.00   96.00     3      0.00      0.00   89728   4560   0.12      0.00      0.00      0.00  sysbench
1565354814     0      2418   97.00    0.00    0.00   97.00     3      0.00      0.00   89728   4560   0.12      0.00      0.00      0.00  sysbench
1565354815     0      2418   98.00    0.00    0.00   98.00     3      0.00      0.00   89728   4560   0.12      0.00      0.00      0.00  sysbench
1565354816     0      2418   93.00    0.00    0.00   93.00     3      0.00      0.00   89728   4560   0.12      0.00      0.00      0.00  sysbench
1565354817     0      2418   93.00    0.00    0.00   93.00     3      0.00      0.00   89728   4560   0.12      0.00      0.00      0.00  sysbench
1565354818     0      2418   89.00    0.00    0.00   89.00     3      0.00      0.00   89728   4560   0.12      0.00      0.00      0.00  sysbench
1565354819     0      2418   96.00    0.00    0.00   96.00     3      0.00      0.00   89728   4560   0.12      0.00      0.00      0.00  sysbench
1565354821     0      2584   94.00    0.00    0.00   94.00     2   1693.00      0.00   89728   4036   0.10      0.00      0.00      0.00  sysbench
1565354822     0      2584   89.00    0.00    0.00   89.00     2    144.00      0.00   89728   4560   0.12      0.00      0.00      0.00  sysbench
1565354823     0      2584   92.00    0.00    0.00   92.00     2      0.00      0.00   89728   4560   0.12      0.00      0.00      0.00  sysbench
1565354824     0      2584   92.00    0.00    0.00   92.00     2      0.00      0.00   89728   4560   0.12      0.00      0.00      0.00  sysbench
1565354825     0      2584   96.00    0.00    0.00   96.00     2      0.00      0.00   89728   4560   0.12      0.00      0.00      0.00  sysbench
1565354826     0      2584   98.00    0.00    0.00   98.00     2      0.00      0.00   89728   4560   0.12      0.00      0.00      0.00  sysbench
1565354827     0      2584   97.00    0.00    0.00   97.00     2      0.00      0.00   89728   4560   0.12      0.00      0.00      0.00  sysbench
1565354828     0      2584   97.00    0.00    0.00   97.00     2      0.00      0.00   89728   4560   0.12      0.00      0.00      0.00  sysbench
1565354829     0      2584   94.06    0.00    0.00   94.06     2      0.00      0.00   89728   4560   0.12      0.00      0.00      0.00  sysbench
1565354831     0      2750   92.00    0.00    0.00   92.00     2   1694.00      0.00   89728   4040   0.10      0.00      0.00      0.00  sysbench
1565354832     0      2750   96.00    0.00    0.00   96.00     2    141.00      0.00   89728   4564   0.12      0.00      0.00      0.00  sysbench
1565354833     0      2750   96.00    0.00    0.00   96.00     2      0.00      0.00   89728   4564   0.12      0.00      0.00      0.00  sysbench
1565354834     0      2750   96.00    0.00    0.00   96.00     2      0.00      0.00   89728   4564   0.12      0.00      0.00      0.00  sysbench
1565354835     0      2750   98.00    0.00    0.00   98.00     2      0.00      0.00   89728   4564   0.12      0.00      0.00      0.00  sysbench
1565354836     0      2750   97.00    0.00    0.00   97.00     2      0.00      0.00   89728   4564   0.12      0.00      0.00      0.00  sysbench
1565354837     0      2750   97.00    0.00    0.00   97.00     2      0.00      0.00   89728   4564   0.12      0.00      0.00      0.00  sysbench
1565354838     0      2750   98.00    0.00    0.00   98.00     2      0.00      0.00   89728   4564   0.12      0.00      0.00      0.00  sysbench
1565354839     0      2750   96.00    0.00    0.00   96.00     2      0.00      0.00   89728   4564   0.12      0.00      0.00      0.00  sysbench
1565354840     0      2750   98.00    0.00    0.00   98.00     2      0.00      0.00   89728   4564   0.12      0.00      0.00      0.00  sysbench
1565354841     0      2902   93.00    0.00    0.00   93.00     0   1695.00      0.00   89728   4040   0.10      0.00      0.00      0.00  sysbench
1565354842     0      2902   98.00    0.00    0.00   98.00     0    140.00      0.00   89728   4564   0.12      0.00      0.00      0.00  sysbench
1565354843     0      2902   99.00    0.00    0.00   99.00     0      0.00      0.00   89728   4564   0.12      0.00      0.00      0.00  sysbench
1565354844     0      2902   99.00    0.00    0.00   99.00     0      0.00      0.00   89728   4564   0.12      0.00      0.00      0.00  sysbench
1565354845     0      2902   99.00    0.00    0.00   99.00     0      0.00      0.00   89728   4564   0.12      0.00      0.00      0.00  sysbench
1565354846     0      2902   99.00    0.00    0.00   99.00     0      0.00      0.00   89728   4564   0.12      0.00      0.00      0.00  sysbench
1565354847     0      2902   93.00    0.00    0.00   93.00     0      0.00      0.00   89728   4564   0.12      0.00      0.00      0.00  sysbench
1565354848     0      2902   94.00    0.00    0.00   94.00     0      0.00      0.00   89728   4564   0.12      0.00      0.00      0.00  sysbench
1565354849     0      2902   95.05    0.00    0.00   95.05     0      1.98      0.00   89728   4564   0.12      0.00      0.00      0.00  sysbench
1565354850     0      2902   97.00    0.00    0.00   97.00     0      0.00      0.00   89728   4564   0.12      0.00      0.00      0.00  sysbench
1565354851     0      3068   90.00    0.00    0.00   90.00     2   1694.00      0.00   89728   4040   0.10      0.00      0.00      0.00  sysbench
1565354852     0      3068   98.00    0.00    0.00   98.00     2    143.00      0.00   89728   4564   0.12      0.00      0.00      0.00  sysbench
1565354853     0      3068   98.00    0.00    0.00   98.00     2      0.00      0.00   89728   4564   0.12      0.00      0.00      0.00  sysbench
1565354854     0      3068   96.00    0.00    0.00   96.00     2      0.00      0.00   89728   4564   0.12      0.00      0.00      0.00  sysbench
1565354855     0      3068   94.00    0.00    0.00   94.00     2      0.00      0.00   89728   4564   0.12      0.00      0.00      0.00  sysbench
1565354856     0      3068   97.00    0.00    0.00   97.00     2      0.00      0.00   89728   4564   0.12      0.00      0.00      0.00  sysbench
1565354857     0      3068   97.00    0.00    0.00   97.00     2      0.00      0.00   89728   4564   0.12      0.00      0.00      0.00  sysbench
1565354858     0      3068   98.00    0.00    0.00   98.00     2      0.00      0.00   89728   4564   0.12      0.00      0.00      0.00  sysbench
1565354859     0      3068   97.00    0.00    0.00   97.00     2      0.00      0.00   89728   4564   0.12      0.00      0.00      0.00  sysbench
1565354860     0      3068   99.00    0.00    0.00   99.00     2      0.00      0.00   89728   4564   0.12      0.00      0.00      0.00  sysbench
1565354861     0      3219   94.06    0.00    0.00   94.06     2   1678.22      0.00   89728   4040   0.10      0.00      0.00      0.00  sysbench
1565354862     0      3219   97.00    0.00    0.00   97.00     2    144.00      0.00   89728   4564   0.12      0.00      0.00      0.00  sysbench
1565354863     0      3219   97.00    0.00    0.00   97.00     2      0.00      0.00   89728   4564   0.12      0.00      0.00      0.00  sysbench
1565354864     0      3219   96.00    0.00    0.00   96.00     2      0.00      0.00   89728   4564   0.12      0.00      0.00      0.00  sysbench
1565354865     0      3219   92.00    0.00    0.00   92.00     2      2.00      0.00   89728   4564   0.12      0.00      0.00      0.00  sysbench
1565354866     0      3219   95.00    0.00    0.00   95.00     2      0.00      0.00   89728   4564   0.12      0.00      0.00      0.00  sysbench
1565354867     0      3219   97.00    0.00    0.00   97.00     2      0.00      0.00   89728   4564   0.12      0.00      0.00      0.00  sysbench
1565354868     0      3219   94.00    0.00    0.00   94.00     2      0.00      0.00   89728   4564   0.12      0.00      0.00      0.00  sysbench
1565354869     0      3219   98.02    0.00    0.00   98.02     2      0.00      0.00   89728   4564   0.12      0.00      0.00      0.00  sysbench
1565354870     0      3219   97.00    0.00    0.00   97.00     2      0.00      0.00   89728   4564   0.12      0.00      0.00      0.00  sysbench
1565354871     0      3385   93.00    0.00    0.00   93.00     2   1694.00      0.00   89728   4040   0.10      0.00      0.00      0.00  sysbench
1565354872     0      3385   96.00    0.00    0.00   96.00     2    146.00      0.00   89728   4564   0.12      0.00      0.00      0.00  sysbench
1565354873     0      3385   94.00    0.00    0.00   94.00     2      0.00      0.00   89728   4564   0.12      0.00      0.00      0.00  sysbench
1565354874     0      3385   93.00    0.00    0.00   93.00     2      0.00      0.00   89728   4564   0.12      0.00      0.00      0.00  sysbench
1565354875     0      3385   98.00    0.00    0.00   98.00     2      0.00      0.00   89728   4564   0.12      0.00      0.00      0.00  sysbench
1565354876     0      3385   97.00    0.00    0.00   97.00     2      0.00      0.00   89728   4564   0.12      0.00      0.00      0.00  sysbench
1565354877     0      3385   98.00    0.00    0.00   98.00     2      0.00      0.00   89728   4564   0.12      0.00      0.00      0.00  sysbench
1565354878     0      3385   95.00    0.00    0.00   95.00     2      0.00      0.00   89728   4564   0.12      0.00      0.00      0.00  sysbench
1565354879     0      3385   99.00    0.00    0.00   99.00     2      0.00      0.00   89728   4564   0.12      0.00      0.00      0.00  sysbench
1565354880     0      3385   97.00    0.00    0.00   97.00     2      0.00      0.00   89728   4564   0.12      0.00      0.00      0.00  sysbench
1565354881     0      3536   90.00    0.00    0.00   90.00     0   1696.00      0.00   89728   4036   0.10      0.00      0.00      0.00  sysbench
1565354882     0      3536   97.00    0.00    0.00   97.00     0    143.00      0.00   89728   4560   0.12      0.00      0.00      0.00  sysbench
1565354883     0      3536   97.00    0.00    0.00   97.00     0      0.00      0.00   89728   4560   0.12      0.00      0.00      0.00  sysbench
1565354884     0      3536   95.05    0.00    0.00   95.05     0      0.00      0.00   89728   4560   0.12      0.00      0.00      0.00  sysbench
1565354885     0      3536   95.00    0.00    0.00   95.00     0      0.00      0.00   89728   4560   0.12      0.00      0.00      0.00  sysbench
1565354886     0      3536   92.00    0.00    0.00   92.00     0      0.00      0.00   89728   4560   0.12      0.00      0.00      0.00  sysbench
1565354887     0      3536   96.00    0.00    0.00   96.00     0      0.00      0.00   89728   4560   0.12      0.00      0.00      0.00  sysbench
1565354888     0      3536   97.00    0.00    0.00   97.00     0      0.00      0.00   89728   4560   0.12      0.00      0.00      0.00  sysbench
1565354889     0      3536   96.00    0.00    0.00   96.00     0      0.00      0.00   89728   4560   0.12      0.00      0.00      0.00  sysbench
1565354890     0      3536   97.00    0.00    0.00   97.00     0      0.00      0.00   89728   4560   0.12      0.00      0.00      0.00  sysbench

1565354801     0      2267   98.04    0.00    0.00   98.04     2    143.14      0.00   89728   4564   0.12      0.00      0.00      0.00  sysbench
1565354802     0      2267   95.00    0.00    0.00   95.00     2      0.00      0.00   89728   4564   0.12      0.00      0.00      0.00  sysbench
1565354803     0      2267   95.00    0.00    0.00   95.00     2      0.00      0.00   89728   4564   0.12      0.00      0.00      0.00  sysbench
1565354804     0      2267   92.00    0.00    0.00   92.00     2      0.00      0.00   89728   4564   0.12      0.00      0.00      0.00  sysbench
1565354805     0      2267   96.00    0.00    0.00   96.00     2      0.00      0.00   89728   4564   0.12      0.00      0.00      0.00  sysbench
1565354806     0      2267   97.00    0.00    0.00   97.00     2      0.00      0.00   89728   4564   0.12      0.00      0.00      0.00  sysbench
1565354807     0      2267   93.00    0.00    0.00   93.00     2      0.00      0.00   89728   4564   0.12      0.00      0.00      0.00  sysbench
1565354808     0      2267   94.06    0.00    0.00   94.06     2      0.00      0.00   89728   4564   0.12      0.00      0.00      0.00  sysbench
1565354809     0      2267   98.00    0.00    0.00   98.00     2      0.00      0.00   89728   4564   0.12      0.00      0.00      0.00  sysbench
1565354810     0      2418    2.00    0.00    0.00    2.00     3   1692.00      0.00   89728   4036   0.10      0.00      0.00      0.00  sysbench
1565354811     0      2418   98.00    0.00    0.00   98.00     3    146.00      0.00   89728   4560   0.12      0.00      0.00      0.00  sysbench
1565354812     0      2418   96.00    0.00    0.00   96.00     3      0.00      0.00   89728   4560   0.12      0.00      0.00      0.00  sysbench
1565354813     0      2418   98.00    0.00    0.00   98.00     3      0.00      0.00   89728   4560   0.12      0.00      0.00      0.00  sysbench
1565354814     0      2418   96.00    0.00    0.00   96.00     3      0.00      0.00   89728   4560   0.12      0.00      0.00      0.00  sysbench
1565354815     0      2418   98.00    0.00    0.00   98.00     3      0.00      0.00   89728   4560   0.12      0.00      0.00      0.00  sysbench
1565354816     0      2418   93.00    0.00    0.00   93.00     3      0.00      0.00   89728   4560   0.12      0.00      0.00      0.00  sysbench
1565354817     0      2418   94.00    0.00    0.00   94.00     3      0.00      0.00   89728   4560   0.12      0.00      0.00      0.00  sysbench
1565354818     0      2418   88.00    0.00    0.00   88.00     3      0.00      0.00   89728   4560   0.12      0.00      0.00      0.00  sysbench
1565354819     0      2418   94.06    0.00    0.00   94.06     3      0.00      0.00   89728   4560   0.12      0.00      0.00      0.00  sysbench
1565354820     0      2584    2.00    0.00    0.00    2.00     2   1693.00      0.00   89728   4036   0.10      0.00      0.00      0.00  sysbench
1565354821     0      2584   96.00    0.00    0.00   96.00     2    144.00      0.00   89728   4560   0.12      0.00      0.00      0.00  sysbench
1565354822     0      2584   88.00    0.00    0.00   88.00     2      0.00      0.00   89728   4560   0.12      0.00      0.00      0.00  sysbench
1565354823     0      2584   91.00    0.00    0.00   91.00     2      0.00      0.00   89728   4560   0.12      0.00      0.00      0.00  sysbench
1565354824     0      2584   93.00    0.00    0.00   93.00     2      0.00      0.00   89728   4560   0.12      0.00      0.00      0.00  sysbench
1565354825     0      2584   97.00    0.00    0.00   97.00     2      0.00      0.00   89728   4560   0.12      0.00      0.00      0.00  sysbench
1565354826     0      2584   97.00    0.00    0.00   97.00     2      0.00      0.00   89728   4560   0.12      0.00      0.00      0.00  sysbench
1565354827     0      2584   97.00    0.00    0.00   97.00     2      0.00      0.00   89728   4560   0.12      0.00      0.00      0.00  sysbench
1565354828     0      2584   98.00    0.00    0.00   98.00     2      0.00      0.00   89728   4560   0.12      0.00      0.00      0.00  sysbench
1565354829     0      2584   94.00    0.00    0.00   94.00     2      0.00      0.00   89728   4560   0.12      0.00      0.00      0.00  sysbench
1565354830     0      2750    1.00    0.00    0.00    1.00     2   1692.00      0.00   89728   4040   0.10      0.00      0.00      0.00  sysbench
1565354831     0      2750   93.07    0.00    0.00   93.07     2    139.60      0.00   89728   4564   0.12      0.00      0.00      0.00  sysbench
1565354832     0      2750   97.00    0.00    0.00   97.00     2      2.00      0.00   89728   4564   0.12      0.00      0.00      0.00  sysbench
1565354833     0      2750   95.00    0.00    0.00   95.00     2      0.00      0.00   89728   4564   0.12      0.00      0.00      0.00  sysbench
1565354834     0      2750   96.00    0.00    0.00   96.00     2      0.00      0.00   89728   4564   0.12      0.00      0.00      0.00  sysbench
1565354835     0      2750   97.00    0.00    0.00   97.00     2      0.00      0.00   89728   4564   0.12      0.00      0.00      0.00  sysbench
1565354836     0      2750   98.00    0.00    0.00   98.00     2      0.00      0.00   89728   4564   0.12      0.00      0.00      0.00  sysbench
1565354837     0      2750   97.00    0.00    0.00   97.00     2      0.00      0.00   89728   4564   0.12      0.00      0.00      0.00  sysbench
1565354838     0      2750   98.00    0.00    0.00   98.00     2      0.00      0.00   89728   4564   0.12      0.00      0.00      0.00  sysbench
1565354839     0      2750   96.00    0.00    0.00   96.00     2      0.00      0.00   89728   4564   0.12      0.00      0.00      0.00  sysbench
1565354841     0      2902   96.00    0.00    0.00   96.00     0   1695.00      0.00   89728   4040   0.10      0.00      0.00      0.00  sysbench
1565354842     0      2902   98.00    0.00    0.00   98.00     0    140.00      0.00   89728   4564   0.12      0.00      0.00      0.00  sysbench
1565354843     0      2902  100.00    0.00    0.00  100.00     0      0.00      0.00   89728   4564   0.12      0.00      0.00      0.00  sysbench
1565354844     0      2902   98.00    0.00    0.00   98.00     0      0.00      0.00   89728   4564   0.12      0.00      0.00      0.00  sysbench
1565354845     0      2902   99.00    0.00    0.00   99.00     0      0.00      0.00   89728   4564   0.12      0.00      0.00      0.00  sysbench
1565354846     0      2902   99.00    0.00    0.00   99.00     0      0.00      0.00   89728   4564   0.12      0.00      0.00      0.00  sysbench
1565354847     0      2902   94.00    0.00    0.00   94.00     0      0.00      0.00   89728   4564   0.12      0.00      0.00      0.00  sysbench
1565354848     0      2902   93.00    0.00    0.00   93.00     0      0.00      0.00   89728   4564   0.12      0.00      0.00      0.00  sysbench
1565354849     0      2902   97.00    0.00    0.00   97.00     0      2.00      0.00   89728   4564   0.12      0.00      0.00      0.00  sysbench
1565354851     0      3068   91.09    0.00    0.00   91.09     2   1677.23      0.00   89728   4040   0.10      0.00      0.00      0.00  sysbench
1565354852     0      3068   99.00    0.00    0.00   99.00     2    143.00      0.00   89728   4564   0.12      0.00      0.00      0.00  sysbench
1565354853     0      3068   97.00    0.00    0.00   97.00     2      0.00      0.00   89728   4564   0.12      0.00      0.00      0.00  sysbench
1565354854     0      3068   97.00    0.00    0.00   97.00     2      0.00      0.00   89728   4564   0.12      0.00      0.00      0.00  sysbench
1565354855     0      3068   94.00    0.00    0.00   94.00     2      0.00      0.00   89728   4564   0.12      0.00      0.00      0.00  sysbench
1565354856     0      3068   96.00    0.00    0.00   96.00     2      0.00      0.00   89728   4564   0.12      0.00      0.00      0.00  sysbench
1565354857     0      3068   97.00    0.00    0.00   97.00     2      0.00      0.00   89728   4564   0.12      0.00      0.00      0.00  sysbench
1565354858     0      3068   99.00    0.00    0.00   99.00     2      0.00      0.00   89728   4564   0.12      0.00      0.00      0.00  sysbench
1565354859     0      3068   97.00    0.00    0.00   97.00     2      0.00      0.00   89728   4564   0.12      0.00      0.00      0.00  sysbench
1565354860     0      3068   98.00    0.00    0.00   98.00     2     18.00      0.00   89728   4716   0.12      0.00      0.00      0.00  sysbench
1565354861     0      3219   96.04    0.00    0.00   96.04     2   1678.22      0.00   89728   4040   0.10      0.00      0.00      0.00  sysbench
1565354862     0      3219   97.00    0.00    0.00   97.00     2    144.00      0.00   89728   4564   0.12      0.00      0.00      0.00  sysbench
1565354863     0      3219   98.00    0.00    0.00   98.00     2      0.00      0.00   89728   4564   0.12      0.00      0.00      0.00  sysbench
1565354864     0      3219   96.00    0.00    0.00   96.00     2      0.00      0.00   89728   4564   0.12      0.00      0.00      0.00  sysbench
1565354865     0      3219   91.00    0.00    0.00   91.00     2      2.00      0.00   89728   4564   0.12      0.00      0.00      0.00  sysbench
1565354866     0      3219   95.00    0.00    0.00   95.00     2      0.00      0.00   89728   4564   0.12      0.00      0.00      0.00  sysbench
1565354867     0      3219   98.00    0.00    0.00   98.00     2      0.00      0.00   89728   4564   0.12      0.00      0.00      0.00  sysbench
1565354868     0      3219   94.00    0.00    0.00   94.00     2      0.00      0.00   89728   4564   0.12      0.00      0.00      0.00  sysbench
1565354869     0      3219   98.00    0.00    0.00   98.00     2      0.00      0.00   89728   4564   0.12      0.00      0.00      0.00  sysbench
1565354870     0      3219   97.00    0.00    0.00   97.00     2      0.00      0.00   89728   4564   0.12      0.00      0.00      0.00  sysbench
1565354871     0      3385   95.00    0.00    0.00   95.00     2   1694.00      0.00   89728   4040   0.10      0.00      0.00      0.00  sysbench
1565354872     0      3385   95.05    0.00    0.00   95.05     2    144.55      0.00   89728   4564   0.12      0.00      0.00      0.00  sysbench
1565354873     0      3385   95.00    0.00    0.00   95.00     2      0.00      0.00   89728   4564   0.12      0.00      0.00      0.00  sysbench
1565354874     0      3385   93.00    0.00    0.00   93.00     2      0.00      0.00   89728   4564   0.12      0.00      0.00      0.00  sysbench
1565354875     0      3385   98.00    0.00    0.00   98.00     2      0.00      0.00   89728   4564   0.12      0.00      0.00      0.00  sysbench
1565354876     0      3385   97.00    0.00    0.00   97.00     2      0.00      0.00   89728   4564   0.12      0.00      0.00      0.00  sysbench
1565354877     0      3385   98.00    0.00    0.00   98.00     2      0.00      0.00   89728   4564   0.12      0.00      0.00      0.00  sysbench
1565354878     0      3385   95.00    0.00    0.00   95.00     2      0.00      0.00   89728   4564   0.12      0.00      0.00      0.00  sysbench
1565354879     0      3385   98.00    0.00    0.00   98.00     2      0.00      0.00   89728   4564   0.12      0.00      0.00      0.00  sysbench
1565354880     0      3385   98.00    0.00    0.00   98.00     2      0.00      0.00   89728   4564   0.12      0.00      0.00      0.00  sysbench
1565354881     0      3536   93.00    0.00    0.00   93.00     0   1696.00      0.00   89728   4036   0.10      0.00      0.00      0.00  sysbench
1565354882     0      3536   97.00    0.00    0.00   97.00     0    143.00      0.00   89728   4560   0.12      0.00      0.00      0.00  sysbench
1565354883     0      3536   98.00    0.00    0.00   98.00     0      0.00      0.00   89728   4560   0.12      0.00      0.00      0.00  sysbench
1565354884     0      3536   94.06    0.00    0.00   94.06     0      0.00      0.00   89728   4560   0.12      0.00      0.00      0.00  sysbench
1565354885     0      3536   96.00    0.00    0.00   96.00     0      0.00      0.00   89728   4560   0.12      0.00      0.00      0.00  sysbench
1565354886     0      3536   92.00    0.00    0.00   92.00     0      0.00      0.00   89728   4560   0.12      0.00      0.00      0.00  sysbench
1565354887     0      3536   95.00    0.00    0.00   95.00     0      0.00      0.00   89728   4560   0.12      0.00      0.00      0.00  sysbench
1565354888     0      3536   97.00    0.00    0.00   97.00     0      0.00      0.00   89728   4560   0.12      0.00      0.00      0.00  sysbench
1565354889     0      3536   96.04    0.00    0.00   96.04     0      0.00      0.00   89728   4560   0.12      0.00      0.00      0.00  sysbench
1565354890     0      3536   97.00    0.00    0.00   97.00     0      0.00      0.00   89728   4560   0.12      0.00      0.00      0.00  sysbench

1565354811     0      2418   97.06    0.00    0.00   97.06     3    143.14      0.00   89728   4560   0.12      0.00      0.00      0.00  sysbench
1565354812     0      2418   97.00    0.00    0.00   97.00     3      0.00      0.00   89728   4560   0.12      0.00      0.00      0.00  sysbench
1565354813     0      2418   97.00    0.00    0.00   97.00     3      0.00      0.00   89728   4560   0.12      0.00      0.00      0.00  sysbench
1565354814     0      2418   95.05    0.00    0.00   95.05     3      0.00      0.00   89728   4560   0.12      0.00      0.00      0.00  sysbench
1565354815     0      2418   99.00    0.00    0.00   99.00     3      0.00      0.00   89728   4560   0.12      0.00      0.00      0.00  sysbench
1565354816     0      2418   93.00    0.00    0.00   93.00     3      0.00      0.00   89728   4560   0.12      0.00      0.00      0.00  sysbench
1565354817     0      2418   94.00    0.00    0.00   94.00     3      0.00      0.00   89728   4560   0.12      0.00      0.00      0.00  sysbench
1565354818     0      2418   88.00    0.00    0.00   88.00     3      0.00      0.00   89728   4560   0.12      0.00      0.00      0.00  sysbench
1565354819     0      2418   95.00    0.00    0.00   95.00     3      0.00      0.00   89728   4560   0.12      0.00      0.00      0.00  sysbench
1565354820     0      2584    2.97    0.00    0.00    2.97     2   1676.24      0.00   89728   4036   0.10      0.00      0.00      0.00  sysbench
1565354821     0      2584   95.00    0.00    0.00   95.00     2    144.00      0.00   89728   4560   0.12      0.00      0.00      0.00  sysbench
1565354822     0      2584   89.00    0.00    0.00   89.00     2      0.00      0.00   89728   4560   0.12      0.00      0.00      0.00  sysbench
1565354823     0      2584   91.00    0.00    0.00   91.00     2      0.00      0.00   89728   4560   0.12      0.00      0.00      0.00  sysbench
1565354824     0      2584   93.00    0.00    0.00   93.00     2      0.00      0.00   89728   4560   0.12      0.00      0.00      0.00  sysbench
1565354825     0      2584   97.00    0.00    0.00   97.00     2      0.00      0.00   89728   4560   0.12      0.00      0.00      0.00  sysbench
1565354826     0      2584   97.00    0.00    0.00   97.00     2      0.00      0.00   89728   4560   0.12      0.00      0.00      0.00  sysbench
1565354827     0      2584   97.00    0.00    0.00   97.00     2      0.00      0.00   89728   4560   0.12      0.00      0.00      0.00  sysbench
1565354828     0      2584   98.00    0.00    0.00   98.00     2      0.00      0.00   89728   4560   0.12      0.00      0.00      0.00  sysbench
1565354829     0      2584   94.00    0.00    0.00   94.00     2      0.00      0.00   89728   4560   0.12      0.00      0.00      0.00  sysbench
1565354830     0      2750    2.00    0.00    0.00    2.00     2   1692.00      0.00   89728   4040   0.10      0.00      0.00      0.00  sysbench
1565354831     0      2750   93.07    0.00    0.00   93.07     2    139.60      0.00   89728   4564   0.12      0.00      0.00      0.00  sysbench
1565354832     0      2750   97.00    0.00    0.00   97.00     2      2.00      0.00   89728   4564   0.12      0.00      0.00      0.00  sysbench
1565354833     0      2750   95.00    0.00    0.00   95.00     2      0.00      0.00   89728   4564   0.12      0.00      0.00      0.00  sysbench
1565354834     0      2750   96.00    0.00    0.00   96.00     2      0.00      0.00   89728   4564   0.12      0.00      0.00      0.00  sysbench
1565354835     0      2750   97.00    0.00    0.00   97.00     2      0.00      0.00   89728   4564   0.12      0.00      0.00      0.00  sysbench
1565354836     0      2750   98.00    0.00    0.00   98.00     2      0.00      0.00   89728   4564   0.12      0.00      0.00      0.00  sysbench
1565354837     0      2750   98.00    0.00    0.00   98.00     2      0.00      0.00   89728   4564   0.12      0.00      0.00      0.00  sysbench
1565354838     0      2750   97.00    0.00    0.00   97.00     2      0.00      0.00   89728   4564   0.12      0.00      0.00      0.00  sysbench
1565354839     0      2750   96.00    0.00    0.00   96.00     2      0.00      0.00   89728   4564   0.12      0.00      0.00      0.00  sysbench
1565354840     0      2902    0.00    0.00    0.00    0.00     0   1694.00      0.00   89728   4040   0.10      0.00      0.00      0.00  sysbench
1565354841     0      2902   97.00    0.00    0.00   97.00     0    141.00      0.00   89728   4564   0.12      0.00      0.00      0.00  sysbench
1565354842     0      2902   98.00    0.00    0.00   98.00     0      0.00      0.00   89728   4564   0.12      0.00      0.00      0.00  sysbench
1565354843     0      2902   99.00    0.00    0.00   99.00     0      0.00      0.00   89728   4564   0.12      0.00      0.00      0.00  sysbench
1565354844     0      2902   99.00    0.00    0.00   99.00     0      0.00      0.00   89728   4564   0.12      0.00      0.00      0.00  sysbench
1565354845     0      2902  100.00    0.00    0.00  100.00     0      0.00      0.00   89728   4564   0.12      0.00      0.00      0.00  sysbench
1565354846     0      2902   98.00    0.00    0.00   98.00     0      0.00      0.00   89728   4564   0.12      0.00      0.00      0.00  sysbench
1565354847     0      2902   92.08    0.00    0.00   92.08     0      0.00      0.00   89728   4564   0.12      0.00      0.00      0.00  sysbench
1565354848     0      2902   95.00    0.00    0.00   95.00     0      0.00      0.00   89728   4564   0.12      0.00      0.00      0.00  sysbench
1565354849     0      2902   96.00    0.00    0.00   96.00     0      2.00      0.00   89728   4564   0.12      0.00      0.00      0.00  sysbench
1565354850     0      3068    0.00    0.00    0.00    0.00     2   1691.00      0.00   89728   4040   0.10      0.00      0.00      0.00  sysbench
1565354851     0      3068   94.00    0.00    0.00   94.00     2      3.00      0.00   89728   4040   0.10      0.00      0.00      0.00  sysbench
1565354852     0      3068   98.00    0.00    0.00   98.00     2    143.00      0.00   89728   4564   0.12      0.00      0.00      0.00  sysbench
1565354853     0      3068   97.00    0.00    0.00   97.00     2      0.00      0.00   89728   4564   0.12      0.00      0.00      0.00  sysbench
1565354854     0      3068   97.00    0.00    0.00   97.00     2      0.00      0.00   89728   4564   0.12      0.00      0.00      0.00  sysbench
1565354855     0      3068   94.00    0.00    0.00   94.00     2      0.00      0.00   89728   4564   0.12      0.00      0.00      0.00  sysbench
1565354856     0      3068   96.00    0.00    0.00   96.00     2      0.00      0.00   89728   4564   0.12      0.00      0.00      0.00  sysbench
1565354857     0      3068   97.00    0.00    0.00   97.00     2      0.00      0.00   89728   4564   0.12      0.00      0.00      0.00  sysbench
1565354858     0      3068   99.00    0.00    0.00   99.00     2      0.00      0.00   89728   4564   0.12      0.00      0.00      0.00  sysbench
1565354859     0      3068   97.00    0.00    0.00   97.00     2      0.00      0.00   89728   4564   0.12      0.00      0.00      0.00  sysbench
1565354861     0      3219   98.00    0.00    0.00   98.00     2   1695.00      0.00   89728   4040   0.10      0.00      0.00      0.00  sysbench
1565354862     0      3219   97.00    0.00    0.00   97.00     2    144.00      0.00   89728   4564   0.12      0.00      0.00      0.00  sysbench
1565354863     0      3219   97.00    0.00    0.00   97.00     2      0.00      0.00   89728   4564   0.12      0.00      0.00      0.00  sysbench
1565354864     0      3219   96.00    0.00    0.00   96.00     2      0.00      0.00   89728   4564   0.12      0.00      0.00      0.00  sysbench
1565354865     0      3219   92.00    0.00    0.00   92.00     2      2.00      0.00   89728   4564   0.12      0.00      0.00      0.00  sysbench
1565354866     0      3219   95.05    0.00    0.00   95.05     2      0.00      0.00   89728   4564   0.12      0.00      0.00      0.00  sysbench
1565354867     0      3219   97.00    0.00    0.00   97.00     2      0.00      0.00   89728   4564   0.12      0.00      0.00      0.00  sysbench
1565354868     0      3219   94.00    0.00    0.00   94.00     2      0.00      0.00   89728   4564   0.12      0.00      0.00      0.00  sysbench
1565354869     0      3219   98.00    0.00    0.00   98.00     2      0.00      0.00   89728   4564   0.12      0.00      0.00      0.00  sysbench
1565354870     0      3219   96.00    0.00    0.00   96.00     1     18.00      0.00   89728   4716   0.12      0.00      0.00      0.00  sysbench
1565354871     0      3385   96.00    0.00    0.00   96.00     2   1694.00      0.00   89728   4040   0.10      0.00      0.00      0.00  sysbench
1565354872     0      3385   96.00    0.00    0.00   96.00     2    146.00      0.00   89728   4564   0.12      0.00      0.00      0.00  sysbench
1565354873     0      3385   94.00    0.00    0.00   94.00     2      0.00      0.00   89728   4564   0.12      0.00      0.00      0.00  sysbench
1565354874     0      3385   93.00    0.00    0.00   93.00     2      0.00      0.00   89728   4564   0.12      0.00      0.00      0.00  sysbench
1565354875     0      3385   98.00    0.00    0.00   98.00     2      0.00      0.00   89728   4564   0.12      0.00      0.00      0.00  sysbench
1565354876     0      3385   96.04    0.00    0.00   96.04     2      0.00      0.00   89728   4564   0.12      0.00      0.00      0.00  sysbench
1565354877     0      3385   98.00    0.00    0.00   98.00     2      0.00      0.00   89728   4564   0.12      0.00      0.00      0.00  sysbench
1565354878     0      3385   96.00    0.00    0.00   96.00     2      0.00      0.00   89728   4564   0.12      0.00      0.00      0.00  sysbench
1565354879     0      3385   98.00    0.00    0.00   98.00     2      0.00      0.00   89728   4564   0.12      0.00      0.00      0.00  sysbench
1565354880     0      3385   97.00    0.00    0.00   97.00     2      0.00      0.00   89728   4564   0.12      0.00      0.00      0.00  sysbench
1565354881     0      3536   94.00    0.00    0.00   94.00     0   1696.00      0.00   89728   4036   0.10      0.00      0.00      0.00  sysbench
1565354882     0      3536   96.00    0.00    0.00   96.00     0    143.00      0.00   89728   4560   0.12      0.00      0.00      0.00  sysbench
1565354883     0      3536   98.00    0.00    0.00   98.00     0      0.00      0.00   89728   4560   0.12      0.00      0.00      0.00  sysbench
1565354884     0      3536   95.00    0.00    0.00   95.00     0      0.00      0.00   89728   4560   0.12      0.00      0.00      0.00  sysbench
1565354885     0      3536   96.00    0.00    0.00   96.00     0      0.00      0.00   89728   4560   0.12      0.00      0.00      0.00  sysbench
1565354886     0      3536   92.00    0.00    0.00   92.00     0      0.00      0.00   89728   4560   0.12      0.00      0.00      0.00  sysbench
1565354887     0      3536   95.00    0.00    0.00   95.00     0      0.00      0.00   89728   4560   0.12      0.00      0.00      0.00  sysbench
1565354888     0      3536   97.00    0.00    0.00   97.00     0      0.00      0.00   89728   4560   0.12      0.00      0.00      0.00  sysbench
1565354889     0      3536   96.00    0.00    0.00   96.00     0      0.00      0.00   89728   4560   0.12      0.00      0.00      0.00  sysbench
1565354890     0      3536   97.00    0.00    0.00   97.00     0      0.00      0.00   89728   4560   0.12      0.00      0.00      0.00  sysbench

1565354821     0      2584   95.10    0.00    0.00   95.10     2    141.18      0.00   89728   4560   0.12      0.00      0.00      0.00  sysbench
1565354822     0      2584   88.12    0.00    0.00   88.12     2      0.00      0.00   89728   4560   0.12      0.00      0.00      0.00  sysbench
1565354823     0      2584   92.00    0.00    0.00   92.00     2      0.00      0.00   89728   4560   0.12      0.00      0.00      0.00  sysbench
1565354824     0      2584   92.00    0.00    0.00   92.00     2      0.00      0.00   89728   4560   0.12      0.00      0.00      0.00  sysbench
1565354825     0      2584   97.00    0.00    0.00   97.00     2      0.00      0.00   89728   4560   0.12      0.00      0.00      0.00  sysbench
1565354826     0      2584   98.00    0.00    0.00   98.00     2      0.00      0.00   89728   4560   0.12      0.00      0.00      0.00  sysbench
1565354827     0      2584   97.00    0.00    0.00   97.00     2      0.00      0.00   89728   4560   0.12      0.00      0.00      0.00  sysbench
1565354828     0      2584   98.00    0.00    0.00   98.00     2      0.00      0.00   89728   4560   0.12      0.00      0.00      0.00  sysbench
1565354829     0      2584   94.00    0.00    0.00   94.00     2      0.00      0.00   89728   4560   0.12      0.00      0.00      0.00  sysbench
1565354830     0      2750    2.97    0.00    0.00    2.97     2   1675.25      0.00   89728   4040   0.10      0.00      0.00      0.00  sysbench
1565354831     0      2750   94.00    0.00    0.00   94.00     2    141.00      0.00   89728   4564   0.12      0.00      0.00      0.00  sysbench
1565354832     0      2750   97.00    0.00    0.00   97.00     2      2.00      0.00   89728   4564   0.12      0.00      0.00      0.00  sysbench
1565354833     0      2750   96.00    0.00    0.00   96.00     2      0.00      0.00   89728   4564   0.12      0.00      0.00      0.00  sysbench
1565354834     0      2750   95.00    0.00    0.00   95.00     2      0.00      0.00   89728   4564   0.12      0.00      0.00      0.00  sysbench
1565354835     0      2750   97.00    0.00    0.00   97.00     2      0.00      0.00   89728   4564   0.12      0.00      0.00      0.00  sysbench
1565354836     0      2750   98.00    0.00    0.00   98.00     2      0.00      0.00   89728   4564   0.12      0.00      0.00      0.00  sysbench
1565354837     0      2750   97.00    0.00    0.00   97.00     2      0.00      0.00   89728   4564   0.12      0.00      0.00      0.00  sysbench
1565354838     0      2750   98.00    0.00    0.00   98.00     2      0.00      0.00   89728   4564   0.12      0.00      0.00      0.00  sysbench
1565354839     0      2750   96.00    0.00    0.00   96.00     2      0.00      0.00   89728   4564   0.12      0.00      0.00      0.00  sysbench
1565354840     0      2902    1.00    0.00    0.00    1.00     0   1694.00      0.00   89728   4040   0.10      0.00      0.00      0.00  sysbench
1565354841     0      2902   97.00    0.00    0.00   97.00     0    141.00      0.00   89728   4564   0.12      0.00      0.00      0.00  sysbench
1565354842     0      2902   98.00    0.00    0.00   98.00     0      0.00      0.00   89728   4564   0.12      0.00      0.00      0.00  sysbench
1565354843     0      2902   99.00    0.00    0.00   99.00     0      0.00      0.00   89728   4564   0.12      0.00      0.00      0.00  sysbench
1565354844     0      2902  100.00    0.00    0.00  100.00     0      0.00      0.00   89728   4564   0.12      0.00      0.00      0.00  sysbench
1565354845     0      2902   99.00    0.00    0.00   99.00     0      0.00      0.00   89728   4564   0.12      0.00      0.00      0.00  sysbench
1565354846     0      2902   98.00    0.00    0.00   98.00     0      0.00      0.00   89728   4564   0.12      0.00      0.00      0.00  sysbench
1565354847     0      2902   93.00    0.00    0.00   93.00     0      0.00      0.00   89728   4564   0.12      0.00      0.00      0.00  sysbench
1565354848     0      2902   94.00    0.00    0.00   94.00     0      0.00      0.00   89728   4564   0.12      0.00      0.00      0.00  sysbench
1565354849     0      2902   95.05    0.00    0.00   95.05     0      1.98      0.00   89728   4564   0.12      0.00      0.00      0.00  sysbench
1565354850     0      3068    1.00    0.00    0.00    1.00     2   1693.00      0.00   89728   4040   0.10      0.00      0.00      0.00  sysbench
1565354851     0      3068   94.00    0.00    0.00   94.00     2      1.00      0.00   89728   4040   0.10      0.00      0.00      0.00  sysbench
1565354852     0      3068   98.00    0.00    0.00   98.00     2    143.00      0.00   89728   4564   0.12      0.00      0.00      0.00  sysbench
1565354853     0      3068   97.00    0.00    0.00   97.00     2      0.00      0.00   89728   4564   0.12      0.00      0.00      0.00  sysbench
1565354854     0      3068   97.00    0.00    0.00   97.00     2      0.00      0.00   89728   4564   0.12      0.00      0.00      0.00  sysbench
1565354855     0      3068   94.00    0.00    0.00   94.00     2      0.00      0.00   89728   4564   0.12      0.00      0.00      0.00  sysbench
1565354856     0      3068   97.00    0.00    0.00   97.00     2      0.00      0.00   89728   4564   0.12      0.00      0.00      0.00  sysbench
1565354857     0      3068   96.00    0.00    0.00   96.00     2      0.00      0.00   89728   4564   0.12      0.00      0.00      0.00  sysbench
1565354858     0      3068   99.00    0.00    0.00   99.00     2      0.00      0.00   89728   4564   0.12      0.00      0.00      0.00  sysbench
1565354859     0      3068   97.00    0.00    0.00   97.00     2      0.00      0.00   89728   4564   0.12      0.00      0.00      0.00  sysbench
1565354861     0      3219   99.00    0.00    0.00   99.00     2   1695.00      0.00   89728   4040   0.10      0.00      0.00      0.00  sysbench
1565354862     0      3219   97.00    0.00    0.00   97.00     2    144.00      0.00   89728   4564   0.12      0.00      0.00      0.00  sysbench
1565354863     0      3219   97.00    0.00    0.00   97.00     2      0.00      0.00   89728   4564   0.12      0.00      0.00      0.00  sysbench
1565354864     0      3219   97.00    0.00    0.00   97.00     2      0.00      0.00   89728   4564   0.12      0.00      0.00      0.00  sysbench
1565354865     0      3219   91.00    0.00    0.00   91.00     2      2.00      0.00   89728   4564   0.12      0.00      0.00      0.00  sysbench
1565354866     0      3219   95.00    0.00    0.00   95.00     2      0.00      0.00   89728   4564   0.12      0.00      0.00      0.00  sysbench
1565354867     0      3219   98.00    0.00    0.00   98.00     2      0.00      0.00   89728   4564   0.12      0.00      0.00      0.00  sysbench
1565354868     0      3219   94.00    0.00    0.00   94.00     2      0.00      0.00   89728   4564   0.12      0.00      0.00      0.00  sysbench
1565354869     0      3219   98.02    0.00    0.00   98.02     2      0.00      0.00   89728   4564   0.12      0.00      0.00      0.00  sysbench
1565354871     0      3385   97.00    0.00    0.00   97.00     2   1694.00      0.00   89728   4040   0.10      0.00      0.00      0.00  sysbench
1565354872     0      3385   95.00    0.00    0.00   95.00     2    146.00      0.00   89728   4564   0.12      0.00      0.00      0.00  sysbench
1565354873     0      3385   96.00    0.00    0.00   96.00     2      0.00      0.00   89728   4564   0.12      0.00      0.00      0.00  sysbench
1565354874     0      3385   92.00    0.00    0.00   92.00     2      0.00      0.00   89728   4564   0.12      0.00      0.00      0.00  sysbench
1565354875     0      3385   98.00    0.00    0.00   98.00     2      0.00      0.00   89728   4564   0.12      0.00      0.00      0.00  sysbench
1565354876     0      3385   97.00    0.00    0.00   97.00     2      0.00      0.00   89728   4564   0.12      0.00      0.00      0.00  sysbench
1565354877     0      3385   98.00    0.00    0.00   98.00     2      0.00      0.00   89728   4564   0.12      0.00      0.00      0.00  sysbench
1565354878     0      3385   95.00    0.00    0.00   95.00     2      0.00      0.00   89728   4564   0.12      0.00      0.00      0.00  sysbench
1565354879     0      3385   98.00    0.00    0.00   98.00     2      0.00      0.00   89728   4564   0.12      0.00      0.00      0.00  sysbench
1565354880     0      3385   97.00    0.00    0.00   97.00     2      0.00      0.00   89728   4564   0.12      0.00      0.00      0.00  sysbench
1565354881     0      3536   94.00    0.00    0.00   94.00     0   1696.00      0.00   89728   4036   0.10      0.00      0.00      0.00  sysbench
1565354882     0      3536   96.04    0.00    0.00   96.04     0    141.58      0.00   89728   4560   0.12      0.00      0.00      0.00  sysbench
1565354883     0      3536   98.00    0.00    0.00   98.00     0      0.00      0.00   89728   4560   0.12      0.00      0.00      0.00  sysbench
1565354884     0      3536   95.00    0.00    0.00   95.00     0      0.00      0.00   89728   4560   0.12      0.00      0.00      0.00  sysbench
1565354885     0      3536   95.00    0.00    0.00   95.00     0      0.00      0.00   89728   4560   0.12      0.00      0.00      0.00  sysbench
1565354886     0      3536   92.00    0.00    0.00   92.00     0      0.00      0.00   89728   4560   0.12      0.00      0.00      0.00  sysbench
1565354887     0      3536   96.00    0.00    0.00   96.00     0      0.00      0.00   89728   4560   0.12      0.00      0.00      0.00  sysbench
1565354888     0      3536   98.00    0.00    0.00   98.00     0      0.00      0.00   89728   4560   0.12      0.00      0.00      0.00  sysbench
1565354889     0      3536   95.00    0.00    0.00   95.00     0      0.00      0.00   89728   4560   0.12      0.00      0.00      0.00  sysbench
1565354890     0      3536   97.00    0.00    0.00   97.00     0      0.00      0.00   89728   4560   0.12      0.00      0.00      0.00  sysbench

1565354831     0      2750   92.23    0.00    0.00   92.23     2    136.89      0.00   89728   4564   0.12      0.00      0.00      0.00  sysbench
1565354832     0      2750   98.00    0.00    0.00   98.00     2      2.00      0.00   89728   4564   0.12      0.00      0.00      0.00  sysbench
1565354833     0      2750   96.00    0.00    0.00   96.00     2      0.00      0.00   89728   4564   0.12      0.00      0.00      0.00  sysbench
1565354834     0      2750   95.00    0.00    0.00   95.00     2      0.00      0.00   89728   4564   0.12      0.00      0.00      0.00  sysbench
1565354835     0      2750   97.00    0.00    0.00   97.00     2      0.00      0.00   89728   4564   0.12      0.00      0.00      0.00  sysbench
1565354836     0      2750   98.00    0.00    0.00   98.00     2      0.00      0.00   89728   4564   0.12      0.00      0.00      0.00  sysbench
1565354837     0      2750   97.03    0.00    0.00   97.03     2      0.00      0.00   89728   4564   0.12      0.00      0.00      0.00  sysbench
1565354838     0      2750   97.00    0.00    0.00   97.00     2      0.00      0.00   89728   4564   0.12      0.00      0.00      0.00  sysbench
1565354839     0      2750   97.00    0.00    0.00   97.00     2      0.00      0.00   89728   4564   0.12      0.00      0.00      0.00  sysbench
1565354840     0      2902    3.00    0.00    0.00    3.00     0   1694.00      0.00   89728   4040   0.10      0.00      0.00      0.00  sysbench
1565354841     0      2902   96.00    0.00    0.00   96.00     0    141.00      0.00   89728   4564   0.12      0.00      0.00      0.00  sysbench
1565354842     0      2902   99.00    0.00    0.00   99.00     0      0.00      0.00   89728   4564   0.12      0.00      0.00      0.00  sysbench
1565354843     0      2902  100.00    0.00    0.00  100.00     0      0.00      0.00   89728   4564   0.12      0.00      0.00      0.00  sysbench
1565354844     0      2902   98.00    0.00    0.00   98.00     0      0.00      0.00   89728   4564   0.12      0.00      0.00      0.00  sysbench
1565354845     0      2902  100.00    0.00    0.00  100.00     0      0.00      0.00   89728   4564   0.12      0.00      0.00      0.00  sysbench
1565354846     0      2902   99.00    0.00    0.00   99.00     0      0.00      0.00   89728   4564   0.12      0.00      0.00      0.00  sysbench
1565354847     0      2902   92.00    0.00    0.00   92.00     0      0.00      0.00   89728   4564   0.12      0.00      0.00      0.00  sysbench
1565354848     0      2902   94.00    0.00    0.00   94.00     0      0.00      0.00   89728   4564   0.12      0.00      0.00      0.00  sysbench
1565354849     0      2902   96.00    0.00    0.00   96.00     0      2.00      0.00   89728   4564   0.12      0.00      0.00      0.00  sysbench
1565354850     0      3068    2.97    0.00    0.00    2.97     2   1676.24      0.00   89728   4040   0.10      0.00      0.00      0.00  sysbench
1565354851     0      3068   94.00    0.00    0.00   94.00     2    144.00      0.00   89728   4564   0.12      0.00      0.00      0.00  sysbench
1565354852     0      3068   99.00    0.00    0.00   99.00     2      0.00      0.00   89728   4564   0.12      0.00      0.00      0.00  sysbench
1565354853     0      3068   96.04    0.00    0.00   96.04     2      0.00      0.00   89728   4564   0.12      0.00      0.00      0.00  sysbench
1565354854     0      3068   97.00    0.00    0.00   97.00     2      0.00      0.00   89728   4564   0.12      0.00      0.00      0.00  sysbench
1565354855     0      3068   94.00    0.00    0.00   94.00     2      0.00      0.00   89728   4564   0.12      0.00      0.00      0.00  sysbench
1565354856     0      3068   96.00    0.00    0.00   96.00     2      0.00      0.00   89728   4564   0.12      0.00      0.00      0.00  sysbench
1565354857     0      3068   98.00    0.00    0.00   98.00     2      0.00      0.00   89728   4564   0.12      0.00      0.00      0.00  sysbench
1565354858     0      3068   99.00    0.00    0.00   99.00     2      0.00      0.00   89728   4564   0.12      0.00      0.00      0.00  sysbench
1565354859     0      3068   97.00    0.00    0.00   97.00     2      0.00      0.00   89728   4564   0.12      0.00      0.00      0.00  sysbench
1565354860     0      3219    4.00    0.00    0.00    4.00     2   1695.00      0.00   89728   4040   0.10      0.00      0.00      0.00  sysbench
1565354861     0      3219   97.00    0.00    0.00   97.00     2    144.00      0.00   89728   4564   0.12      0.00      0.00      0.00  sysbench
1565354862     0      3219   98.00    0.00    0.00   98.00     2      0.00      0.00   89728   4564   0.12      0.00      0.00      0.00  sysbench
1565354863     0      3219   97.03    0.00    0.00   97.03     2      0.00      0.00   89728   4564   0.12      0.00      0.00      0.00  sysbench
1565354864     0      3219   96.00    0.00    0.00   96.00     2      0.00      0.00   89728   4564   0.12      0.00      0.00      0.00  sysbench
1565354865     0      3219   91.00    0.00    0.00   91.00     2      2.00      0.00   89728   4564   0.12      0.00      0.00      0.00  sysbench
1565354866     0      3219   96.00    0.00    0.00   96.00     2      0.00      0.00   89728   4564   0.12      0.00      0.00      0.00  sysbench
1565354867     0      3219   98.00    0.00    0.00   98.00     2      0.00      0.00   89728   4564   0.12      0.00      0.00      0.00  sysbench
1565354868     0      3219   94.00    0.00    0.00   94.00     2      0.00      0.00   89728   4564   0.12      0.00      0.00      0.00  sysbench
1565354869     0      3219   97.00    0.00    0.00   97.00     2      0.00      0.00   89728   4564   0.12      0.00      0.00      0.00  sysbench
1565354870     0      3385    2.97    0.00    0.00    2.97     2   1677.23      0.00   89728   4040   0.10      0.00      0.00      0.00  sysbench
1565354871     0      3385   98.00    0.00    0.00   98.00     2    144.00      0.00   89728   4564   0.12      0.00      0.00      0.00  sysbench
1565354872     0      3385   96.00    0.00    0.00   96.00     2      2.00      0.00   89728   4564   0.12      0.00      0.00      0.00  sysbench
1565354873     0      3385   94.00    0.00    0.00   94.00     2      0.00      0.00   89728   4564   0.12      0.00      0.00      0.00  sysbench
1565354874     0      3385   93.00    0.00    0.00   93.00     2      0.00      0.00   89728   4564   0.12      0.00      0.00      0.00  sysbench
1565354875     0      3385   98.00    0.00    0.00   98.00     2      0.00      0.00   89728   4564   0.12      0.00      0.00      0.00  sysbench
1565354876     0      3385   97.00    0.00    0.00   97.00     2      0.00      0.00   89728   4564   0.12      0.00      0.00      0.00  sysbench
1565354877     0      3385   98.00    0.00    0.00   98.00     2      0.00      0.00   89728   4564   0.12      0.00      0.00      0.00  sysbench
1565354878     0      3385   95.00    0.00    0.00   95.00     2      0.00      0.00   89728   4564   0.12      0.00      0.00      0.00  sysbench
1565354879     0      3385   99.00    0.00    0.00   99.00     2      0.00      0.00   89728   4564   0.12      0.00      0.00      0.00  sysbench
1565354880     0      3536    2.97    0.00    0.00    2.97     0   1676.24      0.00   89728   4036   0.10      0.00      0.00      0.00  sysbench
1565354881     0      3536   97.03    0.00    0.00   97.03     0    144.55      0.00   89728   4560   0.12      0.00      0.00      0.00  sysbench
1565354882     0      3536   95.00    0.00    0.00   95.00     0      0.00      0.00   89728   4560   0.12      0.00      0.00      0.00  sysbench
1565354883     0      3536   98.00    0.00    0.00   98.00     0      0.00      0.00   89728   4560   0.12      0.00      0.00      0.00  sysbench
1565354884     0      3536   95.00    0.00    0.00   95.00     0      0.00      0.00   89728   4560   0.12      0.00      0.00      0.00  sysbench
1565354885     0      3536   95.00    0.00    0.00   95.00     0      0.00      0.00   89728   4560   0.12      0.00      0.00      0.00  sysbench
1565354886     0      3536   92.00    0.00    0.00   92.00     0      0.00      0.00   89728   4560   0.12      0.00      0.00      0.00  sysbench
1565354887     0      3536   96.00    0.00    0.00   96.00     0      0.00      0.00   89728   4560   0.12      0.00      0.00      0.00  sysbench
1565354888     0      3536   97.00    0.00    0.00   97.00     0      0.00      0.00   89728   4560   0.12      0.00      0.00      0.00  sysbench
1565354889     0      3536   96.04    0.00    0.00   96.04     0      0.00      0.00   89728   4560   0.12      0.00      0.00      0.00  sysbench

1565354841     0      2902   97.06    0.00    0.00   97.06     0    138.24      0.00   89728   4564   0.12      0.00      0.00      0.00  sysbench
1565354842     0      2902   98.02    0.00    0.00   98.02     0      0.00      0.00   89728   4564   0.12      0.00      0.00      0.00  sysbench
1565354843     0      2902   99.00    0.00    0.00   99.00     0      0.00      0.00   89728   4564   0.12      0.00      0.00      0.00  sysbench
1565354844     0      2902   99.00    0.00    0.00   99.00     0      0.00      0.00   89728   4564   0.12      0.00      0.00      0.00  sysbench
1565354845     0      2902  100.00    0.00    0.00  100.00     0      0.00      0.00   89728   4564   0.12      0.00      0.00      0.00  sysbench
1565354846     0      2902   99.00    0.00    0.00   99.00     0      0.00      0.00   89728   4564   0.12      0.00      0.00      0.00  sysbench
1565354847     0      2902   91.09    0.00    0.00   91.09     0      0.00      0.00   89728   4564   0.12      0.00      0.00      0.00  sysbench
1565354848     0      2902   94.00    0.00    0.00   94.00     0      0.00      0.00   89728   4564   0.12      0.00      0.00      0.00  sysbench
1565354849     0      2902   96.00    0.00    0.00   96.00     0      2.00      0.00   89728   4564   0.12      0.00      0.00      0.00  sysbench
1565354850     0      3068    4.00    0.00    0.00    4.00     2   1693.00      0.00   89728   4040   0.10      0.00      0.00      0.00  sysbench
1565354851     0      3068   94.00    0.00    0.00   94.00     2    144.00      0.00   89728   4564   0.12      0.00      0.00      0.00  sysbench
1565354852     0      3068   98.00    0.00    0.00   98.00     2      0.00      0.00   89728   4564   0.12      0.00      0.00      0.00  sysbench
1565354853     0      3068   97.03    0.00    0.00   97.03     2      0.00      0.00   89728   4564   0.12      0.00      0.00      0.00  sysbench
1565354854     0      3068   97.00    0.00    0.00   97.00     2      0.00      0.00   89728   4564   0.12      0.00      0.00      0.00  sysbench
1565354855     0      3068   93.00    0.00    0.00   93.00     2      0.00      0.00   89728   4564   0.12      0.00      0.00      0.00  sysbench
1565354856     0      3068   97.00    0.00    0.00   97.00     2      0.00      0.00   89728   4564   0.12      0.00      0.00      0.00  sysbench
1565354857     0      3068   97.00    0.00    0.00   97.00     2      0.00      0.00   89728   4564   0.12      0.00      0.00      0.00  sysbench
1565354858     0      3068   99.00    0.00    0.00   99.00     2      0.00      0.00   89728   4564   0.12      0.00      0.00      0.00  sysbench
1565354859     0      3068   97.00    0.00    0.00   97.00     2      0.00      0.00   89728   4564   0.12      0.00      0.00      0.00  sysbench
1565354860     0      3219    4.00    0.00    0.00    4.00     2   1695.00      0.00   89728   4040   0.10      0.00      0.00      0.00  sysbench
1565354861     0      3219   97.00    0.00    0.00   97.00     2    144.00      0.00   89728   4564   0.12      0.00      0.00      0.00  sysbench
1565354862     0      3219   99.00    0.00    0.00   99.00     2      0.00      0.00   89728   4564   0.12      0.00      0.00      0.00  sysbench
1565354863     0      3219   97.03    0.00    0.00   97.03     2      0.00      0.00   89728   4564   0.12      0.00      0.00      0.00  sysbench
1565354864     0      3219   95.00    0.00    0.00   95.00     2      0.00      0.00   89728   4564   0.12      0.00      0.00      0.00  sysbench
1565354865     0      3219   92.00    0.00    0.00   92.00     2      2.00      0.00   89728   4564   0.12      0.00      0.00      0.00  sysbench
1565354866     0      3219   97.00    0.00    0.00   97.00     2      0.00      0.00   89728   4564   0.12      0.00      0.00      0.00  sysbench
1565354867     0      3219   97.00    0.00    0.00   97.00     2      0.00      0.00   89728   4564   0.12      0.00      0.00      0.00  sysbench
1565354868     0      3219   94.00    0.00    0.00   94.00     2      0.00      0.00   89728   4564   0.12      0.00      0.00      0.00  sysbench
1565354869     0      3219   97.03    0.00    0.00   97.03     2      0.00      0.00   89728   4564   0.12      0.00      0.00      0.00  sysbench
1565354870     0      3385    4.00    0.00    0.00    4.00     2   1694.00      0.00   89728   4040   0.10      0.00      0.00      0.00  sysbench
1565354871     0      3385   99.00    0.00    0.00   99.00     2    144.00      0.00   89728   4564   0.12      0.00      0.00      0.00  sysbench
1565354872     0      3385   94.06    0.00    0.00   94.06     2      1.98      0.00   89728   4564   0.12      0.00      0.00      0.00  sysbench
1565354873     0      3385   94.00    0.00    0.00   94.00     2      0.00      0.00   89728   4564   0.12      0.00      0.00      0.00  sysbench
1565354874     0      3385   94.00    0.00    0.00   94.00     2      0.00      0.00   89728   4564   0.12      0.00      0.00      0.00  sysbench
1565354875     0      3385   97.00    0.00    0.00   97.00     2      0.00      0.00   89728   4564   0.12      0.00      0.00      0.00  sysbench
1565354876     0      3385   98.00    0.00    0.00   98.00     2      0.00      0.00   89728   4564   0.12      0.00      0.00      0.00  sysbench
1565354877     0      3385   97.00    0.00    0.00   97.00     2      0.00      0.00   89728   4564   0.12      0.00      0.00      0.00  sysbench
1565354878     0      3385   96.00    0.00    0.00   96.00     2      0.00      0.00   89728   4564   0.12      0.00      0.00      0.00  sysbench
1565354879     0      3385   98.00    0.00    0.00   98.00     2      0.00      0.00   89728   4564   0.12      0.00      0.00      0.00  sysbench
1565354880     0      3536    3.00    0.00    0.00    3.00     0   1693.00      0.00   89728   4036   0.10      0.00      0.00      0.00  sysbench
1565354881     0      3536   96.04    0.00    0.00   96.04     0    144.55      0.00   89728   4560   0.12      0.00      0.00      0.00  sysbench
1565354882     0      3536   97.00    0.00    0.00   97.00     0      0.00      0.00   89728   4560   0.12      0.00      0.00      0.00  sysbench
1565354883     0      3536   97.03    0.00    0.00   97.03     0      0.00      0.00   89728   4560   0.12      0.00      0.00      0.00  sysbench
1565354884     0      3536   95.00    0.00    0.00   95.00     0      0.00      0.00   89728   4560   0.12      0.00      0.00      0.00  sysbench
1565354885     0      3536   95.00    0.00    0.00   95.00     0      0.00      0.00   89728   4560   0.12      0.00      0.00      0.00  sysbench
1565354886     0      3536   93.00    0.00    0.00   93.00     0      0.00      0.00   89728   4560   0.12      0.00      0.00      0.00  sysbench
1565354887     0      3536   95.00    0.00    0.00   95.00     0      0.00      0.00   89728   4560   0.12      0.00      0.00      0.00  sysbench
1565354888     0      3536   98.00    0.00    0.00   98.00     0      0.00      0.00   89728   4560   0.12      0.00      0.00      0.00  sysbench
1565354889     0      3536   96.00    0.00    0.00   96.00     0      0.00      0.00   89728   4560   0.12      0.00      0.00      0.00  sysbench

1565354851     0      3068   95.10    0.00    0.00   95.10     2    141.18      0.00   89728   4564   0.12      0.00      0.00      0.00  sysbench
1565354852     0      3068   97.00    0.00    0.00   97.00     2      0.00      0.00   89728   4564   0.12      0.00      0.00      0.00  sysbench
1565354853     0      3068   98.00    0.00    0.00   98.00     2      0.00      0.00   89728   4564   0.12      0.00      0.00      0.00  sysbench
1565354854     0      3068   96.00    0.00    0.00   96.00     2      0.00      0.00   89728   4564   0.12      0.00      0.00      0.00  sysbench
1565354855     0      3068   94.00    0.00    0.00   94.00     2      0.00      0.00   89728   4564   0.12      0.00      0.00      0.00  sysbench
1565354856     0      3068   97.00    0.00    0.00   97.00     2      0.00      0.00   89728   4564   0.12      0.00      0.00      0.00  sysbench
1565354857     0      3068   97.00    0.00    0.00   97.00     2      0.00      0.00   89728   4564   0.12      0.00      0.00      0.00  sysbench
1565354858     0      3068   98.00    0.00    0.00   98.00     2      0.00      0.00   89728   4564   0.12      0.00      0.00      0.00  sysbench
1565354859     0      3068   98.00    0.00    0.00   98.00     2      0.00      0.00   89728   4564   0.12      0.00      0.00      0.00  sysbench
1565354860     0      3219    2.97    0.00    0.00    2.97     2   1678.22      0.00   89728   4040   0.10      0.00      0.00      0.00  sysbench
1565354861     0      3219   98.00    0.00    0.00   98.00     2    144.00      0.00   89728   4564   0.12      0.00      0.00      0.00  sysbench
1565354862     0      3219   97.00    0.00    0.00   97.00     2      0.00      0.00   89728   4564   0.12      0.00      0.00      0.00  sysbench
1565354863     0      3219   98.00    0.00    0.00   98.00     2      0.00      0.00   89728   4564   0.12      0.00      0.00      0.00  sysbench
1565354864     0      3219   96.00    0.00    0.00   96.00     2      0.00      0.00   89728   4564   0.12      0.00      0.00      0.00  sysbench
1565354865     0      3219   91.00    0.00    0.00   91.00     2      2.00      0.00   89728   4564   0.12      0.00      0.00      0.00  sysbench
1565354866     0      3219   96.00    0.00    0.00   96.00     2      0.00      0.00   89728   4564   0.12      0.00      0.00      0.00  sysbench
1565354867     0      3219   97.00    0.00    0.00   97.00     2      0.00      0.00   89728   4564   0.12      0.00      0.00      0.00  sysbench
1565354868     0      3219   94.00    0.00    0.00   94.00     2      0.00      0.00   89728   4564   0.12      0.00      0.00      0.00  sysbench
1565354869     0      3219  100.00    0.00    0.00  100.00     2      0.00      0.00   89728   4564   0.12      0.00      0.00      0.00  sysbench
1565354870     0      3385    2.00    0.00    0.00    2.00     2   1694.00      0.00   89728   4040   0.10      0.00      0.00      0.00  sysbench
1565354871     0      3385   98.00    0.00    0.00   98.00     2    144.00      0.00   89728   4564   0.12      0.00      0.00      0.00  sysbench
1565354872     0      3385   95.00    0.00    0.00   95.00     2      2.00      0.00   89728   4564   0.12      0.00      0.00      0.00  sysbench
1565354873     0      3385   95.00    0.00    0.00   95.00     2      0.00      0.00   89728   4564   0.12      0.00      0.00      0.00  sysbench
1565354874     0      3385   92.08    0.00    0.00   92.08     2      0.00      0.00   89728   4564   0.12      0.00      0.00      0.00  sysbench
1565354875     0      3385   97.00    0.00    0.00   97.00     2      0.00      0.00   89728   4564   0.12      0.00      0.00      0.00  sysbench
1565354876     0      3385   97.00    0.00    0.00   97.00     2      0.00      0.00   89728   4564   0.12      0.00      0.00      0.00  sysbench
1565354877     0      3385   98.00    0.00    0.00   98.00     2      0.00      0.00   89728   4564   0.12      0.00      0.00      0.00  sysbench
1565354878     0      3385   96.00    0.00    0.00   96.00     2      0.00      0.00   89728   4564   0.12      0.00      0.00      0.00  sysbench
1565354879     0      3385   98.00    0.00    0.00   98.00     2      0.00      0.00   89728   4564   0.12      0.00      0.00      0.00  sysbench
1565354880     0      3536    1.00    0.00    0.00    1.00     0   1693.00      0.00   89728   4036   0.10      0.00      0.00      0.00  sysbench
1565354881     0      3536   96.00    0.00    0.00   96.00     0    146.00      0.00   89728   4560   0.12      0.00      0.00      0.00  sysbench
1565354882     0      3536   96.00    0.00    0.00   96.00     0      0.00      0.00   89728   4560   0.12      0.00      0.00      0.00  sysbench
1565354883     0      3536   98.00    0.00    0.00   98.00     0      0.00      0.00   89728   4560   0.12      0.00      0.00      0.00  sysbench
1565354884     0      3536   95.00    0.00    0.00   95.00     0      0.00      0.00   89728   4560   0.12      0.00      0.00      0.00  sysbench
1565354885     0      3536   96.00    0.00    0.00   96.00     0      0.00      0.00   89728   4560   0.12      0.00      0.00      0.00  sysbench
1565354886     0      3536   91.00    0.00    0.00   91.00     0      0.00      0.00   89728   4560   0.12      0.00      0.00      0.00  sysbench
1565354887     0      3536   96.00    0.00    0.00   96.00     0      0.00      0.00   89728   4560   0.12      0.00      0.00      0.00  sysbench
1565354888     0      3536   97.00    0.00    0.00   97.00     0      0.00      0.00   89728   4560   0.12      0.00      0.00      0.00  sysbench
1565354889     0      3536   95.05    0.00    0.00   95.05     0      0.00      0.00   89728   4560   0.12      0.00      0.00      0.00  sysbench

1565354861     0      3219   98.04    0.00    0.00   98.04     2    141.18      0.00   89728   4564   0.12      0.00      0.00      0.00  sysbench
1565354862     0      3219   97.03    0.00    0.00   97.03     2      0.00      0.00   89728   4564   0.12      0.00      0.00      0.00  sysbench
1565354863     0      3219   99.00    0.00    0.00   99.00     2      0.00      0.00   89728   4564   0.12      0.00      0.00      0.00  sysbench
1565354864     0      3219   95.00    0.00    0.00   95.00     2      0.00      0.00   89728   4564   0.12      0.00      0.00      0.00  sysbench
1565354865     0      3219   91.00    0.00    0.00   91.00     2      2.00      0.00   89728   4564   0.12      0.00      0.00      0.00  sysbench
1565354866     0      3219   97.00    0.00    0.00   97.00     2      0.00      0.00   89728   4564   0.12      0.00      0.00      0.00  sysbench
1565354867     0      3219   96.04    0.00    0.00   96.04     2      0.00      0.00   89728   4564   0.12      0.00      0.00      0.00  sysbench
1565354868     0      3219   94.00    0.00    0.00   94.00     2      0.00      0.00   89728   4564   0.12      0.00      0.00      0.00  sysbench
1565354869     0      3219   98.00    0.00    0.00   98.00     2      0.00      0.00   89728   4564   0.12      0.00      0.00      0.00  sysbench
1565354870     0      3385    3.00    0.00    0.00    3.00     2   1694.00      0.00   89728   4040   0.10      0.00      0.00      0.00  sysbench
1565354871     0      3385   99.00    0.00    0.00   99.00     2    144.00      0.00   89728   4564   0.12      0.00      0.00      0.00  sysbench
1565354872     0      3385   95.00    0.00    0.00   95.00     2      2.00      0.00   89728   4564   0.12      0.00      0.00      0.00  sysbench
1565354873     0      3385   94.06    0.00    0.00   94.06     2      0.00      0.00   89728   4564   0.12      0.00      0.00      0.00  sysbench
1565354874     0      3385   93.00    0.00    0.00   93.00     2      0.00      0.00   89728   4564   0.12      0.00      0.00      0.00  sysbench
1565354875     0      3385   97.00    0.00    0.00   97.00     2      0.00      0.00   89728   4564   0.12      0.00      0.00      0.00  sysbench
1565354876     0      3385   98.00    0.00    0.00   98.00     2      0.00      0.00   89728   4564   0.12      0.00      0.00      0.00  sysbench
1565354877     0      3385   98.00    0.00    0.00   98.00     2      0.00      0.00   89728   4564   0.12      0.00      0.00      0.00  sysbench
1565354878     0      3385   95.00    0.00    0.00   95.00     2      0.00      0.00   89728   4564   0.12      0.00      0.00      0.00  sysbench
1565354879     0      3385   99.00    0.00    0.00   99.00     2      0.00      0.00   89728   4564   0.12      0.00      0.00      0.00  sysbench
1565354880     0      3536    3.00    0.00    0.00    3.00     0   1693.00      0.00   89728   4036   0.10      0.00      0.00      0.00  sysbench
1565354881     0      3536   95.00    0.00    0.00   95.00     0    146.00      0.00   89728   4560   0.12      0.00      0.00      0.00  sysbench
1565354882     0      3536   97.00    0.00    0.00   97.00     0      0.00      0.00   89728   4560   0.12      0.00      0.00      0.00  sysbench
1565354883     0      3536   99.00    0.00    0.00   99.00     0      0.00      0.00   89728   4560   0.12      0.00      0.00      0.00  sysbench
1565354884     0      3536   94.00    0.00    0.00   94.00     0      0.00      0.00   89728   4560   0.12      0.00      0.00      0.00  sysbench
1565354885     0      3536   95.00    0.00    0.00   95.00     0      0.00      0.00   89728   4560   0.12      0.00      0.00      0.00  sysbench
1565354886     0      3536   93.00    0.00    0.00   93.00     0      0.00      0.00   89728   4560   0.12      0.00      0.00      0.00  sysbench
1565354887     0      3536   95.00    0.00    0.00   95.00     0      0.00      0.00   89728   4560   0.12      0.00      0.00      0.00  sysbench
1565354888     0      3536   97.00    0.00    0.00   97.00     0      0.00      0.00   89728   4560   0.12      0.00      0.00      0.00  sysbench
1565354889     0      3536   95.05    0.00    0.00   95.05     0      0.00      0.00   89728   4560   0.12      0.00      0.00      0.00  sysbench

1565354871     0      3385   98.04    0.00    0.00   98.04     2    141.18      0.00   89728   4564   0.12      0.00      0.00      0.00  sysbench
1565354872     0      3385   96.00    0.00    0.00   96.00     2      2.00      0.00   89728   4564   0.12      0.00      0.00      0.00  sysbench
1565354873     0      3385   95.00    0.00    0.00   95.00     2      0.00      0.00   89728   4564   0.12      0.00      0.00      0.00  sysbench
1565354874     0      3385   92.00    0.00    0.00   92.00     2      0.00      0.00   89728   4564   0.12      0.00      0.00      0.00  sysbench
1565354875     0      3385   97.00    0.00    0.00   97.00     2      0.00      0.00   89728   4564   0.12      0.00      0.00      0.00  sysbench
1565354876     0      3385   98.00    0.00    0.00   98.00     2      0.00      0.00   89728   4564   0.12      0.00      0.00      0.00  sysbench
1565354877     0      3385   98.00    0.00    0.00   98.00     2      0.00      0.00   89728   4564   0.12      0.00      0.00      0.00  sysbench
1565354878     0      3385   95.00    0.00    0.00   95.00     2      0.00      0.00   89728   4564   0.12      0.00      0.00      0.00  sysbench
1565354879     0      3385   98.00    0.00    0.00   98.00     2      0.00      0.00   89728   4564   0.12      0.00      0.00      0.00  sysbench
1565354880     0      3536    2.00    0.00    0.00    2.00     0   1693.00      0.00   89728   4036   0.10      0.00      0.00      0.00  sysbench
1565354881     0      3536   96.00    0.00    0.00   96.00     0    146.00      0.00   89728   4560   0.12      0.00      0.00      0.00  sysbench
1565354882     0      3536   96.00    0.00    0.00   96.00     0      0.00      0.00   89728   4560   0.12      0.00      0.00      0.00  sysbench
1565354883     0      3536   99.00    0.00    0.00   99.00     0      0.00      0.00   89728   4560   0.12      0.00      0.00      0.00  sysbench
1565354884     0      3536   94.00    0.00    0.00   94.00     0      0.00      0.00   89728   4560   0.12      0.00      0.00      0.00  sysbench
1565354885     0      3536   95.00    0.00    0.00   95.00     0      0.00      0.00   89728   4560   0.12      0.00      0.00      0.00  sysbench
1565354886     0      3536   93.00    0.00    0.00   93.00     0      0.00      0.00   89728   4560   0.12      0.00      0.00      0.00  sysbench
1565354887     0      3536   95.00    0.00    0.00   95.00     0      0.00      0.00   89728   4560   0.12      0.00      0.00      0.00  sysbench
1565354888     0      3536   97.03    0.00    0.00   97.03     0      0.00      0.00   89728   4560   0.12      0.00      0.00      0.00  sysbench
1565354889     0      3536   95.00    0.00    0.00   95.00     0      0.00      0.00   89728   4560   0.12      0.00      0.00      0.00  sysbench

1565354881     0      3536   96.08    0.00    0.00   96.08     0    143.14      0.00   89728   4560   0.12      0.00      0.00      0.00  sysbench
1565354882     0      3536   97.00    0.00    0.00   97.00     0      0.00      0.00   89728   4560   0.12      0.00      0.00      0.00  sysbench
1565354883     0      3536   97.00    0.00    0.00   97.00     0      0.00      0.00   89728   4560   0.12      0.00      0.00      0.00  sysbench
1565354884     0      3536   95.00    0.00    0.00   95.00     0      0.00      0.00   89728   4560   0.12      0.00      0.00      0.00  sysbench
1565354885     0      3536   94.06    0.00    0.00   94.06     0      0.00      0.00   89728   4560   0.12      0.00      0.00      0.00  sysbench
1565354886     0      3536   92.00    0.00    0.00   92.00     0      0.00      0.00   89728   4560   0.12      0.00      0.00      0.00  sysbench
1565354887     0      3536   96.00    0.00    0.00   96.00     0      0.00      0.00   89728   4560   0.12      0.00      0.00      0.00  sysbench
1565354888     0      3536   98.00    0.00    0.00   98.00     0      0.00      0.00   89728   4560   0.12      0.00      0.00      0.00  sysbench
1565354889     0      3536   96.00    0.00    0.00   96.00     0      0.00      0.00   89728   4560   0.12      0.00      0.00      0.00  sysbench

