1565606137     0     29573  100.00    0.00    0.00  100.00     2    202.94      0.00   91784   6676   0.17      0.00      0.00      0.00  sysbench
1565606138     0     29573  100.00    0.00    0.00  100.00     2      1.00      0.00   91784   6676   0.17      0.00      0.00      0.00  sysbench
1565606139     0     29573   99.00    0.00    0.00   99.00     2      0.00      0.00   91784   6676   0.17      0.00      0.00      0.00  sysbench
1565606140     0     29573  100.00    0.00    0.00  100.00     2      1.00      0.00   91784   6676   0.17      0.00      0.00      0.00  sysbench
1565606141     0     29573  100.00    0.00    0.00  100.00     2      0.00      0.00   91784   6676   0.17      0.00      0.00      0.00  sysbench
1565606142     0     29573  100.00    0.00    0.00  100.00     2      0.00      0.00   91784   6676   0.17      0.00      0.00      0.00  sysbench
1565606143     0     29573  100.00    0.00    0.00  100.00     2      0.00      0.00   91784   6676   0.17      0.00      0.00      0.00  sysbench
1565606144     0     29573  100.00    0.00    0.00  100.00     2      1.00      0.00   91784   6676   0.17      0.00      0.00      0.00  sysbench
1565606145     0     29573  100.00    0.00    0.00  100.00     2      0.00      0.00   91784   6676   0.17      0.00      0.00      0.00  sysbench
1565606146     0     29739    2.00    1.00    0.00    3.00     0   2147.00      0.00   91784   5888   0.15      0.00      0.00      0.00  sysbench
1565606147     0     29739  100.00    0.00    0.00  100.00     0    200.00      0.00   91784   6676   0.17      0.00      0.00      0.00  sysbench
1565606148     0     29739  100.00    0.00    0.00  100.00     0      1.00      0.00   91784   6676   0.17      0.00      0.00      0.00  sysbench
1565606149     0     29739  100.00    0.00    0.00  100.00     0      0.00      0.00   91784   6676   0.17      0.00      0.00      0.00  sysbench
1565606150     0     29739  100.00    0.00    0.00  100.00     0      0.00      0.00   91784   6676   0.17      0.00      0.00      0.00  sysbench
1565606151     0     29739  100.00    0.00    0.00  100.00     0      0.00      0.00   91784   6676   0.17      0.00      0.00      0.00  sysbench
1565606152     0     29739  100.00    0.00    0.00  100.00     0      0.00      0.00   91784   6676   0.17      0.00      0.00      0.00  sysbench
1565606153     0     29739   98.02    0.00    0.00   98.02     0      0.00      0.00   91784   6676   0.17      0.00      0.00      0.00  sysbench
1565606154     0     29739  100.00    0.00    0.00  100.00     0      0.00      0.00   91784   6676   0.17      0.00      0.00      0.00  sysbench
1565606155     0     29739  100.00    0.00    0.00  100.00     0      0.00      0.00   91784   6676   0.17      0.00      0.00      0.00  sysbench
1565606156     0     29890    1.00    0.00    0.00    1.00     3   2102.00      0.00   91784   5628   0.15      0.00      0.00      0.00  sysbench
1565606157     0     29890  100.00    0.00    0.00  100.00     3    102.00      0.00   91784   6152   0.16      0.00      0.00      0.00  sysbench
1565606158     0     29890   99.00    0.00    0.00   99.00     3    144.00      0.00   91784   6676   0.17      0.00      0.00      0.00  sysbench
1565606159     0     29890  100.00    0.00    0.00  100.00     3      0.00      0.00   91784   6676   0.17      0.00      0.00      0.00  sysbench
1565606160     0     29890  100.00    0.00    0.00  100.00     3      0.00      0.00   91784   6676   0.17      0.00      0.00      0.00  sysbench
1565606161     0     29890  100.00    0.00    0.00  100.00     3      0.00      0.00   91784   6676   0.17      0.00      0.00      0.00  sysbench
1565606162     0     29890  100.00    0.00    0.00  100.00     3      0.00      0.00   91784   6676   0.17      0.00      0.00      0.00  sysbench
1565606163     0     29890  100.00    0.00    0.00  100.00     3      1.00      0.00   91784   6676   0.17      0.00      0.00      0.00  sysbench
1565606164     0     29890  100.00    0.00    0.00  100.00     3      0.00      0.00   91784   6676   0.17      0.00      0.00      0.00  sysbench
1565606165     0     29890   99.00    0.00    0.00   99.00     3      0.00      0.00   91784   6676   0.17      0.00      0.00      0.00  sysbench
1565606166     0     29890  100.00    0.00    0.00  100.00     1     58.00      0.00       0      0   0.00      0.00      0.00      0.00  sysbench
1565606167     0     30056   99.00    0.00    0.00   99.00     2   2205.00      0.00   91784   6148   0.16      0.00      0.00      0.00  sysbench
1565606168     0     30056  100.00    0.00    0.00  100.00     2    145.00      0.00   91784   6672   0.17      0.00      0.00      0.00  sysbench
1565606169     0     30056  100.00    0.00    0.00  100.00     2      1.00      0.00   91784   6672   0.17      0.00      0.00      0.00  sysbench
1565606170     0     30056   99.00    0.00    0.00   99.00     2      0.00      0.00   91784   6672   0.17      0.00      0.00      0.00  sysbench
1565606171     0     30056  100.00    0.00    0.00  100.00     2      1.00      0.00   91784   6672   0.17      0.00      0.00      0.00  sysbench
1565606172     0     30056  100.00    0.00    0.00  100.00     2      0.00      0.00   91784   6672   0.17      0.00      0.00      0.00  sysbench
1565606173     0     30056  100.00    0.00    0.00  100.00     2      0.00      0.00   91784   6672   0.17      0.00      0.00      0.00  sysbench
1565606174     0     30056  100.00    0.00    0.00  100.00     2      0.00      0.00   91784   6672   0.17      0.00      0.00      0.00  sysbench
1565606175     0     30056   99.00    0.00    0.00   99.00     2      0.00      0.00   91784   6672   0.17      0.00      0.00      0.00  sysbench
1565606176     0     30056   99.00    0.00    0.00   99.00     2      0.00      0.00   91784   6672   0.17      0.00      0.00      0.00  sysbench
1565606177     0     30223   98.00    0.00    0.00   98.00     3   2204.00      0.00   91784   6152   0.16      0.00      0.00      0.00  sysbench
1565606178     0     30223  100.00    0.00    0.00  100.00     3    144.00      0.00   91784   6676   0.17      0.00      0.00      0.00  sysbench
1565606179     0     30223  100.00    0.00    0.00  100.00     3      1.00      0.00   91784   6676   0.17      0.00      0.00      0.00  sysbench
1565606180     0     30223   99.00    0.00    0.00   99.00     3      0.00      0.00   91784   6676   0.17      0.00      0.00      0.00  sysbench
1565606181     0     30223  100.00    0.00    0.00  100.00     3      1.00      0.00   91784   6676   0.17      0.00      0.00      0.00  sysbench
1565606182     0     30223   99.00    0.00    0.00   99.00     3      0.00      0.00   91784   6676   0.17      0.00      0.00      0.00  sysbench
1565606183     0     30223  100.00    0.00    0.00  100.00     3      1.00      0.00   91784   6676   0.17      0.00      0.00      0.00  sysbench
1565606184     0     30223  100.00    0.00    0.00  100.00     3      0.00      0.00   91784   6676   0.17      0.00      0.00      0.00  sysbench
1565606185     0     30223  100.00    0.00    0.00  100.00     3      0.00      0.00   91784   6676   0.17      0.00      0.00      0.00  sysbench
1565606186     0     30223   99.00    0.00    0.00   99.00     3      0.00      0.00   91784   6676   0.17      0.00      0.00      0.00  sysbench
1565606187     0     30389   96.00    0.00    0.00   96.00     3   2205.00      0.00   91784   6152   0.16      0.00      0.00      0.00  sysbench
1565606188     0     30389   99.00    0.00    0.00   99.00     3    141.00      0.00   91784   6676   0.17      0.00      0.00      0.00  sysbench
1565606189     0     30389  100.00    0.00    0.00  100.00     3      0.00      0.00   91784   6676   0.17      0.00      0.00      0.00  sysbench
1565606190     0     30389  100.00    0.00    0.00  100.00     3      0.00      0.00   91784   6676   0.17      0.00      0.00      0.00  sysbench
1565606191     0     30389  100.00    0.00    0.00  100.00     3      1.00      0.00   91784   6676   0.17      0.00      0.00      0.00  sysbench
1565606192     0     30389  100.00    0.00    0.00  100.00     3      1.00      0.00   91784   6676   0.17      0.00      0.00      0.00  sysbench
1565606193     0     30389  100.00    0.00    0.00  100.00     3      0.00      0.00   91784   6676   0.17      0.00      0.00      0.00  sysbench
1565606194     0     30389  100.00    0.00    0.00  100.00     3      1.00      0.00   91784   6676   0.17      0.00      0.00      0.00  sysbench
1565606195     0     30389   99.00    0.00    0.00   99.00     3      0.00      0.00   91784   6676   0.17      0.00      0.00      0.00  sysbench
1565606196     0     30389  100.00    0.00    0.00  100.00     3      0.00      0.00   91784   6676   0.17      0.00      0.00      0.00  sysbench
1565606197     0     30555   94.00    0.00    0.00   94.00     1   2202.00      0.00   91784   6148   0.16      0.00      0.00      0.00  sysbench
1565606198     0     30555   99.01    0.00    0.00   99.01     1    143.56      0.00   91784   6672   0.17      0.00      0.00      0.00  sysbench
1565606199     0     30555  100.00    0.00    0.00  100.00     1      0.00      0.00   91784   6672   0.17      0.00      0.00      0.00  sysbench
1565606200     0     30555  100.00    0.00    0.00  100.00     1      1.00      0.00   91784   6672   0.17      0.00      0.00      0.00  sysbench
1565606201     0     30555  100.00    0.00    0.00  100.00     1      0.00      0.00   91784   6672   0.17      0.00      0.00      0.00  sysbench
1565606202     0     30555  100.00    0.00    0.00  100.00     1      1.00      0.00   91784   6672   0.17      0.00      0.00      0.00  sysbench
1565606203     0     30555  100.00    0.00    0.00  100.00     1      0.00      0.00   91784   6672   0.17      0.00      0.00      0.00  sysbench
1565606204     0     30555  100.00    0.00    0.00  100.00     1      0.00      0.00   91784   6672   0.17      0.00      0.00      0.00  sysbench
1565606205     0     30555  100.00    0.00    0.00  100.00     1      0.00      0.00   91784   6672   0.17      0.00      0.00      0.00  sysbench
1565606206     0     30555  100.00    0.00    0.00  100.00     1      0.00      0.00   91784   6672   0.17      0.00      0.00      0.00  sysbench
1565606207     0     30706   93.00    0.00    0.00   93.00     3   2204.00      0.00   91784   6148   0.16      0.00      0.00      0.00  sysbench
1565606208     0     30706  100.00    0.00    0.00  100.00     3    145.00      0.00   91784   6672   0.17      0.00      0.00      0.00  sysbench
1565606209     0     30706  100.00    0.00    0.00  100.00     3      0.00      0.00   91784   6672   0.17      0.00      0.00      0.00  sysbench
1565606210     0     30706   99.00    0.00    0.00   99.00     3      0.00      0.00   91784   6672   0.17      0.00      0.00      0.00  sysbench
1565606211     0     30706  100.00    0.00    0.00  100.00     3      0.00      0.00   91784   6672   0.17      0.00      0.00      0.00  sysbench
1565606212     0     30706   99.00    0.00    0.00   99.00     3      0.00      0.00   91784   6672   0.17      0.00      0.00      0.00  sysbench
1565606213     0     30706  100.00    0.00    0.00  100.00     3      1.00      0.00   91784   6672   0.17      0.00      0.00      0.00  sysbench
1565606214     0     30706  100.00    0.00    0.00  100.00     3      0.00      0.00   91784   6672   0.17      0.00      0.00      0.00  sysbench
1565606215     0     30706  100.00    0.00    0.00  100.00     3      0.00      0.00   91784   6672   0.17      0.00      0.00      0.00  sysbench
1565606216     0     30706  100.00    0.00    0.00  100.00     3      1.00      0.00   91784   6672   0.17      0.00      0.00      0.00  sysbench
1565606217     0     30872   91.00    0.00    0.00   91.00     3   2205.00      0.00   91784   6148   0.16      0.00      0.00      0.00  sysbench
1565606218     0     30872   99.00    0.00    0.00   99.00     3    144.00      0.00   91784   6672   0.17      0.00      0.00      0.00  sysbench
1565606219     0     30872   99.00    0.00    0.00   99.00     3      1.00      0.00   91784   6672   0.17      0.00      0.00      0.00  sysbench
1565606220     0     30872  100.00    0.00    0.00  100.00     3      3.00      0.00   91784   6672   0.17      0.00      0.00      0.00  sysbench
1565606221     0     30872   99.00    0.00    0.00   99.00     3      0.00      0.00   91784   6672   0.17      0.00      0.00      0.00  sysbench
1565606222     0     30872  100.00    0.00    0.00  100.00     3      0.00      0.00   91784   6672   0.17      0.00      0.00      0.00  sysbench
1565606223     0     30872  100.00    0.00    0.00  100.00     3      0.00      0.00   91784   6672   0.17      0.00      0.00      0.00  sysbench
1565606224     0     30872   99.00    0.00    0.00   99.00     3      0.00      0.00   91784   6672   0.17      0.00      0.00      0.00  sysbench
1565606225     0     30872  100.00    0.00    0.00  100.00     3      0.00      0.00   91784   6672   0.17      0.00      0.00      0.00  sysbench
1565606226     0     30872  100.00    0.00    0.00  100.00     3      0.00      0.00   91784   6672   0.17      0.00      0.00      0.00  sysbench
1565606227     0     31038   88.00    0.00    0.00   88.00     1   2203.00      0.00   91784   6148   0.16      0.00      0.00      0.00  sysbench
1565606228     0     31038  100.00    0.00    0.00  100.00     1    141.00      0.00   91784   6672   0.17      0.00      0.00      0.00  sysbench
1565606229     0     31038   99.00    0.00    0.00   99.00     1      0.00      0.00   91784   6672   0.17      0.00      0.00      0.00  sysbench
1565606230     0     31038  100.00    0.00    0.00  100.00     1      0.00      0.00   91784   6672   0.17      0.00      0.00      0.00  sysbench
1565606231     0     31038  100.00    0.00    0.00  100.00     1      3.00      0.00   91784   6672   0.17      0.00      0.00      0.00  sysbench
1565606232     0     31038   99.00    0.00    0.00   99.00     1      0.00      0.00   91784   6672   0.17      0.00      0.00      0.00  sysbench
1565606233     0     31038  100.00    0.00    0.00  100.00     1      0.00      0.00   91784   6672   0.17      0.00      0.00      0.00  sysbench
1565606234     0     31038  100.00    0.00    0.00  100.00     1      1.00      0.00   91784   6672   0.17      0.00      0.00      0.00  sysbench
1565606235     0     31038  100.00    0.00    0.00  100.00     1      0.00      0.00   91784   6672   0.17      0.00      0.00      0.00  sysbench
1565606236     0     31038  100.00    0.00    0.00  100.00     1      0.00      0.00   91784   6672   0.17      0.00      0.00      0.00  sysbench

1565606147     0     29739  100.00    0.00    0.00  100.00     0    222.77      0.00   91784   6676   0.17      0.00      0.00      0.00  sysbench
1565606148     0     29739  100.00    0.00    0.00  100.00     0      1.00      0.00   91784   6676   0.17      0.00      0.00      0.00  sysbench
1565606149     0     29739  100.00    0.00    0.00  100.00     0      0.00      0.00   91784   6676   0.17      0.00      0.00      0.00  sysbench
1565606150     0     29739  100.00    0.00    0.00  100.00     0      0.00      0.00   91784   6676   0.17      0.00      0.00      0.00  sysbench
1565606151     0     29739  100.00    0.00    0.00  100.00     0      0.00      0.00   91784   6676   0.17      0.00      0.00      0.00  sysbench
1565606152     0     29739  100.00    0.00    0.00  100.00     0      0.00      0.00   91784   6676   0.17      0.00      0.00      0.00  sysbench
1565606153     0     29739  100.00    0.00    0.00  100.00     0      0.00      0.00   91784   6676   0.17      0.00      0.00      0.00  sysbench
1565606154     0     29739  100.00    0.00    0.00  100.00     0      0.00      0.00   91784   6676   0.17      0.00      0.00      0.00  sysbench
1565606155     0     29739  100.00    0.00    0.00  100.00     0      0.00      0.00   91784   6676   0.17      0.00      0.00      0.00  sysbench
1565606156     0     29890    1.00    0.00    0.00    1.00     3   2122.00      0.00   91784   5628   0.15      0.00      0.00      0.00  sysbench
1565606157     0     29890  100.00    0.00    0.00  100.00     3    226.00      0.00   91784   6676   0.17      0.00      0.00      0.00  sysbench
1565606158     0     29890   99.00    0.00    0.00   99.00     3      0.00      0.00   91784   6676   0.17      0.00      0.00      0.00  sysbench
1565606159     0     29890   99.01    0.00    0.00   99.01     3      0.00      0.00   91784   6676   0.17      0.00      0.00      0.00  sysbench
1565606160     0     29890  100.00    0.00    0.00  100.00     3      0.00      0.00   91784   6676   0.17      0.00      0.00      0.00  sysbench
1565606161     0     29890  100.00    0.00    0.00  100.00     3      0.00      0.00   91784   6676   0.17      0.00      0.00      0.00  sysbench
1565606162     0     29890  100.00    0.00    0.00  100.00     3      1.00      0.00   91784   6676   0.17      0.00      0.00      0.00  sysbench
1565606163     0     29890  100.00    0.00    0.00  100.00     3      0.00      0.00   91784   6676   0.17      0.00      0.00      0.00  sysbench
1565606164     0     29890  100.00    0.00    0.00  100.00     3      0.00      0.00   91784   6676   0.17      0.00      0.00      0.00  sysbench
1565606165     0     29890  100.00    0.00    0.00  100.00     3      0.00      0.00   91784   6676   0.17      0.00      0.00      0.00  sysbench
1565606167     0     30056   99.00    0.00    0.00   99.00     2   2205.00      0.00   91784   6148   0.16      0.00      0.00      0.00  sysbench
1565606168     0     30056  100.00    0.00    0.00  100.00     2    145.00      0.00   91784   6672   0.17      0.00      0.00      0.00  sysbench
1565606169     0     30056  100.00    0.00    0.00  100.00     2      1.00      0.00   91784   6672   0.17      0.00      0.00      0.00  sysbench
1565606170     0     30056  100.00    0.00    0.00  100.00     2      0.00      0.00   91784   6672   0.17      0.00      0.00      0.00  sysbench
1565606171     0     30056  100.00    0.00    0.00  100.00     2      1.00      0.00   91784   6672   0.17      0.00      0.00      0.00  sysbench
1565606172     0     30056  100.00    0.00    0.00  100.00     2      0.00      0.00   91784   6672   0.17      0.00      0.00      0.00  sysbench
1565606173     0     30056   99.00    0.00    0.00   99.00     2      0.00      0.00   91784   6672   0.17      0.00      0.00      0.00  sysbench
1565606174     0     30056  100.00    0.00    0.00  100.00     2      0.00      0.00   91784   6672   0.17      0.00      0.00      0.00  sysbench
1565606175     0     30056  100.00    0.00    0.00  100.00     2      0.00      0.00   91784   6672   0.17      0.00      0.00      0.00  sysbench
1565606176     0     30056  100.00    0.00    0.00  100.00     2     18.00      0.00   91784   6828   0.18      0.00      0.00      0.00  sysbench
1565606177     0     30223   98.00    0.00    0.00   98.00     3   2204.00      0.00   91784   6152   0.16      0.00      0.00      0.00  sysbench
1565606178     0     30223  100.00    0.00    0.00  100.00     3    144.00      0.00   91784   6676   0.17      0.00      0.00      0.00  sysbench
1565606179     0     30223  100.00    0.00    0.00  100.00     3      1.00      0.00   91784   6676   0.17      0.00      0.00      0.00  sysbench
1565606180     0     30223  100.00    0.00    0.00  100.00     3      0.00      0.00   91784   6676   0.17      0.00      0.00      0.00  sysbench
1565606181     0     30223  100.00    0.00    0.00  100.00     3      1.00      0.00   91784   6676   0.17      0.00      0.00      0.00  sysbench
1565606182     0     30223  100.00    0.00    0.00  100.00     3      0.00      0.00   91784   6676   0.17      0.00      0.00      0.00  sysbench
1565606183     0     30223  100.00    0.00    0.00  100.00     3      1.00      0.00   91784   6676   0.17      0.00      0.00      0.00  sysbench
1565606184     0     30223   99.00    0.00    0.00   99.00     3      0.00      0.00   91784   6676   0.17      0.00      0.00      0.00  sysbench
1565606185     0     30223  100.00    0.00    0.00  100.00     3      0.00      0.00   91784   6676   0.17      0.00      0.00      0.00  sysbench
1565606186     0     30223  100.00    0.00    0.00  100.00     3      0.00      0.00   91784   6676   0.17      0.00      0.00      0.00  sysbench
1565606187     0     30389   97.00    0.00    0.00   97.00     3   2205.00      0.00   91784   6152   0.16      0.00      0.00      0.00  sysbench
1565606188     0     30389   99.00    0.00    0.00   99.00     3    141.00      0.00   91784   6676   0.17      0.00      0.00      0.00  sysbench
1565606189     0     30389  100.00    0.00    0.00  100.00     3      0.00      0.00   91784   6676   0.17      0.00      0.00      0.00  sysbench
1565606190     0     30389  100.00    0.00    0.00  100.00     3      0.00      0.00   91784   6676   0.17      0.00      0.00      0.00  sysbench
1565606191     0     30389  100.00    0.00    0.00  100.00     3      1.00      0.00   91784   6676   0.17      0.00      0.00      0.00  sysbench
1565606192     0     30389  100.00    0.00    0.00  100.00     3      1.00      0.00   91784   6676   0.17      0.00      0.00      0.00  sysbench
1565606193     0     30389  100.00    0.00    0.00  100.00     3      0.00      0.00   91784   6676   0.17      0.00      0.00      0.00  sysbench
1565606194     0     30389  100.00    0.00    0.00  100.00     3      1.00      0.00   91784   6676   0.17      0.00      0.00      0.00  sysbench
1565606195     0     30389  100.00    0.00    0.00  100.00     3      0.00      0.00   91784   6676   0.17      0.00      0.00      0.00  sysbench
1565606196     0     30389  100.00    0.00    0.00  100.00     3      0.00      0.00   91784   6676   0.17      0.00      0.00      0.00  sysbench
1565606197     0     30555   96.00    0.00    0.00   96.00     1   2202.00      0.00   91784   6148   0.16      0.00      0.00      0.00  sysbench
1565606198     0     30555   99.00    0.00    0.00   99.00     1    145.00      0.00   91784   6672   0.17      0.00      0.00      0.00  sysbench
1565606199     0     30555  100.00    0.00    0.00  100.00     1      0.00      0.00   91784   6672   0.17      0.00      0.00      0.00  sysbench
1565606200     0     30555   99.00    0.00    0.00   99.00     1      1.00      0.00   91784   6672   0.17      0.00      0.00      0.00  sysbench
1565606201     0     30555  100.00    0.00    0.00  100.00     1      0.00      0.00   91784   6672   0.17      0.00      0.00      0.00  sysbench
1565606202     0     30555  100.00    0.00    0.00  100.00     1      1.00      0.00   91784   6672   0.17      0.00      0.00      0.00  sysbench
1565606203     0     30555  100.00    0.00    0.00  100.00     1      0.00      0.00   91784   6672   0.17      0.00      0.00      0.00  sysbench
1565606204     0     30555  100.00    0.00    0.00  100.00     1      0.00      0.00   91784   6672   0.17      0.00      0.00      0.00  sysbench
1565606205     0     30555  100.00    0.00    0.00  100.00     1      0.00      0.00   91784   6672   0.17      0.00      0.00      0.00  sysbench
1565606206     0     30555  100.00    0.00    0.00  100.00     1      0.00      0.00   91784   6672   0.17      0.00      0.00      0.00  sysbench
1565606207     0     30706   93.00    0.00    0.00   93.00     3   2204.00      0.00   91784   6148   0.16      0.00      0.00      0.00  sysbench
1565606208     0     30706  100.00    0.00    0.00  100.00     3    145.00      0.00   91784   6672   0.17      0.00      0.00      0.00  sysbench
1565606209     0     30706  100.00    0.00    0.00  100.00     3      0.00      0.00   91784   6672   0.17      0.00      0.00      0.00  sysbench
1565606210     0     30706   99.00    0.00    0.00   99.00     3      0.00      0.00   91784   6672   0.17      0.00      0.00      0.00  sysbench
1565606211     0     30706  100.00    0.00    0.00  100.00     3      0.00      0.00   91784   6672   0.17      0.00      0.00      0.00  sysbench
1565606212     0     30706  100.00    0.00    0.00  100.00     3      0.00      0.00   91784   6672   0.17      0.00      0.00      0.00  sysbench
1565606213     0     30706  100.00    0.00    0.00  100.00     3      1.00      0.00   91784   6672   0.17      0.00      0.00      0.00  sysbench
1565606214     0     30706  100.00    0.00    0.00  100.00     3      0.00      0.00   91784   6672   0.17      0.00      0.00      0.00  sysbench
1565606215     0     30706  100.00    0.00    0.00  100.00     3      0.00      0.00   91784   6672   0.17      0.00      0.00      0.00  sysbench
1565606216     0     30706  100.00    0.00    0.00  100.00     3      1.00      0.00   91784   6672   0.17      0.00      0.00      0.00  sysbench
1565606217     0     30872   91.00    0.00    0.00   91.00     3   2205.00      0.00   91784   6148   0.16      0.00      0.00      0.00  sysbench
1565606218     0     30872  100.00    0.00    0.00  100.00     3    144.00      0.00   91784   6672   0.17      0.00      0.00      0.00  sysbench
1565606219     0     30872   99.00    0.00    0.00   99.00     3      1.00      0.00   91784   6672   0.17      0.00      0.00      0.00  sysbench
1565606220     0     30872  100.00    0.00    0.00  100.00     3      3.00      0.00   91784   6672   0.17      0.00      0.00      0.00  sysbench
1565606221     0     30872   99.00    0.00    0.00   99.00     3      0.00      0.00   91784   6672   0.17      0.00      0.00      0.00  sysbench
1565606222     0     30872  100.00    0.00    0.00  100.00     3      0.00      0.00   91784   6672   0.17      0.00      0.00      0.00  sysbench
1565606223     0     30872  100.00    0.00    0.00  100.00     3      0.00      0.00   91784   6672   0.17      0.00      0.00      0.00  sysbench
1565606224     0     30872   99.00    0.00    0.00   99.00     3      0.00      0.00   91784   6672   0.17      0.00      0.00      0.00  sysbench
1565606225     0     30872  100.00    0.00    0.00  100.00     3      0.00      0.00   91784   6672   0.17      0.00      0.00      0.00  sysbench
1565606226     0     30872  100.00    0.00    0.00  100.00     3      0.00      0.00   91784   6672   0.17      0.00      0.00      0.00  sysbench
1565606227     0     31038   90.00    0.00    0.00   90.00     1   2203.00      0.00   91784   6148   0.16      0.00      0.00      0.00  sysbench
1565606228     0     31038   99.00    0.00    0.00   99.00     1    141.00      0.00   91784   6672   0.17      0.00      0.00      0.00  sysbench
1565606229     0     31038  100.00    0.00    0.00  100.00     1      0.00      0.00   91784   6672   0.17      0.00      0.00      0.00  sysbench
1565606230     0     31038  100.00    0.00    0.00  100.00     1      0.00      0.00   91784   6672   0.17      0.00      0.00      0.00  sysbench
1565606231     0     31038   99.00    0.00    0.00   99.00     1      3.00      0.00   91784   6672   0.17      0.00      0.00      0.00  sysbench
1565606232     0     31038  100.00    0.00    0.00  100.00     1      0.00      0.00   91784   6672   0.17      0.00      0.00      0.00  sysbench
1565606233     0     31038  100.00    0.00    0.00  100.00     1      0.00      0.00   91784   6672   0.17      0.00      0.00      0.00  sysbench
1565606234     0     31038  100.00    0.00    0.00  100.00     1      1.00      0.00   91784   6672   0.17      0.00      0.00      0.00  sysbench
1565606235     0     31038  100.00    0.00    0.00  100.00     1      0.00      0.00   91784   6672   0.17      0.00      0.00      0.00  sysbench
1565606236     0     31038  100.00    0.00    0.00  100.00     1      0.00      0.00   91784   6672   0.17      0.00      0.00      0.00  sysbench

1565606157     0     29890  100.00    0.00    0.00  100.00     3    193.07      0.00   91784   6676   0.17      0.00      0.00      0.00  sysbench
1565606158     0     29890  100.00    0.00    0.00  100.00     3      0.00      0.00   91784   6676   0.17      0.00      0.00      0.00  sysbench
1565606159     0     29890  100.00    0.00    0.00  100.00     3      0.00      0.00   91784   6676   0.17      0.00      0.00      0.00  sysbench
1565606160     0     29890  100.00    0.00    0.00  100.00     3      0.00      0.00   91784   6676   0.17      0.00      0.00      0.00  sysbench
1565606161     0     29890  100.00    0.00    0.00  100.00     3      0.00      0.00   91784   6676   0.17      0.00      0.00      0.00  sysbench
1565606162     0     29890   99.01    0.00    0.00   99.01     3      0.99      0.00   91784   6676   0.17      0.00      0.00      0.00  sysbench
1565606163     0     29890  100.00    0.00    0.00  100.00     3      0.00      0.00   91784   6676   0.17      0.00      0.00      0.00  sysbench
1565606164     0     29890   99.00    0.00    0.00   99.00     3      0.00      0.00   91784   6676   0.17      0.00      0.00      0.00  sysbench
1565606165     0     29890  100.00    0.00    0.00  100.00     3      0.00      0.00   91784   6676   0.17      0.00      0.00      0.00  sysbench
1565606166     0     30056    1.00    0.00    0.00    1.00     2   2131.00      0.00   91784   5624   0.14      0.00      0.00      0.00  sysbench
1565606167     0     30056  100.00    0.00    0.00  100.00     2    219.00      0.00   91784   6672   0.17      0.00      0.00      0.00  sysbench
1565606168     0     30056  100.00    0.00    0.00  100.00     2      0.00      0.00   91784   6672   0.17      0.00      0.00      0.00  sysbench
1565606169     0     30056  100.00    0.00    0.00  100.00     2      1.00      0.00   91784   6672   0.17      0.00      0.00      0.00  sysbench
1565606170     0     30056   99.00    0.00    0.00   99.00     2      1.00      0.00   91784   6672   0.17      0.00      0.00      0.00  sysbench
1565606171     0     30056  100.00    0.00    0.00  100.00     2      0.00      0.00   91784   6672   0.17      0.00      0.00      0.00  sysbench
1565606172     0     30056  100.00    0.00    0.00  100.00     2      0.00      0.00   91784   6672   0.17      0.00      0.00      0.00  sysbench
1565606173     0     30056  100.00    0.00    0.00  100.00     2      0.00      0.00   91784   6672   0.17      0.00      0.00      0.00  sysbench
1565606174     0     30056   99.00    0.00    0.00   99.00     2      0.00      0.00   91784   6672   0.17      0.00      0.00      0.00  sysbench
1565606175     0     30056  100.00    0.00    0.00  100.00     2      0.00      0.00   91784   6672   0.17      0.00      0.00      0.00  sysbench
1565606176     0     30223    0.00    0.00    0.00    0.00     3   2095.00      0.00   91784   5628   0.15      0.00      0.00      0.00  sysbench
1565606177     0     30223  100.00    0.00    0.00  100.00     3    253.00      0.00   91784   6676   0.17      0.00      0.00      0.00  sysbench
1565606178     0     30223  100.00    0.00    0.00  100.00     3      1.00      0.00   91784   6676   0.17      0.00      0.00      0.00  sysbench
1565606179     0     30223  100.00    0.00    0.00  100.00     3      0.00      0.00   91784   6676   0.17      0.00      0.00      0.00  sysbench
1565606180     0     30223  100.00    0.00    0.00  100.00     3      1.00      0.00   91784   6676   0.17      0.00      0.00      0.00  sysbench
1565606181     0     30223  100.00    0.00    0.00  100.00     3      0.00      0.00   91784   6676   0.17      0.00      0.00      0.00  sysbench
1565606182     0     30223   99.01    0.00    0.00   99.01     3      0.00      0.00   91784   6676   0.17      0.00      0.00      0.00  sysbench
1565606183     0     30223  100.00    0.00    0.00  100.00     3      1.00      0.00   91784   6676   0.17      0.00      0.00      0.00  sysbench
1565606184     0     30223   99.00    0.00    0.00   99.00     3      0.00      0.00   91784   6676   0.17      0.00      0.00      0.00  sysbench
1565606185     0     30223  100.00    0.00    0.00  100.00     3      0.00      0.00   91784   6676   0.17      0.00      0.00      0.00  sysbench
1565606187     0     30389   98.00    0.00    0.00   98.00     3   2205.00      0.00   91784   6152   0.16      0.00      0.00      0.00  sysbench
1565606188     0     30389  100.00    0.00    0.00  100.00     3    141.00      0.00   91784   6676   0.17      0.00      0.00      0.00  sysbench
1565606189     0     30389  100.00    0.00    0.00  100.00     3      0.00      0.00   91784   6676   0.17      0.00      0.00      0.00  sysbench
1565606190     0     30389  100.00    0.00    0.00  100.00     3      0.00      0.00   91784   6676   0.17      0.00      0.00      0.00  sysbench
1565606191     0     30389  100.00    0.00    0.00  100.00     3      1.00      0.00   91784   6676   0.17      0.00      0.00      0.00  sysbench
1565606192     0     30389  100.00    0.00    0.00  100.00     3      1.00      0.00   91784   6676   0.17      0.00      0.00      0.00  sysbench
1565606193     0     30389  100.00    0.00    0.00  100.00     3      0.00      0.00   91784   6676   0.17      0.00      0.00      0.00  sysbench
1565606194     0     30389  100.00    0.00    0.00  100.00     3      1.00      0.00   91784   6676   0.17      0.00      0.00      0.00  sysbench
1565606195     0     30389  100.00    0.00    0.00  100.00     3      0.00      0.00   91784   6676   0.17      0.00      0.00      0.00  sysbench
1565606196     0     30389  100.00    0.00    0.00  100.00     3      0.00      0.00   91784   6676   0.17      0.00      0.00      0.00  sysbench
1565606197     0     30555   97.00    0.00    0.00   97.00     1   2202.00      0.00   91784   6148   0.16      0.00      0.00      0.00  sysbench
1565606198     0     30555  100.00    0.00    0.00  100.00     1    145.00      0.00   91784   6672   0.17      0.00      0.00      0.00  sysbench
1565606199     0     30555  100.00    0.00    0.00  100.00     1      0.00      0.00   91784   6672   0.17      0.00      0.00      0.00  sysbench
1565606200     0     30555  100.00    0.00    0.00  100.00     1      1.00      0.00   91784   6672   0.17      0.00      0.00      0.00  sysbench
1565606201     0     30555  100.00    0.00    0.00  100.00     1      0.00      0.00   91784   6672   0.17      0.00      0.00      0.00  sysbench
1565606202     0     30555  100.00    0.00    0.00  100.00     1      1.00      0.00   91784   6672   0.17      0.00      0.00      0.00  sysbench
1565606203     0     30555  100.00    0.00    0.00  100.00     1      0.00      0.00   91784   6672   0.17      0.00      0.00      0.00  sysbench
1565606204     0     30555  100.00    0.00    0.00  100.00     1      0.00      0.00   91784   6672   0.17      0.00      0.00      0.00  sysbench
1565606205     0     30555  100.00    0.00    0.00  100.00     1      0.00      0.00   91784   6672   0.17      0.00      0.00      0.00  sysbench
1565606206     0     30555  100.00    0.00    0.00  100.00     1      0.00      0.00   91784   6672   0.17      0.00      0.00      0.00  sysbench
1565606207     0     30706   96.00    0.00    0.00   96.00     3   2204.00      0.00   91784   6148   0.16      0.00      0.00      0.00  sysbench
1565606208     0     30706  100.00    0.00    0.00  100.00     3    145.00      0.00   91784   6672   0.17      0.00      0.00      0.00  sysbench
1565606209     0     30706  100.00    0.00    0.00  100.00     3      0.00      0.00   91784   6672   0.17      0.00      0.00      0.00  sysbench
1565606210     0     30706   99.00    0.00    0.00   99.00     3      0.00      0.00   91784   6672   0.17      0.00      0.00      0.00  sysbench
1565606211     0     30706  100.00    0.00    0.00  100.00     3      0.00      0.00   91784   6672   0.17      0.00      0.00      0.00  sysbench
1565606212     0     30706  100.00    0.00    0.00  100.00     3      0.00      0.00   91784   6672   0.17      0.00      0.00      0.00  sysbench
1565606213     0     30706  100.00    0.00    0.00  100.00     3      1.00      0.00   91784   6672   0.17      0.00      0.00      0.00  sysbench
1565606214     0     30706  100.00    0.00    0.00  100.00     3      0.00      0.00   91784   6672   0.17      0.00      0.00      0.00  sysbench
1565606215     0     30706  100.00    0.00    0.00  100.00     3      0.00      0.00   91784   6672   0.17      0.00      0.00      0.00  sysbench
1565606216     0     30706  100.00    0.00    0.00  100.00     3      1.00      0.00   91784   6672   0.17      0.00      0.00      0.00  sysbench
1565606217     0     30872   94.00    0.00    0.00   94.00     3   2205.00      0.00   91784   6148   0.16      0.00      0.00      0.00  sysbench
1565606218     0     30872   99.00    0.00    0.00   99.00     3    144.00      0.00   91784   6672   0.17      0.00      0.00      0.00  sysbench
1565606219     0     30872  100.00    0.00    0.00  100.00     3      1.00      0.00   91784   6672   0.17      0.00      0.00      0.00  sysbench
1565606220     0     30872  100.00    0.00    0.00  100.00     3      3.00      0.00   91784   6672   0.17      0.00      0.00      0.00  sysbench
1565606221     0     30872  100.00    0.00    0.00  100.00     3      0.00      0.00   91784   6672   0.17      0.00      0.00      0.00  sysbench
1565606222     0     30872  100.00    0.00    0.00  100.00     3      0.00      0.00   91784   6672   0.17      0.00      0.00      0.00  sysbench
1565606223     0     30872   99.01    0.00    0.00   99.01     3      0.00      0.00   91784   6672   0.17      0.00      0.00      0.00  sysbench
1565606224     0     30872   99.00    0.00    0.00   99.00     3      0.00      0.00   91784   6672   0.17      0.00      0.00      0.00  sysbench
1565606225     0     30872  100.00    0.00    0.00  100.00     3      0.00      0.00   91784   6672   0.17      0.00      0.00      0.00  sysbench
1565606226     0     30872   99.00    0.00    0.00   99.00     3      0.00      0.00   91784   6672   0.17      0.00      0.00      0.00  sysbench
1565606227     0     31038   92.00    0.00    0.00   92.00     1   2203.00      0.00   91784   6148   0.16      0.00      0.00      0.00  sysbench
1565606228     0     31038  100.00    0.00    0.00  100.00     1    141.00      0.00   91784   6672   0.17      0.00      0.00      0.00  sysbench
1565606229     0     31038   99.00    0.00    0.00   99.00     1      0.00      0.00   91784   6672   0.17      0.00      0.00      0.00  sysbench
1565606230     0     31038  100.00    0.00    0.00  100.00     1      0.00      0.00   91784   6672   0.17      0.00      0.00      0.00  sysbench
1565606231     0     31038  100.00    0.00    0.00  100.00     1      3.00      0.00   91784   6672   0.17      0.00      0.00      0.00  sysbench
1565606232     0     31038  100.00    0.00    0.00  100.00     1      0.00      0.00   91784   6672   0.17      0.00      0.00      0.00  sysbench
1565606233     0     31038   99.00    0.00    0.00   99.00     1      0.00      0.00   91784   6672   0.17      0.00      0.00      0.00  sysbench
1565606234     0     31038  100.00    0.00    0.00  100.00     1      1.00      0.00   91784   6672   0.17      0.00      0.00      0.00  sysbench
1565606235     0     31038  100.00    0.00    0.00  100.00     1      0.00      0.00   91784   6672   0.17      0.00      0.00      0.00  sysbench
1565606236     0     31038  100.00    0.00    0.00  100.00     1      0.00      0.00   91784   6672   0.17      0.00      0.00      0.00  sysbench

1565606167     0     30056  100.00    0.00    0.00  100.00     2    195.05      0.00   91784   6672   0.17      0.00      0.00      0.00  sysbench
1565606168     0     30056  100.00    0.00    0.00  100.00     2      0.00      0.00   91784   6672   0.17      0.00      0.00      0.00  sysbench
1565606169     0     30056   99.00    0.00    0.00   99.00     2      1.00      0.00   91784   6672   0.17      0.00      0.00      0.00  sysbench
1565606170     0     30056  100.00    0.00    0.00  100.00     2      1.00      0.00   91784   6672   0.17      0.00      0.00      0.00  sysbench
1565606171     0     30056   99.00    0.00    0.00   99.00     2      0.00      0.00   91784   6672   0.17      0.00      0.00      0.00  sysbench
1565606172     0     30056  100.00    0.00    0.00  100.00     2      0.00      0.00   91784   6672   0.17      0.00      0.00      0.00  sysbench
1565606173     0     30056  100.00    0.00    0.00  100.00     2      0.00      0.00   91784   6672   0.17      0.00      0.00      0.00  sysbench
1565606174     0     30056  100.00    0.00    0.00  100.00     2      0.00      0.00   91784   6672   0.17      0.00      0.00      0.00  sysbench
1565606175     0     30056   99.01    0.00    0.00   99.01     2      0.00      0.00   91784   6672   0.17      0.00      0.00      0.00  sysbench
1565606176     0     30223    3.00    0.00    0.00    3.00     3   2183.00      0.00   91784   5888   0.15      0.00      0.00      0.00  sysbench
1565606177     0     30223   99.00    0.00    0.00   99.00     3    165.00      0.00   91784   6676   0.17      0.00      0.00      0.00  sysbench
1565606178     0     30223  100.00    0.00    0.00  100.00     3      1.00      0.00   91784   6676   0.17      0.00      0.00      0.00  sysbench
1565606179     0     30223   99.00    0.00    0.00   99.00     3      0.00      0.00   91784   6676   0.17      0.00      0.00      0.00  sysbench
1565606180     0     30223  100.00    0.00    0.00  100.00     3      1.00      0.00   91784   6676   0.17      0.00      0.00      0.00  sysbench
1565606181     0     30223  100.00    0.00    0.00  100.00     3      0.00      0.00   91784   6676   0.17      0.00      0.00      0.00  sysbench
1565606182     0     30223   99.00    0.00    0.00   99.00     3      0.00      0.00   91784   6676   0.17      0.00      0.00      0.00  sysbench
1565606183     0     30223  100.00    0.00    0.00  100.00     3      1.00      0.00   91784   6676   0.17      0.00      0.00      0.00  sysbench
1565606184     0     30223  100.00    0.00    0.00  100.00     3      0.00      0.00   91784   6676   0.17      0.00      0.00      0.00  sysbench
1565606185     0     30223  100.00    0.00    0.00  100.00     3      0.00      0.00   91784   6676   0.17      0.00      0.00      0.00  sysbench
1565606186     0     30389    1.00    0.00    0.00    1.00     3   2150.00      0.00   91784   5888   0.15      0.00      0.00      0.00  sysbench
1565606187     0     30389   99.00    0.00    0.00   99.00     3    196.00      0.00   91784   6676   0.17      0.00      0.00      0.00  sysbench
1565606188     0     30389  100.00    0.00    0.00  100.00     3      0.00      0.00   91784   6676   0.17      0.00      0.00      0.00  sysbench
1565606189     0     30389  100.00    0.00    0.00  100.00     3      0.00      0.00   91784   6676   0.17      0.00      0.00      0.00  sysbench
1565606190     0     30389  100.00    0.00    0.00  100.00     3      1.00      0.00   91784   6676   0.17      0.00      0.00      0.00  sysbench
1565606191     0     30389  100.00    0.00    0.00  100.00     3      1.00      0.00   91784   6676   0.17      0.00      0.00      0.00  sysbench
1565606192     0     30389  100.00    0.00    0.00  100.00     3      0.00      0.00   91784   6676   0.17      0.00      0.00      0.00  sysbench
1565606193     0     30389  100.00    0.00    0.00  100.00     3      0.00      0.00   91784   6676   0.17      0.00      0.00      0.00  sysbench
1565606194     0     30389  100.00    0.00    0.00  100.00     3      1.00      0.00   91784   6676   0.17      0.00      0.00      0.00  sysbench
1565606195     0     30389  100.00    0.00    0.00  100.00     3      0.00      0.00   91784   6676   0.17      0.00      0.00      0.00  sysbench
1565606197     0     30555  100.00    0.00    0.00  100.00     1   2267.00      0.00   91784   6408   0.17      0.00      0.00      0.00  sysbench
1565606198     0     30555  100.00    0.00    0.00  100.00     1     80.00      0.00   91784   6672   0.17      0.00      0.00      0.00  sysbench
1565606199     0     30555  100.00    0.00    0.00  100.00     1      0.00      0.00   91784   6672   0.17      0.00      0.00      0.00  sysbench
1565606200     0     30555  100.00    0.00    0.00  100.00     1      1.00      0.00   91784   6672   0.17      0.00      0.00      0.00  sysbench
1565606201     0     30555  100.00    0.00    0.00  100.00     1      0.00      0.00   91784   6672   0.17      0.00      0.00      0.00  sysbench
1565606202     0     30555  100.00    0.00    0.00  100.00     1      1.00      0.00   91784   6672   0.17      0.00      0.00      0.00  sysbench
1565606203     0     30555  100.00    0.00    0.00  100.00     1      0.00      0.00   91784   6672   0.17      0.00      0.00      0.00  sysbench
1565606204     0     30555  100.00    0.00    0.00  100.00     1      0.00      0.00   91784   6672   0.17      0.00      0.00      0.00  sysbench
1565606205     0     30555  100.00    0.00    0.00  100.00     1      0.00      0.00   91784   6672   0.17      0.00      0.00      0.00  sysbench
1565606206     0     30555  100.00    0.00    0.00  100.00     1     57.00      0.00       0      0   0.00      0.00      0.00      0.00  sysbench
1565606207     0     30706   98.00    0.00    0.00   98.00     3   2204.00      0.00   91784   6148   0.16      0.00      0.00      0.00  sysbench
1565606208     0     30706  100.00    0.00    0.00  100.00     3    145.00      0.00   91784   6672   0.17      0.00      0.00      0.00  sysbench
1565606209     0     30706  100.00    0.00    0.00  100.00     3      0.00      0.00   91784   6672   0.17      0.00      0.00      0.00  sysbench
1565606210     0     30706   99.00    0.00    0.00   99.00     3      0.00      0.00   91784   6672   0.17      0.00      0.00      0.00  sysbench
1565606211     0     30706  100.00    0.00    0.00  100.00     3      0.00      0.00   91784   6672   0.17      0.00      0.00      0.00  sysbench
1565606212     0     30706  100.00    0.00    0.00  100.00     3      0.00      0.00   91784   6672   0.17      0.00      0.00      0.00  sysbench
1565606213     0     30706  100.00    0.00    0.00  100.00     3      1.00      0.00   91784   6672   0.17      0.00      0.00      0.00  sysbench
1565606214     0     30706   99.01    0.00    0.00   99.01     3      0.00      0.00   91784   6672   0.17      0.00      0.00      0.00  sysbench
1565606215     0     30706  100.00    0.00    0.00  100.00     3      0.00      0.00   91784   6672   0.17      0.00      0.00      0.00  sysbench
1565606216     0     30706  100.00    0.00    0.00  100.00     3      1.00      0.00   91784   6672   0.17      0.00      0.00      0.00  sysbench
1565606217     0     30872   96.00    0.00    0.00   96.00     3   2205.00      0.00   91784   6148   0.16      0.00      0.00      0.00  sysbench
1565606218     0     30872  100.00    0.00    0.00  100.00     3    144.00      0.00   91784   6672   0.17      0.00      0.00      0.00  sysbench
1565606219     0     30872   99.00    0.00    0.00   99.00     3      3.00      0.00   91784   6672   0.17      0.00      0.00      0.00  sysbench
1565606220     0     30872  100.00    0.00    0.00  100.00     3      1.00      0.00   91784   6672   0.17      0.00      0.00      0.00  sysbench
1565606221     0     30872   99.00    0.00    0.00   99.00     3      0.00      0.00   91784   6672   0.17      0.00      0.00      0.00  sysbench
1565606222     0     30872  100.00    0.00    0.00  100.00     3      0.00      0.00   91784   6672   0.17      0.00      0.00      0.00  sysbench
1565606223     0     30872  100.00    0.00    0.00  100.00     3      0.00      0.00   91784   6672   0.17      0.00      0.00      0.00  sysbench
1565606224     0     30872   99.00    0.00    0.00   99.00     3      0.00      0.00   91784   6672   0.17      0.00      0.00      0.00  sysbench
1565606225     0     30872  100.00    0.00    0.00  100.00     3      0.00      0.00   91784   6672   0.17      0.00      0.00      0.00  sysbench
1565606226     0     30872   99.00    0.00    0.00   99.00     3      0.00      0.00   91784   6672   0.17      0.00      0.00      0.00  sysbench
1565606227     0     31038   94.00    0.00    0.00   94.00     1   2203.00      0.00   91784   6148   0.16      0.00      0.00      0.00  sysbench
1565606228     0     31038  100.00    0.00    0.00  100.00     1    141.00      0.00   91784   6672   0.17      0.00      0.00      0.00  sysbench
1565606229     0     31038   99.00    0.00    0.00   99.00     1      0.00      0.00   91784   6672   0.17      0.00      0.00      0.00  sysbench
1565606230     0     31038  100.00    0.00    0.00  100.00     1      0.00      0.00   91784   6672   0.17      0.00      0.00      0.00  sysbench
1565606231     0     31038  100.00    0.00    0.00  100.00     1      3.00      0.00   91784   6672   0.17      0.00      0.00      0.00  sysbench
1565606232     0     31038  100.00    0.00    0.00  100.00     1      0.00      0.00   91784   6672   0.17      0.00      0.00      0.00  sysbench
1565606233     0     31038   99.00    0.00    0.00   99.00     1      0.00      0.00   91784   6672   0.17      0.00      0.00      0.00  sysbench
1565606234     0     31038  100.00    0.00    0.00  100.00     1      1.00      0.00   91784   6672   0.17      0.00      0.00      0.00  sysbench
1565606235     0     31038  100.00    0.00    0.00  100.00     1      0.00      0.00   91784   6672   0.17      0.00      0.00      0.00  sysbench
1565606236     0     31038  100.00    0.00    0.00  100.00     1      0.00      0.00   91784   6672   0.17      0.00      0.00      0.00  sysbench

1565606177     0     30223  100.00    0.00    0.00  100.00     3    208.91      0.00   91784   6676   0.17      0.00      0.00      0.00  sysbench
1565606178     0     30223  100.00    0.00    0.00  100.00     3      1.00      0.00   91784   6676   0.17      0.00      0.00      0.00  sysbench
1565606179     0     30223  100.00    0.00    0.00  100.00     3      0.00      0.00   91784   6676   0.17      0.00      0.00      0.00  sysbench
1565606180     0     30223  100.00    0.00    0.00  100.00     3      1.00      0.00   91784   6676   0.17      0.00      0.00      0.00  sysbench
1565606181     0     30223  100.00    0.00    0.00  100.00     3      0.00      0.00   91784   6676   0.17      0.00      0.00      0.00  sysbench
1565606182     0     30223   99.00    0.00    0.00   99.00     3      0.00      0.00   91784   6676   0.17      0.00      0.00      0.00  sysbench
1565606183     0     30223  100.00    0.00    0.00  100.00     3      1.00      0.00   91784   6676   0.17      0.00      0.00      0.00  sysbench
1565606184     0     30223  100.00    0.00    0.00  100.00     3      0.00      0.00   91784   6676   0.17      0.00      0.00      0.00  sysbench
1565606185     0     30223  100.00    0.00    0.00  100.00     3      0.00      0.00   91784   6676   0.17      0.00      0.00      0.00  sysbench
1565606186     0     30389    1.00    0.00    0.00    1.00     3   2113.00      0.00   91784   5628   0.15      0.00      0.00      0.00  sysbench
1565606187     0     30389   99.00    0.00    0.00   99.00     3    233.00      0.00   91784   6676   0.17      0.00      0.00      0.00  sysbench
1565606188     0     30389  100.00    0.00    0.00  100.00     3      0.00      0.00   91784   6676   0.17      0.00      0.00      0.00  sysbench
1565606189     0     30389  100.00    0.00    0.00  100.00     3      0.00      0.00   91784   6676   0.17      0.00      0.00      0.00  sysbench
1565606190     0     30389  100.00    0.00    0.00  100.00     3      1.00      0.00   91784   6676   0.17      0.00      0.00      0.00  sysbench
1565606191     0     30389  100.00    0.00    0.00  100.00     3      1.00      0.00   91784   6676   0.17      0.00      0.00      0.00  sysbench
1565606192     0     30389  100.00    0.00    0.00  100.00     3      0.00      0.00   91784   6676   0.17      0.00      0.00      0.00  sysbench
1565606193     0     30389  100.00    0.00    0.00  100.00     3      0.00      0.00   91784   6676   0.17      0.00      0.00      0.00  sysbench
1565606194     0     30389  100.00    0.00    0.00  100.00     3      1.00      0.00   91784   6676   0.17      0.00      0.00      0.00  sysbench
1565606195     0     30389  100.00    0.00    0.00  100.00     3      0.00      0.00   91784   6676   0.17      0.00      0.00      0.00  sysbench
1565606197     0     30555   99.00    0.00    0.00   99.00     1   2202.00      0.00   91784   6148   0.16      0.00      0.00      0.00  sysbench
1565606198     0     30555  100.00    0.00    0.00  100.00     1    145.00      0.00   91784   6672   0.17      0.00      0.00      0.00  sysbench
1565606199     0     30555  100.00    0.00    0.00  100.00     1      0.00      0.00   91784   6672   0.17      0.00      0.00      0.00  sysbench
1565606200     0     30555  100.00    0.00    0.00  100.00     1      1.00      0.00   91784   6672   0.17      0.00      0.00      0.00  sysbench
1565606201     0     30555  100.00    0.00    0.00  100.00     1      0.00      0.00   91784   6672   0.17      0.00      0.00      0.00  sysbench
1565606202     0     30555  100.00    0.00    0.00  100.00     1      1.00      0.00   91784   6672   0.17      0.00      0.00      0.00  sysbench
1565606203     0     30555  100.00    0.00    0.00  100.00     1      0.00      0.00   91784   6672   0.17      0.00      0.00      0.00  sysbench
1565606204     0     30555  100.00    0.00    0.00  100.00     1      0.00      0.00   91784   6672   0.17      0.00      0.00      0.00  sysbench
1565606205     0     30555  100.00    0.00    0.00  100.00     1      0.00      0.00   91784   6672   0.17      0.00      0.00      0.00  sysbench
1565606206     0     30555  100.00    0.00    0.00  100.00     1      0.00      0.00   91784   6672   0.17      0.00      0.00      0.00  sysbench
1565606207     0     30706   97.00    0.00    0.00   97.00     3   2204.00      0.00   91784   6148   0.16      0.00      0.00      0.00  sysbench
1565606208     0     30706  100.00    0.00    0.00  100.00     3    145.00      0.00   91784   6672   0.17      0.00      0.00      0.00  sysbench
1565606209     0     30706  100.00    0.00    0.00  100.00     3      0.00      0.00   91784   6672   0.17      0.00      0.00      0.00  sysbench
1565606210     0     30706   99.00    0.00    0.00   99.00     3      0.00      0.00   91784   6672   0.17      0.00      0.00      0.00  sysbench
1565606211     0     30706  100.00    0.00    0.00  100.00     3      0.00      0.00   91784   6672   0.17      0.00      0.00      0.00  sysbench
1565606212     0     30706  100.00    0.00    0.00  100.00     3      0.00      0.00   91784   6672   0.17      0.00      0.00      0.00  sysbench
1565606213     0     30706  100.00    0.00    0.00  100.00     3      1.00      0.00   91784   6672   0.17      0.00      0.00      0.00  sysbench
1565606214     0     30706  100.00    0.00    0.00  100.00     3      0.00      0.00   91784   6672   0.17      0.00      0.00      0.00  sysbench
1565606215     0     30706  100.00    0.00    0.00  100.00     3      0.00      0.00   91784   6672   0.17      0.00      0.00      0.00  sysbench
1565606216     0     30706  100.00    0.00    0.00  100.00     3      1.00      0.00   91784   6672   0.17      0.00      0.00      0.00  sysbench
1565606217     0     30872   95.00    0.00    0.00   95.00     3   2205.00      0.00   91784   6148   0.16      0.00      0.00      0.00  sysbench
1565606218     0     30872  100.00    0.00    0.00  100.00     3    144.00      0.00   91784   6672   0.17      0.00      0.00      0.00  sysbench
1565606219     0     30872   99.00    0.00    0.00   99.00     3      1.00      0.00   91784   6672   0.17      0.00      0.00      0.00  sysbench
1565606220     0     30872  100.00    0.00    0.00  100.00     3      3.00      0.00   91784   6672   0.17      0.00      0.00      0.00  sysbench
1565606221     0     30872  100.00    0.00    0.00  100.00     3      0.00      0.00   91784   6672   0.17      0.00      0.00      0.00  sysbench
1565606222     0     30872  100.00    0.00    0.00  100.00     3      0.00      0.00   91784   6672   0.17      0.00      0.00      0.00  sysbench
1565606223     0     30872  100.00    0.00    0.00  100.00     3      0.00      0.00   91784   6672   0.17      0.00      0.00      0.00  sysbench
1565606224     0     30872   99.00    0.00    0.00   99.00     3      0.00      0.00   91784   6672   0.17      0.00      0.00      0.00  sysbench
1565606225     0     30872   99.01    0.00    0.00   99.01     3      0.00      0.00   91784   6672   0.17      0.00      0.00      0.00  sysbench
1565606226     0     30872   99.00    0.00    0.00   99.00     3      0.00      0.00   91784   6672   0.17      0.00      0.00      0.00  sysbench
1565606227     0     31038   93.00    0.00    0.00   93.00     1   2203.00      0.00   91784   6148   0.16      0.00      0.00      0.00  sysbench
1565606228     0     31038  100.00    0.00    0.00  100.00     1    141.00      0.00   91784   6672   0.17      0.00      0.00      0.00  sysbench
1565606229     0     31038   99.00    0.00    0.00   99.00     1      0.00      0.00   91784   6672   0.17      0.00      0.00      0.00  sysbench
1565606230     0     31038  100.00    0.00    0.00  100.00     1      0.00      0.00   91784   6672   0.17      0.00      0.00      0.00  sysbench
1565606231     0     31038  100.00    0.00    0.00  100.00     1      3.00      0.00   91784   6672   0.17      0.00      0.00      0.00  sysbench
1565606232     0     31038  100.00    0.00    0.00  100.00     1      0.00      0.00   91784   6672   0.17      0.00      0.00      0.00  sysbench
1565606233     0     31038   99.00    0.00    0.00   99.00     1      0.00      0.00   91784   6672   0.17      0.00      0.00      0.00  sysbench
1565606234     0     31038  100.00    0.00    0.00  100.00     1      1.00      0.00   91784   6672   0.17      0.00      0.00      0.00  sysbench
1565606235     0     31038  100.00    0.00    0.00  100.00     1      0.00      0.00   91784   6672   0.17      0.00      0.00      0.00  sysbench
1565606236     0     31038  100.00    0.00    0.00  100.00     1      0.00      0.00   91784   6672   0.17      0.00      0.00      0.00  sysbench

1565606187     0     30389   98.04    0.00    0.00   98.04     3    182.35      0.00   91784   6676   0.17      0.00      0.00      0.00  sysbench
1565606188     0     30389  100.00    0.00    0.00  100.00     3      0.00      0.00   91784   6676   0.17      0.00      0.00      0.00  sysbench
1565606189     0     30389  100.00    0.00    0.00  100.00     3      0.00      0.00   91784   6676   0.17      0.00      0.00      0.00  sysbench
1565606190     0     30389  100.00    0.00    0.00  100.00     3      1.00      0.00   91784   6676   0.17      0.00      0.00      0.00  sysbench
1565606191     0     30389  100.00    0.00    0.00  100.00     3      1.00      0.00   91784   6676   0.17      0.00      0.00      0.00  sysbench
1565606192     0     30389  100.00    0.00    0.00  100.00     3      0.00      0.00   91784   6676   0.17      0.00      0.00      0.00  sysbench
1565606193     0     30389  100.00    0.00    0.00  100.00     3      0.00      0.00   91784   6676   0.17      0.00      0.00      0.00  sysbench
1565606194     0     30389  100.00    0.00    0.00  100.00     3      1.00      0.00   91784   6676   0.17      0.00      0.00      0.00  sysbench
1565606195     0     30389  100.00    0.00    0.00  100.00     3      0.00      0.00   91784   6676   0.17      0.00      0.00      0.00  sysbench
1565606196     0     30555    1.00    0.00    0.00    1.00     1   2133.00      0.00   91784   5624   0.14      0.00      0.00      0.00  sysbench
1565606197     0     30555  100.00    0.00    0.00  100.00     1    211.88      0.00   91784   6672   0.17      0.00      0.00      0.00  sysbench
1565606198     0     30555  100.00    0.00    0.00  100.00     1      0.00      0.00   91784   6672   0.17      0.00      0.00      0.00  sysbench
1565606199     0     30555  100.00    0.00    0.00  100.00     1      1.00      0.00   91784   6672   0.17      0.00      0.00      0.00  sysbench
1565606200     0     30555  100.00    0.00    0.00  100.00     1      0.00      0.00   91784   6672   0.17      0.00      0.00      0.00  sysbench
1565606201     0     30555  100.00    0.00    0.00  100.00     1      0.00      0.00   91784   6672   0.17      0.00      0.00      0.00  sysbench
1565606202     0     30555  100.00    0.00    0.00  100.00     1      1.00      0.00   91784   6672   0.17      0.00      0.00      0.00  sysbench
1565606203     0     30555  100.00    0.00    0.00  100.00     1      0.00      0.00   91784   6672   0.17      0.00      0.00      0.00  sysbench
1565606204     0     30555  100.00    0.00    0.00  100.00     1      0.00      0.00   91784   6672   0.17      0.00      0.00      0.00  sysbench
1565606205     0     30555  100.00    0.00    0.00  100.00     1      0.00      0.00   91784   6672   0.17      0.00      0.00      0.00  sysbench
1565606206     0     30706    1.00    0.00    0.00    1.00     3   2124.00      0.00   91784   5624   0.14      0.00      0.00      0.00  sysbench
1565606207     0     30706  100.00    0.00    0.00  100.00     3    224.00      0.00   91784   6672   0.17      0.00      0.00      0.00  sysbench
1565606208     0     30706  100.00    0.00    0.00  100.00     3      1.00      0.00   91784   6672   0.17      0.00      0.00      0.00  sysbench
1565606209     0     30706  100.00    0.00    0.00  100.00     3      0.00      0.00   91784   6672   0.17      0.00      0.00      0.00  sysbench
1565606210     0     30706   99.00    0.00    0.00   99.00     3      0.00      0.00   91784   6672   0.17      0.00      0.00      0.00  sysbench
1565606211     0     30706  100.00    0.00    0.00  100.00     3      0.00      0.00   91784   6672   0.17      0.00      0.00      0.00  sysbench
1565606212     0     30706  100.00    0.00    0.00  100.00     3      1.00      0.00   91784   6672   0.17      0.00      0.00      0.00  sysbench
1565606213     0     30706   99.00    0.00    0.00   99.00     3      0.00      0.00   91784   6672   0.17      0.00      0.00      0.00  sysbench
1565606214     0     30706  100.00    0.00    0.00  100.00     3      0.00      0.00   91784   6672   0.17      0.00      0.00      0.00  sysbench
1565606215     0     30706  100.00    0.00    0.00  100.00     3      0.00      0.00   91784   6672   0.17      0.00      0.00      0.00  sysbench
1565606217     0     30872   98.00    0.00    0.00   98.00     3   2205.00      0.00   91784   6148   0.16      0.00      0.00      0.00  sysbench
1565606218     0     30872  100.00    0.00    0.00  100.00     3    144.00      0.00   91784   6672   0.17      0.00      0.00      0.00  sysbench
1565606219     0     30872  100.00    0.00    0.00  100.00     3      3.00      0.00   91784   6672   0.17      0.00      0.00      0.00  sysbench
1565606220     0     30872  100.00    0.00    0.00  100.00     3      1.00      0.00   91784   6672   0.17      0.00      0.00      0.00  sysbench
1565606221     0     30872  100.00    0.00    0.00  100.00     3      0.00      0.00   91784   6672   0.17      0.00      0.00      0.00  sysbench
1565606222     0     30872  100.00    0.00    0.00  100.00     3      0.00      0.00   91784   6672   0.17      0.00      0.00      0.00  sysbench
1565606223     0     30872  100.00    0.00    0.00  100.00     3      0.00      0.00   91784   6672   0.17      0.00      0.00      0.00  sysbench
1565606224     0     30872   99.00    0.00    0.00   99.00     3      0.00      0.00   91784   6672   0.17      0.00      0.00      0.00  sysbench
1565606225     0     30872  100.00    0.00    0.00  100.00     3      0.00      0.00   91784   6672   0.17      0.00      0.00      0.00  sysbench
1565606226     0     30872   99.00    0.00    0.00   99.00     3      0.00      0.00   91784   6672   0.17      0.00      0.00      0.00  sysbench
1565606227     0     31038   97.00    0.00    0.00   97.00     1   2203.00      0.00   91784   6148   0.16      0.00      0.00      0.00  sysbench
1565606228     0     31038   99.01    0.00    0.00   99.01     1    139.60      0.00   91784   6672   0.17      0.00      0.00      0.00  sysbench
1565606229     0     31038   99.00    0.00    0.00   99.00     1      0.00      0.00   91784   6672   0.17      0.00      0.00      0.00  sysbench
1565606230     0     31038  100.00    0.00    0.00  100.00     1      0.00      0.00   91784   6672   0.17      0.00      0.00      0.00  sysbench
1565606231     0     31038  100.00    0.00    0.00  100.00     1      3.00      0.00   91784   6672   0.17      0.00      0.00      0.00  sysbench
1565606232     0     31038   99.00    0.00    0.00   99.00     1      0.00      0.00   91784   6672   0.17      0.00      0.00      0.00  sysbench
1565606233     0     31038  100.00    0.00    0.00  100.00     1      0.00      0.00   91784   6672   0.17      0.00      0.00      0.00  sysbench
1565606234     0     31038  100.00    0.00    0.00  100.00     1      1.00      0.00   91784   6672   0.17      0.00      0.00      0.00  sysbench
1565606235     0     31038   99.00    0.00    0.00   99.00     1      0.00      0.00   91784   6672   0.17      0.00      0.00      0.00  sysbench
1565606236     0     31038  100.00    0.00    0.00  100.00     1      0.00      0.00   91784   6672   0.17      0.00      0.00      0.00  sysbench

1565606197     0     30555  100.00    0.00    0.00  100.00     1    183.17      0.00   91784   6672   0.17      0.00      0.00      0.00  sysbench
1565606198     0     30555  100.00    0.00    0.00  100.00     1      0.00      0.00   91784   6672   0.17      0.00      0.00      0.00  sysbench
1565606199     0     30555  100.00    0.00    0.00  100.00     1      1.00      0.00   91784   6672   0.17      0.00      0.00      0.00  sysbench
1565606200     0     30555  100.00    0.00    0.00  100.00     1      0.00      0.00   91784   6672   0.17      0.00      0.00      0.00  sysbench
1565606201     0     30555   99.00    0.00    0.00   99.00     1      0.00      0.00   91784   6672   0.17      0.00      0.00      0.00  sysbench
1565606202     0     30555  100.00    0.00    0.00  100.00     1      1.00      0.00   91784   6672   0.17      0.00      0.00      0.00  sysbench
1565606203     0     30555  100.00    0.00    0.00  100.00     1      0.00      0.00   91784   6672   0.17      0.00      0.00      0.00  sysbench
1565606204     0     30555  100.00    0.00    0.00  100.00     1      0.00      0.00   91784   6672   0.17      0.00      0.00      0.00  sysbench
1565606205     0     30555  100.00    0.00    0.00  100.00     1      0.00      0.00   91784   6672   0.17      0.00      0.00      0.00  sysbench
1565606206     0     30706    2.00    0.00    0.00    2.00     3   2157.00      0.00   91784   5884   0.15      0.00      0.00      0.00  sysbench
1565606207     0     30706  100.00    0.00    0.00  100.00     3    191.00      0.00   91784   6672   0.17      0.00      0.00      0.00  sysbench
1565606208     0     30706  100.00    0.00    0.00  100.00     3      1.00      0.00   91784   6672   0.17      0.00      0.00      0.00  sysbench
1565606209     0     30706   99.01    0.00    0.00   99.01     3      0.00      0.00   91784   6672   0.17      0.00      0.00      0.00  sysbench
1565606210     0     30706   99.00    0.00    0.00   99.00     3      0.00      0.00   91784   6672   0.17      0.00      0.00      0.00  sysbench
1565606211     0     30706  100.00    0.00    0.00  100.00     3      0.00      0.00   91784   6672   0.17      0.00      0.00      0.00  sysbench
1565606212     0     30706  100.00    0.00    0.00  100.00     3      1.00      0.00   91784   6672   0.17      0.00      0.00      0.00  sysbench
1565606213     0     30706   99.00    0.00    0.00   99.00     3      0.00      0.00   91784   6672   0.17      0.00      0.00      0.00  sysbench
1565606214     0     30706  100.00    0.00    0.00  100.00     3      0.00      0.00   91784   6672   0.17      0.00      0.00      0.00  sysbench
1565606215     0     30706  100.00    0.00    0.00  100.00     3      0.00      0.00   91784   6672   0.17      0.00      0.00      0.00  sysbench
1565606216     0     30872    0.00    0.00    0.00    0.00     3   2082.00      0.00   91784   5624   0.14      0.00      0.00      0.00  sysbench
1565606217     0     30872  100.00    0.00    0.00  100.00     3    200.00      0.00   91784   6408   0.17      0.00      0.00      0.00  sysbench
1565606218     0     30872  100.00    0.00    0.00  100.00     3     68.00      0.00   91784   6672   0.17      0.00      0.00      0.00  sysbench
1565606219     0     30872  100.00    0.00    0.00  100.00     3      2.00      0.00   91784   6672   0.17      0.00      0.00      0.00  sysbench
1565606220     0     30872  100.00    0.00    0.00  100.00     3      1.00      0.00   91784   6672   0.17      0.00      0.00      0.00  sysbench
1565606221     0     30872  100.00    0.00    0.00  100.00     3      0.00      0.00   91784   6672   0.17      0.00      0.00      0.00  sysbench
1565606222     0     30872  100.00    0.00    0.00  100.00     3      0.00      0.00   91784   6672   0.17      0.00      0.00      0.00  sysbench
1565606223     0     30872  100.00    0.00    0.00  100.00     3      0.00      0.00   91784   6672   0.17      0.00      0.00      0.00  sysbench
1565606224     0     30872   99.00    0.00    0.00   99.00     3      0.00      0.00   91784   6672   0.17      0.00      0.00      0.00  sysbench
1565606225     0     30872  100.00    0.00    0.00  100.00     3      0.00      0.00   91784   6672   0.17      0.00      0.00      0.00  sysbench
1565606227     0     31038   99.00    0.00    0.00   99.00     1   2203.00      0.00   91784   6148   0.16      0.00      0.00      0.00  sysbench
1565606228     0     31038   99.00    0.00    0.00   99.00     1    141.00      0.00   91784   6672   0.17      0.00      0.00      0.00  sysbench
1565606229     0     31038  100.00    0.00    0.00  100.00     1      0.00      0.00   91784   6672   0.17      0.00      0.00      0.00  sysbench
1565606230     0     31038   99.00    0.00    0.00   99.00     1      0.00      0.00   91784   6672   0.17      0.00      0.00      0.00  sysbench
1565606231     0     31038  100.00    0.00    0.00  100.00     1      3.00      0.00   91784   6672   0.17      0.00      0.00      0.00  sysbench
1565606232     0     31038  100.00    0.00    0.00  100.00     1      0.00      0.00   91784   6672   0.17      0.00      0.00      0.00  sysbench
1565606233     0     31038   99.00    0.00    0.00   99.00     1      0.00      0.00   91784   6672   0.17      0.00      0.00      0.00  sysbench
1565606234     0     31038  100.00    0.00    0.00  100.00     1      1.00      0.00   91784   6672   0.17      0.00      0.00      0.00  sysbench
1565606235     0     31038  100.00    0.00    0.00  100.00     1      0.00      0.00   91784   6672   0.17      0.00      0.00      0.00  sysbench
1565606236     0     31038  100.00    0.00    0.00  100.00     1      0.00      0.00   91784   6672   0.17      0.00      0.00      0.00  sysbench

1565606207     0     30706  100.00    0.00    0.00  100.00     3    203.96      0.00   91784   6672   0.17      0.00      0.00      0.00  sysbench
1565606208     0     30706  100.00    0.00    0.00  100.00     3      1.00      0.00   91784   6672   0.17      0.00      0.00      0.00  sysbench
1565606209     0     30706  100.00    0.00    0.00  100.00     3      0.00      0.00   91784   6672   0.17      0.00      0.00      0.00  sysbench
1565606210     0     30706   99.00    0.00    0.00   99.00     3      0.00      0.00   91784   6672   0.17      0.00      0.00      0.00  sysbench
1565606211     0     30706  100.00    0.00    0.00  100.00     3      0.00      0.00   91784   6672   0.17      0.00      0.00      0.00  sysbench
1565606212     0     30706  100.00    0.00    0.00  100.00     3      0.99      0.00   91784   6672   0.17      0.00      0.00      0.00  sysbench
1565606213     0     30706  100.00    0.00    0.00  100.00     3      0.00      0.00   91784   6672   0.17      0.00      0.00      0.00  sysbench
1565606214     0     30706  100.00    0.00    0.00  100.00     3      0.00      0.00   91784   6672   0.17      0.00      0.00      0.00  sysbench
1565606215     0     30706  100.00    0.00    0.00  100.00     3      0.00      0.00   91784   6672   0.17      0.00      0.00      0.00  sysbench
1565606216     0     30872    2.00    0.00    0.00    2.00     3   2126.00      0.00   91784   5624   0.14      0.00      0.00      0.00  sysbench
1565606217     0     30872  100.00    0.00    0.00  100.00     3    223.00      0.00   91784   6672   0.17      0.00      0.00      0.00  sysbench
1565606218     0     30872   99.00    0.00    0.00   99.00     3      1.00      0.00   91784   6672   0.17      0.00      0.00      0.00  sysbench
1565606219     0     30872  100.00    0.00    0.00  100.00     3      3.00      0.00   91784   6672   0.17      0.00      0.00      0.00  sysbench
1565606220     0     30872  100.00    0.00    0.00  100.00     3      0.00      0.00   91784   6672   0.17      0.00      0.00      0.00  sysbench
1565606221     0     30872   99.01    0.00    0.00   99.01     3      0.00      0.00   91784   6672   0.17      0.00      0.00      0.00  sysbench
1565606222     0     30872  100.00    0.00    0.00  100.00     3      0.00      0.00   91784   6672   0.17      0.00      0.00      0.00  sysbench
1565606223     0     30872  100.00    0.00    0.00  100.00     3      0.00      0.00   91784   6672   0.17      0.00      0.00      0.00  sysbench
1565606224     0     30872   99.00    0.00    0.00   99.00     3      0.00      0.00   91784   6672   0.17      0.00      0.00      0.00  sysbench
1565606225     0     30872  100.00    0.00    0.00  100.00     3      0.00      0.00   91784   6672   0.17      0.00      0.00      0.00  sysbench
1565606226     0     31038    0.00    0.00    0.00    0.00     1   2102.00      0.00   91784   5624   0.14      0.00      0.00      0.00  sysbench
1565606227     0     31038  100.00    0.00    0.00  100.00     1    242.00      0.00   91784   6672   0.17      0.00      0.00      0.00  sysbench
1565606228     0     31038   99.00    0.00    0.00   99.00     1      0.00      0.00   91784   6672   0.17      0.00      0.00      0.00  sysbench
1565606229     0     31038  100.00    0.00    0.00  100.00     1      0.00      0.00   91784   6672   0.17      0.00      0.00      0.00  sysbench
1565606230     0     31038  100.00    0.00    0.00  100.00     1      1.00      0.00   91784   6672   0.17      0.00      0.00      0.00  sysbench
1565606231     0     31038   99.00    0.00    0.00   99.00     1      2.00      0.00   91784   6672   0.17      0.00      0.00      0.00  sysbench
1565606232     0     31038  100.00    0.00    0.00  100.00     1      0.00      0.00   91784   6672   0.17      0.00      0.00      0.00  sysbench
1565606233     0     31038  100.00    0.00    0.00  100.00     1      0.00      0.00   91784   6672   0.17      0.00      0.00      0.00  sysbench
1565606234     0     31038  100.00    0.00    0.00  100.00     1      1.00      0.00   91784   6672   0.17      0.00      0.00      0.00  sysbench
1565606235     0     31038  100.00    0.00    0.00  100.00     1      0.00      0.00   91784   6672   0.17      0.00      0.00      0.00  sysbench
1565606236     0     31038  100.00    0.00    0.00  100.00     1     18.00      0.00   91784   6692   0.17    344.00      0.00      0.00  sysbench

1565606217     0     30872   99.02    0.00    0.00   99.02     3    218.63      0.00   91784   6672   0.17      0.00      0.00      0.00  sysbench
1565606218     0     30872  100.00    0.00    0.00  100.00     3      1.00      0.00   91784   6672   0.17      0.00      0.00      0.00  sysbench
1565606219     0     30872  100.00    0.00    0.00  100.00     3      3.00      0.00   91784   6672   0.17      0.00      0.00      0.00  sysbench
1565606220     0     30872   99.00    0.00    0.00   99.00     3      0.00      0.00   91784   6672   0.17      0.00      0.00      0.00  sysbench
1565606221     0     30872  100.00    0.00    0.00  100.00     3      0.00      0.00   91784   6672   0.17      0.00      0.00      0.00  sysbench
1565606222     0     30872  100.00    0.00    0.00  100.00     3      0.00      0.00   91784   6672   0.17      0.00      0.00      0.00  sysbench
1565606223     0     30872   99.00    0.00    0.00   99.00     3      0.00      0.00   91784   6672   0.17      0.00      0.00      0.00  sysbench
1565606224     0     30872   99.00    0.00    0.00   99.00     3      0.00      0.00   91784   6672   0.17      0.00      0.00      0.00  sysbench
1565606225     0     30872  100.00    0.00    0.00  100.00     3      0.00      0.00   91784   6672   0.17      0.00      0.00      0.00  sysbench
1565606226     0     31038    2.00    0.00    0.00    2.00     1   2151.00      0.00   91784   5884   0.15      0.00      0.00      0.00  sysbench
1565606227     0     31038   99.00    0.00    0.00   99.00     1    193.00      0.00   91784   6672   0.17      0.00      0.00      0.00  sysbench
1565606228     0     31038  100.00    0.00    0.00  100.00     1      0.00      0.00   91784   6672   0.17      0.00      0.00      0.00  sysbench
1565606229     0     31038  100.00    0.00    0.00  100.00     1      0.00      0.00   91784   6672   0.17      0.00      0.00      0.00  sysbench
1565606230     0     31038   99.00    0.00    0.00   99.00     1      1.00      0.00   91784   6672   0.17      0.00      0.00      0.00  sysbench
1565606231     0     31038  100.00    0.00    0.00  100.00     1      2.00      0.00   91784   6672   0.17      0.00      0.00      0.00  sysbench
1565606232     0     31038  100.00    0.00    0.00  100.00     1      0.00      0.00   91784   6672   0.17      0.00      0.00      0.00  sysbench
1565606233     0     31038  100.00    0.00    0.00  100.00     1      1.00      0.00   91784   6672   0.17      0.00      0.00      0.00  sysbench
1565606234     0     31038   99.00    0.00    0.00   99.00     1      0.00      0.00   91784   6672   0.17      0.00      0.00      0.00  sysbench
1565606235     0     31038  100.00    0.00    0.00  100.00     1      0.00      0.00   91784   6672   0.17      0.00      0.00      0.00  sysbench
1565606236     0     31038   98.00    0.00    0.00   98.00     1     33.00      1.00   91784   6884   0.18    344.00      0.00      0.00  sysbench

1565606227     0     31038   99.01    0.00    0.00   99.01     1    193.07      0.00   91784   6672   0.17      0.00      0.00      0.00  sysbench
1565606228     0     31038  100.00    0.00    0.00  100.00     1      0.00      0.00   91784   6672   0.17      0.00      0.00      0.00  sysbench
1565606229     0     31038  100.00    0.00    0.00  100.00     1      0.00      0.00   91784   6672   0.17      0.00      0.00      0.00  sysbench
1565606230     0     31038  100.00    0.00    0.00  100.00     1      1.00      0.00   91784   6672   0.17      0.00      0.00      0.00  sysbench
1565606231     0     31038  100.00    0.00    0.00  100.00     1      2.00      0.00   91784   6672   0.17      0.00      0.00      0.00  sysbench
1565606232     0     31038   99.00    0.00    0.00   99.00     1      0.00      0.00   91784   6672   0.17      0.00      0.00      0.00  sysbench
1565606233     0     31038  100.00    0.00    0.00  100.00     1      1.00      0.00   91784   6672   0.17      0.00      0.00      0.00  sysbench
1565606234     0     31038  100.00    0.00    0.00  100.00     1      0.00      0.00   91784   6672   0.17      0.00      0.00      0.00  sysbench
1565606235     0     31038  100.00    0.00    0.00  100.00     1      0.00      0.00   91784   6672   0.17      0.00      0.00      0.00  sysbench

