Linux 4.9.125-linuxkit (9d455f52a1fa) 	08/08/19 	_x86_64_	(2 CPU)

# Time        UID       PID    %usr %system  %guest   %wait    %CPU   CPU  minflt/s  majflt/s     VSZ     RSS   %MEM   kB_rd/s   kB_wr/s kB_ccwr/s iodelay  Command
21:59:18        0         1    0.00    0.00    0.00    0.00    0.00     1      0.00      0.00   18504    3032   0.15      0.00      0.00      0.00       0  bash
21:59:18        0       173   71.00   28.00    0.00    0.00   99.00     1    138.00      0.00  118208   10796   0.53      0.00      0.00      0.00       0  sysbench
21:59:18        0       181    1.00    0.00    0.00    0.00    1.00     0    426.00      0.00    7152    2864   0.14      0.00      0.00      0.00       0  pidstat

# Time        UID       PID    %usr %system  %guest   %wait    %CPU   CPU  minflt/s  majflt/s     VSZ     RSS   %MEM   kB_rd/s   kB_wr/s kB_ccwr/s iodelay  Command
21:59:19        0         1    0.00    0.00    0.00    0.00    0.00     1      0.00      0.00   18504    3032   0.15      0.00      0.00      0.00       0  bash
21:59:19        0       173   73.00   27.00    0.00    0.00  100.00     1      0.00      0.00  118208   10796   0.53      0.00      0.00      0.00       0  sysbench
21:59:19        0       181    0.00    0.00    0.00    0.00    0.00     0    101.00      0.00    7152    3308   0.16      0.00      0.00      0.00       0  pidstat

# Time        UID       PID    %usr %system  %guest   %wait    %CPU   CPU  minflt/s  majflt/s     VSZ     RSS   %MEM   kB_rd/s   kB_wr/s kB_ccwr/s iodelay  Command
21:59:20        0         1    0.00    0.00    0.00    0.00    0.00     1      0.00      0.00   18504    3032   0.15      0.00      0.00      0.00       0  bash
21:59:20        0       173   85.00   15.00    0.00    0.00  100.00     1      0.00      0.00  118208   10796   0.53      0.00      0.00      0.00       0  sysbench
21:59:20        0       181    0.00    0.00    0.00    0.00    0.00     0      0.00      0.00    7152    3308   0.16      0.00      0.00      0.00       0  pidstat

# Time        UID       PID    %usr %system  %guest   %wait    %CPU   CPU  minflt/s  majflt/s     VSZ     RSS   %MEM   kB_rd/s   kB_wr/s kB_ccwr/s iodelay  Command
21:59:21        0         1    0.00    0.00    0.00    0.00    0.00     1      0.00      0.00   18504    3032   0.15      0.00      0.00      0.00       0  bash
21:59:21        0       173   76.00   24.00    0.00    0.00  100.00     1      0.00      0.00  118208   10796   0.53      0.00      0.00      0.00       0  sysbench
21:59:21        0       181    0.00    0.00    0.00    0.00    0.00     0      0.00      0.00    7152    3308   0.16      0.00      0.00      0.00       0  pidstat

# Time        UID       PID    %usr %system  %guest   %wait    %CPU   CPU  minflt/s  majflt/s     VSZ     RSS   %MEM   kB_rd/s   kB_wr/s kB_ccwr/s iodelay  Command
21:59:22        0         1    0.00    0.00    0.00    0.00    0.00     1      0.00      0.00   18504    3032   0.15      0.00      0.00      0.00       0  bash
21:59:22        0       173   71.00   29.00    0.00    0.00  100.00     1      0.00      0.00  118208   10796   0.53      0.00      0.00      0.00       0  sysbench
21:59:22        0       181    0.00    0.00    0.00    0.00    0.00     0      0.00      0.00    7152    3308   0.16      0.00      0.00      0.00       0  pidstat

# Time        UID       PID    %usr %system  %guest   %wait    %CPU   CPU  minflt/s  majflt/s     VSZ     RSS   %MEM   kB_rd/s   kB_wr/s kB_ccwr/s iodelay  Command
21:59:23        0         1    0.00    0.00    0.00    0.00    0.00     1      0.00      0.00   18504    3032   0.15      0.00      0.00      0.00       0  bash
21:59:23        0       173   75.25   23.76    0.00    0.00   99.01     1      0.00      0.00  118208   10796   0.53      0.00      0.00      0.00       0  sysbench
21:59:23        0       181    0.00    0.00    0.00    0.00    0.00     0      0.00      0.00    7152    3308   0.16      0.00      0.00      0.00       0  pidstat

# Time        UID       PID    %usr %system  %guest   %wait    %CPU   CPU  minflt/s  majflt/s     VSZ     RSS   %MEM   kB_rd/s   kB_wr/s kB_ccwr/s iodelay  Command
21:59:24        0         1    0.00    0.00    0.00    0.00    0.00     1      0.00      0.00   18504    3032   0.15      0.00      0.00      0.00       0  bash
21:59:24        0       173   75.00   25.00    0.00    0.00  100.00     1      0.00      0.00  118208   10796   0.53      0.00      0.00      0.00       0  sysbench
21:59:24        0       181    0.00    0.00    0.00    0.00    0.00     0      0.00      0.00    7152    3308   0.16      0.00      0.00      0.00       0  pidstat

# Time        UID       PID    %usr %system  %guest   %wait    %CPU   CPU  minflt/s  majflt/s     VSZ     RSS   %MEM   kB_rd/s   kB_wr/s kB_ccwr/s iodelay  Command
21:59:25        0         1    0.00    0.00    0.00    0.00    0.00     1      0.00      0.00   18504    3032   0.15      0.00      0.00      0.00       0  bash
21:59:25        0       173   75.00   25.00    0.00    0.00  100.00     1      0.00      0.00  118208   10796   0.53      0.00      0.00      0.00       0  sysbench
21:59:25        0       181    0.00    0.00    0.00    0.00    0.00     0      0.00      0.00    7152    3308   0.16      0.00      0.00      0.00       0  pidstat

