Linux 4.9.125-linuxkit (9d455f52a1fa) 	08/08/19 	_x86_64_	(2 CPU)

# Time        UID       PID    %usr %system  %guest   %wait    %CPU   CPU  minflt/s  majflt/s     VSZ     RSS   %MEM   kB_rd/s   kB_wr/s kB_ccwr/s iodelay  Command
22:02:06        0         1    0.00    0.00    0.00    0.00    0.00     1      0.00      0.00   18504    3032   0.15      0.00      0.00      0.00       0  bash
22:02:06        0       218   71.29   27.72    0.00    0.00   99.01     1    133.66      0.00  118208   10552   0.52      0.00      0.00      0.00       0  sysbench
22:02:06        0       228    0.00    0.00    0.00    0.00    0.00     1    421.78      0.00    7152    2896   0.14      0.00      0.00      0.00       0  pidstat

# Time        UID       PID    %usr %system  %guest   %wait    %CPU   CPU  minflt/s  majflt/s     VSZ     RSS   %MEM   kB_rd/s   kB_wr/s kB_ccwr/s iodelay  Command
22:02:07        0         1    0.00    0.00    0.00    0.00    0.00     1      0.00      0.00   18504    3032   0.15      0.00      0.00      0.00       0  bash
22:02:07        0       218   75.00   25.00    0.00    0.00  100.00     1      0.00      0.00  118208   10552   0.52      0.00      0.00      0.00       0  sysbench
22:02:07        0       228    0.00    0.00    0.00    0.00    0.00     1    103.00      0.00    7152    3336   0.16      0.00      0.00      0.00       0  pidstat

# Time        UID       PID    %usr %system  %guest   %wait    %CPU   CPU  minflt/s  majflt/s     VSZ     RSS   %MEM   kB_rd/s   kB_wr/s kB_ccwr/s iodelay  Command
22:02:08        0         1    0.00    0.00    0.00    0.00    0.00     1      0.00      0.00   18504    3032   0.15      0.00      0.00      0.00       0  bash
22:02:08        0       218   77.00   23.00    0.00    0.00  100.00     1      0.00      0.00  118208   10552   0.52      0.00      0.00      0.00       0  sysbench
22:02:08        0       228    0.00    0.00    0.00    0.00    0.00     1      0.00      0.00    7152    3336   0.16      0.00      0.00      0.00       0  pidstat

# Time        UID       PID    %usr %system  %guest   %wait    %CPU   CPU  minflt/s  majflt/s     VSZ     RSS   %MEM   kB_rd/s   kB_wr/s kB_ccwr/s iodelay  Command
22:02:09        0         1    0.00    0.00    0.00    0.00    0.00     1      0.00      0.00   18504    3032   0.15      0.00      0.00      0.00       0  bash
22:02:09        0       218   78.00   21.00    0.00    0.00   99.00     1      0.00      0.00  118208   10552   0.52      0.00      0.00      0.00       0  sysbench
22:02:09        0       228    0.00    0.00    0.00    1.00    0.00     1      0.00      0.00    7152    3336   0.16      0.00      0.00      0.00       0  pidstat

# Time        UID       PID    %usr %system  %guest   %wait    %CPU   CPU  minflt/s  majflt/s     VSZ     RSS   %MEM   kB_rd/s   kB_wr/s kB_ccwr/s iodelay  Command
22:02:10        0         1    0.00    0.00    0.00    0.00    0.00     1      0.00      0.00   18504    3032   0.15      0.00      0.00      0.00       0  bash
22:02:10        0       218   71.00   28.00    0.00    0.00   99.00     1      0.00      0.00  118208   10552   0.52      0.00      0.00      0.00       0  sysbench
22:02:10        0       228    0.00    1.00    0.00    0.00    1.00     1      0.00      0.00    7152    3336   0.16      0.00      0.00      0.00       0  pidstat

# Time        UID       PID    %usr %system  %guest   %wait    %CPU   CPU  minflt/s  majflt/s     VSZ     RSS   %MEM   kB_rd/s   kB_wr/s kB_ccwr/s iodelay  Command
22:02:11        0         1    0.00    0.00    0.00    0.00    0.00     1      0.00      0.00   18504    3032   0.15      0.00      0.00      0.00       0  bash
22:02:11        0       218   82.00   18.00    0.00    0.00  100.00     1      0.00      0.00  118208   10552   0.52      0.00      0.00      0.00       0  sysbench
22:02:11        0       228    0.00    0.00    0.00    0.00    0.00     1      0.00      0.00    7152    3336   0.16      0.00      0.00      0.00       0  pidstat

# Time        UID       PID    %usr %system  %guest   %wait    %CPU   CPU  minflt/s  majflt/s     VSZ     RSS   %MEM   kB_rd/s   kB_wr/s kB_ccwr/s iodelay  Command
22:02:12        0         1    0.00    0.00    0.00    0.00    0.00     1      0.00      0.00   18504    3032   0.15      0.00      0.00      0.00       0  bash
22:02:12        0       218   75.00   25.00    0.00    0.00  100.00     1      0.00      0.00  118208   10552   0.52      0.00      0.00      0.00       0  sysbench
22:02:12        0       228    0.00    0.00    0.00    0.00    0.00     1      0.00      0.00    7152    3336   0.16      0.00      0.00      0.00       0  pidstat

# Time        UID       PID    %usr %system  %guest   %wait    %CPU   CPU  minflt/s  majflt/s     VSZ     RSS   %MEM   kB_rd/s   kB_wr/s kB_ccwr/s iodelay  Command
22:02:13        0         1    0.00    0.00    0.00    0.00    0.00     1      0.00      0.00   18504    3032   0.15      0.00      0.00      0.00       0  bash
22:02:13        0       218   80.00   19.00    0.00    0.00   99.00     1      0.00      0.00  118208   10552   0.52      0.00      0.00      0.00       0  sysbench
22:02:13        0       228    0.00    0.00    0.00    0.00    0.00     1      0.00      0.00    7152    3336   0.16      0.00      0.00      0.00       0  pidstat

Linux 4.9.125-linuxkit (9d455f52a1fa) 	08/08/19 	_x86_64_	(2 CPU)

# Time        UID       PID    %usr %system  %guest   %wait    %CPU   CPU  minflt/s  majflt/s     VSZ     RSS   %MEM   kB_rd/s   kB_wr/s kB_ccwr/s iodelay  Command
22:01:56        0         1    0.00    0.00    0.00    0.00    0.00     1      0.00      0.00   18504    3032   0.15      0.00      0.00      0.00       0  bash
22:01:56        0       193   79.00   20.00    0.00    0.00   99.00     1    136.00      0.00  118208   10944   0.53      0.00      0.00      0.00       0  sysbench
22:01:56        0       205    0.00    0.00    0.00    0.00    0.00     1    426.00      0.00    7152    2792   0.14      0.00      0.00      0.00       0  pidstat

# Time        UID       PID    %usr %system  %guest   %wait    %CPU   CPU  minflt/s  majflt/s     VSZ     RSS   %MEM   kB_rd/s   kB_wr/s kB_ccwr/s iodelay  Command
22:01:57        0         1    0.00    0.00    0.00    0.00    0.00     1      0.00      0.00   18504    3032   0.15      0.00      0.00      0.00       0  bash
22:01:57        0       193   73.00   26.00    0.00    0.00   99.00     1      0.00      0.00  118208   10944   0.53      0.00      0.00      0.00       0  sysbench
22:01:57        0       205    0.00    0.00    0.00    0.00    0.00     1    103.00      0.00    7152    3236   0.16      0.00      0.00      0.00       0  pidstat

# Time        UID       PID    %usr %system  %guest   %wait    %CPU   CPU  minflt/s  majflt/s     VSZ     RSS   %MEM   kB_rd/s   kB_wr/s kB_ccwr/s iodelay  Command
22:01:58        0         1    0.00    0.00    0.00    0.00    0.00     1      0.00      0.00   18504    3032   0.15      0.00      0.00      0.00       0  bash
22:01:58        0       193   75.00   24.00    0.00    0.00   99.00     1      0.00      0.00  118208   10944   0.53      0.00      0.00      0.00       0  sysbench
22:01:58        0       205    0.00    0.00    0.00    0.00    0.00     1      0.00      0.00    7152    3236   0.16      0.00      0.00      0.00       0  pidstat

# Time        UID       PID    %usr %system  %guest   %wait    %CPU   CPU  minflt/s  majflt/s     VSZ     RSS   %MEM   kB_rd/s   kB_wr/s kB_ccwr/s iodelay  Command
22:01:59        0         1    0.00    0.00    0.00    0.00    0.00     1      0.00      0.00   18504    3032   0.15      0.00      0.00      0.00       0  bash
22:01:59        0       193   78.00   22.00    0.00    0.00  100.00     1      0.00      0.00  118208   10944   0.53      0.00      0.00      0.00       0  sysbench
22:01:59        0       205    0.00    0.00    0.00    0.00    0.00     1      0.00      0.00    7152    3236   0.16      0.00      0.00      0.00       0  pidstat

# Time        UID       PID    %usr %system  %guest   %wait    %CPU   CPU  minflt/s  majflt/s     VSZ     RSS   %MEM   kB_rd/s   kB_wr/s kB_ccwr/s iodelay  Command
22:02:00        0         1    0.00    0.00    0.00    0.00    0.00     1      0.00      0.00   18504    3032   0.15      0.00      0.00      0.00       0  bash
22:02:00        0       193   77.00   23.00    0.00    0.00  100.00     1      0.00      0.00  118208   10944   0.53      0.00      0.00      0.00       0  sysbench
22:02:00        0       205    0.00    0.00    0.00    0.00    0.00     1      0.00      0.00    7152    3236   0.16      0.00      0.00      0.00       0  pidstat

# Time        UID       PID    %usr %system  %guest   %wait    %CPU   CPU  minflt/s  majflt/s     VSZ     RSS   %MEM   kB_rd/s   kB_wr/s kB_ccwr/s iodelay  Command
22:02:01        0         1    0.00    0.00    0.00    0.00    0.00     1      0.00      0.00   18504    3032   0.15      0.00      0.00      0.00       0  bash
22:02:01        0       193   74.26   24.75    0.00    0.00   99.01     1      0.00      0.00  118208   10944   0.53      0.00      0.00      0.00       0  sysbench
22:02:01        0       205    0.00    0.00    0.00    0.00    0.00     1      0.00      0.00    7152    3236   0.16      0.00      0.00      0.00       0  pidstat

# Time        UID       PID    %usr %system  %guest   %wait    %CPU   CPU  minflt/s  majflt/s     VSZ     RSS   %MEM   kB_rd/s   kB_wr/s kB_ccwr/s iodelay  Command
22:02:02        0         1    0.00    0.00    0.00    0.00    0.00     1      0.00      0.00   18504    3032   0.15      0.00      0.00      0.00       0  bash
22:02:02        0       193   82.00   18.00    0.00    0.00  100.00     1      0.00      0.00  118208   10944   0.53      0.00      0.00      0.00       0  sysbench
22:02:02        0       205    0.00    0.00    0.00    0.00    0.00     1      0.00      0.00    7152    3236   0.16      0.00      0.00      0.00       0  pidstat

# Time        UID       PID    %usr %system  %guest   %wait    %CPU   CPU  minflt/s  majflt/s     VSZ     RSS   %MEM   kB_rd/s   kB_wr/s kB_ccwr/s iodelay  Command
22:02:03        0         1    0.00    0.00    0.00    0.00    0.00     1      0.00      0.00   18504    3032   0.15      0.00      0.00      0.00       0  bash
22:02:03        0       193   80.00   20.00    0.00    0.00  100.00     1      0.00      0.00  118208   10944   0.53      0.00      0.00      0.00       0  sysbench
22:02:03        0       205    1.00    0.00    0.00    0.00    1.00     1      0.00      0.00    7152    3236   0.16      0.00      0.00      0.00       0  pidstat

