Linux 4.9.125-linuxkit (9d455f52a1fa) 	08/08/19 	_x86_64_	(2 CPU)

# Time        UID       PID    %usr %system  %guest   %wait    %CPU   CPU  minflt/s  majflt/s     VSZ     RSS   %MEM   kB_rd/s   kB_wr/s kB_ccwr/s iodelay  Command
22:03:34        0         1    0.00    0.00    0.00    0.00    0.00     1      0.00      0.00   18504    3032   0.15      0.00      0.00      0.00       0  bash
22:03:34        0       259   75.00   24.00    0.00    0.00   99.00     1    134.00      0.00  118208   10540   0.51      0.00      0.00      0.00       0  sysbench
22:03:34        0       268    0.00    0.00    0.00    0.00    0.00     1    426.00      0.00    7152    2896   0.14      0.00      0.00      0.00       0  pidstat

# Time        UID       PID    %usr %system  %guest   %wait    %CPU   CPU  minflt/s  majflt/s     VSZ     RSS   %MEM   kB_rd/s   kB_wr/s kB_ccwr/s iodelay  Command
22:03:35        0         1    0.00    0.00    0.00    0.00    0.00     1      0.00      0.00   18504    3032   0.15      0.00      0.00      0.00       0  bash
22:03:35        0       259   76.00   24.00    0.00    0.00  100.00     1      0.00      0.00  118208   10540   0.51      0.00      0.00      0.00       0  sysbench
22:03:35        0       268    0.00    0.00    0.00    0.00    0.00     1    101.00      0.00    7152    3340   0.16      0.00      0.00      0.00       0  pidstat

# Time        UID       PID    %usr %system  %guest   %wait    %CPU   CPU  minflt/s  majflt/s     VSZ     RSS   %MEM   kB_rd/s   kB_wr/s kB_ccwr/s iodelay  Command
22:03:36        0         1    0.00    0.00    0.00    0.00    0.00     1      0.00      0.00   18504    3032   0.15      0.00      0.00      0.00       0  bash
22:03:36        0       259   77.00   22.00    0.00    0.00   99.00     1      0.00      0.00  118208   10540   0.51      0.00      0.00      0.00       0  sysbench
22:03:36        0       268    0.00    0.00    0.00    0.00    0.00     1      0.00      0.00    7152    3340   0.16      0.00      0.00      0.00       0  pidstat

# Time        UID       PID    %usr %system  %guest   %wait    %CPU   CPU  minflt/s  majflt/s     VSZ     RSS   %MEM   kB_rd/s   kB_wr/s kB_ccwr/s iodelay  Command
22:03:37        0         1    0.00    0.00    0.00    0.00    0.00     1      0.00      0.00   18504    3032   0.15      0.00      0.00      0.00       0  bash
22:03:37        0       259   76.00   23.00    0.00    0.00   99.00     1      0.00      0.00  118208   10540   0.51      0.00      0.00      0.00       0  sysbench
22:03:37        0       268    0.00    0.00    0.00    1.00    0.00     1      0.00      0.00    7152    3340   0.16      0.00      0.00      0.00       0  pidstat

# Time        UID       PID    %usr %system  %guest   %wait    %CPU   CPU  minflt/s  majflt/s     VSZ     RSS   %MEM   kB_rd/s   kB_wr/s kB_ccwr/s iodelay  Command
22:03:38        0         1    0.00    0.00    0.00    0.00    0.00     1      0.00      0.00   18504    3032   0.15      0.00      0.00      0.00       0  bash
22:03:38        0       259   70.00   30.00    0.00    0.00  100.00     1      0.00      0.00  118208   10540   0.51      0.00      0.00      0.00       0  sysbench
22:03:38        0       268    0.00    0.00    0.00    0.00    0.00     1      0.00      0.00    7152    3340   0.16      0.00      0.00      0.00       0  pidstat

# Time        UID       PID    %usr %system  %guest   %wait    %CPU   CPU  minflt/s  majflt/s     VSZ     RSS   %MEM   kB_rd/s   kB_wr/s kB_ccwr/s iodelay  Command
22:03:39        0         1    0.00    0.00    0.00    0.00    0.00     1      0.00      0.00   18504    3032   0.15      0.00      0.00      0.00       0  bash
22:03:39        0       259   79.00   20.00    0.00    0.00   99.00     1      0.00      0.00  118208   10540   0.51      0.00      0.00      0.00       0  sysbench
22:03:39        0       268    0.00    0.00    0.00    0.00    0.00     1      0.00      0.00    7152    3340   0.16      0.00      0.00      0.00       0  pidstat

# Time        UID       PID    %usr %system  %guest   %wait    %CPU   CPU  minflt/s  majflt/s     VSZ     RSS   %MEM   kB_rd/s   kB_wr/s kB_ccwr/s iodelay  Command
22:03:40        0         1    0.00    0.00    0.00    0.00    0.00     1      0.00      0.00   18504    3032   0.15      0.00      0.00      0.00       0  bash
22:03:40        0       259   80.20   19.80    0.00    0.00  100.00     1      0.00      0.00  118208   10540   0.51      0.00      0.00      0.00       0  sysbench
22:03:40        0       268    0.00    0.00    0.00    0.00    0.00     1      0.00      0.00    7152    3340   0.16      0.00      0.00      0.00       0  pidstat

# Time        UID       PID    %usr %system  %guest   %wait    %CPU   CPU  minflt/s  majflt/s     VSZ     RSS   %MEM   kB_rd/s   kB_wr/s kB_ccwr/s iodelay  Command
22:03:41        0         1    0.00    0.00    0.00    0.00    0.00     1      0.00      0.00   18504    3032   0.15      0.00      0.00      0.00       0  bash
22:03:41        0       259   76.00   24.00    0.00    0.00  100.00     1      0.00      0.00  118208   10540   0.51      0.00      0.00      0.00       0  sysbench
22:03:41        0       268    0.00    0.00    0.00    0.00    0.00     1      0.00      0.00    7152    3340   0.16      0.00      0.00      0.00       0  pidstat

Linux 4.9.125-linuxkit (9d455f52a1fa) 	08/08/19 	_x86_64_	(2 CPU)

# Time        UID       PID    %usr %system  %guest   %wait    %CPU   CPU  minflt/s  majflt/s     VSZ     RSS   %MEM   kB_rd/s   kB_wr/s kB_ccwr/s iodelay  Command
22:03:25        0         1    0.00    0.00    0.00    0.00    0.00     1      0.00      0.00   18504    3032   0.15      0.00      0.00      0.00       0  bash
22:03:25        0       238   77.23   20.79    0.00    0.00   98.02     1    134.65      0.00  118208   10644   0.52      0.00      0.00      0.00       0  sysbench
22:03:25        0       248    0.99    0.00    0.00    0.00    0.99     1    421.78      0.00    7152    2944   0.14      0.00      0.00      0.00       0  pidstat

# Time        UID       PID    %usr %system  %guest   %wait    %CPU   CPU  minflt/s  majflt/s     VSZ     RSS   %MEM   kB_rd/s   kB_wr/s kB_ccwr/s iodelay  Command
22:03:26        0         1    0.00    0.00    0.00    0.00    0.00     1      0.00      0.00   18504    3032   0.15      0.00      0.00      0.00       0  bash
22:03:26        0       238   74.00   26.00    0.00    0.00  100.00     1      0.00      0.00  118208   10644   0.52      0.00      0.00      0.00       0  sysbench
22:03:26        0       248    0.00    0.00    0.00    0.00    0.00     1    102.00      0.00    7152    3384   0.17      0.00      0.00      0.00       0  pidstat

# Time        UID       PID    %usr %system  %guest   %wait    %CPU   CPU  minflt/s  majflt/s     VSZ     RSS   %MEM   kB_rd/s   kB_wr/s kB_ccwr/s iodelay  Command
22:03:27        0         1    0.00    0.00    0.00    0.00    0.00     1      0.00      0.00   18504    3032   0.15      0.00      0.00      0.00       0  bash
22:03:27        0       238   73.00   26.00    0.00    0.00   99.00     1      0.00      0.00  118208   10644   0.52      0.00      0.00      0.00       0  sysbench
22:03:27        0       248    0.00    0.00    0.00    0.00    0.00     1      0.00      0.00    7152    3384   0.17      0.00      0.00      0.00       0  pidstat

# Time        UID       PID    %usr %system  %guest   %wait    %CPU   CPU  minflt/s  majflt/s     VSZ     RSS   %MEM   kB_rd/s   kB_wr/s kB_ccwr/s iodelay  Command
22:03:28        0         1    0.00    0.00    0.00    0.00    0.00     1      0.00      0.00   18504    3032   0.15      0.00      0.00      0.00       0  bash
22:03:28        0       238   79.00   21.00    0.00    0.00  100.00     1      0.00      0.00  118208   10644   0.52      0.00      0.00      0.00       0  sysbench
22:03:28        0       248    0.00    0.00    0.00    0.00    0.00     1      0.00      0.00    7152    3384   0.17      0.00      0.00      0.00       0  pidstat

# Time        UID       PID    %usr %system  %guest   %wait    %CPU   CPU  minflt/s  majflt/s     VSZ     RSS   %MEM   kB_rd/s   kB_wr/s kB_ccwr/s iodelay  Command
22:03:29        0         1    0.00    0.00    0.00    0.00    0.00     1      0.00      0.00   18504    3032   0.15      0.00      0.00      0.00       0  bash
22:03:29        0       238   77.00   22.00    0.00    0.00   99.00     1      0.00      0.00  118208   10644   0.52      0.00      0.00      0.00       0  sysbench
22:03:29        0       248    0.00    0.00    0.00    0.00    0.00     1      0.00      0.00    7152    3384   0.17      0.00      0.00      0.00       0  pidstat

# Time        UID       PID    %usr %system  %guest   %wait    %CPU   CPU  minflt/s  majflt/s     VSZ     RSS   %MEM   kB_rd/s   kB_wr/s kB_ccwr/s iodelay  Command
22:03:30        0         1    0.00    0.00    0.00    0.00    0.00     1      0.00      0.00   18504    3032   0.15      0.00      0.00      0.00       0  bash
22:03:30        0       238   78.00   21.00    0.00    0.00   99.00     1      0.00      0.00  118208   10644   0.52      0.00      0.00      0.00       0  sysbench
22:03:30        0       248    0.00    0.00    0.00    0.00    0.00     1      0.00      0.00    7152    3384   0.17      0.00      0.00      0.00       0  pidstat

# Time        UID       PID    %usr %system  %guest   %wait    %CPU   CPU  minflt/s  majflt/s     VSZ     RSS   %MEM   kB_rd/s   kB_wr/s kB_ccwr/s iodelay  Command
22:03:31        0         1    0.00    0.00    0.00    0.00    0.00     1      0.00      0.00   18504    3032   0.15      0.00      0.00      0.00       0  bash
22:03:31        0       238   81.00   18.00    0.00    0.00   99.00     1      0.00      0.00  118208   10644   0.52      0.00      0.00      0.00       0  sysbench
22:03:31        0       248    0.00    0.00    0.00    0.00    0.00     1      0.00      0.00    7152    3384   0.17      0.00      0.00      0.00       0  pidstat

# Time        UID       PID    %usr %system  %guest   %wait    %CPU   CPU  minflt/s  majflt/s     VSZ     RSS   %MEM   kB_rd/s   kB_wr/s kB_ccwr/s iodelay  Command
22:03:32        0         1    0.00    0.00    0.00    0.00    0.00     1      0.00      0.00   18504    3032   0.15      0.00      0.00      0.00       0  bash
22:03:32        0       238   79.00   21.00    0.00    0.00  100.00     1      0.00      0.00  118208   10644   0.52      0.00      0.00      0.00       0  sysbench
22:03:32        0       248    0.00    0.00    0.00    0.00    0.00     1      0.00      0.00    7152    3384   0.17      0.00      0.00      0.00       0  pidstat

