12:26:14        0      1476  100.00    0.00    0.00    0.00  100.00    23    286.00      0.00  117180    9080   0.01      0.00      0.00      0.00       0  sysbench
12:26:15        0      1476  100.00    0.00    0.00    0.00  100.00    23     13.00      0.00  117180    9080   0.01      0.00      0.00      0.00       0  sysbench
12:26:16        0      1476  100.00    0.00    0.00    0.00  100.00    23    139.00      0.00  117180    9080   0.01      0.00      0.00      0.00       0  sysbench
12:26:17        0      1476  100.00    0.00    0.00    0.00  100.00    23    143.00      0.00  117180    9260   0.01      0.00      0.00      0.00       0  sysbench
12:26:18        0      1476  100.00    0.00    0.00    0.00  100.00    23      0.00      0.00  117180    9260   0.01      0.00      0.00      0.00       0  sysbench
12:26:19        0      1476  100.00    0.00    0.00    0.00  100.00    23      0.00      0.00  117180    9260   0.01      0.00      0.00      0.00       0  sysbench
12:26:20        0      1476  100.00    0.00    0.00    0.00  100.00    23    139.00      0.00  117180    9260   0.01      0.00      0.00      0.00       0  sysbench
12:26:21        0      1476  100.00    0.00    0.00    0.00  100.00    23    143.00      0.00  117180    9260   0.01      0.00      0.00      0.00       0  sysbench
12:26:22        0      1476  100.00    0.00    0.00    0.00  100.00    23      0.00      0.00  117180    9260   0.01      0.00      0.00      0.00       0  sysbench

12:25:37        0      1425  100.00    0.00    0.00    0.00  100.00    15    288.00      0.00  117180    9036   0.01      0.00      0.00      0.00       0  sysbench
12:25:38        0      1425  100.00    0.00    0.00    0.00  100.00    15     65.00      0.00  117180    9340   0.01      0.00      0.00      0.00       0  sysbench
12:25:39        0      1425  100.00    0.00    0.00    0.00  100.00    15    139.00      0.00  117180    9340   0.01      0.00      0.00      0.00       0  sysbench
12:25:40        0      1425  100.00    0.00    0.00    0.00  100.00    15    143.00      0.00  117180    9340   0.01      0.00      0.00      0.00       0  sysbench
12:25:41        0      1425  100.00    0.00    0.00    0.00  100.00    15    139.00      0.00  117180    9340   0.01      0.00      0.00      0.00       0  sysbench
12:25:42        0      1425  100.00    0.00    0.00    0.00  100.00    15    143.00      0.00  117180    9340   0.01      0.00      0.00      0.00       0  sysbench
12:25:43        0      1425  100.00    0.00    0.00    0.00  100.00    15      0.00      0.00  117180    9340   0.01      0.00      0.00      0.00       0  sysbench
12:25:44        0      1425  100.00    0.00    0.00    0.00  100.00    15    139.00      0.00  117180    9340   0.01      0.00      0.00      0.00       0  sysbench
12:25:45        0      1425  100.00    0.00    0.00    0.00  100.00    15    143.00      0.00  117180    9340   0.01      0.00      0.00      0.00       0  sysbench

12:25:25        0      1408  100.00    0.00    0.00    0.00  100.00    11    286.00      0.00  117180    8944   0.01      0.00      0.00      0.00       0  sysbench
12:25:26        0      1408  100.00    0.00    0.00    0.00  100.00    11     14.00      0.00  117180    8944   0.01      0.00      0.00      0.00       0  sysbench
12:25:27        0      1408  100.00    0.00    0.00    0.00  100.00    11    139.00      0.00  117180    8944   0.01      0.00      0.00      0.00       0  sysbench
12:25:28        0      1408  100.00    0.00    0.00    0.00  100.00    11    143.00      0.00  117180    9120   0.01      0.00      0.00      0.00       0  sysbench
12:25:29        0      1408  100.00    0.00    0.00    0.00  100.00    11      0.00      0.00  117180    9120   0.01      0.00      0.00      0.00       0  sysbench
12:25:30        0      1408  100.00    0.00    0.00    0.00  100.00    11      0.00      0.00  117180    9120   0.01      0.00      0.00      0.00       0  sysbench
12:25:31        0      1408  100.00    0.00    0.00    0.00  100.00    11      0.00      0.00  117180    9120   0.01      0.00      0.00      0.00       0  sysbench
12:25:32        0      1408  100.00    0.00    0.00    0.00  100.00    11    282.00      0.00  117180    9120   0.01      0.00      0.00      0.00       0  sysbench
12:25:33        0      1408  100.00    0.00    0.00    0.00  100.00    11      0.00      0.00  117180    9120   0.01      0.00      0.00      0.00       0  sysbench

12:24:50        0      1357  100.00    0.00    0.00    0.00  100.00    41    284.16      0.00  117180    9092   0.01      0.00      0.00      0.00       0  sysbench
12:24:51        0      1357  100.00    0.00    0.00    0.00  100.00    41     45.00      0.00  117180    9272   0.01      0.00      0.00      0.00       0  sysbench
12:24:52        0      1357  100.00    0.00    0.00    0.00  100.00    41    139.00      0.00  117180    9272   0.01      0.00      0.00      0.00       0  sysbench
12:24:53        0      1357  100.00    0.00    0.00    0.00  100.00    41    143.00      0.00  117180    9272   0.01      0.00      0.00      0.00       0  sysbench
12:24:54        0      1357  100.00    0.00    0.00    0.00  100.00    41      0.00      0.00  117180    9272   0.01      0.00      0.00      0.00       0  sysbench
12:24:55        0      1357  100.00    0.00    0.00    0.00  100.00    41    282.00      0.00  117180    9272   0.01      0.00      0.00      0.00       0  sysbench
12:24:56        0      1357  100.00    0.00    0.00    0.00  100.00    41      0.00      0.00  117180    9272   0.01      0.00      0.00      0.00       0  sysbench
12:24:57        0      1357  100.00    0.00    0.00    0.00  100.00    41    139.00      0.00  117180    9272   0.01      0.00      0.00      0.00       0  sysbench
12:24:58        0      1357  100.00    0.00    0.00    0.00  100.00    41    143.00      0.00  117180    9272   0.01      0.00      0.00      0.00       0  sysbench

12:25:49        0      1442  100.00    0.00    0.00    0.00  100.00    55    287.00      0.00  117180    9048   0.01      0.00      0.00      0.00       0  sysbench
12:25:50        0      1442  100.00    0.00    0.00    0.00  100.00    55      5.00      0.00  117180    9048   0.01      0.00      0.00      0.00       0  sysbench
12:25:51        0      1442  100.00    0.00    0.00    0.00  100.00    55    139.00      0.00  117180    9048   0.01      0.00      0.00      0.00       0  sysbench
12:25:52        0      1442  100.00    0.00    0.00    0.00  100.00    55    143.00      0.00  117180    9224   0.01      0.00      0.00      0.00       0  sysbench
12:25:53        0      1442  100.00    0.00    0.00    0.00  100.00    55    139.00      0.00  117180    9224   0.01      0.00      0.00      0.00       0  sysbench
12:25:54        0      1442  100.00    0.00    0.00    0.00  100.00    55    143.00      0.00  117180    9224   0.01      0.00      0.00      0.00       0  sysbench
12:25:55        0      1442  100.00    0.00    0.00    0.00  100.00    55      0.00      0.00  117180    9224   0.01      0.00      0.00      0.00       0  sysbench
12:25:56        0      1442  100.00    0.00    0.00    0.00  100.00    55    139.00      0.00  117180    9224   0.01      0.00      0.00      0.00       0  sysbench
12:25:57        0      1442  100.00    0.00    0.00    0.00  100.00    55    143.00      0.00  117180    9224   0.01      0.00      0.00      0.00       0  sysbench

12:24:38        0      1340  100.00    0.00    0.00    0.00  100.00     9    287.00      0.00  117180    9024   0.01      0.00      0.00      0.00       0  sysbench
12:24:39        0      1340  100.00    0.00    0.00    0.00  100.00     9     47.00      0.00  117180    9264   0.01      0.00      0.00      0.00       0  sysbench
12:24:40        0      1340  100.00    0.00    0.00    0.00  100.00     9    139.00      0.00  117180    9264   0.01      0.00      0.00      0.00       0  sysbench
12:24:41        0      1340  100.00    0.00    0.00    0.00  100.00     9    143.00      0.00  117180    9264   0.01      0.00      0.00      0.00       0  sysbench
12:24:42        0      1340  100.00    0.00    0.00    0.00  100.00     9      0.00      0.00  117180    9264   0.01      0.00      0.00      0.00       0  sysbench
12:24:43        0      1340  100.00    0.00    0.00    0.00  100.00     9    282.00      0.00  117180    9264   0.01      0.00      0.00      0.00       0  sysbench
12:24:44        0      1340  100.00    0.00    0.00    0.00  100.00     9      0.00      0.00  117180    9264   0.01      0.00      0.00      0.00       0  sysbench
12:24:45        0      1340  100.00    0.00    0.00    0.00  100.00     9    139.00      0.00  117180    9264   0.01      0.00      0.00      0.00       0  sysbench
12:24:46        0      1340  100.00    0.00    0.00    0.00  100.00     9    143.00      0.00  117180    9264   0.01      0.00      0.00      0.00       0  sysbench

12:26:02        0      1459  100.00    0.00    0.00    0.00  100.00    43    287.00      0.00  117180    8984   0.01      0.00      0.00      0.00       0  sysbench
12:26:03        0      1459  100.00    0.00    0.00    0.00  100.00    43     26.00      0.00  117180    8984   0.01      0.00      0.00      0.00       0  sysbench
12:26:04        0      1459  100.00    0.00    0.00    0.00  100.00    43    139.00      0.00  117180    8984   0.01      0.00      0.00      0.00       0  sysbench
12:26:05        0      1459  100.00    0.00    0.00    0.00  100.00    43    143.00      0.00  117180    9224   0.01      0.00      0.00      0.00       0  sysbench
12:26:06        0      1459  100.00    0.00    0.00    0.00  100.00    43    139.00      0.00  117180    9224   0.01      0.00      0.00      0.00       0  sysbench
12:26:07        0      1459  100.00    0.00    0.00    0.00  100.00    43    143.00      0.00  117180    9224   0.01      0.00      0.00      0.00       0  sysbench
12:26:08        0      1459  100.00    0.00    0.00    0.00  100.00    43      0.00      0.00  117180    9224   0.01      0.00      0.00      0.00       0  sysbench
12:26:09        0      1459  100.00    0.00    0.00    0.00  100.00    43      0.00      0.00  117180    9224   0.01      0.00      0.00      0.00       0  sysbench
12:26:10        0      1459  100.00    0.00    0.00    0.00  100.00    43      0.00      0.00  117180    9224   0.01      0.00      0.00      0.00       0  sysbench

12:25:13        0      1391  100.00    0.00    0.00    0.00  100.00    47    286.00      0.00  117180    9028   0.01      0.00      0.00      0.00       0  sysbench
12:25:14        0      1391  100.00    0.00    0.00    0.00  100.00    47    102.00      0.00  117180    9204   0.01      0.00      0.00      0.00       0  sysbench
12:25:15        0      1391  100.00    0.00    0.00    0.00  100.00    47    139.00      0.00  117180    9204   0.01      0.00      0.00      0.00       0  sysbench
12:25:16        0      1391  100.00    0.00    0.00    0.00  100.00    47    143.00      0.00  117180    9204   0.01      0.00      0.00      0.00       0  sysbench
12:25:17        0      1391  100.00    0.00    0.00    0.00  100.00    47    139.00      0.00  117180    9204   0.01      0.00      0.00      0.00       0  sysbench
12:25:18        0      1391  100.00    0.00    0.00    0.00  100.00    47    282.00      0.00  117180    9204   0.01      0.00      0.00      0.00       0  sysbench
12:25:19        0      1391  100.00    0.00    0.00    0.00  100.00    47    143.00      0.00  117180    9204   0.01      0.00      0.00      0.00       0  sysbench
12:25:20        0      1391  100.00    0.00    0.00    0.00  100.00    47    282.00      0.00  117180    9204   0.01      0.00      0.00      0.00       0  sysbench
12:25:21        0      1391  100.00    0.00    0.00    0.00  100.00    47      0.00      0.00  117180    9204   0.01      0.00      0.00      0.00       0  sysbench

12:24:27        0      1323  100.00    0.00    0.00    0.00  100.00    17    288.00      0.00  117180    9024   0.01      0.00      0.00      0.00       0  sysbench
12:24:28        0      1323  100.00    0.00    0.00    0.00  100.00    17     90.00      0.00  117180    9324   0.01      0.00      0.00      0.00       0  sysbench
12:24:29        0      1323  100.00    0.00    0.00    0.00  100.00    17    139.00      0.00  117180    9324   0.01      0.00      0.00      0.00       0  sysbench
12:24:30        0      1323  100.00    0.00    0.00    0.00  100.00    17    143.00      0.00  117180    9324   0.01      0.00      0.00      0.00       0  sysbench
12:24:31        0      1323  100.00    0.00    0.00    0.00  100.00    17      0.00      0.00  117180    9324   0.01      0.00      0.00      0.00       0  sysbench
12:24:32        0      1323  100.00    0.00    0.00    0.00  100.00    17    282.00      0.00  117180    9324   0.01      0.00      0.00      0.00       0  sysbench
12:24:33        0      1323  100.00    0.00    0.00    0.00  100.00    17      0.00      0.00  117180    9324   0.01      0.00      0.00      0.00       0  sysbench
12:24:34        0      1323  100.00    0.00    0.00    0.00  100.00    17    139.00      0.00  117180    9324   0.01      0.00      0.00      0.00       0  sysbench
12:24:35        0      1323  100.00    0.00    0.00    0.00  100.00    17    143.00      0.00  117180    9324   0.01      0.00      0.00      0.00       0  sysbench

12:25:01        0      1374  100.00    0.00    0.00    0.00  100.00     1    286.00      0.00  117180    8980   0.01      0.00      0.00      0.00       0  sysbench
12:25:02        0      1374  100.00    0.00    0.00    0.00  100.00     1     81.00      0.00  117180    9172   0.01      0.00      0.00      0.00       0  sysbench
12:25:03        0      1374  100.00    0.00    0.00    0.00  100.00     1    139.00      0.00  117180    9172   0.01      0.00      0.00      0.00       0  sysbench
12:25:04        0      1374  100.00    0.00    0.00    0.00  100.00     1    143.00      0.00  117180    9172   0.01      0.00      0.00      0.00       0  sysbench
12:25:05        0      1374  100.00    0.00    0.00    0.00  100.00     1      0.00      0.00  117180    9172   0.01      0.00      0.00      0.00       0  sysbench
12:25:06        0      1374  100.00    0.00    0.00    0.00  100.00     1      0.00      0.00  117180    9172   0.01      0.00      0.00      0.00       0  sysbench
12:25:07        0      1374  100.00    0.00    0.00    0.00  100.00     1      0.00      0.00  117180    9172   0.01      0.00      0.00      0.00       0  sysbench
12:25:08        0      1374  100.00    0.00    0.00    0.00  100.00     1      0.00      0.00  117180    9172   0.01      0.00      0.00      0.00       0  sysbench
12:25:09        0      1374  100.00    0.00    0.00    0.00  100.00     1      0.00      0.00  117180    9172   0.01      0.00      0.00      0.00       0  sysbench

