13:53:36        0      3302  100.00    0.00    0.00    0.00  100.00    41    541.00      0.00  118212   11080   0.01      0.00      0.00      0.00       0  sysbench
13:53:37        0      3302  100.00    0.00    0.00    0.00  100.00    41     61.00      0.00  118212   11156   0.01      0.00      0.00      0.00       0  sysbench
13:53:38        0      3302  100.00    0.00    0.00    0.00  100.00    41    394.00      0.00  118212   11156   0.01      0.00      0.00      0.00       0  sysbench
13:53:39        0      3302  100.00    0.00    0.00    0.00  100.00    41    143.00      0.00  118212   11156   0.01      0.00      0.00      0.00       0  sysbench
13:53:40        0      3302  100.00    0.00    0.00    0.00  100.00    41      0.00      0.00  118212   11156   0.01      0.00      0.00      0.00       0  sysbench

13:53:09        0      3251  100.00    0.00    0.00    0.00  100.00    49    544.00      0.00  118212   11124   0.01      0.00      0.00      0.00       0  sysbench
13:53:10        0      3251  100.00    0.00    0.00    0.00  100.00    49     83.00      0.00  118212   11368   0.01      0.00      0.00      0.00       0  sysbench
13:53:11        0      3251  100.00    0.00    0.00    0.00  100.00    49    394.00      0.00  118212   11368   0.01      0.00      0.00      0.00       0  sysbench
13:53:12        0      3251  100.00    0.00    0.00    0.00  100.00    49    143.00      0.00  118212   11368   0.01      0.00      0.00      0.00       0  sysbench
13:53:13        0      3251  100.00    0.00    0.00    0.00  100.00    49      0.00      0.00  118212   11368   0.01      0.00      0.00      0.00       0  sysbench
13:53:14        0      3251  100.00    0.00    0.00    0.00  100.00    49      0.00      0.00  118212   11368   0.01      0.00      0.00      0.00       0  sysbench

13:53:00        0      3234  100.00    0.00    0.00    0.00  100.00    29    541.00      0.00  118212   10920   0.01      0.00      0.00      0.00       0  sysbench
13:53:01        0      3234  100.00    0.00    0.00    0.00  100.00    29     47.00      0.00  118212   11080   0.01      0.00      0.00      0.00       0  sysbench
13:53:02        0      3234  100.00    0.00    0.00    0.00  100.00    29    394.00      0.00  118212   11080   0.01      0.00      0.00      0.00       0  sysbench
13:53:03        0      3234  100.00    0.00    0.00    0.00  100.00    29    143.00      0.00  118212   11080   0.01      0.00      0.00      0.00       0  sysbench
13:53:04        0      3234  100.00    0.00    0.00    0.00  100.00    29      0.00      0.00  118212   11080   0.01      0.00      0.00      0.00       0  sysbench
13:53:05        0      3234  100.00    0.00    0.00    0.00  100.00    29    537.00      0.00  118212   11080   0.01      0.00      0.00      0.00       0  sysbench

13:52:32        0      3183  100.00    1.00    0.00    0.00  100.00    53    543.00      0.00  118212   10844   0.01      0.00      0.00      0.00       0  sysbench
13:52:33        0      3183  100.00    0.00    0.00    0.00  100.00    53     10.00      0.00  118212   11212   0.01      0.00      0.00      0.00       0  sysbench
13:52:34        0      3183  100.00    0.00    0.00    0.00  100.00    53    394.00      0.00  118212   11212   0.01      0.00      0.00      0.00       0  sysbench
13:52:35        0      3183  100.00    0.00    0.00    0.00  100.00    53    143.00      0.00  118212   11212   0.01      0.00      0.00      0.00       0  sysbench
13:52:36        0      3183  100.00    0.00    0.00    0.00  100.00    53      0.00      0.00  118212   11212   0.01      0.00      0.00      0.00       0  sysbench
13:52:37        0      3183  100.00    0.00    0.00    0.00  100.00    53      0.00      0.00  118212   11212   0.01      0.00      0.00      0.00       0  sysbench

13:53:17        0      3268  100.00    0.00    0.00    0.00  100.00    27    541.00      0.00  118212   10932   0.01      0.00      0.00      0.00       0  sysbench
13:53:18        0      3268  100.00    0.00    0.00    0.00  100.00    27     27.00      0.00  118212   11144   0.01      0.00      0.00      0.00       0  sysbench
13:53:19        0      3268  100.00    0.00    0.00    0.00  100.00    27    394.00      0.00  118212   11144   0.01      0.00      0.00      0.00       0  sysbench
13:53:20        0      3268  100.00    0.00    0.00    0.00  100.00    27    143.00      0.00  118212   11144   0.01      0.00      0.00      0.00       0  sysbench
13:53:21        0      3268  100.00    0.00    0.00    0.00  100.00    27    386.00      0.00  118212   11144   0.01      0.00      0.00      0.00       0  sysbench
13:53:22        0      3268  100.00    0.00    0.00    0.00  100.00    27    151.00      0.00  118212   11144   0.01      0.00      0.00      0.00       0  sysbench

13:52:24        0      3166  100.00    0.00    0.00    0.00  100.00    33    542.00      0.00  118212   11104   0.01      0.00      0.00      0.00       0  sysbench
13:52:25        0      3166  100.00    0.00    0.00    0.00  100.00    33     98.00      0.00  118212   11384   0.01      0.00      0.00      0.00       0  sysbench
13:52:26        0      3166  100.00    0.00    0.00    0.00  100.00    33    394.00      0.00  118212   11384   0.01      0.00      0.00      0.00       0  sysbench
13:52:27        0      3166  100.00    1.00    0.00    0.00  100.00    33    143.00      0.00  118212   11384   0.01      0.00      0.00      0.00       0  sysbench
13:52:28        0      3166  100.00    0.00    0.00    0.00  100.00    33      0.00      0.00  118212   11384   0.01      0.00      0.00      0.00       0  sysbench
13:52:29        0      3166  100.00    0.00    0.00    0.00  100.00    33      0.00      0.00  118212   11384   0.01      0.00      0.00      0.00       0  sysbench

13:53:27        0      3285  100.00    0.00    0.00    0.00  100.00    25    541.00      0.00  118212   10916   0.01      0.00      0.00      0.00       0  sysbench
13:53:28        0      3285  100.00    0.00    0.00    0.00  100.00    25     97.00      0.00  118212   11132   0.01      0.00      0.00      0.00       0  sysbench
13:53:29        0      3285  100.00    0.00    0.00    0.00  100.00    25    394.00      0.00  118212   11132   0.01      0.00      0.00      0.00       0  sysbench
13:53:30        0      3285  100.00    0.00    0.00    0.00  100.00    25    143.00      0.00  118212   11132   0.01      0.00      0.00      0.00       0  sysbench
13:53:31        0      3285  100.00    0.00    0.00    0.00  100.00    25      0.00      0.00  118212   11132   0.01      0.00      0.00      0.00       0  sysbench
13:53:32        0      3285  100.00    0.00    0.00    0.00  100.00    25      0.00      0.00  118212   11132   0.01      0.00      0.00      0.00       0  sysbench

13:52:50        0      3217  100.00    0.00    0.00    0.00  100.00    15    536.63      0.00  118212   10996   0.01      0.00      0.00      0.00       0  sysbench
13:52:51        0      3217  100.00    0.00    0.00    0.00  100.00    15     35.00      0.00  118212   11256   0.01      0.00      0.00      0.00       0  sysbench
13:52:52        0      3217  100.00    0.00    0.00    0.00  100.00    15    394.00      0.00  118212   11256   0.01      0.00      0.00      0.00       0  sysbench
13:52:53        0      3217  100.00    0.00    0.00    0.00  100.00    15    143.00      0.00  118212   11256   0.01      0.00      0.00      0.00       0  sysbench
13:52:54        0      3217  100.00    0.00    0.00    0.00  100.00    15      0.00      0.00  118212   11256   0.01      0.00      0.00      0.00       0  sysbench
13:52:55        0      3217  100.00    0.00    0.00    0.00  100.00    15      0.00      0.00  118212   11256   0.01      0.00      0.00      0.00       0  sysbench

13:52:16        0      3149  100.00    0.00    0.00    0.00  100.00    13    542.00      0.00  118212   11152   0.01      0.00      0.00      0.00       0  sysbench
13:52:17        0      3149  100.00    0.00    0.00    0.00  100.00    13     73.00      0.00  118212   11164   0.01      0.00      0.00      0.00       0  sysbench
13:52:18        0      3149  100.00    0.00    0.00    0.00  100.00    13    394.00      0.00  118212   11164   0.01      0.00      0.00      0.00       0  sysbench
13:52:19        0      3149  100.00    0.00    0.00    0.00  100.00    13    143.00      0.00  118212   11164   0.01      0.00      0.00      0.00       0  sysbench
13:52:20        0      3149  100.00    0.00    0.00    0.00  100.00    13    276.00      0.00  118212   11164   0.01      0.00      0.00      0.00       0  sysbench
13:52:21        0      3149  100.00    0.00    0.00    0.00  100.00    13    261.00      0.00  118212   11164   0.01      0.00      0.00      0.00       0  sysbench

13:52:41        0      3200  100.00    0.00    0.00    0.00  100.00    43    543.00      0.00  118212   10848   0.01      0.00      0.00      0.00       0  sysbench
13:52:42        0      3200  100.00    0.00    0.00    0.00  100.00    43     10.00      0.00  118212   10848   0.01      0.00      0.00      0.00       0  sysbench
13:52:43        0      3200  100.00    0.00    0.00    0.00  100.00    43    394.00      0.00  118212   10976   0.01      0.00      0.00      0.00       0  sysbench
13:52:44        0      3200  100.00    0.00    0.00    0.00  100.00    43    143.00      0.00  118212   11216   0.01      0.00      0.00      0.00       0  sysbench
13:52:45        0      3200  100.00    0.00    0.00    0.00  100.00    43    394.00      0.00  118212   11216   0.01      0.00      0.00      0.00       0  sysbench
13:52:46        0      3200  100.00    0.00    0.00    0.00  100.00    43    143.00      0.00  118212   11216   0.01      0.00      0.00      0.00       0  sysbench

