11:14:26        0       333  100.00    0.00    0.00    0.00  100.00    24    795.00      0.00  119236   11976   0.01      0.00      0.00      0.00       0  sysbench
11:14:27        0       333  100.00    0.00    0.00    0.00  100.00    24     91.00      0.00  119236   12076   0.01      0.00      0.00      0.00       0  sysbench
11:14:28        0       333  100.00    0.00    0.00    0.00  100.00    24    650.00      0.00  119236   12076   0.01      0.00      0.00      0.00       0  sysbench
11:14:29        0       333  100.00    0.00    0.00    0.00  100.00    24    143.00      0.00  119236   12076   0.01      0.00      0.00      0.00       0  sysbench
11:14:30        0       333  100.00    0.00    0.00    0.00  100.00    24      0.00      0.00  119236   12076   0.01      0.00      0.00      0.00       0  sysbench
11:14:31        0       333  100.00    0.00    0.00    0.00  100.00    24    793.00      0.00  119236   12076   0.01      0.00      0.00      0.00       0  sysbench
11:14:32        0       333  100.00    0.00    0.00    0.00  100.00    24      0.00      0.00  119236   12076   0.01      0.00      0.00      0.00       0  sysbench
11:14:33        0       333  100.00    0.00    0.00    0.00  100.00    24      0.00      0.00  119236   12076   0.01      0.00      0.00      0.00       0  sysbench
11:14:34        0       333  100.00    0.00    0.00    0.00  100.00    24      0.00      0.00  119236   12076   0.01      0.00      0.00      0.00       0  sysbench

11:13:48        0       282  100.00    0.00    0.00    0.00  100.00    28    798.00      0.00  119236   11796   0.01      0.00      0.00      0.00       0  sysbench
11:13:49        0       282  100.00    0.00    0.00    0.00  100.00    28    101.00      0.00  119236   12000   0.01      0.00      0.00      0.00       0  sysbench
11:13:50        0       282  100.00    0.00    0.00    0.00  100.00    28    650.00      0.00  119236   12000   0.01      0.00      0.00      0.00       0  sysbench
11:13:51        0       282  100.00    0.00    0.00    0.00  100.00    28    143.00      0.00  119236   12000   0.01      0.00      0.00      0.00       0  sysbench
11:13:52        0       282  100.00    0.00    0.00    0.00  100.00    28      0.00      0.00  119236   12000   0.01      0.00      0.00      0.00       0  sysbench
11:13:53        0       282  100.00    0.00    0.00    0.00  100.00    28      0.00      0.00  119236   12000   0.01      0.00      0.00      0.00       0  sysbench
11:13:54        0       282  100.00    0.00    0.00    0.00  100.00    28    650.00      0.00  119236   12000   0.01      0.00      0.00      0.00       0  sysbench
11:13:55        0       282  100.00    0.00    0.00    0.00  100.00    28    143.00      0.00  119236   12000   0.01      0.00      0.00      0.00       0  sysbench
11:13:56        0       282  100.00    0.00    0.00    0.00  100.00    28      0.00      0.00  119236   12000   0.01      0.00      0.00      0.00       0  sysbench

11:13:36        0       265  100.00    0.00    0.00    0.00  100.00    31    797.00      0.00  119236   11788   0.01      0.00      0.00      0.00       0  sysbench
11:13:37        0       265  100.00    0.00    0.00    0.00  100.00    31     88.00      0.00  119236   12004   0.01      0.00      0.00      0.00       0  sysbench
11:13:38        0       265  100.00    0.00    0.00    0.00  100.00    31    650.00      0.00  119236   12004   0.01      0.00      0.00      0.00       0  sysbench
11:13:39        0       265  100.00    0.00    0.00    0.00  100.00    31    143.00      0.00  119236   12004   0.01      0.00      0.00      0.00       0  sysbench
11:13:40        0       265  100.00    0.00    0.00    0.00  100.00    31      0.00      0.00  119236   12004   0.01      0.00      0.00      0.00       0  sysbench
11:13:41        0       265  100.00    0.00    0.00    0.00  100.00    31      0.00      0.00  119236   12004   0.01      0.00      0.00      0.00       0  sysbench
11:13:42        0       265  100.00    0.00    0.00    0.00  100.00    31      0.00      0.00  119236   12004   0.01      0.00      0.00      0.00       0  sysbench
11:13:43        0       265  100.00    0.00    0.00    0.00  100.00    31    793.00      0.00  119236   12004   0.01      0.00      0.00      0.00       0  sysbench
11:13:44        0       265  100.00    0.00    0.00    0.00  100.00    31      0.00      0.00  119236   12004   0.01      0.00      0.00      0.00       0  sysbench

11:13:01        0       214  100.00    1.00    0.00    0.00  100.00    24    797.00      0.00  119236   11800   0.01      0.00      0.00      0.00       0  sysbench
11:13:02        0       214  100.00    0.00    0.00    0.00  100.00    24     17.00      0.00  119236   12012   0.01      0.00      0.00      0.00       0  sysbench
11:13:03        0       214  100.00    0.00    0.00    0.00  100.00    24    650.00      0.00  119236   12012   0.01      0.00      0.00      0.00       0  sysbench
11:13:04        0       214  100.00    0.00    0.00    0.00  100.00    24    143.00      0.00  119236   12012   0.01      0.00      0.00      0.00       0  sysbench
11:13:05        0       214  100.00    0.00    0.00    0.00  100.00    24    602.00      0.00  119236   12012   0.01      0.00      0.00      0.00       0  sysbench
11:13:06        0       214  100.00    0.00    0.00    0.00  100.00    24    191.00      0.00  119236   12012   0.01      0.00      0.00      0.00       0  sysbench
11:13:07        0       214  100.00    0.00    0.00    0.00  100.00    24      0.00      0.00  119236   12012   0.01      0.00      0.00      0.00       0  sysbench
11:13:08        0       214  100.00    0.00    0.00    0.00  100.00    24      0.00      0.00  119236   12012   0.01      0.00      0.00      0.00       0  sysbench
11:13:09        0       214  100.00    0.00    0.00    0.00  100.00    24      0.00      0.00  119236   12012   0.01      0.00      0.00      0.00       0  sysbench

11:14:00        0       299  100.00    0.00    0.00    0.00  100.00    10    797.00      0.00  119236   11952   0.01      0.00      0.00      0.00       0  sysbench
11:14:01        0       299  100.00    0.00    0.00    0.00  100.00    10    101.00      0.00  119236   12032   0.01      0.00      0.00      0.00       0  sysbench
11:14:02        0       299  100.00    1.00    0.00    0.00  100.00    10    650.00      0.00  119236   12032   0.01      0.00      0.00      0.00       0  sysbench
11:14:03        0       299  100.00    0.00    0.00    0.00  100.00    10    143.00      0.00  119236   12032   0.01      0.00      0.00      0.00       0  sysbench
11:14:04        0       299  100.00    0.00    0.00    0.00  100.00    10      0.00      0.00  119236   12032   0.01      0.00      0.00      0.00       0  sysbench
11:14:05        0       299  100.00    0.00    0.00    0.00  100.00    10      0.00      0.00  119236   12032   0.01      0.00      0.00      0.00       0  sysbench
11:14:06        0       299  100.00    0.00    0.00    0.00  100.00    10    650.00      0.00  119236   12032   0.01      0.00      0.00      0.00       0  sysbench
11:14:07        0       299  100.00    0.00    0.00    0.00  100.00    10    143.00      0.00  119236   12032   0.01      0.00      0.00      0.00       0  sysbench
11:14:08        0       299  100.00    0.00    0.00    0.00  100.00    10      0.00      0.00  119236   12032   0.01      0.00      0.00      0.00       0  sysbench

11:12:49        0       197  100.00    0.00    0.00    0.00  100.00    22    796.00      0.00  119236   12088   0.01      0.00      0.00      0.00       0  sysbench
11:12:50        0       197  100.00    0.00    0.00    0.00  100.00    22      0.00      0.00  119236   12088   0.01      0.00      0.00      0.00       0  sysbench
11:12:51        0       197  100.00    0.00    0.00    0.00  100.00    22    650.00      0.00  119236   12088   0.01      0.00      0.00      0.00       0  sysbench
11:12:52        0       197  100.00    0.00    0.00    0.00  100.00    22    143.00      0.00  119236   12092   0.01      0.00      0.00      0.00       0  sysbench
11:12:53        0       197  100.00    0.00    0.00    0.00  100.00    22      0.00      0.00  119236   12092   0.01      0.00      0.00      0.00       0  sysbench
11:12:54        0       197  100.00    0.00    0.00    0.00  100.00    22      0.00      0.00  119236   12092   0.01      0.00      0.00      0.00       0  sysbench
11:12:55        0       197  100.00    0.00    0.00    0.00  100.00    22      0.00      0.00  119236   12092   0.01      0.00      0.00      0.00       0  sysbench
11:12:56        0       197  100.00    0.00    0.00    0.00  100.00    22      0.00      0.00  119236   12092   0.01      0.00      0.00      0.00       0  sysbench
11:12:57        0       197  100.00    0.00    0.00    0.00  100.00    22      0.00      0.00  119236   12092   0.01      0.00      0.00      0.00       0  sysbench

11:14:13        0       316  100.00    0.00    0.00    0.00  100.00    34    797.00      0.00  119236   11788   0.01      0.00      0.00      0.00       0  sysbench
11:14:14        0       316  100.00    0.00    0.00    0.00  100.00    34      6.00      0.00  119236   12036   0.01      0.00      0.00      0.00       0  sysbench
11:14:15        0       316  100.00    0.00    0.00    0.00  100.00    34    650.00      0.00  119236   12036   0.01      0.00      0.00      0.00       0  sysbench
11:14:16        0       316  100.00    0.00    0.00    0.00  100.00    34    143.00      0.00  119236   12036   0.01      0.00      0.00      0.00       0  sysbench
11:14:17        0       316  100.00    0.00    0.00    0.00  100.00    34      0.00      0.00  119236   12036   0.01      0.00      0.00      0.00       0  sysbench
11:14:18        0       316  100.00    0.00    0.00    0.00  100.00    34      0.00      0.00  119236   12036   0.01      0.00      0.00      0.00       0  sysbench
11:14:19        0       316  100.00    0.00    0.00    0.00  100.00    34      0.00      0.00  119236   12036   0.01      0.00      0.00      0.00       0  sysbench
11:14:20        0       316  100.00    0.00    0.00    0.00  100.00    34      0.00      0.00  119236   12036   0.01      0.00      0.00      0.00       0  sysbench
11:14:21        0       316  100.00    0.00    0.00    0.00  100.00    34      0.00      0.00  119236   12036   0.01      0.00      0.00      0.00       0  sysbench

11:13:24        0       248  100.00    1.00    0.00    0.00  100.00    35    798.00      0.00  119236   11832   0.01      0.00      0.00      0.00       0  sysbench
11:13:25        0       248  100.00    0.00    0.00    0.00  100.00    35     51.00      0.00  119236   12008   0.01      0.00      0.00      0.00       0  sysbench
11:13:26        0       248  100.00    0.00    0.00    0.00  100.00    35    650.00      0.00  119236   12008   0.01      0.00      0.00      0.00       0  sysbench
11:13:27        0       248  100.00    0.00    0.00    0.00  100.00    35    143.00      0.00  119236   12008   0.01      0.00      0.00      0.00       0  sysbench
11:13:28        0       248  100.00    0.00    0.00    0.00  100.00    35    615.00      0.00  119236   12008   0.01      0.00      0.00      0.00       0  sysbench
11:13:29        0       248  100.00    0.00    0.00    0.00  100.00    35    178.00      0.00  119236   12008   0.01      0.00      0.00      0.00       0  sysbench
11:13:30        0       248  100.00    0.00    0.00    0.00  100.00    35      0.00      0.00  119236   12008   0.01      0.00      0.00      0.00       0  sysbench
11:13:31        0       248  100.00    0.00    0.00    0.00  100.00    35    650.00      0.00  119236   12008   0.01      0.00      0.00      0.00       0  sysbench
11:13:32        0       248  100.00    0.00    0.00    0.00  100.00    35    143.00      0.00  119236   12008   0.01      0.00      0.00      0.00       0  sysbench

11:12:38        0       180  100.00    0.00    0.00    0.00  100.00    51    797.00      0.00  119236   11532   0.01      0.00      0.00      0.00       0  sysbench
11:12:39        0       180  100.00    0.00    0.00    0.00  100.00    51      1.00      0.00  119236   11788   0.01      0.00      0.00      0.00       0  sysbench
11:12:40        0       180  100.00    0.00    0.00    0.00  100.00    51    650.00      0.00  119236   11788   0.01      0.00      0.00      0.00       0  sysbench
11:12:41        0       180  100.00    0.00    0.00    0.00  100.00    51    143.00      0.00  119236   11788   0.01      0.00      0.00      0.00       0  sysbench
11:12:42        0       180  100.00    0.00    0.00    0.00  100.00    51      0.00      0.00  119236   11788   0.01      0.00      0.00      0.00       0  sysbench
11:12:43        0       180  100.00    0.00    0.00    0.00  100.00    51      0.00      0.00  119236   11788   0.01      0.00      0.00      0.00       0  sysbench
11:12:44        0       180  100.00    0.00    0.00    0.00  100.00    51    650.00      0.00  119236   11788   0.01      0.00      0.00      0.00       0  sysbench
11:12:45        0       180  100.00    0.00    0.00    0.00  100.00    51    143.00      0.00  119236   11788   0.01      0.00      0.00      0.00       0  sysbench
11:12:46        0       180  100.00    0.00    0.00    0.00  100.00    51      0.00      0.00  119236   11788   0.01      0.00      0.00      0.00       0  sysbench

11:13:12        0       231  100.00    0.00    0.00    0.00  100.00    30    799.00      0.00  119236   11840   0.01      0.00      0.00      0.00       0  sysbench
11:13:13        0       231  100.00    0.00    0.00    0.00  100.00    30     37.00      0.00  119236   12084   0.01      0.00      0.00      0.00       0  sysbench
11:13:14        0       231  100.00    0.00    0.00    0.00  100.00    30    650.00      0.00  119236   12084   0.01      0.00      0.00      0.00       0  sysbench
11:13:15        0       231  100.00    0.00    0.00    0.00  100.00    30    143.00      0.00  119236   12084   0.01      0.00      0.00      0.00       0  sysbench
11:13:16        0       231  100.00    0.00    0.00    0.00  100.00    30      0.00      0.00  119236   12084   0.01      0.00      0.00      0.00       0  sysbench
11:13:17        0       231  100.00    0.00    0.00    0.00  100.00    30      0.00      0.00  119236   12084   0.01      0.00      0.00      0.00       0  sysbench
11:13:18        0       231  100.00    0.00    0.00    0.00  100.00    30      0.00      0.00  119236   12084   0.01      0.00      0.00      0.00       0  sysbench
11:13:19        0       231  100.00    0.00    0.00    0.00  100.00    30    793.00      0.00  119236   12084   0.01      0.00      0.00      0.00       0  sysbench
11:13:20        0       231  100.00    0.00    0.00    0.00  100.00    30      0.00      0.00  119236   12084   0.01      0.00      0.00      0.00       0  sysbench

