Linux 4.9.125-linuxkit (9d455f52a1fa) 	08/08/19 	_x86_64_	(2 CPU)

# Time        UID       PID    %usr %system  %guest   %wait    %CPU   CPU  minflt/s  majflt/s     VSZ     RSS   %MEM   kB_rd/s   kB_wr/s kB_ccwr/s iodelay  Command
23:42:09        0         1    0.00    0.00    0.00    0.00    0.00     1      0.00      0.00   18504    3032   0.15      0.00      0.00      0.00       0  bash
23:42:09        0       443   72.00   27.00    0.00    0.00   99.00     1    134.00      0.00  118208   10564   0.52      0.00      0.00      0.00       0  sysbench
23:42:09        0       453    0.00    0.00    0.00    0.00    0.00     0    426.00      0.00    7152    2896   0.14      0.00      0.00      0.00       0  pidstat

# Time        UID       PID    %usr %system  %guest   %wait    %CPU   CPU  minflt/s  majflt/s     VSZ     RSS   %MEM   kB_rd/s   kB_wr/s kB_ccwr/s iodelay  Command
23:42:10        0         1    0.00    0.00    0.00    0.00    0.00     1      0.00      0.00   18504    3032   0.15      0.00      0.00      0.00       0  bash
23:42:10        0       443   74.00   25.00    0.00    0.00   99.00     1      0.00      0.00  118208   10564   0.52      0.00      0.00      0.00       0  sysbench
23:42:10        0       453    0.00    0.00    0.00    0.00    0.00     0    102.00      0.00    7152    3340   0.16      0.00      0.00      0.00       0  pidstat

# Time        UID       PID    %usr %system  %guest   %wait    %CPU   CPU  minflt/s  majflt/s     VSZ     RSS   %MEM   kB_rd/s   kB_wr/s kB_ccwr/s iodelay  Command
23:42:11        0         1    0.00    0.00    0.00    0.00    0.00     1      0.00      0.00   18504    3032   0.15      0.00      0.00      0.00       0  bash
23:42:11        0       443   70.00   30.00    0.00    0.00  100.00     1      0.00      0.00  118208   10564   0.52      0.00      0.00      0.00       0  sysbench
23:42:11        0       453    0.00    0.00    0.00    0.00    0.00     0      0.00      0.00    7152    3340   0.16      0.00      0.00      0.00       0  pidstat

# Time        UID       PID    %usr %system  %guest   %wait    %CPU   CPU  minflt/s  majflt/s     VSZ     RSS   %MEM   kB_rd/s   kB_wr/s kB_ccwr/s iodelay  Command
23:42:12        0         1    0.00    0.00    0.00    0.00    0.00     1      0.00      0.00   18504    3032   0.15      0.00      0.00      0.00       0  bash
23:42:12        0       443   81.19   17.82    0.00    0.00   99.01     1      0.00      0.00  118208   10564   0.52      0.00      0.00      0.00       0  sysbench
23:42:12        0       453    0.00    0.00    0.00    0.00    0.00     0      0.00      0.00    7152    3340   0.16      0.00      0.00      0.00       0  pidstat

# Time        UID       PID    %usr %system  %guest   %wait    %CPU   CPU  minflt/s  majflt/s     VSZ     RSS   %MEM   kB_rd/s   kB_wr/s kB_ccwr/s iodelay  Command
23:42:13        0         1    0.00    0.00    0.00    0.00    0.00     1      0.00      0.00   18504    3032   0.15      0.00      0.00      0.00       0  bash
23:42:13        0       443   76.00   24.00    0.00    0.00  100.00     1      0.00      0.00  118208   10564   0.52      0.00      0.00      0.00       0  sysbench
23:42:13        0       453    0.00    0.00    0.00    0.00    0.00     0      0.00      0.00    7152    3340   0.16      0.00      0.00      0.00       0  pidstat

# Time        UID       PID    %usr %system  %guest   %wait    %CPU   CPU  minflt/s  majflt/s     VSZ     RSS   %MEM   kB_rd/s   kB_wr/s kB_ccwr/s iodelay  Command
23:42:14        0         1    0.00    0.00    0.00    0.00    0.00     1      0.00      0.00   18504    3032   0.15      0.00      0.00      0.00       0  bash
23:42:14        0       443   75.00   24.00    0.00    0.00   99.00     1      0.00      0.00  118208   10564   0.52      0.00      0.00      0.00       0  sysbench
23:42:14        0       453    0.00    0.00    0.00    0.00    0.00     0      0.00      0.00    7152    3340   0.16      0.00      0.00      0.00       0  pidstat

# Time        UID       PID    %usr %system  %guest   %wait    %CPU   CPU  minflt/s  majflt/s     VSZ     RSS   %MEM   kB_rd/s   kB_wr/s kB_ccwr/s iodelay  Command
23:42:15        0         1    0.00    0.00    0.00    0.00    0.00     1      0.00      0.00   18504    3032   0.15      0.00      0.00      0.00       0  bash
23:42:15        0       443   83.00   17.00    0.00    0.00  100.00     1      0.00      0.00  118208   10564   0.52      0.00      0.00      0.00       0  sysbench
23:42:15        0       453    0.00    0.00    0.00    0.00    0.00     0      0.00      0.00    7152    3340   0.16      0.00      0.00      0.00       0  pidstat

# Time        UID       PID    %usr %system  %guest   %wait    %CPU   CPU  minflt/s  majflt/s     VSZ     RSS   %MEM   kB_rd/s   kB_wr/s kB_ccwr/s iodelay  Command
23:42:16        0         1    0.00    0.00    0.00    0.00    0.00     1      0.00      0.00   18504    3032   0.15      0.00      0.00      0.00       0  bash
23:42:16        0       443   76.00   24.00    0.00    0.00  100.00     1      0.00      0.00  118208   10564   0.52      0.00      0.00      0.00       0  sysbench
23:42:16        0       453    0.00    0.00    0.00    0.00    0.00     0      0.00      0.00    7152    3340   0.16      0.00      0.00      0.00       0  pidstat

# Time        UID       PID    %usr %system  %guest   %wait    %CPU   CPU  minflt/s  majflt/s     VSZ     RSS   %MEM   kB_rd/s   kB_wr/s kB_ccwr/s iodelay  Command
23:42:17        0         1    0.00    0.00    0.00    0.00    0.00     1      0.00      0.00   18504    3032   0.15      0.00      0.00      0.00       0  bash
23:42:17        0       453    0.00    0.00    0.00    0.00    0.00     0      0.00      0.00    7152    3340   0.16      0.00      0.00      0.00       0  pidstat

Linux 4.9.125-linuxkit (9d455f52a1fa) 	08/08/19 	_x86_64_	(2 CPU)

# Time        UID       PID    %usr %system  %guest   %wait    %CPU   CPU  minflt/s  majflt/s     VSZ     RSS   %MEM   kB_rd/s   kB_wr/s kB_ccwr/s iodelay  Command
23:42:19        0         1    0.00    0.00    0.00    0.00    0.00     1      0.00      0.00   18504    3032   0.15      0.00      0.00      0.00       0  bash
23:42:19        0       465   70.00   29.00    0.00    0.00   99.00     0    133.00      0.00  118208   10856   0.53      0.00      0.00      0.00       0  sysbench
23:42:19        0       473    0.00    0.00    0.00    0.00    0.00     1    426.00      0.00    7152    2852   0.14      0.00      0.00      0.00       0  pidstat

# Time        UID       PID    %usr %system  %guest   %wait    %CPU   CPU  minflt/s  majflt/s     VSZ     RSS   %MEM   kB_rd/s   kB_wr/s kB_ccwr/s iodelay  Command
23:42:20        0         1    0.00    0.00    0.00    0.00    0.00     1      0.00      0.00   18504    3032   0.15      0.00      0.00      0.00       0  bash
23:42:20        0       465   80.00   20.00    0.00    0.00  100.00     0      0.00      0.00  118208   10856   0.53      0.00      0.00      0.00       0  sysbench
23:42:20        0       473    0.00    0.00    0.00    0.00    0.00     1    101.00      0.00    7152    3292   0.16      0.00      0.00      0.00       0  pidstat

# Time        UID       PID    %usr %system  %guest   %wait    %CPU   CPU  minflt/s  majflt/s     VSZ     RSS   %MEM   kB_rd/s   kB_wr/s kB_ccwr/s iodelay  Command
23:42:21        0         1    0.00    0.00    0.00    0.00    0.00     1      0.00      0.00   18504    3032   0.15      0.00      0.00      0.00       0  bash
23:42:21        0       465   74.00   25.00    0.00    0.00   99.00     0      0.00      0.00  118208   10856   0.53      0.00      0.00      0.00       0  sysbench
23:42:21        0       473    0.00    0.00    0.00    0.00    0.00     1      0.00      0.00    7152    3292   0.16      0.00      0.00      0.00       0  pidstat

# Time        UID       PID    %usr %system  %guest   %wait    %CPU   CPU  minflt/s  majflt/s     VSZ     RSS   %MEM   kB_rd/s   kB_wr/s kB_ccwr/s iodelay  Command
23:42:22        0         1    0.00    0.00    0.00    0.00    0.00     1      0.00      0.00   18504    3032   0.15      0.00      0.00      0.00       0  bash
23:42:22        0       465   79.21   18.81    0.00    0.00   98.02     0      0.00      0.00  118208   10856   0.53      0.00      0.00      0.00       0  sysbench
23:42:22        0       473    0.00    0.00    0.00    0.99    0.00     1      0.00      0.00    7152    3292   0.16      0.00      0.00      0.00       0  pidstat

# Time        UID       PID    %usr %system  %guest   %wait    %CPU   CPU  minflt/s  majflt/s     VSZ     RSS   %MEM   kB_rd/s   kB_wr/s kB_ccwr/s iodelay  Command
23:42:23        0         1    0.00    0.00    0.00    0.00    0.00     1      0.00      0.00   18504    3032   0.15      0.00      0.00      0.00       0  bash
23:42:23        0       465   71.00   28.00    0.00    0.00   99.00     0      0.00      0.00  118208   10856   0.53      0.00      0.00      0.00       0  sysbench
23:42:23        0       473    0.00    0.00    0.00    0.00    0.00     1      0.00      0.00    7152    3292   0.16      0.00      0.00      0.00       0  pidstat

# Time        UID       PID    %usr %system  %guest   %wait    %CPU   CPU  minflt/s  majflt/s     VSZ     RSS   %MEM   kB_rd/s   kB_wr/s kB_ccwr/s iodelay  Command
23:42:24        0         1    0.00    0.00    0.00    0.00    0.00     1      0.00      0.00   18504    3032   0.15      0.00      0.00      0.00       0  bash
23:42:24        0       465   73.00   27.00    0.00    0.00  100.00     0      0.00      0.00  118208   10856   0.53      0.00      0.00      0.00       0  sysbench
23:42:24        0       473    0.00    0.00    0.00    0.00    0.00     1      0.00      0.00    7152    3292   0.16      0.00      0.00      0.00       0  pidstat

# Time        UID       PID    %usr %system  %guest   %wait    %CPU   CPU  minflt/s  majflt/s     VSZ     RSS   %MEM   kB_rd/s   kB_wr/s kB_ccwr/s iodelay  Command
23:42:25        0         1    0.00    0.00    0.00    0.00    0.00     1      0.00      0.00   18504    3032   0.15      0.00      0.00      0.00       0  bash
23:42:25        0       465   73.00   27.00    0.00    0.00  100.00     0      0.00      0.00  118208   10856   0.53      0.00      0.00      0.00       0  sysbench
23:42:25        0       473    0.00    0.00    0.00    0.00    0.00     1      0.00      0.00    7152    3292   0.16      0.00      0.00      0.00       0  pidstat

# Time        UID       PID    %usr %system  %guest   %wait    %CPU   CPU  minflt/s  majflt/s     VSZ     RSS   %MEM   kB_rd/s   kB_wr/s kB_ccwr/s iodelay  Command
23:42:26        0         1    0.00    0.00    0.00    0.00    0.00     1      0.00      0.00   18504    3032   0.15      0.00      0.00      0.00       0  bash
23:42:26        0       465   79.00   20.00    0.00    0.00   99.00     0      0.00      0.00  118208   10856   0.53      0.00      0.00      0.00       0  sysbench
23:42:26        0       473    0.00    0.00    0.00    0.00    0.00     1      0.00      0.00    7152    3292   0.16      0.00      0.00      0.00       0  pidstat

# Time        UID       PID    %usr %system  %guest   %wait    %CPU   CPU  minflt/s  majflt/s     VSZ     RSS   %MEM   kB_rd/s   kB_wr/s kB_ccwr/s iodelay  Command
23:42:27        0         1    0.00    0.00    0.00    0.00    0.00     1      0.00      0.00   18504    3032   0.15      0.00      0.00      0.00       0  bash
23:42:27        0       473    0.00    0.00    0.00    0.00    0.00     1      0.00      0.00    7152    3292   0.16      0.00      0.00      0.00       0  pidstat

Linux 4.9.125-linuxkit (9d455f52a1fa) 	08/08/19 	_x86_64_	(2 CPU)

# Time        UID       PID    %usr %system  %guest   %wait    %CPU   CPU  minflt/s  majflt/s     VSZ     RSS   %MEM   kB_rd/s   kB_wr/s kB_ccwr/s iodelay  Command
23:41:49        0         1    0.00    0.00    0.00    0.00    0.00     1      0.00      0.00   18504    3032   0.15      0.00      0.00      0.00       0  bash
23:41:49        0       402   76.00   24.00    0.00    0.00  100.00     0    134.00      0.00  118208   10944   0.53      0.00      0.00      0.00       0  sysbench
23:41:49        0       411    0.00    0.00    0.00    0.00    0.00     0    426.00      0.00    7152    2816   0.14      0.00      0.00      0.00       0  pidstat

# Time        UID       PID    %usr %system  %guest   %wait    %CPU   CPU  minflt/s  majflt/s     VSZ     RSS   %MEM   kB_rd/s   kB_wr/s kB_ccwr/s iodelay  Command
23:41:50        0         1    0.00    0.00    0.00    0.00    0.00     1      0.00      0.00   18504    3032   0.15      0.00      0.00      0.00       0  bash
23:41:50        0       402   77.00   21.00    0.00    0.00   98.00     0      0.00      0.00  118208   10944   0.53      0.00      0.00      0.00       0  sysbench
23:41:50        0       411    1.00    0.00    0.00    0.00    1.00     0    101.00      0.00    7152    3260   0.16      0.00      0.00      0.00       0  pidstat

# Time        UID       PID    %usr %system  %guest   %wait    %CPU   CPU  minflt/s  majflt/s     VSZ     RSS   %MEM   kB_rd/s   kB_wr/s kB_ccwr/s iodelay  Command
23:41:51        0         1    0.00    0.00    0.00    0.00    0.00     1      0.00      0.00   18504    3032   0.15      0.00      0.00      0.00       0  bash
23:41:51        0       402   79.21   19.80    0.00    0.00   99.01     0      0.00      0.00  118208   10944   0.53      0.00      0.00      0.00       0  sysbench
23:41:51        0       411    0.00    0.00    0.00    0.00    0.00     0      0.00      0.00    7152    3260   0.16      0.00      0.00      0.00       0  pidstat

# Time        UID       PID    %usr %system  %guest   %wait    %CPU   CPU  minflt/s  majflt/s     VSZ     RSS   %MEM   kB_rd/s   kB_wr/s kB_ccwr/s iodelay  Command
23:41:52        0         1    0.00    0.00    0.00    0.00    0.00     1      0.00      0.00   18504    3032   0.15      0.00      0.00      0.00       0  bash
23:41:52        0       402   75.00   25.00    0.00    0.00  100.00     0      0.00      0.00  118208   10944   0.53      0.00      0.00      0.00       0  sysbench
23:41:52        0       411    0.00    0.00    0.00    0.00    0.00     0      0.00      0.00    7152    3260   0.16      0.00      0.00      0.00       0  pidstat

# Time        UID       PID    %usr %system  %guest   %wait    %CPU   CPU  minflt/s  majflt/s     VSZ     RSS   %MEM   kB_rd/s   kB_wr/s kB_ccwr/s iodelay  Command
23:41:53        0         1    0.00    0.00    0.00    0.00    0.00     1      0.00      0.00   18504    3032   0.15      0.00      0.00      0.00       0  bash
23:41:53        0       402   76.00   23.00    0.00    0.00   99.00     0      0.00      0.00  118208   10944   0.53      0.00      0.00      0.00       0  sysbench
23:41:53        0       411    0.00    0.00    0.00    0.00    0.00     0      0.00      0.00    7152    3260   0.16      0.00      0.00      0.00       0  pidstat

# Time        UID       PID    %usr %system  %guest   %wait    %CPU   CPU  minflt/s  majflt/s     VSZ     RSS   %MEM   kB_rd/s   kB_wr/s kB_ccwr/s iodelay  Command
23:41:54        0         1    0.00    0.00    0.00    0.00    0.00     1      0.00      0.00   18504    3032   0.15      0.00      0.00      0.00       0  bash
23:41:54        0       402   71.00   28.00    0.00    0.00   99.00     0      0.00      0.00  118208   10944   0.53      0.00      0.00      0.00       0  sysbench
23:41:54        0       411    0.00    0.00    0.00    0.00    0.00     0      0.00      0.00    7152    3260   0.16      0.00      0.00      0.00       0  pidstat

# Time        UID       PID    %usr %system  %guest   %wait    %CPU   CPU  minflt/s  majflt/s     VSZ     RSS   %MEM   kB_rd/s   kB_wr/s kB_ccwr/s iodelay  Command
23:41:55        0         1    0.00    0.00    0.00    0.00    0.00     1      0.00      0.00   18504    3032   0.15      0.00      0.00      0.00       0  bash
23:41:55        0       402   81.00   19.00    0.00    0.00  100.00     0      0.00      0.00  118208   10944   0.53      0.00      0.00      0.00       0  sysbench
23:41:55        0       411    0.00    0.00    0.00    0.00    0.00     0      0.00      0.00    7152    3260   0.16      0.00      0.00      0.00       0  pidstat

# Time        UID       PID    %usr %system  %guest   %wait    %CPU   CPU  minflt/s  majflt/s     VSZ     RSS   %MEM   kB_rd/s   kB_wr/s kB_ccwr/s iodelay  Command
23:41:56        0         1    0.00    0.00    0.00    0.00    0.00     1      0.00      0.00   18504    3032   0.15      0.00      0.00      0.00       0  bash
23:41:56        0       402   79.00   21.00    0.00    0.00  100.00     0      0.00      0.00  118208   10944   0.53      0.00      0.00      0.00       0  sysbench
23:41:56        0       411    0.00    0.00    0.00    0.00    0.00     0      0.00      0.00    7152    3260   0.16      0.00      0.00      0.00       0  pidstat

# Time        UID       PID    %usr %system  %guest   %wait    %CPU   CPU  minflt/s  majflt/s     VSZ     RSS   %MEM   kB_rd/s   kB_wr/s kB_ccwr/s iodelay  Command
23:41:57        0         1    0.00    0.00    0.00    0.00    0.00     1      0.00      0.00   18504    3032   0.15      0.00      0.00      0.00       0  bash
23:41:57        0       411    0.00    0.00    0.00    0.00    0.00     0      0.00      0.00    7152    3260   0.16      0.00      0.00      0.00       0  pidstat

Linux 4.9.125-linuxkit (9d455f52a1fa) 	08/08/19 	_x86_64_	(2 CPU)

# Time        UID       PID    %usr %system  %guest   %wait    %CPU   CPU  minflt/s  majflt/s     VSZ     RSS   %MEM   kB_rd/s   kB_wr/s kB_ccwr/s iodelay  Command
23:41:59        0         1    0.00    0.00    0.00    0.00    0.00     1      0.00      0.00   18504    3032   0.15      0.00      0.00      0.00       0  bash
23:41:59        0       424   77.00   22.00    0.00    0.00   99.00     1    137.00      0.00  118208   10484   0.51      0.00      0.00      0.00       0  sysbench
23:41:59        0       432    0.00    0.00    0.00    0.00    0.00     1    426.00      0.00    7152    2892   0.14      0.00      0.00      0.00       0  pidstat

# Time        UID       PID    %usr %system  %guest   %wait    %CPU   CPU  minflt/s  majflt/s     VSZ     RSS   %MEM   kB_rd/s   kB_wr/s kB_ccwr/s iodelay  Command
23:42:00        0         1    0.00    0.00    0.00    0.00    0.00     1      0.00      0.00   18504    3032   0.15      0.00      0.00      0.00       0  bash
23:42:00        0       424   82.00   17.00    0.00    0.00   99.00     1      0.00      0.00  118208   10484   0.51      0.00      0.00      0.00       0  sysbench
23:42:00        0       432    0.00    0.00    0.00    0.00    0.00     1    101.00      0.00    7152    3332   0.16      0.00      0.00      0.00       0  pidstat

# Time        UID       PID    %usr %system  %guest   %wait    %CPU   CPU  minflt/s  majflt/s     VSZ     RSS   %MEM   kB_rd/s   kB_wr/s kB_ccwr/s iodelay  Command
23:42:01        0         1    0.00    0.00    0.00    0.00    0.00     1      0.00      0.00   18504    3032   0.15      0.00      0.00      0.00       0  bash
23:42:01        0       424   78.00   22.00    0.00    0.00  100.00     1      0.00      0.00  118208   10484   0.51      0.00      0.00      0.00       0  sysbench
23:42:01        0       432    0.00    0.00    0.00    0.00    0.00     1      0.00      0.00    7152    3332   0.16      0.00      0.00      0.00       0  pidstat

# Time        UID       PID    %usr %system  %guest   %wait    %CPU   CPU  minflt/s  majflt/s     VSZ     RSS   %MEM   kB_rd/s   kB_wr/s kB_ccwr/s iodelay  Command
23:42:02        0         1    0.00    0.00    0.00    0.00    0.00     1      0.00      0.00   18504    3032   0.15      0.00      0.00      0.00       0  bash
23:42:02        0       424   76.00   23.00    0.00    0.00   99.00     1      0.00      0.00  118208   10484   0.51      0.00      0.00      0.00       0  sysbench
23:42:02        0       432    0.00    0.00    0.00    0.00    0.00     1      0.00      0.00    7152    3332   0.16      0.00      0.00      0.00       0  pidstat

# Time        UID       PID    %usr %system  %guest   %wait    %CPU   CPU  minflt/s  majflt/s     VSZ     RSS   %MEM   kB_rd/s   kB_wr/s kB_ccwr/s iodelay  Command
23:42:03        0         1    0.00    0.00    0.00    0.00    0.00     1      0.00      0.00   18504    3032   0.15      0.00      0.00      0.00       0  bash
23:42:03        0       424   82.18   17.82    0.00    0.00  100.00     1      0.00      0.00  118208   10484   0.51      0.00      0.00      0.00       0  sysbench
23:42:03        0       432    0.00    0.00    0.00    0.00    0.00     1      0.00      0.00    7152    3332   0.16      0.00      0.00      0.00       0  pidstat

# Time        UID       PID    %usr %system  %guest   %wait    %CPU   CPU  minflt/s  majflt/s     VSZ     RSS   %MEM   kB_rd/s   kB_wr/s kB_ccwr/s iodelay  Command
23:42:04        0         1    0.00    0.00    0.00    0.00    0.00     1      0.00      0.00   18504    3032   0.15      0.00      0.00      0.00       0  bash
23:42:04        0       424   83.00   17.00    0.00    0.00  100.00     1      0.00      0.00  118208   10484   0.51      0.00      0.00      0.00       0  sysbench
23:42:04        0       432    0.00    0.00    0.00    0.00    0.00     1      0.00      0.00    7152    3332   0.16      0.00      0.00      0.00       0  pidstat

# Time        UID       PID    %usr %system  %guest   %wait    %CPU   CPU  minflt/s  majflt/s     VSZ     RSS   %MEM   kB_rd/s   kB_wr/s kB_ccwr/s iodelay  Command
23:42:05        0         1    0.00    0.00    0.00    0.00    0.00     1      0.00      0.00   18504    3032   0.15      0.00      0.00      0.00       0  bash
23:42:05        0       424   79.00   21.00    0.00    0.00  100.00     1      0.00      0.00  118208   10484   0.51      0.00      0.00      0.00       0  sysbench
23:42:05        0       432    0.00    0.00    0.00    0.00    0.00     1      0.00      0.00    7152    3332   0.16      0.00      0.00      0.00       0  pidstat

# Time        UID       PID    %usr %system  %guest   %wait    %CPU   CPU  minflt/s  majflt/s     VSZ     RSS   %MEM   kB_rd/s   kB_wr/s kB_ccwr/s iodelay  Command
23:42:06        0         1    0.00    0.00    0.00    0.00    0.00     1      0.00      0.00   18504    3032   0.15      0.00      0.00      0.00       0  bash
23:42:06        0       424   78.00   21.00    0.00    0.00   99.00     1      0.00      0.00  118208   10484   0.51      0.00      0.00      0.00       0  sysbench
23:42:06        0       432    0.00    0.00    0.00    0.00    0.00     1      0.00      0.00    7152    3332   0.16      0.00      0.00      0.00       0  pidstat

# Time        UID       PID    %usr %system  %guest   %wait    %CPU   CPU  minflt/s  majflt/s     VSZ     RSS   %MEM   kB_rd/s   kB_wr/s kB_ccwr/s iodelay  Command
23:42:07        0         1    0.00    0.00    0.00    0.00    0.00     1      0.00      0.00   18504    3032   0.15      0.00      0.00      0.00       0  bash
23:42:07        0       432    0.00    0.00    0.00    0.00    0.00     1      0.00      0.00    7152    3332   0.16      0.00      0.00      0.00       0  pidstat

Linux 4.9.125-linuxkit (9d455f52a1fa) 	08/08/19 	_x86_64_	(2 CPU)

# Time        UID       PID    %usr %system  %guest   %wait    %CPU   CPU  minflt/s  majflt/s     VSZ     RSS   %MEM   kB_rd/s   kB_wr/s kB_ccwr/s iodelay  Command
23:41:40        0         1    0.00    0.00    0.00    0.00    0.00     1      0.00      0.00   18504    3032   0.15      0.00      0.00      0.00       0  bash
23:41:40        0       383   75.00   24.00    0.00    0.00   99.00     0    135.00      0.00  118208   10496   0.51      0.00      0.00      0.00       0  sysbench
23:41:40        0       390    0.00    0.00    0.00    0.00    0.00     1    426.00      0.00    7152    2944   0.14      0.00      0.00      0.00       0  pidstat

# Time        UID       PID    %usr %system  %guest   %wait    %CPU   CPU  minflt/s  majflt/s     VSZ     RSS   %MEM   kB_rd/s   kB_wr/s kB_ccwr/s iodelay  Command
23:41:41        0         1    0.00    0.00    0.00    0.00    0.00     1      0.00      0.00   18504    3032   0.15      0.00      0.00      0.00       0  bash
23:41:41        0       383   72.00   28.00    0.00    0.00  100.00     0      0.00      0.00  118208   10496   0.51      0.00      0.00      0.00       0  sysbench
23:41:41        0       390    0.00    0.00    0.00    0.00    0.00     1    101.00      0.00    7152    3384   0.17      0.00      0.00      0.00       0  pidstat

# Time        UID       PID    %usr %system  %guest   %wait    %CPU   CPU  minflt/s  majflt/s     VSZ     RSS   %MEM   kB_rd/s   kB_wr/s kB_ccwr/s iodelay  Command
23:41:42        0         1    0.00    0.00    0.00    0.00    0.00     1      0.00      0.00   18504    3032   0.15      0.00      0.00      0.00       0  bash
23:41:42        0       383   80.00   20.00    0.00    0.00  100.00     0      0.00      0.00  118208   10496   0.51      0.00      0.00      0.00       0  sysbench
23:41:42        0       390    0.00    0.00    0.00    0.00    0.00     1      0.00      0.00    7152    3384   0.17      0.00      0.00      0.00       0  pidstat

# Time        UID       PID    %usr %system  %guest   %wait    %CPU   CPU  minflt/s  majflt/s     VSZ     RSS   %MEM   kB_rd/s   kB_wr/s kB_ccwr/s iodelay  Command
23:41:43        0         1    0.00    0.00    0.00    0.00    0.00     1      0.00      0.00   18504    3032   0.15      0.00      0.00      0.00       0  bash
23:41:43        0       383   72.28   26.73    0.00    0.00   99.01     0      0.00      0.00  118208   10496   0.51      0.00      0.00      0.00       0  sysbench
23:41:43        0       390    0.00    0.00    0.00    0.00    0.00     1      0.00      0.00    7152    3384   0.17      0.00      0.00      0.00       0  pidstat

# Time        UID       PID    %usr %system  %guest   %wait    %CPU   CPU  minflt/s  majflt/s     VSZ     RSS   %MEM   kB_rd/s   kB_wr/s kB_ccwr/s iodelay  Command
23:41:44        0         1    0.00    0.00    0.00    0.00    0.00     1      0.00      0.00   18504    3032   0.15      0.00      0.00      0.00       0  bash
23:41:44        0       383   74.00   25.00    0.00    0.00   99.00     0      0.00      0.00  118208   10496   0.51      0.00      0.00      0.00       0  sysbench
23:41:44        0       390    0.00    0.00    0.00    0.00    0.00     1      0.00      0.00    7152    3384   0.17      0.00      0.00      0.00       0  pidstat

# Time        UID       PID    %usr %system  %guest   %wait    %CPU   CPU  minflt/s  majflt/s     VSZ     RSS   %MEM   kB_rd/s   kB_wr/s kB_ccwr/s iodelay  Command
23:41:45        0         1    0.00    0.00    0.00    0.00    0.00     1      0.00      0.00   18504    3032   0.15      0.00      0.00      0.00       0  bash
23:41:45        0       383   76.00   23.00    0.00    0.00   99.00     0      0.00      0.00  118208   10496   0.51      0.00      0.00      0.00       0  sysbench
23:41:45        0       390    0.00    0.00    0.00    1.00    0.00     1      0.00      0.00    7152    3384   0.17      0.00      0.00      0.00       0  pidstat

# Time        UID       PID    %usr %system  %guest   %wait    %CPU   CPU  minflt/s  majflt/s     VSZ     RSS   %MEM   kB_rd/s   kB_wr/s kB_ccwr/s iodelay  Command
23:41:46        0         1    0.00    0.00    0.00    0.00    0.00     1      0.00      0.00   18504    3032   0.15      0.00      0.00      0.00       0  bash
23:41:46        0       383   77.00   23.00    0.00    0.00  100.00     0      0.00      0.00  118208   10496   0.51      0.00      0.00      0.00       0  sysbench
23:41:46        0       390    0.00    0.00    0.00    0.00    0.00     1      0.00      0.00    7152    3384   0.17      0.00      0.00      0.00       0  pidstat

# Time        UID       PID    %usr %system  %guest   %wait    %CPU   CPU  minflt/s  majflt/s     VSZ     RSS   %MEM   kB_rd/s   kB_wr/s kB_ccwr/s iodelay  Command
23:41:47        0         1    0.00    0.00    0.00    0.00    0.00     1      0.00      0.00   18504    3032   0.15      0.00      0.00      0.00       0  bash
23:41:47        0       383   79.00   21.00    0.00    0.00  100.00     0      1.00      0.00  118208   10496   0.51      0.00      0.00      0.00       0  sysbench
23:41:47        0       390    1.00    0.00    0.00    0.00    1.00     1      0.00      0.00    7152    3384   0.17      0.00      0.00      0.00       0  pidstat

# Time        UID       PID    %usr %system  %guest   %wait    %CPU   CPU  minflt/s  majflt/s     VSZ     RSS   %MEM   kB_rd/s   kB_wr/s kB_ccwr/s iodelay  Command
23:41:48        0         1    0.00    0.00    0.00    0.00    0.00     1      0.00      0.00   18504    3032   0.15      0.00      0.00      0.00       0  bash
23:41:48        0       383   78.00   21.00    0.00    0.00   99.00     0      0.00      0.00  118208   10496   0.51      0.00      0.00      0.00       0  sysbench
23:41:48        0       390    0.00    0.00    0.00    1.00    0.00     1      0.00      0.00    7152    3384   0.17      0.00      0.00      0.00       0  pidstat

