12:59:15        0      2160  100.00    0.00    0.00    0.00  100.00     5    286.00      0.00  117180    9056   0.01      0.00      0.00      0.00       0  sysbench
12:59:16        0      2160  100.00    0.00    0.00    0.00  100.00     5     91.00      0.00  117180    9264   0.01      0.00      0.00      0.00       0  sysbench
12:59:17        0      2160  100.00    0.00    0.00    0.00  100.00     5    139.00      0.00  117180    9264   0.01      0.00      0.00      0.00       0  sysbench
12:59:18        0      2160  100.00    0.00    0.00    0.00  100.00     5    143.00      0.00  117180    9264   0.01      0.00      0.00      0.00       0  sysbench
12:59:19        0      2160  100.00    0.00    0.00    0.00  100.00     5      0.00      0.00  117180    9264   0.01      0.00      0.00      0.00       0  sysbench
12:59:20        0      2160  100.00    0.00    0.00    0.00  100.00     5      0.00      0.00  117180    9264   0.01      0.00      0.00      0.00       0  sysbench
12:59:21        0      2160  100.00    0.00    0.00    0.00  100.00     5      0.00      0.00  117180    9264   0.01      0.00      0.00      0.00       0  sysbench
12:59:22        0      2160  100.00    0.00    0.00    0.00  100.00     5      0.00      0.00  117180    9264   0.01      0.00      0.00      0.00       0  sysbench
12:59:23        0      2160  100.00    0.00    0.00    0.00  100.00     5      0.00      0.00  117180    9264   0.01      0.00      0.00      0.00       0  sysbench

12:58:38        0      2108  100.00    0.00    0.00    0.00  100.00     9    288.00      0.00  117180    8980   0.01      0.00      0.00      0.00       0  sysbench
12:58:39        0      2108  100.00    0.00    0.00    0.00  100.00     9     41.00      0.00  117180    9296   0.01      0.00      0.00      0.00       0  sysbench
12:58:40        0      2108  100.00    0.00    0.00    0.00  100.00     9    139.00      0.00  117180    9296   0.01      0.00      0.00      0.00       0  sysbench
12:58:41        0      2108  100.00    0.00    0.00    0.00  100.00     9    143.00      0.00  117180    9296   0.01      0.00      0.00      0.00       0  sysbench
12:58:42        0      2108  100.00    0.00    0.00    0.00  100.00     9      0.00      0.00  117180    9296   0.01      0.00      0.00      0.00       0  sysbench
12:58:43        0      2108  100.00    0.00    0.00    0.00  100.00     9    282.00      0.00  117180    9296   0.01      0.00      0.00      0.00       0  sysbench
12:58:44        0      2108  100.00    0.00    0.00    0.00  100.00     9      0.00      0.00  117180    9296   0.01      0.00      0.00      0.00       0  sysbench
12:58:45        0      2108  100.00    0.00    0.00    0.00  100.00     9    139.00      0.00  117180    9296   0.01      0.00      0.00      0.00       0  sysbench
12:58:46        0      2108  100.00    0.00    0.00    0.00  100.00     9    143.00      0.00  117180    9296   0.01      0.00      0.00      0.00       0  sysbench

12:58:26        0      2091  100.00    1.00    0.00    0.00  100.00    53    288.00      0.00  117180    9012   0.01      0.00      0.00      0.00       0  sysbench
12:58:27        0      2091  100.00    0.00    0.00    0.00  100.00    53     91.00      0.00  117180    9316   0.01      0.00      0.00      0.00       0  sysbench
12:58:28        0      2091  100.00    0.00    0.00    0.00  100.00    53    139.00      0.00  117180    9316   0.01      0.00      0.00      0.00       0  sysbench
12:58:29        0      2091  100.00    0.00    0.00    0.00  100.00    53    143.00      0.00  117180    9316   0.01      0.00      0.00      0.00       0  sysbench
12:58:30        0      2091  100.00    0.00    0.00    0.00  100.00    53    139.00      0.00  117180    9316   0.01      0.00      0.00      0.00       0  sysbench
12:58:31        0      2091  100.00    0.00    0.00    0.00  100.00    53    143.00      0.00  117180    9316   0.01      0.00      0.00      0.00       0  sysbench
12:58:32        0      2091  100.00    0.00    0.00    0.00  100.00    53      0.00      0.00  117180    9316   0.01      0.00      0.00      0.00       0  sysbench
12:58:33        0      2091  100.00    0.00    0.00    0.00  100.00    53    139.00      0.00  117180    9316   0.01      0.00      0.00      0.00       0  sysbench
12:58:34        0      2091  100.00    0.00    0.00    0.00  100.00    53    143.00      0.00  117180    9316   0.01      0.00      0.00      0.00       0  sysbench

12:57:50        0      2040  100.00    0.00    0.00    0.00  100.00    39    287.00      0.00  117180    9028   0.01      0.00      0.00      0.00       0  sysbench
12:57:51        0      2040  100.00    0.00    0.00    0.00  100.00    39     46.00      0.00  117180    9276   0.01      0.00      0.00      0.00       0  sysbench
12:57:52        0      2040  100.00    0.00    0.00    0.00  100.00    39    139.00      0.00  117180    9276   0.01      0.00      0.00      0.00       0  sysbench
12:57:53        0      2040  100.00    0.00    0.00    0.00  100.00    39    143.00      0.00  117180    9276   0.01      0.00      0.00      0.00       0  sysbench
12:57:54        0      2040  100.00    0.00    0.00    0.00  100.00    39    139.00      0.00  117180    9276   0.01      0.00      0.00      0.00       0  sysbench
12:57:55        0      2040  100.00    0.00    0.00    0.00  100.00    39    143.00      0.00  117180    9276   0.01      0.00      0.00      0.00       0  sysbench
12:57:56        0      2040  100.00    0.00    0.00    0.00  100.00    39      0.00      0.00  117180    9276   0.01      0.00      0.00      0.00       0  sysbench
12:57:57        0      2040  100.00    0.00    0.00    0.00  100.00    39      0.00      0.00  117180    9276   0.01      0.00      0.00      0.00       0  sysbench
12:57:58        0      2040  100.00    0.00    0.00    0.00  100.00    39      0.00      0.00  117180    9276   0.01      0.00      0.00      0.00       0  sysbench

12:58:50        0      2125  100.00    0.00    0.00    0.00  100.00    47    287.00      0.00  117180    9100   0.01      0.00      0.00      0.00       0  sysbench
12:58:51        0      2125  100.00    0.00    0.00    0.00  100.00    47     12.00      0.00  117180    9100   0.01      0.00      0.00      0.00       0  sysbench
12:58:52        0      2125  100.00    0.00    0.00    0.00  100.00    47    139.00      0.00  117180    9100   0.01      0.00      0.00      0.00       0  sysbench
12:58:53        0      2125  100.00    0.00    0.00    0.00  100.00    47    143.00      0.00  117180    9340   0.01      0.00      0.00      0.00       0  sysbench
12:58:54        0      2125  100.00    0.00    0.00    0.00  100.00    47      0.00      0.00  117180    9340   0.01      0.00      0.00      0.00       0  sysbench
12:58:55        0      2125  100.00    0.00    0.00    0.00  100.00    47      0.00      0.00  117180    9340   0.01      0.00      0.00      0.00       0  sysbench
12:58:56        0      2125  100.00    0.00    0.00    0.00  100.00    47    139.00      0.00  117180    9340   0.01      0.00      0.00      0.00       0  sysbench
12:58:57        0      2125  100.00    0.00    0.00    0.00  100.00    47    143.00      0.00  117180    9340   0.01      0.00      0.00      0.00       0  sysbench
12:58:58        0      2125  100.00    0.00    0.00    0.00  100.00    47      0.00      0.00  117180    9340   0.01      0.00      0.00      0.00       0  sysbench

12:57:39        0      2023  100.00    0.00    0.00    0.00  100.00    31    288.00      0.00  117180    8992   0.01      0.00      0.00      0.00       0  sysbench
12:57:40        0      2023  100.00    0.00    0.00    0.00  100.00    31     57.00      0.00  117180    9312   0.01      0.00      0.00      0.00       0  sysbench
12:57:41        0      2023  100.00    0.00    0.00    0.00  100.00    31    139.00      0.00  117180    9312   0.01      0.00      0.00      0.00       0  sysbench
12:57:42        0      2023  100.00    0.00    0.00    0.00  100.00    31    143.00      0.00  117180    9312   0.01      0.00      0.00      0.00       0  sysbench
12:57:43        0      2023  100.00    0.00    0.00    0.00  100.00    31    139.00      0.00  117180    9312   0.01      0.00      0.00      0.00       0  sysbench
12:57:44        0      2023  100.00    0.00    0.00    0.00  100.00    31    143.00      0.00  117180    9312   0.01      0.00      0.00      0.00       0  sysbench
12:57:45        0      2023  100.00    0.00    0.00    0.00  100.00    31      0.00      0.00  117180    9312   0.01      0.00      0.00      0.00       0  sysbench
12:57:46        0      2023  100.00    0.00    0.00    0.00  100.00    31    139.00      0.00  117180    9312   0.01      0.00      0.00      0.00       0  sysbench
12:57:47        0      2023  100.00    0.00    0.00    0.00  100.00    31    143.00      0.00  117180    9312   0.01      0.00      0.00      0.00       0  sysbench

12:59:02        0      2142  100.00    0.00    0.00    0.00  100.00    16    287.00      0.00  117180    8904   0.01      0.00      0.00      0.00       0  sysbench
12:59:03        0      2142  100.00    0.00    0.00    0.00  100.00    16     55.00      0.00  117180    9156   0.01      0.00      0.00      0.00       0  sysbench
12:59:04        0      2142  100.00    0.00    0.00    0.00  100.00    16    139.00      0.00  117180    9156   0.01      0.00      0.00      0.00       0  sysbench
12:59:05        0      2142  100.00    0.00    0.00    0.00  100.00    16    143.00      0.00  117180    9156   0.01      0.00      0.00      0.00       0  sysbench
12:59:06        0      2142  100.00    0.00    0.00    0.00  100.00    16    137.62      0.00  117180    9156   0.01      0.00      0.00      0.00       0  sysbench
12:59:07        0      2142  100.00    0.00    0.00    0.00  100.00    16    143.00      0.00  117180    9156   0.01      0.00      0.00      0.00       0  sysbench
12:59:08        0      2142  100.00    0.00    0.00    0.00  100.00    16      0.00      0.00  117180    9156   0.01      0.00      0.00      0.00       0  sysbench
12:59:09        0      2142  100.00    0.00    0.00    0.00  100.00    16    139.00      0.00  117180    9156   0.01      0.00      0.00      0.00       0  sysbench
12:59:10        0      2142  100.00    0.00    0.00    0.00  100.00    16    143.00      0.00  117180    9156   0.01      0.00      0.00      0.00       0  sysbench

12:58:14        0      2074  100.00    0.00    0.00    0.00  100.00    49    286.00      0.00  117180    9020   0.01      0.00      0.00      0.00       0  sysbench
12:58:15        0      2074  100.00    0.00    0.00    0.00  100.00    49    103.00      0.00  117180    9204   0.01      0.00      0.00      0.00       0  sysbench
12:58:16        0      2074  100.00    0.00    0.00    0.00  100.00    49    139.00      0.00  117180    9204   0.01      0.00      0.00      0.00       0  sysbench
12:58:17        0      2074  100.00    0.00    0.00    0.00  100.00    49    143.00      0.00  117180    9204   0.01      0.00      0.00      0.00       0  sysbench
12:58:18        0      2074  100.00    0.00    0.00    0.00  100.00    49      0.00      0.00  117180    9204   0.01      0.00      0.00      0.00       0  sysbench
12:58:19        0      2074  100.00    0.00    0.00    0.00  100.00    49      0.00      0.00  117180    9204   0.01      0.00      0.00      0.00       0  sysbench
12:58:20        0      2074  100.00    0.00    0.00    0.00  100.00    49      0.00      0.00  117180    9204   0.01      0.00      0.00      0.00       0  sysbench
12:58:21        0      2074  100.00    0.00    0.00    0.00  100.00    49    282.00      0.00  117180    9204   0.01      0.00      0.00      0.00       0  sysbench
12:58:22        0      2074  100.00    0.00    0.00    0.00  100.00    49      0.00      0.00  117180    9204   0.01      0.00      0.00      0.00       0  sysbench

12:57:27        0      2006  100.00    0.00    0.00    0.00  100.00    15    286.00      0.00  117180    9076   0.01      0.00      0.00      0.00       0  sysbench
12:57:28        0      2006  100.00    0.00    0.00    0.00  100.00    15     32.00      0.00  117180    9076   0.01      0.00      0.00      0.00       0  sysbench
12:57:29        0      2006  100.00    0.00    0.00    0.00  100.00    15    139.00      0.00  117180    9076   0.01      0.00      0.00      0.00       0  sysbench
12:57:30        0      2006  100.00    0.00    0.00    0.00  100.00    15    143.00      0.00  117180    9272   0.01      0.00      0.00      0.00       0  sysbench
12:57:31        0      2006  100.00    0.00    0.00    0.00  100.00    15    139.00      0.00  117180    9272   0.01      0.00      0.00      0.00       0  sysbench
12:57:32        0      2006  100.00    0.00    0.00    0.00  100.00    15    282.00      0.00  117180    9272   0.01      0.00      0.00      0.00       0  sysbench
12:57:33        0      2006  100.00    0.00    0.00    0.00  100.00    15    143.00      0.00  117180    9272   0.01      0.00      0.00      0.00       0  sysbench
12:57:34        0      2006  100.00    0.00    0.00    0.00  100.00    15    282.00      0.00  117180    9272   0.01      0.00      0.00      0.00       0  sysbench
12:57:35        0      2006  100.00    0.00    0.00    0.00  100.00    15      0.00      0.00  117180    9272   0.01      0.00      0.00      0.00       0  sysbench

12:58:02        0      2057  100.00    0.00    0.00    0.00  100.00     9    287.00      0.00  117180    9072   0.01      0.00      0.00      0.00       0  sysbench
12:58:03        0      2057  100.00    0.00    0.00    0.00  100.00     9     76.00      0.00  117180    9320   0.01      0.00      0.00      0.00       0  sysbench
12:58:04        0      2057  100.00    0.00    0.00    0.00  100.00     9    139.00      0.00  117180    9320   0.01      0.00      0.00      0.00       0  sysbench
12:58:05        0      2057  100.00    0.00    0.00    0.00  100.00     9    143.00      0.00  117180    9320   0.01      0.00      0.00      0.00       0  sysbench
12:58:06        0      2057  100.00    0.00    0.00    0.00  100.00     9      0.00      0.00  117180    9320   0.01      0.00      0.00      0.00       0  sysbench
12:58:07        0      2057  100.00    0.00    0.00    0.00  100.00     9      0.00      0.00  117180    9320   0.01      0.00      0.00      0.00       0  sysbench
12:58:08        0      2057  100.00    0.00    0.00    0.00  100.00     9    139.00      0.00  117180    9320   0.01      0.00      0.00      0.00       0  sysbench
12:58:09        0      2057  100.00    0.00    0.00    0.00  100.00     9    143.00      0.00  117180    9320   0.01      0.00      0.00      0.00       0  sysbench
12:58:10        0      2057  100.00    0.00    0.00    0.00  100.00     9      0.00      0.00  117180    9320   0.01      0.00      0.00      0.00       0  sysbench

