14:29:22        0      3998  100.00    0.00    0.00    0.00  100.00     3    543.00      0.00  118212   11084   0.01      0.00      0.00      0.00       0  sysbench
14:29:23        0      3998  100.00    0.00    0.00    0.00  100.00     3     12.00      0.00  118212   11084   0.01      0.00      0.00      0.00       0  sysbench
14:29:24        0      3998  100.00    0.00    0.00    0.00  100.00     3    394.00      0.00  118212   11084   0.01      0.00      0.00      0.00       0  sysbench
14:29:25        0      3998  100.00    0.00    0.00    0.00  100.00     3    143.00      0.00  118212   11380   0.01      0.00      0.00      0.00       0  sysbench
14:29:26        0      3998  100.00    0.00    0.00    0.00  100.00     3      0.00      0.00  118212   11380   0.01      0.00      0.00      0.00       0  sysbench
14:29:27        0      3998  100.00    0.00    0.00    0.00  100.00     3      0.00      0.00  118212   11380   0.01      0.00      0.00      0.00       0  sysbench
14:29:28        0      3998  100.00    0.00    0.00    0.00  100.00     3      0.00      0.00  118212   11380   0.01      0.00      0.00      0.00       0  sysbench
14:29:29        0      3998  100.00    0.00    0.00    0.00  100.00     3    537.00      0.00  118212   11380   0.01      0.00      0.00      0.00       0  sysbench
14:29:30        0      3998  100.00    0.00    0.00    0.00  100.00     3      0.00      0.00  118212   11380   0.01      0.00      0.00      0.00       0  sysbench

14:28:45        0      3947  100.00    0.00    0.00    0.00  100.00    25    541.00      0.00  118212   10928   0.01      0.00      0.00      0.00       0  sysbench
14:28:46        0      3947  100.00    0.00    0.00    0.00  100.00    25     14.00      0.00  118212   10928   0.01      0.00      0.00      0.00       0  sysbench
14:28:47        0      3947  100.00    0.00    0.00    0.00  100.00    25    394.00      0.00  118212   10928   0.01      0.00      0.00      0.00       0  sysbench
14:28:48        0      3947  100.00    0.00    0.00    0.00  100.00    25    143.00      0.00  118212   11152   0.01      0.00      0.00      0.00       0  sysbench
14:28:49        0      3947  100.00    0.00    0.00    0.00  100.00    25    394.00      0.00  118212   11152   0.01      0.00      0.00      0.00       0  sysbench
14:28:50        0      3947  100.00    0.00    0.00    0.00  100.00    25    143.00      0.00  118212   11152   0.01      0.00      0.00      0.00       0  sysbench
14:28:51        0      3947  100.00    0.00    0.00    0.00  100.00    25      0.00      0.00  118212   11152   0.01      0.00      0.00      0.00       0  sysbench
14:28:52        0      3947  100.00    0.00    0.00    0.00  100.00    25    394.00      0.00  118212   11152   0.01      0.00      0.00      0.00       0  sysbench
14:28:53        0      3947  100.00    0.00    0.00    0.00  100.00    25    143.00      0.00  118212   11152   0.01      0.00      0.00      0.00       0  sysbench

14:28:33        0      3930  100.00    0.00    0.00    0.00  100.00    21    541.00      0.00  118212   10900   0.01      0.00      0.00      0.00       0  sysbench
14:28:34        0      3930  100.00    0.00    0.00    0.00  100.00    21     87.00      0.00  118212   11136   0.01      0.00      0.00      0.00       0  sysbench
14:28:35        0      3930  100.00    0.00    0.00    0.00  100.00    21    394.00      0.00  118212   11136   0.01      0.00      0.00      0.00       0  sysbench
14:28:36        0      3930  100.00    0.00    0.00    0.00  100.00    21    143.00      0.00  118212   11136   0.01      0.00      0.00      0.00       0  sysbench
14:28:37        0      3930  100.00    0.00    0.00    0.00  100.00    21      0.00      0.00  118212   11136   0.01      0.00      0.00      0.00       0  sysbench
14:28:38        0      3930  100.00    0.00    0.00    0.00  100.00    21      0.00      0.00  118212   11136   0.01      0.00      0.00      0.00       0  sysbench
14:28:39        0      3930  100.00    0.00    0.00    0.00  100.00    21      0.00      0.00  118212   11136   0.01      0.00      0.00      0.00       0  sysbench
14:28:40        0      3930  100.00    0.00    0.00    0.00  100.00    21    537.00      0.00  118212   11136   0.01      0.00      0.00      0.00       0  sysbench
14:28:41        0      3930  100.00    0.00    0.00    0.00  100.00    21      0.00      0.00  118212   11136   0.01      0.00      0.00      0.00       0  sysbench

14:27:58        0      3878  100.00    0.00    0.00    0.00  100.00    27    543.00      0.00  118212   10980   0.01      0.00      0.00      0.00       0  sysbench
14:27:59        0      3878  100.00    0.00    0.00    0.00  100.00    27     39.00      0.00  118212   11288   0.01      0.00      0.00      0.00       0  sysbench
14:28:00        0      3878  100.00    0.00    0.00    0.00  100.00    27    394.00      0.00  118212   11288   0.01      0.00      0.00      0.00       0  sysbench
14:28:01        0      3878  100.00    0.00    0.00    0.00  100.00    27    143.00      0.00  118212   11288   0.01      0.00      0.00      0.00       0  sysbench
14:28:02        0      3878  100.00    0.00    0.00    0.00  100.00    27      0.00      0.00  118212   11288   0.01      0.00      0.00      0.00       0  sysbench
14:28:03        0      3878  100.00    0.00    0.00    0.00  100.00    27      0.00      0.00  118212   11288   0.01      0.00      0.00      0.00       0  sysbench
14:28:04        0      3878  100.00    0.00    0.00    0.00  100.00    27      0.00      0.00  118212   11288   0.01      0.00      0.00      0.00       0  sysbench
14:28:05        0      3878  100.00    0.00    0.00    0.00  100.00    27    537.00      0.00  118212   11288   0.01      0.00      0.00      0.00       0  sysbench
14:28:06        0      3878  100.00    0.00    0.00    0.00  100.00    27      0.00      0.00  118212   11288   0.01      0.00      0.00      0.00       0  sysbench

14:28:57        0      3964  100.00    0.00    0.00    0.00  100.00    21    541.00      0.00  118212   11016   0.01      0.00      0.00      0.00       0  sysbench
14:28:58        0      3964  100.00    0.00    0.00    0.00  100.00    21     55.00      0.00  118212   11172   0.01      0.00      0.00      0.00       0  sysbench
14:28:59        0      3964  100.00    0.00    0.00    0.00  100.00    21    394.00      0.00  118212   11172   0.01      0.00      0.00      0.00       0  sysbench
14:29:00        0      3964  100.00    0.00    0.00    0.00  100.00    21    143.00      0.00  118212   11172   0.01      0.00      0.00      0.00       0  sysbench
14:29:01        0      3964  100.00    0.00    0.00    0.00  100.00    21    352.00      0.00  118212   11172   0.01      0.00      0.00      0.00       0  sysbench
14:29:02        0      3964  100.00    0.00    0.00    0.00  100.00    21    185.00      0.00  118212   11172   0.01      0.00      0.00      0.00       0  sysbench
14:29:03        0      3964  100.00    0.00    0.00    0.00  100.00    21      0.00      0.00  118212   11172   0.01      0.00      0.00      0.00       0  sysbench
14:29:04        0      3964  100.00    0.00    0.00    0.00  100.00    21    394.00      0.00  118212   11172   0.01      0.00      0.00      0.00       0  sysbench
14:29:05        0      3964  100.00    0.00    0.00    0.00  100.00    21    143.00      0.00  118212   11172   0.01      0.00      0.00      0.00       0  sysbench

14:27:46        0      3860  100.00    1.00    0.00    0.00  100.00    17    542.00      0.00  118212   10908   0.01      0.00      0.00      0.00       0  sysbench
14:27:47        0      3860  100.00    0.00    0.00    0.00  100.00    17     50.00      0.00  118212   11076   0.01      0.00      0.00      0.00       0  sysbench
14:27:48        0      3860  100.00    0.00    0.00    0.00  100.00    17    394.00      0.00  118212   11076   0.01      0.00      0.00      0.00       0  sysbench
14:27:49        0      3860  100.00    0.00    0.00    0.00  100.00    17    143.00      0.00  118212   11076   0.01      0.00      0.00      0.00       0  sysbench
14:27:50        0      3860  100.00    0.00    0.00    0.00  100.00    17      0.00      0.00  118212   11076   0.01      0.00      0.00      0.00       0  sysbench
14:27:51        0      3860  100.00    0.00    0.00    0.00  100.00    17      0.00      0.00  118212   11076   0.01      0.00      0.00      0.00       0  sysbench
14:27:52        0      3860  100.00    0.00    0.00    0.00  100.00    17    394.00      0.00  118212   11076   0.01      0.00      0.00      0.00       0  sysbench
14:27:53        0      3860  100.00    0.00    0.00    0.00  100.00    17    143.00      0.00  118212   11076   0.01      0.00      0.00      0.00       0  sysbench
14:27:54        0      3860  100.00    0.00    0.00    0.00  100.00    17      0.00      0.00  118212   11076   0.01      0.00      0.00      0.00       0  sysbench

14:29:09        0      3981  100.00    1.00    0.00    0.00  100.00    41    541.00      0.00  118212   10996   0.01      0.00      0.00      0.00       0  sysbench
14:29:10        0      3981  100.00    0.00    0.00    0.00  100.00    41     44.00      0.00  118212   10996   0.01      0.00      0.00      0.00       0  sysbench
14:29:11        0      3981  100.00    0.00    0.00    0.00  100.00    41    394.00      0.00  118212   10996   0.01      0.00      0.00      0.00       0  sysbench
14:29:12        0      3981  100.00    0.00    0.00    0.00  100.00    41    143.00      0.00  118212   11156   0.01      0.00      0.00      0.00       0  sysbench
14:29:13        0      3981  100.00    0.00    0.00    0.00  100.00    41      0.00      0.00  118212   11156   0.01      0.00      0.00      0.00       0  sysbench
14:29:14        0      3981  100.00    0.00    0.00    0.00  100.00    41      0.00      0.00  118212   11156   0.01      0.00      0.00      0.00       0  sysbench
14:29:15        0      3981  100.00    0.00    0.00    0.00  100.00    41      0.00      0.00  118212   11156   0.01      0.00      0.00      0.00       0  sysbench
14:29:16        0      3981  100.00    0.00    0.00    0.00  100.00    41      0.00      0.00  118212   11156   0.01      0.00      0.00      0.00       0  sysbench
14:29:17        0      3981  100.00    0.00    0.00    0.00  100.00    41      0.00      0.00  118212   11156   0.01      0.00      0.00      0.00       0  sysbench

14:28:21        0      3912  100.00    0.00    0.00    0.00  100.00     5    542.00      0.00  118212   10980   0.01      0.00      0.00      0.00       0  sysbench
14:28:22        0      3912  100.00    0.00    0.00    0.00  100.00     5     91.00      0.00  118212   11272   0.01      0.00      0.00      0.00       0  sysbench
14:28:23        0      3912  100.00    0.00    0.00    0.00  100.00     5    394.00      0.00  118212   11272   0.01      0.00      0.00      0.00       0  sysbench
14:28:24        0      3912  100.00    0.00    0.00    0.00  100.00     5    143.00      0.00  118212   11272   0.01      0.00      0.00      0.00       0  sysbench
14:28:25        0      3912  100.00    0.00    0.00    0.00  100.00     5    392.00      0.00  118212   11272   0.01      0.00      0.00      0.00       0  sysbench
14:28:26        0      3912  100.00    0.00    0.00    0.00  100.00     5    145.00      0.00  118212   11272   0.01      0.00      0.00      0.00       0  sysbench
14:28:27        0      3912  100.00    0.00    0.00    0.00  100.00     5      0.00      0.00  118212   11272   0.01      0.00      0.00      0.00       0  sysbench
14:28:28        0      3912  100.00    0.00    0.00    0.00  100.00     5    394.00      0.00  118212   11272   0.01      0.00      0.00      0.00       0  sysbench
14:28:29        0      3912  100.00    0.00    0.00    0.00  100.00     5    143.00      0.00  118212   11272   0.01      0.00      0.00      0.00       0  sysbench

14:27:35        0      3842  100.00    0.00    0.00    0.00  100.00    47    542.00      0.00  118212   10856   0.01      0.00      0.00      0.00       0  sysbench
14:27:36        0      3842  100.00    0.00    0.00    0.00  100.00    47     21.00      0.00  118212   11144   0.01      0.00      0.00      0.00       0  sysbench
14:27:37        0      3842  100.00    0.00    0.00    0.00  100.00    47    394.00      0.00  118212   11144   0.01      0.00      0.00      0.00       0  sysbench
14:27:38        0      3842  100.00    0.00    0.00    0.00  100.00    47    143.00      0.00  118212   11144   0.01      0.00      0.00      0.00       0  sysbench
14:27:39        0      3842  100.00    0.00    0.00    0.00  100.00    47      0.00      0.00  118212   11144   0.01      0.00      0.00      0.00       0  sysbench
14:27:40        0      3842  100.00    0.00    0.00    0.00  100.00    47    537.00      0.00  118212   11144   0.01      0.00      0.00      0.00       0  sysbench
14:27:41        0      3842  100.00    0.00    0.00    0.00  100.00    47      0.00      0.00  118212   11144   0.01      0.00      0.00      0.00       0  sysbench
14:27:42        0      3842  100.00    0.00    0.00    0.00  100.00    47    394.00      0.00  118212   11144   0.01      0.00      0.00      0.00       0  sysbench
14:27:43        0      3842  100.00    1.00    0.00    0.00  100.00    47    143.00      0.00  118212   11144   0.01      0.00      0.00      0.00       0  sysbench

14:28:09        0      3895  100.00    0.00    0.00    0.00  100.00     3    542.00      0.00  118212   11088   0.01      0.00      0.00      0.00       0  sysbench
14:28:10        0      3895  100.00    0.00    0.00    0.00  100.00     3     72.00      0.00  118212   11100   0.01      0.00      0.00      0.00       0  sysbench
14:28:11        0      3895  100.00    0.00    0.00    0.00  100.00     3    394.00      0.00  118212   11100   0.01      0.00      0.00      0.00       0  sysbench
14:28:12        0      3895  100.00    0.00    0.00    0.00  100.00     3    143.00      0.00  118212   11100   0.01      0.00      0.00      0.00       0  sysbench
14:28:13        0      3895  100.00    0.00    0.00    0.00  100.00     3    394.00      0.00  118212   11100   0.01      0.00      0.00      0.00       0  sysbench
14:28:14        0      3895  100.00    0.00    0.00    0.00  100.00     3    143.00      0.00  118212   11100   0.01      0.00      0.00      0.00       0  sysbench
14:28:15        0      3895  100.00    0.00    0.00    0.00  100.00     3      0.00      0.00  118212   11100   0.01      0.00      0.00      0.00       0  sysbench
14:28:16        0      3895  100.00    0.00    0.00    0.00  100.00     3      0.00      0.00  118212   11100   0.01      0.00      0.00      0.00       0  sysbench
14:28:17        0      3895  100.00    0.00    0.00    0.00  100.00     3      0.00      0.00  118212   11100   0.01      0.00      0.00      0.00       0  sysbench

