13:57:54        0      3653   50.00   51.00    0.00    0.00  100.00    31    291.00      0.00  117180    9172   0.01      0.00      0.00      0.00       0  sysbench
13:57:55        0      3653   46.00   55.00    0.00    0.00  100.00    31    160.00      0.00  117180    9176   0.01      0.00      0.00      0.00       0  sysbench
13:57:56        0      3653   53.00   47.00    0.00    0.00  100.00    31     92.00      0.00  117180    9176   0.01      0.00      0.00      0.00       0  sysbench
13:57:57        0      3653   54.00   47.00    0.00    0.00  100.00    31    191.00      0.00  117180    9176   0.01      0.00      0.00      0.00       0  sysbench
13:57:58        0      3653   50.00   50.00    0.00    0.00  100.00    31      0.00      0.00  117180    9176   0.01      0.00      0.00      0.00       0  sysbench
13:57:59        0      3653   51.00   49.00    0.00    0.00  100.00    31      0.00      0.00  117180    9176   0.01      0.00      0.00      0.00       0  sysbench
13:58:00        0      3653   46.00   55.00    0.00    0.00  100.00    31     98.00      0.00  117180    9176   0.01      0.00      0.00      0.00       0  sysbench
13:58:01        0      3653   48.00   52.00    0.00    0.00  100.00    31    185.00      0.00  117180    9176   0.01      0.00      0.00      0.00       0  sysbench
13:58:02        0      3653   56.00   45.00    0.00    0.00  100.00    31      0.00      0.00  117180    9176   0.01      0.00      0.00      0.00       0  sysbench

13:57:17        0      3602   48.00   53.00    0.00    0.00  100.00    47    334.00      0.00  117180    9088   0.01      0.00      0.00      0.00       0  sysbench
13:57:18        0      3602   48.00   52.00    0.00    0.00  100.00    47     51.00      0.00  117180    9392   0.01      0.00      0.00      0.00       0  sysbench
13:57:19        0      3602   46.00   55.00    0.00    0.00  100.00    47    107.00      0.00  117180    9392   0.01      0.00      0.00      0.00       0  sysbench
13:57:20        0      3602   45.00   55.00    0.00    0.00  100.00    47    177.00      0.00  117180    9392   0.01      0.00      0.00      0.00       0  sysbench
13:57:21        0      3602   46.00   55.00    0.00    0.00  100.00    47      0.00      0.00  117180    9392   0.01      0.00      0.00      0.00       0  sysbench
13:57:22        0      3602   51.00   49.00    0.00    0.00  100.00    47    283.00      0.00  117180    9456   0.01      0.00      0.00      0.00       0  sysbench
13:57:23        0      3602   47.00   54.00    0.00    0.00  100.00    47      0.00      0.00  117180    9456   0.01      0.00      0.00      0.00       0  sysbench
13:57:24        0      3602   51.00   50.00    0.00    0.00  100.00    47      0.00      0.00  117180    9456   0.01      0.00      0.00      0.00       0  sysbench
13:57:25        0      3602   45.00   54.00    0.00    0.00   99.00    47    105.00      0.00  117180    9456   0.01      0.00      0.00      0.00       0  sysbench

13:57:05        0      3584   45.00   56.00    0.00    0.00  100.00    49    332.00      0.00  117180    9060   0.01      0.00      0.00      0.00       0  sysbench
13:57:06        0      3584   53.00   47.00    0.00    0.00  100.00    49     28.00      0.00  117180    9392   0.01      0.00      0.00      0.00       0  sysbench
13:57:07        0      3584   52.00   49.00    0.00    0.00  100.00    49     99.00      0.00  117180    9392   0.01      0.00      0.00      0.00       0  sysbench
13:57:08        0      3584   53.00   47.00    0.00    0.00  100.00    49    185.00      0.00  117180    9392   0.01      0.00      0.00      0.00       0  sysbench
13:57:09        0      3584   51.00   50.00    0.00    0.00  100.00    49      0.00      0.00  117180    9392   0.01      0.00      0.00      0.00       0  sysbench
13:57:10        0      3584   48.00   52.00    0.00    0.00  100.00    49      0.00      0.00  117180    9392   0.01      0.00      0.00      0.00       0  sysbench
13:57:11        0      3584   46.00   54.00    0.00    0.00  100.00    49      0.00      0.00  117180    9392   0.01      0.00      0.00      0.00       0  sysbench
13:57:12        0      3584   51.00   49.00    0.00    0.00  100.00    49    283.00      0.00  117180    9456   0.01      0.00      0.00      0.00       0  sysbench
13:57:13        0      3584   52.00   49.00    0.00    0.00  100.00    49      0.00      0.00  117180    9456   0.01      0.00      0.00      0.00       0  sysbench

13:56:30        0      3533   49.00   52.00    0.00    0.00  100.00    55    301.00      0.00  117180    9076   0.01      0.00      0.00      0.00       0  sysbench
13:56:31        0      3533   59.00   41.00    0.00    0.00  100.00    55     28.00      0.00  117180    9320   0.01      0.00      0.00      0.00       0  sysbench
13:56:32        0      3533   49.00   52.00    0.00    0.00  100.00    55    122.00      0.00  117180    9320   0.01      0.00      0.00      0.00       0  sysbench
13:56:33        0      3533   52.00   48.00    0.00    0.00  100.00    55    161.00      0.00  117180    9320   0.01      0.00      0.00      0.00       0  sysbench
13:56:34        0      3533   45.00   55.00    0.00    0.00  100.00    55      0.00      0.00  117180    9320   0.01      0.00      0.00      0.00       0  sysbench
13:56:35        0      3533   51.00   50.00    0.00    0.00  100.00    55      0.00      0.00  117180    9320   0.01      0.00      0.00      0.00       0  sysbench
13:56:36        0      3533   51.00   49.00    0.00    0.00  100.00    55      0.00      0.00  117180    9320   0.01      0.00      0.00      0.00       0  sysbench
13:56:37        0      3533   48.00   53.00    0.00    0.00  100.00    55      0.00      0.00  117180    9320   0.01      0.00      0.00      0.00       0  sysbench
13:56:38        0      3533   54.00   46.00    0.00    0.00  100.00    55      0.00      0.00  117180    9320   0.01      0.00      0.00      0.00       0  sysbench

13:57:29        0      3619   46.00   55.00    0.00    0.00  100.00    43    304.00      0.00  117180    8888   0.01      0.00      0.00      0.00       0  sysbench
13:57:30        0      3619   54.00   47.00    0.00    0.00  100.00    43     44.00      0.00  117180    9320   0.01      0.00      0.00      0.00       0  sysbench
13:57:31        0      3619   48.00   52.00    0.00    0.00  100.00    43     91.00      0.00  117180    9320   0.01      0.00      0.00      0.00       0  sysbench
13:57:32        0      3619   51.00   50.00    0.00    0.00  100.00    43    192.00      0.00  117180    9320   0.01      0.00      0.00      0.00       0  sysbench
13:57:33        0      3619   48.00   52.00    0.00    0.00  100.00    43      0.00      0.00  117180    9320   0.01      0.00      0.00      0.00       0  sysbench
13:57:34        0      3619   56.00   45.00    0.00    0.00  100.00    43      0.00      0.00  117180    9320   0.01      0.00      0.00      0.00       0  sysbench
13:57:35        0      3619   46.00   54.00    0.00    0.00  100.00    43    108.00      0.00  117180    9320   0.01      0.00      0.00      0.00       0  sysbench
13:57:36        0      3619   51.00   49.00    0.00    0.00  100.00    43    175.00      0.00  117180    9320   0.01      0.00      0.00      0.00       0  sysbench
13:57:37        0      3619   52.00   49.00    0.00    0.00  100.00    43      0.00      0.00  117180    9320   0.01      0.00      0.00      0.00       0  sysbench

13:56:18        0      3516   48.00   53.00    0.00    0.00  100.00    25    323.00      0.00  117180    9016   0.01      0.00      0.00      0.00       0  sysbench
13:56:19        0      3516   48.00   52.00    0.00    0.00  100.00    25    109.00      0.00  117180    9184   0.01      0.00      0.00      0.00       0  sysbench
13:56:20        0      3516   46.00   54.00    0.00    0.00  100.00    25     98.00      0.00  117180    9184   0.01      0.00      0.00      0.00       0  sysbench
13:56:21        0      3516   51.00   50.00    0.00    0.00  100.00    25    185.00      0.00  117180    9184   0.01      0.00      0.00      0.00       0  sysbench
13:56:22        0      3516   48.00   53.00    0.00    0.00  100.00    25      0.00      0.00  117180    9184   0.01      0.00      0.00      0.00       0  sysbench
13:56:23        0      3516   51.00   49.00    0.00    0.00  100.00    25      0.00      0.00  117180    9184   0.01      0.00      0.00      0.00       0  sysbench
13:56:24        0      3516   53.00   47.00    0.00    0.00  100.00    25      0.00      0.00  117180    9184   0.01      0.00      0.00      0.00       0  sysbench
13:56:25        0      3516   54.00   46.00    0.00    0.00  100.00    25     65.00      0.00  117180    9184   0.01      0.00      0.00      0.00       0  sysbench
13:56:26        0      3516   48.00   53.00    0.00    0.00  100.00    25    218.00      0.00  117180    9184   0.01      0.00      0.00      0.00       0  sysbench

13:57:42        0      3636   49.00   52.00    0.00    0.00  100.00    49    323.00      0.00  117180    9048   0.01      0.00      0.00      0.00       0  sysbench
13:57:43        0      3636   53.00   48.00    0.00    0.00  100.00    49     69.00      0.00  117180    9320   0.01      0.00      0.00      0.00       0  sysbench
13:57:44        0      3636   53.00   47.00    0.00    0.00  100.00    49     94.00      0.00  117180    9320   0.01      0.00      0.00      0.00       0  sysbench
13:57:45        0      3636   45.00   56.00    0.00    0.00  100.00    49    189.00      0.00  117180    9320   0.01      0.00      0.00      0.00       0  sysbench
13:57:46        0      3636   50.00   50.00    0.00    0.00  100.00    49      0.00      0.00  117180    9320   0.01      0.00      0.00      0.00       0  sysbench
13:57:47        0      3636   56.00   44.00    0.00    0.00  100.00    49    283.00      0.00  117180    9320   0.01      0.00      0.00      0.00       0  sysbench
13:57:48        0      3636   49.00   52.00    0.00    0.00  100.00    49      0.00      0.00  117180    9320   0.01      0.00      0.00      0.00       0  sysbench
13:57:49        0      3636   56.00   44.00    0.00    0.00  100.00    49      0.00      0.00  117180    9320   0.01      0.00      0.00      0.00       0  sysbench
13:57:50        0      3636   52.00   48.00    0.00    0.00  100.00    49    283.00      0.00  117180    9320   0.01      0.00      0.00      0.00       0  sysbench

13:56:53        0      3567   49.00   51.00    0.00    0.00  100.00    27    312.00      0.00  117180    9036   0.01      0.00      0.00      0.00       0  sysbench
13:56:54        0      3567   48.00   53.00    0.00    0.00  100.00    27     79.00      0.00  117180    9284   0.01      0.00      0.00      0.00       0  sysbench
13:56:55        0      3567   53.00   47.00    0.00    0.00  100.00    27     96.00      0.00  117180    9284   0.01      0.00      0.00      0.00       0  sysbench
13:56:56        0      3567   50.00   51.00    0.00    0.00  100.00    27    188.00      0.00  117180    9348   0.01      0.00      0.00      0.00       0  sysbench
13:56:57        0      3567   54.00   46.00    0.00    0.00  100.00    27      0.00      0.00  117180    9348   0.01      0.00      0.00      0.00       0  sysbench
13:56:58        0      3567   44.00   56.00    0.00    0.00  100.00    27      0.00      0.00  117180    9348   0.01      0.00      0.00      0.00       0  sysbench
13:56:59        0      3567   47.00   54.00    0.00    0.00  100.00    27    102.00      0.00  117180    9348   0.01      0.00      0.00      0.00       0  sysbench
13:57:00        0      3567   48.00   53.00    0.00    0.00  100.00    27    181.00      0.00  117180    9348   0.01      0.00      0.00      0.00       0  sysbench
13:57:01        0      3567   47.00   53.00    0.00    0.00  100.00    27      0.00      0.00  117180    9348   0.01      0.00      0.00      0.00       0  sysbench

13:56:07        0      3499   51.49   48.51    0.00    0.00  100.00     1    321.78      0.00  117180    9052   0.01      0.00      0.00      0.00       0  sysbench
13:56:08        0      3499   44.00   55.00    0.00    0.00   99.00     1     62.00      0.00  117180    9340   0.01      0.00      0.00      0.00       0  sysbench
13:56:09        0      3499   50.00   51.00    0.00    0.00  100.00     1     93.00      0.00  117180    9340   0.01      0.00      0.00      0.00       0  sysbench
13:56:10        0      3499   51.00   50.00    0.00    0.00  100.00     1    190.00      0.00  117180    9340   0.01      0.00      0.00      0.00       0  sysbench
13:56:11        0      3499   48.00   53.00    0.00    0.00  100.00     1      0.00      0.00  117180    9340   0.01      0.00      0.00      0.00       0  sysbench
13:56:12        0      3499   57.00   43.00    0.00    0.00  100.00     1      0.00      0.00  117180    9340   0.01      0.00      0.00      0.00       0  sysbench
13:56:13        0      3499   46.00   54.00    0.00    0.00  100.00     1      0.00      0.00  117180    9340   0.01      0.00      0.00      0.00       0  sysbench
13:56:14        0      3499   48.00   53.00    0.00    0.00  100.00     1     73.00      0.00  117180    9340   0.01      0.00      0.00      0.00       0  sysbench
13:56:15        0      3499   48.00   52.00    0.00    0.00  100.00     1    210.00      0.00  117180    9340   0.01      0.00      0.00      0.00       0  sysbench

13:56:41        0      3550   51.00   49.00    0.00    0.00  100.00    35    305.00      0.00  117180    8968   0.01      0.00      0.00      0.00       0  sysbench
13:56:42        0      3550   49.00   52.00    0.00    0.00  100.00    35     41.00      0.00  117180    9316   0.01      0.00      0.00      0.00       0  sysbench
13:56:43        0      3550   49.00   52.00    0.00    0.00  100.00    35    132.00      0.00  117180    9316   0.01      0.00      0.00      0.00       0  sysbench
13:56:44        0      3550   47.00   53.00    0.00    0.00  100.00    35    151.00      0.00  117180    9316   0.01      0.00      0.00      0.00       0  sysbench
13:56:45        0      3550   46.00   54.00    0.00    0.00  100.00    35      0.00      0.00  117180    9316   0.01      0.00      0.00      0.00       0  sysbench
13:56:46        0      3550   45.00   55.00    0.00    0.00  100.00    35      0.00      0.00  117180    9316   0.01      0.00      0.00      0.00       0  sysbench
13:56:47        0      3550   49.00   52.00    0.00    0.00  100.00    35      0.00      0.00  117180    9316   0.01      0.00      0.00      0.00       0  sysbench
13:56:48        0      3550   50.00   51.00    0.00    0.00  100.00    35      0.00      0.00  117180    9316   0.01      0.00      0.00      0.00       0  sysbench
13:56:49        0      3550   48.00   52.00    0.00    0.00  100.00    35      0.00      0.00  117180    9316   0.01      0.00      0.00      0.00       0  sysbench

