Linux 4.9.125-linuxkit (9d455f52a1fa) 	08/08/19 	_x86_64_	(2 CPU)

# Time        UID       PID    %usr %system  %guest   %wait    %CPU   CPU  minflt/s  majflt/s     VSZ     RSS   %MEM   kB_rd/s   kB_wr/s kB_ccwr/s iodelay  Command
23:43:08        0         1    0.00    0.00    0.00    0.00    0.00     1      0.00      0.00   18504    3032   0.15      0.00      0.00      0.00       0  bash
23:43:08        0       638   25.00   74.00    0.00    0.00   99.00     0    134.00      0.00  117176    8696   0.42      0.00      0.00      0.00       0  sysbench
23:43:08        0       646    0.00    0.00    0.00    0.00    0.00     1    426.00      0.00    7152    2880   0.14      0.00      0.00      0.00       0  pidstat

# Time        UID       PID    %usr %system  %guest   %wait    %CPU   CPU  minflt/s  majflt/s     VSZ     RSS   %MEM   kB_rd/s   kB_wr/s kB_ccwr/s iodelay  Command
23:43:09        0         1    0.00    0.00    0.00    0.00    0.00     1      0.00      0.00   18504    3032   0.15      0.00      0.00      0.00       0  bash
23:43:09        0       638   23.00   77.00    0.00    0.00  100.00     0      0.00      0.00  117176    8696   0.42      0.00      0.00      0.00       0  sysbench
23:43:09        0       646    0.00    0.00    0.00    0.00    0.00     1    102.00      0.00    7152    3324   0.16      0.00      0.00      0.00       0  pidstat

# Time        UID       PID    %usr %system  %guest   %wait    %CPU   CPU  minflt/s  majflt/s     VSZ     RSS   %MEM   kB_rd/s   kB_wr/s kB_ccwr/s iodelay  Command
23:43:10        0         1    0.00    0.00    0.00    0.00    0.00     1      0.00      0.00   18504    3032   0.15      0.00      0.00      0.00       0  bash
23:43:10        0       638   16.00   84.00    0.00    0.00  100.00     0      0.00      0.00  117176    8696   0.42      0.00      0.00      0.00       0  sysbench
23:43:10        0       646    0.00    0.00    0.00    0.00    0.00     1      0.00      0.00    7152    3324   0.16      0.00      0.00      0.00       0  pidstat

# Time        UID       PID    %usr %system  %guest   %wait    %CPU   CPU  minflt/s  majflt/s     VSZ     RSS   %MEM   kB_rd/s   kB_wr/s kB_ccwr/s iodelay  Command
23:43:11        0         1    0.00    0.00    0.00    0.00    0.00     1      0.00      0.00   18504    3032   0.15      0.00      0.00      0.00       0  bash
23:43:11        0       638   21.00   79.00    0.00    0.00  100.00     0      0.00      0.00  117176    8696   0.42      0.00      0.00      0.00       0  sysbench
23:43:11        0       646    1.00    0.00    0.00    0.00    1.00     1      0.00      0.00    7152    3324   0.16      0.00      0.00      0.00       0  pidstat

# Time        UID       PID    %usr %system  %guest   %wait    %CPU   CPU  minflt/s  majflt/s     VSZ     RSS   %MEM   kB_rd/s   kB_wr/s kB_ccwr/s iodelay  Command
23:43:12        0         1    0.00    0.00    0.00    0.00    0.00     1      0.00      0.00   18504    3032   0.15      0.00      0.00      0.00       0  bash
23:43:12        0       638   23.00   76.00    0.00    0.00   99.00     0      0.00      0.00  117176    8696   0.42      0.00      0.00      0.00       0  sysbench
23:43:12        0       646    0.00    0.00    0.00    0.00    0.00     1      0.00      0.00    7152    3324   0.16      0.00      0.00      0.00       0  pidstat

# Time        UID       PID    %usr %system  %guest   %wait    %CPU   CPU  minflt/s  majflt/s     VSZ     RSS   %MEM   kB_rd/s   kB_wr/s kB_ccwr/s iodelay  Command
23:43:13        0         1    0.00    0.00    0.00    0.00    0.00     1      0.00      0.00   18504    3032   0.15      0.00      0.00      0.00       0  bash
23:43:13        0       638   17.82   81.19    0.00    0.00   99.01     0      0.00      0.00  117176    8696   0.42      0.00      0.00      0.00       0  sysbench
23:43:13        0       646    0.00    0.00    0.00    0.00    0.00     1      0.00      0.00    7152    3324   0.16      0.00      0.00      0.00       0  pidstat

# Time        UID       PID    %usr %system  %guest   %wait    %CPU   CPU  minflt/s  majflt/s     VSZ     RSS   %MEM   kB_rd/s   kB_wr/s kB_ccwr/s iodelay  Command
23:43:14        0         1    0.00    0.00    0.00    0.00    0.00     1      0.00      0.00   18504    3032   0.15      0.00      0.00      0.00       0  bash
23:43:14        0       638   20.00   80.00    0.00    0.00  100.00     0      0.00      0.00  117176    8696   0.42      0.00      0.00      0.00       0  sysbench
23:43:14        0       646    0.00    0.00    0.00    0.00    0.00     1      0.00      0.00    7152    3324   0.16      0.00      0.00      0.00       0  pidstat

# Time        UID       PID    %usr %system  %guest   %wait    %CPU   CPU  minflt/s  majflt/s     VSZ     RSS   %MEM   kB_rd/s   kB_wr/s kB_ccwr/s iodelay  Command
23:43:15        0         1    0.00    0.00    0.00    0.00    0.00     1      0.00      0.00   18504    3032   0.15      0.00      0.00      0.00       0  bash
23:43:15        0       638   23.00   77.00    0.00    0.00  100.00     0      0.00      0.00  117176    8696   0.42      0.00      0.00      0.00       0  sysbench
23:43:15        0       646    0.00    0.00    0.00    0.00    0.00     1      0.00      0.00    7152    3324   0.16      0.00      0.00      0.00       0  pidstat

# Time        UID       PID    %usr %system  %guest   %wait    %CPU   CPU  minflt/s  majflt/s     VSZ     RSS   %MEM   kB_rd/s   kB_wr/s kB_ccwr/s iodelay  Command
23:43:16        0         1    0.00    0.00    0.00    0.00    0.00     1      0.00      0.00   18504    3032   0.15      0.00      0.00      0.00       0  bash
23:43:16        0       638   11.00   89.00    0.00    0.00  100.00     0      0.00      0.00  117176    8696   0.42      0.00      0.00      0.00       0  sysbench
23:43:16        0       646    0.00    0.00    0.00    0.00    0.00     1      0.00      0.00    7152    3324   0.16      0.00      0.00      0.00       0  pidstat

# Time        UID       PID    %usr %system  %guest   %wait    %CPU   CPU  minflt/s  majflt/s     VSZ     RSS   %MEM   kB_rd/s   kB_wr/s kB_ccwr/s iodelay  Command
23:43:17        0         1    0.00    0.00    0.00    0.00    0.00     1      0.00      0.00   18504    3032   0.15      0.00      0.00      0.00       0  bash
23:43:17        0       646    0.00    0.00    0.00    0.00    0.00     1      0.00      0.00    7152    3324   0.16      0.00      0.00      0.00       0  pidstat
23:43:17        0       651    0.00    0.00    0.00    0.00    0.00     0    297.00      0.00   74880    4976   0.24      0.00      0.00      0.00       0  runc:[2:INIT]

Linux 4.9.125-linuxkit (9d455f52a1fa) 	08/08/19 	_x86_64_	(2 CPU)

# Time        UID       PID    %usr %system  %guest   %wait    %CPU   CPU  minflt/s  majflt/s     VSZ     RSS   %MEM   kB_rd/s   kB_wr/s kB_ccwr/s iodelay  Command
23:43:19        0         1    0.00    0.00    0.00    0.00    0.00     1      0.00      0.00   18504    3032   0.15      0.00      0.00      0.00       0  bash
23:43:19        0       660   18.81   80.20    0.00    0.00   99.01     0    135.64      0.00  117176    8772   0.43      0.00      0.00      0.00       0  sysbench
23:43:19        0       670    0.00    0.00    0.00    0.00    0.00     0    421.78      0.00    7152    2896   0.14      0.00      0.00      0.00       0  pidstat

# Time        UID       PID    %usr %system  %guest   %wait    %CPU   CPU  minflt/s  majflt/s     VSZ     RSS   %MEM   kB_rd/s   kB_wr/s kB_ccwr/s iodelay  Command
23:43:20        0         1    0.00    0.00    0.00    0.00    0.00     1      0.00      0.00   18504    3032   0.15      0.00      0.00      0.00       0  bash
23:43:20        0       660   24.00   76.00    0.00    0.00  100.00     0      0.00      0.00  117176    8772   0.43      0.00      0.00      0.00       0  sysbench
23:43:20        0       670    0.00    0.00    0.00    0.00    0.00     0    103.00      0.00    7152    3336   0.16      0.00      0.00      0.00       0  pidstat

# Time        UID       PID    %usr %system  %guest   %wait    %CPU   CPU  minflt/s  majflt/s     VSZ     RSS   %MEM   kB_rd/s   kB_wr/s kB_ccwr/s iodelay  Command
23:43:21        0         1    0.00    0.00    0.00    0.00    0.00     1      0.00      0.00   18504    3032   0.15      0.00      0.00      0.00       0  bash
23:43:21        0       660   19.00   80.00    0.00    0.00   99.00     0      0.00      0.00  117176    8772   0.43      0.00      0.00      0.00       0  sysbench
23:43:21        0       670    0.00    0.00    0.00    0.00    0.00     0      0.00      0.00    7152    3336   0.16      0.00      0.00      0.00       0  pidstat

# Time        UID       PID    %usr %system  %guest   %wait    %CPU   CPU  minflt/s  majflt/s     VSZ     RSS   %MEM   kB_rd/s   kB_wr/s kB_ccwr/s iodelay  Command
23:43:22        0         1    0.00    0.00    0.00    0.00    0.00     1      0.00      0.00   18504    3032   0.15      0.00      0.00      0.00       0  bash
23:43:22        0       660   21.00   79.00    0.00    0.00  100.00     0      0.00      0.00  117176    8772   0.43      0.00      0.00      0.00       0  sysbench
23:43:22        0       670    0.00    0.00    0.00    0.00    0.00     0      0.00      0.00    7152    3336   0.16      0.00      0.00      0.00       0  pidstat

# Time        UID       PID    %usr %system  %guest   %wait    %CPU   CPU  minflt/s  majflt/s     VSZ     RSS   %MEM   kB_rd/s   kB_wr/s kB_ccwr/s iodelay  Command
23:43:23        0         1    0.00    0.00    0.00    0.00    0.00     1      0.00      0.00   18504    3032   0.15      0.00      0.00      0.00       0  bash
23:43:23        0       660   23.00   76.00    0.00    0.00   99.00     0      0.00      0.00  117176    8772   0.43      0.00      0.00      0.00       0  sysbench
23:43:23        0       670    0.00    0.00    0.00    1.00    0.00     0      0.00      0.00    7152    3336   0.16      0.00      0.00      0.00       0  pidstat

# Time        UID       PID    %usr %system  %guest   %wait    %CPU   CPU  minflt/s  majflt/s     VSZ     RSS   %MEM   kB_rd/s   kB_wr/s kB_ccwr/s iodelay  Command
23:43:24        0         1    0.00    0.00    0.00    0.00    0.00     1      0.00      0.00   18504    3032   0.15      0.00      0.00      0.00       0  bash
23:43:24        0       660   22.00   78.00    0.00    0.00  100.00     0      0.00      0.00  117176    8772   0.43      0.00      0.00      0.00       0  sysbench
23:43:24        0       670    0.00    0.00    0.00    1.00    0.00     0      0.00      0.00    7152    3336   0.16      0.00      0.00      0.00       0  pidstat

# Time        UID       PID    %usr %system  %guest   %wait    %CPU   CPU  minflt/s  majflt/s     VSZ     RSS   %MEM   kB_rd/s   kB_wr/s kB_ccwr/s iodelay  Command
23:43:25        0         1    0.00    0.00    0.00    0.00    0.00     1      0.00      0.00   18504    3032   0.15      0.00      0.00      0.00       0  bash
23:43:25        0       660   20.00   79.00    0.00    0.00   99.00     0      0.00      0.00  117176    8772   0.43      0.00      0.00      0.00       0  sysbench
23:43:25        0       670    0.00    0.00    0.00    0.00    0.00     0      0.00      0.00    7152    3336   0.16      0.00      0.00      0.00       0  pidstat

# Time        UID       PID    %usr %system  %guest   %wait    %CPU   CPU  minflt/s  majflt/s     VSZ     RSS   %MEM   kB_rd/s   kB_wr/s kB_ccwr/s iodelay  Command
23:43:26        0         1    0.00    0.00    0.00    0.00    0.00     1      0.00      0.00   18504    3032   0.15      0.00      0.00      0.00       0  bash
23:43:26        0       660   19.00   81.00    0.00    0.00  100.00     0      0.00      0.00  117176    8772   0.43      0.00      0.00      0.00       0  sysbench
23:43:26        0       670    0.00    0.00    0.00    0.00    0.00     0      0.00      0.00    7152    3336   0.16      0.00      0.00      0.00       0  pidstat

# Time        UID       PID    %usr %system  %guest   %wait    %CPU   CPU  minflt/s  majflt/s     VSZ     RSS   %MEM   kB_rd/s   kB_wr/s kB_ccwr/s iodelay  Command
23:43:27        0         1    0.00    0.00    0.00    0.00    0.00     1      0.00      0.00   18504    3032   0.15      0.00      0.00      0.00       0  bash
23:43:27        0       660   22.77   76.24    0.00    0.00   99.01     0      0.00      0.00  117176    8772   0.43      0.00      0.00      0.00       0  sysbench
23:43:27        0       670    0.00    0.00    0.00    0.00    0.00     0      0.00      0.00    7152    3336   0.16      0.00      0.00      0.00       0  pidstat

# Time        UID       PID    %usr %system  %guest   %wait    %CPU   CPU  minflt/s  majflt/s     VSZ     RSS   %MEM   kB_rd/s   kB_wr/s kB_ccwr/s iodelay  Command
23:43:28        0         1    0.00    0.00    0.00    0.00    0.00     1      0.00      0.00   18504    3032   0.15      0.00      0.00      0.00       0  bash
23:43:28        0       670    0.00    0.00    0.00    0.00    0.00     0      0.00      0.00    7152    3336   0.16      0.00      0.00      0.00       0  pidstat

Linux 4.9.125-linuxkit (9d455f52a1fa) 	08/08/19 	_x86_64_	(2 CPU)

# Time        UID       PID    %usr %system  %guest   %wait    %CPU   CPU  minflt/s  majflt/s     VSZ     RSS   %MEM   kB_rd/s   kB_wr/s kB_ccwr/s iodelay  Command
23:42:47        0         1    0.00    0.00    0.00    0.00    0.00     1      0.00      0.00   18504    3032   0.15      0.00      0.00      0.00       0  bash
23:42:47        0       597   23.00   76.00    0.00    0.00   99.00     0    136.00      0.00  117176    9120   0.45      0.00      0.00      0.00       0  sysbench
23:42:47        0       605    0.00    0.00    0.00    0.00    0.00     0    426.00      0.00    7152    2896   0.14      0.00      0.00      0.00       0  pidstat

# Time        UID       PID    %usr %system  %guest   %wait    %CPU   CPU  minflt/s  majflt/s     VSZ     RSS   %MEM   kB_rd/s   kB_wr/s kB_ccwr/s iodelay  Command
23:42:48        0         1    0.00    0.00    0.00    0.00    0.00     1      0.00      0.00   18504    3032   0.15      0.00      0.00      0.00       0  bash
23:42:48        0       597   22.00   77.00    0.00    0.00   99.00     0      0.00      0.00  117176    9120   0.45      0.00      0.00      0.00       0  sysbench
23:42:48        0       605    0.00    0.00    0.00    0.00    0.00     0    102.00      0.00    7152    3340   0.16      0.00      0.00      0.00       0  pidstat

# Time        UID       PID    %usr %system  %guest   %wait    %CPU   CPU  minflt/s  majflt/s     VSZ     RSS   %MEM   kB_rd/s   kB_wr/s kB_ccwr/s iodelay  Command
23:42:49        0         1    0.00    0.00    0.00    0.00    0.00     1      0.00      0.00   18504    3032   0.15      0.00      0.00      0.00       0  bash
23:42:49        0       597   30.00   70.00    0.00    0.00  100.00     0      0.00      0.00  117176    9120   0.45      0.00      0.00      0.00       0  sysbench
23:42:49        0       605    0.00    0.00    0.00    1.00    0.00     0      0.00      0.00    7152    3340   0.16      0.00      0.00      0.00       0  pidstat

# Time        UID       PID    %usr %system  %guest   %wait    %CPU   CPU  minflt/s  majflt/s     VSZ     RSS   %MEM   kB_rd/s   kB_wr/s kB_ccwr/s iodelay  Command
23:42:50        0         1    0.00    0.00    0.00    0.00    0.00     1      0.00      0.00   18504    3032   0.15      0.00      0.00      0.00       0  bash
23:42:50        0       597   19.00   81.00    0.00    0.00  100.00     0      0.00      0.00  117176    9120   0.45      0.00      0.00      0.00       0  sysbench
23:42:50        0       605    0.00    1.00    0.00    0.00    1.00     0      0.00      0.00    7152    3340   0.16      0.00      0.00      0.00       0  pidstat

# Time        UID       PID    %usr %system  %guest   %wait    %CPU   CPU  minflt/s  majflt/s     VSZ     RSS   %MEM   kB_rd/s   kB_wr/s kB_ccwr/s iodelay  Command
23:42:51        0         1    0.00    0.00    0.00    0.00    0.00     1      0.00      0.00   18504    3032   0.15      0.00      0.00      0.00       0  bash
23:42:51        0       597   26.00   73.00    0.00    0.00   99.00     0      0.00      0.00  117176    9120   0.45      0.00      0.00      0.00       0  sysbench
23:42:51        0       605    0.00    0.00    0.00    0.00    0.00     0      0.00      0.00    7152    3340   0.16      0.00      0.00      0.00       0  pidstat

# Time        UID       PID    %usr %system  %guest   %wait    %CPU   CPU  minflt/s  majflt/s     VSZ     RSS   %MEM   kB_rd/s   kB_wr/s kB_ccwr/s iodelay  Command
23:42:52        0         1    0.00    0.00    0.00    0.00    0.00     1      0.00      0.00   18504    3032   0.15      0.00      0.00      0.00       0  bash
23:42:52        0       597   17.82   81.19    0.00    0.00   99.01     0      0.00      0.00  117176    9120   0.45      0.00      0.00      0.00       0  sysbench
23:42:52        0       605    0.00    0.00    0.00    0.00    0.00     0      0.00      0.00    7152    3340   0.16      0.00      0.00      0.00       0  pidstat

# Time        UID       PID    %usr %system  %guest   %wait    %CPU   CPU  minflt/s  majflt/s     VSZ     RSS   %MEM   kB_rd/s   kB_wr/s kB_ccwr/s iodelay  Command
23:42:53        0         1    0.00    0.00    0.00    0.00    0.00     1      0.00      0.00   18504    3032   0.15      0.00      0.00      0.00       0  bash
23:42:53        0       597   23.00   76.00    0.00    0.00   99.00     0      0.00      0.00  117176    9120   0.45      0.00      0.00      0.00       0  sysbench
23:42:53        0       605    0.00    0.00    0.00    1.00    0.00     0      0.00      0.00    7152    3340   0.16      0.00      0.00      0.00       0  pidstat

# Time        UID       PID    %usr %system  %guest   %wait    %CPU   CPU  minflt/s  majflt/s     VSZ     RSS   %MEM   kB_rd/s   kB_wr/s kB_ccwr/s iodelay  Command
23:42:54        0         1    0.00    0.00    0.00    0.00    0.00     1      0.00      0.00   18504    3032   0.15      0.00      0.00      0.00       0  bash
23:42:54        0       597   17.00   82.00    0.00    0.00   99.00     0      0.00      0.00  117176    9120   0.45      0.00      0.00      0.00       0  sysbench
23:42:54        0       605    0.00    0.00    0.00    0.00    0.00     0      0.00      0.00    7152    3340   0.16      0.00      0.00      0.00       0  pidstat

# Time        UID       PID    %usr %system  %guest   %wait    %CPU   CPU  minflt/s  majflt/s     VSZ     RSS   %MEM   kB_rd/s   kB_wr/s kB_ccwr/s iodelay  Command
23:42:55        0         1    0.00    0.00    0.00    0.00    0.00     1      0.00      0.00   18504    3032   0.15      0.00      0.00      0.00       0  bash
23:42:55        0       597   26.00   74.00    0.00    0.00  100.00     0      0.00      0.00  117176    9120   0.45      0.00      0.00      0.00       0  sysbench
23:42:55        0       605    0.00    0.00    0.00    0.00    0.00     0      0.00      0.00    7152    3340   0.16      0.00      0.00      0.00       0  pidstat

# Time        UID       PID    %usr %system  %guest   %wait    %CPU   CPU  minflt/s  majflt/s     VSZ     RSS   %MEM   kB_rd/s   kB_wr/s kB_ccwr/s iodelay  Command
23:42:56        0         1    0.00    0.00    0.00    0.00    0.00     1      0.00      0.00   18504    3032   0.15      0.00      0.00      0.00       0  bash
23:42:56        0       605    0.00    0.00    0.00    1.00    0.00     0      0.00      0.00    7152    3340   0.16      0.00      0.00      0.00       0  pidstat
23:42:56        0       612    0.00    0.00    0.00    0.00    0.00     1    255.00      0.00   57432    4088   0.20      0.00      0.00      0.00       0  runc:[2:INIT]

Linux 4.9.125-linuxkit (9d455f52a1fa) 	08/08/19 	_x86_64_	(2 CPU)

# Time        UID       PID    %usr %system  %guest   %wait    %CPU   CPU  minflt/s  majflt/s     VSZ     RSS   %MEM   kB_rd/s   kB_wr/s kB_ccwr/s iodelay  Command
23:42:58        0         1    0.00    0.00    0.00    0.00    0.00     1      0.00      0.00   18504    3032   0.15      0.00      0.00      0.00       0  bash
23:42:58        0       619   19.00   81.00    0.00    0.00  100.00     0    135.00      0.00  117176    8696   0.42      0.00      0.00      0.00       0  sysbench
23:42:58        0       628    0.00    0.00    0.00    0.00    0.00     0    426.00      0.00    7152    2892   0.14      0.00      0.00      0.00       0  pidstat

# Time        UID       PID    %usr %system  %guest   %wait    %CPU   CPU  minflt/s  majflt/s     VSZ     RSS   %MEM   kB_rd/s   kB_wr/s kB_ccwr/s iodelay  Command
23:42:59        0         1    0.00    0.00    0.00    0.00    0.00     1      0.00      0.00   18504    3032   0.15      0.00      0.00      0.00       0  bash
23:42:59        0       619   19.80   78.22    0.00    0.00   98.02     0      0.00      0.00  117176    8696   0.42      0.00      0.00      0.00       0  sysbench
23:42:59        0       628    0.00    0.00    0.00    0.00    0.00     0    100.00      0.00    7152    3336   0.16      0.00      0.00      0.00       0  pidstat

# Time        UID       PID    %usr %system  %guest   %wait    %CPU   CPU  minflt/s  majflt/s     VSZ     RSS   %MEM   kB_rd/s   kB_wr/s kB_ccwr/s iodelay  Command
23:43:00        0         1    0.00    0.00    0.00    0.00    0.00     1      0.00      0.00   18504    3032   0.15      0.00      0.00      0.00       0  bash
23:43:00        0       619   26.00   74.00    0.00    0.00  100.00     0      0.00      0.00  117176    8696   0.42      0.00      0.00      0.00       0  sysbench
23:43:00        0       628    0.00    0.00    0.00    0.00    0.00     0      0.00      0.00    7152    3336   0.16      0.00      0.00      0.00       0  pidstat

# Time        UID       PID    %usr %system  %guest   %wait    %CPU   CPU  minflt/s  majflt/s     VSZ     RSS   %MEM   kB_rd/s   kB_wr/s kB_ccwr/s iodelay  Command
23:43:01        0         1    0.00    0.00    0.00    0.00    0.00     1      0.00      0.00   18504    3032   0.15      0.00      0.00      0.00       0  bash
23:43:01        0       619   28.00   71.00    0.00    0.00   99.00     0      0.00      0.00  117176    8696   0.42      0.00      0.00      0.00       0  sysbench
23:43:01        0       628    0.00    0.00    0.00    1.00    0.00     0      0.00      0.00    7152    3336   0.16      0.00      0.00      0.00       0  pidstat

# Time        UID       PID    %usr %system  %guest   %wait    %CPU   CPU  minflt/s  majflt/s     VSZ     RSS   %MEM   kB_rd/s   kB_wr/s kB_ccwr/s iodelay  Command
23:43:02        0         1    0.00    0.00    0.00    0.00    0.00     1      0.00      0.00   18504    3032   0.15      0.00      0.00      0.00       0  bash
23:43:02        0       619   20.00   80.00    0.00    0.00  100.00     0      0.00      0.00  117176    8696   0.42      0.00      0.00      0.00       0  sysbench
23:43:02        0       628    1.00    0.00    0.00    0.00    1.00     0      0.00      0.00    7152    3336   0.16      0.00      0.00      0.00       0  pidstat

# Time        UID       PID    %usr %system  %guest   %wait    %CPU   CPU  minflt/s  majflt/s     VSZ     RSS   %MEM   kB_rd/s   kB_wr/s kB_ccwr/s iodelay  Command
23:43:03        0         1    0.00    0.00    0.00    0.00    0.00     1      0.00      0.00   18504    3032   0.15      0.00      0.00      0.00       0  bash
23:43:03        0       619   23.00   77.00    0.00    0.00  100.00     0      0.00      0.00  117176    8696   0.42      0.00      0.00      0.00       0  sysbench
23:43:03        0       628    0.00    0.00    0.00    0.00    0.00     0      0.00      0.00    7152    3336   0.16      0.00      0.00      0.00       0  pidstat

# Time        UID       PID    %usr %system  %guest   %wait    %CPU   CPU  minflt/s  majflt/s     VSZ     RSS   %MEM   kB_rd/s   kB_wr/s kB_ccwr/s iodelay  Command
23:43:04        0         1    0.00    0.00    0.00    0.00    0.00     1      0.00      0.00   18504    3032   0.15      0.00      0.00      0.00       0  bash
23:43:04        0       619   18.00   82.00    0.00    0.00  100.00     0      0.00      0.00  117176    8696   0.42      0.00      0.00      0.00       0  sysbench
23:43:04        0       628    0.00    0.00    0.00    0.00    0.00     0      0.00      0.00    7152    3336   0.16      0.00      0.00      0.00       0  pidstat

# Time        UID       PID    %usr %system  %guest   %wait    %CPU   CPU  minflt/s  majflt/s     VSZ     RSS   %MEM   kB_rd/s   kB_wr/s kB_ccwr/s iodelay  Command
23:43:05        0         1    0.00    0.00    0.00    0.00    0.00     1      0.00      0.00   18504    3032   0.15      0.00      0.00      0.00       0  bash
23:43:05        0       619   24.00   75.00    0.00    0.00   99.00     0      0.00      0.00  117176    8696   0.42      0.00      0.00      0.00       0  sysbench
23:43:05        0       628    0.00    0.00    0.00    0.00    0.00     0      0.00      0.00    7152    3336   0.16      0.00      0.00      0.00       0  pidstat

# Time        UID       PID    %usr %system  %guest   %wait    %CPU   CPU  minflt/s  majflt/s     VSZ     RSS   %MEM   kB_rd/s   kB_wr/s kB_ccwr/s iodelay  Command
23:43:06        0         1    0.00    0.00    0.00    0.00    0.00     1      0.00      0.00   18504    3032   0.15      0.00      0.00      0.00       0  bash
23:43:06        0       619   13.86   85.15    0.00    0.00   99.01     0      0.00      0.00  117176    8696   0.42      0.00      0.00      0.00       0  sysbench
23:43:06        0       628    0.00    0.00    0.00    0.00    0.00     0      0.00      0.00    7152    3336   0.16      0.00      0.00      0.00       0  pidstat

# Time        UID       PID    %usr %system  %guest   %wait    %CPU   CPU  minflt/s  majflt/s     VSZ     RSS   %MEM   kB_rd/s   kB_wr/s kB_ccwr/s iodelay  Command
23:43:07        0         1    0.00    0.00    0.00    0.00    0.00     1      0.00      0.00   18504    3032   0.15      0.00      0.00      0.00       0  bash
23:43:07        0       628    0.00    0.00    0.00    0.00    0.00     0      0.00      0.00    7152    3336   0.16      0.00      0.00      0.00       0  pidstat

Linux 4.9.125-linuxkit (9d455f52a1fa) 	08/08/19 	_x86_64_	(2 CPU)

# Time        UID       PID    %usr %system  %guest   %wait    %CPU   CPU  minflt/s  majflt/s     VSZ     RSS   %MEM   kB_rd/s   kB_wr/s kB_ccwr/s iodelay  Command
23:42:37        0         1    0.00    0.00    0.00    0.00    0.00     1      0.00      0.00   18504    3032   0.15      0.00      0.00      0.00       0  bash
23:42:37        0       578   22.00   76.00    0.00    0.00   98.00     1    133.00      0.00  117176    8820   0.43      0.00      0.00      0.00       0  sysbench
23:42:37        0       586    0.00    0.00    0.00    0.00    0.00     1    426.00      0.00    7152    2868   0.14      0.00      0.00      0.00       0  pidstat

# Time        UID       PID    %usr %system  %guest   %wait    %CPU   CPU  minflt/s  majflt/s     VSZ     RSS   %MEM   kB_rd/s   kB_wr/s kB_ccwr/s iodelay  Command
23:42:38        0         1    0.00    0.00    0.00    0.00    0.00     1      0.00      0.00   18504    3032   0.15      0.00      0.00      0.00       0  bash
23:42:38        0       578   17.00   83.00    0.00    0.00  100.00     1      0.00      0.00  117176    8820   0.43      0.00      0.00      0.00       0  sysbench
23:42:38        0       586    0.00    0.00    0.00    1.00    0.00     1    102.00      0.00    7152    3312   0.16      0.00      0.00      0.00       0  pidstat

# Time        UID       PID    %usr %system  %guest   %wait    %CPU   CPU  minflt/s  majflt/s     VSZ     RSS   %MEM   kB_rd/s   kB_wr/s kB_ccwr/s iodelay  Command
23:42:39        0         1    0.00    0.00    0.00    0.00    0.00     1      0.00      0.00   18504    3032   0.15      0.00      0.00      0.00       0  bash
23:42:39        0       578   18.81   80.20    0.00    0.00   99.01     1      0.00      0.00  117176    8820   0.43      0.00      0.00      0.00       0  sysbench
23:42:39        0       586    0.00    0.99    0.00    0.00    0.99     1      0.00      0.00    7152    3312   0.16      0.00      0.00      0.00       0  pidstat

# Time        UID       PID    %usr %system  %guest   %wait    %CPU   CPU  minflt/s  majflt/s     VSZ     RSS   %MEM   kB_rd/s   kB_wr/s kB_ccwr/s iodelay  Command
23:42:40        0         1    0.00    0.00    0.00    0.00    0.00     1      0.00      0.00   18504    3032   0.15      0.00      0.00      0.00       0  bash
23:42:40        0       578   26.00   74.00    0.00    0.00  100.00     1      0.00      0.00  117176    8820   0.43      0.00      0.00      0.00       0  sysbench
23:42:40        0       586    0.00    0.00    0.00    0.00    0.00     1      0.00      0.00    7152    3312   0.16      0.00      0.00      0.00       0  pidstat

# Time        UID       PID    %usr %system  %guest   %wait    %CPU   CPU  minflt/s  majflt/s     VSZ     RSS   %MEM   kB_rd/s   kB_wr/s kB_ccwr/s iodelay  Command
23:42:41        0         1    0.00    0.00    0.00    0.00    0.00     1      0.00      0.00   18504    3032   0.15      0.00      0.00      0.00       0  bash
23:42:41        0       578   27.00   73.00    0.00    0.00  100.00     1      0.00      0.00  117176    8820   0.43      0.00      0.00      0.00       0  sysbench
23:42:41        0       586    0.00    0.00    0.00    0.00    0.00     1      0.00      0.00    7152    3312   0.16      0.00      0.00      0.00       0  pidstat

# Time        UID       PID    %usr %system  %guest   %wait    %CPU   CPU  minflt/s  majflt/s     VSZ     RSS   %MEM   kB_rd/s   kB_wr/s kB_ccwr/s iodelay  Command
23:42:42        0         1    0.00    0.00    0.00    0.00    0.00     1      0.00      0.00   18504    3032   0.15      0.00      0.00      0.00       0  bash
23:42:42        0       578   19.00   81.00    0.00    0.00  100.00     1      0.00      0.00  117176    8820   0.43      0.00      0.00      0.00       0  sysbench
23:42:42        0       586    0.00    0.00    0.00    0.00    0.00     1      0.00      0.00    7152    3312   0.16      0.00      0.00      0.00       0  pidstat

# Time        UID       PID    %usr %system  %guest   %wait    %CPU   CPU  minflt/s  majflt/s     VSZ     RSS   %MEM   kB_rd/s   kB_wr/s kB_ccwr/s iodelay  Command
23:42:43        0         1    0.00    0.00    0.00    0.00    0.00     1      0.00      0.00   18504    3032   0.15      0.00      0.00      0.00       0  bash
23:42:43        0       578   22.00   78.00    0.00    0.00  100.00     1      0.00      0.00  117176    8820   0.43      0.00      0.00      0.00       0  sysbench
23:42:43        0       586    0.00    0.00    0.00    0.00    0.00     1      0.00      0.00    7152    3312   0.16      0.00      0.00      0.00       0  pidstat

# Time        UID       PID    %usr %system  %guest   %wait    %CPU   CPU  minflt/s  majflt/s     VSZ     RSS   %MEM   kB_rd/s   kB_wr/s kB_ccwr/s iodelay  Command
23:42:44        0         1    0.00    0.00    0.00    0.00    0.00     1      0.00      0.00   18504    3032   0.15      0.00      0.00      0.00       0  bash
23:42:44        0       578   21.00   79.00    0.00    0.00  100.00     1      0.00      0.00  117176    8820   0.43      0.00      0.00      0.00       0  sysbench
23:42:44        0       586    0.00    0.00    0.00    0.00    0.00     1      0.00      0.00    7152    3312   0.16      0.00      0.00      0.00       0  pidstat

# Time        UID       PID    %usr %system  %guest   %wait    %CPU   CPU  minflt/s  majflt/s     VSZ     RSS   %MEM   kB_rd/s   kB_wr/s kB_ccwr/s iodelay  Command
23:42:45        0         1    0.00    0.00    0.00    0.00    0.00     1      0.00      0.00   18504    3032   0.15      0.00      0.00      0.00       0  bash
23:42:45        0       578   23.76   75.25    0.00    0.00   99.01     1      0.00      0.00  117176    8820   0.43      0.00      0.00      0.00       0  sysbench
23:42:45        0       586    0.00    0.00    0.00    0.00    0.00     1      0.00      0.00    7152    3312   0.16      0.00      0.00      0.00       0  pidstat

