14:36:01        0      4351   46.00   54.00    0.00    0.00  100.00    11    308.00      0.00  117180    9220   0.01      0.00      0.00      0.00       0  sysbench
14:36:02        0      4351   48.00   53.00    0.00    0.00  100.00    11     38.00      0.00  117180    9388   0.01      0.00      0.00      0.00       0  sysbench
14:36:03        0      4351   51.00   49.00    0.00    0.00  100.00    11     87.00      0.00  117180    9388   0.01      0.00      0.00      0.00       0  sysbench
14:36:04        0      4351   47.00   53.00    0.00    0.00  100.00    11    196.00      0.00  117180    9392   0.01      0.00      0.00      0.00       0  sysbench
14:36:05        0      4351   52.00   49.00    0.00    0.00  100.00    11     54.00      0.00  117180    9392   0.01      0.00      0.00      0.00       0  sysbench
14:36:06        0      4351   44.00   57.00    0.00    0.00  100.00    11    229.00      0.00  117180    9392   0.01      0.00      0.00      0.00       0  sysbench
14:36:07        0      4351   46.00   55.00    0.00    0.00  100.00    11      0.00      0.00  117180    9392   0.01      0.00      0.00      0.00       0  sysbench
14:36:08        0      4351   48.00   52.00    0.00    0.00  100.00    11     27.00      0.00  117180    9392   0.01      0.00      0.00      0.00       0  sysbench
14:36:09        0      4351   54.00   46.00    0.00    0.00  100.00    11    256.00      0.00  117180    9392   0.01      0.00      0.00      0.00       0  sysbench

14:35:23        0      4300   46.00   54.00    0.00    0.00  100.00    35    323.00      0.00  117180    9016   0.01      0.00      0.00      0.00       0  sysbench
14:35:24        0      4300   46.00   56.00    0.00    0.00  100.00    35     77.00      0.00  117180    9276   0.01      0.00      0.00      0.00       0  sysbench
14:35:25        0      4300   52.00   47.00    0.00    0.00   99.00    35     83.00      0.00  117180    9276   0.01      0.00      0.00      0.00       0  sysbench
14:35:26        0      4300   46.00   55.00    0.00    0.00  100.00    35    200.00      0.00  117180    9276   0.01      0.00      0.00      0.00       0  sysbench
14:35:27        0      4300   58.00   43.00    0.00    0.00  100.00    35     87.00      0.00  117180    9276   0.01      0.00      0.00      0.00       0  sysbench
14:35:28        0      4300   48.00   53.00    0.00    0.00  100.00    35    196.00      0.00  117180    9276   0.01      0.00      0.00      0.00       0  sysbench
14:35:29        0      4300   46.00   54.00    0.00    0.00  100.00    35     76.00      0.00  117180    9276   0.01      0.00      0.00      0.00       0  sysbench
14:35:30        0      4300   56.00   45.00    0.00    0.00  100.00    35    207.00      0.00  117180    9276   0.01      0.00      0.00      0.00       0  sysbench
14:35:31        0      4300   49.00   51.00    0.00    0.00  100.00    35      0.00      0.00  117180    9276   0.01      0.00      0.00      0.00       0  sysbench

14:35:11        0      4283   48.00   52.00    0.00    0.00  100.00     3    323.00      0.00  117180    8880   0.01      0.00      0.00      0.00       0  sysbench
14:35:12        0      4283   52.00   49.00    0.00    0.00  100.00     3    121.00      0.00  117180    9308   0.01      0.00      0.00      0.00       0  sysbench
14:35:13        0      4283   51.00   49.00    0.00    0.00  100.00     3     72.00      0.00  117180    9308   0.01      0.00      0.00      0.00       0  sysbench
14:35:14        0      4283   48.00   53.00    0.00    0.00  100.00     3    211.00      0.00  117180    9308   0.01      0.00      0.00      0.00       0  sysbench
14:35:15        0      4283   55.00   45.00    0.00    0.00  100.00     3      0.00      0.00  117180    9308   0.01      0.00      0.00      0.00       0  sysbench
14:35:16        0      4283   55.00   46.00    0.00    0.00  100.00     3      0.00      0.00  117180    9308   0.01      0.00      0.00      0.00       0  sysbench
14:35:17        0      4283   51.00   49.00    0.00    0.00  100.00     3      0.00      0.00  117180    9308   0.01      0.00      0.00      0.00       0  sysbench
14:35:18        0      4283   51.00   50.00    0.00    0.00  100.00     3     48.00      0.00  117180    9308   0.01      0.00      0.00      0.00       0  sysbench
14:35:19        0      4283   52.00   48.00    0.00    0.00  100.00     3    235.00      0.00  117180    9308   0.01      0.00      0.00      0.00       0  sysbench

14:34:35        0      4232   52.00   49.00    0.00    0.00  100.00    37    321.00      0.00  117180    9124   0.01      0.00      0.00      0.00       0  sysbench
14:34:36        0      4232   50.00   51.00    0.00    0.00  100.00    37     26.00      0.00  117180    9124   0.01      0.00      0.00      0.00       0  sysbench
14:34:37        0      4232   47.00   52.00    0.00    0.00   99.00    37     99.00      0.00  117180    9300   0.01      0.00      0.00      0.00       0  sysbench
14:34:38        0      4232   46.00   55.00    0.00    0.00  100.00    37    184.00      0.00  117180    9308   0.01      0.00      0.00      0.00       0  sysbench
14:34:39        0      4232   50.00   50.00    0.00    0.00  100.00    37      0.00      0.00  117180    9308   0.01      0.00      0.00      0.00       0  sysbench
14:34:40        0      4232   52.00   49.00    0.00    0.00  100.00    37      0.00      0.00  117180    9308   0.01      0.00      0.00      0.00       0  sysbench
14:34:41        0      4232   50.00   50.00    0.00    0.00  100.00    37      0.00      0.00  117180    9308   0.01      0.00      0.00      0.00       0  sysbench
14:34:42        0      4232   52.00   48.00    0.00    0.00  100.00    37     82.00      0.00  117180    9308   0.01      0.00      0.00      0.00       0  sysbench
14:34:43        0      4232   52.00   49.00    0.00    0.00  100.00    37    201.00      0.00  117180    9308   0.01      0.00      0.00      0.00       0  sysbench

14:35:35        0      4317   50.00   51.00    0.00    0.00  100.00    29    320.00      0.00  117180    9048   0.01      0.00      0.00      0.00       0  sysbench
14:35:36        0      4317   45.00   55.00    0.00    0.00  100.00    29     60.00      0.00  117180    9344   0.01      0.00      0.00      0.00       0  sysbench
14:35:37        0      4317   49.00   52.00    0.00    0.00  100.00    29     82.00      0.00  117180    9344   0.01      0.00      0.00      0.00       0  sysbench
14:35:38        0      4317   49.00   51.00    0.00    0.00  100.00    29    201.00      0.00  117180    9344   0.01      0.00      0.00      0.00       0  sysbench
14:35:39        0      4317   49.00   51.00    0.00    0.00  100.00    29      0.00      0.00  117180    9344   0.01      0.00      0.00      0.00       0  sysbench
14:35:40        0      4317   48.00   53.00    0.00    0.00  100.00    29      0.00      0.00  117180    9344   0.01      0.00      0.00      0.00       0  sysbench
14:35:41        0      4317   46.00   54.00    0.00    0.00  100.00    29     82.00      0.00  117180    9344   0.01      0.00      0.00      0.00       0  sysbench
14:35:42        0      4317   49.00   52.00    0.00    0.00  100.00    29    201.00      0.00  117180    9344   0.01      0.00      0.00      0.00       0  sysbench
14:35:43        0      4317   46.00   54.00    0.00    0.00  100.00    29      0.00      0.00  117180    9344   0.01      0.00      0.00      0.00       0  sysbench

14:34:24        0      4215   51.00   50.00    0.00    0.00  100.00    49    310.00      0.00  117180    9328   0.01      0.00      0.00      0.00       0  sysbench
14:34:25        0      4215   52.00   48.00    0.00    0.00  100.00    49     23.00      0.00  117180    9328   0.01      0.00      0.00      0.00       0  sysbench
14:34:26        0      4215   54.00   47.00    0.00    0.00  100.00    49     98.00      0.00  117180    9328   0.01      0.00      0.00      0.00       0  sysbench
14:34:27        0      4215   49.00   51.00    0.00    0.00  100.00    49    185.00      0.00  117180    9332   0.01      0.00      0.00      0.00       0  sysbench
14:34:28        0      4215   54.00   47.00    0.00    0.00  100.00    49      0.00      0.00  117180    9332   0.01      0.00      0.00      0.00       0  sysbench
14:34:29        0      4215   50.00   50.00    0.00    0.00  100.00    49      0.00      0.00  117180    9332   0.01      0.00      0.00      0.00       0  sysbench
14:34:30        0      4215   54.00   46.00    0.00    0.00  100.00    49      0.00      0.00  117180    9332   0.01      0.00      0.00      0.00       0  sysbench
14:34:31        0      4215   57.00   44.00    0.00    0.00  100.00    49    283.00      0.00  117180    9332   0.01      0.00      0.00      0.00       0  sysbench
14:34:32        0      4215   47.00   53.00    0.00    0.00  100.00    49      0.00      0.00  117180    9332   0.01      0.00      0.00      0.00       0  sysbench

14:35:48        0      4334   49.00   52.00    0.00    0.00  100.00    49    300.00      0.00  117180    9120   0.01      0.00      0.00      0.00       0  sysbench
14:35:49        0      4334   50.00   50.00    0.00    0.00  100.00    49     80.00      0.00  117180    9328   0.01      0.00      0.00      0.00       0  sysbench
14:35:50        0      4334   49.00   51.00    0.00    0.00  100.00    49     97.00      0.00  117180    9328   0.01      0.00      0.00      0.00       0  sysbench
14:35:51        0      4334   47.00   54.00    0.00    0.00  100.00    49    186.00      0.00  117180    9328   0.01      0.00      0.00      0.00       0  sysbench
14:35:52        0      4334   48.00   53.00    0.00    0.00  100.00    49      0.00      0.00  117180    9328   0.01      0.00      0.00      0.00       0  sysbench
14:35:53        0      4334   49.00   51.00    0.00    0.00  100.00    49      0.00      0.00  117180    9328   0.01      0.00      0.00      0.00       0  sysbench
14:35:54        0      4334   52.00   48.00    0.00    0.00  100.00    49     94.00      0.00  117180    9328   0.01      0.00      0.00      0.00       0  sysbench
14:35:55        0      4334   45.00   55.00    0.00    0.00  100.00    49    189.00      0.00  117180    9328   0.01      0.00      0.00      0.00       0  sysbench
14:35:56        0      4334   50.00   51.00    0.00    0.00  100.00    49      0.00      0.00  117180    9328   0.01      0.00      0.00      0.00       0  sysbench

14:34:59        0      4266   46.00   55.00    0.00    0.00  100.00    43    302.00      0.00  117180    9016   0.01      0.00      0.00      0.00       0  sysbench
14:35:00        0      4266   47.00   53.00    0.00    0.00  100.00    43     56.00      0.00  117180    9308   0.01      0.00      0.00      0.00       0  sysbench
14:35:01        0      4266   56.00   45.00    0.00    0.00  100.00    43    104.00      0.00  117180    9308   0.01      0.00      0.00      0.00       0  sysbench
14:35:02        0      4266   53.00   47.00    0.00    0.00  100.00    43    179.00      0.00  117180    9308   0.01      0.00      0.00      0.00       0  sysbench
14:35:03        0      4266   54.00   46.00    0.00    0.00  100.00    43      0.00      0.00  117180    9308   0.01      0.00      0.00      0.00       0  sysbench
14:35:04        0      4266   49.00   51.00    0.00    0.00  100.00    43      0.00      0.00  117180    9308   0.01      0.00      0.00      0.00       0  sysbench
14:35:05        0      4266   52.00   50.00    0.00    0.00  100.00    43      0.00      0.00  117180    9308   0.01      0.00      0.00      0.00       0  sysbench
14:35:06        0      4266   53.00   46.00    0.00    0.00   99.00    43      0.00      0.00  117180    9308   0.01      0.00      0.00      0.00       0  sysbench
14:35:07        0      4266   51.00   50.00    0.00    0.00  100.00    43      0.00      0.00  117180    9308   0.01      0.00      0.00      0.00       0  sysbench

14:34:12        0      4198   45.00   56.00    0.00    0.00  100.00    51    320.00      0.00  117180    8792   0.01      0.00      0.00      0.00       0  sysbench
14:34:13        0      4198   52.00   49.00    0.00    0.00  100.00    51     35.00      0.00  117180    9048   0.01      0.00      0.00      0.00       0  sysbench
14:34:14        0      4198   48.00   52.00    0.00    0.00  100.00    51     76.00      0.00  117180    9180   0.01      0.00      0.00      0.00       0  sysbench
14:34:15        0      4198   48.00   52.00    0.00    0.00  100.00    51    207.00      0.00  117180    9180   0.01      0.00      0.00      0.00       0  sysbench
14:34:16        0      4198   50.00   51.00    0.00    0.00  100.00    51      0.00      0.00  117180    9180   0.01      0.00      0.00      0.00       0  sysbench
14:34:17        0      4198   46.00   54.00    0.00    0.00  100.00    51      0.00      0.00  117180    9180   0.01      0.00      0.00      0.00       0  sysbench
14:34:18        0      4198   51.00   49.00    0.00    0.00  100.00    51     82.00      0.00  117180    9180   0.01      0.00      0.00      0.00       0  sysbench
14:34:19        0      4198   53.00   48.00    0.00    0.00  100.00    51    201.00      0.00  117180    9180   0.01      0.00      0.00      0.00       0  sysbench
14:34:20        0      4198   50.00   51.00    0.00    0.00  100.00    51      0.00      0.00  117180    9180   0.01      0.00      0.00      0.00       0  sysbench

14:34:47        0      4249   45.00   56.00    0.00    0.00  100.00    49    290.00      0.00  117180    9232   0.01      0.00      0.00      0.00       0  sysbench
14:34:48        0      4249   48.00   52.00    0.00    0.00  100.00    49    137.00      0.00  117180    9244   0.01      0.00      0.00      0.00       0  sysbench
14:34:49        0      4249   50.00   51.00    0.00    0.00  100.00    49     75.00      0.00  117180    9244   0.01      0.00      0.00      0.00       0  sysbench
14:34:50        0      4249   54.00   47.00    0.00    0.00  100.00    49    208.00      0.00  117180    9244   0.01      0.00      0.00      0.00       0  sysbench
14:34:51        0      4249   50.00   50.00    0.00    0.00  100.00    49      0.00      0.00  117180    9244   0.01      0.00      0.00      0.00       0  sysbench
14:34:52        0      4249   47.00   53.00    0.00    0.00  100.00    49    283.00      0.00  117180    9244   0.01      0.00      0.00      0.00       0  sysbench
14:34:53        0      4249   51.00   50.00    0.00    0.00  100.00    49      0.00      0.00  117180    9244   0.01      0.00      0.00      0.00       0  sysbench
14:34:54        0      4249   52.00   48.00    0.00    0.00  100.00    49      0.00      0.00  117180    9244   0.01      0.00      0.00      0.00       0  sysbench
14:34:55        0      4249   48.00   53.00    0.00    0.00  100.00    49      0.00      0.00  117180    9244   0.01      0.00      0.00      0.00       0  sysbench

