12:30:37        0      1817   46.53   53.47    0.00    0.00  100.00     5    287.13      0.00  117180    9312   0.01      0.00      0.00      0.00       0  sysbench
12:30:38        0      1817   49.00   52.00    0.00    0.00  100.00     5     57.00      0.00  117180    9476   0.01      0.00      0.00      0.00       0  sysbench
12:30:39        0      1817   47.00   53.00    0.00    0.00  100.00     5    140.00      0.00  117180    9476   0.01      0.00      0.00      0.00       0  sysbench
12:30:40        0      1817   50.00   51.00    0.00    0.00  100.00     5    142.00      0.00  117180    9476   0.01      0.00      0.00      0.00       0  sysbench
12:30:41        0      1817   46.00   53.00    0.00    0.00   99.00     5    132.00      0.00  117180    9476   0.01      0.00      0.00      0.00       0  sysbench
12:30:42        0      1817   53.00   49.00    0.00    0.00  100.00     5    150.00      0.00  117180    9476   0.01      0.00      0.00      0.00       0  sysbench
12:30:43        0      1817   46.00   53.00    0.00    0.00   99.00     5      0.00      0.00  117180    9476   0.01      0.00      0.00      0.00       0  sysbench
12:30:44        0      1817   54.00   47.00    0.00    0.00  100.00     5     98.00      0.00  117180    9476   0.01      0.00      0.00      0.00       0  sysbench
12:30:45        0      1817   49.00   51.00    0.00    0.00  100.00     5    184.00      0.00  117180    9476   0.01      0.00      0.00      0.00       0  sysbench

12:29:59        0      1766   51.49   48.51    0.00    0.00  100.00    53    300.99      0.00  117180    9080   0.01      0.00      0.00      0.00       0  sysbench
12:30:00        0      1766   48.00   52.00    0.00    0.00  100.00    53     34.00      0.00  117180    9288   0.01      0.00      0.00      0.00       0  sysbench
12:30:01        0      1766   49.00   52.00    0.00    0.00  100.00    53    138.00      0.00  117180    9288   0.01      0.00      0.00      0.00       0  sysbench
12:30:02        0      1766   46.00   55.00    0.00    0.00  100.00    53    144.00      0.00  117180    9288   0.01      0.00      0.00      0.00       0  sysbench
12:30:03        0      1766   46.00   54.00    0.00    0.00  100.00    53      0.00      0.00  117180    9288   0.01      0.00      0.00      0.00       0  sysbench
12:30:04        0      1766   46.00   55.00    0.00    0.00  100.00    53      0.00      0.00  117180    9288   0.01      0.00      0.00      0.00       0  sysbench
12:30:05        0      1766   52.00   48.00    0.00    0.00  100.00    53      0.00      0.00  117180    9288   0.01      0.00      0.00      0.00       0  sysbench
12:30:06        0      1766   52.00   48.00    0.00    0.00  100.00    53    282.00      0.00  117180    9288   0.01      0.00      0.00      0.00       0  sysbench
12:30:07        0      1766   50.00   50.00    0.00    0.00  100.00    53      0.00      0.00  117180    9288   0.01      0.00      0.00      0.00       0  sysbench

12:29:47        0      1749   46.00   55.00    0.00    0.00  100.00    27    289.00      0.00  117180    9040   0.01      0.00      0.00      0.00       0  sysbench
12:29:48        0      1749   48.00   52.00    0.00    0.00  100.00    27     16.00      0.00  117180    9284   0.01      0.00      0.00      0.00       0  sysbench
12:29:49        0      1749   48.00   53.00    0.00    0.00  100.00    27    140.00      0.00  117180    9288   0.01      0.00      0.00      0.00       0  sysbench
12:29:50        0      1749   52.00   48.00    0.00    0.00  100.00    27    142.00      0.00  117180    9288   0.01      0.00      0.00      0.00       0  sysbench
12:29:51        0      1749   50.00   50.00    0.00    0.00  100.00    27     94.00      0.00  117180    9288   0.01      0.00      0.00      0.00       0  sysbench
12:29:52        0      1749   53.00   48.00    0.00    0.00  100.00    27    188.00      0.00  117180    9288   0.01      0.00      0.00      0.00       0  sysbench
12:29:53        0      1749   51.00   49.00    0.00    0.00  100.00    27      0.00      0.00  117180    9288   0.01      0.00      0.00      0.00       0  sysbench
12:29:54        0      1749   52.00   49.00    0.00    0.00  100.00    27      0.00      0.00  117180    9288   0.01      0.00      0.00      0.00       0  sysbench
12:29:55        0      1749   50.00   50.00    0.00    0.00  100.00    27    282.00      0.00  117180    9288   0.01      0.00      0.00      0.00       0  sysbench

12:29:12        0      1698   52.00   50.00    0.00    0.00  100.00    51    289.00      0.00  117180    9212   0.01      0.00      0.00      0.00       0  sysbench
12:29:13        0      1698   49.00   51.00    0.00    0.00  100.00    51     81.00      0.00  117180    9220   0.01      0.00      0.00      0.00       0  sysbench
12:29:14        0      1698   43.00   57.00    0.00    0.00  100.00    51    138.00      0.00  117180    9220   0.01      0.00      0.00      0.00       0  sysbench
12:29:15        0      1698   53.00   47.00    0.00    0.00  100.00    51    144.00      0.00  117180    9220   0.01      0.00      0.00      0.00       0  sysbench
12:29:16        0      1698   49.00   52.00    0.00    0.00  100.00    51      0.00      0.00  117180    9220   0.01      0.00      0.00      0.00       0  sysbench
12:29:17        0      1698   46.00   55.00    0.00    0.00  100.00    51    282.00      0.00  117180    9220   0.01      0.00      0.00      0.00       0  sysbench
12:29:18        0      1698   56.00   44.00    0.00    0.00  100.00    51      0.00      0.00  117180    9220   0.01      0.00      0.00      0.00       0  sysbench
12:29:19        0      1698   48.00   53.00    0.00    0.00  100.00    51      0.00      0.00  117180    9220   0.01      0.00      0.00      0.00       0  sysbench
12:29:20        0      1698   53.00   47.00    0.00    0.00  100.00    51    282.00      0.00  117180    9220   0.01      0.00      0.00      0.00       0  sysbench

12:30:12        0      1783   45.00   56.00    0.00    0.00  100.00    48    288.00      0.00  117180    9044   0.01      0.00      0.00      0.00       0  sysbench
12:30:13        0      1783   58.00   43.00    0.00    0.00  100.00    48    103.00      0.00  117180    9376   0.01      0.00      0.00      0.00       0  sysbench
12:30:14        0      1783   55.00   45.00    0.00    0.00  100.00    48    140.00      0.00  117180    9376   0.01      0.00      0.00      0.00       0  sysbench
12:30:15        0      1783   51.00   50.00    0.00    0.00  100.00    48    142.00      0.00  117180    9376   0.01      0.00      0.00      0.00       0  sysbench
12:30:16        0      1783   51.00   49.00    0.00    0.00  100.00    48     31.00      0.00  117180    9376   0.01      0.00      0.00      0.00       0  sysbench
12:30:17        0      1783   54.00   46.00    0.00    0.00  100.00    48    251.00      0.00  117180    9376   0.01      0.00      0.00      0.00       0  sysbench
12:30:18        0      1783   46.00   55.00    0.00    0.00  100.00    48      0.00      0.00  117180    9376   0.01      0.00      0.00      0.00       0  sysbench
12:30:19        0      1783   50.00   51.00    0.00    0.00  100.00    48    138.00      0.00  117180    9376   0.01      0.00      0.00      0.00       0  sysbench
12:30:20        0      1783   47.00   53.00    0.00    0.00  100.00    48    144.00      0.00  117180    9376   0.01      0.00      0.00      0.00       0  sysbench

12:29:00        0      1680   53.00   48.00    0.00    0.00  100.00    45    283.00      0.00  117180    9128   0.01      0.00      0.00      0.00       0  sysbench
12:29:01        0      1680   50.00   50.00    0.00    0.00  100.00    45    102.00      0.00  117180    9276   0.01      0.00      0.00      0.00       0  sysbench
12:29:02        0      1680   54.00   47.00    0.00    0.00  100.00    45    138.00      0.00  117180    9276   0.01      0.00      0.00      0.00       0  sysbench
12:29:03        0      1680   46.00   54.00    0.00    0.00  100.00    45    144.00      0.00  117180    9276   0.01      0.00      0.00      0.00       0  sysbench
12:29:04        0      1680   47.00   53.00    0.00    0.00  100.00    45     14.00      0.00  117180    9276   0.01      0.00      0.00      0.00       0  sysbench
12:29:05        0      1680   51.00   50.00    0.00    0.00  100.00    45    268.00      0.00  117180    9276   0.01      0.00      0.00      0.00       0  sysbench
12:29:06        0      1680   53.00   48.00    0.00    0.00  100.00    45      0.00      0.00  117180    9276   0.01      0.00      0.00      0.00       0  sysbench
12:29:07        0      1680   49.00   51.00    0.00    0.00  100.00    45      0.00      0.00  117180    9276   0.01      0.00      0.00      0.00       0  sysbench
12:29:08        0      1680   44.00   56.00    0.00    0.00  100.00    45      0.00      0.00  117180    9276   0.01      0.00      0.00      0.00       0  sysbench

12:30:24        0      1800   48.00   52.00    0.00    0.00  100.00    39    299.00      0.00  117180    8988   0.01      0.00      0.00      0.00       0  sysbench
12:30:25        0      1800   50.00   51.00    0.00    0.00  100.00    39     91.00      0.00  117180    9224   0.01      0.00      0.00      0.00       0  sysbench
12:30:26        0      1800   47.00   53.00    0.00    0.00  100.00    39    137.00      0.00  117180    9224   0.01      0.00      0.00      0.00       0  sysbench
12:30:27        0      1800   47.00   54.00    0.00    0.00  100.00    39    145.00      0.00  117180    9224   0.01      0.00      0.00      0.00       0  sysbench
12:30:28        0      1800   46.00   54.00    0.00    0.00  100.00    39      0.00      0.00  117180    9224   0.01      0.00      0.00      0.00       0  sysbench
12:30:29        0      1800   54.00   46.00    0.00    0.00  100.00    39      0.00      0.00  117180    9224   0.01      0.00      0.00      0.00       0  sysbench
12:30:30        0      1800   46.00   55.00    0.00    0.00  100.00    39      0.00      0.00  117180    9224   0.01      0.00      0.00      0.00       0  sysbench
12:30:31        0      1800   51.00   49.00    0.00    0.00  100.00    39    282.00      0.00  117180    9224   0.01      0.00      0.00      0.00       0  sysbench
12:30:32        0      1800   48.00   53.00    0.00    0.00  100.00    39      0.00      0.00  117180    9224   0.01      0.00      0.00      0.00       0  sysbench

12:29:35        0      1732   55.00   47.00    0.00    0.00  100.00     3    285.00      0.00  117180    9300   0.01      0.00      0.00      0.00       0  sysbench
12:29:36        0      1732   47.52   51.49    0.00    0.00   99.01     3      7.92      0.00  117180    9300   0.01      0.00      0.00      0.00       0  sysbench
12:29:37        0      1732   52.00   49.00    0.00    0.00  100.00     3    138.00      0.00  117180    9312   0.01      0.00      0.00      0.00       0  sysbench
12:29:38        0      1732   54.00   46.00    0.00    0.00  100.00     3    144.00      0.00  117180    9320   0.01      0.00      0.00      0.00       0  sysbench
12:29:39        0      1732   50.00   51.00    0.00    0.00  100.00     3      0.00      0.00  117180    9320   0.01      0.00      0.00      0.00       0  sysbench
12:29:40        0      1732   53.00   47.00    0.00    0.00  100.00     3      0.00      0.00  117180    9320   0.01      0.00      0.00      0.00       0  sysbench
12:29:41        0      1732   58.00   42.00    0.00    0.00  100.00     3    140.00      0.00  117180    9320   0.01      0.00      0.00      0.00       0  sysbench
12:29:42        0      1732   51.00   50.00    0.00    0.00  100.00     3    142.00      0.00  117180    9320   0.01      0.00      0.00      0.00       0  sysbench
12:29:43        0      1732   51.00   49.00    0.00    0.00  100.00     3      0.00      0.00  117180    9320   0.01      0.00      0.00      0.00       0  sysbench

12:28:49        0      1663   55.00   46.00    0.00    0.00  100.00    55    284.00      0.00  117180    9004   0.01      0.00      0.00      0.00       0  sysbench
12:28:50        0      1663   46.00   54.00    0.00    0.00  100.00    55     83.00      0.00  117180    9188   0.01      0.00      0.00      0.00       0  sysbench
12:28:51        0      1663   49.00   51.00    0.00    0.00  100.00    55    140.00      0.00  117180    9188   0.01      0.00      0.00      0.00       0  sysbench
12:28:52        0      1663   50.00   50.00    0.00    0.00  100.00    55    142.00      0.00  117180    9188   0.01      0.00      0.00      0.00       0  sysbench
12:28:53        0      1663   46.00   55.00    0.00    0.00  100.00    55    123.00      0.00  117180    9188   0.01      0.00      0.00      0.00       0  sysbench
12:28:54        0      1663   47.00   54.00    0.00    0.00  100.00    55    159.00      0.00  117180    9188   0.01      0.00      0.00      0.00       0  sysbench
12:28:55        0      1663   53.00   47.00    0.00    0.00  100.00    55      0.00      0.00  117180    9188   0.01      0.00      0.00      0.00       0  sysbench
12:28:56        0      1663   55.00   46.00    0.00    0.00  100.00    55     54.00      0.00  117180    9188   0.01      0.00      0.00      0.00       0  sysbench
12:28:57        0      1663   48.00   52.00    0.00    0.00  100.00    55    228.00      0.00  117180    9188   0.01      0.00      0.00      0.00       0  sysbench

12:29:23        0      1715   52.00   49.00    0.00    0.00  100.00     9    296.00      0.00  117180    8956   0.01      0.00      0.00      0.00       0  sysbench
12:29:24        0      1715   52.00   49.00    0.00    0.00  100.00     9    101.00      0.00  117180    9172   0.01      0.00      0.00      0.00       0  sysbench
12:29:25        0      1715   46.00   54.00    0.00    0.00  100.00     9    138.00      0.00  117180    9172   0.01      0.00      0.00      0.00       0  sysbench
12:29:26        0      1715   50.00   50.00    0.00    0.00  100.00     9    144.00      0.00  117180    9172   0.01      0.00      0.00      0.00       0  sysbench
12:29:27        0      1715   51.00   50.00    0.00    0.00  100.00     9     16.00      0.00  117180    9172   0.01      0.00      0.00      0.00       0  sysbench
12:29:28        0      1715   50.00   50.00    0.00    0.00  100.00     9    266.00      0.00  117180    9172   0.01      0.00      0.00      0.00       0  sysbench
12:29:29        0      1715   51.00   50.00    0.00    0.00  100.00     9      0.00      0.00  117180    9172   0.01      0.00      0.00      0.00       0  sysbench
12:29:30        0      1715   52.00   49.00    0.00    0.00  100.00     9    140.00      0.00  117180    9172   0.01      0.00      0.00      0.00       0  sysbench
12:29:31        0      1715   49.00   50.00    0.00    0.00   99.00     9    142.00      0.00  117180    9172   0.01      0.00      0.00      0.00       0  sysbench

