13:04:40        0      2481   45.00   56.00    0.00    0.00  100.00    43    331.00      0.00  117180    9236   0.01      0.00      0.00      0.00       0  sysbench
13:04:41        0      2481   50.00   51.00    0.00    0.00  100.00    43     11.00      0.00  117180    9236   0.01      0.00      0.00      0.00       0  sysbench
13:04:42        0      2481   51.00   49.00    0.00    0.00  100.00    43    116.00      0.00  117180    9236   0.01      0.00      0.00      0.00       0  sysbench
13:04:43        0      2481   47.00   54.00    0.00    0.00  100.00    43    167.00      0.00  117180    9244   0.01      0.00      0.00      0.00       0  sysbench
13:04:44        0      2481   46.00   54.00    0.00    0.00  100.00    43      0.00      0.00  117180    9244   0.01      0.00      0.00      0.00       0  sysbench
13:04:45        0      2481   51.00   49.00    0.00    0.00  100.00    43    283.00      0.00  117180    9244   0.01      0.00      0.00      0.00       0  sysbench
13:04:46        0      2481   49.00   52.00    0.00    0.00  100.00    43      0.00      0.00  117180    9244   0.01      0.00      0.00      0.00       0  sysbench
13:04:47        0      2481   53.00   47.00    0.00    0.00  100.00    43      0.00      0.00  117180    9244   0.01      0.00      0.00      0.00       0  sysbench
13:04:48        0      2481   54.00   47.00    0.00    0.00  100.00    43    283.00      0.00  117180    9244   0.01      0.00      0.00      0.00       0  sysbench

13:04:02        0      2430   51.00   50.00    0.00    0.00  100.00    53    304.00      0.00  117180    9092   0.01      0.00      0.00      0.00       0  sysbench
13:04:03        0      2430   46.00   54.00    0.00    0.00  100.00    53     46.00      0.00  117180    9288   0.01      0.00      0.00      0.00       0  sysbench
13:04:04        0      2430   51.00   50.00    0.00    0.00  100.00    53    130.00      0.00  117180    9288   0.01      0.00      0.00      0.00       0  sysbench
13:04:05        0      2430   51.00   49.00    0.00    0.00  100.00    53    153.00      0.00  117180    9288   0.01      0.00      0.00      0.00       0  sysbench
13:04:06        0      2430   54.00   47.00    0.00    0.00  100.00    53      0.00      0.00  117180    9288   0.01      0.00      0.00      0.00       0  sysbench
13:04:07        0      2430   48.00   52.00    0.00    0.00  100.00    53      0.00      0.00  117180    9288   0.01      0.00      0.00      0.00       0  sysbench
13:04:08        0      2430   46.00   55.00    0.00    0.00  100.00    53      0.00      0.00  117180    9288   0.01      0.00      0.00      0.00       0  sysbench
13:04:09        0      2430   51.00   49.00    0.00    0.00  100.00    53      0.00      0.00  117180    9288   0.01      0.00      0.00      0.00       0  sysbench
13:04:10        0      2430   49.00   52.00    0.00    0.00  100.00    53      0.00      0.00  117180    9288   0.01      0.00      0.00      0.00       0  sysbench

13:03:50        0      2413   46.00   54.00    0.00    0.00  100.00    13    308.00      0.00  117180    9040   0.01      0.00      0.00      0.00       0  sysbench
13:03:51        0      2413   51.00   50.00    0.00    0.00  100.00    13    115.00      0.00  117180    9340   0.01      0.00      0.00      0.00       0  sysbench
13:03:52        0      2413   51.00   49.00    0.00    0.00  100.00    13    125.00      0.00  117180    9340   0.01      0.00      0.00      0.00       0  sysbench
13:03:53        0      2413   54.00   46.00    0.00    0.00  100.00    13    158.00      0.00  117180    9340   0.01      0.00      0.00      0.00       0  sysbench
13:03:54        0      2413   49.00   52.00    0.00    0.00  100.00    13      0.00      0.00  117180    9340   0.01      0.00      0.00      0.00       0  sysbench
13:03:55        0      2413   45.54   53.47    0.00    0.00   99.01    13    280.20      0.00  117180    9340   0.01      0.00      0.00      0.00       0  sysbench
13:03:56        0      2413   50.00   51.00    0.00    0.00  100.00    13      0.00      0.00  117180    9340   0.01      0.00      0.00      0.00       0  sysbench
13:03:57        0      2413   45.00   55.00    0.00    0.00  100.00    13    124.00      0.00  117180    9340   0.01      0.00      0.00      0.00       0  sysbench
13:03:58        0      2413   56.00   44.00    0.00    0.00  100.00    13    159.00      0.00  117180    9340   0.01      0.00      0.00      0.00       0  sysbench

13:03:15        0      2362   47.00   54.00    0.00    0.00  100.00    11    315.00      0.00  117180    9084   0.01      0.00      0.00      0.00       0  sysbench
13:03:16        0      2362   47.00   54.00    0.00    0.00  100.00    11     77.00      0.00  117180    9224   0.01      0.00      0.00      0.00       0  sysbench
13:03:17        0      2362   50.00   50.00    0.00    0.00  100.00    11    131.00      0.00  117180    9224   0.01      0.00      0.00      0.00       0  sysbench
13:03:18        0      2362   48.00   53.00    0.00    0.00  100.00    11    152.00      0.00  117180    9224   0.01      0.00      0.00      0.00       0  sysbench
13:03:19        0      2362   51.00   49.00    0.00    0.00  100.00    11      0.00      0.00  117180    9224   0.01      0.00      0.00      0.00       0  sysbench
13:03:20        0      2362   52.00   48.00    0.00    0.00  100.00    11      0.00      0.00  117180    9224   0.01      0.00      0.00      0.00       0  sysbench
13:03:21        0      2362   51.00   50.00    0.00    0.00  100.00    11      0.00      0.00  117180    9224   0.01      0.00      0.00      0.00       0  sysbench
13:03:22        0      2362   52.00   48.00    0.00    0.00  100.00    11    283.00      0.00  117180    9224   0.01      0.00      0.00      0.00       0  sysbench
13:03:23        0      2362   46.00   55.00    0.00    0.00  100.00    11      0.00      0.00  117180    9224   0.01      0.00      0.00      0.00       0  sysbench

13:04:15        0      2447   47.00   54.00    0.00    0.00  100.00    25    319.00      0.00  117180    9088   0.01      0.00      0.00      0.00       0  sysbench
13:04:16        0      2447   55.00   45.00    0.00    0.00  100.00    25    110.00      0.00  117180    9328   0.01      0.00      0.00      0.00       0  sysbench
13:04:17        0      2447   50.00   50.00    0.00    0.00  100.00    25    122.00      0.00  117180    9328   0.01      0.00      0.00      0.00       0  sysbench
13:04:18        0      2447   51.00   49.00    0.00    0.00  100.00    25    161.00      0.00  117180    9328   0.01      0.00      0.00      0.00       0  sysbench
13:04:19        0      2447   49.00   53.00    0.00    0.00  100.00    25      0.00      0.00  117180    9328   0.01      0.00      0.00      0.00       0  sysbench
13:04:20        0      2447   49.00   51.00    0.00    0.00  100.00    25      0.00      0.00  117180    9328   0.01      0.00      0.00      0.00       0  sysbench
13:04:21        0      2447   43.00   58.00    0.00    0.00  100.00    25    121.00      0.00  117180    9328   0.01      0.00      0.00      0.00       0  sysbench
13:04:22        0      2447   46.00   53.00    0.00    0.00   99.00    25    162.00      0.00  117180    9328   0.01      0.00      0.00      0.00       0  sysbench
13:04:23        0      2447   49.00   52.00    0.00    0.00  100.00    25      0.00      0.00  117180    9328   0.01      0.00      0.00      0.00       0  sysbench

13:03:03        0      2345   51.00   49.00    0.00    0.00  100.00    51    297.00      0.00  117180    9212   0.01      0.00      0.00      0.00       0  sysbench
13:03:04        0      2345   50.00   50.00    0.00    0.00  100.00    51     53.00      0.00  117180    9332   0.01      0.00      0.00      0.00       0  sysbench
13:03:05        0      2345   50.00   51.00    0.00    0.00  100.00    51    131.00      0.00  117180    9332   0.01      0.00      0.00      0.00       0  sysbench
13:03:06        0      2345   52.00   49.00    0.00    0.00  100.00    51    152.00      0.00  117180    9332   0.01      0.00      0.00      0.00       0  sysbench
13:03:07        0      2345   48.00   52.00    0.00    0.00  100.00    51      0.00      0.00  117180    9332   0.01      0.00      0.00      0.00       0  sysbench
13:03:08        0      2345   48.00   52.00    0.00    0.00  100.00    51      0.00      0.00  117180    9332   0.01      0.00      0.00      0.00       0  sysbench
13:03:09        0      2345   53.00   48.00    0.00    0.00  100.00    51    140.00      0.00  117180    9332   0.01      0.00      0.00      0.00       0  sysbench
13:03:10        0      2345   47.00   53.00    0.00    0.00  100.00    51    143.00      0.00  117180    9332   0.01      0.00      0.00      0.00       0  sysbench
13:03:11        0      2345   51.00   50.00    0.00    0.00  100.00    51      0.00      0.00  117180    9332   0.01      0.00      0.00      0.00       0  sysbench

13:04:27        0      2464   50.00   50.00    0.00    0.00  100.00    53    325.00      0.00  117180    9116   0.01      0.00      0.00      0.00       0  sysbench
13:04:28        0      2464   53.00   48.00    0.00    0.00  100.00    53     85.00      0.00  117180    9256   0.01      0.00      0.00      0.00       0  sysbench
13:04:29        0      2464   48.00   52.00    0.00    0.00  100.00    53    131.00      0.00  117180    9256   0.01      0.00      0.00      0.00       0  sysbench
13:04:30        0      2464   50.00   51.00    0.00    0.00  100.00    53    152.00      0.00  117180    9256   0.01      0.00      0.00      0.00       0  sysbench
13:04:31        0      2464   46.00   54.00    0.00    0.00  100.00    53      0.00      0.00  117180    9256   0.01      0.00      0.00      0.00       0  sysbench
13:04:32        0      2464   56.00   45.00    0.00    0.00  100.00    53    283.00      0.00  117180    9256   0.01      0.00      0.00      0.00       0  sysbench
13:04:33        0      2464   49.00   51.00    0.00    0.00  100.00    53      0.00      0.00  117180    9256   0.01      0.00      0.00      0.00       0  sysbench
13:04:34        0      2464   45.00   55.00    0.00    0.00  100.00    53      0.00      0.00  117180    9256   0.01      0.00      0.00      0.00       0  sysbench
13:04:35        0      2464   46.00   54.00    0.00    0.00  100.00    53      0.00      0.00  117180    9256   0.01      0.00      0.00      0.00       0  sysbench

13:03:38        0      2396   57.00   44.00    0.00    0.00  100.00    11    290.00      0.00  117180    9076   0.01      0.00      0.00      0.00       0  sysbench
13:03:39        0      2396   52.00   48.00    0.00    0.00  100.00    11     47.00      0.00  117180    9332   0.01      0.00      0.00      0.00       0  sysbench
13:03:40        0      2396   50.00   51.00    0.00    0.00  100.00    11    140.00      0.00  117180    9332   0.01      0.00      0.00      0.00       0  sysbench
13:03:41        0      2396   47.00   54.00    0.00    0.00  100.00    11    143.00      0.00  117180    9332   0.01      0.00      0.00      0.00       0  sysbench
13:03:42        0      2396   47.00   52.00    0.00    0.00   99.00    11      0.00      0.00  117180    9332   0.01      0.00      0.00      0.00       0  sysbench
13:03:43        0      2396   48.00   53.00    0.00    0.00  100.00    11      0.00      0.00  117180    9332   0.01      0.00      0.00      0.00       0  sysbench
13:03:44        0      2396   48.00   53.00    0.00    0.00  100.00    11      0.00      0.00  117180    9332   0.01      0.00      0.00      0.00       0  sysbench
13:03:45        0      2396   52.00   48.00    0.00    0.00  100.00    11    283.00      0.00  117180    9332   0.01      0.00      0.00      0.00       0  sysbench
13:03:46        0      2396   49.00   51.00    0.00    0.00  100.00    11      0.00      0.00  117180    9332   0.01      0.00      0.00      0.00       0  sysbench

13:02:52        0      2328   46.00   55.00    0.00    0.00  100.00    13    318.00      0.00  117180    8996   0.01      0.00      0.00      0.00       0  sysbench
13:02:53        0      2328   52.00   48.00    0.00    0.00  100.00    13     55.00      0.00  117180    9188   0.01      0.00      0.00      0.00       0  sysbench
13:02:54        0      2328   58.00   43.00    0.00    0.00  100.00    13    122.00      0.00  117180    9188   0.01      0.00      0.00      0.00       0  sysbench
13:02:55        0      2328   50.00   50.00    0.00    0.00  100.00    13    161.00      0.00  117180    9188   0.01      0.00      0.00      0.00       0  sysbench
13:02:56        0      2328   49.00   52.00    0.00    0.00  100.00    13     20.00      0.00  117180    9188   0.01      0.00      0.00      0.00       0  sysbench
13:02:57        0      2328   49.00   51.00    0.00    0.00  100.00    13    263.00      0.00  117180    9188   0.01      0.00      0.00      0.00       0  sysbench
13:02:58        0      2328   53.00   48.00    0.00    0.00  100.00    13      0.00      0.00  117180    9188   0.01      0.00      0.00      0.00       0  sysbench
13:02:59        0      2328   41.00   59.00    0.00    0.00  100.00    13      0.00      0.00  117180    9188   0.01      0.00      0.00      0.00       0  sysbench
13:03:00        0      2328   44.00   56.00    0.00    0.00  100.00    13    283.00      0.00  117180    9188   0.01      0.00      0.00      0.00       0  sysbench

13:03:26        0      2379   48.00   53.00    0.00    0.00  100.00    13    318.00      0.00  117180    9016   0.01      0.00      0.00      0.00       0  sysbench
13:03:27        0      2379   49.00   51.00    0.00    0.00  100.00    13     55.00      0.00  117180    9252   0.01      0.00      0.00      0.00       0  sysbench
13:03:28        0      2379   49.00   52.00    0.00    0.00  100.00    13    130.00      0.00  117180    9256   0.01      0.00      0.00      0.00       0  sysbench
13:03:29        0      2379   52.00   48.00    0.00    0.00  100.00    13    153.00      0.00  117180    9256   0.01      0.00      0.00      0.00       0  sysbench
13:03:30        0      2379   58.00   42.00    0.00    0.00  100.00    13      0.00      0.00  117180    9256   0.01      0.00      0.00      0.00       0  sysbench
13:03:31        0      2379   49.00   52.00    0.00    0.00  100.00    13    283.00      0.00  117180    9256   0.01      0.00      0.00      0.00       0  sysbench
13:03:32        0      2379   48.00   52.00    0.00    0.00  100.00    13      0.00      0.00  117180    9256   0.01      0.00      0.00      0.00       0  sysbench
13:03:33        0      2379   57.00   44.00    0.00    0.00  100.00    13      0.00      0.00  117180    9256   0.01      0.00      0.00      0.00       0  sysbench
13:03:34        0      2379   54.00   46.00    0.00    0.00  100.00    13    283.00      0.00  117180    9256   0.01      0.00      0.00      0.00       0  sysbench

