11:25:06        0       684   48.00   53.00    0.00    0.00  100.00    40    300.00      0.00  117180    8716   0.01      0.00      0.00      0.00       0  sysbench
11:25:07        0       684   43.00   57.00    0.00    0.00  100.00    40    158.00      0.00  117180    8968   0.01      0.00      0.00      0.00       0  sysbench
11:25:08        0       684   41.00   60.00    0.00    0.00  100.00    40     66.00      0.00  117180    8968   0.01      0.00      0.00      0.00       0  sysbench
11:25:09        0       684   49.00   52.00    0.00    0.00  100.00    40    217.00      0.00  117180    8968   0.01      0.00      0.00      0.00       0  sysbench
11:25:10        0       684   48.00   52.00    0.00    0.00  100.00    40      0.00      0.00  117180    8968   0.01      0.00      0.00      0.00       0  sysbench
11:25:11        0       684   50.00   50.00    0.00    0.00  100.00    40      0.00      0.00  117180    8968   0.01      0.00      0.00      0.00       0  sysbench
11:25:12        0       684   54.00   47.00    0.00    0.00  100.00    40      0.00      0.00  117180    8968   0.01      0.00      0.00      0.00       0  sysbench
11:25:13        0       684   47.00   53.00    0.00    0.00  100.00    40     42.00      0.00  117180    8968   0.01      0.00      0.00      0.00       0  sysbench
11:25:14        0       684   44.00   56.00    0.00    0.00  100.00    40    241.00      0.00  117180    8968   0.01      0.00      0.00      0.00       0  sysbench

11:24:28        0       633   52.00   49.00    0.00    0.00  100.00    50    311.00      0.00  117180    8824   0.01      0.00      0.00      0.00       0  sysbench
11:24:29        0       633   51.00   50.00    0.00    0.00  100.00    50    117.00      0.00  117180    9076   0.01      0.00      0.00      0.00       0  sysbench
11:24:30        0       633   53.00   47.00    0.00    0.00  100.00    50     55.00      0.00  117180    9076   0.01      0.00      0.00      0.00       0  sysbench
11:24:31        0       633   50.00   51.00    0.00    0.00  100.00    50    228.00      0.00  117180    9076   0.01      0.00      0.00      0.00       0  sysbench
11:24:32        0       633   48.00   52.00    0.00    0.00  100.00    50      0.00      0.00  117180    9076   0.01      0.00      0.00      0.00       0  sysbench
11:24:33        0       633   54.00   47.00    0.00    0.00  100.00    50    283.00      0.00  117180    9076   0.01      0.00      0.00      0.00       0  sysbench
11:24:34        0       633   51.00   49.00    0.00    0.00  100.00    50      0.00      0.00  117180    9076   0.01      0.00      0.00      0.00       0  sysbench
11:24:35        0       633   48.00   52.00    0.00    0.00  100.00    50      0.00      0.00  117180    9076   0.01      0.00      0.00      0.00       0  sysbench
11:24:36        0       633   46.00   55.00    0.00    0.00  100.00    50    283.00      0.00  117180    9076   0.01      0.00      0.00      0.00       0  sysbench

11:24:16        0       616   49.00   53.00    0.00    0.00  100.00    43    319.00      0.00  117180    8932   0.01      0.00      0.00      0.00       0  sysbench
11:24:17        0       616   56.00   44.00    0.00    0.00  100.00    43     28.00      0.00  117180    8932   0.01      0.00      0.00      0.00       0  sysbench
11:24:18        0       616   51.00   50.00    0.00    0.00  100.00    43     80.00      0.00  117180    9004   0.01      0.00      0.00      0.00       0  sysbench
11:24:19        0       616   45.00   55.00    0.00    0.00  100.00    43    203.00      0.00  117180    9012   0.01      0.00      0.00      0.00       0  sysbench
11:24:20        0       616   54.00   47.00    0.00    0.00  100.00    43     14.00      0.00  117180    9012   0.01      0.00      0.00      0.00       0  sysbench
11:24:21        0       616   48.00   52.00    0.00    0.00  100.00    43    269.00      0.00  117180    9012   0.01      0.00      0.00      0.00       0  sysbench
11:24:22        0       616   49.00   51.00    0.00    0.00  100.00    43      0.00      0.00  117180    9012   0.01      0.00      0.00      0.00       0  sysbench
11:24:23        0       616   46.00   55.00    0.00    0.00  100.00    43      0.00      0.00  117180    9012   0.01      0.00      0.00      0.00       0  sysbench
11:24:24        0       616   51.00   50.00    0.00    0.00  100.00    43     80.00      0.00  117180    9012   0.01      0.00      0.00      0.00       0  sysbench

11:23:40        0       565   46.00   54.00    0.00    0.00  100.00    18    306.00      0.00  117180    8792   0.01      0.00      0.00      0.00       0  sysbench
11:23:41        0       565   50.00   51.00    0.00    0.00  100.00    18    151.00      0.00  117180    9032   0.01      0.00      0.00      0.00       0  sysbench
11:23:42        0       565   52.00   48.00    0.00    0.00  100.00    18     51.00      0.00  117180    9032   0.01      0.00      0.00      0.00       0  sysbench
11:23:43        0       565   51.00   50.00    0.00    0.00  100.00    18    232.00      0.00  117180    9032   0.01      0.00      0.00      0.00       0  sysbench
11:23:44        0       565   42.00   58.00    0.00    0.00  100.00    18      0.00      0.00  117180    9032   0.01      0.00      0.00      0.00       0  sysbench
11:23:45        0       565   48.00   52.00    0.00    0.00  100.00    18      0.00      0.00  117180    9032   0.01      0.00      0.00      0.00       0  sysbench
11:23:46        0       565   57.00   44.00    0.00    0.00  100.00    18      0.00      0.00  117180    9032   0.01      0.00      0.00      0.00       0  sysbench
11:23:47        0       565   45.00   55.00    0.00    0.00  100.00    18     39.00      0.00  117180    9032   0.01      0.00      0.00      0.00       0  sysbench
11:23:48        0       565   52.00   48.00    0.00    0.00  100.00    18    244.00      0.00  117180    9032   0.01      0.00      0.00      0.00       0  sysbench

11:24:40        0       650   49.00   51.00    0.00    0.00  100.00    15    306.00      0.00  117180    8784   0.01      0.00      0.00      0.00       0  sysbench
11:24:41        0       650   54.00   47.00    0.00    0.00  100.00    15    119.00      0.00  117180    9040   0.01      0.00      0.00      0.00       0  sysbench
11:24:42        0       650   51.00   49.00    0.00    0.00  100.00    15     64.00      0.00  117180    9040   0.01      0.00      0.00      0.00       0  sysbench
11:24:43        0       650   53.00   48.00    0.00    0.00  100.00    15    219.00      0.00  117180    9040   0.01      0.00      0.00      0.00       0  sysbench
11:24:44        0       650   46.00   54.00    0.00    0.00  100.00    15      0.00      0.00  117180    9040   0.01      0.00      0.00      0.00       0  sysbench
11:24:45        0       650   48.00   52.00    0.00    0.00  100.00    15      0.00      0.00  117180    9040   0.01      0.00      0.00      0.00       0  sysbench
11:24:46        0       650   50.00   50.00    0.00    0.00  100.00    15      0.00      0.00  117180    9040   0.01      0.00      0.00      0.00       0  sysbench
11:24:47        0       650   52.00   49.00    0.00    0.00  100.00    15     43.00      0.00  117180    9040   0.01      0.00      0.00      0.00       0  sysbench
11:24:48        0       650   55.00   46.00    0.00    0.00  100.00    15    240.00      0.00  117180    9040   0.01      0.00      0.00      0.00       0  sysbench

11:23:29        0       548   49.00   52.00    0.00    0.00  100.00    28    320.00      0.00  117180    8712   0.01      0.00      0.00      0.00       0  sysbench
11:23:30        0       548   53.00   48.00    0.00    0.00  100.00    28     90.00      0.00  117180    9036   0.01      0.00      0.00      0.00       0  sysbench
11:23:31        0       548   47.00   53.00    0.00    0.00  100.00    28     65.00      0.00  117180    9036   0.01      0.00      0.00      0.00       0  sysbench
11:23:32        0       548   52.00   48.00    0.00    0.00  100.00    28    218.00      0.00  117180    9036   0.01      0.00      0.00      0.00       0  sysbench
11:23:33        0       548   57.00   44.00    0.00    0.00  100.00    28      0.00      0.00  117180    9036   0.01      0.00      0.00      0.00       0  sysbench
11:23:34        0       548   48.00   52.00    0.00    0.00  100.00    28      0.00      0.00  117180    9036   0.01      0.00      0.00      0.00       0  sysbench
11:23:35        0       548   46.00   54.00    0.00    0.00  100.00    28      0.00      0.00  117180    9036   0.01      0.00      0.00      0.00       0  sysbench
11:23:36        0       548   44.00   57.00    0.00    0.00  100.00    28     43.00      0.00  117180    9036   0.01      0.00      0.00      0.00       0  sysbench
11:23:37        0       548   49.00   51.00    0.00    0.00  100.00    28    240.00      0.00  117180    9036   0.01      0.00      0.00      0.00       0  sysbench

11:24:53        0       667   49.00   52.00    0.00    0.00  100.00    34    318.00      0.00  117180    8860   0.01      0.00      0.00      0.00       0  sysbench
11:24:54        0       667   42.00   58.00    0.00    0.00  100.00    34      0.00      0.00  117180    8860   0.01      0.00      0.00      0.00       0  sysbench
11:24:55        0       667   46.00   55.00    0.00    0.00  100.00    34     60.00      0.00  117180    8860   0.01      0.00      0.00      0.00       0  sysbench
11:24:56        0       667   52.00   49.00    0.00    0.00  100.00    34    223.00      0.00  117180    9004   0.01      0.00      0.00      0.00       0  sysbench
11:24:57        0       667   41.00   59.00    0.00    0.00  100.00    34      0.00      0.00  117180    9004   0.01      0.00      0.00      0.00       0  sysbench
11:24:58        0       667   49.00   51.00    0.00    0.00  100.00    34    283.00      0.00  117180    9004   0.01      0.00      0.00      0.00       0  sysbench
11:24:59        0       667   52.00   48.00    0.00    0.00  100.00    34      0.00      0.00  117180    9004   0.01      0.00      0.00      0.00       0  sysbench
11:25:00        0       667   51.00   50.00    0.00    0.00  100.00    34      0.00      0.00  117180    9004   0.01      0.00      0.00      0.00       0  sysbench
11:25:01        0       667   51.00   49.00    0.00    0.00  100.00    34    283.00      0.00  117180    9004   0.01      0.00      0.00      0.00       0  sysbench

11:24:04        0       599   49.00   52.00    0.00    0.00  100.00     0    296.00      0.00  117180    8960   0.01      0.00      0.00      0.00       0  sysbench
11:24:05        0       599   46.00   54.00    0.00    0.00  100.00     0    135.00      0.00  117180    9140   0.01      0.00      0.00      0.00       0  sysbench
11:24:06        0       599   52.00   49.00    0.00    0.00  100.00     0     85.00      0.00  117180    9140   0.01      0.00      0.00      0.00       0  sysbench
11:24:07        0       599   52.00   48.00    0.00    0.00  100.00     0    198.00      0.00  117180    9140   0.01      0.00      0.00      0.00       0  sysbench
11:24:08        0       599   44.00   56.00    0.00    0.00  100.00     0      0.00      0.00  117180    9140   0.01      0.00      0.00      0.00       0  sysbench
11:24:09        0       599   53.00   48.00    0.00    0.00  100.00     0      0.00      0.00  117180    9140   0.01      0.00      0.00      0.00       0  sysbench
11:24:10        0       599   52.00   48.00    0.00    0.00  100.00     0      0.00      0.00  117180    9140   0.01      0.00      0.00      0.00       0  sysbench
11:24:11        0       599   53.00   48.00    0.00    0.00  100.00     0     68.00      0.00  117180    9140   0.01      0.00      0.00      0.00       0  sysbench
11:24:12        0       599   48.00   52.00    0.00    0.00  100.00     0    215.00      0.00  117180    9140   0.01      0.00      0.00      0.00       0  sysbench

11:23:18        0       531   45.54   55.45    0.00    0.00  100.00    44    297.03      0.00  117180    8760   0.01      0.00      0.00      0.00       0  sysbench
11:23:19        0       531   48.00   52.00    0.00    0.00  100.00    44    104.00      0.00  117180    8964   0.01      0.00      0.00      0.00       0  sysbench
11:23:20        0       531   46.00   54.00    0.00    0.00  100.00    44     80.00      0.00  117180    9032   0.01      0.00      0.00      0.00       0  sysbench
11:23:21        0       531   49.00   52.00    0.00    0.00  100.00    44    203.00      0.00  117180    9032   0.01      0.00      0.00      0.00       0  sysbench
11:23:22        0       531   42.00   58.00    0.00    0.00  100.00    44      0.00      0.00  117180    9032   0.01      0.00      0.00      0.00       0  sysbench
11:23:23        0       531   50.00   50.00    0.00    0.00  100.00    44      0.00      0.00  117180    9032   0.01      0.00      0.00      0.00       0  sysbench
11:23:24        0       531   52.00   49.00    0.00    0.00  100.00    44      0.00      0.00  117180    9032   0.01      0.00      0.00      0.00       0  sysbench
11:23:25        0       531   54.00   47.00    0.00    0.00  100.00    44     65.00      0.00  117180    9032   0.01      0.00      0.00      0.00       0  sysbench
11:23:26        0       531   48.00   51.00    0.00    0.00   99.00    44    218.00      0.00  117180    9032   0.01      0.00      0.00      0.00       0  sysbench

11:23:52        0       582   49.00   51.00    0.00    0.00  100.00     4    307.00      0.00  117180    8708   0.01      0.00      0.00      0.00       0  sysbench
11:23:53        0       582   47.00   54.00    0.00    0.00  100.00     4    145.00      0.00  117180    8944   0.01      0.00      0.00      0.00       0  sysbench
11:23:54        0       582   50.00   50.00    0.00    0.00  100.00     4     55.00      0.00  117180    8944   0.01      0.00      0.00      0.00       0  sysbench
11:23:55        0       582   53.00   48.00    0.00    0.00  100.00     4    228.00      0.00  117180    8944   0.01      0.00      0.00      0.00       0  sysbench
11:23:56        0       582   51.00   49.00    0.00    0.00  100.00     4      0.00      0.00  117180    8944   0.01      0.00      0.00      0.00       0  sysbench
11:23:57        0       582   49.00   52.00    0.00    0.00  100.00     4      0.00      0.00  117180    8944   0.01      0.00      0.00      0.00       0  sysbench
11:23:58        0       582   49.00   50.00    0.00    0.00   99.00     4      0.00      0.00  117180    8944   0.01      0.00      0.00      0.00       0  sysbench
11:23:59        0       582   52.00   50.00    0.00    0.00  100.00     4     43.00      0.00  117180    8944   0.01      0.00      0.00      0.00       0  sysbench
11:24:00        0       582   43.00   57.00    0.00    0.00  100.00     4    240.00      0.00  117180    8944   0.01      0.00      0.00      0.00       0  sysbench

