12:51:04 PM  1001     33027  100.00    0.00    0.00    0.00  100.00    10    780.95      0.00  119236   12040   0.01      0.00      0.00      0.00       0  sysbench
12:51:05 PM  1001     33027  100.00    0.00    0.00    0.00  100.00    10     77.00      0.00  119236   12048   0.01      0.00      0.00      0.00       0  sysbench
12:51:06 PM  1001     33027  100.00    0.00    0.00    0.00  100.00    10    650.00      0.00  119236   12048   0.01      0.00      0.00      0.00       0  sysbench
12:51:07 PM  1001     33027  100.00    0.00    0.00    0.00  100.00    10    143.00      0.00  119236   12048   0.01      0.00      0.00      0.00       0  sysbench
12:51:08 PM  1001     33027  100.00    0.00    0.00    0.00  100.00    10      0.00      0.00  119236   12048   0.01      0.00      0.00      0.00       0  sysbench
12:51:09 PM  1001     33027  100.00    0.00    0.00    0.00  100.00    10    793.00      0.00  119236   12048   0.01      0.00      0.00      0.00       0  sysbench
12:51:10 PM  1001     33027  100.00    0.00    0.00    0.00  100.00    10      0.00      0.00  119236   12048   0.01      0.00      0.00      0.00       0  sysbench
12:51:11 PM  1001     33027  100.00    0.00    0.00    0.00  100.00    10      0.00      0.00  119236   12048   0.01      0.00      0.00      0.00       0  sysbench
12:51:12 PM  1001     33027  100.00    0.00    0.00    0.00  100.00    10    793.00      0.00  119236   12048   0.01      0.00      0.00      0.00       0  sysbench

12:50:30 PM  1001     32339  100.00    0.00    0.00    0.00  100.00    50    790.38      0.00  119236   12004   0.01      0.00      0.00      0.00       0  sysbench
12:50:31 PM  1001     32339  100.00    0.00    0.00    0.00  100.00    50     70.00      0.00  119236   12016   0.01      0.00      0.00      0.00       0  sysbench
12:50:32 PM  1001     32339  100.00    0.00    0.00    0.00  100.00    50    647.00      0.00  119236   12016   0.01      0.00      0.00      0.00       0  sysbench
12:50:33 PM  1001     32339  100.00    0.00    0.00    0.00  100.00    50    146.00      0.00  119236   12016   0.01      0.00      0.00      0.00       0  sysbench
12:50:34 PM  1001     32339  100.00    0.00    0.00    0.00  100.00    50      0.00      0.00  119236   12016   0.01      0.00      0.00      0.00       0  sysbench
12:50:35 PM  1001     32339  100.00    0.00    0.00    0.00  100.00    50      0.00      0.00  119236   12016   0.01      0.00      0.00      0.00       0  sysbench
12:50:36 PM  1001     32339  100.00    0.00    0.00    0.00  100.00    50      0.00      0.00  119236   12016   0.01      0.00      0.00      0.00       0  sysbench
12:50:37 PM  1001     32339  100.00    0.00    0.00    0.00  100.00    50    793.00      0.00  119236   12016   0.01      0.00      0.00      0.00       0  sysbench
12:50:38 PM  1001     32339  100.00    0.00    0.00    0.00  100.00    50      0.00      0.00  119236   12016   0.01      0.00      0.00      0.00       0  sysbench

12:50:19 PM  1001     32158  100.00    0.00    0.00    0.00  100.00     4    794.23      0.00  119236   11756   0.01      0.00      0.00      0.00       0  sysbench
12:50:20 PM  1001     32158  100.00    0.00    0.00    0.00  100.00     4     29.00      0.00  119236   12064   0.01      0.00      0.00      0.00       0  sysbench
12:50:21 PM  1001     32158  100.00    0.00    0.00    0.00  100.00     4    649.00      0.00  119236   12064   0.01      0.00      0.00      0.00       0  sysbench
12:50:22 PM  1001     32158  100.00    0.00    0.00    0.00  100.00     4    144.00      0.00  119236   12064   0.01      0.00      0.00      0.00       0  sysbench
12:50:23 PM  1001     32158  100.00    0.00    0.00    0.00  100.00     4      0.00      0.00  119236   12064   0.01      0.00      0.00      0.00       0  sysbench
12:50:24 PM  1001     32158  100.00    0.00    0.00    0.00  100.00     4      0.00      0.00  119236   12064   0.01      0.00      0.00      0.00       0  sysbench
12:50:25 PM  1001     32158  100.00    0.00    0.00    0.00  100.00     4      0.00      0.00  119236   12064   0.01      0.00      0.00      0.00       0  sysbench
12:50:26 PM  1001     32158  100.00    0.00    0.00    0.00  100.00     4      0.00      0.00  119236   12064   0.01      0.00      0.00      0.00       0  sysbench
12:50:27 PM  1001     32158  100.00    0.00    0.00    0.00  100.00     4      0.00      0.00  119236   12064   0.01      0.00      0.00      0.00       0  sysbench

12:49:47 PM  1001     31230  100.00    0.00    0.00    0.00  100.00    48    810.68      0.00  119236   11944   0.01      0.00      0.00      0.00       0  sysbench
12:49:48 PM  1001     31230  100.00    0.00    0.00    0.00  100.00    48     31.00      0.00  119236   12140   0.01      0.00      0.00      0.00       0  sysbench
12:49:49 PM  1001     31230  100.00    0.00    0.00    0.00  100.00    48    649.00      0.00  119236   12140   0.01      0.00      0.00      0.00       0  sysbench
12:49:50 PM  1001     31230  100.00    0.00    0.00    0.00  100.00    48    144.00      0.00  119236   12140   0.01      0.00      0.00      0.00       0  sysbench
12:49:51 PM  1001     31230  100.00    0.00    0.00    0.00  100.00    48      0.00      0.00  119236   12140   0.01      0.00      0.00      0.00       0  sysbench
12:49:52 PM  1001     31230  100.00    0.00    0.00    0.00  100.00    48    793.00      0.00  119236   12140   0.01      0.00      0.00      0.00       0  sysbench
12:49:53 PM  1001     31230  100.00    0.00    0.00    0.00  100.00    48      0.00      0.00  119236   12140   0.01      0.00      0.00      0.00       0  sysbench
12:49:54 PM  1001     31230  100.00    0.00    0.00    0.00  100.00    48    580.00      0.00  119236   12140   0.01      0.00      0.00      0.00       0  sysbench
12:49:55 PM  1001     31230  100.00    0.00    0.00    0.00  100.00    48    213.00      0.00  119236   12140   0.01      0.00      0.00      0.00       0  sysbench

12:50:41 PM  1001     32585  100.00    0.96    0.00    0.00  100.00    18    787.50      0.00  119236   12104   0.01      0.00      0.00      0.00       0  sysbench
12:50:42 PM  1001     32585  100.00    0.00    0.00    0.00  100.00    18     80.00      0.00  119236   12112   0.01      0.00      0.00      0.00       0  sysbench
12:50:43 PM  1001     32585  100.00    0.00    0.00    0.00  100.00    18    645.00      0.00  119236   12112   0.01      0.00      0.00      0.00       0  sysbench
12:50:44 PM  1001     32585  100.00    0.00    0.00    0.00  100.00    18    148.00      0.00  119236   12112   0.01      0.00      0.00      0.00       0  sysbench
12:50:45 PM  1001     32585  100.00    0.00    0.00    0.00  100.00    18      0.00      0.00  119236   12112   0.01      0.00      0.00      0.00       0  sysbench
12:50:46 PM  1001     32585  100.00    0.00    0.00    0.00  100.00    18      0.00      0.00  119236   12112   0.01      0.00      0.00      0.00       0  sysbench
12:50:47 PM  1001     32585  100.00    0.00    0.00    0.00  100.00    18      0.00      0.00  119236   12112   0.01      0.00      0.00      0.00       0  sysbench
12:50:48 PM  1001     32585  100.00    0.00    0.00    0.00  100.00    18    793.00      0.00  119236   12112   0.01      0.00      0.00      0.00       0  sysbench
12:50:49 PM  1001     32585  100.00    0.00    0.00    0.00  100.00    18      0.00      0.00  119236   12112   0.01      0.00      0.00      0.00       0  sysbench

12:49:37 PM  1001     30442  100.00    0.00    0.00    0.00  100.00    44    795.15      0.00  119236   11916   0.01      0.00      0.00      0.00       0  sysbench
12:49:38 PM  1001     30442  100.00    0.00    0.00    0.00  100.00    44     37.00      0.00  119236   12216   0.01      0.00      0.00      0.00       0  sysbench
12:49:39 PM  1001     30442  100.00    0.00    0.00    0.00  100.00    44    647.00      0.00  119236   12216   0.01      0.00      0.00      0.00       0  sysbench
12:49:40 PM  1001     30442  100.00    0.00    0.00    0.00  100.00    44    146.00      0.00  119236   12216   0.01      0.00      0.00      0.00       0  sysbench
12:49:41 PM  1001     30442  100.00    0.00    0.00    0.00  100.00    44      0.00      0.00  119236   12216   0.01      0.00      0.00      0.00       0  sysbench
12:49:42 PM  1001     30442  100.00    0.00    0.00    0.00  100.00    44    793.00      0.00  119236   12216   0.01      0.00      0.00      0.00       0  sysbench
12:49:43 PM  1001     30442  100.00    0.00    0.00    0.00  100.00    44      0.00      0.00  119236   12216   0.01      0.00      0.00      0.00       0  sysbench
12:49:44 PM  1001     30442  100.00    0.00    0.00    0.00  100.00    44    562.00      0.00  119236   12216   0.01      0.00      0.00      0.00       0  sysbench
12:49:45 PM  1001     30442  100.00    0.00    0.00    0.00  100.00    44    231.00      0.00  119236   12216   0.01      0.00      0.00      0.00       0  sysbench

12:50:53 PM  1001     32827  100.00    0.00    0.00    0.00  100.00    48    790.38      0.00  119236   11964   0.01      0.00      0.00      0.00       0  sysbench
12:50:54 PM  1001     32827  100.00    0.00    0.00    0.00  100.00    48     83.00      0.00  119236   12176   0.01      0.00      0.00      0.00       0  sysbench
12:50:55 PM  1001     32827  100.00    0.00    0.00    0.00  100.00    48    647.00      0.00  119236   12176   0.01      0.00      0.00      0.00       0  sysbench
12:50:56 PM  1001     32827   99.00    1.00    0.00    0.00  100.00    48    146.00      0.00  119236   12176   0.01      0.00      0.00      0.00       0  sysbench
12:50:57 PM  1001     32827  100.00    0.00    0.00    0.00  100.00    48      0.00      0.00  119236   12176   0.01      0.00      0.00      0.00       0  sysbench
12:50:58 PM  1001     32827  100.00    0.00    0.00    0.00  100.00    48    793.00      0.00  119236   12176   0.01      0.00      0.00      0.00       0  sysbench
12:50:59 PM  1001     32827  100.00    0.00    0.00    0.00  100.00    48      0.00      0.00  119236   12176   0.01      0.00      0.00      0.00       0  sysbench
12:51:00 PM  1001     32827  100.00    0.00    0.00    0.00  100.00    48      0.00      0.00  119236   12176   0.01      0.00      0.00      0.00       0  sysbench
12:51:01 PM  1001     32827  100.00    0.00    0.00    0.00  100.00    48    793.00      0.00  119236   12176   0.01      0.00      0.00      0.00       0  sysbench

12:50:08 PM  1001     31970  100.00    0.00    0.00    0.00  100.00    22    785.58      0.00  119236   12140   0.01      0.00      0.00      0.00       0  sysbench
12:50:09 PM  1001     31970  100.00    0.00    0.00    0.00  100.00    22     85.00      0.00  119236   12148   0.01      0.00      0.00      0.00       0  sysbench
12:50:10 PM  1001     31970  100.00    0.00    0.00    0.00  100.00    22    644.00      0.00  119236   12148   0.01      0.00      0.00      0.00       0  sysbench
12:50:11 PM  1001     31970  100.00    0.00    0.00    0.00  100.00    22    149.00      0.00  119236   12148   0.01      0.00      0.00      0.00       0  sysbench
12:50:12 PM  1001     31970  100.00    0.00    0.00    0.00  100.00    22      0.00      0.00  119236   12148   0.01      0.00      0.00      0.00       0  sysbench
12:50:13 PM  1001     31970  100.00    0.00    0.00    0.00  100.00    22    793.00      0.00  119236   12148   0.01      0.00      0.00      0.00       0  sysbench
12:50:14 PM  1001     31970  100.00    0.00    0.00    0.00  100.00    22      0.00      0.00  119236   12148   0.01      0.00      0.00      0.00       0  sysbench
12:50:15 PM  1001     31970  100.00    0.00    0.00    0.00  100.00    22      0.00      0.00  119236   12148   0.01      0.00      0.00      0.00       0  sysbench
12:50:16 PM  1001     31970  100.00    0.00    0.00    0.00  100.00    22    793.00      0.00  119236   12148   0.01      0.00      0.00      0.00       0  sysbench

12:49:27 PM  1001     29778  100.00    0.00    0.00    0.00  100.00    14    802.91      0.00  119236   11724   0.01      0.00      0.00      0.00       0  sysbench
12:49:28 PM  1001     29778  100.00    0.00    0.00    0.00  100.00    14     94.00      0.00  119236   12048   0.01      0.00      0.00      0.00       0  sysbench
12:49:29 PM  1001     29778  100.00    0.00    0.00    0.00  100.00    14    647.00      0.00  119236   12048   0.01      0.00      0.00      0.00       0  sysbench
12:49:30 PM  1001     29778  100.00    0.00    0.00    0.00  100.00    14    146.00      0.00  119236   12048   0.01      0.00      0.00      0.00       0  sysbench
12:49:31 PM  1001     29778  100.00    0.00    0.00    0.00  100.00    14      0.00      0.00  119236   12048   0.01      0.00      0.00      0.00       0  sysbench
12:49:32 PM  1001     29778  100.00    0.00    0.00    0.00  100.00    14      0.00      0.00  119236   12048   0.01      0.00      0.00      0.00       0  sysbench
12:49:33 PM  1001     29778  100.00    0.00    0.00    0.00  100.00    14      0.00      0.00  119236   12048   0.01      0.00      0.00      0.00       0  sysbench
12:49:34 PM  1001     29778  100.00    0.00    0.00    0.00  100.00    14    793.00      0.00  119236   12048   0.01      0.00      0.00      0.00       0  sysbench
12:49:35 PM  1001     29778  100.00    0.00    0.00    0.00  100.00    14      0.00      0.00  119236   12048   0.01      0.00      0.00      0.00       0  sysbench

12:49:58 PM  1001     31750  100.00    0.00    0.00    0.00  100.00    48    799.04      0.00  119236   12108   0.01      0.00      0.00      0.00       0  sysbench
12:49:59 PM  1001     31750  100.00    0.00    0.00    0.00  100.00    48      0.00      0.00  119236   12108   0.01      0.00      0.00      0.00       0  sysbench
12:50:00 PM  1001     31750  100.00    0.00    0.00    0.00  100.00    48    646.00      0.00  119236   12108   0.01      0.00      0.00      0.00       0  sysbench
12:50:01 PM  1001     31750  100.00    0.00    0.00    0.00  100.00    48    147.00      0.00  119236   12116   0.01      0.00      0.00      0.00       0  sysbench
12:50:02 PM  1001     31750  100.00    0.00    0.00    0.00  100.00    48      0.00      0.00  119236   12116   0.01      0.00      0.00      0.00       0  sysbench
12:50:03 PM  1001     31750  100.00    0.00    0.00    0.00  100.00    48      0.00      0.00  119236   12116   0.01      0.00      0.00      0.00       0  sysbench
12:50:04 PM  1001     31750  100.00    0.00    0.00    0.00  100.00    48      0.00      0.00  119236   12116   0.01      0.00      0.00      0.00       0  sysbench
12:50:05 PM  1001     31750  100.00    0.00    0.00    0.00  100.00    48      0.00      0.00  119236   12116   0.01      0.00      0.00      0.00       0  sysbench
12:50:06 PM  1001     31750  100.00    0.00    0.00    0.00  100.00    48      0.00      0.00  119236   12116   0.01      0.00      0.00      0.00       0  sysbench

