02:08:20 PM  1001     21384  100.00    0.00    0.00    0.00  100.00    47    278.64      0.00  117180    8992   0.01      0.00      0.00      0.00       0  sysbench
02:08:21 PM  1001     21384  100.00    0.00    0.00    0.00  100.00    47     79.00      0.00  117180    9164   0.01      0.00      0.00      0.00       0  sysbench
02:08:22 PM  1001     21384  100.00    0.00    0.00    0.00  100.00    47    139.00      0.00  117180    9164   0.01      0.00      0.00      0.00       0  sysbench
02:08:23 PM  1001     21384  100.00    0.00    0.00    0.00  100.00    47    143.00      0.00  117180    9164   0.01      0.00      0.00      0.00       0  sysbench
02:08:24 PM  1001     21384  100.00    0.00    0.00    0.00  100.00    47      0.00      0.00  117180    9164   0.01      0.00      0.00      0.00       0  sysbench
02:08:25 PM  1001     21384  100.00    0.00    0.00    0.00  100.00    47    282.00      0.00  117180    9164   0.01      0.00      0.00      0.00       0  sysbench
02:08:26 PM  1001     21384  100.00    0.00    0.00    0.00  100.00    47      0.00      0.00  117180    9164   0.01      0.00      0.00      0.00       0  sysbench
02:08:27 PM  1001     21384  100.00    0.00    0.00    0.00  100.00    47      0.00      0.00  117180    9164   0.01      0.00      0.00      0.00       0  sysbench
02:08:28 PM  1001     21384  100.00    0.00    0.00    0.00  100.00    47    282.00      0.00  117180    9164   0.01      0.00      0.00      0.00       0  sysbench

02:07:46 PM  1001     20750  100.00    0.00    0.00    0.00  100.00    26    277.67      0.00  117180    8964   0.01      0.00      0.00      0.00       0  sysbench
02:07:47 PM  1001     20750  100.00    0.00    0.00    0.00  100.00    26     74.00      0.00  117180    9144   0.01      0.00      0.00      0.00       0  sysbench
02:07:48 PM  1001     20750  100.00    0.00    0.00    0.00  100.00    26    139.00      0.00  117180    9144   0.01      0.00      0.00      0.00       0  sysbench
02:07:49 PM  1001     20750  100.00    0.00    0.00    0.00  100.00    26    143.00      0.00  117180    9144   0.01      0.00      0.00      0.00       0  sysbench
02:07:50 PM  1001     20750  100.00    0.00    0.00    0.00  100.00    26      0.00      0.00  117180    9144   0.01      0.00      0.00      0.00       0  sysbench
02:07:51 PM  1001     20750  100.00    0.00    0.00    0.00  100.00    26      0.00      0.00  117180    9144   0.01      0.00      0.00      0.00       0  sysbench
02:07:52 PM  1001     20750  100.00    0.00    0.00    0.00  100.00    26    139.00      0.00  117180    9144   0.01      0.00      0.00      0.00       0  sysbench
02:07:53 PM  1001     20750  100.00    0.00    0.00    0.00  100.00    26    143.00      0.00  117180    9144   0.01      0.00      0.00      0.00       0  sysbench
02:07:54 PM  1001     20750  100.00    0.00    0.00    0.00  100.00    26      0.00      0.00  117180    9144   0.01      0.00      0.00      0.00       0  sysbench

02:07:35 PM  1001     20581  100.00    0.00    0.00    0.00  100.00    52    278.64      0.00  117180    8904   0.01      0.00      0.00      0.00       0  sysbench
02:07:36 PM  1001     20581  100.00    0.00    0.00    0.00  100.00    52     22.00      0.00  117180    8904   0.01      0.00      0.00      0.00       0  sysbench
02:07:37 PM  1001     20581  100.00    0.00    0.00    0.00  100.00    52    139.00      0.00  117180    8904   0.01      0.00      0.00      0.00       0  sysbench
02:07:38 PM  1001     20581  100.00    0.00    0.00    0.00  100.00    52    141.58      0.00  117180    9112   0.01      0.00      0.00      0.00       0  sysbench
02:07:39 PM  1001     20581  100.00    0.00    0.00    0.00  100.00    52      0.00      0.00  117180    9112   0.01      0.00      0.00      0.00       0  sysbench
02:07:40 PM  1001     20581  100.00    0.00    0.00    0.00  100.00    52      0.00      0.00  117180    9112   0.01      0.00      0.00      0.00       0  sysbench
02:07:41 PM  1001     20581  100.00    0.00    0.00    0.00  100.00    52    139.00      0.00  117180    9112   0.01      0.00      0.00      0.00       0  sysbench
02:07:42 PM  1001     20581  100.00    0.00    0.00    0.00  100.00    52    143.00      0.00  117180    9112   0.01      0.00      0.00      0.00       0  sysbench
02:07:43 PM  1001     20581  100.00    0.00    0.00    0.00  100.00    52      0.00      0.00  117180    9112   0.01      0.00      0.00      0.00       0  sysbench

02:07:03 PM  1001     18744  100.00    0.00    0.00    0.00  100.00    26    275.96      0.00  117180    8920   0.01      0.00      0.00      0.00       0  sysbench
02:07:04 PM  1001     18744  100.00    0.00    0.00    0.00  100.00    26     37.00      0.00  117180    8920   0.01      0.00      0.00      0.00       0  sysbench
02:07:05 PM  1001     18744  100.00    0.00    0.00    0.00  100.00    26    139.00      0.00  117180    8920   0.01      0.00      0.00      0.00       0  sysbench
02:07:06 PM  1001     18744  100.00    0.00    0.00    0.00  100.00    26    143.00      0.00  117180    9140   0.01      0.00      0.00      0.00       0  sysbench
02:07:07 PM  1001     18744  100.00    0.00    0.00    0.00  100.00    26      0.00      0.00  117180    9140   0.01      0.00      0.00      0.00       0  sysbench
02:07:08 PM  1001     18744  100.00    0.00    0.00    0.00  100.00    26      0.00      0.00  117180    9140   0.01      0.00      0.00      0.00       0  sysbench
02:07:09 PM  1001     18744  100.00    0.00    0.00    0.00  100.00    26    139.00      0.00  117180    9140   0.01      0.00      0.00      0.00       0  sysbench
02:07:10 PM  1001     18744  100.00    0.00    0.00    0.00  100.00    26    143.00      0.00  117180    9140   0.01      0.00      0.00      0.00       0  sysbench
02:07:11 PM  1001     18744  100.00    0.00    0.00    0.00  100.00    26      0.00      0.00  117180    9140   0.01      0.00      0.00      0.00       0  sysbench

02:07:57 PM  1001     20983  100.00    0.00    0.00    0.00  100.00    29    277.67      0.00  117180    8780   0.01      0.00      0.00      0.00       0  sysbench
02:07:58 PM  1001     20983  100.00    0.00    0.00    0.00  100.00    29     89.00      0.00  117180    8956   0.01      0.00      0.00      0.00       0  sysbench
02:07:59 PM  1001     20983  100.00    0.00    0.00    0.00  100.00    29    139.00      0.00  117180    8956   0.01      0.00      0.00      0.00       0  sysbench
02:08:00 PM  1001     20983  100.00    0.00    0.00    0.00  100.00    29    143.00      0.00  117180    8956   0.01      0.00      0.00      0.00       0  sysbench
02:08:01 PM  1001     20983  100.00    0.00    0.00    0.00  100.00    29      0.00      0.00  117180    8956   0.01      0.00      0.00      0.00       0  sysbench
02:08:02 PM  1001     20983  100.00    0.00    0.00    0.00  100.00    29      0.00      0.00  117180    8956   0.01      0.00      0.00      0.00       0  sysbench
02:08:03 PM  1001     20983  100.00    0.00    0.00    0.00  100.00    29      0.00      0.00  117180    8956   0.01      0.00      0.00      0.00       0  sysbench
02:08:04 PM  1001     20983  100.00    0.00    0.00    0.00  100.00    29    282.00      0.00  117180    8956   0.01      0.00      0.00      0.00       0  sysbench
02:08:05 PM  1001     20983  100.00    0.00    0.00    0.00  100.00    29      0.00      0.00  117180    8956   0.01      0.00      0.00      0.00       0  sysbench

02:06:53 PM  1001     18567   99.05    0.00    0.00    0.00   99.05    35    272.38      0.00  117180    8996   0.01      0.00      0.00      0.00       0  sysbench
02:06:54 PM  1001     18567  100.00    0.00    0.00    0.00  100.00    35     81.00      0.00  117180    9172   0.01      0.00      0.00      0.00       0  sysbench
02:06:55 PM  1001     18567  100.00    0.00    0.00    0.00  100.00    35    139.00      0.00  117180    9172   0.01      0.00      0.00      0.00       0  sysbench
02:06:56 PM  1001     18567  100.00    0.00    0.00    0.00  100.00    35    143.00      0.00  117180    9172   0.01      0.00      0.00      0.00       0  sysbench
02:06:57 PM  1001     18567   99.00    0.00    0.00    0.00   99.00    35      0.00      0.00  117180    9172   0.01      0.00      0.00      0.00       0  sysbench
02:06:58 PM  1001     18567  100.00    0.00    0.00    0.00  100.00    35    282.00      0.00  117180    9172   0.01      0.00      0.00      0.00       0  sysbench
02:06:59 PM  1001     18567  100.00    0.00    0.00    0.00  100.00    35      0.00      0.00  117180    9172   0.01      0.00      0.00      0.00       0  sysbench
02:07:00 PM  1001     18567  100.00    0.00    0.00    0.00  100.00    35      0.00      0.00  117180    9172   0.01      0.00      0.00      0.00       0  sysbench
02:07:01 PM  1001     18567  100.00    0.00    0.00    0.00  100.00    35      0.00      0.00  117180    9172   0.01      0.00      0.00      0.00       0  sysbench

02:08:08 PM  1001     21198  100.00    0.00    0.00    0.00  100.00    11    279.61      0.00  117180    8896   0.01      0.00      0.00      0.00       0  sysbench
02:08:09 PM  1001     21198  100.00    0.00    0.00    0.00  100.00    11     35.00      0.00  117180    8896   0.01      0.00      0.00      0.00       0  sysbench
02:08:10 PM  1001     21198  100.00    0.00    0.00    0.00  100.00    11    139.00      0.00  117180    8896   0.01      0.00      0.00      0.00       0  sysbench
02:08:11 PM  1001     21198  100.00    0.00    0.00    0.00  100.00    11    143.00      0.00  117180    9108   0.01      0.00      0.00      0.00       0  sysbench
02:08:12 PM  1001     21198  100.00    0.00    0.00    0.00  100.00    11      0.00      0.00  117180    9108   0.01      0.00      0.00      0.00       0  sysbench
02:08:13 PM  1001     21198  100.00    0.00    0.00    0.00  100.00    11      0.00      0.00  117180    9108   0.01      0.00      0.00      0.00       0  sysbench
02:08:14 PM  1001     21198  100.00    0.00    0.00    0.00  100.00    11    139.00      0.00  117180    9108   0.01      0.00      0.00      0.00       0  sysbench
02:08:15 PM  1001     21198  100.00    0.00    0.00    0.00  100.00    11    143.00      0.00  117180    9108   0.01      0.00      0.00      0.00       0  sysbench
02:08:16 PM  1001     21198  100.00    0.00    0.00    0.00  100.00    11      0.00      0.00  117180    9108   0.01      0.00      0.00      0.00       0  sysbench

02:07:24 PM  1001     19155  100.00    0.00    0.00    0.00  100.00    53    275.00      0.00  117180    8844   0.01      0.00      0.00      0.00       0  sysbench
02:07:25 PM  1001     19155  100.00    0.00    0.00    0.00  100.00    53    104.00      0.00  117180    9020   0.01      0.00      0.00      0.00       0  sysbench
02:07:26 PM  1001     19155  100.00    0.00    0.00    0.00  100.00    53    139.00      0.00  117180    9020   0.01      0.00      0.00      0.00       0  sysbench
02:07:27 PM  1001     19155  100.00    0.00    0.00    0.00  100.00    53    143.00      0.00  117180    9020   0.01      0.00      0.00      0.00       0  sysbench
02:07:28 PM  1001     19155  100.00    0.00    0.00    0.00  100.00    53      0.00      0.00  117180    9020   0.01      0.00      0.00      0.00       0  sysbench
02:07:29 PM  1001     19155  100.00    0.00    0.00    0.00  100.00    53    282.00      0.00  117180    9020   0.01      0.00      0.00      0.00       0  sysbench
02:07:30 PM  1001     19155   99.00    0.00    0.00    0.00   99.00    53      0.00      0.00  117180    9020   0.01      0.00      0.00      0.00       0  sysbench
02:07:31 PM  1001     19155  100.00    0.00    0.00    0.00  100.00    53      0.00      0.00  117180    9020   0.01      0.00      0.00      0.00       0  sysbench
02:07:32 PM  1001     19155  100.00    0.00    0.00    0.00  100.00    53      0.00      0.00  117180    9020   0.01      0.00      0.00      0.00       0  sysbench

02:06:43 PM  1001     18398  100.00    0.00    0.00    0.00  100.00    21    275.00      0.00  117180    9020   0.01      0.00      0.00      0.00       0  sysbench
02:06:44 PM  1001     18398  100.00    0.00    0.00    0.00  100.00    21      0.00      0.00  117180    9020   0.01      0.00      0.00      0.00       0  sysbench
02:06:45 PM  1001     18398  100.00    0.00    0.00    0.00  100.00    21    139.00      0.00  117180    9020   0.01      0.00      0.00      0.00       0  sysbench
02:06:46 PM  1001     18398  100.00    0.00    0.00    0.00  100.00    21    143.00      0.00  117180    9116   0.01      0.00      0.00      0.00       0  sysbench
02:06:47 PM  1001     18398  100.00    0.00    0.00    0.00  100.00    21      0.00      0.00  117180    9116   0.01      0.00      0.00      0.00       0  sysbench
02:06:48 PM  1001     18398  100.00    0.00    0.00    0.00  100.00    21    282.00      0.00  117180    9116   0.01      0.00      0.00      0.00       0  sysbench
02:06:49 PM  1001     18398  100.00    0.00    0.00    0.00  100.00    21      0.00      0.00  117180    9116   0.01      0.00      0.00      0.00       0  sysbench
02:06:50 PM  1001     18398  100.00    0.00    0.00    0.00  100.00    21      0.00      0.00  117180    9116   0.01      0.00      0.00      0.00       0  sysbench
02:06:51 PM  1001     18398  100.00    0.00    0.00    0.00  100.00    21    282.00      0.00  117180    9116   0.01      0.00      0.00      0.00       0  sysbench

02:07:14 PM  1001     18946  100.00    0.00    0.00    0.00  100.00    17    277.67      0.00  117180    8868   0.01      0.00      0.00      0.00       0  sysbench
02:07:15 PM  1001     18946  100.00    0.00    0.00    0.00  100.00    17     38.00      0.00  117180    8868   0.01      0.00      0.00      0.00       0  sysbench
02:07:16 PM  1001     18946  100.00    0.00    0.00    0.00  100.00    17    139.00      0.00  117180    8868   0.01      0.00      0.00      0.00       0  sysbench
02:07:17 PM  1001     18946  100.00    0.00    0.00    0.00  100.00    17    143.00      0.00  117180    9032   0.01      0.00      0.00      0.00       0  sysbench
02:07:18 PM  1001     18946  100.00    0.00    0.00    0.00  100.00    17      0.00      0.00  117180    9032   0.01      0.00      0.00      0.00       0  sysbench
02:07:19 PM  1001     18946  100.00    0.00    0.00    0.00  100.00    17    282.00      0.00  117180    9032   0.01      0.00      0.00      0.00       0  sysbench
02:07:20 PM  1001     18946  100.00    0.00    0.00    0.00  100.00    17      0.00      0.00  117180    9032   0.01      0.00      0.00      0.00       0  sysbench
02:07:21 PM  1001     18946  100.00    0.00    0.00    0.00  100.00    17      0.00      0.00  117180    9032   0.01      0.00      0.00      0.00       0  sysbench
02:07:22 PM  1001     18946  100.00    0.00    0.00    0.00  100.00    17    282.00      0.00  117180    9032   0.01      0.00      0.00      0.00       0  sysbench

