03:01:06 PM  1001      9705  100.00    0.00    0.00    0.00  100.00    55    539.81      0.00  118212   10768   0.01      0.00      0.00      0.00       0  sysbench
03:01:07 PM  1001      9705  100.00    0.00    0.00    0.00  100.00    55     16.00      0.00  118212   10768   0.01      0.00      0.00      0.00       0  sysbench
03:01:08 PM  1001      9705  100.00    0.00    0.00    0.00  100.00    55    394.00      0.00  118212   10768   0.01      0.00      0.00      0.00       0  sysbench
03:01:09 PM  1001      9705  100.00    0.00    0.00    0.00  100.00    55    143.00      0.00  118212   10984   0.01      0.00      0.00      0.00       0  sysbench
03:01:10 PM  1001      9705  100.00    0.00    0.00    0.00  100.00    55      0.00      0.00  118212   10984   0.01      0.00      0.00      0.00       0  sysbench
03:01:11 PM  1001      9705  100.00    0.00    0.00    0.00  100.00    55      0.00      0.00  118212   10984   0.01      0.00      0.00      0.00       0  sysbench
03:01:12 PM  1001      9705  100.00    0.00    0.00    0.00  100.00    55    394.00      0.00  118212   10984   0.01      0.00      0.00      0.00       0  sysbench

03:00:42 PM  1001      9195  100.00    0.00    0.00    0.00  100.00    25    525.96      0.00  118212   10580   0.01      0.00      0.00      0.00       0  sysbench
03:00:43 PM  1001      9195  100.00    0.00    0.00    0.00  100.00    25     20.00      0.00  118212   10800   0.01      0.00      0.00      0.00       0  sysbench
03:00:44 PM  1001      9195  100.00    0.00    0.00    0.00  100.00    25    394.00      0.00  118212   10800   0.01      0.00      0.00      0.00       0  sysbench
03:00:45 PM  1001      9195  100.00    0.00    0.00    0.00  100.00    25    143.00      0.00  118212   10800   0.01      0.00      0.00      0.00       0  sysbench
03:00:46 PM  1001      9195  100.00    0.00    0.00    0.00  100.00    25    394.00      0.00  118212   10800   0.01      0.00      0.00      0.00       0  sysbench
03:00:47 PM  1001      9195  100.00    0.00    0.00    0.00  100.00    25    143.00      0.00  118212   10800   0.01      0.00      0.00      0.00       0  sysbench
03:00:48 PM  1001      9195  100.00    0.00    0.00    0.00  100.00    25    394.00      0.00  118212   10800   0.01      0.00      0.00      0.00       0  sysbench

03:00:34 PM  1001      9029  100.00    0.00    0.00    0.00  100.00    30    532.04      0.00  118212   10752   0.01      0.00      0.00      0.00       0  sysbench
03:00:35 PM  1001      9029  100.00    0.00    0.00    0.00  100.00    30     27.00      0.00  118212   10952   0.01      0.00      0.00      0.00       0  sysbench
03:00:36 PM  1001      9029  100.00    0.00    0.00    0.00  100.00    30    394.00      0.00  118212   10952   0.01      0.00      0.00      0.00       0  sysbench
03:00:37 PM  1001      9029  100.00    0.00    0.00    0.00  100.00    30    143.00      0.00  118212   10952   0.01      0.00      0.00      0.00       0  sysbench
03:00:38 PM  1001      9029  100.00    0.00    0.00    0.00  100.00    30      0.00      0.00  118212   10952   0.01      0.00      0.00      0.00       0  sysbench
03:00:39 PM  1001      9029  100.00    0.00    0.00    0.00  100.00    30      0.00      0.00  118212   10952   0.01      0.00      0.00      0.00       0  sysbench

03:00:12 PM  1001      8622  100.00    0.00    0.00    0.00  100.00    11    531.73      0.00  118212   10696   0.01      0.00      0.00      0.00       0  sysbench
03:00:13 PM  1001      8622  100.00    0.00    0.00    0.00  100.00    11     85.00      0.00  118212   11036   0.01      0.00      0.00      0.00       0  sysbench
03:00:14 PM  1001      8622  100.00    0.00    0.00    0.00  100.00    11    394.00      0.00  118212   11036   0.01      0.00      0.00      0.00       0  sysbench
03:00:15 PM  1001      8622  100.00    0.00    0.00    0.00  100.00    11    143.00      0.00  118212   11036   0.01      0.00      0.00      0.00       0  sysbench
03:00:16 PM  1001      8622  100.00    0.00    0.00    0.00  100.00    11      0.00      0.00  118212   11036   0.01      0.00      0.00      0.00       0  sysbench
03:00:17 PM  1001      8622  100.00    0.00    0.00    0.00  100.00    11      0.00      0.00  118212   11036   0.01      0.00      0.00      0.00       0  sysbench

03:00:50 PM  1001      9331  100.00    0.00    0.00    0.00  100.00    54    525.96      0.00  118212   11056   0.01      0.00      0.00      0.00       0  sysbench
03:00:51 PM  1001      9331  100.00    0.00    0.00    0.00  100.00    54     66.00      0.00  118212   11064   0.01      0.00      0.00      0.00       0  sysbench
03:00:52 PM  1001      9331  100.00    0.00    0.00    0.00  100.00    54    394.00      0.00  118212   11064   0.01      0.00      0.00      0.00       0  sysbench
03:00:53 PM  1001      9331  100.00    0.00    0.00    0.00  100.00    54    143.00      0.00  118212   11064   0.01      0.00      0.00      0.00       0  sysbench
03:00:54 PM  1001      9331  100.00    0.00    0.00    0.00  100.00    54      0.00      0.00  118212   11064   0.01      0.00      0.00      0.00       0  sysbench
03:00:55 PM  1001      9331  100.00    0.00    0.00    0.00  100.00    54      0.00      0.00  118212   11064   0.01      0.00      0.00      0.00       0  sysbench

03:00:05 PM  1001      8498  100.00    0.00    0.00    0.00  100.00    45    533.98      0.00  118212   10756   0.01      0.00      0.00      0.00       0  sysbench
03:00:06 PM  1001      8498  100.00    0.00    0.00    0.00  100.00    45     81.00      0.00  118212   11000   0.01      0.00      0.00      0.00       0  sysbench
03:00:07 PM  1001      8498  100.00    0.00    0.00    0.00  100.00    45    394.00      0.00  118212   11000   0.01      0.00      0.00      0.00       0  sysbench
03:00:08 PM  1001      8498  100.00    0.00    0.00    0.00  100.00    45    143.00      0.00  118212   11000   0.01      0.00      0.00      0.00       0  sysbench
03:00:09 PM  1001      8498  100.00    0.00    0.00    0.00  100.00    45      0.00      0.00  118212   11000   0.01      0.00      0.00      0.00       0  sysbench
03:00:10 PM  1001      8498  100.00    0.00    0.00    0.00  100.00    45      0.00      0.00  118212   11000   0.01      0.00      0.00      0.00       0  sysbench

03:00:58 PM  1001      9504  100.00    0.00    0.00    0.00  100.00    27    530.77      0.00  118212   10736   0.01      0.00      0.00      0.00       0  sysbench
03:00:59 PM  1001      9504  100.00    0.00    0.00    0.00  100.00    27     65.00      0.00  118212   10864   0.01      0.00      0.00      0.00       0  sysbench
03:01:00 PM  1001      9504  100.00    0.00    0.00    0.00  100.00    27    394.00      0.00  118212   10864   0.01      0.00      0.00      0.00       0  sysbench
03:01:01 PM  1001      9504  100.00    0.00    0.00    0.00  100.00    27    143.00      0.00  118212   10864   0.01      0.00      0.00      0.00       0  sysbench
03:01:02 PM  1001      9504  100.00    0.00    0.00    0.00  100.00    27      0.00      0.00  118212   10864   0.01      0.00      0.00      0.00       0  sysbench
03:01:03 PM  1001      9504  100.00    0.00    0.00    0.00  100.00    27    537.00      0.00  118212   10864   0.01      0.00      0.00      0.00       0  sysbench
03:01:04 PM  1001      9504  100.00    0.00    0.00    0.00  100.00    27      0.00      0.00  118212   10864   0.01      0.00      0.00      0.00       0  sysbench

03:00:27 PM  1001      8893  100.00    0.00    0.00    0.00  100.00     3    542.72      0.00  118212   10704   0.01      0.00      0.00      0.00       0  sysbench
03:00:28 PM  1001      8893  100.00    0.00    0.00    0.00  100.00     3     88.00      0.00  118212   10864   0.01      0.00      0.00      0.00       0  sysbench
03:00:29 PM  1001      8893  100.00    0.00    0.00    0.00  100.00     3    394.00      0.00  118212   10864   0.01      0.00      0.00      0.00       0  sysbench
03:00:30 PM  1001      8893  100.00    0.00    0.00    0.00  100.00     3    143.00      0.00  118212   10864   0.01      0.00      0.00      0.00       0  sysbench
03:00:31 PM  1001      8893  100.00    0.00    0.00    0.00  100.00     3      0.00      0.00  118212   10864   0.01      0.00      0.00      0.00       0  sysbench
03:00:32 PM  1001      8893  100.00    0.00    0.00    0.00  100.00     3      0.00      0.00  118212   10864   0.01      0.00      0.00      0.00       0  sysbench

02:59:58 PM  1001      8316  100.00    0.97    0.00    0.00  100.00     7    533.01      0.00  118212   10820   0.01      0.00      0.00      0.00       0  sysbench
02:59:59 PM  1001      8316  100.00    0.00    0.00    0.00  100.00     7     63.00      0.00  118212   10952   0.01      0.00      0.00      0.00       0  sysbench
03:00:00 PM  1001      8316  100.00    0.00    0.00    0.00  100.00     7    394.00      0.00  118212   10952   0.01      0.00      0.00      0.00       0  sysbench
03:00:01 PM  1001      8316  100.00    0.00    0.00    0.00  100.00     7    143.00      0.00  118212   10952   0.01      0.00      0.00      0.00       0  sysbench
03:00:02 PM  1001      8316  100.00    0.00    0.00    0.00  100.00     7    393.00      0.00  118212   10952   0.01      0.00      0.00      0.00       0  sysbench
03:00:03 PM  1001      8316  100.00    0.00    0.00    0.00  100.00     7    144.00      0.00  118212   10952   0.01      0.00      0.00      0.00       0  sysbench

03:00:19 PM  1001      8749  100.00    0.00    0.00    0.00  100.00    17    524.04      0.00  118212   10536   0.01      0.00      0.00      0.00       0  sysbench
03:00:20 PM  1001      8749  100.00    0.00    0.00    0.00  100.00    17     11.00      0.00  118212   10536   0.01      0.00      0.00      0.00       0  sysbench
03:00:21 PM  1001      8749  100.00    0.00    0.00    0.00  100.00    17    394.00      0.00  118212   10536   0.01      0.00      0.00      0.00       0  sysbench
03:00:22 PM  1001      8749  100.00    0.00    0.00    0.00  100.00    17    143.00      0.00  118212   10764   0.01      0.00      0.00      0.00       0  sysbench
03:00:23 PM  1001      8749  100.00    0.00    0.00    0.00  100.00    17      0.00      0.00  118212   10764   0.01      0.00      0.00      0.00       0  sysbench
03:00:24 PM  1001      8749  100.00    0.00    0.00    0.00  100.00    17      0.00      0.00  118212   10764   0.01      0.00      0.00      0.00       0  sysbench
03:00:25 PM  1001      8749  100.00    0.00    0.00    0.00  100.00    17      0.00      0.00  118212   10764   0.01      0.00      0.00      0.00       0  sysbench

