01:34:17 PM  1001     13300  100.00    0.00    0.00    0.00  100.00     7    274.29      0.00  117180    8952   0.01      0.00      0.00      0.00       0  sysbench
01:34:18 PM  1001     13300  100.00    0.00    0.00    0.00  100.00     7     37.00      0.00  117180    8952   0.01      0.00      0.00      0.00       0  sysbench
01:34:19 PM  1001     13300  100.00    0.00    0.00    0.00  100.00     7    139.00      0.00  117180    8952   0.01      0.00      0.00      0.00       0  sysbench
01:34:20 PM  1001     13300  100.00    0.00    0.00    0.00  100.00     7    143.00      0.00  117180    9172   0.01      0.00      0.00      0.00       0  sysbench
01:34:21 PM  1001     13300  100.00    0.00    0.00    0.00  100.00     7      0.00      0.00  117180    9172   0.01      0.00      0.00      0.00       0  sysbench
01:34:22 PM  1001     13300  100.00    0.00    0.00    0.00  100.00     7    282.00      0.00  117180    9172   0.01      0.00      0.00      0.00       0  sysbench
01:34:23 PM  1001     13300  100.00    0.00    0.00    0.00  100.00     7      0.00      0.00  117180    9172   0.01      0.00      0.00      0.00       0  sysbench
01:34:24 PM  1001     13300  100.00    0.00    0.00    0.00  100.00     7      0.00      0.00  117180    9172   0.01      0.00      0.00      0.00       0  sysbench
01:34:25 PM  1001     13300  100.00    0.00    0.00    0.00  100.00     7    282.00      0.00  117180    9172   0.01      0.00      0.00      0.00       0  sysbench

01:33:43 PM  1001     12680  100.00    0.00    0.00    0.00  100.00     5    279.61      0.00  117180    8980   0.01      0.00      0.00      0.00       0  sysbench
01:33:44 PM  1001     12680  100.00    0.00    0.00    0.00  100.00     5     55.00      0.00  117180    9256   0.01      0.00      0.00      0.00       0  sysbench
01:33:45 PM  1001     12680  100.00    0.00    0.00    0.00  100.00     5    139.00      0.00  117180    9256   0.01      0.00      0.00      0.00       0  sysbench
01:33:46 PM  1001     12680  100.00    0.00    0.00    0.00  100.00     5    143.00      0.00  117180    9256   0.01      0.00      0.00      0.00       0  sysbench
01:33:47 PM  1001     12680  100.00    0.00    0.00    0.00  100.00     5      0.00      0.00  117180    9256   0.01      0.00      0.00      0.00       0  sysbench
01:33:48 PM  1001     12680  100.00    0.00    0.00    0.00  100.00     5    282.00      0.00  117180    9256   0.01      0.00      0.00      0.00       0  sysbench
01:33:49 PM  1001     12680  100.00    0.00    0.00    0.00  100.00     5      0.00      0.00  117180    9256   0.01      0.00      0.00      0.00       0  sysbench
01:33:50 PM  1001     12680  100.00    0.00    0.00    0.00  100.00     5      0.00      0.00  117180    9256   0.01      0.00      0.00      0.00       0  sysbench
01:33:51 PM  1001     12680  100.00    0.00    0.00    0.00  100.00     5    282.00      0.00  117180    9256   0.01      0.00      0.00      0.00       0  sysbench

01:33:32 PM  1001     12495  100.00    0.00    0.00    0.00  100.00    29    279.61      0.00  117180    8920   0.01      0.00      0.00      0.00       0  sysbench
01:33:33 PM  1001     12495  100.00    0.00    0.00    0.00  100.00    29     86.00      0.00  117180    9196   0.01      0.00      0.00      0.00       0  sysbench
01:33:34 PM  1001     12495  100.00    0.00    0.00    0.00  100.00    29    139.00      0.00  117180    9196   0.01      0.00      0.00      0.00       0  sysbench
01:33:35 PM  1001     12495  100.00    0.00    0.00    0.00  100.00    29    143.00      0.00  117180    9196   0.01      0.00      0.00      0.00       0  sysbench
01:33:36 PM  1001     12495  100.00    0.00    0.00    0.00  100.00    29      0.00      0.00  117180    9196   0.01      0.00      0.00      0.00       0  sysbench
01:33:37 PM  1001     12495  100.00    0.00    0.00    0.00  100.00    29    282.00      0.00  117180    9196   0.01      0.00      0.00      0.00       0  sysbench
01:33:38 PM  1001     12495  100.00    0.00    0.00    0.00  100.00    29      0.00      0.00  117180    9196   0.01      0.00      0.00      0.00       0  sysbench
01:33:39 PM  1001     12495  100.00    0.00    0.00    0.00  100.00    29      0.00      0.00  117180    9196   0.01      0.00      0.00      0.00       0  sysbench
01:33:40 PM  1001     12495  100.00    0.00    0.00    0.00  100.00    29    282.00      0.00  117180    9196   0.01      0.00      0.00      0.00       0  sysbench

01:33:00 PM  1001     11842  100.00    0.00    0.00    0.00  100.00    43    275.00      0.00  117180    8876   0.01      0.00      0.00      0.00       0  sysbench
01:33:01 PM  1001     11842  100.00    0.00    0.00    0.00  100.00    43     25.00      0.00  117180    8876   0.01      0.00      0.00      0.00       0  sysbench
01:33:02 PM  1001     11842  100.00    0.00    0.00    0.00  100.00    43    139.00      0.00  117180    8876   0.01      0.00      0.00      0.00       0  sysbench
01:33:03 PM  1001     11842  100.00    0.00    0.00    0.00  100.00    43    143.00      0.00  117180    9052   0.01      0.00      0.00      0.00       0  sysbench
01:33:04 PM  1001     11842  100.00    0.00    0.00    0.00  100.00    43      0.00      0.00  117180    9052   0.01      0.00      0.00      0.00       0  sysbench
01:33:05 PM  1001     11842  100.00    0.00    0.00    0.00  100.00    43    282.00      0.00  117180    9052   0.01      0.00      0.00      0.00       0  sysbench
01:33:06 PM  1001     11842  100.00    0.00    0.00    0.00  100.00    43      0.00      0.00  117180    9052   0.01      0.00      0.00      0.00       0  sysbench
01:33:07 PM  1001     11842  100.00    0.00    0.00    0.00  100.00    43      0.00      0.00  117180    9052   0.01      0.00      0.00      0.00       0  sysbench
01:33:08 PM  1001     11842  100.00    0.00    0.00    0.00  100.00    43    282.00      0.00  117180    9052   0.01      0.00      0.00      0.00       0  sysbench

01:33:54 PM  1001     12911  100.00    0.00    0.00    0.00  100.00    29    275.96      0.00  117180    8948   0.01      0.00      0.00      0.00       0  sysbench
01:33:55 PM  1001     12911  100.00    0.00    0.00    0.00  100.00    29     44.00      0.00  117180    9152   0.01      0.00      0.00      0.00       0  sysbench
01:33:56 PM  1001     12911  100.00    0.00    0.00    0.00  100.00    29    139.00      0.00  117180    9152   0.01      0.00      0.00      0.00       0  sysbench
01:33:57 PM  1001     12911  100.00    0.00    0.00    0.00  100.00    29    143.00      0.00  117180    9152   0.01      0.00      0.00      0.00       0  sysbench
01:33:58 PM  1001     12911  100.00    0.00    0.00    0.00  100.00    29      0.00      0.00  117180    9152   0.01      0.00      0.00      0.00       0  sysbench
01:33:59 PM  1001     12911  100.00    0.00    0.00    0.00  100.00    29    282.00      0.00  117180    9152   0.01      0.00      0.00      0.00       0  sysbench
01:34:00 PM  1001     12911  100.00    0.00    0.00    0.00  100.00    29      0.00      0.00  117180    9152   0.01      0.00      0.00      0.00       0  sysbench
01:34:01 PM  1001     12911  100.00    0.00    0.00    0.00  100.00    29      0.00      0.00  117180    9152   0.01      0.00      0.00      0.00       0  sysbench
01:34:02 PM  1001     12911  100.00    0.00    0.00    0.00  100.00    29    282.00      0.00  117180    9152   0.01      0.00      0.00      0.00       0  sysbench

01:32:50 PM  1001     11629  100.00    0.00    0.00    0.00  100.00    32    275.96      0.00  117180    8984   0.01      0.00      0.00      0.00       0  sysbench
01:32:51 PM  1001     11629  100.00    0.00    0.00    0.00  100.00    32     32.00      0.00  117180    8984   0.01      0.00      0.00      0.00       0  sysbench
01:32:52 PM  1001     11629  100.00    0.00    0.00    0.00  100.00    32    139.00      0.00  117180    8984   0.01      0.00      0.00      0.00       0  sysbench
01:32:53 PM  1001     11629  100.00    0.00    0.00    0.00  100.00    32    143.00      0.00  117180    9220   0.01      0.00      0.00      0.00       0  sysbench
01:32:54 PM  1001     11629  100.00    0.00    0.00    0.00  100.00    32      0.00      0.00  117180    9220   0.01      0.00      0.00      0.00       0  sysbench
01:32:55 PM  1001     11629  100.00    0.00    0.00    0.00  100.00    32    282.00      0.00  117180    9220   0.01      0.00      0.00      0.00       0  sysbench
01:32:56 PM  1001     11629   99.00    0.00    0.00    0.00   99.00    32      0.00      0.00  117180    9220   0.01      0.00      0.00      0.00       0  sysbench
01:32:57 PM  1001     11629  100.00    0.00    0.00    0.00  100.00    32      0.00      0.00  117180    9220   0.01      0.00      0.00      0.00       0  sysbench
01:32:58 PM  1001     11629  100.00    0.00    0.00    0.00  100.00    32    282.00      0.00  117180    9220   0.01      0.00      0.00      0.00       0  sysbench

01:34:05 PM  1001     13115  100.00    0.00    0.00    0.00  100.00     7    275.96      0.00  117180    8892   0.01      0.00      0.00      0.00       0  sysbench
01:34:06 PM  1001     13115  100.00    0.00    0.00    0.00  100.00     7     58.00      0.00  117180    9060   0.01      0.00      0.00      0.00       0  sysbench
01:34:07 PM  1001     13115  100.00    0.00    0.00    0.00  100.00     7    139.00      0.00  117180    9060   0.01      0.00      0.00      0.00       0  sysbench
01:34:08 PM  1001     13115  100.00    0.00    0.00    0.00  100.00     7    143.00      0.00  117180    9060   0.01      0.00      0.00      0.00       0  sysbench
01:34:09 PM  1001     13115  100.00    0.00    0.00    0.00  100.00     7      0.00      0.00  117180    9060   0.01      0.00      0.00      0.00       0  sysbench
01:34:10 PM  1001     13115  100.00    0.00    0.00    0.00  100.00     7    282.00      0.00  117180    9060   0.01      0.00      0.00      0.00       0  sysbench
01:34:11 PM  1001     13115  100.00    0.00    0.00    0.00  100.00     7      0.00      0.00  117180    9060   0.01      0.00      0.00      0.00       0  sysbench
01:34:12 PM  1001     13115  100.00    0.00    0.00    0.00  100.00     7      0.00      0.00  117180    9060   0.01      0.00      0.00      0.00       0  sysbench
01:34:13 PM  1001     13115  100.00    0.00    0.00    0.00  100.00     7    282.00      0.00  117180    9060   0.01      0.00      0.00      0.00       0  sysbench

01:33:21 PM  1001     12281  100.00    0.00    0.00    0.00  100.00    41    275.00      0.00  117180    8788   0.01      0.00      0.00      0.00       0  sysbench
01:33:22 PM  1001     12281  100.00    0.00    0.00    0.00  100.00    41     39.00      0.00  117180    8788   0.01      0.00      0.00      0.00       0  sysbench
01:33:23 PM  1001     12281  100.00    0.00    0.00    0.00  100.00    41    139.00      0.00  117180    8788   0.01      0.00      0.00      0.00       0  sysbench
01:33:24 PM  1001     12281  100.00    0.00    0.00    0.00  100.00    41    143.00      0.00  117180    8956   0.01      0.00      0.00      0.00       0  sysbench
01:33:25 PM  1001     12281  100.00    0.00    0.00    0.00  100.00    41      0.00      0.00  117180    8956   0.01      0.00      0.00      0.00       0  sysbench
01:33:26 PM  1001     12281  100.00    0.00    0.00    0.00  100.00    41    282.00      0.00  117180    8956   0.01      0.00      0.00      0.00       0  sysbench
01:33:27 PM  1001     12281  100.00    0.00    0.00    0.00  100.00    41      0.00      0.00  117180    8956   0.01      0.00      0.00      0.00       0  sysbench
01:33:28 PM  1001     12281  100.00    0.00    0.00    0.00  100.00    41      0.00      0.00  117180    8956   0.01      0.00      0.00      0.00       0  sysbench
01:33:29 PM  1001     12281  100.00    0.00    0.00    0.00  100.00    41    282.00      0.00  117180    8956   0.01      0.00      0.00      0.00       0  sysbench

01:32:40 PM  1001     11461  100.00    0.00    0.00    0.00  100.00    43    275.96      0.00  117180    8860   0.01      0.00      0.00      0.00       0  sysbench
01:32:41 PM  1001     11461  100.00    0.00    0.00    0.00  100.00    43     19.00      0.00  117180    8860   0.01      0.00      0.00      0.00       0  sysbench
01:32:42 PM  1001     11461  100.00    0.00    0.00    0.00  100.00    43    139.00      0.00  117180    8860   0.01      0.00      0.00      0.00       0  sysbench
01:32:43 PM  1001     11461  100.00    1.00    0.00    0.00  100.00    43    143.00      0.00  117180    9068   0.01      0.00      0.00      0.00       0  sysbench
01:32:44 PM  1001     11461  100.00    0.00    0.00    0.00  100.00    43      0.00      0.00  117180    9068   0.01      0.00      0.00      0.00       0  sysbench
01:32:45 PM  1001     11461  100.00    0.00    0.00    0.00  100.00    43    282.00      0.00  117180    9068   0.01      0.00      0.00      0.00       0  sysbench
01:32:46 PM  1001     11461  100.00    0.00    0.00    0.00  100.00    43      0.00      0.00  117180    9068   0.01      0.00      0.00      0.00       0  sysbench
01:32:47 PM  1001     11461  100.00    0.00    0.00    0.00  100.00    43      0.00      0.00  117180    9068   0.01      0.00      0.00      0.00       0  sysbench
01:32:48 PM  1001     11461  100.00    0.00    0.00    0.00  100.00    43    282.00      0.00  117180    9068   0.01      0.00      0.00      0.00       0  sysbench

01:33:11 PM  1001     12044  100.00    0.00    0.00    0.00  100.00    33    275.96      0.00  117180    8900   0.01      0.00      0.00      0.00       0  sysbench
01:33:12 PM  1001     12044  100.00    0.00    0.00    0.00  100.00    33     85.00      0.00  117180    9104   0.01      0.00      0.00      0.00       0  sysbench
01:33:13 PM  1001     12044  100.00    0.00    0.00    0.00  100.00    33    139.00      0.00  117180    9104   0.01      0.00      0.00      0.00       0  sysbench
01:33:14 PM  1001     12044  100.00    0.00    0.00    0.00  100.00    33    143.00      0.00  117180    9104   0.01      0.00      0.00      0.00       0  sysbench
01:33:15 PM  1001     12044  100.00    0.00    0.00    0.00  100.00    33      0.00      0.00  117180    9104   0.01      0.00      0.00      0.00       0  sysbench
01:33:16 PM  1001     12044  100.00    0.00    0.00    0.00  100.00    33    282.00      0.00  117180    9104   0.01      0.00      0.00      0.00       0  sysbench
01:33:17 PM  1001     12044  100.00    0.00    0.00    0.00  100.00    33      0.00      0.00  117180    9104   0.01      0.00      0.00      0.00       0  sysbench
01:33:18 PM  1001     12044  100.00    0.00    0.00    0.00  100.00    33      0.00      0.00  117180    9104   0.01      0.00      0.00      0.00       0  sysbench
01:33:19 PM  1001     12044  100.00    0.00    0.00    0.00  100.00    33    282.00      0.00  117180    9104   0.01      0.00      0.00      0.00       0  sysbench

