03:39:56 PM  1001     26691  100.00    0.00    0.00    0.00  100.00    22    527.88      0.00  118212   11056   0.01      0.00      0.00      0.00       0  sysbench
03:39:57 PM  1001     26691  100.00    0.00    0.00    0.00  100.00    22     78.00      0.00  118212   11064   0.01      0.00      0.00      0.00       0  sysbench
03:39:58 PM  1001     26691  100.00    0.00    0.00    0.00  100.00    22    394.00      0.00  118212   11064   0.01      0.00      0.00      0.00       0  sysbench
03:39:59 PM  1001     26691  100.00    0.00    0.00    0.00  100.00    22    143.00      0.00  118212   11064   0.01      0.00      0.00      0.00       0  sysbench
03:40:00 PM  1001     26691  100.00    0.00    0.00    0.00  100.00    22      0.00      0.00  118212   11064   0.01      0.00      0.00      0.00       0  sysbench
03:40:01 PM  1001     26691  100.00    0.00    0.00    0.00  100.00    22    537.00      0.00  118212   11064   0.01      0.00      0.00      0.00       0  sysbench
03:40:02 PM  1001     26691  100.00    0.00    0.00    0.00  100.00    22      0.00      0.00  118212   11064   0.01      0.00      0.00      0.00       0  sysbench
03:40:03 PM  1001     26691  100.00    0.00    0.00    0.00  100.00    22    342.00      0.00  118212   11064   0.01      0.00      0.00      0.00       0  sysbench
03:40:04 PM  1001     26691  100.00    0.00    0.00    0.00  100.00    22    195.00      0.00  118212   11064   0.01      0.00      0.00      0.00       0  sysbench

03:39:22 PM  1001     25960  100.00    0.00    0.00    0.00  100.00    21    530.10      0.00  118212   10912   0.01      0.00      0.00      0.00       0  sysbench
03:39:23 PM  1001     25960  100.00    0.00    0.00    0.00  100.00    21     39.00      0.00  118212   11100   0.01      0.00      0.00      0.00       0  sysbench
03:39:24 PM  1001     25960  100.00    0.00    0.00    0.00  100.00    21    394.00      0.00  118212   11100   0.01      0.00      0.00      0.00       0  sysbench
03:39:25 PM  1001     25960  100.00    0.00    0.00    0.00  100.00    21    143.00      0.00  118212   11100   0.01      0.00      0.00      0.00       0  sysbench
03:39:26 PM  1001     25960  100.00    0.00    0.00    0.00  100.00    21      0.00      0.00  118212   11100   0.01      0.00      0.00      0.00       0  sysbench
03:39:27 PM  1001     25960  100.00    0.00    0.00    0.00  100.00    21      0.00      0.00  118212   11100   0.01      0.00      0.00      0.00       0  sysbench
03:39:28 PM  1001     25960  100.00    0.00    0.00    0.00  100.00    21    392.00      0.00  118212   11100   0.01      0.00      0.00      0.00       0  sysbench
03:39:29 PM  1001     25960  100.00    0.00    0.00    0.00  100.00    21    145.00      0.00  118212   11100   0.01      0.00      0.00      0.00       0  sysbench
03:39:30 PM  1001     25960  100.00    0.00    0.00    0.00  100.00    21      0.00      0.00  118212   11100   0.01      0.00      0.00      0.00       0  sysbench

03:39:11 PM  1001     24415  100.00    0.00    0.00    0.00  100.00    49    534.95      0.00  118212   10856   0.01      0.00      0.00      0.00       0  sysbench
03:39:12 PM  1001     24415   99.01    0.00    0.00    0.00   99.01    49     93.07      0.00  118212   11112   0.01      0.00      0.00      0.00       0  sysbench
03:39:13 PM  1001     24415  100.00    0.00    0.00    0.00  100.00    49    394.00      0.00  118212   11112   0.01      0.00      0.00      0.00       0  sysbench
03:39:14 PM  1001     24415  100.00    0.00    0.00    0.00  100.00    49    143.00      0.00  118212   11112   0.01      0.00      0.00      0.00       0  sysbench
03:39:15 PM  1001     24415  100.00    0.00    0.00    0.00  100.00    49      0.00      0.00  118212   11112   0.01      0.00      0.00      0.00       0  sysbench
03:39:16 PM  1001     24415  100.00    0.00    0.00    0.00  100.00    49      0.00      0.00  118212   11112   0.01      0.00      0.00      0.00       0  sysbench
03:39:17 PM  1001     24415  100.00    0.00    0.00    0.00  100.00    49    393.00      0.00  118212   11112   0.01      0.00      0.00      0.00       0  sysbench
03:39:18 PM  1001     24415  100.00    0.00    0.00    0.00  100.00    49    144.00      0.00  118212   11112   0.01      0.00      0.00      0.00       0  sysbench
03:39:19 PM  1001     24415  100.00    0.00    0.00    0.00  100.00    49      0.00      0.00  118212   11112   0.01      0.00      0.00      0.00       0  sysbench

03:38:39 PM  1001     23787  100.00    0.00    0.00    0.00  100.00    52    534.95      0.00  118212   10872   0.01      0.00      0.00      0.00       0  sysbench
03:38:40 PM  1001     23787  100.00    0.00    0.00    0.00  100.00    52     54.00      0.00  118212   11136   0.01      0.00      0.00      0.00       0  sysbench
03:38:41 PM  1001     23787  100.00    0.00    0.00    0.00  100.00    52    393.00      0.00  118212   11136   0.01      0.00      0.00      0.00       0  sysbench
03:38:42 PM  1001     23787  100.00    0.00    0.00    0.00  100.00    52    144.00      0.00  118212   11136   0.01      0.00      0.00      0.00       0  sysbench
03:38:43 PM  1001     23787  100.00    0.00    0.00    0.00  100.00    52      0.00      0.00  118212   11136   0.01      0.00      0.00      0.00       0  sysbench
03:38:44 PM  1001     23787  100.00    0.00    0.00    0.00  100.00    52      0.00      0.00  118212   11136   0.01      0.00      0.00      0.00       0  sysbench
03:38:45 PM  1001     23787  100.00    0.00    0.00    0.00  100.00    52    393.00      0.00  118212   11136   0.01      0.00      0.00      0.00       0  sysbench
03:38:46 PM  1001     23787  100.00    0.00    0.00    0.00  100.00    52    144.00      0.00  118212   11136   0.01      0.00      0.00      0.00       0  sysbench
03:38:47 PM  1001     23787  100.00    0.00    0.00    0.00  100.00    52      0.00      0.00  118212   11136   0.01      0.00      0.00      0.00       0  sysbench

03:39:33 PM  1001     26213   99.05    0.00    0.00    0.00   99.05    28    518.10      0.00  118212   10636   0.01      0.00      0.00      0.00       0  sysbench
03:39:34 PM  1001     26213  100.00    0.00    0.00    0.00  100.00    28     81.00      0.00  118212   10812   0.01      0.00      0.00      0.00       0  sysbench
03:39:35 PM  1001     26213  100.00    0.00    0.00    0.00  100.00    28    394.00      0.00  118212   10812   0.01      0.00      0.00      0.00       0  sysbench
03:39:36 PM  1001     26213  100.00    0.00    0.00    0.00  100.00    28    143.00      0.00  118212   10812   0.01      0.00      0.00      0.00       0  sysbench
03:39:37 PM  1001     26213  100.00    0.00    0.00    0.00  100.00    28      0.00      0.00  118212   10812   0.01      0.00      0.00      0.00       0  sysbench
03:39:38 PM  1001     26213  100.00    0.00    0.00    0.00  100.00    28      0.00      0.00  118212   10812   0.01      0.00      0.00      0.00       0  sysbench
03:39:39 PM  1001     26213  100.00    0.00    0.00    0.00  100.00    28      0.00      0.00  118212   10812   0.01      0.00      0.00      0.00       0  sysbench
03:39:40 PM  1001     26213  100.00    0.00    0.00    0.00  100.00    28      0.00      0.00  118212   10812   0.01      0.00      0.00      0.00       0  sysbench
03:39:41 PM  1001     26213  100.00    0.00    0.00    0.00  100.00    28      0.00      0.00  118212   10812   0.01      0.00      0.00      0.00       0  sysbench

03:38:28 PM  1001     23616  100.00    0.00    0.00    0.00  100.00    35    533.98      0.00  118212   10860   0.01      0.00      0.00      0.00       0  sysbench
03:38:29 PM  1001     23616  100.00    0.00    0.00    0.00  100.00    35     28.00      0.00  118212   10860   0.01      0.00      0.00      0.00       0  sysbench
03:38:30 PM  1001     23616  100.00    0.00    0.00    0.00  100.00    35    394.00      0.00  118212   10860   0.01      0.00      0.00      0.00       0  sysbench
03:38:31 PM  1001     23616  100.00    0.00    0.00    0.00  100.00    35    143.00      0.00  118212   11084   0.01      0.00      0.00      0.00       0  sysbench
03:38:32 PM  1001     23616  100.00    0.00    0.00    0.00  100.00    35      0.00      0.00  118212   11084   0.01      0.00      0.00      0.00       0  sysbench
03:38:33 PM  1001     23616  100.00    0.00    0.00    0.00  100.00    35    537.00      0.00  118212   11084   0.01      0.00      0.00      0.00       0  sysbench
03:38:34 PM  1001     23616  100.00    0.00    0.00    0.00  100.00    35      0.00      0.00  118212   11084   0.01      0.00      0.00      0.00       0  sysbench
03:38:35 PM  1001     23616  100.00    0.00    0.00    0.00  100.00    35    284.00      0.00  118212   11084   0.01      0.00      0.00      0.00       0  sysbench
03:38:36 PM  1001     23616  100.00    0.00    0.00    0.00  100.00    35    253.00      0.00  118212   11084   0.01      0.00      0.00      0.00       0  sysbench

03:39:44 PM  1001     26449  100.00    0.00    0.00    0.00  100.00    51    526.92      0.00  118212   10656   0.01      0.00      0.00      0.00       0  sysbench
03:39:45 PM  1001     26449  100.00    0.00    0.00    0.00  100.00    51     88.00      0.00  118212   10884   0.01      0.00      0.00      0.00       0  sysbench
03:39:46 PM  1001     26449  100.00    0.00    0.00    0.00  100.00    51    394.00      0.00  118212   10884   0.01      0.00      0.00      0.00       0  sysbench
03:39:47 PM  1001     26449  100.00    0.00    0.00    0.00  100.00    51    143.00      0.00  118212   10884   0.01      0.00      0.00      0.00       0  sysbench
03:39:48 PM  1001     26449  100.00    0.00    0.00    0.00  100.00    51      0.00      0.00  118212   10884   0.01      0.00      0.00      0.00       0  sysbench
03:39:49 PM  1001     26449  100.00    0.00    0.00    0.00  100.00    51      0.00      0.00  118212   10884   0.01      0.00      0.00      0.00       0  sysbench
03:39:50 PM  1001     26449  100.00    0.00    0.00    0.00  100.00    51    394.00      0.00  118212   10884   0.01      0.00      0.00      0.00       0  sysbench
03:39:51 PM  1001     26449  100.00    0.00    0.00    0.00  100.00    51    143.00      0.00  118212   10884   0.01      0.00      0.00      0.00       0  sysbench
03:39:52 PM  1001     26449  100.00    0.00    0.00    0.00  100.00    51      0.00      0.00  118212   10884   0.01      0.00      0.00      0.00       0  sysbench

03:39:00 PM  1001     24139  100.00    0.00    0.00    0.00  100.00    36    531.73      0.00  118212   10868   0.01      0.00      0.00      0.00       0  sysbench
03:39:01 PM  1001     24139  100.00    0.00    0.00    0.00  100.00    36     41.00      0.00  118212   11148   0.01      0.00      0.00      0.00       0  sysbench
03:39:02 PM  1001     24139  100.00    0.00    0.00    0.00  100.00    36    394.00      0.00  118212   11148   0.01      0.00      0.00      0.00       0  sysbench
03:39:03 PM  1001     24139  100.00    0.00    0.00    0.00  100.00    36    143.00      0.00  118212   11148   0.01      0.00      0.00      0.00       0  sysbench
03:39:04 PM  1001     24139  100.00    0.00    0.00    0.00  100.00    36      0.00      0.00  118212   11148   0.01      0.00      0.00      0.00       0  sysbench
03:39:05 PM  1001     24139  100.00    0.00    0.00    0.00  100.00    36    537.00      0.00  118212   11148   0.01      0.00      0.00      0.00       0  sysbench
03:39:06 PM  1001     24139  100.00    0.00    0.00    0.00  100.00    36      0.00      0.00  118212   11148   0.01      0.00      0.00      0.00       0  sysbench
03:39:07 PM  1001     24139  100.00    0.00    0.00    0.00  100.00    36    307.00      0.00  118212   11148   0.01      0.00      0.00      0.00       0  sysbench
03:39:08 PM  1001     24139  100.00    0.00    0.00    0.00  100.00    36    230.00      0.00  118212   11148   0.01      0.00      0.00      0.00       0  sysbench

03:38:18 PM  1001     23444  100.00    0.00    0.00    0.00  100.00    33    528.85      0.00  118212   10736   0.01      0.00      0.00      0.00       0  sysbench
03:38:19 PM  1001     23444  100.00    0.00    0.00    0.00  100.00    33     13.00      0.00  118212   10972   0.01      0.00      0.00      0.00       0  sysbench
03:38:20 PM  1001     23444  100.00    0.00    0.00    0.00  100.00    33    394.00      0.00  118212   10972   0.01      0.00      0.00      0.00       0  sysbench
03:38:21 PM  1001     23444  100.00    0.00    0.00    0.00  100.00    33    143.00      0.00  118212   10972   0.01      0.00      0.00      0.00       0  sysbench
03:38:22 PM  1001     23444  100.00    1.00    0.00    0.00  100.00    33      0.00      0.00  118212   10972   0.01      0.00      0.00      0.00       0  sysbench
03:38:23 PM  1001     23444  100.00    0.00    0.00    0.00  100.00    33    537.00      0.00  118212   10972   0.01      0.00      0.00      0.00       0  sysbench
03:38:24 PM  1001     23444  100.00    0.00    0.00    0.00  100.00    33      0.00      0.00  118212   10972   0.01      0.00      0.00      0.00       0  sysbench
03:38:25 PM  1001     23444  100.00    0.00    0.00    0.00  100.00    33      0.00      0.00  118212   10972   0.01      0.00      0.00      0.00       0  sysbench
03:38:26 PM  1001     23444  100.00    0.00    0.00    0.00  100.00    33      0.00      0.00  118212   10972   0.01      0.00      0.00      0.00       0  sysbench

03:38:49 PM  1001     23955  100.00    0.00    0.00    0.00  100.00    37    526.92      0.00  118212   10828   0.01      0.00      0.00      0.00       0  sysbench
03:38:50 PM  1001     23955  100.00    0.00    0.00    0.00  100.00    37     95.00      0.00  118212   11044   0.01      0.00      0.00      0.00       0  sysbench
03:38:51 PM  1001     23955  100.00    0.00    0.00    0.00  100.00    37    394.00      0.00  118212   11044   0.01      0.00      0.00      0.00       0  sysbench
03:38:52 PM  1001     23955  100.00    0.00    0.00    0.00  100.00    37    143.00      0.00  118212   11044   0.01      0.00      0.00      0.00       0  sysbench
03:38:53 PM  1001     23955  100.00    0.00    0.00    0.00  100.00    37      0.00      0.00  118212   11044   0.01      0.00      0.00      0.00       0  sysbench
03:38:54 PM  1001     23955  100.00    0.00    0.00    0.00  100.00    37      0.00      0.00  118212   11044   0.01      0.00      0.00      0.00       0  sysbench
03:38:55 PM  1001     23955  100.00    0.00    0.00    0.00  100.00    37    392.00      0.00  118212   11044   0.01      0.00      0.00      0.00       0  sysbench
03:38:56 PM  1001     23955  100.00    0.00    0.00    0.00  100.00    37    145.00      0.00  118212   11044   0.01      0.00      0.00      0.00       0  sysbench
03:38:57 PM  1001     23955  100.00    0.00    0.00    0.00  100.00    37      0.00      0.00  118212   11044   0.01      0.00      0.00      0.00       0  sysbench

