13:55:52        0      3477    0.00    4.00    0.00    0.00    4.00    13    135.00      0.00  117180    9244   0.01      0.00  15372.00      0.00       0  sysbench
13:55:53        0      3477    2.00    5.00    0.00    0.00    7.00    13      0.00      0.00  117180    9244   0.01      0.00  24052.00      0.00       0  sysbench
13:55:54        0      3477    1.00    5.00    0.00    0.00    6.00    13      0.00      0.00  117180    9244   0.01      0.00  26456.00      0.00       0  sysbench
13:55:55        0      3477    2.00    5.00    0.00    0.00    7.00    13      0.00      0.00  117180    9244   0.01      0.00  26308.00      0.00       0  sysbench
13:55:56        0      3477    0.00    3.00    0.00    0.00    3.00    13      0.00      0.00  117180    9244   0.01      0.00  14196.00      0.00       0  sysbench
13:55:57        0      3477    2.00    5.00    0.00    0.00    7.00    13      0.00      0.00  117180    9244   0.01      0.00  25944.00      0.00       0  sysbench
13:55:58        0      3477    2.00    4.00    0.00    0.00    6.00    13      0.00      0.00  117180    9244   0.01      0.00  27396.00      0.00       0  sysbench
13:55:59        0      3477    1.00    7.00    0.00    0.00    8.00    13      0.00      0.00  117180    9244   0.01      0.00  24808.00      0.00       0  sysbench
13:56:00        0      3477    2.00    5.00    0.00    0.00    7.00    13      0.00      0.00  117180    9244   0.01      0.00  26408.00      0.00       0  sysbench

13:55:11        0      3426    3.00    3.00    0.00    0.00    6.00    31    136.00      0.00  117180    9104   0.01      0.00  24200.00      0.00       0  sysbench
13:55:12        0      3426    0.00    6.00    0.00    0.00    6.00    31      0.00      0.00  117180    9104   0.01      0.00  28704.00      0.00       0  sysbench
13:55:13        0      3426    3.00    4.00    0.00    0.00    7.00    31      0.00      0.00  117180    9104   0.01      0.00  27512.00      0.00       0  sysbench
13:55:14        0      3426    2.00    5.00    0.00    0.00    7.00    31      0.00      0.00  117180    9104   0.01      0.00  28432.00      0.00       0  sysbench
13:55:15        0      3426    2.00    4.00    0.00    0.00    6.00    31      0.00      0.00  117180    9104   0.01      0.00  26504.00      0.00       0  sysbench
13:55:16        0      3426    1.00    3.00    0.00    0.00    4.00    31      0.00      0.00  117180    9104   0.01      0.00  13792.00      0.00       0  sysbench
13:55:17        0      3426    1.00    5.00    0.00    0.00    6.00    31      0.00      0.00  117180    9104   0.01      0.00  27012.00      0.00       0  sysbench
13:55:18        0      3426    1.00    5.00    0.00    0.00    6.00    31      0.00      0.00  117180    9104   0.01      0.00  25200.00      0.00       0  sysbench
13:55:19        0      3426    2.00    6.00    0.00    0.00    8.00    31      0.00      0.00  117180    9104   0.01      0.00  26848.00      0.00       0  sysbench

13:54:57        0      3409    0.00    5.94    0.00    0.00    5.94    27    136.63      0.00  117180    9220   0.01      0.00  22693.07      0.00       0  sysbench
13:54:58        0      3409    2.00    5.00    0.00    0.00    7.00    27      0.00      0.00  117180    9220   0.01      0.00  26972.00      0.00       0  sysbench
13:54:59        0      3409    2.00    3.00    0.00    0.00    5.00    27      0.00      0.00  117180    9220   0.01      0.00  20912.00      0.00       0  sysbench
13:55:00        0      3409    1.00    4.00    0.00    0.00    5.00    27      0.00      0.00  117180    9220   0.01      0.00  20980.00      0.00       0  sysbench
13:55:01        0      3409    3.00    6.00    0.00    0.00    9.00    27      0.00      0.00  117180    9220   0.01      0.00  31348.00      0.00       0  sysbench
13:55:02        0      3409    4.00   12.00    0.00    0.00   16.00    27      0.00      0.00  117180    9220   0.01      0.00  44632.00      0.00       0  sysbench
13:55:03        0      3409    0.00    2.00    0.00    0.00    2.00    27      0.00      0.00  117180    9220   0.01      0.00   6596.00      0.00       0  sysbench
13:55:04        0      3409    2.00    4.00    0.00    0.00    6.00    27      0.00      0.00  117180    9220   0.01      0.00  17440.00      0.00       0  sysbench
13:55:05        0      3409    2.00    4.00    0.00    0.00    6.00    27      0.00      0.00  117180    9220   0.01      0.00  25204.00      0.00       0  sysbench
13:55:06        0      3409    0.00    1.00    0.00    0.00    1.00    27      1.00      0.00  117180    9220   0.01      0.00   1656.00      0.00       0  sysbench

13:54:20        0      3358    4.00    2.00    0.00    0.00    6.00     7    137.00      0.00  117180    9032   0.01      0.00  21436.00      0.00       0  sysbench
13:54:21        0      3358    1.00    4.00    0.00    0.00    5.00     7      0.00      0.00  117180    9032   0.01      0.00  22172.00      0.00       0  sysbench
13:54:22        0      3358    0.00    7.00    0.00    0.00    7.00     7      0.00      0.00  117180    9032   0.01      0.00  24628.00      0.00       0  sysbench
13:54:23        0      3358    1.00    5.00    0.00    0.00    6.00     7      0.00      0.00  117180    9032   0.01      0.00  21968.00      0.00       0  sysbench
13:54:24        0      3358    0.00    5.00    0.00    0.00    5.00     7      0.00      0.00  117180    9032   0.01      0.00  21952.00      0.00       0  sysbench
13:54:25        0      3358    1.00    3.00    0.00    0.00    4.00     7      0.00      0.00  117180    9032   0.01      0.00  19136.00      0.00       0  sysbench
13:54:26        0      3358    2.00    4.00    0.00    0.00    6.00     7      0.00      0.00  117180    9032   0.01      0.00  23112.00      0.00       0  sysbench
13:54:27        0      3358    2.00    9.00    0.00    0.00   11.00     7      0.00      0.00  117180    9032   0.01      0.00  45712.00      0.00       0  sysbench
13:54:28        0      3358    3.00    6.00    0.00    0.00    9.00     7      0.00      0.00  117180    9032   0.01      0.00  22616.00      0.00       0  sysbench

13:55:24        0      3443    1.00    5.00    0.00    0.00    6.00    43    136.00      0.00  117180    9128   0.01      0.00  24092.00      0.00       0  sysbench
13:55:25        0      3443    0.00    3.00    0.00    0.00    3.00    43      0.00      0.00  117180    9128   0.01      0.00   7140.00      0.00       0  sysbench
13:55:26        0      3443    2.00    4.00    0.00    0.00    6.00    43      0.00      0.00  117180    9128   0.01      0.00  21460.00      0.00       0  sysbench
13:55:27        0      3443    2.00    6.00    0.00    0.00    8.00    43      0.00      0.00  117180    9128   0.01      0.00  23064.00      0.00       0  sysbench
13:55:28        0      3443    3.00    3.00    0.00    0.00    6.00    43      0.00      0.00  117180    9128   0.01      0.00  25332.00      0.00       0  sysbench
13:55:29        0      3443    3.00    4.00    0.00    0.00    7.00    43      0.00      0.00  117180    9128   0.01      0.00  23132.00      0.00       0  sysbench
13:55:30        0      3443    1.00    4.00    0.00    0.00    5.00    43      0.00      0.00  117180    9128   0.01      0.00  15972.00      0.00       0  sysbench
13:55:31        0      3443    2.00    4.00    0.00    0.00    6.00    43      0.00      0.00  117180    9128   0.01      0.00  21476.00      0.00       0  sysbench
13:55:32        0      3443    0.00    6.00    0.00    0.00    6.00    43      0.00      0.00  117180    9128   0.01      0.00  19764.00      0.00       0  sysbench

13:54:08        0      3341    0.00    6.00    0.00    0.00    6.00    21    137.00      0.00  117180    9008   0.01      0.00  26296.00      0.00       0  sysbench
13:54:09        0      3341    0.00    7.00    0.00    0.00    7.00    21      0.00      0.00  117180    9008   0.01      0.00  29848.00      0.00       0  sysbench
13:54:10        0      3341    1.00    3.00    0.00    0.00    4.00    21      0.00      0.00  117180    9008   0.01      0.00  14456.00      0.00       0  sysbench
13:54:11        0      3341    2.00    7.00    0.00    0.00    9.00    21      0.00      0.00  117180    9008   0.01      0.00  24112.00      0.00       0  sysbench
13:54:12        0      3341    4.00    4.00    0.00    0.00    8.00    21      0.00      0.00  117180    9008   0.01      0.00  26360.00      0.00       0  sysbench
13:54:13        0      3341    1.00    6.00    0.00    0.00    7.00    21      0.00      0.00  117180    9008   0.01      0.00  24764.00      0.00       0  sysbench
13:54:14        0      3341    2.00    4.00    0.00    0.00    6.00    21      0.00      0.00  117180    9008   0.01      0.00  25356.00      0.00       0  sysbench
13:54:15        0      3341    1.00    5.00    0.00    0.00    6.00    21      0.00      0.00  117180    9008   0.01      0.00  25232.00      0.00       0  sysbench
13:54:16        0      3341    0.00    2.00    0.00    0.00    2.00    21      0.00      0.00  117180    9008   0.01      0.00   9992.00      0.00       0  sysbench

13:55:38        0      3460    1.00    5.00    0.00    0.00    6.00     7    135.00      0.00  117180    9000   0.01      0.00  23144.00      0.00       0  sysbench
13:55:39        0      3460    3.00    6.00    0.00    0.00    9.00     7      0.00      0.00  117180    9000   0.01      0.00  41764.00      0.00       0  sysbench
13:55:40        0      3460    1.00    9.00    0.00    0.00   10.00     7      0.00      0.00  117180    9000   0.01      0.00  42136.00      0.00       0  sysbench
13:55:41        0      3460    0.00    0.00    0.00    0.00    0.00     7      0.00      0.00  117180    9000   0.01      0.00      0.00      0.00       0  sysbench
13:55:42        0      3460    1.00    1.00    0.00    0.00    2.00     7      0.00      0.00  117180    9000   0.01      0.00   6040.00      0.00       0  sysbench
13:55:43        0      3460    2.00    5.00    0.00    0.00    7.00     7      0.00      0.00  117180    9000   0.01      0.00  26336.00      0.00       0  sysbench
13:55:44        0      3460    0.00    4.00    0.00    0.00    4.00     7      0.00      0.00  117180    9000   0.01      0.00  10432.00      0.00       0  sysbench
13:55:45        0      3460    2.00    6.00    0.00    0.00    8.00     7      0.00      0.00  117180    9000   0.01      0.00  24868.00      0.00       0  sysbench
13:55:46        0      3460    2.00    3.00    0.00    0.00    5.00     7      0.00      0.00  117180    9000   0.01      0.00  21928.00      0.00       0  sysbench

13:54:44        0      3392    4.00    3.00    0.00    0.00    7.00    27    136.00      0.00  117180    9000   0.01      0.00  26324.00      0.00       0  sysbench
13:54:45        0      3392    2.00    2.00    0.00    0.00    4.00    27      0.00      0.00  117180    9000   0.01      0.00  14844.00      0.00       0  sysbench
13:54:46        0      3392    1.00    5.00    0.00    0.00    6.00    27      0.00      0.00  117180    9000   0.01      0.00  25752.00      0.00       0  sysbench
13:54:47        0      3392    0.00    5.00    0.00    0.00    5.00    27      0.00      0.00  117180    9000   0.01      0.00  21992.00      0.00       0  sysbench
13:54:48        0      3392    2.00    4.00    0.00    0.00    6.00    27      0.00      0.00  117180    9000   0.01      0.00  25780.00      0.00       0  sysbench
13:54:49        0      3392    2.00    7.00    0.00    0.00    9.00    27      0.00      0.00  117180    9000   0.01      0.00  24616.00      0.00       0  sysbench
13:54:50        0      3392    0.00    1.00    0.00    0.00    1.00    27      0.00      0.00  117180    9000   0.01      0.00   7168.00      0.00       0  sysbench
13:54:51        0      3392    2.00    5.00    0.00    0.00    7.00    27      0.00      0.00  117180    9000   0.01      0.00  19748.00      0.00       0  sysbench
13:54:52        0      3392    2.00    6.00    0.00    0.00    8.00    27      0.00      0.00  117180    9000   0.01      0.00  23612.00      0.00       0  sysbench

13:53:56        0      3324    1.98   11.88    0.00    0.00   13.86     7    134.65      0.00  117180    9040   0.01      0.00  48039.60      0.00       0  sysbench
13:53:57        0      3324    4.00   12.00    0.00    0.00   16.00     7      0.00      0.00  117180    9040   0.01      0.00  47792.00      0.00       0  sysbench
13:53:58        0      3324    3.00   11.00    0.00    0.00   14.00     7      0.00      0.00  117180    9040   0.01      0.00  48976.00      0.00       0  sysbench
13:53:59        0      3324    4.00   10.00    0.00    0.00   14.00     7      0.00      0.00  117180    9040   0.01      0.00  49508.00      0.00       0  sysbench
13:54:00        0      3324    2.00   13.00    0.00    0.00   15.00     7      0.00      0.00  117180    9040   0.01      0.00  47668.00      0.00       0  sysbench
13:54:01        0      3324    3.00   10.00    0.00    0.00   13.00     7      0.00      0.00  117180    9040   0.01      0.00  48888.00      0.00       0  sysbench
13:54:02        0      3324    1.00    9.00    0.00    0.00   10.00     7      0.00      0.00  117180    9040   0.01      0.00  50988.00      0.00       0  sysbench
13:54:03        0      3324    3.00    9.00    0.00    0.00   12.00     7    286.00      0.00  117180    9312   0.01      0.00  51404.00      0.00       0  sysbench
13:54:04        0      3324    3.00    9.00    0.00    0.00   12.00     7      0.00      0.00  117180    9312   0.01      0.00  51540.00      0.00       0  sysbench

13:54:32        0      3375    0.00    7.00    0.00    0.00    7.00    55    134.00      0.00  117180    9108   0.01      0.00  30700.00      0.00       0  sysbench
13:54:33        0      3375    1.00    6.00    0.00    0.00    7.00    55      1.00      0.00  117180    9108   0.01      0.00  29728.00      0.00       0  sysbench
13:54:34        0      3375    2.00    6.00    0.00    0.00    8.00    55      0.00      0.00  117180    9108   0.01      0.00  30804.00      0.00       0  sysbench
13:54:35        0      3375    2.00    3.00    0.00    0.00    5.00    55      0.00      0.00  117180    9108   0.01      0.00  19764.00      0.00       0  sysbench
13:54:36        0      3375    2.00    4.00    0.00    0.00    6.00    55      0.00      0.00  117180    9108   0.01      0.00  20440.00      0.00       0  sysbench
13:54:37        0      3375    0.00    5.00    0.00    0.00    5.00    55      0.00      0.00  117180    9108   0.01      0.00  23068.00      0.00       0  sysbench
13:54:38        0      3375    2.00    5.00    0.00    0.00    7.00    55      0.00      0.00  117180    9108   0.01      0.00  24216.00      0.00       0  sysbench
13:54:39        0      3375    1.00    7.00    0.00    0.00    8.00    55      0.00      0.00  117180    9108   0.01      0.00  27424.00      0.00       0  sysbench
13:54:40        0      3375    2.00    3.00    0.00    0.00    5.00    55      0.00      0.00  117180    9108   0.01      0.00  21312.00      0.00       0  sysbench

