11:22:56        0       509    0.00    7.00    0.00    0.00    7.00    40    135.00      0.00  117180    8916   0.01      0.00  40648.00      0.00       0  sysbench
11:22:57        0       509    1.00    6.00    0.00    0.00    7.00    40      0.00      0.00  117180    8916   0.01      0.00  36600.00      0.00       0  sysbench
11:22:58        0       509    1.00    6.00    0.00    0.00    7.00    40      0.00      0.00  117180    8916   0.01      0.00  40556.00      0.00       0  sysbench
11:22:59        0       509    1.00    7.00    0.00    0.00    8.00    40      0.00      0.00  117180    8916   0.01      0.00  40580.00      0.00       0  sysbench
11:23:00        0       509    0.00    7.00    0.00    0.00    7.00    40      0.00      0.00  117180    8916   0.01      0.00  36780.00      0.00       0  sysbench
11:23:01        0       509    1.00    6.00    0.00    0.00    7.00    40      0.00      0.00  117180    8916   0.01      0.00  44504.00      0.00       0  sysbench
11:23:02        0       509    1.00    7.00    0.00    0.00    8.00    40      0.00      0.00  117180    8916   0.01      0.00  44636.00      0.00       0  sysbench
11:23:03        0       509    0.00    7.00    0.00    0.00    7.00    40      0.00      0.00  117180    8916   0.01      0.00  40580.00      0.00       0  sysbench
11:23:04        0       509    1.00    7.00    0.00    0.00    8.00    40      0.00      0.00  117180    8916   0.01      0.00  40680.00      0.00       0  sysbench

11:22:15        0       457    0.00    7.00    0.00    0.00    7.00     0    132.00      0.00  117180    9016   0.01      0.00  40692.00      0.00       0  sysbench
11:22:16        0       457    2.00    6.00    0.00    0.00    8.00     0      0.00      0.00  117180    9016   0.01      0.00  44740.00      0.00       0  sysbench
11:22:17        0       457    0.00    8.00    0.00    0.00    8.00     0      0.00      0.00  117180    9016   0.01      0.00  40648.00      0.00       0  sysbench
11:22:18        0       457    1.00    6.00    0.00    0.00    7.00     0      0.00      0.00  117180    9016   0.01      0.00  40692.00      0.00       0  sysbench
11:22:19        0       457    0.00    7.00    0.00    0.00    7.00     0      0.00      0.00  117180    9016   0.01      0.00  40636.00      0.00       0  sysbench
11:22:20        0       457    2.00    6.00    0.00    0.00    8.00     0      0.00      0.00  117180    9016   0.01      0.00  44744.00      0.00       0  sysbench
11:22:21        0       457    0.00    8.00    0.00    0.00    8.00     0      0.00      0.00  117180    9016   0.01      0.00  44200.00      0.00       0  sysbench
11:22:22        0       457    2.00    5.00    0.00    0.00    7.00     0      0.00      0.00  117180    9016   0.01      0.00  41260.00      0.00       0  sysbench
11:22:23        0       457    1.00    8.00    0.00    0.00    9.00     0      0.00      0.00  117180    9016   0.01      0.00  48860.00      0.00       0  sysbench

11:22:01        0       440    0.00    7.00    0.00    0.00    7.00    48    136.00      0.00  117180    8984   0.01      0.00  40652.00      0.00       0  sysbench
11:22:02        0       440    1.00    7.00    0.00    0.00    8.00    48      0.00      0.00  117180    8984   0.01      0.00  44720.00      0.00       0  sysbench
11:22:03        0       440    0.00    8.00    0.00    0.00    8.00    48      1.00      0.00  117180    8984   0.01      0.00  44664.00      0.00       0  sysbench
11:22:04        0       440    1.00    6.00    0.00    0.00    7.00    48      0.00      0.00  117180    8984   0.01      0.00  44752.00      0.00       0  sysbench
11:22:05        0       440    1.00    6.00    0.00    0.00    7.00    48      0.00      0.00  117180    8984   0.01      0.00  38312.00      0.00       0  sysbench
11:22:06        0       440    0.00    7.00    0.00    0.00    7.00    48      0.00      0.00  117180    8984   0.01      0.00  42912.00      0.00       0  sysbench
11:22:07        0       440    2.00    7.00    0.00    0.00    9.00    48      0.00      0.00  117180    8984   0.01      0.00  44796.00      0.00       0  sysbench
11:22:08        0       440    1.00    7.00    0.00    0.00    8.00    48      0.00      0.00  117180    8984   0.01      0.00  48676.00      0.00       0  sysbench
11:22:09        0       440    1.00    8.00    0.00    0.00    9.00    48      0.00      0.00  117180    8984   0.01      0.00  44708.00      0.00       0  sysbench

11:21:23        0       389    1.00    6.00    0.00    0.00    7.00     5    132.00      0.00  117180    8648   0.01      0.00  40620.00      0.00       0  sysbench
11:21:24        0       389    1.00    7.00    0.00    0.00    8.00     5      0.00      0.00  117180    8648   0.01      0.00  40656.00      0.00       0  sysbench
11:21:25        0       389    1.00    7.00    0.00    0.00    8.00     5      0.00      0.00  117180    8648   0.01      0.00  40568.00      0.00       0  sysbench
11:21:26        0       389    0.00    6.00    0.00    0.00    6.00     5      0.00      0.00  117180    8648   0.01      0.00  40564.00      0.00       0  sysbench
11:21:27        0       389    2.00    7.00    0.00    0.00    9.00     5      0.00      0.00  117180    8648   0.01      0.00  44712.00      0.00       0  sysbench
11:21:28        0       389    1.00    6.00    0.00    0.00    7.00     5      0.00      0.00  117180    8648   0.01      0.00  36624.00      0.00       0  sysbench
11:21:29        0       389    1.00    6.00    0.00    0.00    7.00     5      0.00      0.00  117180    8648   0.01      0.00  44684.00      0.00       0  sysbench
11:21:30        0       389    1.00    5.00    0.00    0.00    6.00     5      0.00      0.00  117180    8648   0.01      0.00  28392.00      0.00       0  sysbench
11:21:31        0       389    1.00    7.00    0.00    0.00    8.00     5      0.00      0.00  117180    8648   0.01      0.00  44596.00      0.00       0  sysbench

11:22:28        0       474    1.00    8.00    0.00    0.00    9.00    26    129.00      0.00  117180    8648   0.01      0.00  61044.00      0.00       0  sysbench
11:22:29        0       474    2.00    7.00    0.00    0.00    9.00    26      0.00      0.00  117180    8648   0.01      0.00  40632.00      0.00       0  sysbench
11:22:30        0       474    0.00    6.00    0.00    0.00    6.00    26      0.00      0.00  117180    8648   0.01      0.00  40624.00      0.00       0  sysbench
11:22:31        0       474    1.00    7.00    0.00    0.00    8.00    26      0.00      0.00  117180    8648   0.01      0.00  48680.00      0.00       0  sysbench
11:22:32        0       474    2.00    7.00    0.00    0.00    9.00    26      0.00      0.00  117180    8648   0.01      0.00  44696.00      0.00       0  sysbench
11:22:33        0       474    1.00    6.00    0.00    0.00    7.00    26      0.00      0.00  117180    8648   0.01      0.00  44716.00      0.00       0  sysbench
11:22:34        0       474    1.00    7.00    0.00    0.00    8.00    26      0.00      0.00  117180    8648   0.01      0.00  44952.00      0.00       0  sysbench
11:22:35        0       474    1.00    7.00    0.00    0.00    8.00    26      0.00      0.00  117180    8648   0.01      0.00  44324.00      0.00       0  sysbench
11:22:36        0       474    2.00    8.00    0.00    0.00   10.00    26      0.00      0.00  117180    8648   0.01      0.00  44684.00      0.00       0  sysbench

11:21:12        0       372    0.00    8.00    0.00    0.00    8.00     2    134.00      0.00  117180    8928   0.01      0.00  44644.00      0.00       0  sysbench
11:21:13        0       372    1.00    8.00    0.00    0.00    9.00     2      0.00      0.00  117180    8928   0.01      0.00  44652.00      0.00       0  sysbench
11:21:14        0       372    0.00    7.00    0.00    0.00    7.00     2      0.00      0.00  117180    8928   0.01      0.00  40616.00      0.00       0  sysbench
11:21:15        0       372    1.00    7.00    0.00    0.00    8.00     2      0.00      0.00  117180    8928   0.01      0.00  44712.00      0.00       0  sysbench
11:21:16        0       372    1.00    7.00    0.00    0.00    8.00     2      0.00      0.00  117180    8928   0.01      0.00  46508.00      0.00       0  sysbench
11:21:17        0       372    2.00    7.00    0.00    0.00    9.00     2      0.00      0.00  117180    8928   0.01      0.00  42872.00      0.00       0  sysbench
11:21:18        0       372    1.00    7.00    0.00    0.00    8.00     2      0.00      0.00  117180    8928   0.01      0.00  44548.00      0.00       0  sysbench
11:21:19        0       372    1.00    7.00    0.00    0.00    8.00     2      0.00      0.00  117180    8928   0.01      0.00  44664.00      0.00       0  sysbench
11:21:20        0       372    1.00    6.00    0.00    0.00    7.00     2      0.00      0.00  117180    8928   0.01      0.00  36584.00      0.00       0  sysbench

11:22:42        0       491    1.00    6.00    0.00    0.00    7.00    33    136.00      0.00  117180    9044   0.01      0.00  40628.00      0.00       0  sysbench
11:22:43        0       491    1.00    8.00    0.00    0.00    9.00    33      0.00      0.00  117180    9044   0.01      0.00  44656.00      0.00       0  sysbench
11:22:44        0       491    0.00    7.00    0.00    0.00    7.00    33      0.00      0.00  117180    9044   0.01      0.00  44724.00      0.00       0  sysbench
11:22:45        0       491    1.00    7.00    0.00    0.00    8.00    33      0.00      0.00  117180    9044   0.01      0.00  44708.00      0.00       0  sysbench
11:22:46        0       491    1.00    8.00    0.00    0.00    9.00    33      0.00      0.00  117180    9044   0.01      0.00  44724.00      0.00       0  sysbench
11:22:47        0       491    1.00    8.00    0.00    0.00    9.00    33      0.00      0.00  117180    9044   0.01      0.00  44704.00      0.00       0  sysbench
11:22:48        0       491    1.00    7.00    0.00    0.00    8.00    33      0.00      0.00  117180    9044   0.01      0.00  40608.00      0.00       0  sysbench
11:22:49        0       491    1.00    8.00    0.00    0.00    9.00    33      0.00      0.00  117180    9044   0.01      0.00  48700.00      0.00       0  sysbench
11:22:50        0       491    0.99    4.95    0.00    0.00    5.94    33      0.00      0.00  117180    9044   0.01      0.00  36233.66      0.00       0  sysbench

11:21:48        0       423    1.00    6.00    0.00    0.00    7.00    26    136.00      0.00  117180    8800   0.01      0.00  44656.00      0.00       0  sysbench
11:21:49        0       423    1.00    7.00    0.00    0.00    8.00    26      0.00      0.00  117180    8800   0.01      0.00  44680.00      0.00       0  sysbench
11:21:50        0       423    0.00    9.00    0.00    0.00    9.00    26      0.00      0.00  117180    8800   0.01      0.00  48784.00      0.00       0  sysbench
11:21:51        0       423    0.00    8.00    0.00    0.00    8.00    26      0.00      0.00  117180    8800   0.01      0.00  44692.00      0.00       0  sysbench
11:21:52        0       423    0.00    9.00    0.00    0.00    9.00    26      0.00      0.00  117180    8800   0.01      0.00  44720.00      0.00       0  sysbench
11:21:53        0       423    2.00    5.00    0.00    0.00    7.00    26      0.00      0.00  117180    8800   0.01      0.00  36588.00      0.00       0  sysbench
11:21:54        0       423    1.00    7.00    0.00    0.00    8.00    26      0.00      0.00  117180    8800   0.01      0.00  44724.00      0.00       0  sysbench
11:21:55        0       423    1.00    7.00    0.00    0.00    8.00    26      0.00      0.00  117180    8800   0.01      0.00  44628.00      0.00       0  sysbench
11:21:56        0       423    2.00    6.00    0.00    0.00    8.00    26      0.00      0.00  117180    8800   0.01      0.00  44716.00      0.00       0  sysbench

11:21:00        0       355    0.00   14.00    0.00    0.00   14.00    46    134.00      0.00  117180    8864   0.01      0.00  93616.00      0.00       0  sysbench
11:21:01        0       355    2.00   11.00    0.00    0.00   13.00    46      0.00      0.00  117180    8864   0.01      0.00  81340.00      0.00       0  sysbench
11:21:02        0       355    0.00    9.00    0.00    0.00    9.00    46      0.00      0.00  117180    8864   0.01      0.00  44732.00      0.00       0  sysbench
11:21:03        0       355    2.00   16.00    0.00    0.00   18.00    46      0.00      0.00  117180    8864   0.01      0.00 105712.00      0.00       0  sysbench
11:21:04        0       355    1.00   16.00    0.00    0.00   17.00    46      0.00      0.00  117180    8864   0.01      0.00 105728.00      0.00       0  sysbench
11:21:05        0       355    2.00   11.00    0.00    0.00   13.00    46      0.00      0.00  117180    8864   0.01      0.00  89444.00      0.00       0  sysbench
11:21:06        0       355    1.00   11.00    0.00    0.00   12.00    46    165.00      0.00  117180    8968   0.01      0.00  65052.00      0.00       0  sysbench
11:21:07        0       355    1.00   15.00    0.00    0.00   16.00    46    143.00      0.00  117180    9008   0.01      0.00 102508.00      0.00       0  sysbench
11:21:08        0       355    0.00   10.00    0.00    0.00   10.00    46      0.00      0.00  117180    9008   0.01      0.00  68304.00      0.00       0  sysbench

11:21:36        0       406    2.00    6.00    0.00    0.00    8.00    25    131.00      0.00  117180    8892   0.01      0.00  40664.00      0.00       0  sysbench
11:21:37        0       406    2.00    8.00    0.00    0.00   10.00    25      0.00      0.00  117180    8892   0.01      0.00  44692.00      0.00       0  sysbench
11:21:38        0       406    2.00    6.00    0.00    0.00    8.00    25      0.00      0.00  117180    8892   0.01      0.00  40592.00      0.00       0  sysbench
11:21:39        0       406    0.00    8.00    0.00    0.00    8.00    25      0.00      0.00  117180    8892   0.01      0.00  48716.00      0.00       0  sysbench
11:21:40        0       406    0.00    7.00    0.00    0.00    7.00    25      0.00      0.00  117180    8892   0.01      0.00  40636.00      0.00       0  sysbench
11:21:41        0       406    2.00    8.00    0.00    0.00   10.00    25      0.00      0.00  117180    8892   0.01      0.00  44760.00      0.00       0  sysbench
11:21:42        0       406    0.00    6.00    0.00    0.00    6.00    25      0.00      0.00  117180    8892   0.01      0.00  32504.00      0.00       0  sysbench
11:21:43        0       406    0.00    7.00    0.00    0.00    7.00    25      0.00      0.00  117180    8892   0.01      0.00  40656.00      0.00       0  sysbench
11:21:44        0       406    1.00   11.00    0.00    0.00   12.00    25      0.00      0.00  117180    8892   0.01      0.00  60948.00      0.00       0  sysbench

