13:36:32        0      2956    0.00    4.00    0.00    0.00    4.00    47    135.00      0.00  117180    9120   0.01      0.00   4396.00      0.00       0  sysbench
13:36:33        0      2956    1.00    3.00    0.00    0.00    4.00    47      0.00      0.00  117180    9120   0.01      0.00   3968.00      0.00       0  sysbench
13:36:34        0      2956    1.00    2.00    0.00    0.00    3.00    47      0.00      0.00  117180    9120   0.01      0.00   4620.00      0.00       0  sysbench
13:36:35        0      2956    1.00    3.00    0.00    0.00    4.00    47      0.00      0.00  117180    9120   0.01      0.00   4024.00      0.00       0  sysbench
13:36:36        0      2956    2.00    1.00    0.00    0.00    3.00    47      0.00      0.00  117180    9120   0.01      0.00   2984.00      0.00       0  sysbench
13:36:37        0      2956    2.00    1.00    0.00    0.00    3.00    47      0.00      0.00  117180    9120   0.01      0.00   4204.00      0.00       0  sysbench
13:36:38        0      2956    0.00    3.00    0.00    0.00    3.00    47      0.00      0.00  117180    9120   0.01      0.00   3988.00      0.00       0  sysbench
13:36:39        0      2956    1.00    3.00    0.00    0.00    4.00    47      0.00      0.00  117180    9120   0.01      0.00   4144.00      0.00       0  sysbench
13:36:40        0      2956    2.00    2.00    0.00    0.00    4.00    47      0.00      0.00  117180    9120   0.01      0.00   4372.00      0.00       0  sysbench

13:35:51        0      2904    1.00    0.00    0.00    0.00    1.00    41    134.00      0.00  117180    8972   0.01      0.00   1980.00      0.00       0  sysbench
13:35:52        0      2904    0.00    3.00    0.00    0.00    3.00    41      0.00      0.00  117180    8972   0.01      0.00   3964.00      0.00       0  sysbench
13:35:53        0      2904    0.00    4.00    0.00    0.00    4.00    41      0.00      0.00  117180    8972   0.01      0.00   4088.00      0.00       0  sysbench
13:35:54        0      2904    0.00    3.00    0.00    0.00    3.00    41      0.00      0.00  117180    8972   0.01      0.00   4012.00      0.00       0  sysbench
13:35:55        0      2904    0.00    3.00    0.00    0.00    3.00    41      0.00      0.00  117180    8972   0.01      0.00   4240.00      0.00       0  sysbench
13:35:56        0      2904    1.00    3.00    0.00    0.00    4.00    41      0.00      0.00  117180    8972   0.01      0.00   3080.00      0.00       0  sysbench
13:35:57        0      2904    0.00    4.00    0.00    0.00    4.00    41      0.00      0.00  117180    8972   0.01      0.00   3972.00      0.00       0  sysbench
13:35:58        0      2904    1.00    3.00    0.00    0.00    4.00    41      0.00      0.00  117180    8972   0.01      0.00   4600.00      0.00       0  sysbench
13:35:59        0      2904    2.00    3.00    0.00    0.00    5.00    41      0.00      0.00  117180    8972   0.01      0.00   7928.00      0.00       0  sysbench

13:35:38        0      2886    1.00    2.00    0.00    0.00    3.00    33    134.00      0.00  117180    9128   0.01      0.00   3968.00      0.00       0  sysbench
13:35:39        0      2886    0.00    4.00    0.00    0.00    4.00    33      0.00      0.00  117180    9128   0.01      0.00   4604.00      0.00       0  sysbench
13:35:40        0      2886    1.00    3.00    0.00    0.00    4.00    33      0.00      0.00  117180    9128   0.01      0.00   4184.00      0.00       0  sysbench
13:35:41        0      2886    0.00    2.00    0.00    0.00    2.00    33      0.00      0.00  117180    9128   0.01      0.00   1992.00      0.00       0  sysbench
13:35:42        0      2886    2.00    2.00    0.00    0.00    4.00    33      0.00      0.00  117180    9128   0.01      0.00   4168.00      0.00       0  sysbench
13:35:43        0      2886    1.00    3.00    0.00    0.00    4.00    33      0.00      0.00  117180    9128   0.01      0.00   4000.00      0.00       0  sysbench
13:35:44        0      2886    1.00    3.00    0.00    0.00    4.00    33      0.00      0.00  117180    9128   0.01      0.00   3776.00      0.00       0  sysbench
13:35:45        0      2886    1.00    1.00    0.00    0.00    2.00    33      0.00      0.00  117180    9128   0.01      0.00   3936.00      0.00       0  sysbench
13:35:46        0      2886    1.00    2.00    0.00    0.00    3.00    33      0.00      0.00  117180    9128   0.01      0.00   2356.00      0.00       0  sysbench

13:35:01        0      2835    2.00    4.00    0.00    0.00    6.00    23    134.00      0.00  117180    9108   0.01      0.00   8692.00      0.00       0  sysbench
13:35:02        0      2835    0.00    7.00    0.00    0.00    7.00    23      0.00      0.00  117180    9108   0.01      0.00  11108.00      0.00       0  sysbench
13:35:03        0      2835    2.00    5.00    0.00    0.00    7.00    23      0.00      0.00  117180    9108   0.01      0.00  12160.00      0.00       0  sysbench
13:35:04        0      2835    0.99    1.98    0.00    0.00    2.97    23      0.00      0.00  117180    9108   0.01      0.00   5956.44      0.00       0  sysbench
13:35:05        0      2835    1.00    3.00    0.00    0.00    4.00    23      0.00      0.00  117180    9108   0.01      0.00   4424.00      0.00       0  sysbench
13:35:06        0      2835    1.00    2.00    0.00    0.00    3.00    23      0.00      0.00  117180    9108   0.01      0.00   3584.00      0.00       0  sysbench
13:35:07        0      2835    1.00    2.00    0.00    0.00    3.00    23      0.00      0.00  117180    9108   0.01      0.00   2904.00      0.00       0  sysbench
13:35:08        0      2835    2.00    3.00    0.00    0.00    5.00    23      0.00      0.00  117180    9108   0.01      0.00   4816.00      0.00       0  sysbench
13:35:09        0      2835    1.00    3.00    0.00    0.00    4.00    23      0.00      0.00  117180    9108   0.01      0.00   4632.00      0.00       0  sysbench

13:36:05        0      2921    0.00    2.97    0.00    0.00    2.97    23    129.70      0.00  117180    9028   0.01      0.00   3528.71      0.00       0  sysbench
13:36:06        0      2921    1.00    2.00    0.00    0.00    3.00    23      0.00      0.00  117180    9028   0.01      0.00   3528.00      0.00       0  sysbench
13:36:07        0      2921    1.00    3.00    0.00    0.00    4.00    23      0.00      0.00  117180    9028   0.01      0.00   3676.00      0.00       0  sysbench
13:36:08        0      2921    2.00    2.00    0.00    0.00    4.00    23      0.00      0.00  117180    9028   0.01      0.00   4264.00      0.00       0  sysbench
13:36:09        0      2921    0.00    3.00    0.00    0.00    3.00    23      0.00      0.00  117180    9028   0.01      0.00   3944.00      0.00       0  sysbench
13:36:10        0      2921    2.00    1.00    0.00    0.00    3.00    23      0.00      0.00  117180    9028   0.01      0.00   3796.00      0.00       0  sysbench
13:36:11        0      2921    2.00    2.00    0.00    0.00    4.00    23      0.00      0.00  117180    9028   0.01      0.00   2976.00      0.00       0  sysbench
13:36:12        0      2921    1.00    1.00    0.00    0.00    2.00    23      0.00      0.00  117180    9028   0.01      0.00   3164.00      0.00       0  sysbench
13:36:13        0      2921    0.00    4.00    0.00    0.00    4.00    23      0.00      0.00  117180    9028   0.01      0.00   4384.00      0.00       0  sysbench

13:34:49        0      2818    2.00    1.00    0.00    0.00    3.00    15    134.00      0.00  117180    9000   0.01      0.00   4184.00      0.00       0  sysbench
13:34:50        0      2818    1.00    4.00    0.00    0.00    5.00    15      0.00      0.00  117180    9000   0.01      0.00   4516.00      0.00       0  sysbench
13:34:51        0      2818    1.00    0.00    0.00    0.00    1.00    15      0.00      0.00  117180    9000   0.01      0.00   2140.00      0.00       0  sysbench
13:34:52        0      2818    1.00    3.00    0.00    0.00    4.00    15      0.00      0.00  117180    9000   0.01      0.00   4144.00      0.00       0  sysbench
13:34:53        0      2818    2.00    2.00    0.00    0.00    4.00    15      0.00      0.00  117180    9000   0.01      0.00   4236.00      0.00       0  sysbench
13:34:54        0      2818    1.00    3.00    0.00    0.00    4.00    15      0.00      0.00  117180    9000   0.01      0.00   4272.00      0.00       0  sysbench
13:34:55        0      2818    0.00    4.00    0.00    0.00    4.00    15      0.00      0.00  117180    9000   0.01      0.00   3908.00      0.00       0  sysbench
13:34:56        0      2818    0.00    3.00    0.00    0.00    3.00    15      0.00      0.00  117180    9000   0.01      0.00   2788.00      0.00       0  sysbench
13:34:57        0      2818    1.00    2.00    0.00    0.00    3.00    15      0.00      0.00  117180    9000   0.01      0.00   3644.00      0.00       0  sysbench

13:36:18        0      2938    1.00    3.00    0.00    0.00    4.00    43    134.00      0.00  117180    9112   0.01      0.00   4360.00      0.00       0  sysbench
13:36:19        0      2938    0.00    3.00    0.00    0.00    3.00    43      0.00      0.00  117180    9112   0.01      0.00   4136.00      0.00       0  sysbench
13:36:20        0      2938    2.00    3.00    0.00    0.00    5.00    43      0.00      0.00  117180    9112   0.01      0.00   4504.00      0.00       0  sysbench
13:36:21        0      2938    1.00    1.00    0.00    0.00    2.00    43      0.00      0.00  117180    9112   0.01      0.00   2160.00      0.00       0  sysbench
13:36:22        0      2938    2.00    1.00    0.00    0.00    3.00    43      0.00      0.00  117180    9112   0.01      0.00   3560.00      0.00       0  sysbench
13:36:23        0      2938    1.00    2.00    0.00    0.00    3.00    43      0.00      0.00  117180    9112   0.01      0.00   3704.00      0.00       0  sysbench
13:36:24        0      2938    2.00    2.00    0.00    0.00    4.00    43      0.00      0.00  117180    9112   0.01      0.00   4192.00      0.00       0  sysbench
13:36:25        0      2938    2.00    2.00    0.00    0.00    4.00    43      0.00      0.00  117180    9112   0.01      0.00   3972.00      0.00       0  sysbench
13:36:26        0      2938    1.00    1.00    0.00    0.00    2.00    43      0.00      0.00  117180    9112   0.01      0.00   2192.00      0.00       0  sysbench

13:35:25        0      2869    2.00    2.00    0.00    0.00    4.00    43    136.00      0.00  117180    9104   0.01      0.00   4388.00      0.00       0  sysbench
13:35:26        0      2869    0.00    1.00    0.00    0.00    1.00    43      0.00      0.00  117180    9104   0.01      0.00   2416.00      0.00       0  sysbench
13:35:27        0      2869    3.00    2.00    0.00    0.00    5.00    43      0.00      0.00  117180    9104   0.01      0.00   4404.00      0.00       0  sysbench
13:35:28        0      2869    1.00    2.00    0.00    0.00    3.00    43      0.00      0.00  117180    9104   0.01      0.00   3988.00      0.00       0  sysbench
13:35:29        0      2869    1.00    2.00    0.00    0.00    3.00    43      0.00      0.00  117180    9104   0.01      0.00   4348.00      0.00       0  sysbench
13:35:30        0      2869    2.00    2.00    0.00    0.00    4.00    43      0.00      0.00  117180    9104   0.01      0.00   3984.00      0.00       0  sysbench
13:35:31        0      2869    1.00    2.00    0.00    0.00    3.00    43      1.00      0.00  117180    9104   0.01      0.00   2980.00      0.00       0  sysbench
13:35:32        0      2869    2.00    2.00    0.00    0.00    4.00    43      0.00      0.00  117180    9104   0.01      0.00   3996.00      0.00       0  sysbench
13:35:33        0      2869    1.00    2.00    0.00    0.00    3.00    43      0.00      0.00  117180    9104   0.01      0.00   3364.00      0.00       0  sysbench

13:34:37        0      2801    2.00    6.00    0.00    0.00    8.00    31    135.00      0.00  117180    8952   0.01      0.00  11768.00      0.00       0  sysbench
13:34:38        0      2801    2.00    6.00    0.00    0.00    8.00    31      0.00      0.00  117180    8952   0.01      0.00  11608.00      0.00       0  sysbench
13:34:39        0      2801    2.00    6.00    0.00    0.00    8.00    31      0.00      0.00  117180    8952   0.01      0.00  11064.00      0.00       0  sysbench
13:34:40        0      2801    3.00    5.00    0.00    0.00    8.00    31      0.00      0.00  117180    8952   0.01      0.00  11620.00      0.00       0  sysbench
13:34:41        0      2801    1.00    2.00    0.00    0.00    3.00    31      0.00      0.00  117180    8952   0.01      0.00   3792.00      0.00       0  sysbench
13:34:42        0      2801    1.00    3.00    0.00    0.00    4.00    31      0.00      0.00  117180    8952   0.01      0.00   4208.00      0.00       0  sysbench
13:34:43        0      2801    0.00    3.00    0.00    0.00    3.00    31      0.00      0.00  117180    8952   0.01      0.00   4548.00      0.00       0  sysbench
13:34:44        0      2801    2.00    3.00    0.00    0.00    5.00    31      0.00      0.00  117180    8952   0.01      0.00   4968.00      0.00       0  sysbench
13:34:45        0      2801    1.00    2.00    0.00    0.00    3.00    31      0.00      0.00  117180    8952   0.01      0.00   4580.00      0.00       0  sysbench

13:35:13        0      2852    1.00    3.00    0.00    0.00    4.00    13    137.00      0.00  117180    9108   0.01      0.00   5052.00      0.00       0  sysbench
13:35:14        0      2852    1.00    3.00    0.00    0.00    4.00    13      0.00      0.00  117180    9108   0.01      0.00   4516.00      0.00       0  sysbench
13:35:15        0      2852    2.00    3.00    0.00    0.00    5.00    13      0.00      0.00  117180    9108   0.01      0.00   4368.00      0.00       0  sysbench
13:35:16        0      2852    2.00    0.00    0.00    0.00    2.00    13      0.00      0.00  117180    9108   0.01      0.00   3280.00      0.00       0  sysbench
13:35:17        0      2852    1.00    2.00    0.00    0.00    3.00    13      0.00      0.00  117180    9108   0.01      0.00   3008.00      0.00       0  sysbench
13:35:18        0      2852    1.00    3.00    0.00    0.00    4.00    13      0.00      0.00  117180    9108   0.01      0.00   4072.00      0.00       0  sysbench
13:35:19        0      2852    2.00    2.00    0.00    0.00    4.00    13      0.00      0.00  117180    9108   0.01      0.00   4644.00      0.00       0  sysbench
13:35:20        0      2852    1.00    2.00    0.00    0.00    3.00    13      0.00      0.00  117180    9108   0.01      0.00   4316.00      0.00       0  sysbench
13:35:21        0      2852    0.00    3.00    0.00    0.00    3.00    13      1.00      0.00  117180    9108   0.01      0.00   3580.00      0.00       0  sysbench

