14:33:55        0      4175    2.00    3.00    0.00    0.00    5.00    23    135.00      0.00  117180    8964   0.01      0.00  12020.00      0.00       0  sysbench
14:33:56        0      4175    1.00    3.00    0.00    0.00    4.00    23      0.00      0.00  117180    8964   0.01      0.00  11388.00      0.00       0  sysbench
14:33:57        0      4175    2.00    2.00    0.00    0.00    4.00    23      0.00      0.00  117180    8964   0.01      0.00  10396.00      0.00       0  sysbench
14:33:58        0      4175    1.00    3.00    0.00    0.00    4.00    23      0.00      0.00  117180    8964   0.01      0.00  11576.00      0.00       0  sysbench
14:33:59        0      4175    1.00    3.00    0.00    0.00    4.00    23      0.00      0.00  117180    8964   0.01      0.00  10492.00      0.00       0  sysbench
14:34:00        0      4175    1.00    4.00    0.00    0.00    5.00    23      0.00      0.00  117180    8964   0.01      0.00  10472.00      0.00       0  sysbench
14:34:01        0      4175    0.00    4.00    0.00    0.00    4.00    23      0.00      0.00  117180    8964   0.01      0.00  11020.00      0.00       0  sysbench
14:34:02        0      4175    2.00    2.00    0.00    0.00    4.00    23      0.00      0.00  117180    8964   0.01      0.00   9432.00      0.00       0  sysbench
14:34:03        0      4175    1.00    4.00    0.00    0.00    5.00    23      0.00      0.00  117180    8964   0.01      0.00   9960.00      0.00       0  sysbench

14:33:13        0      4124    3.00    3.00    0.00    0.00    6.00    29    135.00      0.00  117180    9064   0.01      0.00  11008.00      0.00       0  sysbench
14:33:14        0      4124    0.00    3.00    0.00    0.00    3.00    29      0.00      0.00  117180    9064   0.01      0.00  10440.00      0.00       0  sysbench
14:33:15        0      4124    3.00    2.00    0.00    0.00    5.00    29      0.00      0.00  117180    9064   0.01      0.00  10384.00      0.00       0  sysbench
14:33:16        0      4124    0.00    4.00    0.00    0.00    4.00    29      0.00      0.00  117180    9064   0.01      0.00  10988.00      0.00       0  sysbench
14:33:17        0      4124    1.00    4.00    0.00    0.00    5.00    29      0.00      0.00  117180    9064   0.01      0.00  11556.00      0.00       0  sysbench
14:33:18        0      4124    1.00    3.00    0.00    0.00    4.00    29      0.00      0.00  117180    9064   0.01      0.00  11072.00      0.00       0  sysbench
14:33:19        0      4124    1.00    2.00    0.00    0.00    3.00    29      0.00      0.00  117180    9064   0.01      0.00  11044.00      0.00       0  sysbench
14:33:20        0      4124    2.00    3.00    0.00    0.00    5.00    29      0.00      0.00  117180    9064   0.01      0.00  11476.00      0.00       0  sysbench
14:33:21        0      4124    0.00    4.00    0.00    0.00    4.00    29      0.00      0.00  117180    9064   0.01      0.00  11032.00      0.00       0  sysbench

14:33:00        0      4107    2.00    2.00    0.00    0.00    4.00    11    135.00      0.00  117180    9064   0.01      0.00  12200.00      0.00       0  sysbench
14:33:01        0      4107    1.00    3.00    0.00    0.00    4.00    11      0.00      0.00  117180    9064   0.01      0.00   9884.00      0.00       0  sysbench
14:33:02        0      4107    1.00    3.00    0.00    0.00    4.00    11      0.00      0.00  117180    9064   0.01      0.00   8832.00      0.00       0  sysbench
14:33:03        0      4107    0.00    3.00    0.00    0.00    3.00    11      0.00      0.00  117180    9064   0.01      0.00  11624.00      0.00       0  sysbench
14:33:04        0      4107    1.00    3.00    0.00    0.00    4.00    11      0.00      0.00  117180    9064   0.01      0.00  10472.00      0.00       0  sysbench
14:33:05        0      4107    1.00    3.00    0.00    0.00    4.00    11      0.00      0.00  117180    9064   0.01      0.00  10476.00      0.00       0  sysbench
14:33:06        0      4107    1.00    2.00    0.00    0.00    3.00    11      0.00      0.00  117180    9064   0.01      0.00   9872.00      0.00       0  sysbench
14:33:07        0      4107    2.00    2.00    0.00    0.00    4.00    11      0.00      0.00  117180    9064   0.01      0.00  10384.00      0.00       0  sysbench
14:33:08        0      4107    2.00    2.00    0.00    0.00    4.00    11      0.00      0.00  117180    9064   0.01      0.00  11020.00      0.00       0  sysbench

14:32:22        0      4055    3.00    1.00    0.00    0.00    4.00    17    134.00      0.00  117180    8996   0.01      0.00  12140.00      0.00       0  sysbench
14:32:23        0      4055    2.00    2.00    0.00    0.00    4.00    17      0.00      0.00  117180    8996   0.01      0.00  11012.00      0.00       0  sysbench
14:32:24        0      4055    2.00    2.00    0.00    0.00    4.00    17      0.00      0.00  117180    8996   0.01      0.00  11028.00      0.00       0  sysbench
14:32:25        0      4055    0.00    4.00    0.00    0.00    4.00    17      0.00      0.00  117180    8996   0.01      0.00  10924.00      0.00       0  sysbench
14:32:26        0      4055    0.00    4.00    0.00    0.00    4.00    17      0.00      0.00  117180    8996   0.01      0.00  10588.00      0.00       0  sysbench
14:32:27        0      4055    2.00    1.00    0.00    0.00    3.00    17      0.00      0.00  117180    8996   0.01      0.00  10980.00      0.00       0  sysbench
14:32:28        0      4055    2.00    3.00    0.00    0.00    5.00    17      0.00      0.00  117180    8996   0.01      0.00  10444.00      0.00       0  sysbench
14:32:29        0      4055    1.00    2.00    0.00    0.00    3.00    17      0.00      0.00  117180    8996   0.01      0.00  11008.00      0.00       0  sysbench
14:32:30        0      4055    1.00    3.00    0.00    0.00    4.00    17      0.00      0.00  117180    8996   0.01      0.00   9996.00      0.00       0  sysbench

14:33:27        0      4141    1.00    3.00    0.00    0.00    4.00    15    134.00      0.00  117180    9088   0.01      0.00  11036.00      0.00       0  sysbench
14:33:28        0      4141    1.00    3.00    0.00    0.00    4.00    15      0.00      0.00  117180    9088   0.01      0.00  10392.00      0.00       0  sysbench
14:33:29        0      4141    2.00    3.00    0.00    0.00    5.00    15      0.00      0.00  117180    9088   0.01      0.00  10488.00      0.00       0  sysbench
14:33:30        0      4141    0.99    2.97    0.00    0.00    3.96    15      0.00      0.00  117180    9088   0.01      0.00   9770.30      0.00       0  sysbench
14:33:31        0      4141    1.00    3.00    0.00    0.00    4.00    15      0.00      0.00  117180    9088   0.01      0.00  11100.00      0.00       0  sysbench
14:33:32        0      4141    0.00    2.00    0.00    0.00    2.00    15      0.00      0.00  117180    9088   0.01      0.00  10468.00      0.00       0  sysbench
14:33:33        0      4141    0.00    4.00    0.00    0.00    4.00    15      0.00      0.00  117180    9088   0.01      0.00  10548.00      0.00       0  sysbench
14:33:34        0      4141    2.00    2.00    0.00    0.00    4.00    15      0.00      0.00  117180    9088   0.01      0.00   9364.00      0.00       0  sysbench
14:33:35        0      4141    2.00    2.00    0.00    0.00    4.00    15      0.00      0.00  117180    9088   0.01      0.00  11476.00      0.00       0  sysbench

14:32:11        0      4038    1.00    4.00    0.00    0.00    5.00    41    133.00      0.00  117180    9120   0.01      0.00  12120.00      0.00       0  sysbench
14:32:12        0      4038    0.99    1.98    0.00    0.00    2.97    41      0.00      0.00  117180    9120   0.01      0.00  10439.60      0.00       0  sysbench
14:32:13        0      4038    1.00    3.00    0.00    0.00    4.00    41      0.00      0.00  117180    9120   0.01      0.00   9952.00      0.00       0  sysbench
14:32:14        0      4038    1.00    4.00    0.00    0.00    5.00    41      0.00      0.00  117180    9120   0.01      0.00  10304.00      0.00       0  sysbench
14:32:15        0      4038    0.00    3.00    0.00    0.00    3.00    41      0.00      0.00  117180    9120   0.01      0.00  11024.00      0.00       0  sysbench
14:32:16        0      4038    1.00    3.00    0.00    0.00    4.00    41      0.00      0.00  117180    9120   0.01      0.00  10956.00      0.00       0  sysbench
14:32:17        0      4038    0.00    4.00    0.00    0.00    4.00    41      0.00      0.00  117180    9120   0.01      0.00  10472.00      0.00       0  sysbench
14:32:18        0      4038    2.00    3.00    0.00    0.00    5.00    41      0.00      0.00  117180    9120   0.01      0.00  11024.00      0.00       0  sysbench
14:32:19        0      4038    0.00    3.00    0.00    0.00    3.00    41      0.00      0.00  117180    9120   0.01      0.00  10552.00      0.00       0  sysbench

14:33:40        0      4158    1.00    3.00    0.00    0.00    4.00    21    134.00      0.00  117180    8968   0.01      0.00  10904.00      0.00       0  sysbench
14:33:41        0      4158    1.00    3.00    0.00    0.00    4.00    21      0.00      0.00  117180    8968   0.01      0.00  11024.00      0.00       0  sysbench
14:33:42        0      4158    0.00    3.00    0.00    0.00    3.00    21      0.00      0.00  117180    8968   0.01      0.00  10380.00      0.00       0  sysbench
14:33:43        0      4158    3.00    2.00    0.00    0.00    5.00    21      0.00      0.00  117180    8968   0.01      0.00  10320.00      0.00       0  sysbench
14:33:44        0      4158    0.00    3.00    0.00    0.00    3.00    21      0.00      0.00  117180    8968   0.01      0.00  10428.00      0.00       0  sysbench
14:33:45        0      4158    2.00    3.00    0.00    0.00    5.00    21      0.00      0.00  117180    8968   0.01      0.00  11512.00      0.00       0  sysbench
14:33:46        0      4158    1.00    2.00    0.00    0.00    3.00    21      0.00      0.00  117180    8968   0.01      0.00  10344.00      0.00       0  sysbench
14:33:47        0      4158    1.00    4.00    0.00    0.00    5.00    21      0.00      0.00  117180    8968   0.01      0.00  10320.00      0.00       0  sysbench
14:33:48        0      4158    0.00    5.00    0.00    0.00    5.00    21      0.00      0.00  117180    8968   0.01      0.00  17004.00      0.00       0  sysbench

14:32:47        0      4090    2.00    4.00    0.00    0.00    6.00    17    134.00      0.00  117180    8976   0.01      0.00  11516.00      0.00       0  sysbench
14:32:48        0      4090    1.00    2.00    0.00    0.00    3.00    17      0.00      0.00  117180    8976   0.01      0.00  10516.00      0.00       0  sysbench
14:32:49        0      4090    0.00    4.00    0.00    0.00    4.00    17      0.00      0.00  117180    8976   0.01      0.00   9812.00      0.00       0  sysbench
14:32:50        0      4090    1.00    3.00    0.00    0.00    4.00    17      0.00      0.00  117180    8976   0.01      0.00  10472.00      0.00       0  sysbench
14:32:51        0      4090    0.00    3.00    0.00    0.00    3.00    17      0.00      0.00  117180    8976   0.01      0.00   8840.00      0.00       0  sysbench
14:32:52        0      4090    1.00    4.00    0.00    0.00    5.00    17      0.00      0.00  117180    8976   0.01      0.00  10952.00      0.00       0  sysbench
14:32:53        0      4090    0.00    3.00    0.00    0.00    3.00    17      0.00      0.00  117180    8976   0.01      0.00  10968.00      0.00       0  sysbench
14:32:54        0      4090    1.00    4.00    0.00    0.00    5.00    17      0.00      0.00  117180    8976   0.01      0.00  14860.00      0.00       0  sysbench
14:32:55        0      4090    0.00    4.00    0.00    0.00    4.00    17      0.00      0.00  117180    8976   0.01      0.00  12548.00      0.00       0  sysbench

14:31:59        0      4021    2.00    6.00    0.00    0.00    8.00    13    135.00      0.00  117180    8804   0.01      0.00  30252.00      0.00       0  sysbench
14:32:00        0      4021    3.00    5.00    0.00    0.00    8.00    13      0.00      0.00  117180    8804   0.01      0.00  30660.00      0.00       0  sysbench
14:32:01        0      4021    1.00    5.00    0.00    0.00    6.00    13      0.00      0.00  117180    8804   0.01      0.00  28168.00      0.00       0  sysbench
14:32:02        0      4021    2.00    6.00    0.00    0.00    8.00    13      0.00      0.00  117180    8804   0.01      0.00  30752.00      0.00       0  sysbench
14:32:03        0      4021    2.00    6.00    0.00    0.00    8.00    13      0.00      0.00  117180    8804   0.01      0.00  30616.00      0.00       0  sysbench
14:32:04        0      4021    2.00    6.00    0.00    0.00    8.00    13      0.00      0.00  117180    8804   0.01      0.00  30376.00      0.00       0  sysbench
14:32:05        0      4021    1.00    7.00    0.00    0.00    8.00    13      0.00      0.00  117180    8804   0.01      0.00  31316.00      0.00       0  sysbench
14:32:06        0      4021    1.00    3.00    0.00    0.00    4.00    13      0.00      0.00  117180    8804   0.01      0.00  12196.00      0.00       0  sysbench
14:32:07        0      4021    1.00    3.00    0.00    0.00    4.00    13      0.00      0.00  117180    8804   0.01      0.00   9840.00      0.00       0  sysbench

14:32:35        0      4072    1.00    2.00    0.00    0.00    3.00    49    136.00      0.00  117180    9176   0.01      0.00   9336.00      0.00       0  sysbench
14:32:36        0      4072    1.00    4.00    0.00    0.00    5.00    49      0.00      0.00  117180    9176   0.01      0.00  10440.00      0.00       0  sysbench
14:32:37        0      4072    1.00    2.00    0.00    0.00    3.00    49      0.00      0.00  117180    9176   0.01      0.00   9320.00      0.00       0  sysbench
14:32:38        0      4072    1.00    3.00    0.00    0.00    4.00    49      0.00      0.00  117180    9176   0.01      0.00   8776.00      0.00       0  sysbench
14:32:39        0      4072    1.00    3.00    0.00    0.00    4.00    49      0.00      0.00  117180    9176   0.01      0.00   9832.00      0.00       0  sysbench
14:32:40        0      4072    0.00    3.00    0.00    0.00    3.00    49      0.00      0.00  117180    9176   0.01      0.00   9880.00      0.00       0  sysbench
14:32:41        0      4072    1.00    3.00    0.00    0.00    4.00    49      0.00      0.00  117180    9176   0.01      0.00  11544.00      0.00       0  sysbench
14:32:42        0      4072    2.00    2.00    0.00    0.00    4.00    49      0.00      0.00  117180    9176   0.01      0.00   9368.00      0.00       0  sysbench
14:32:43        0      4072    1.00    2.00    0.00    0.00    3.00    49      0.00      0.00  117180    9176   0.01      0.00   9880.00      0.00       0  sysbench

