12:28:34        0      1646    0.00    3.96    0.00    0.00    3.96    41    135.64      0.00  117180    8792   0.01      0.00   7021.78      0.00       0  sysbench
12:28:35        0      1646    1.00    4.00    0.00    0.00    5.00    41      0.00      0.00  117180    8792   0.01      0.00   9148.00      0.00       0  sysbench
12:28:36        0      1646    2.00    3.00    0.00    0.00    5.00    41      0.00      0.00  117180    8792   0.01      0.00   9944.00      0.00       0  sysbench
12:28:37        0      1646    3.00    6.00    0.00    0.00    9.00    41      0.00      0.00  117180    8792   0.01      0.00  17672.00      0.00       0  sysbench
12:28:38        0      1646    0.00    5.00    0.00    0.00    5.00    41      0.00      0.00  117180    8792   0.01      0.00   7624.00      0.00       0  sysbench
12:28:39        0      1646    2.00    3.00    0.00    0.00    5.00    41      0.00      0.00  117180    8792   0.01      0.00   8088.00      0.00       0  sysbench
12:28:40        0      1646    0.00    5.00    0.00    0.00    5.00    41      0.00      0.00  117180    8792   0.01      0.00  11464.00      0.00       0  sysbench
12:28:41        0      1646    2.00    5.00    0.00    0.00    7.00    41      0.00      0.00  117180    8792   0.01      0.00  11160.00      0.00       0  sysbench
12:28:42        0      1646    1.00    5.00    0.00    0.00    6.00    41      0.00      0.00  117180    8792   0.01      0.00  11216.00      0.00       0  sysbench

12:27:53        0      1595    1.00    7.00    0.00    0.00    8.00    53    136.00      0.00  117180    8976   0.01      0.00  12580.00      0.00       0  sysbench
12:27:54        0      1595    2.00    3.00    0.00    0.00    5.00    53      0.00      0.00  117180    8976   0.01      0.00   8124.00      0.00       0  sysbench
12:27:55        0      1595    0.00    5.00    0.00    0.00    5.00    53      0.00      0.00  117180    8976   0.01      0.00   9248.00      0.00       0  sysbench
12:27:56        0      1595    2.00    3.00    0.00    0.00    5.00    53      0.00      0.00  117180    8976   0.01      0.00  10428.00      0.00       0  sysbench
12:27:57        0      1595    1.00    5.00    0.00    0.00    6.00    53      0.00      0.00  117180    8976   0.01      0.00  10384.00      0.00       0  sysbench
12:27:58        0      1595    2.00    5.00    0.00    0.00    7.00    53      0.00      0.00  117180    8976   0.01      0.00  12576.00      0.00       0  sysbench
12:27:59        0      1595    1.00    5.00    0.00    0.00    6.00    53      0.00      0.00  117180    8976   0.01      0.00  11588.00      0.00       0  sysbench
12:28:00        0      1595    2.00    5.00    0.00    0.00    7.00    53      0.00      0.00  117180    8976   0.01      0.00  12520.00      0.00       0  sysbench
12:28:01        0      1595    0.00    6.00    0.00    0.00    6.00    53      0.00      0.00  117180    8976   0.01      0.00  11276.00      0.00       0  sysbench

12:27:40        0      1578    2.00    6.00    0.00    0.00    8.00     8    136.00      0.00  117180    9076   0.01      0.00  11028.00      0.00       0  sysbench
12:27:41        0      1578    3.00    3.00    0.00    0.00    6.00     8      0.00      0.00  117180    9076   0.01      0.00  10604.00      0.00       0  sysbench
12:27:42        0      1578    1.00    5.00    0.00    0.00    6.00     8      0.00      0.00  117180    9076   0.01      0.00  10416.00      0.00       0  sysbench
12:27:43        0      1578    2.00    3.00    0.00    0.00    5.00     8      0.00      0.00  117180    9076   0.01      0.00  11764.00      0.00       0  sysbench
12:27:44        0      1578    2.00    3.00    0.00    0.00    5.00     8      0.00      0.00  117180    9076   0.01      0.00   8512.00      0.00       0  sysbench
12:27:45        0      1578    0.00    4.00    0.00    0.00    4.00     8      0.00      0.00  117180    9076   0.01      0.00   9784.00      0.00       0  sysbench
12:27:46        0      1578    1.00    5.00    0.00    0.00    6.00     8      0.00      0.00  117180    9076   0.01      0.00   9676.00      0.00       0  sysbench
12:27:47        0      1578    2.00    4.00    0.00    0.00    6.00     8      0.00      0.00  117180    9076   0.01      0.00  10716.00      0.00       0  sysbench
12:27:48        0      1578    1.00    4.00    0.00    0.00    5.00     8      0.00      0.00  117180    9076   0.01      0.00   9652.00      0.00       0  sysbench

12:27:03        0      1527    1.00    5.00    0.00    0.00    6.00    31    136.00      0.00  117180    9104   0.01      0.00  11560.00      0.00       0  sysbench
12:27:04        0      1527    2.00    3.00    0.00    0.00    5.00    31      0.00      0.00  117180    9104   0.01      0.00  10732.00      0.00       0  sysbench
12:27:05        0      1527    1.00    5.00    0.00    0.00    6.00    31      0.00      0.00  117180    9104   0.01      0.00   9520.00      0.00       0  sysbench
12:27:06        0      1527    2.00    3.00    0.00    0.00    5.00    31      0.00      0.00  117180    9104   0.01      0.00  10816.00      0.00       0  sysbench
12:27:07        0      1527    3.00    3.00    0.00    0.00    6.00    31      0.00      0.00  117180    9104   0.01      0.00  11740.00      0.00       0  sysbench
12:27:08        0      1527    3.00    2.00    0.00    0.00    5.00    31      0.00      0.00  117180    9104   0.01      0.00   9484.00      0.00       0  sysbench
12:27:09        0      1527    2.00    5.00    0.00    0.00    7.00    31      0.00      0.00  117180    9104   0.01      0.00  10440.00      0.00       0  sysbench
12:27:10        0      1527    0.00    4.00    0.00    0.00    4.00    31      0.00      0.00  117180    9104   0.01      0.00   8464.00      0.00       0  sysbench
12:27:11        0      1527    1.00    5.00    0.00    0.00    6.00    31      0.00      0.00  117180    9104   0.01      0.00  10260.00      0.00       0  sysbench

12:28:07        0      1612    1.00    7.00    0.00    0.00    8.00    47    137.00      0.00  117180    8860   0.01      0.00  13560.00      0.00       0  sysbench
12:28:08        0      1612    2.00    4.00    0.00    0.00    6.00    47      0.00      0.00  117180    8860   0.01      0.00   9724.00      0.00       0  sysbench
12:28:09        0      1612    0.00    3.00    0.00    0.00    3.00    47      0.00      0.00  117180    8860   0.01      0.00   5748.00      0.00       0  sysbench
12:28:10        0      1612    2.00    5.00    0.00    0.00    7.00    47      1.00      0.00  117180    8860   0.01      0.00  10476.00      0.00       0  sysbench
12:28:11        0      1612    1.00    5.00    0.00    0.00    6.00    47      0.00      0.00  117180    8860   0.01      0.00  10632.00      0.00       0  sysbench
12:28:12        0      1612    2.00    3.00    0.00    0.00    5.00    47      0.00      0.00  117180    8860   0.01      0.00   9052.00      0.00       0  sysbench
12:28:13        0      1612    3.00    3.00    0.00    0.00    6.00    47      0.00      0.00  117180    8860   0.01      0.00  10432.00      0.00       0  sysbench
12:28:14        0      1612    1.00    4.00    0.00    0.00    5.00    47      0.00      0.00  117180    8860   0.01      0.00   9912.00      0.00       0  sysbench
12:28:15        0      1612    1.00    4.00    0.00    0.00    5.00    47      0.00      0.00  117180    8860   0.01      0.00   8864.00      0.00       0  sysbench

12:26:51        0      1510    1.00    6.00    0.00    0.00    7.00    49    134.00      0.00  117180    9044   0.01      0.00  18800.00      0.00       0  sysbench
12:26:52        0      1510    3.00    7.00    0.00    0.00   10.00    49      0.00      0.00  117180    9044   0.01      0.00  18960.00      0.00       0  sysbench
12:26:53        0      1510    3.00    5.00    0.00    0.00    8.00    49      0.00      0.00  117180    9044   0.01      0.00  19236.00      0.00       0  sysbench
12:26:54        0      1510    3.00    7.00    0.00    0.00   10.00    49      0.00      0.00  117180    9044   0.01      0.00  19620.00      0.00       0  sysbench
12:26:55        0      1510    2.00    5.00    0.00    0.00    7.00    49      0.00      0.00  117180    9044   0.01      0.00  15620.00      0.00       0  sysbench
12:26:56        0      1510    4.00    2.00    0.00    0.00    6.00    49      0.00      0.00  117180    9044   0.01      0.00  11392.00      0.00       0  sysbench
12:26:57        0      1510    2.00    5.00    0.00    0.00    7.00    49      0.00      0.00  117180    9044   0.01      0.00  12868.00      0.00       0  sysbench
12:26:58        0      1510    2.00    4.00    0.00    0.00    6.00    49      0.00      0.00  117180    9044   0.01      0.00  11688.00      0.00       0  sysbench
12:26:59        0      1510    1.00    5.00    0.00    0.00    6.00    49      0.00      0.00  117180    9044   0.01      0.00   8832.00      0.00       0  sysbench

12:28:20        0      1629    3.00    3.00    0.00    0.00    6.00    31    137.00      0.00  117180    9100   0.01      0.00  11940.00      0.00       0  sysbench
12:28:21        0      1629    2.00    4.00    0.00    0.00    6.00    31      0.00      0.00  117180    9100   0.01      0.00  10480.00      0.00       0  sysbench
12:28:22        0      1629    0.00    4.00    0.00    0.00    4.00    31      0.00      0.00  117180    9100   0.01      0.00   9160.00      0.00       0  sysbench
12:28:23        0      1629    1.00    5.00    0.00    0.00    6.00    31      0.00      0.00  117180    9100   0.01      0.00   9728.00      0.00       0  sysbench
12:28:24        0      1629    0.00    4.00    0.00    0.00    4.00    31      0.00      0.00  117180    9100   0.01      0.00   7204.00      0.00       0  sysbench
12:28:25        0      1629    1.00    4.00    0.00    0.00    5.00    31      1.00      0.00  117180    9100   0.01      0.00   9800.00      0.00       0  sysbench
12:28:26        0      1629    2.00    3.00    0.00    0.00    5.00    31      0.00      0.00  117180    9100   0.01      0.00  10028.00      0.00       0  sysbench
12:28:27        0      1629    2.00    4.00    0.00    0.00    6.00    31      0.00      0.00  117180    9100   0.01      0.00  10520.00      0.00       0  sysbench
12:28:28        0      1629    1.00    4.00    0.00    0.00    5.00    31      0.00      0.00  117180    9100   0.01      0.00  10348.00      0.00       0  sysbench

12:27:27        0      1561    3.00    6.00    0.00    0.00    9.00     5    137.00      0.00  117180    8792   0.01      0.00  13568.00      0.00       0  sysbench
12:27:28        0      1561    2.00    6.00    0.00    0.00    8.00     5      0.00      0.00  117180    8792   0.01      0.00  12016.00      0.00       0  sysbench
12:27:29        0      1561    1.00    3.00    0.00    0.00    4.00     5      0.00      0.00  117180    8792   0.01      0.00   6944.00      0.00       0  sysbench
12:27:30        0      1561    0.00    6.00    0.00    0.00    6.00     5      0.00      0.00  117180    8792   0.01      0.00  11496.00      0.00       0  sysbench
12:27:31        0      1561    2.00    4.00    0.00    0.00    6.00     5      0.00      0.00  117180    8792   0.01      0.00  10936.00      0.00       0  sysbench
12:27:32        0      1561    3.00    4.00    0.00    0.00    7.00     5      0.00      0.00  117180    8792   0.01      0.00  11888.00      0.00       0  sysbench
12:27:33        0      1561    1.00    5.00    0.00    0.00    6.00     5      0.00      0.00  117180    8792   0.01      0.00  10892.00      0.00       0  sysbench
12:27:34        0      1561    2.00    3.00    0.00    0.00    5.00     5      0.00      0.00  117180    8792   0.01      0.00   8440.00      0.00       0  sysbench
12:27:35        0      1561    0.00    5.00    0.00    0.00    5.00     5      0.00      0.00  117180    8792   0.01      0.00  10172.00      0.00       0  sysbench

12:26:39        0      1493    1.00    7.00    0.00    0.00    8.00    27    137.00      0.00  117180    9084   0.01      0.00  11224.00      0.00       0  sysbench
12:26:40        0      1493    2.00    3.00    0.00    0.00    5.00    27      0.00      0.00  117180    9084   0.01      0.00   4368.00      0.00       0  sysbench
12:26:41        0      1493    2.00    2.00    0.00    0.00    4.00    27      0.00      0.00  117180    9084   0.01      0.00   4856.00      0.00       0  sysbench
12:26:42        0      1493    1.00    2.00    0.00    0.00    3.00    27      0.00      0.00  117180    9084   0.01      0.00   4572.00      0.00       0  sysbench
12:26:43        0      1493    1.00    4.00    0.00    0.00    5.00    27      0.00      0.00  117180    9084   0.01      0.00   4664.00      0.00       0  sysbench
12:26:44        0      1493    1.00    2.00    0.00    0.00    3.00    27      0.00      0.00  117180    9084   0.01      0.00   3700.00      0.00       0  sysbench
12:26:45        0      1493    0.00    3.00    0.00    0.00    3.00    27      0.00      0.00  117180    9084   0.01      0.00   4816.00      0.00       0  sysbench
12:26:46        0      1493    4.00    6.00    0.00    0.00   10.00    27      0.00      0.00  117180    9084   0.01      0.00  13436.00      0.00       0  sysbench
12:26:47        0      1493    2.00    9.00    0.00    0.00   11.00    27      0.00      0.00  117180    9084   0.01      0.00  15620.00      0.00       0  sysbench

12:27:15        0      1544    4.00    2.00    0.00    0.00    6.00    21    136.00      0.00  117180    9044   0.01      0.00  10204.00      0.00       0  sysbench
12:27:16        0      1544    1.00    4.00    0.00    0.00    5.00    21      0.00      0.00  117180    9044   0.01      0.00   9972.00      0.00       0  sysbench
12:27:17        0      1544    3.00    3.00    0.00    0.00    6.00    21      0.00      0.00  117180    9044   0.01      0.00   9772.00      0.00       0  sysbench
12:27:18        0      1544    4.00    4.00    0.00    0.00    8.00    21      0.00      0.00  117180    9044   0.01      0.00  10272.00      0.00       0  sysbench
12:27:19        0      1544    0.00    3.96    0.00    0.00    3.96    21      0.00      0.00  117180    9044   0.01      0.00   8558.42      0.00       0  sysbench
12:27:20        0      1544    2.00    5.00    0.00    0.00    7.00    21      0.00      0.00  117180    9044   0.01      0.00  10828.00      0.00       0  sysbench
12:27:21        0      1544    1.00    5.00    0.00    0.00    6.00    21      0.00      0.00  117180    9044   0.01      0.00   9892.00      0.00       0  sysbench
12:27:22        0      1544    0.00    7.00    0.00    0.00    7.00    21      0.00      0.00  117180    9044   0.01      0.00  10464.00      0.00       0  sysbench
12:27:23        0      1544    2.00    7.00    0.00    0.00    9.00    21      0.00      0.00  117180    9044   0.01      0.00  12816.00      0.00       0  sysbench

