01:32:28 PM  1001     10074  100.00    0.00    0.00    0.00  100.00    52    318.27      0.00  117180    9028   0.01      0.00      0.00      0.00       0  sysbench
01:32:29 PM  1001     10074  100.00    0.00    0.00    0.00  100.00    52    136.00      0.00  117180    9108   0.01      0.00      0.00      0.00       0  sysbench
01:32:30 PM  1001     10074  100.00    0.00    0.00    0.00  100.00    52     90.00      0.00  117180    9108   0.01      0.00      0.00      0.00       0  sysbench
01:32:31 PM  1001     10074  100.00    0.00    0.00    0.00  100.00    52    191.00      0.00  117180    9108   0.01      0.00      0.00      0.00       0  sysbench
01:32:32 PM  1001     10074  100.00    0.00    0.00    0.00  100.00    52      0.00      0.00  117180    9108   0.01      0.00      0.00      0.00       0  sysbench
01:32:33 PM  1001     10074  100.00    0.00    0.00    0.00  100.00    52    281.00      0.00  117180    9108   0.01      0.00      0.00      0.00       0  sysbench
01:32:34 PM  1001     10074  100.00    0.00    0.00    0.00  100.00    52      0.00      0.00  117180    9108   0.01      0.00      0.00      0.00       0  sysbench
01:32:35 PM  1001     10074  100.00    0.00    0.00    0.00  100.00    52     13.00      0.00  117180    9108   0.01      0.00      0.00      0.00       0  sysbench
01:32:36 PM  1001     10074  100.00    0.00    0.00    0.00  100.00    52    268.00      0.00  117180    9108   0.01      0.00      0.00      0.00       0  sysbench

01:31:53 PM  1001      9390  100.00    0.00    0.00    0.00  100.00    17    355.34      0.00  117180    8820   0.01      0.00      0.00      0.00       0  sysbench
01:31:54 PM  1001      9390  100.00    0.00    0.00    0.00  100.00    17     21.00      0.00  117180    8932   0.01      0.00      0.00      0.00       0  sysbench
01:31:55 PM  1001      9390  100.00    0.00    0.00    0.00  100.00    17    102.00      0.00  117180    8940   0.01      0.00      0.00      0.00       0  sysbench
01:31:56 PM  1001      9390  100.00    0.00    0.00    0.00  100.00    17    179.00      0.00  117180    8940   0.01      0.00      0.00      0.00       0  sysbench
01:31:57 PM  1001      9390  100.00    0.00    0.00    0.00  100.00    17      0.00      0.00  117180    8940   0.01      0.00      0.00      0.00       0  sysbench
01:31:58 PM  1001      9390  100.00    0.00    0.00    0.00  100.00    17    281.00      0.00  117180    8940   0.01      0.00      0.00      0.00       0  sysbench
01:31:59 PM  1001      9390  100.00    0.00    0.00    0.00  100.00    17      0.00      0.00  117180    8940   0.01      0.00      0.00      0.00       0  sysbench
01:32:00 PM  1001      9390  100.00    0.00    0.00    0.00  100.00    17      0.00      0.00  117180    8940   0.01      0.00      0.00      0.00       0  sysbench
01:32:01 PM  1001      9390  100.00    0.00    0.00    0.00  100.00    17    281.00      0.00  117180    8940   0.01      0.00      0.00      0.00       0  sysbench

01:31:42 PM  1001      9161  100.00    0.00    0.00    0.00  100.00    11    331.07      0.00  117180    9012   0.01      0.00      0.00      0.00       0  sysbench
01:31:43 PM  1001      9161  100.00    0.00    0.00    0.00  100.00    11    111.00      0.00  117180    9136   0.01      0.00      0.00      0.00       0  sysbench
01:31:44 PM  1001      9161  100.00    0.00    0.00    0.00  100.00    11    109.00      0.00  117180    9136   0.01      0.00      0.00      0.00       0  sysbench
01:31:45 PM  1001      9161  100.00    0.00    0.00    0.00  100.00    11    172.00      0.00  117180    9136   0.01      0.00      0.00      0.00       0  sysbench
01:31:46 PM  1001      9161  100.00    0.00    0.00    0.00  100.00    11      0.00      0.00  117180    9136   0.01      0.00      0.00      0.00       0  sysbench
01:31:47 PM  1001      9161  100.00    0.00    0.00    0.00  100.00    11    281.00      0.00  117180    9136   0.01      0.00      0.00      0.00       0  sysbench
01:31:48 PM  1001      9161  100.00    0.00    0.00    0.00  100.00    11      0.00      0.00  117180    9136   0.01      0.00      0.00      0.00       0  sysbench
01:31:49 PM  1001      9161  100.00    0.00    0.00    0.00  100.00    11      0.00      0.00  117180    9136   0.01      0.00      0.00      0.00       0  sysbench
01:31:50 PM  1001      9161  100.00    0.00    0.00    0.00  100.00    11    281.00      0.00  117180    9136   0.01      0.00      0.00      0.00       0  sysbench

01:31:10 PM  1001      8526  100.00    0.00    0.00    0.00  100.00    13    351.92      0.00  117180    8804   0.01      0.00      0.00      0.00       0  sysbench
01:31:11 PM  1001      8526  100.00    0.00    0.00    0.00  100.00    13     19.00      0.00  117180    8980   0.01      0.00      0.00      0.00       0  sysbench
01:31:12 PM  1001      8526  100.00    0.00    0.00    0.00  100.00    13    100.00      0.00  117180    8984   0.01      0.00      0.00      0.00       0  sysbench
01:31:13 PM  1001      8526  100.00    0.00    0.00    0.00  100.00    13    181.00      0.00  117180    8984   0.01      0.00      0.00      0.00       0  sysbench
01:31:14 PM  1001      8526  100.00    0.00    0.00    0.00  100.00    13      0.00      0.00  117180    8984   0.01      0.00      0.00      0.00       0  sysbench
01:31:15 PM  1001      8526  100.00    0.00    0.00    0.00  100.00    13    281.00      0.00  117180    8984   0.01      0.00      0.00      0.00       0  sysbench
01:31:16 PM  1001      8526  100.00    0.00    0.00    0.00  100.00    13      0.00      0.00  117180    8984   0.01      0.00      0.00      0.00       0  sysbench
01:31:17 PM  1001      8526  100.00    0.00    0.00    0.00  100.00    13      0.00      0.00  117180    8984   0.01      0.00      0.00      0.00       0  sysbench
01:31:18 PM  1001      8526  100.00    0.00    0.00    0.00  100.00    13    281.00      0.00  117180    8984   0.01      0.00      0.00      0.00       0  sysbench

01:32:04 PM  1001      9594  100.00    0.00    0.00    0.00  100.00    31    328.85      0.00  117180    9016   0.01      0.00      0.00      0.00       0  sysbench
01:32:05 PM  1001      9594  100.00    0.00    0.00    0.00  100.00    31    121.00      0.00  117180    9152   0.01      0.00      0.00      0.00       0  sysbench
01:32:06 PM  1001      9594  100.00    0.00    0.00    0.00  100.00    31    104.00      0.00  117180    9152   0.01      0.00      0.00      0.00       0  sysbench
01:32:07 PM  1001      9594  100.00    0.00    0.00    0.00  100.00    31    177.00      0.00  117180    9152   0.01      0.00      0.00      0.00       0  sysbench
01:32:08 PM  1001      9594  100.00    0.00    0.00    0.00  100.00    31      0.00      0.00  117180    9152   0.01      0.00      0.00      0.00       0  sysbench
01:32:09 PM  1001      9594  100.00    0.00    0.00    0.00  100.00    31    281.00      0.00  117180    9152   0.01      0.00      0.00      0.00       0  sysbench
01:32:10 PM  1001      9594  100.00    0.00    0.00    0.00  100.00    31      1.00      0.00  117180    9152   0.01      0.00      0.00      0.00       0  sysbench
01:32:11 PM  1001      9594  100.00    0.00    0.00    0.00  100.00    31     16.00      0.00  117180    9152   0.01      0.00      0.00      0.00       0  sysbench
01:32:12 PM  1001      9594  100.00    0.00    0.00    0.00  100.00    31    265.00      0.00  117180    9204   0.01      0.00      0.00      0.00       0  sysbench

01:30:59 PM  1001      8335  100.00    0.00    0.00    0.00  100.00     5    326.21      0.00  117180    9128   0.01      0.00      0.00      0.00       0  sysbench
01:31:00 PM  1001      8335  100.00    0.00    0.00    0.00  100.00     5    104.00      0.00  117180    9140   0.01      0.00      0.00      0.00       0  sysbench
01:31:01 PM  1001      8335  100.00    0.00    0.00    0.00  100.00     5     95.00      0.00  117180    9140   0.01      0.00      0.00      0.00       0  sysbench
01:31:02 PM  1001      8335  100.00    0.00    0.00    0.00  100.00     5    186.00      0.00  117180    9140   0.01      0.00      0.00      0.00       0  sysbench
01:31:03 PM  1001      8335  100.00    0.00    0.00    0.00  100.00     5      0.00      0.00  117180    9140   0.01      0.00      0.00      0.00       0  sysbench
01:31:04 PM  1001      8335  100.00    0.00    0.00    0.00  100.00     5    281.00      0.00  117180    9140   0.01      0.00      0.00      0.00       0  sysbench
01:31:05 PM  1001      8335  100.00    0.00    0.00    0.00  100.00     5      0.00      0.00  117180    9140   0.01      0.00      0.00      0.00       0  sysbench
01:31:06 PM  1001      8335  100.00    0.00    0.00    0.00  100.00     5      0.00      0.00  117180    9140   0.01      0.00      0.00      0.00       0  sysbench
01:31:07 PM  1001      8335  100.00    0.00    0.00    0.00  100.00     5    281.00      0.00  117180    9140   0.01      0.00      0.00      0.00       0  sysbench

01:32:16 PM  1001      9781  100.00    0.00    0.00    0.00  100.00    49    339.81      0.00  117180    8912   0.01      0.00      0.00      0.00       0  sysbench
01:32:17 PM  1001      9781  100.00    0.00    0.00    0.00  100.00    49     25.00      0.00  117180    9144   0.01      0.00      0.00      0.00       0  sysbench
01:32:18 PM  1001      9781  100.00    0.00    0.00    0.00  100.00    49    109.00      0.00  117180    9144   0.01      0.00      0.00      0.00       0  sysbench
01:32:19 PM  1001      9781  100.00    0.00    0.00    0.00  100.00    49    172.00      0.00  117180    9144   0.01      0.00      0.00      0.00       0  sysbench
01:32:20 PM  1001      9781  100.00    0.00    0.00    0.00  100.00    49      0.00      0.00  117180    9144   0.01      0.00      0.00      0.00       0  sysbench
01:32:21 PM  1001      9781  100.00    0.00    0.00    0.00  100.00    49    281.00      0.00  117180    9144   0.01      0.00      0.00      0.00       0  sysbench
01:32:22 PM  1001      9781  100.00    0.00    0.00    0.00  100.00    49      0.00      0.00  117180    9144   0.01      0.00      0.00      0.00       0  sysbench
01:32:23 PM  1001      9781  100.00    0.00    0.00    0.00  100.00    49      0.00      0.00  117180    9144   0.01      0.00      0.00      0.00       0  sysbench
01:32:24 PM  1001      9781  100.00    0.00    0.00    0.00  100.00    49    281.00      0.00  117180    9144   0.01      0.00      0.00      0.00       0  sysbench

01:31:31 PM  1001      8977  100.00    0.00    0.00    0.00  100.00    23    357.28      0.00  117180    9084   0.01      0.00      0.00      0.00       0  sysbench
01:31:32 PM  1001      8977  100.00    0.00    0.00    0.00  100.00    23     10.00      0.00  117180    9084   0.01      0.00      0.00      0.00       0  sysbench
01:31:33 PM  1001      8977  100.00    0.00    0.00    0.00  100.00    23    101.00      0.00  117180    9092   0.01      0.00      0.00      0.00       0  sysbench
01:31:34 PM  1001      8977  100.00    0.00    0.00    0.00  100.00    23    180.00      0.00  117180    9096   0.01      0.00      0.00      0.00       0  sysbench
01:31:35 PM  1001      8977  100.00    0.00    0.00    0.00  100.00    23      0.00      0.00  117180    9096   0.01      0.00      0.00      0.00       0  sysbench
01:31:36 PM  1001      8977  100.00    0.00    0.00    0.00  100.00    23    281.00      0.00  117180    9096   0.01      0.00      0.00      0.00       0  sysbench
01:31:37 PM  1001      8977  100.00    0.00    0.00    0.00  100.00    23      0.00      0.00  117180    9096   0.01      0.00      0.00      0.00       0  sysbench
01:31:38 PM  1001      8977  100.00    0.00    0.00    0.00  100.00    23      0.00      0.00  117180    9096   0.01      0.00      0.00      0.00       0  sysbench
01:31:39 PM  1001      8977  100.00    0.00    0.00    0.00  100.00    23    281.00      0.00  117180    9096   0.01      0.00      0.00      0.00       0  sysbench

01:30:49 PM  1001      8152  100.00    0.00    0.00    0.00  100.00    15    343.69      0.00  117180    9056   0.01      0.00      0.00      0.00       0  sysbench
01:30:50 PM  1001      8152  100.00    0.00    0.00    0.00  100.00    15     52.00      0.00  117180    9168   0.01      0.00      0.00      0.00       0  sysbench
01:30:51 PM  1001      8152  100.00    0.00    0.00    0.00  100.00    15    103.00      0.00  117180    9176   0.01      0.00      0.00      0.00       0  sysbench
01:30:52 PM  1001      8152  100.00    0.00    0.00    0.00  100.00    15    178.00      0.00  117180    9176   0.01      0.00      0.00      0.00       0  sysbench
01:30:53 PM  1001      8152  100.00    0.00    0.00    0.00  100.00    15      0.00      0.00  117180    9176   0.01      0.00      0.00      0.00       0  sysbench
01:30:54 PM  1001      8152  100.00    0.00    0.00    0.00  100.00    15    281.00      0.00  117180    9176   0.01      0.00      0.00      0.00       0  sysbench
01:30:55 PM  1001      8152  100.00    0.00    0.00    0.00  100.00    15      0.00      0.00  117180    9176   0.01      0.00      0.00      0.00       0  sysbench
01:30:56 PM  1001      8152  100.00    0.00    0.00    0.00  100.00    15      0.00      0.00  117180    9176   0.01      0.00      0.00      0.00       0  sysbench
01:30:57 PM  1001      8152  100.00    0.00    0.00    0.00  100.00    15    281.00      0.00  117180    9176   0.01      0.00      0.00      0.00       0  sysbench

01:31:20 PM  1001      8796  100.00    0.00    0.00    0.00  100.00    17    324.27      0.00  117180    8988   0.01      0.00      0.00      0.00       0  sysbench
01:31:21 PM  1001      8796  100.00    0.00    0.00    0.00  100.00    17    134.00      0.00  117180    9104   0.01      0.00      0.00      0.00       0  sysbench
01:31:22 PM  1001      8796  100.00    0.00    0.00    0.00  100.00    17     91.00      0.00  117180    9104   0.01      0.00      0.00      0.00       0  sysbench
01:31:23 PM  1001      8796  100.00    0.00    0.00    0.00  100.00    17    190.00      0.00  117180    9104   0.01      0.00      0.00      0.00       0  sysbench
01:31:24 PM  1001      8796  100.00    0.00    0.00    0.00  100.00    17      0.00      0.00  117180    9104   0.01      0.00      0.00      0.00       0  sysbench
01:31:25 PM  1001      8796  100.00    0.00    0.00    0.00  100.00    17    281.00      0.00  117180    9104   0.01      0.00      0.00      0.00       0  sysbench
01:31:26 PM  1001      8796  100.00    0.00    0.00    0.00  100.00    17      0.00      0.00  117180    9104   0.01      0.00      0.00      0.00       0  sysbench
01:31:27 PM  1001      8796  100.00    0.00    0.00    0.00  100.00    17     21.00      0.00  117180    9104   0.01      0.00      0.00      0.00       0  sysbench
01:31:28 PM  1001      8796  100.00    0.00    0.00    0.00  100.00    17    260.00      0.00  117180    9104   0.01      0.00      0.00      0.00       0  sysbench

