02:59:46 PM  1001      6867  100.00    0.00    0.00    0.00  100.00    55    277.67      0.00  117180    8972   0.01      0.00      0.00      0.00       0  sysbench
02:59:47 PM  1001      6867  100.00    0.00    0.00    0.00  100.00    55    119.00      0.00  117180    9116   0.01      0.00      0.00      0.00       0  sysbench
02:59:48 PM  1001      6867  100.00    0.00    0.00    0.00  100.00    55      0.00      0.00  117180    9116   0.01      0.00      0.00      0.00       0  sysbench
02:59:49 PM  1001      6867   99.01    0.00    0.00    0.00   99.01    55      0.00      0.00  117180    9116   0.01      0.00      0.00      0.00       0  sysbench
02:59:50 PM  1001      6867  100.00    0.00    0.00    0.00  100.00    55      0.00      0.00  117180    9116   0.01      0.00      0.00      0.00       0  sysbench
02:59:51 PM  1001      6867  100.00    0.00    0.00    0.00  100.00    55    281.00      0.00  117180    9116   0.01      0.00      0.00      0.00       0  sysbench
02:59:52 PM  1001      6867  100.00    0.00    0.00    0.00  100.00    55      0.00      0.00  117180    9116   0.01      0.00      0.00      0.00       0  sysbench
02:59:53 PM  1001      6867  100.00    0.00    0.00    0.00  100.00    55      0.00      0.00  117180    9116   0.01      0.00      0.00      0.00       0  sysbench
02:59:54 PM  1001      6867  100.00    0.00    0.00    0.00  100.00    55      0.00      0.00  117180    9116   0.01      0.00      0.00      0.00       0  sysbench

02:59:11 PM  1001      6214  100.00    0.00    0.00    0.00  100.00    55    280.58      0.00  117180    8960   0.01      0.00      0.00      0.00       0  sysbench
02:59:12 PM  1001      6214  100.00    0.00    0.00    0.00  100.00    55     31.00      0.00  117180    8960   0.01      0.00      0.00      0.00       0  sysbench
02:59:13 PM  1001      6214  100.00    0.00    0.00    0.00  100.00    55      0.00      0.00  117180    8960   0.01      0.00      0.00      0.00       0  sysbench
02:59:14 PM  1001      6214  100.00    0.00    0.00    0.00  100.00    55      0.00      0.00  117180    8960   0.01      0.00      0.00      0.00       0  sysbench
02:59:15 PM  1001      6214  100.00    0.00    0.00    0.00  100.00    55      0.00      0.00  117180    8960   0.01      0.00      0.00      0.00       0  sysbench
02:59:16 PM  1001      6214  100.00    0.00    0.00    0.00  100.00    55    282.00      0.00  117180    9152   0.01      0.00      0.00      0.00       0  sysbench
02:59:17 PM  1001      6214  100.00    0.00    0.00    0.00  100.00    55      0.00      0.00  117180    9152   0.01      0.00      0.00      0.00       0  sysbench
02:59:18 PM  1001      6214  100.00    0.00    0.00    0.00  100.00    55      0.00      0.00  117180    9152   0.01      0.00      0.00      0.00       0  sysbench
02:59:19 PM  1001      6214   99.00    0.00    0.00    0.00   99.00    55      0.00      0.00  117180    9152   0.01      0.00      0.00      0.00       0  sysbench

02:59:00 PM  1001      6006  100.00    0.00    0.00    0.00  100.00    45    275.00      0.00  117180    8940   0.01      0.00      0.00      0.00       0  sysbench
02:59:01 PM  1001      6006  100.00    0.00    0.00    0.00  100.00    45    121.00      0.00  117180    9112   0.01      0.00      0.00      0.00       0  sysbench
02:59:02 PM  1001      6006  100.00    0.00    0.00    0.00  100.00    45      0.00      0.00  117180    9112   0.01      0.00      0.00      0.00       0  sysbench
02:59:03 PM  1001      6006  100.00    0.00    0.00    0.00  100.00    45      0.00      0.00  117180    9112   0.01      0.00      0.00      0.00       0  sysbench
02:59:04 PM  1001      6006  100.00    0.00    0.00    0.00  100.00    45      0.00      0.00  117180    9112   0.01      0.00      0.00      0.00       0  sysbench
02:59:05 PM  1001      6006  100.00    0.00    0.00    0.00  100.00    45    281.00      0.00  117180    9112   0.01      0.00      0.00      0.00       0  sysbench
02:59:06 PM  1001      6006  100.00    0.00    0.00    0.00  100.00    45      0.00      0.00  117180    9112   0.01      0.00      0.00      0.00       0  sysbench
02:59:07 PM  1001      6006  100.00    0.00    0.00    0.00  100.00    45    281.00      0.00  117180    9112   0.01      0.00      0.00      0.00       0  sysbench
02:59:08 PM  1001      6006  100.00    0.00    0.00    0.00  100.00    45      0.00      0.00  117180    9112   0.01      0.00      0.00      0.00       0  sysbench

02:58:27 PM  1001      5424  100.00    0.00    0.00    0.00  100.00    15    281.55      0.00  117180    8908   0.01      0.00      0.00      0.00       0  sysbench
02:58:28 PM  1001      5424  100.00    0.00    0.00    0.00  100.00    15     33.00      0.00  117180    8908   0.01      0.00      0.00      0.00       0  sysbench
02:58:29 PM  1001      5424  100.00    0.00    0.00    0.00  100.00    15      0.00      0.00  117180    8908   0.01      0.00      0.00      0.00       0  sysbench
02:58:30 PM  1001      5424  100.00    0.00    0.00    0.00  100.00    15      0.00      0.00  117180    8908   0.01      0.00      0.00      0.00       0  sysbench
02:58:31 PM  1001      5424  100.00    0.00    0.00    0.00  100.00    15      0.00      0.00  117180    8908   0.01      0.00      0.00      0.00       0  sysbench
02:58:32 PM  1001      5424  100.00    0.00    0.00    0.00  100.00    15    281.00      0.00  117180    9088   0.01      0.00      0.00      0.00       0  sysbench
02:58:33 PM  1001      5424  100.00    0.00    0.00    0.00  100.00    15      0.00      0.00  117180    9088   0.01      0.00      0.00      0.00       0  sysbench
02:58:34 PM  1001      5424  100.00    0.00    0.00    0.00  100.00    15      0.00      0.00  117180    9088   0.01      0.00      0.00      0.00       0  sysbench
02:58:35 PM  1001      5424  100.00    0.00    0.00    0.00  100.00    15     11.00      0.00  117180    9088   0.01      0.00      0.00      0.00       0  sysbench

02:59:22 PM  1001      6398   99.05    0.00    0.00    0.00   99.05    27    273.33      0.00  117180    8976   0.01      0.00      0.00      0.00       0  sysbench
02:59:23 PM  1001      6398  100.00    0.00    0.00    0.00  100.00    27     11.00      0.00  117180    8976   0.01      0.00      0.00      0.00       0  sysbench
02:59:24 PM  1001      6398  100.00    0.00    0.00    0.00  100.00    27      0.00      0.00  117180    8976   0.01      0.00      0.00      0.00       0  sysbench
02:59:25 PM  1001      6398  100.00    0.00    0.00    0.00  100.00    27      0.00      0.00  117180    8976   0.01      0.00      0.00      0.00       0  sysbench
02:59:26 PM  1001      6398  100.00    0.00    0.00    0.00  100.00    27      0.00      0.00  117180    8976   0.01      0.00      0.00      0.00       0  sysbench
02:59:27 PM  1001      6398  100.00    0.00    0.00    0.00  100.00    27    281.00      0.00  117180    9124   0.01      0.00      0.00      0.00       0  sysbench
02:59:28 PM  1001      6398  100.00    0.00    0.00    0.00  100.00    27      0.00      0.00  117180    9124   0.01      0.00      0.00      0.00       0  sysbench
02:59:29 PM  1001      6398  100.00    0.00    0.00    0.00  100.00    27      0.00      0.00  117180    9124   0.01      0.00      0.00      0.00       0  sysbench
02:59:30 PM  1001      6398  100.00    0.00    0.00    0.00  100.00    27     11.00      0.00  117180    9124   0.01      0.00      0.00      0.00       0  sysbench

02:58:17 PM  1001      5236  100.00    0.00    0.00    0.00  100.00    24    279.81      0.00  117180    8816   0.01      0.00      0.00      0.00       0  sysbench
02:58:18 PM  1001      5236  100.00    0.00    0.00    0.00  100.00    24    102.00      0.00  117180    8960   0.01      0.00      0.00      0.00       0  sysbench
02:58:19 PM  1001      5236  100.00    0.00    0.00    0.00  100.00    24      0.00      0.00  117180    8960   0.01      0.00      0.00      0.00       0  sysbench
02:58:20 PM  1001      5236  100.00    0.00    0.00    0.00  100.00    24      0.00      0.00  117180    8960   0.01      0.00      0.00      0.00       0  sysbench
02:58:21 PM  1001      5236  100.00    0.00    0.00    0.00  100.00    24     11.00      0.00  117180    8960   0.01      0.00      0.00      0.00       0  sysbench
02:58:22 PM  1001      5236  100.00    0.00    0.00    0.00  100.00    24    270.00      0.00  117180    8960   0.01      0.00      0.00      0.00       0  sysbench
02:58:23 PM  1001      5236  100.00    0.00    0.00    0.00  100.00    24      0.00      0.00  117180    8960   0.01      0.00      0.00      0.00       0  sysbench
02:58:24 PM  1001      5236  100.00    0.00    0.00    0.00  100.00    24      0.00      0.00  117180    8960   0.01      0.00      0.00      0.00       0  sysbench
02:58:25 PM  1001      5236  100.00    0.00    0.00    0.00  100.00    24      0.00      0.00  117180    8960   0.01      0.00      0.00      0.00       0  sysbench

02:59:34 PM  1001      6587  100.00    0.00    0.00    0.00  100.00     1    275.96      0.00  117180    8912   0.01      0.00      0.00      0.00       0  sysbench
02:59:35 PM  1001      6587  100.00    0.00    0.00    0.00  100.00     1    155.00      0.00  117180    9148   0.01      0.00      0.00      0.00       0  sysbench
02:59:36 PM  1001      6587  100.00    0.00    0.00    0.00  100.00     1      0.00      0.00  117180    9148   0.01      0.00      0.00      0.00       0  sysbench
02:59:37 PM  1001      6587  100.00    0.00    0.00    0.00  100.00     1      0.00      0.00  117180    9148   0.01      0.00      0.00      0.00       0  sysbench
02:59:38 PM  1001      6587  100.00    0.00    0.00    0.00  100.00     1      0.00      0.00  117180    9148   0.01      0.00      0.00      0.00       0  sysbench
02:59:39 PM  1001      6587  100.00    0.00    0.00    0.00  100.00     1    281.00      0.00  117180    9148   0.01      0.00      0.00      0.00       0  sysbench
02:59:40 PM  1001      6587  100.00    0.00    0.00    0.00  100.00     1      0.00      0.00  117180    9148   0.01      0.00      0.00      0.00       0  sysbench
02:59:41 PM  1001      6587  100.00    0.00    0.00    0.00  100.00     1      0.00      0.00  117180    9148   0.01      0.00      0.00      0.00       0  sysbench
02:59:42 PM  1001      6587  100.00    0.00    0.00    0.00  100.00     1      0.00      0.00  117180    9148   0.01      0.00      0.00      0.00       0  sysbench
02:59:43 PM  1001      6587  100.00    0.00    0.00    0.00  100.00     1    282.00      0.00  117180    9148   0.01      0.00      0.00      0.00       0  sysbench

02:58:49 PM  1001      5822  100.00    0.00    0.00    0.00  100.00    47    280.58      0.00  117180    8784   0.01      0.00      0.00      0.00       0  sysbench
02:58:50 PM  1001      5822  100.00    0.00    0.00    0.00  100.00    47     12.00      0.00  117180    8784   0.01      0.00      0.00      0.00       0  sysbench
02:58:51 PM  1001      5822   99.00    0.00    0.00    0.00   99.00    47      0.00      0.00  117180    8784   0.01      0.00      0.00      0.00       0  sysbench
02:58:52 PM  1001      5822  100.00    0.00    0.00    0.00  100.00    47      0.00      0.00  117180    8784   0.01      0.00      0.00      0.00       0  sysbench
02:58:53 PM  1001      5822  100.00    0.00    0.00    0.00  100.00    47      0.00      0.00  117180    8784   0.01      0.00      0.00      0.00       0  sysbench
02:58:54 PM  1001      5822  100.00    0.00    0.00    0.00  100.00    47    281.00      0.00  117180    8924   0.01      0.00      0.00      0.00       0  sysbench
02:58:55 PM  1001      5822  100.00    0.00    0.00    0.00  100.00    47      0.00      0.00  117180    8924   0.01      0.00      0.00      0.00       0  sysbench
02:58:56 PM  1001      5822  100.00    0.00    0.00    0.00  100.00    47    281.00      0.00  117180    8924   0.01      0.00      0.00      0.00       0  sysbench
02:58:57 PM  1001      5822  100.00    0.00    0.00    0.00  100.00    47      0.00      0.00  117180    8924   0.01      0.00      0.00      0.00       0  sysbench
02:58:58 PM  1001      5822  100.00    0.00    0.00    0.00  100.00    47      1.00      0.00  117180    8924   0.01      0.00      0.00      0.00       0  sysbench

02:58:06 PM  1001      5055  100.00    0.00    0.00    0.00  100.00    13    277.88      0.00  117180    8920   0.01      0.00      0.00      0.00       0  sysbench
02:58:07 PM  1001      5055  100.00    0.00    0.00    0.00  100.00    13     86.00      0.00  117180    9104   0.01      0.00      0.00      0.00       0  sysbench
02:58:08 PM  1001      5055  100.00    0.00    0.00    0.00  100.00    13      0.00      0.00  117180    9104   0.01      0.00      0.00      0.00       0  sysbench
02:58:09 PM  1001      5055  100.00    0.00    0.00    0.00  100.00    13      0.00      0.00  117180    9104   0.01      0.00      0.00      0.00       0  sysbench
02:58:10 PM  1001      5055  100.00    0.00    0.00    0.00  100.00    13      0.00      0.00  117180    9104   0.01      0.00      0.00      0.00       0  sysbench
02:58:11 PM  1001      5055  100.00    0.00    0.00    0.00  100.00    13    281.00      0.00  117180    9104   0.01      0.00      0.00      0.00       0  sysbench
02:58:12 PM  1001      5055  100.00    0.00    0.00    0.00  100.00    13      0.00      0.00  117180    9104   0.01      0.00      0.00      0.00       0  sysbench
02:58:13 PM  1001      5055  100.00    0.00    0.00    0.00  100.00    13      0.00      0.00  117180    9104   0.01      0.00      0.00      0.00       0  sysbench
02:58:14 PM  1001      5055  100.00    0.00    0.00    0.00  100.00    13      0.00      0.00  117180    9104   0.01      0.00      0.00      0.00       0  sysbench
02:58:15 PM  1001      5055  100.00    0.00    0.00    0.00  100.00    13    282.00      0.00  117180    9104   0.01      0.00      0.00      0.00       0  sysbench

02:58:38 PM  1001      5599  100.00    0.00    0.00    0.00  100.00    21    281.55      0.00  117180    8992   0.01      0.00      0.00      0.00       0  sysbench
02:58:39 PM  1001      5599  100.00    0.00    0.00    0.00  100.00    21     15.00      0.00  117180    8992   0.01      0.00      0.00      0.00       0  sysbench
02:58:40 PM  1001      5599  100.00    0.00    0.00    0.00  100.00    21      0.00      0.00  117180    8992   0.01      0.00      0.00      0.00       0  sysbench
02:58:41 PM  1001      5599  100.00    0.00    0.00    0.00  100.00    21      0.00      0.00  117180    8992   0.01      0.00      0.00      0.00       0  sysbench
02:58:42 PM  1001      5599  100.00    0.00    0.00    0.00  100.00    21     11.00      0.00  117180    8992   0.01      0.00      0.00      0.00       0  sysbench
02:58:43 PM  1001      5599  100.00    0.00    0.00    0.00  100.00    21    270.00      0.00  117180    9136   0.01      0.00      0.00      0.00       0  sysbench
02:58:44 PM  1001      5599  100.00    0.00    0.00    0.00  100.00    21      0.00      0.00  117180    9136   0.01      0.00      0.00      0.00       0  sysbench
02:58:45 PM  1001      5599  100.00    0.00    0.00    0.00  100.00    21    281.00      0.00  117180    9136   0.01      0.00      0.00      0.00       0  sysbench
02:58:46 PM  1001      5599  100.00    0.00    0.00    0.00  100.00    21      0.00      0.00  117180    9136   0.01      0.00      0.00      0.00       0  sysbench
02:58:47 PM  1001      5599  100.00    0.00    0.00    0.00  100.00    21      1.00      0.00  117180    9136   0.01      0.00      0.00      0.00       0  sysbench

