02:06:31 PM  1001     18198  100.00    0.00    0.00    0.00  100.00    23    327.18      0.00  117180    8820   0.01      0.00      0.00      0.00       0  sysbench
02:06:32 PM  1001     18198  100.00    0.00    0.00    0.00  100.00    23     83.00      0.00  117180    9080   0.01      0.00      0.00      0.00       0  sysbench
02:06:33 PM  1001     18198  100.00    0.00    0.00    0.00  100.00    23     16.00      0.00  117180    9080   0.01      0.00      0.00      0.00       0  sysbench
02:06:34 PM  1001     18198  100.00    0.00    0.00    0.00  100.00    23    265.00      0.00  117180    9136   0.01      0.00      0.00      0.00       0  sysbench
02:06:35 PM  1001     18198  100.00    0.00    0.00    0.00  100.00    23      0.00      0.00  117180    9136   0.01      0.00      0.00      0.00       0  sysbench
02:06:36 PM  1001     18198  100.00    0.00    0.00    0.00  100.00    23    281.00      0.00  117180    9136   0.01      0.00      0.00      0.00       0  sysbench
02:06:37 PM  1001     18198  100.00    0.00    0.00    0.00  100.00    23      0.00      0.00  117180    9136   0.01      0.00      0.00      0.00       0  sysbench
02:06:38 PM  1001     18198  100.00    0.00    0.00    0.00  100.00    23      0.00      0.00  117180    9136   0.01      0.00      0.00      0.00       0  sysbench
02:06:39 PM  1001     18198  100.00    0.00    0.00    0.00  100.00    23     17.00      0.00  117180    9136   0.01      0.00      0.00      0.00       0  sysbench

02:05:56 PM  1001     17562  100.00    0.96    0.00    0.00  100.00    23    296.15      0.00  117180    8800   0.01      0.00      0.00      0.00       0  sysbench
02:05:57 PM  1001     17562  100.00    0.00    0.00    0.00  100.00    23    179.00      0.00  117180    9028   0.01      0.00      0.00      0.00       0  sysbench
02:05:58 PM  1001     17562  100.00    0.00    0.00    0.00  100.00    23     18.00      0.00  117180    9056   0.01      0.00      0.00      0.00       0  sysbench
02:05:59 PM  1001     17562  100.00    0.00    0.00    0.00  100.00    23    263.00      0.00  117180    9056   0.01      0.00      0.00      0.00       0  sysbench
02:06:00 PM  1001     17562  100.00    0.00    0.00    0.00  100.00    23      0.00      0.00  117180    9056   0.01      0.00      0.00      0.00       0  sysbench
02:06:01 PM  1001     17562  100.00    0.00    0.00    0.00  100.00    23    281.00      0.00  117180    9056   0.01      0.00      0.00      0.00       0  sysbench
02:06:02 PM  1001     17562  100.00    0.00    0.00    0.00  100.00    23      0.00      0.00  117180    9056   0.01      0.00      0.00      0.00       0  sysbench
02:06:03 PM  1001     17562  100.00    0.00    0.00    0.00  100.00    23      0.00      0.00  117180    9056   0.01      0.00      0.00      0.00       0  sysbench
02:06:04 PM  1001     17562  100.00    0.00    0.00    0.00  100.00    23    281.00      0.00  117180    9056   0.01      0.00      0.00      0.00       0  sysbench

02:05:45 PM  1001     17322  100.00    0.00    0.00    0.00  100.00    23    277.88      0.00  117180    8632   0.01      0.00      0.00      0.00       0  sysbench
02:05:46 PM  1001     17322  100.00    0.00    0.00    0.00  100.00    23    232.00      0.00  117180    9032   0.01      0.00      0.00      0.00       0  sysbench
02:05:47 PM  1001     17322  100.00    0.00    0.00    0.00  100.00    23     15.00      0.00  117180    9032   0.01      0.00      0.00      0.00       0  sysbench
02:05:48 PM  1001     17322  100.00    0.00    0.00    0.00  100.00    23    266.00      0.00  117180    9032   0.01      0.00      0.00      0.00       0  sysbench
02:05:49 PM  1001     17322  100.00    0.00    0.00    0.00  100.00    23      0.00      0.00  117180    9032   0.01      0.00      0.00      0.00       0  sysbench
02:05:50 PM  1001     17322  100.00    0.00    0.00    0.00  100.00    23    281.00      0.00  117180    9032   0.01      0.00      0.00      0.00       0  sysbench
02:05:51 PM  1001     17322  100.00    0.00    0.00    0.00  100.00    23      0.00      0.00  117180    9032   0.01      0.00      0.00      0.00       0  sysbench
02:05:52 PM  1001     17322  100.00    0.00    0.00    0.00  100.00    23      0.00      0.00  117180    9032   0.01      0.00      0.00      0.00       0  sysbench
02:05:53 PM  1001     17322  100.00    0.00    0.00    0.00  100.00    23     18.00      0.00  117180    9032   0.01      0.00      0.00      0.00       0  sysbench

02:05:12 PM  1001     15575  100.00    0.96    0.00    0.00  100.00    23    300.00      0.00  117180    8892   0.01      0.00      0.00      0.00       0  sysbench
02:05:13 PM  1001     15575  100.00    0.00    0.00    0.00  100.00    23    185.00      0.00  117180    9148   0.01      0.00      0.00      0.00       0  sysbench
02:05:14 PM  1001     15575  100.00    0.00    0.00    0.00  100.00    23     17.00      0.00  117180    9148   0.01      0.00      0.00      0.00       0  sysbench
02:05:15 PM  1001     15575  100.00    0.00    0.00    0.00  100.00    23    264.00      0.00  117180    9148   0.01      0.00      0.00      0.00       0  sysbench
02:05:16 PM  1001     15575  100.00    0.00    0.00    0.00  100.00    23      0.00      0.00  117180    9148   0.01      0.00      0.00      0.00       0  sysbench
02:05:17 PM  1001     15575  100.00    0.00    0.00    0.00  100.00    23    281.00      0.00  117180    9148   0.01      0.00      0.00      0.00       0  sysbench
02:05:18 PM  1001     15575  100.00    0.00    0.00    0.00  100.00    23      0.00      0.00  117180    9148   0.01      0.00      0.00      0.00       0  sysbench
02:05:19 PM  1001     15575  100.00    0.00    0.00    0.00  100.00    23      0.00      0.00  117180    9148   0.01      0.00      0.00      0.00       0  sysbench
02:05:20 PM  1001     15575  100.00    0.00    0.00    0.00  100.00    23     14.00      0.00  117180    9148   0.01      0.00      0.00      0.00       0  sysbench

02:06:07 PM  1001     17772  100.00    0.00    0.00    0.00  100.00    21    293.27      0.00  117180    8704   0.01      0.00      0.00      0.00       0  sysbench
02:06:08 PM  1001     17772  100.00    0.00    0.00    0.00  100.00    21    164.00      0.00  117180    9164   0.01      0.00      0.00      0.00       0  sysbench
02:06:09 PM  1001     17772  100.00    0.00    0.00    0.00  100.00    21     15.00      0.00  117180    9164   0.01      0.00      0.00      0.00       0  sysbench
02:06:10 PM  1001     17772  100.00    0.00    0.00    0.00  100.00    21    266.00      0.00  117180    9164   0.01      0.00      0.00      0.00       0  sysbench
02:06:11 PM  1001     17772  100.00    0.00    0.00    0.00  100.00    21      0.00      0.00  117180    9164   0.01      0.00      0.00      0.00       0  sysbench
02:06:12 PM  1001     17772  100.00    0.00    0.00    0.00  100.00    21      0.00      0.00  117180    9164   0.01      0.00      0.00      0.00       0  sysbench
02:06:13 PM  1001     17772  100.00    0.00    0.00    0.00  100.00    21     15.00      0.00  117180    9164   0.01      0.00      0.00      0.00       0  sysbench
02:06:14 PM  1001     17772  100.00    0.00    0.00    0.00  100.00    21    266.00      0.00  117180    9164   0.01      0.00      0.00      0.00       0  sysbench
02:06:15 PM  1001     17772  100.00    0.00    0.00    0.00  100.00    21      0.00      0.00  117180    9164   0.01      0.00      0.00      0.00       0  sysbench

02:05:02 PM  1001     15344  100.00    0.00    0.00    0.00  100.00    43    349.04      0.00  117180    8844   0.01      0.00      0.00      0.00       0  sysbench
02:05:03 PM  1001     15344  100.00    0.00    0.00    0.00  100.00    43     10.00      0.00  117180    8844   0.01      0.00      0.00      0.00       0  sysbench
02:05:04 PM  1001     15344  100.00    0.00    0.00    0.00  100.00    43     16.00      0.00  117180    8844   0.01      0.00      0.00      0.00       0  sysbench
02:05:05 PM  1001     15344  100.00    0.00    0.00    0.00  100.00    43    265.00      0.00  117180    9100   0.01      0.00      0.00      0.00       0  sysbench
02:05:06 PM  1001     15344  100.00    0.00    0.00    0.00  100.00    43      0.00      0.00  117180    9100   0.01      0.00      0.00      0.00       0  sysbench
02:05:07 PM  1001     15344  100.00    0.00    0.00    0.00  100.00    43    281.00      0.00  117180    9100   0.01      0.00      0.00      0.00       0  sysbench
02:05:08 PM  1001     15344  100.00    0.00    0.00    0.00  100.00    43      0.00      0.00  117180    9100   0.01      0.00      0.00      0.00       0  sysbench
02:05:09 PM  1001     15344  100.00    0.00    0.00    0.00  100.00    43      0.00      0.00  117180    9100   0.01      0.00      0.00      0.00       0  sysbench
02:05:10 PM  1001     15344  100.00    0.00    0.00    0.00  100.00    43     39.00      0.00  117180    9100   0.01      0.00      0.00      0.00       0  sysbench

02:06:19 PM  1001     18008   99.05    0.00    0.00    0.00   99.05    19    293.33      0.00  117180    8492   0.01      0.00      0.00      0.00       0  sysbench
02:06:20 PM  1001     18008  100.00    0.00    0.00    0.00  100.00    19    130.00      0.00  117180    8964   0.01      0.00      0.00      0.00       0  sysbench
02:06:21 PM  1001     18008  100.00    0.00    0.00    0.00  100.00    19     18.00      0.00  117180    8964   0.01      0.00      0.00      0.00       0  sysbench
02:06:22 PM  1001     18008  100.00    0.00    0.00    0.00  100.00    19    263.00      0.00  117180    8964   0.01      0.00      0.00      0.00       0  sysbench
02:06:23 PM  1001     18008  100.00    0.00    0.00    0.00  100.00    19      0.00      0.00  117180    8964   0.01      0.00      0.00      0.00       0  sysbench
02:06:24 PM  1001     18008  100.00    0.00    0.00    0.00  100.00    19    281.00      0.00  117180    8964   0.01      0.00      0.00      0.00       0  sysbench
02:06:25 PM  1001     18008  100.00    0.00    0.00    0.00  100.00    19      0.00      0.00  117180    8964   0.01      0.00      0.00      0.00       0  sysbench
02:06:26 PM  1001     18008  100.00    0.00    0.00    0.00  100.00    19      0.00      0.00  117180    8964   0.01      0.00      0.00      0.00       0  sysbench
02:06:27 PM  1001     18008  100.00    0.00    0.00    0.00  100.00    19     20.00      0.00  117180    8964   0.01      0.00      0.00      0.00       0  sysbench

02:05:34 PM  1001     17153  100.00    0.00    0.00    0.00  100.00    23    284.62      0.00  117180    8600   0.01      0.00      0.00      0.00       0  sysbench
02:05:35 PM  1001     17153  100.00    0.00    0.00    0.00  100.00    23    160.00      0.00  117180    9052   0.01      0.00      0.00      0.00       0  sysbench
02:05:36 PM  1001     17153  100.00    0.00    0.00    0.00  100.00    23     15.00      0.00  117180    9052   0.01      0.00      0.00      0.00       0  sysbench
02:05:37 PM  1001     17153  100.00    0.00    0.00    0.00  100.00    23    266.00      0.00  117180    9052   0.01      0.00      0.00      0.00       0  sysbench
02:05:38 PM  1001     17153  100.00    0.00    0.00    0.00  100.00    23      0.00      0.00  117180    9052   0.01      0.00      0.00      0.00       0  sysbench
02:05:39 PM  1001     17153  100.00    0.00    0.00    0.00  100.00    23    281.00      0.00  117180    9052   0.01      0.00      0.00      0.00       0  sysbench
02:05:40 PM  1001     17153  100.00    0.00    0.00    0.00  100.00    23      0.00      0.00  117180    9052   0.01      0.00      0.00      0.00       0  sysbench
02:05:41 PM  1001     17153  100.00    0.00    0.00    0.00  100.00    23      0.00      0.00  117180    9052   0.01      0.00      0.00      0.00       0  sysbench
02:05:42 PM  1001     17153  100.00    0.00    0.00    0.00  100.00    23     18.00      0.00  117180    9052   0.01      0.00      0.00      0.00       0  sysbench

02:04:52 PM  1001     15117  100.00    0.00    0.00    0.00  100.00    45    296.15      0.00  117180    8820   0.01      0.00      0.00      0.00       0  sysbench
02:04:53 PM  1001     15117  100.00    0.00    0.00    0.00  100.00    45    170.00      0.00  117180    9056   0.01      0.00      0.00      0.00       0  sysbench
02:04:54 PM  1001     15117  100.00    0.00    0.00    0.00  100.00    45     18.00      0.00  117180    9092   0.01      0.00      0.00      0.00       0  sysbench
02:04:55 PM  1001     15117  100.00    0.00    0.00    0.00  100.00    45    264.00      0.00  117180    9148   0.01      0.00      0.00      0.00       0  sysbench
02:04:56 PM  1001     15117  100.00    0.00    0.00    0.00  100.00    45      0.00      0.00  117180    9148   0.01      0.00      0.00      0.00       0  sysbench
02:04:57 PM  1001     15117  100.00    0.00    0.00    0.00  100.00    45      0.00      0.00  117180    9148   0.01      0.00      0.00      0.00       0  sysbench
02:04:58 PM  1001     15117  100.00    0.00    0.00    0.00  100.00    45     15.00      0.00  117180    9148   0.01      0.00      0.00      0.00       0  sysbench
02:04:59 PM  1001     15117  100.00    0.00    0.00    0.00  100.00    45    266.00      0.00  117180    9148   0.01      0.00      0.00      0.00       0  sysbench
02:05:00 PM  1001     15117  100.00    0.00    0.00    0.00  100.00    45      0.00      0.00  117180    9148   0.01      0.00      0.00      0.00       0  sysbench

02:05:23 PM  1001     16918  100.00    0.00    0.00    0.00  100.00    23    300.97      0.00  117180    8808   0.01      0.00      0.00      0.00       0  sysbench
02:05:24 PM  1001     16918  100.00    0.00    0.00    0.00  100.00    23    186.00      0.00  117180    9128   0.01      0.00      0.00      0.00       0  sysbench
02:05:25 PM  1001     16918  100.00    0.00    0.00    0.00  100.00    23     16.00      0.00  117180    9128   0.01      0.00      0.00      0.00       0  sysbench
02:05:26 PM  1001     16918  100.00    0.00    0.00    0.00  100.00    23    265.00      0.00  117180    9128   0.01      0.00      0.00      0.00       0  sysbench
02:05:27 PM  1001     16918  100.00    0.00    0.00    0.00  100.00    23      0.00      0.00  117180    9128   0.01      0.00      0.00      0.00       0  sysbench
02:05:28 PM  1001     16918  100.00    0.00    0.00    0.00  100.00    23      0.00      0.00  117180    9128   0.01      0.00      0.00      0.00       0  sysbench
02:05:29 PM  1001     16918  100.00    0.00    0.00    0.00  100.00    23     14.00      0.00  117180    9128   0.01      0.00      0.00      0.00       0  sysbench
02:05:30 PM  1001     16918  100.00    0.00    0.00    0.00  100.00    23    267.00      0.00  117180    9128   0.01      0.00      0.00      0.00       0  sysbench
02:05:31 PM  1001     16918  100.00    0.00    0.00    0.00  100.00    23      0.00      0.00  117180    9128   0.01      0.00      0.00      0.00       0  sysbench

