03:38:04 PM  1001     23125  100.00    0.00    0.00    0.00  100.00     5    274.04      0.00  117180    8912   0.01      0.00      0.00      0.00       0  sysbench
03:38:05 PM  1001     23125  100.00    0.00    0.00    0.00  100.00     5    159.00      0.00  117180    9092   0.01      0.00      0.00      0.00       0  sysbench
03:38:06 PM  1001     23125  100.00    0.00    0.00    0.00  100.00     5    279.00      0.00  117180    9092   0.01      0.00      0.00      0.00       0  sysbench
03:38:07 PM  1001     23125  100.00    0.00    0.00    0.00  100.00     5    279.00      0.00  117180    9092   0.01      0.00      0.00      0.00       0  sysbench
03:38:08 PM  1001     23125  100.00    0.00    0.00    0.00  100.00     5    279.00      0.00  117180    9092   0.01      0.00      0.00      0.00       0  sysbench
03:38:09 PM  1001     23125  100.00    0.00    0.00    0.00  100.00     5    281.00      0.00  117180    9092   0.01      0.00      0.00      0.00       0  sysbench
03:38:10 PM  1001     23125  100.00    0.00    0.00    0.00  100.00     5      0.00      0.00  117180    9092   0.01      0.00      0.00      0.00       0  sysbench
03:38:11 PM  1001     23125  100.00    0.00    0.00    0.00  100.00     5      0.00      0.00  117180    9092   0.01      0.00      0.00      0.00       0  sysbench
03:38:12 PM  1001     23125  100.00    0.00    0.00    0.00  100.00     5      0.00      0.00  117180    9092   0.01      0.00      0.00      0.00       0  sysbench
03:38:13 PM  1001     23125  100.00    0.00    0.00    0.00  100.00     5    280.00      0.00  117180    9092   0.01      0.00      0.00      0.00       0  sysbench
03:38:14 PM  1001     23125  100.00    0.00    0.00    0.00  100.00     5      0.00      0.00  117180    9092   0.01      0.00      0.00      0.00       0  sysbench

03:37:26 PM  1001     22429  100.00    0.00    0.00    0.00  100.00    39    274.04      0.00  117180    8832   0.01      0.00      0.00      0.00       0  sysbench
03:37:27 PM  1001     22429  100.00    0.00    0.00    0.00  100.00    39     58.00      0.00  117180    8976   0.01      0.00      0.00      0.00       0  sysbench
03:37:28 PM  1001     22429  100.00    0.00    0.00    0.00  100.00    39    279.00      0.00  117180    8976   0.01      0.00      0.00      0.00       0  sysbench
03:37:29 PM  1001     22429  100.00    0.00    0.00    0.00  100.00    39    279.00      0.00  117180    8976   0.01      0.00      0.00      0.00       0  sysbench
03:37:30 PM  1001     22429  100.00    0.00    0.00    0.00  100.00    39    279.00      0.00  117180    8976   0.01      0.00      0.00      0.00       0  sysbench
03:37:31 PM  1001     22429  100.00    0.00    0.00    0.00  100.00    39    281.00      0.00  117180    8976   0.01      0.00      0.00      0.00       0  sysbench
03:37:32 PM  1001     22429  100.00    0.00    0.00    0.00  100.00    39      0.00      0.00  117180    8976   0.01      0.00      0.00      0.00       0  sysbench
03:37:33 PM  1001     22429  100.00    0.00    0.00    0.00  100.00    39      0.00      0.00  117180    8976   0.01      0.00      0.00      0.00       0  sysbench
03:37:34 PM  1001     22429  100.00    0.00    0.00    0.00  100.00    39      0.00      0.00  117180    8976   0.01      0.00      0.00      0.00       0  sysbench
03:37:35 PM  1001     22429  100.00    0.00    0.00    0.00  100.00    39    280.00      0.00  117180    8976   0.01      0.00      0.00      0.00       0  sysbench

03:37:13 PM  1001     22210  100.00    0.00    0.00    0.00  100.00    51    276.70      0.00  117180    8936   0.01      0.00      0.00      0.00       0  sysbench
03:37:14 PM  1001     22210  100.00    0.00    0.00    0.00  100.00    51    135.00      0.00  117180    9132   0.01      0.00      0.00      0.00       0  sysbench
03:37:15 PM  1001     22210  100.00    0.00    0.00    0.00  100.00    51    279.00      0.00  117180    9132   0.01      0.00      0.00      0.00       0  sysbench
03:37:16 PM  1001     22210  100.00    0.00    0.00    0.00  100.00    51    279.00      0.00  117180    9132   0.01      0.00      0.00      0.00       0  sysbench
03:37:17 PM  1001     22210  100.00    0.00    0.00    0.00  100.00    51    279.00      0.00  117180    9132   0.01      0.00      0.00      0.00       0  sysbench
03:37:18 PM  1001     22210  100.00    0.00    0.00    0.00  100.00    51    279.00      0.00  117180    9132   0.01      0.00      0.00      0.00       0  sysbench
03:37:19 PM  1001     22210  100.00    0.00    0.00    0.00  100.00    51    281.00      0.00  117180    9132   0.01      0.00      0.00      0.00       0  sysbench
03:37:20 PM  1001     22210  100.00    0.00    0.00    0.00  100.00    51      0.00      0.00  117180    9132   0.01      0.00      0.00      0.00       0  sysbench
03:37:21 PM  1001     22210  100.00    0.00    0.00    0.00  100.00    51      0.00      0.00  117180    9132   0.01      0.00      0.00      0.00       0  sysbench
03:37:22 PM  1001     22210  100.00    0.00    0.00    0.00  100.00    51      1.00      0.00  117180    9132   0.01      0.00      0.00      0.00       0  sysbench
03:37:23 PM  1001     22210  100.00    0.00    0.00    0.00  100.00    51    280.00      0.00  117180    9136   0.01      0.00      0.00      0.00       0  sysbench

03:36:37 PM  1001     20258  100.00    0.00    0.00    0.00  100.00    17    274.04      0.00  117180    8888   0.01      0.00      0.00      0.00       0  sysbench
03:36:38 PM  1001     20258  100.00    0.00    0.00    0.00  100.00    17    186.00      0.00  117180    9036   0.01      0.00      0.00      0.00       0  sysbench
03:36:39 PM  1001     20258  100.00    0.00    0.00    0.00  100.00    17    279.00      0.00  117180    9036   0.01      0.00      0.00      0.00       0  sysbench
03:36:40 PM  1001     20258  100.00    0.00    0.00    0.00  100.00    17    279.00      0.00  117180    9036   0.01      0.00      0.00      0.00       0  sysbench
03:36:41 PM  1001     20258  100.00    0.00    0.00    0.00  100.00    17    279.00      0.00  117180    9036   0.01      0.00      0.00      0.00       0  sysbench
03:36:42 PM  1001     20258  100.00    0.00    0.00    0.00  100.00    17    281.00      0.00  117180    9036   0.01      0.00      0.00      0.00       0  sysbench
03:36:43 PM  1001     20258  100.00    0.00    0.00    0.00  100.00    17      0.00      0.00  117180    9036   0.01      0.00      0.00      0.00       0  sysbench
03:36:44 PM  1001     20258  100.00    0.00    0.00    0.00  100.00    17      0.00      0.00  117180    9036   0.01      0.00      0.00      0.00       0  sysbench
03:36:45 PM  1001     20258  100.00    0.00    0.00    0.00  100.00    17      0.00      0.00  117180    9036   0.01      0.00      0.00      0.00       0  sysbench
03:36:46 PM  1001     20258  100.00    0.00    0.00    0.00  100.00    17    280.00      0.00  117180    9036   0.01      0.00      0.00      0.00       0  sysbench

03:37:38 PM  1001     22629  100.00    0.00    0.00    0.00  100.00    25    277.67      0.00  117180    8980   0.01      0.00      0.00      0.00       0  sysbench
03:37:39 PM  1001     22629  100.00    0.00    0.00    0.00  100.00    25      7.00      0.00  117180    8980   0.01      0.00      0.00      0.00       0  sysbench
03:37:40 PM  1001     22629  100.00    0.00    0.00    0.00  100.00    25    279.00      0.00  117180    9176   0.01      0.00      0.00      0.00       0  sysbench
03:37:41 PM  1001     22629  100.00    0.00    0.00    0.00  100.00    25    279.00      0.00  117180    9176   0.01      0.00      0.00      0.00       0  sysbench
03:37:42 PM  1001     22629  100.00    0.00    0.00    0.00  100.00    25    279.00      0.00  117180    9176   0.01      0.00      0.00      0.00       0  sysbench
03:37:43 PM  1001     22629  100.00    0.00    0.00    0.00  100.00    25    282.00      0.00  117180    9176   0.01      0.00      0.00      0.00       0  sysbench
03:37:44 PM  1001     22629  100.00    0.00    0.00    0.00  100.00    25      0.00      0.00  117180    9176   0.01      0.00      0.00      0.00       0  sysbench
03:37:45 PM  1001     22629  100.00    0.00    0.00    0.00  100.00    25      0.00      0.00  117180    9176   0.01      0.00      0.00      0.00       0  sysbench
03:37:46 PM  1001     22629  100.00    0.00    0.00    0.00  100.00    25      0.00      0.00  117180    9176   0.01      0.00      0.00      0.00       0  sysbench
03:37:47 PM  1001     22629  100.00    0.00    0.00    0.00  100.00    25    280.00      0.00  117180    9228   0.01      0.00      0.00      0.00       0  sysbench
03:37:48 PM  1001     22629  100.00    0.00    0.00    0.00  100.00    25      0.00      0.00  117180    9228   0.01      0.00      0.00      0.00       0  sysbench

03:36:25 PM  1001     20054  100.00    0.00    0.00    0.00  100.00    45    276.70      0.00  117180    8928   0.01      0.00      0.00      0.00       0  sysbench
03:36:26 PM  1001     20054  100.00    0.00    0.00    0.00  100.00    45    129.00      0.00  117180    9124   0.01      0.00      0.00      0.00       0  sysbench
03:36:27 PM  1001     20054  100.00    0.00    0.00    0.00  100.00    45    279.00      0.00  117180    9124   0.01      0.00      0.00      0.00       0  sysbench
03:36:28 PM  1001     20054  100.00    0.00    0.00    0.00  100.00    45    279.00      0.00  117180    9124   0.01      0.00      0.00      0.00       0  sysbench
03:36:29 PM  1001     20054  100.00    0.00    0.00    0.00  100.00    45    276.24      0.00  117180    9124   0.01      0.00      0.00      0.00       0  sysbench
03:36:30 PM  1001     20054  100.00    0.00    0.00    0.00  100.00    45    281.00      0.00  117180    9124   0.01      0.00      0.00      0.00       0  sysbench
03:36:31 PM  1001     20054  100.00    0.00    0.00    0.00  100.00    45      0.00      0.00  117180    9124   0.01      0.00      0.00      0.00       0  sysbench
03:36:32 PM  1001     20054  100.00    0.00    0.00    0.00  100.00    45      0.00      0.00  117180    9124   0.01      0.00      0.00      0.00       0  sysbench
03:36:33 PM  1001     20054  100.00    0.00    0.00    0.00  100.00    45      0.00      0.00  117180    9124   0.01      0.00      0.00      0.00       0  sysbench
03:36:34 PM  1001     20054  100.00    0.00    0.00    0.00  100.00    45    280.00      0.00  117180    9124   0.01      0.00      0.00      0.00       0  sysbench
03:36:35 PM  1001     20054  100.00    0.00    0.00    0.00  100.00    45      0.00      0.00  117180    9124   0.01      0.00      0.00      0.00       0  sysbench

03:37:51 PM  1001     22893  100.00    0.00    0.00    0.00  100.00    25    277.67      0.00  117180    8920   0.01      0.00      0.00      0.00       0  sysbench
03:37:52 PM  1001     22893  100.00    0.00    0.00    0.00  100.00    25    142.00      0.00  117180    9104   0.01      0.00      0.00      0.00       0  sysbench
03:37:53 PM  1001     22893  100.00    1.00    0.00    0.00  100.00    25    279.00      0.00  117180    9104   0.01      0.00      0.00      0.00       0  sysbench
03:37:54 PM  1001     22893  100.00    0.00    0.00    0.00  100.00    25    279.00      0.00  117180    9104   0.01      0.00      0.00      0.00       0  sysbench
03:37:55 PM  1001     22893  100.00    0.00    0.00    0.00  100.00    25    279.00      0.00  117180    9104   0.01      0.00      0.00      0.00       0  sysbench
03:37:56 PM  1001     22893  100.00    0.00    0.00    0.00  100.00    25    279.00      0.00  117180    9104   0.01      0.00      0.00      0.00       0  sysbench
03:37:57 PM  1001     22893  100.00    0.00    0.00    0.00  100.00    25    281.00      0.00  117180    9104   0.01      0.00      0.00      0.00       0  sysbench
03:37:58 PM  1001     22893  100.00    0.00    0.00    0.00  100.00    25      0.00      0.00  117180    9104   0.01      0.00      0.00      0.00       0  sysbench
03:37:59 PM  1001     22893  100.00    0.00    0.00    0.00  100.00    25      0.00      0.00  117180    9104   0.01      0.00      0.00      0.00       0  sysbench
03:38:00 PM  1001     22893  100.00    0.00    0.00    0.00  100.00    25      1.00      0.00  117180    9104   0.01      0.00      0.00      0.00       0  sysbench
03:38:01 PM  1001     22893  100.00    0.00    0.00    0.00  100.00    25    280.00      0.00  117180    9108   0.01      0.00      0.00      0.00       0  sysbench

03:37:00 PM  1001     20721  100.00    0.00    0.00    0.00  100.00    31    273.79      0.00  117180    9000   0.01      0.00      0.00      0.00       0  sysbench
03:37:01 PM  1001     20721  100.00    0.00    0.00    0.00  100.00    31      0.00      0.00  117180    9000   0.01      0.00      0.00      0.00       0  sysbench
03:37:02 PM  1001     20721  100.00    0.00    0.00    0.00  100.00    31      0.00      0.00  117180    9000   0.01      0.00      0.00      0.00       0  sysbench
03:37:03 PM  1001     20721  100.00    0.00    0.00    0.00  100.00    31    279.00      0.00  117180    9188   0.01      0.00      0.00      0.00       0  sysbench
03:37:04 PM  1001     20721  100.00    0.00    0.00    0.00  100.00    31    279.00      0.00  117180    9188   0.01      0.00      0.00      0.00       0  sysbench
03:37:05 PM  1001     20721  100.00    0.00    0.00    0.00  100.00    31    279.00      0.00  117180    9188   0.01      0.00      0.00      0.00       0  sysbench
03:37:06 PM  1001     20721  100.00    0.00    0.00    0.00  100.00    31    281.00      0.00  117180    9188   0.01      0.00      0.00      0.00       0  sysbench
03:37:07 PM  1001     20721  100.00    0.00    0.00    0.00  100.00    31      0.00      0.00  117180    9188   0.01      0.00      0.00      0.00       0  sysbench
03:37:08 PM  1001     20721  100.00    0.00    0.00    0.00  100.00    31      0.00      0.00  117180    9188   0.01      0.00      0.00      0.00       0  sysbench
03:37:09 PM  1001     20721  100.00    0.00    0.00    0.00  100.00    31      1.00      0.00  117180    9188   0.01      0.00      0.00      0.00       0  sysbench
03:37:10 PM  1001     20721  100.00    0.00    0.00    0.00  100.00    31    280.00      0.00  117180    9192   0.01      0.00      0.00      0.00       0  sysbench

03:36:13 PM  1001     19852  100.00    0.00    0.00    0.00  100.00    39    275.00      0.00  117180    8952   0.01      0.00      0.00      0.00       0  sysbench
03:36:14 PM  1001     19852  100.00    0.00    0.00    0.00  100.00    39     11.00      0.00  117180    8952   0.01      0.00      0.00      0.00       0  sysbench
03:36:15 PM  1001     19852  100.00    0.00    0.00    0.00  100.00    39      0.00      0.00  117180    8952   0.01      0.00      0.00      0.00       0  sysbench
03:36:16 PM  1001     19852  100.00    0.00    0.00    0.00  100.00    39    279.00      0.00  117180    9136   0.01      0.00      0.00      0.00       0  sysbench
03:36:17 PM  1001     19852  100.00    0.00    0.00    0.00  100.00    39      0.00      0.00  117180    9136   0.01      0.00      0.00      0.00       0  sysbench
03:36:18 PM  1001     19852  100.00    0.00    0.00    0.00  100.00    39      0.00      0.00  117180    9136   0.01      0.00      0.00      0.00       0  sysbench
03:36:19 PM  1001     19852  100.00    0.00    0.00    0.00  100.00    39      2.00      0.00  117180    9136   0.01      0.00      0.00      0.00       0  sysbench
03:36:20 PM  1001     19852  100.00    0.00    0.00    0.00  100.00    39      0.00      0.00  117180    9136   0.01      0.00      0.00      0.00       0  sysbench
03:36:21 PM  1001     19852  100.00    0.00    0.00    0.00  100.00    39      0.00      0.00  117180    9136   0.01      0.00      0.00      0.00       0  sysbench
03:36:22 PM  1001     19852  100.00    0.00    0.00    0.00  100.00    39      1.00      0.00  117180    9136   0.01      0.00      0.00      0.00       0  sysbench
03:36:23 PM  1001     19852  100.00    0.00    0.00    0.00  100.00    39    280.00      0.00  117180    9140   0.01      0.00      0.00      0.00       0  sysbench

03:36:48 PM  1001     20484  100.00    0.00    0.00    0.00  100.00    55    273.08      0.00  117180    8852   0.01      0.00      0.00      0.00       0  sysbench
03:36:49 PM  1001     20484  100.00    0.00    0.00    0.00  100.00    55    164.00      0.00  117180    8996   0.01      0.00      0.00      0.00       0  sysbench
03:36:50 PM  1001     20484  100.00    0.00    0.00    0.00  100.00    55    279.00      0.00  117180    8996   0.01      0.00      0.00      0.00       0  sysbench
03:36:51 PM  1001     20484  100.00    0.00    0.00    0.00  100.00    55    279.00      0.00  117180    8996   0.01      0.00      0.00      0.00       0  sysbench
03:36:52 PM  1001     20484  100.00    0.00    0.00    0.00  100.00    55    279.00      0.00  117180    8996   0.01      0.00      0.00      0.00       0  sysbench
03:36:53 PM  1001     20484  100.00    0.00    0.00    0.00  100.00    55    281.00      0.00  117180    8996   0.01      0.00      0.00      0.00       0  sysbench
03:36:54 PM  1001     20484  100.00    0.00    0.00    0.00  100.00    55      0.00      0.00  117180    8996   0.01      0.00      0.00      0.00       0  sysbench
03:36:55 PM  1001     20484  100.00    0.00    0.00    0.00  100.00    55      0.00      0.00  117180    8996   0.01      0.00      0.00      0.00       0  sysbench
03:36:56 PM  1001     20484  100.00    0.00    0.00    0.00  100.00    55      0.00      0.00  117180    8996   0.01      0.00      0.00      0.00       0  sysbench
03:36:57 PM  1001     20484  100.00    1.00    0.00    0.00  100.00    55    280.00      0.00  117180    8996   0.01      0.00      0.00      0.00       0  sysbench
03:36:58 PM  1001     20484  100.00    0.00    0.00    0.00  100.00    55      0.00      0.00  117180    8996   0.01      0.00      0.00      0.00       0  sysbench

