Linux 4.9.125-linuxkit (9d455f52a1fa) 	08/08/19 	_x86_64_	(2 CPU)

# Time        UID       PID    %usr %system  %guest   %wait    %CPU   CPU  minflt/s  majflt/s     VSZ     RSS   %MEM   kB_rd/s   kB_wr/s kB_ccwr/s iodelay  Command
23:41:17        0         1    0.00    0.00    0.00    0.00    0.00     1      0.00      0.00   18504    3032   0.15      0.00      0.00      0.00       0  bash
23:41:17        0       344   98.00    0.00    0.00    0.00   98.00     0    265.00      0.00  117176    9148   0.45      0.00      0.00      0.00       0  sysbench
23:41:17        0       354    0.00    0.00    0.00    0.00    0.00     0    426.00      0.00    7152    2788   0.14      0.00      0.00      0.00       0  pidstat

# Time        UID       PID    %usr %system  %guest   %wait    %CPU   CPU  minflt/s  majflt/s     VSZ     RSS   %MEM   kB_rd/s   kB_wr/s kB_ccwr/s iodelay  Command
23:41:18        0         1    0.00    0.00    0.00    0.00    0.00     1      0.00      0.00   18504    3032   0.15      0.00      0.00      0.00       0  bash
23:41:18        0       344  100.00    0.00    0.00    0.00  100.00     0      0.00      0.00  117176    9148   0.45      0.00      0.00      0.00       0  sysbench
23:41:18        0       354    0.00    0.00    0.00    0.00    0.00     0    102.00      0.00    7152    3232   0.16      0.00      0.00      0.00       0  pidstat

# Time        UID       PID    %usr %system  %guest   %wait    %CPU   CPU  minflt/s  majflt/s     VSZ     RSS   %MEM   kB_rd/s   kB_wr/s kB_ccwr/s iodelay  Command
23:41:19        0         1    0.00    0.00    0.00    0.00    0.00     1      0.00      0.00   18504    3032   0.15      0.00      0.00      0.00       0  bash
23:41:19        0       344   99.00    0.00    0.00    0.00   99.00     0      0.00      0.00  117176    9148   0.45      0.00      0.00      0.00       0  sysbench
23:41:19        0       354    0.00    0.00    0.00    0.00    0.00     0      0.00      0.00    7152    3232   0.16      0.00      0.00      0.00       0  pidstat

# Time        UID       PID    %usr %system  %guest   %wait    %CPU   CPU  minflt/s  majflt/s     VSZ     RSS   %MEM   kB_rd/s   kB_wr/s kB_ccwr/s iodelay  Command
23:41:20        0         1    0.00    0.00    0.00    0.00    0.00     1      0.00      0.00   18504    3032   0.15      0.00      0.00      0.00       0  bash
23:41:20        0       344   99.00    0.00    0.00    0.00   99.00     0      0.00      0.00  117176    9148   0.45      0.00      0.00      0.00       0  sysbench
23:41:20        0       354    0.00    0.00    0.00    0.00    0.00     0      0.00      0.00    7152    3232   0.16      0.00      0.00      0.00       0  pidstat

# Time        UID       PID    %usr %system  %guest   %wait    %CPU   CPU  minflt/s  majflt/s     VSZ     RSS   %MEM   kB_rd/s   kB_wr/s kB_ccwr/s iodelay  Command
23:41:21        0         1    0.00    0.00    0.00    0.00    0.00     1      0.00      0.00   18504    3032   0.15      0.00      0.00      0.00       0  bash
23:41:21        0       344  100.00    0.00    0.00    0.00  100.00     0      0.00      0.00  117176    9148   0.45      0.00      0.00      0.00       0  sysbench
23:41:21        0       354    0.00    0.00    0.00    0.00    0.00     0      0.00      0.00    7152    3232   0.16      0.00      0.00      0.00       0  pidstat

# Time        UID       PID    %usr %system  %guest   %wait    %CPU   CPU  minflt/s  majflt/s     VSZ     RSS   %MEM   kB_rd/s   kB_wr/s kB_ccwr/s iodelay  Command
23:41:22        0         1    0.00    0.00    0.00    0.00    0.00     1      0.00      0.00   18504    3032   0.15      0.00      0.00      0.00       0  bash
23:41:22        0       344   99.00    0.00    0.00    0.00   99.00     0      0.00      0.00  117176    9148   0.45      0.00      0.00      0.00       0  sysbench
23:41:22        0       354    0.00    0.00    0.00    0.00    0.00     0      0.00      0.00    7152    3232   0.16      0.00      0.00      0.00       0  pidstat

# Time        UID       PID    %usr %system  %guest   %wait    %CPU   CPU  minflt/s  majflt/s     VSZ     RSS   %MEM   kB_rd/s   kB_wr/s kB_ccwr/s iodelay  Command
23:41:23        0         1    0.00    0.00    0.00    0.00    0.00     1      0.00      0.00   18504    3032   0.15      0.00      0.00      0.00       0  bash
23:41:23        0       344   99.00    0.00    0.00    0.00   99.00     0      0.00      0.00  117176    9148   0.45      0.00      0.00      0.00       0  sysbench
23:41:23        0       354    1.00    0.00    0.00    0.00    1.00     0      0.00      0.00    7152    3232   0.16      0.00      0.00      0.00       0  pidstat

# Time        UID       PID    %usr %system  %guest   %wait    %CPU   CPU  minflt/s  majflt/s     VSZ     RSS   %MEM   kB_rd/s   kB_wr/s kB_ccwr/s iodelay  Command
23:41:24        0         1    0.00    0.00    0.00    0.00    0.00     1      0.00      0.00   18504    3032   0.15      0.00      0.00      0.00       0  bash
23:41:24        0       344   98.00    1.00    0.00    0.00   99.00     0      0.00      0.00  117176    9148   0.45      0.00      0.00      0.00       0  sysbench
23:41:24        0       354    0.00    0.00    0.00    0.00    0.00     0      0.00      0.00    7152    3232   0.16      0.00      0.00      0.00       0  pidstat

# Time        UID       PID    %usr %system  %guest   %wait    %CPU   CPU  minflt/s  majflt/s     VSZ     RSS   %MEM   kB_rd/s   kB_wr/s kB_ccwr/s iodelay  Command
23:41:25        0         1    0.00    0.00    0.00    0.00    0.00     1      0.00      0.00   18504    3032   0.15      0.00      0.00      0.00       0  bash
23:41:25        0       344   99.00    0.00    0.00    0.00   99.00     0      0.00      0.00  117176    9148   0.45      0.00      0.00      0.00       0  sysbench
23:41:25        0       354    0.00    0.00    0.00    1.00    0.00     0      0.00      0.00    7152    3232   0.16      0.00      0.00      0.00       0  pidstat

# Time        UID       PID    %usr %system  %guest   %wait    %CPU   CPU  minflt/s  majflt/s     VSZ     RSS   %MEM   kB_rd/s   kB_wr/s kB_ccwr/s iodelay  Command
23:41:26        0         1    0.00    0.00    0.00    0.00    0.00     1      0.00      0.00   18504    3032   0.15      0.00      0.00      0.00       0  bash
23:41:26        0       344  100.00    0.00    0.00    0.00  100.00     0      1.00      0.00  117176    9148   0.45      0.00      0.00      0.00       0  sysbench
23:41:26        0       354    0.00    0.00    0.00    0.00    0.00     0      0.00      0.00    7152    3232   0.16      0.00      0.00      0.00       0  pidstat

# Time        UID       PID    %usr %system  %guest   %wait    %CPU   CPU  minflt/s  majflt/s     VSZ     RSS   %MEM   kB_rd/s   kB_wr/s kB_ccwr/s iodelay  Command
23:41:27        0         1    0.00    0.00    0.00    0.00    0.00     1      0.00      0.00   18504    3032   0.15      0.00      0.00      0.00       0  bash
23:41:27        0       354    0.00    0.00    0.00    0.00    0.00     0      0.00      0.00    7152    3232   0.16      0.00      0.00      0.00       0  pidstat

Linux 4.9.125-linuxkit (9d455f52a1fa) 	08/08/19 	_x86_64_	(2 CPU)

# Time        UID       PID    %usr %system  %guest   %wait    %CPU   CPU  minflt/s  majflt/s     VSZ     RSS   %MEM   kB_rd/s   kB_wr/s kB_ccwr/s iodelay  Command
23:41:28        0         1    0.00    0.00    0.00    0.00    0.00     1      0.00      0.00   18504    3032   0.15      0.00      0.00      0.00       0  bash
23:41:28        0       365   99.00    0.00    0.00    0.00   99.00     1    266.00      0.00  117176    9124   0.45      0.00      0.00      0.00       0  sysbench
23:41:28        0       373    0.00    0.00    0.00    0.00    0.00     0    426.00      0.00    7152    2896   0.14      0.00      0.00      0.00       0  pidstat

# Time        UID       PID    %usr %system  %guest   %wait    %CPU   CPU  minflt/s  majflt/s     VSZ     RSS   %MEM   kB_rd/s   kB_wr/s kB_ccwr/s iodelay  Command
23:41:29        0         1    0.00    0.00    0.00    0.00    0.00     1      0.00      0.00   18504    3032   0.15      0.00      0.00      0.00       0  bash
23:41:29        0       365  100.00    0.00    0.00    0.00  100.00     1      0.00      0.00  117176    9124   0.45      0.00      0.00      0.00       0  sysbench
23:41:29        0       373    0.00    0.00    0.00    0.00    0.00     0    102.00      0.00    7152    3336   0.16      0.00      0.00      0.00       0  pidstat

# Time        UID       PID    %usr %system  %guest   %wait    %CPU   CPU  minflt/s  majflt/s     VSZ     RSS   %MEM   kB_rd/s   kB_wr/s kB_ccwr/s iodelay  Command
23:41:30        0         1    0.00    0.00    0.00    0.00    0.00     1      0.00      0.00   18504    3032   0.15      0.00      0.00      0.00       0  bash
23:41:30        0       365   99.00    1.00    0.00    0.00  100.00     1      0.00      0.00  117176    9124   0.45      0.00      0.00      0.00       0  sysbench
23:41:30        0       373    0.00    0.00    0.00    0.00    0.00     0      0.00      0.00    7152    3336   0.16      0.00      0.00      0.00       0  pidstat

# Time        UID       PID    %usr %system  %guest   %wait    %CPU   CPU  minflt/s  majflt/s     VSZ     RSS   %MEM   kB_rd/s   kB_wr/s kB_ccwr/s iodelay  Command
23:41:31        0         1    0.00    0.00    0.00    0.00    0.00     1      0.00      0.00   18504    3032   0.15      0.00      0.00      0.00       0  bash
23:41:31        0       365   99.00    0.00    0.00    0.00   99.00     1      0.00      0.00  117176    9124   0.45      0.00      0.00      0.00       0  sysbench
23:41:31        0       373    0.00    0.00    0.00    1.00    0.00     0      0.00      0.00    7152    3336   0.16      0.00      0.00      0.00       0  pidstat

# Time        UID       PID    %usr %system  %guest   %wait    %CPU   CPU  minflt/s  majflt/s     VSZ     RSS   %MEM   kB_rd/s   kB_wr/s kB_ccwr/s iodelay  Command
23:41:32        0         1    0.00    0.00    0.00    0.00    0.00     1      0.00      0.00   18504    3032   0.15      0.00      0.00      0.00       0  bash
23:41:32        0       365   99.00    1.00    0.00    0.00  100.00     1      0.00      0.00  117176    9124   0.45      0.00      0.00      0.00       0  sysbench
23:41:32        0       373    0.00    0.00    0.00    0.00    0.00     0      0.00      0.00    7152    3336   0.16      0.00      0.00      0.00       0  pidstat

# Time        UID       PID    %usr %system  %guest   %wait    %CPU   CPU  minflt/s  majflt/s     VSZ     RSS   %MEM   kB_rd/s   kB_wr/s kB_ccwr/s iodelay  Command
23:41:33        0         1    0.00    0.00    0.00    0.00    0.00     1      0.00      0.00   18504    3032   0.15      0.00      0.00      0.00       0  bash
23:41:33        0       365  100.00    0.00    0.00    0.00  100.00     1      0.00      0.00  117176    9124   0.45      0.00      0.00      0.00       0  sysbench
23:41:33        0       373    0.00    0.00    0.00    0.00    0.00     0      0.00      0.00    7152    3336   0.16      0.00      0.00      0.00       0  pidstat

# Time        UID       PID    %usr %system  %guest   %wait    %CPU   CPU  minflt/s  majflt/s     VSZ     RSS   %MEM   kB_rd/s   kB_wr/s kB_ccwr/s iodelay  Command
23:41:34        0         1    0.00    0.00    0.00    0.00    0.00     1      0.00      0.00   18504    3032   0.15      0.00      0.00      0.00       0  bash
23:41:34        0       365  100.00    0.00    0.00    0.00  100.00     1      0.00      0.00  117176    9124   0.45      0.00      0.00      0.00       0  sysbench
23:41:34        0       373    0.00    0.00    0.00    0.00    0.00     0      0.00      0.00    7152    3336   0.16      0.00      0.00      0.00       0  pidstat

# Time        UID       PID    %usr %system  %guest   %wait    %CPU   CPU  minflt/s  majflt/s     VSZ     RSS   %MEM   kB_rd/s   kB_wr/s kB_ccwr/s iodelay  Command
23:41:35        0         1    0.00    0.00    0.00    0.00    0.00     1      0.00      0.00   18504    3032   0.15      0.00      0.00      0.00       0  bash
23:41:35        0       365  100.00    0.00    0.00    0.00  100.00     1      0.00      0.00  117176    9124   0.45      0.00      0.00      0.00       0  sysbench
23:41:35        0       373    0.00    0.00    0.00    0.00    0.00     0      0.00      0.00    7152    3336   0.16      0.00      0.00      0.00       0  pidstat

# Time        UID       PID    %usr %system  %guest   %wait    %CPU   CPU  minflt/s  majflt/s     VSZ     RSS   %MEM   kB_rd/s   kB_wr/s kB_ccwr/s iodelay  Command
23:41:36        0         1    0.00    0.00    0.00    0.00    0.00     1      0.00      0.00   18504    3032   0.15      0.00      0.00      0.00       0  bash
23:41:36        0       365  100.00    0.00    0.00    0.00  100.00     1      0.00      0.00  117176    9124   0.45      0.00      0.00      0.00       0  sysbench
23:41:36        0       373    1.00    0.00    0.00    0.00    1.00     0      0.00      0.00    7152    3336   0.16      0.00      0.00      0.00       0  pidstat

# Time        UID       PID    %usr %system  %guest   %wait    %CPU   CPU  minflt/s  majflt/s     VSZ     RSS   %MEM   kB_rd/s   kB_wr/s kB_ccwr/s iodelay  Command
23:41:37        0         1    0.00    0.00    0.00    0.00    0.00     1      0.00      0.00   18504    3032   0.15      0.00      0.00      0.00       0  bash
23:41:37        0       365  100.00    0.00    0.00    0.00  100.00     1      1.00      0.00  117176    9124   0.45      0.00      0.00      0.00       0  sysbench
23:41:37        0       373    0.00    0.00    0.00    0.00    0.00     0      0.00      0.00    7152    3336   0.16      0.00      0.00      0.00       0  pidstat

# Time        UID       PID    %usr %system  %guest   %wait    %CPU   CPU  minflt/s  majflt/s     VSZ     RSS   %MEM   kB_rd/s   kB_wr/s kB_ccwr/s iodelay  Command
23:41:38        0         1    0.00    0.00    0.00    0.00    0.00     1      0.00      0.00   18504    3032   0.15      0.00      0.00      0.00       0  bash
23:41:38        0       373    0.00    0.00    0.00    0.00    0.00     0      0.00      0.00    7152    3336   0.16      0.00      0.00      0.00       0  pidstat

Linux 4.9.125-linuxkit (9d455f52a1fa) 	08/08/19 	_x86_64_	(2 CPU)

# Time        UID       PID    %usr %system  %guest   %wait    %CPU   CPU  minflt/s  majflt/s     VSZ     RSS   %MEM   kB_rd/s   kB_wr/s kB_ccwr/s iodelay  Command
23:40:54        0         1    0.00    0.00    0.00    0.00    0.00     1      0.00      0.00   18504    3032   0.15      0.00      0.00      0.00       0  bash
23:40:54        0       303   98.00    0.00    0.00    0.00   98.00     1    264.00      0.00  117176    9056   0.44      0.00      0.00      0.00       0  sysbench
23:40:54        0       311    0.00    0.00    0.00    0.00    0.00     1    426.00      0.00    7152    2892   0.14      0.00      0.00      0.00       0  pidstat

# Time        UID       PID    %usr %system  %guest   %wait    %CPU   CPU  minflt/s  majflt/s     VSZ     RSS   %MEM   kB_rd/s   kB_wr/s kB_ccwr/s iodelay  Command
23:40:55        0         1    0.00    0.00    0.00    0.00    0.00     1      0.00      0.00   18504    3032   0.15      0.00      0.00      0.00       0  bash
23:40:55        0       303   99.01    0.99    0.00    0.00  100.00     1      0.00      0.00  117176    9056   0.44      0.00      0.00      0.00       0  sysbench
23:40:55        0       311    0.00    0.99    0.00    0.00    0.99     1    100.00      0.00    7152    3332   0.16      0.00      0.00      0.00       0  pidstat

# Time        UID       PID    %usr %system  %guest   %wait    %CPU   CPU  minflt/s  majflt/s     VSZ     RSS   %MEM   kB_rd/s   kB_wr/s kB_ccwr/s iodelay  Command
23:40:56        0         1    0.00    0.00    0.00    0.00    0.00     1      0.00      0.00   18504    3032   0.15      0.00      0.00      0.00       0  bash
23:40:56        0       303  100.00    0.00    0.00    0.00  100.00     1      0.00      0.00  117176    9056   0.44      0.00      0.00      0.00       0  sysbench
23:40:56        0       311    0.00    0.00    0.00    0.00    0.00     1      0.00      0.00    7152    3332   0.16      0.00      0.00      0.00       0  pidstat

# Time        UID       PID    %usr %system  %guest   %wait    %CPU   CPU  minflt/s  majflt/s     VSZ     RSS   %MEM   kB_rd/s   kB_wr/s kB_ccwr/s iodelay  Command
23:40:57        0         1    0.00    0.00    0.00    0.00    0.00     1      0.00      0.00   18504    3032   0.15      0.00      0.00      0.00       0  bash
23:40:57        0       303   99.00    0.00    0.00    0.00   99.00     1      0.00      0.00  117176    9056   0.44      0.00      0.00      0.00       0  sysbench
23:40:57        0       311    0.00    0.00    0.00    0.00    0.00     1      0.00      0.00    7152    3332   0.16      0.00      0.00      0.00       0  pidstat

# Time        UID       PID    %usr %system  %guest   %wait    %CPU   CPU  minflt/s  majflt/s     VSZ     RSS   %MEM   kB_rd/s   kB_wr/s kB_ccwr/s iodelay  Command
23:40:58        0         1    0.00    0.00    0.00    0.00    0.00     1      0.00      0.00   18504    3032   0.15      0.00      0.00      0.00       0  bash
23:40:58        0       303  100.00    0.00    0.00    0.00  100.00     1      0.00      0.00  117176    9056   0.44      0.00      0.00      0.00       0  sysbench
23:40:58        0       311    0.00    0.00    0.00    0.00    0.00     1      0.00      0.00    7152    3332   0.16      0.00      0.00      0.00       0  pidstat

# Time        UID       PID    %usr %system  %guest   %wait    %CPU   CPU  minflt/s  majflt/s     VSZ     RSS   %MEM   kB_rd/s   kB_wr/s kB_ccwr/s iodelay  Command
23:40:59        0         1    0.00    0.00    0.00    0.00    0.00     1      0.00      0.00   18504    3032   0.15      0.00      0.00      0.00       0  bash
23:40:59        0       303  100.00    0.00    0.00    0.00  100.00     1      0.00      0.00  117176    9056   0.44      0.00      0.00      0.00       0  sysbench
23:40:59        0       311    0.00    0.00    0.00    0.00    0.00     1      0.00      0.00    7152    3332   0.16      0.00      0.00      0.00       0  pidstat

# Time        UID       PID    %usr %system  %guest   %wait    %CPU   CPU  minflt/s  majflt/s     VSZ     RSS   %MEM   kB_rd/s   kB_wr/s kB_ccwr/s iodelay  Command
23:41:00        0         1    0.00    0.00    0.00    0.00    0.00     1      0.00      0.00   18504    3032   0.15      0.00      0.00      0.00       0  bash
23:41:00        0       303   99.00    0.00    0.00    0.00   99.00     1      0.00      0.00  117176    9056   0.44      0.00      0.00      0.00       0  sysbench
23:41:00        0       311    0.00    0.00    0.00    0.00    0.00     1      0.00      0.00    7152    3332   0.16      0.00      0.00      0.00       0  pidstat

# Time        UID       PID    %usr %system  %guest   %wait    %CPU   CPU  minflt/s  majflt/s     VSZ     RSS   %MEM   kB_rd/s   kB_wr/s kB_ccwr/s iodelay  Command
23:41:01        0         1    0.00    0.00    0.00    0.00    0.00     1      0.00      0.00   18504    3032   0.15      0.00      0.00      0.00       0  bash
23:41:01        0       303  100.00    0.00    0.00    0.00  100.00     1      0.00      0.00  117176    9056   0.44      0.00      0.00      0.00       0  sysbench
23:41:01        0       311    0.00    0.00    0.00    0.00    0.00     1      0.00      0.00    7152    3332   0.16      0.00      0.00      0.00       0  pidstat

# Time        UID       PID    %usr %system  %guest   %wait    %CPU   CPU  minflt/s  majflt/s     VSZ     RSS   %MEM   kB_rd/s   kB_wr/s kB_ccwr/s iodelay  Command
23:41:02        0         1    0.00    0.00    0.00    0.00    0.00     1      0.00      0.00   18504    3032   0.15      0.00      0.00      0.00       0  bash
23:41:02        0       303   99.00    1.00    0.00    0.00  100.00     1      0.00      0.00  117176    9056   0.44      0.00      0.00      0.00       0  sysbench
23:41:02        0       311    0.00    0.00    0.00    0.00    0.00     1      0.00      0.00    7152    3332   0.16      0.00      0.00      0.00       0  pidstat

# Time        UID       PID    %usr %system  %guest   %wait    %CPU   CPU  minflt/s  majflt/s     VSZ     RSS   %MEM   kB_rd/s   kB_wr/s kB_ccwr/s iodelay  Command
23:41:03        0         1    0.00    0.00    0.00    0.00    0.00     1      0.00      0.00   18504    3032   0.15      0.00      0.00      0.00       0  bash
23:41:03        0       303   99.00    0.00    0.00    0.00   99.00     1      1.00      0.00  117176    9056   0.44      0.00      0.00      0.00       0  sysbench
23:41:03        0       311    0.00    0.00    0.00    0.00    0.00     1      0.00      0.00    7152    3332   0.16      0.00      0.00      0.00       0  pidstat

# Time        UID       PID    %usr %system  %guest   %wait    %CPU   CPU  minflt/s  majflt/s     VSZ     RSS   %MEM   kB_rd/s   kB_wr/s kB_ccwr/s iodelay  Command
23:41:04        0         1    0.00    0.00    0.00    0.00    0.00     1      0.00      0.00   18504    3032   0.15      0.00      0.00      0.00       0  bash
23:41:04        0       303  100.00    0.00    0.00    0.00  100.00     1      0.00      0.00  117176    9056   0.44      0.00      0.00      0.00       0  sysbench
23:41:04        0       311    0.00    0.00    0.00    0.00    0.00     1      0.00      0.00    7152    3332   0.16      0.00      0.00      0.00       0  pidstat

Linux 4.9.125-linuxkit (9d455f52a1fa) 	08/08/19 	_x86_64_	(2 CPU)

# Time        UID       PID    %usr %system  %guest   %wait    %CPU   CPU  minflt/s  majflt/s     VSZ     RSS   %MEM   kB_rd/s   kB_wr/s kB_ccwr/s iodelay  Command
23:41:05        0         1    0.00    0.00    0.00    0.00    0.00     1      0.00      0.00   18504    3032   0.15      0.00      0.00      0.00       0  bash
23:41:05        0       322  100.00    0.00    0.00    0.00  100.00     0    263.00      0.00  117176    9004   0.44      0.00      0.00      0.00       0  sysbench
23:41:05        0       330    0.00    0.00    0.00    0.00    0.00     1    426.00      0.00    7152    2844   0.14      0.00      0.00      0.00       0  pidstat

# Time        UID       PID    %usr %system  %guest   %wait    %CPU   CPU  minflt/s  majflt/s     VSZ     RSS   %MEM   kB_rd/s   kB_wr/s kB_ccwr/s iodelay  Command
23:41:06        0         1    0.00    0.00    0.00    0.00    0.00     1      0.00      0.00   18504    3032   0.15      0.00      0.00      0.00       0  bash
23:41:06        0       322   99.00    0.00    0.00    0.00   99.00     0      0.00      0.00  117176    9004   0.44      0.00      0.00      0.00       0  sysbench
23:41:06        0       330    0.00    0.00    0.00    0.00    0.00     1    103.00      0.00    7152    3288   0.16      0.00      0.00      0.00       0  pidstat

# Time        UID       PID    %usr %system  %guest   %wait    %CPU   CPU  minflt/s  majflt/s     VSZ     RSS   %MEM   kB_rd/s   kB_wr/s kB_ccwr/s iodelay  Command
23:41:07        0         1    0.00    0.00    0.00    0.00    0.00     1      0.00      0.00   18504    3032   0.15      0.00      0.00      0.00       0  bash
23:41:07        0       322   99.00    0.00    0.00    0.00   99.00     0      0.00      0.00  117176    9004   0.44      0.00      0.00      0.00       0  sysbench
23:41:07        0       330    0.00    0.00    0.00    1.00    0.00     1      0.00      0.00    7152    3288   0.16      0.00      0.00      0.00       0  pidstat

# Time        UID       PID    %usr %system  %guest   %wait    %CPU   CPU  minflt/s  majflt/s     VSZ     RSS   %MEM   kB_rd/s   kB_wr/s kB_ccwr/s iodelay  Command
23:41:08        0         1    0.00    0.00    0.00    0.00    0.00     1      0.00      0.00   18504    3032   0.15      0.00      0.00      0.00       0  bash
23:41:08        0       322   99.00    0.00    0.00    0.00   99.00     0      0.00      0.00  117176    9004   0.44      0.00      0.00      0.00       0  sysbench
23:41:08        0       330    0.00    0.00    0.00    0.00    0.00     1      0.00      0.00    7152    3288   0.16      0.00      0.00      0.00       0  pidstat

# Time        UID       PID    %usr %system  %guest   %wait    %CPU   CPU  minflt/s  majflt/s     VSZ     RSS   %MEM   kB_rd/s   kB_wr/s kB_ccwr/s iodelay  Command
23:41:09        0         1    0.00    0.00    0.00    0.00    0.00     1      0.00      0.00   18504    3032   0.15      0.00      0.00      0.00       0  bash
23:41:09        0       322   99.00    0.00    0.00    0.00   99.00     0      0.00      0.00  117176    9004   0.44      0.00      0.00      0.00       0  sysbench
23:41:09        0       330    0.00    0.00    0.00    0.00    0.00     1      0.00      0.00    7152    3288   0.16      0.00      0.00      0.00       0  pidstat

# Time        UID       PID    %usr %system  %guest   %wait    %CPU   CPU  minflt/s  majflt/s     VSZ     RSS   %MEM   kB_rd/s   kB_wr/s kB_ccwr/s iodelay  Command
23:41:10        0         1    0.00    0.00    0.00    0.00    0.00     1      0.00      0.00   18504    3032   0.15      0.00      0.00      0.00       0  bash
23:41:10        0       322  100.00    0.00    0.00    0.00  100.00     0      0.00      0.00  117176    9004   0.44      0.00      0.00      0.00       0  sysbench
23:41:10        0       330    0.00    0.00    0.00    0.00    0.00     1      0.00      0.00    7152    3288   0.16      0.00      0.00      0.00       0  pidstat

# Time        UID       PID    %usr %system  %guest   %wait    %CPU   CPU  minflt/s  majflt/s     VSZ     RSS   %MEM   kB_rd/s   kB_wr/s kB_ccwr/s iodelay  Command
23:41:11        0         1    0.00    0.00    0.00    0.00    0.00     1      0.00      0.00   18504    3032   0.15      0.00      0.00      0.00       0  bash
23:41:11        0       322   99.00    0.00    0.00    0.00   99.00     0      0.00      0.00  117176    9004   0.44      0.00      0.00      0.00       0  sysbench
23:41:11        0       330    0.00    0.00    0.00    0.00    0.00     1      0.00      0.00    7152    3288   0.16      0.00      0.00      0.00       0  pidstat

# Time        UID       PID    %usr %system  %guest   %wait    %CPU   CPU  minflt/s  majflt/s     VSZ     RSS   %MEM   kB_rd/s   kB_wr/s kB_ccwr/s iodelay  Command
23:41:12        0         1    0.00    0.00    0.00    0.00    0.00     1      0.00      0.00   18504    3032   0.15      0.00      0.00      0.00       0  bash
23:41:12        0       322  100.00    0.00    0.00    0.00  100.00     0      0.00      0.00  117176    9004   0.44      0.00      0.00      0.00       0  sysbench
23:41:12        0       330    0.00    1.00    0.00    0.00    1.00     1      0.00      0.00    7152    3288   0.16      0.00      0.00      0.00       0  pidstat

# Time        UID       PID    %usr %system  %guest   %wait    %CPU   CPU  minflt/s  majflt/s     VSZ     RSS   %MEM   kB_rd/s   kB_wr/s kB_ccwr/s iodelay  Command
23:41:13        0         1    0.00    0.00    0.00    0.00    0.00     1      0.00      0.00   18504    3032   0.15      0.00      0.00      0.00       0  bash
23:41:13        0       322   99.00    0.00    0.00    0.00   99.00     0      0.00      0.00  117176    9004   0.44      0.00      0.00      0.00       0  sysbench
23:41:13        0       330    0.00    0.00    0.00    0.00    0.00     1      0.00      0.00    7152    3288   0.16      0.00      0.00      0.00       0  pidstat

# Time        UID       PID    %usr %system  %guest   %wait    %CPU   CPU  minflt/s  majflt/s     VSZ     RSS   %MEM   kB_rd/s   kB_wr/s kB_ccwr/s iodelay  Command
23:41:14        0         1    0.00    0.00    0.00    0.00    0.00     1      0.00      0.00   18504    3032   0.15      0.00      0.00      0.00       0  bash
23:41:14        0       322   99.00    1.00    0.00    0.00  100.00     0      1.00      0.00  117176    9004   0.44      0.00      0.00      0.00       0  sysbench
23:41:14        0       330    0.00    0.00    0.00    0.00    0.00     1      0.00      0.00    7152    3288   0.16      0.00      0.00      0.00       0  pidstat

# Time        UID       PID    %usr %system  %guest   %wait    %CPU   CPU  minflt/s  majflt/s     VSZ     RSS   %MEM   kB_rd/s   kB_wr/s kB_ccwr/s iodelay  Command
23:41:15        0         1    0.00    0.00    0.00    0.00    0.00     1      0.00      0.00   18504    3032   0.15      0.00      0.00      0.00       0  bash
23:41:15        0       330    0.00    0.00    0.00    0.00    0.00     1      0.00      0.00    7152    3288   0.16      0.00      0.00      0.00       0  pidstat

Linux 4.9.125-linuxkit (9d455f52a1fa) 	08/08/19 	_x86_64_	(2 CPU)

# Time        UID       PID    %usr %system  %guest   %wait    %CPU   CPU  minflt/s  majflt/s     VSZ     RSS   %MEM   kB_rd/s   kB_wr/s kB_ccwr/s iodelay  Command
23:40:43        0         1    0.00    0.00    0.00    0.00    0.00     1      0.00      0.00   18504    3032   0.15      0.00      0.00      0.00       0  bash
23:40:43        0       282   97.00    1.00    0.00    0.00   98.00     0    263.00      0.00  117176    9036   0.44      0.00      0.00      0.00       0  sysbench
23:40:43        0       291    0.00    0.00    0.00    0.00    0.00     0    426.00      0.00    7152    2900   0.14      0.00      0.00      0.00       0  pidstat

# Time        UID       PID    %usr %system  %guest   %wait    %CPU   CPU  minflt/s  majflt/s     VSZ     RSS   %MEM   kB_rd/s   kB_wr/s kB_ccwr/s iodelay  Command
23:40:44        0         1    0.00    0.00    0.00    0.00    0.00     1      0.00      0.00   18504    3032   0.15      0.00      0.00      0.00       0  bash
23:40:44        0       282   98.00    2.00    0.00    0.00  100.00     0      0.00      0.00  117176    9036   0.44      0.00      0.00      0.00       0  sysbench
23:40:44        0       291    0.00    0.00    0.00    0.00    0.00     0    102.00      0.00    7152    3340   0.16      0.00      0.00      0.00       0  pidstat

# Time        UID       PID    %usr %system  %guest   %wait    %CPU   CPU  minflt/s  majflt/s     VSZ     RSS   %MEM   kB_rd/s   kB_wr/s kB_ccwr/s iodelay  Command
23:40:45        0         1    0.00    0.00    0.00    0.00    0.00     1      0.00      0.00   18504    3032   0.15      0.00      0.00      0.00       0  bash
23:40:45        0       282   99.00    1.00    0.00    0.00  100.00     0      0.00      0.00  117176    9036   0.44      0.00      0.00      0.00       0  sysbench
23:40:45        0       291    0.00    0.00    0.00    0.00    0.00     0      0.00      0.00    7152    3340   0.16      0.00      0.00      0.00       0  pidstat

# Time        UID       PID    %usr %system  %guest   %wait    %CPU   CPU  minflt/s  majflt/s     VSZ     RSS   %MEM   kB_rd/s   kB_wr/s kB_ccwr/s iodelay  Command
23:40:46        0         1    0.00    0.00    0.00    0.00    0.00     1      0.00      0.00   18504    3032   0.15      0.00      0.00      0.00       0  bash
23:40:46        0       282   99.00    1.00    0.00    0.00  100.00     0      0.00      0.00  117176    9036   0.44      0.00      0.00      0.00       0  sysbench
23:40:46        0       291    0.00    0.00    0.00    0.00    0.00     0      0.00      0.00    7152    3340   0.16      0.00      0.00      0.00       0  pidstat

# Time        UID       PID    %usr %system  %guest   %wait    %CPU   CPU  minflt/s  majflt/s     VSZ     RSS   %MEM   kB_rd/s   kB_wr/s kB_ccwr/s iodelay  Command
23:40:47        0         1    0.00    0.00    0.00    0.00    0.00     1      0.00      0.00   18504    3032   0.15      0.00      0.00      0.00       0  bash
23:40:47        0       282   99.01    0.00    0.00    0.00   99.01     0      0.00      0.00  117176    9036   0.44      0.00      0.00      0.00       0  sysbench
23:40:47        0       291    0.00    0.99    0.00    0.00    0.99     0      0.00      0.00    7152    3340   0.16      0.00      0.00      0.00       0  pidstat

# Time        UID       PID    %usr %system  %guest   %wait    %CPU   CPU  minflt/s  majflt/s     VSZ     RSS   %MEM   kB_rd/s   kB_wr/s kB_ccwr/s iodelay  Command
23:40:48        0         1    0.00    0.00    0.00    0.00    0.00     1      0.00      0.00   18504    3032   0.15      0.00      0.00      0.00       0  bash
23:40:48        0       282  100.00    0.00    0.00    0.00  100.00     0      0.00      0.00  117176    9036   0.44      0.00      0.00      0.00       0  sysbench
23:40:48        0       291    0.00    0.00    0.00    0.00    0.00     0      0.00      0.00    7152    3340   0.16      0.00      0.00      0.00       0  pidstat

# Time        UID       PID    %usr %system  %guest   %wait    %CPU   CPU  minflt/s  majflt/s     VSZ     RSS   %MEM   kB_rd/s   kB_wr/s kB_ccwr/s iodelay  Command
23:40:49        0         1    0.00    0.00    0.00    0.00    0.00     1      0.00      0.00   18504    3032   0.15      0.00      0.00      0.00       0  bash
23:40:49        0       282  100.00    0.00    0.00    0.00  100.00     0      0.00      0.00  117176    9036   0.44      0.00      0.00      0.00       0  sysbench
23:40:49        0       291    0.00    0.00    0.00    0.00    0.00     0      0.00      0.00    7152    3340   0.16      0.00      0.00      0.00       0  pidstat

# Time        UID       PID    %usr %system  %guest   %wait    %CPU   CPU  minflt/s  majflt/s     VSZ     RSS   %MEM   kB_rd/s   kB_wr/s kB_ccwr/s iodelay  Command
23:40:50        0         1    0.00    0.00    0.00    0.00    0.00     1      0.00      0.00   18504    3032   0.15      0.00      0.00      0.00       0  bash
23:40:50        0       282  100.00    0.00    0.00    0.00  100.00     0      0.00      0.00  117176    9036   0.44      0.00      0.00      0.00       0  sysbench
23:40:50        0       291    0.00    0.00    0.00    0.00    0.00     0      0.00      0.00    7152    3340   0.16      0.00      0.00      0.00       0  pidstat

# Time        UID       PID    %usr %system  %guest   %wait    %CPU   CPU  minflt/s  majflt/s     VSZ     RSS   %MEM   kB_rd/s   kB_wr/s kB_ccwr/s iodelay  Command
23:40:51        0         1    0.00    0.00    0.00    0.00    0.00     1      0.00      0.00   18504    3032   0.15      0.00      0.00      0.00       0  bash
23:40:51        0       282  100.00    0.00    0.00    0.00  100.00     0      0.00      0.00  117176    9036   0.44      0.00      0.00      0.00       0  sysbench
23:40:51        0       291    0.00    0.00    0.00    0.00    0.00     0      0.00      0.00    7152    3340   0.16      0.00      0.00      0.00       0  pidstat

# Time        UID       PID    %usr %system  %guest   %wait    %CPU   CPU  minflt/s  majflt/s     VSZ     RSS   %MEM   kB_rd/s   kB_wr/s kB_ccwr/s iodelay  Command
23:40:52        0         1    0.00    0.00    0.00    0.00    0.00     1      0.00      0.00   18504    3032   0.15      0.00      0.00      0.00       0  bash
23:40:52        0       282   99.00    0.00    0.00    0.00   99.00     0      1.00      0.00  117176    9036   0.44      0.00      0.00      0.00       0  sysbench
23:40:52        0       291    0.00    0.00    0.00    0.00    0.00     0      0.00      0.00    7152    3340   0.16      0.00      0.00      0.00       0  pidstat

