13:52:03        0      3132  100.00    0.00    0.00    0.00  100.00    43    287.00      0.00  117180    9036   0.01      0.00      0.00      0.00       0  sysbench
13:52:04        0      3132  100.00    0.00    0.00    0.00  100.00    43    162.00      0.00  117180    9240   0.01      0.00      0.00      0.00       0  sysbench
13:52:05        0      3132  100.00    0.00    0.00    0.00  100.00    43      0.00      0.00  117180    9240   0.01      0.00      0.00      0.00       0  sysbench
13:52:06        0      3132  100.00    0.00    0.00    0.00  100.00    43      0.00      0.00  117180    9240   0.01      0.00      0.00      0.00       0  sysbench
13:52:07        0      3132  100.00    0.00    0.00    0.00  100.00    43     12.00      0.00  117180    9240   0.01      0.00      0.00      0.00       0  sysbench
13:52:08        0      3132  100.00    0.00    0.00    0.00  100.00    43    269.00      0.00  117180    9240   0.01      0.00      0.00      0.00       0  sysbench
13:52:09        0      3132  100.00    0.00    0.00    0.00  100.00    43      0.00      0.00  117180    9240   0.01      0.00      0.00      0.00       0  sysbench
13:52:10        0      3132  100.00    0.00    0.00    0.00  100.00    43      0.00      0.00  117180    9240   0.01      0.00      0.00      0.00       0  sysbench
13:52:11        0      3132  100.00    0.00    0.00    0.00  100.00    43      0.00      0.00  117180    9240   0.01      0.00      0.00      0.00       0  sysbench

13:51:24        0      3081  100.00    0.00    0.00    0.00  100.00     5    290.00      0.00  117180    9080   0.01      0.00      0.00      0.00       0  sysbench
13:51:25        0      3081  100.00    0.00    0.00    0.00  100.00     5     91.00      0.00  117180    9352   0.01      0.00      0.00      0.00       0  sysbench
13:51:26        0      3081  100.00    0.00    0.00    0.00  100.00     5      0.00      0.00  117180    9352   0.01      0.00      0.00      0.00       0  sysbench
13:51:27        0      3081  100.00    0.00    0.00    0.00  100.00     5      0.00      0.00  117180    9352   0.01      0.00      0.00      0.00       0  sysbench
13:51:28        0      3081  100.00    0.00    0.00    0.00  100.00     5     12.00      0.00  117180    9352   0.01      0.00      0.00      0.00       0  sysbench
13:51:29        0      3081  100.00    0.00    0.00    0.00  100.00     5    269.00      0.00  117180    9352   0.01      0.00      0.00      0.00       0  sysbench
13:51:30        0      3081  100.00    0.00    0.00    0.00  100.00     5      0.00      0.00  117180    9352   0.01      0.00      0.00      0.00       0  sysbench
13:51:31        0      3081  100.00    0.00    0.00    0.00  100.00     5      0.00      0.00  117180    9352   0.01      0.00      0.00      0.00       0  sysbench
13:51:32        0      3081  100.00    0.00    0.00    0.00  100.00     5      0.00      0.00  117180    9352   0.01      0.00      0.00      0.00       0  sysbench

13:51:12        0      3064  100.00    0.00    0.00    0.00  100.00    11    288.00      0.00  117180    8948   0.01      0.00      0.00      0.00       0  sysbench
13:51:13        0      3064  100.00    0.00    0.00    0.00  100.00    11    220.00      0.00  117180    9088   0.01      0.00      0.00      0.00       0  sysbench
13:51:14        0      3064  100.00    0.00    0.00    0.00  100.00    11      0.00      0.00  117180    9088   0.01      0.00      0.00      0.00       0  sysbench
13:51:15        0      3064  100.00    0.00    0.00    0.00  100.00    11      0.00      0.00  117180    9088   0.01      0.00      0.00      0.00       0  sysbench
13:51:16        0      3064  100.00    0.00    0.00    0.00  100.00    11     13.00      0.00  117180    9088   0.01      0.00      0.00      0.00       0  sysbench
13:51:17        0      3064  100.00    0.00    0.00    0.00  100.00    11    268.00      0.00  117180    9088   0.01      0.00      0.00      0.00       0  sysbench
13:51:18        0      3064  100.00    0.00    0.00    0.00  100.00    11      0.00      0.00  117180    9088   0.01      0.00      0.00      0.00       0  sysbench
13:51:19        0      3064  100.00    0.00    0.00    0.00  100.00    11    281.00      0.00  117180    9088   0.01      0.00      0.00      0.00       0  sysbench
13:51:20        0      3064  100.00    0.00    0.00    0.00  100.00    11      0.00      0.00  117180    9088   0.01      0.00      0.00      0.00       0  sysbench

13:50:36        0      3012  100.00    0.00    0.00    0.00  100.00    17    289.00      0.00  117180    9076   0.01      0.00      0.00      0.00       0  sysbench
13:50:37        0      3012  100.00    0.00    0.00    0.00  100.00    17     20.00      0.00  117180    9076   0.01      0.00      0.00      0.00       0  sysbench
13:50:38        0      3012  100.00    0.00    0.00    0.00  100.00    17      0.00      0.00  117180    9076   0.01      0.00      0.00      0.00       0  sysbench
13:50:39        0      3012  100.00    0.00    0.00    0.00  100.00    17      0.00      0.00  117180    9076   0.01      0.00      0.00      0.00       0  sysbench
13:50:40        0      3012  100.00    0.00    0.00    0.00  100.00    17     13.00      0.00  117180    9076   0.01      0.00      0.00      0.00       0  sysbench
13:50:41        0      3012  100.00    0.00    0.00    0.00  100.00    17    268.00      0.00  117180    9288   0.01      0.00      0.00      0.00       0  sysbench
13:50:42        0      3012  100.00    0.00    0.00    0.00  100.00    17      0.00      0.00  117180    9288   0.01      0.00      0.00      0.00       0  sysbench
13:50:43        0      3012  100.00    0.00    0.00    0.00  100.00    17      0.00      0.00  117180    9288   0.01      0.00      0.00      0.00       0  sysbench
13:50:44        0      3012  100.00    0.00    0.00    0.00  100.00    17      0.00      0.00  117180    9288   0.01      0.00      0.00      0.00       0  sysbench

13:51:37        0      3098  100.00    0.00    0.00    0.00  100.00    31    284.16      0.00  117180    9052   0.01      0.00      0.00      0.00       0  sysbench
13:51:38        0      3098  100.00    0.00    0.00    0.00  100.00    31    111.00      0.00  117180    9260   0.01      0.00      0.00      0.00       0  sysbench
13:51:39        0      3098  100.00    0.00    0.00    0.00  100.00    31     13.00      0.00  117180    9260   0.01      0.00      0.00      0.00       0  sysbench
13:51:40        0      3098  100.00    0.00    0.00    0.00  100.00    31    268.00      0.00  117180    9260   0.01      0.00      0.00      0.00       0  sysbench
13:51:41        0      3098  100.00    0.00    0.00    0.00  100.00    31      0.00      0.00  117180    9260   0.01      0.00      0.00      0.00       0  sysbench
13:51:42        0      3098  100.00    0.00    0.00    0.00  100.00    31      0.00      0.00  117180    9260   0.01      0.00      0.00      0.00       0  sysbench
13:51:43        0      3098  100.00    0.00    0.00    0.00  100.00    31     12.00      0.00  117180    9260   0.01      0.00      0.00      0.00       0  sysbench
13:51:44        0      3098  100.00    0.00    0.00    0.00  100.00    31    269.00      0.00  117180    9260   0.01      0.00      0.00      0.00       0  sysbench
13:51:45        0      3098  100.00    0.00    0.00    0.00  100.00    31      0.00      0.00  117180    9260   0.01      0.00      0.00      0.00       0  sysbench

13:50:25        0      2995  100.00    0.00    0.00    0.00  100.00     5    288.00      0.00  117180    9088   0.01      0.00      0.00      0.00       0  sysbench
13:50:26        0      2995  100.00    0.00    0.00    0.00  100.00     5    120.00      0.00  117180    9292   0.01      0.00      0.00      0.00       0  sysbench
13:50:27        0      2995  100.00    0.00    0.00    0.00  100.00     5      0.00      0.00  117180    9292   0.01      0.00      0.00      0.00       0  sysbench
13:50:28        0      2995  100.00    0.00    0.00    0.00  100.00     5      0.00      0.00  117180    9292   0.01      0.00      0.00      0.00       0  sysbench
13:50:29        0      2995  100.00    0.00    0.00    0.00  100.00     5     11.00      0.00  117180    9292   0.01      0.00      0.00      0.00       0  sysbench
13:50:30        0      2995  100.00    0.00    0.00    0.00  100.00     5    270.00      0.00  117180    9292   0.01      0.00      0.00      0.00       0  sysbench
13:50:31        0      2995  100.00    0.00    0.00    0.00  100.00     5      0.00      0.00  117180    9292   0.01      0.00      0.00      0.00       0  sysbench
13:50:32        0      2995  100.00    0.00    0.00    0.00  100.00     5      0.00      0.00  117180    9292   0.01      0.00      0.00      0.00       0  sysbench
13:50:33        0      2995  100.00    0.00    0.00    0.00  100.00     5      0.00      0.00  117180    9292   0.01      0.00      0.00      0.00       0  sysbench

13:51:50        0      3115  100.00    0.00    0.00    0.00  100.00     9    287.00      0.00  117180    8948   0.01      0.00      0.00      0.00       0  sysbench
13:51:51        0      3115  100.00    0.00    0.00    0.00  100.00     9    145.00      0.00  117180    9088   0.01      0.00      0.00      0.00       0  sysbench
13:51:52        0      3115  100.00    0.00    0.00    0.00  100.00     9      0.00      0.00  117180    9088   0.01      0.00      0.00      0.00       0  sysbench
13:51:53        0      3115  100.00    0.00    0.00    0.00  100.00     9      0.00      0.00  117180    9088   0.01      0.00      0.00      0.00       0  sysbench
13:51:54        0      3115  100.00    0.00    0.00    0.00  100.00     9     12.00      0.00  117180    9088   0.01      0.00      0.00      0.00       0  sysbench
13:51:55        0      3115  100.00    0.00    0.00    0.00  100.00     9    269.00      0.00  117180    9088   0.01      0.00      0.00      0.00       0  sysbench
13:51:56        0      3115  100.00    0.00    0.00    0.00  100.00     9      0.00      0.00  117180    9088   0.01      0.00      0.00      0.00       0  sysbench
13:51:57        0      3115  100.00    0.00    0.00    0.00  100.00     9    281.00      0.00  117180    9088   0.01      0.00      0.00      0.00       0  sysbench
13:51:58        0      3115  100.00    0.00    0.00    0.00  100.00     9      0.00      0.00  117180    9088   0.01      0.00      0.00      0.00       0  sysbench

13:51:00        0      3046  100.00    0.00    0.00    0.00  100.00    31    286.00      0.00  117180    9052   0.01      0.00      0.00      0.00       0  sysbench
13:51:01        0      3046  100.00    0.00    0.00    0.00  100.00    31    187.00      0.00  117180    9196   0.01      0.00      0.00      0.00       0  sysbench
13:51:02        0      3046  100.00    0.00    0.00    0.00  100.00    31      0.00      0.00  117180    9196   0.01      0.00      0.00      0.00       0  sysbench
13:51:03        0      3046  100.00    0.00    0.00    0.00  100.00    31      0.00      0.00  117180    9196   0.01      0.00      0.00      0.00       0  sysbench
13:51:04        0      3046  100.00    0.00    0.00    0.00  100.00    31     11.00      0.00  117180    9196   0.01      0.00      0.00      0.00       0  sysbench
13:51:05        0      3046  100.00    0.00    0.00    0.00  100.00    31    270.00      0.00  117180    9196   0.01      0.00      0.00      0.00       0  sysbench
13:51:06        0      3046  100.00    0.00    0.00    0.00  100.00    31      0.00      0.00  117180    9196   0.01      0.00      0.00      0.00       0  sysbench
13:51:07        0      3046  100.00    0.00    0.00    0.00  100.00    31      0.00      0.00  117180    9196   0.01      0.00      0.00      0.00       0  sysbench
13:51:08        0      3046  100.00    0.00    0.00    0.00  100.00    31     12.00      0.00  117180    9196   0.01      0.00      0.00      0.00       0  sysbench

13:50:13        0      2978  100.00    0.00    0.00    0.00  100.00    19    283.17      0.00  117180    9048   0.01      0.00      0.00      0.00       0  sysbench
13:50:14        0      2978  100.00    0.00    0.00    0.00  100.00    19    113.00      0.00  117180    9252   0.01      0.00      0.00      0.00       0  sysbench
13:50:15        0      2978  100.00    0.00    0.00    0.00  100.00    19      0.00      0.00  117180    9252   0.01      0.00      0.00      0.00       0  sysbench
13:50:16        0      2978  100.00    0.00    0.00    0.00  100.00    19      0.00      0.00  117180    9252   0.01      0.00      0.00      0.00       0  sysbench
13:50:17        0      2978  100.00    0.00    0.00    0.00  100.00    19     14.00      0.00  117180    9252   0.01      0.00      0.00      0.00       0  sysbench
13:50:18        0      2978  100.00    0.00    0.00    0.00  100.00    19    267.00      0.00  117180    9252   0.01      0.00      0.00      0.00       0  sysbench
13:50:19        0      2978  100.00    0.00    0.00    0.00  100.00    19      0.00      0.00  117180    9252   0.01      0.00      0.00      0.00       0  sysbench
13:50:20        0      2978  100.00    0.00    0.00    0.00  100.00    19      0.00      0.00  117180    9252   0.01      0.00      0.00      0.00       0  sysbench
13:50:21        0      2978  100.00    0.00    0.00    0.00  100.00    19     13.00      0.00  117180    9252   0.01      0.00      0.00      0.00       0  sysbench

13:50:48        0      3029  100.00    0.00    0.00    0.00  100.00     3    289.00      0.00  117180    8956   0.01      0.00      0.00      0.00       0  sysbench
13:50:49        0      3029  100.00    0.00    0.00    0.00  100.00     3     30.00      0.00  117180    8956   0.01      0.00      0.00      0.00       0  sysbench
13:50:50        0      3029  100.00    0.00    0.00    0.00  100.00     3      0.00      0.00  117180    8956   0.01      0.00      0.00      0.00       0  sysbench
13:50:51        0      3029  100.00    0.00    0.00    0.00  100.00     3      0.00      0.00  117180    8956   0.01      0.00      0.00      0.00       0  sysbench
13:50:52        0      3029  100.00    0.00    0.00    0.00  100.00     3     12.00      0.00  117180    8956   0.01      0.00      0.00      0.00       0  sysbench
13:50:53        0      3029  100.00    0.00    0.00    0.00  100.00     3    269.00      0.00  117180    9104   0.01      0.00      0.00      0.00       0  sysbench
13:50:54        0      3029  100.00    0.00    0.00    0.00  100.00     3      0.00      0.00  117180    9104   0.01      0.00      0.00      0.00       0  sysbench
13:50:55        0      3029  100.00    0.00    0.00    0.00  100.00     3      0.00      0.00  117180    9104   0.01      0.00      0.00      0.00       0  sysbench
13:50:56        0      3029  100.00    0.00    0.00    0.00  100.00     3      0.00      0.00  117180    9104   0.01      0.00      0.00      0.00       0  sysbench

