12:57:14        0      1988  100.00    0.00    0.00    0.00  100.00     9    293.00      0.00  117180    8908   0.01      0.00      0.00      0.00       0  sysbench
12:57:15        0      1988  100.00    0.00    0.00    0.00  100.00     9    117.00      0.00  117180    9300   0.01      0.00      0.00      0.00       0  sysbench
12:57:16        0      1988  100.00    0.00    0.00    0.00  100.00     9     47.00      0.00  117180    9300   0.01      0.00      0.00      0.00       0  sysbench
12:57:17        0      1988  100.00    0.00    0.00    0.00  100.00     9    234.00      0.00  117180    9300   0.01      0.00      0.00      0.00       0  sysbench
12:57:18        0      1988  100.00    0.00    0.00    0.00  100.00     9     46.00      0.00  117180    9300   0.01      0.00      0.00      0.00       0  sysbench
12:57:19        0      1988  100.00    0.00    0.00    0.00  100.00     9    266.00      0.00  117180    9300   0.01      0.00      0.00      0.00       0  sysbench
12:57:20        0      1988  100.00    0.00    0.00    0.00  100.00     9    250.00      0.00  117180    9300   0.01      0.00      0.00      0.00       0  sysbench
12:57:21        0      1988  100.00    0.00    0.00    0.00  100.00     9    281.00      0.00  117180    9300   0.01      0.00      0.00      0.00       0  sysbench
12:57:22        0      1988  100.00    0.00    0.00    0.00  100.00     9      0.00      0.00  117180    9300   0.01      0.00      0.00      0.00       0  sysbench

12:56:36        0      1936  100.00    0.00    0.00    0.00  100.00     3    314.00      0.00  117180    8888   0.01      0.00      0.00      0.00       0  sysbench
12:56:37        0      1936  100.00    0.00    0.00    0.00  100.00     3     44.00      0.00  117180    8888   0.01      0.00      0.00      0.00       0  sysbench
12:56:38        0      1936  100.00    0.00    0.00    0.00  100.00     3     52.00      0.00  117180    9104   0.01      0.00      0.00      0.00       0  sysbench
12:56:39        0      1936  100.00    0.00    0.00    0.00  100.00     3    229.00      0.00  117180    9116   0.01      0.00      0.00      0.00       0  sysbench
12:56:40        0      1936  100.00    0.00    0.00    0.00  100.00     3      0.00      0.00  117180    9116   0.01      0.00      0.00      0.00       0  sysbench
12:56:41        0      1936  100.00    0.00    0.00    0.00  100.00     3      0.00      0.00  117180    9116   0.01      0.00      0.00      0.00       0  sysbench
12:56:42        0      1936  100.00    0.00    0.00    0.00  100.00     3      0.00      0.00  117180    9116   0.01      0.00      0.00      0.00       0  sysbench
12:56:43        0      1936  100.00    0.00    0.00    0.00  100.00     3     30.00      0.00  117180    9116   0.01      0.00      0.00      0.00       0  sysbench
12:56:44        0      1936  100.00    0.00    0.00    0.00  100.00     3    251.00      0.00  117180    9116   0.01      0.00      0.00      0.00       0  sysbench

12:56:23        0      1919  100.00    0.00    0.00    0.00  100.00    41    321.00      0.00  117180    9100   0.01      0.00      0.00      0.00       0  sysbench
12:56:24        0      1919  100.00    0.00    0.00    0.00  100.00    41     35.00      0.00  117180    9100   0.01      0.00      0.00      0.00       0  sysbench
12:56:25        0      1919  100.00    0.00    0.00    0.00  100.00    41     52.00      0.00  117180    9168   0.01      0.00      0.00      0.00       0  sysbench
12:56:26        0      1919  100.00    0.00    0.00    0.00  100.00    41    229.00      0.00  117180    9176   0.01      0.00      0.00      0.00       0  sysbench
12:56:27        0      1919  100.00    0.00    0.00    0.00  100.00    41      0.00      0.00  117180    9176   0.01      0.00      0.00      0.00       0  sysbench
12:56:28        0      1919  100.00    0.00    0.00    0.00  100.00    41    281.00      0.00  117180    9176   0.01      0.00      0.00      0.00       0  sysbench
12:56:29        0      1919  100.00    0.00    0.00    0.00  100.00    41      0.00      0.00  117180    9176   0.01      0.00      0.00      0.00       0  sysbench
12:56:30        0      1919  100.00    0.00    0.00    0.00  100.00    41      0.00      0.00  117180    9176   0.01      0.00      0.00      0.00       0  sysbench
12:56:31        0      1919  100.00    0.00    0.00    0.00  100.00    41     25.00      0.00  117180    9176   0.01      0.00      0.00      0.00       0  sysbench

12:55:48        0      1868  100.00    0.00    0.00    0.00  100.00    27    318.00      0.00  117180    9236   0.01      0.00      0.00      0.00       0  sysbench
12:55:49        0      1868  100.00    0.00    0.00    0.00  100.00    27     69.00      0.00  117180    9236   0.01      0.00      0.00      0.00       0  sysbench
12:55:50        0      1868  100.00    0.00    0.00    0.00  100.00    27     51.00      0.00  117180    9256   0.01      0.00      0.00      0.00       0  sysbench
12:55:51        0      1868  100.00    0.00    0.00    0.00  100.00    27    230.00      0.00  117180    9264   0.01      0.00      0.00      0.00       0  sysbench
12:55:52        0      1868  100.00    0.00    0.00    0.00  100.00    27      0.00      0.00  117180    9264   0.01      0.00      0.00      0.00       0  sysbench
12:55:53        0      1868  100.00    0.00    0.00    0.00  100.00    27      0.00      0.00  117180    9264   0.01      0.00      0.00      0.00       0  sysbench
12:55:54        0      1868  100.00    0.00    0.00    0.00  100.00    27      0.00      0.00  117180    9264   0.01      0.00      0.00      0.00       0  sysbench
12:55:55        0      1868  100.00    0.00    0.00    0.00  100.00    27     27.00      0.00  117180    9264   0.01      0.00      0.00      0.00       0  sysbench
12:55:56        0      1868  100.00    0.00    0.00    0.00  100.00    27    254.00      0.00  117180    9264   0.01      0.00      0.00      0.00       0  sysbench

12:56:48        0      1954  100.00    0.00    0.00    0.00  100.00    33    300.00      0.00  117180    9016   0.01      0.00      0.00      0.00       0  sysbench
12:56:49        0      1954  100.00    0.00    0.00    0.00  100.00    33    142.00      0.00  117180    9276   0.01      0.00      0.00      0.00       0  sysbench
12:56:50        0      1954  100.00    0.00    0.00    0.00  100.00    33     55.00      0.00  117180    9276   0.01      0.00      0.00      0.00       0  sysbench
12:56:51        0      1954  100.00    0.00    0.00    0.00  100.00    33    226.00      0.00  117180    9276   0.01      0.00      0.00      0.00       0  sysbench
12:56:52        0      1954  100.00    0.00    0.00    0.00  100.00    33      0.00      0.00  117180    9276   0.01      0.00      0.00      0.00       0  sysbench
12:56:53        0      1954  100.00    0.00    0.00    0.00  100.00    33      0.00      0.00  117180    9276   0.01      0.00      0.00      0.00       0  sysbench
12:56:54        0      1954  100.00    0.00    0.00    0.00  100.00    33      0.00      0.00  117180    9276   0.01      0.00      0.00      0.00       0  sysbench
12:56:55        0      1954  100.00    0.00    0.00    0.00  100.00    33     35.00      0.00  117180    9276   0.01      0.00      0.00      0.00       0  sysbench
12:56:56        0      1954  100.00    0.00    0.00    0.00  100.00    33    246.00      0.00  117180    9276   0.01      0.00      0.00      0.00       0  sysbench

12:55:36        0      1851  100.00    0.00    0.00    0.00  100.00    45    304.00      0.00  117180    9044   0.01      0.00      0.00      0.00       0  sysbench
12:55:37        0      1851  100.00    0.00    0.00    0.00  100.00    45    126.00      0.00  117180    9460   0.01      0.00      0.00      0.00       0  sysbench
12:55:38        0      1851  100.00    0.00    0.00    0.00  100.00    45      0.00      0.00  117180    9460   0.01      0.00      0.00      0.00       0  sysbench
12:55:39        0      1851  100.00    0.00    0.00    0.00  100.00    45      0.00      0.00  117180    9460   0.01      0.00      0.00      0.00       0  sysbench
12:55:40        0      1851  100.00    0.00    0.00    0.00  100.00    45     54.00      0.00  117180    9460   0.01      0.00      0.00      0.00       0  sysbench
12:55:41        0      1851  100.00    0.00    0.00    0.00  100.00    45    227.00      0.00  117180    9460   0.01      0.00      0.00      0.00       0  sysbench
12:55:42        0      1851  100.00    0.00    0.00    0.00  100.00    45      0.00      0.00  117180    9460   0.01      0.00      0.00      0.00       0  sysbench
12:55:43        0      1851  100.00    0.00    0.00    0.00  100.00    45    281.00      0.00  117180    9460   0.01      0.00      0.00      0.00       0  sysbench
12:55:44        0      1851  100.00    0.00    0.00    0.00  100.00    45      0.00      0.00  117180    9460   0.01      0.00      0.00      0.00       0  sysbench

12:57:01        0      1971  100.00    0.00    0.00    0.00  100.00     5    296.00      0.00  117180    8924   0.01      0.00      0.00      0.00       0  sysbench
12:57:02        0      1971  100.00    0.00    0.00    0.00  100.00     5    134.00      0.00  117180    9140   0.01      0.00      0.00      0.00       0  sysbench
12:57:03        0      1971  100.00    0.00    0.00    0.00  100.00     5     49.00      0.00  117180    9160   0.01      0.00      0.00      0.00       0  sysbench
12:57:04        0      1971  100.00    1.00    0.00    0.00  100.00     5    232.00      0.00  117180    9160   0.01      0.00      0.00      0.00       0  sysbench
12:57:05        0      1971  100.00    0.00    0.00    0.00  100.00     5      0.00      0.00  117180    9160   0.01      0.00      0.00      0.00       0  sysbench
12:57:06        0      1971  100.00    0.00    0.00    0.00  100.00     5      0.00      0.00  117180    9160   0.01      0.00      0.00      0.00       0  sysbench
12:57:07        0      1971  100.00    0.00    0.00    0.00  100.00     5     48.00      0.00  117180    9160   0.01      0.00      0.00      0.00       0  sysbench
12:57:08        0      1971  100.00    0.00    0.00    0.00  100.00     5    233.00      0.00  117180    9160   0.01      0.00      0.00      0.00       0  sysbench
12:57:09        0      1971  100.00    0.00    0.00    0.00  100.00     5      0.00      0.00  117180    9160   0.01      0.00      0.00      0.00       0  sysbench

12:56:11        0      1902  100.00    0.00    0.00    0.00  100.00    25    323.00      0.00  117180    9292   0.01      0.00      0.00      0.00       0  sysbench
12:56:12        0      1902  100.00    0.00    0.00    0.00  100.00    25     53.00      0.00  117180    9292   0.01      0.00      0.00      0.00       0  sysbench
12:56:13        0      1902  100.00    0.00    0.00    0.00  100.00    25     55.00      0.00  117180    9320   0.01      0.00      0.00      0.00       0  sysbench
12:56:14        0      1902  100.00    0.00    0.00    0.00  100.00    25    226.00      0.00  117180    9328   0.01      0.00      0.00      0.00       0  sysbench
12:56:15        0      1902  100.00    0.00    0.00    0.00  100.00    25     52.00      0.00  117180    9328   0.01      0.00      0.00      0.00       0  sysbench
12:56:16        0      1902  100.00    0.00    0.00    0.00  100.00    25    265.00      0.00  117180    9328   0.01      0.00      0.00      0.00       0  sysbench
12:56:17        0      1902  100.00    1.00    0.00    0.00  100.00    25    246.00      0.00  117180    9392   0.01      0.00      0.00      0.00       0  sysbench
12:56:18        0      1902  100.00    0.00    0.00    0.00  100.00    25    281.00      0.00  117180    9392   0.01      0.00      0.00      0.00       0  sysbench
12:56:19        0      1902  100.00    0.00    0.00    0.00  100.00    25      0.00      0.00  117180    9392   0.01      0.00      0.00      0.00       0  sysbench

12:55:25        0      1834  100.00    0.00    0.00    0.00  100.00    21    310.00      0.00  117180    8936   0.01      0.00      0.00      0.00       0  sysbench
12:55:26        0      1834  100.00    0.00    0.00    0.00  100.00    21     87.00      0.00  117180    9228   0.01      0.00      0.00      0.00       0  sysbench
12:55:27        0      1834  100.00    0.00    0.00    0.00  100.00    21     53.00      0.00  117180    9324   0.01      0.00      0.00      0.00       0  sysbench
12:55:28        0      1834  100.00    0.00    0.00    0.00  100.00    21    228.00      0.00  117180    9388   0.01      0.00      0.00      0.00       0  sysbench
12:55:29        0      1834  100.00    0.00    0.00    0.00  100.00    21      0.00      0.00  117180    9388   0.01      0.00      0.00      0.00       0  sysbench
12:55:30        0      1834  100.00    0.00    0.00    0.00  100.00    21    281.00      0.00  117180    9388   0.01      0.00      0.00      0.00       0  sysbench
12:55:31        0      1834  100.00    0.00    0.00    0.00  100.00    21      0.00      0.00  117180    9388   0.01      0.00      0.00      0.00       0  sysbench
12:55:32        0      1834  100.00    0.00    0.00    0.00  100.00    21      0.00      0.00  117180    9388   0.01      0.00      0.00      0.00       0  sysbench
12:55:33        0      1834  100.00    0.00    0.00    0.00  100.00    21     54.00      0.00  117180    9388   0.01      0.00      0.00      0.00       0  sysbench

12:55:59        0      1885  100.00    0.00    0.00    0.00  100.00    43    314.00      0.00  117180    9096   0.01      0.00      0.00      0.00       0  sysbench
12:56:00        0      1885  100.00    0.00    0.00    0.00  100.00    43     64.00      0.00  117180    9096   0.01      0.00      0.00      0.00       0  sysbench
12:56:01        0      1885  100.00    0.00    0.00    0.00  100.00    43     51.00      0.00  117180    9096   0.01      0.00      0.00      0.00       0  sysbench
12:56:02        0      1885  100.00    0.00    0.00    0.00  100.00    43    230.00      0.00  117180    9096   0.01      0.00      0.00      0.00       0  sysbench
12:56:03        0      1885  100.00    0.00    0.00    0.00  100.00    43      0.00      0.00  117180    9096   0.01      0.00      0.00      0.00       0  sysbench
12:56:04        0      1885  100.00    0.00    0.00    0.00  100.00    43      0.00      0.00  117180    9096   0.01      0.00      0.00      0.00       0  sysbench
12:56:05        0      1885  100.00    0.00    0.00    0.00  100.00    43      0.00      0.00  117180    9096   0.01      0.00      0.00      0.00       0  sysbench
12:56:06        0      1885  100.00    0.00    0.00    0.00  100.00    43     32.00      0.00  117180    9096   0.01      0.00      0.00      0.00       0  sysbench
12:56:07        0      1885  100.00    1.00    0.00    0.00  100.00    43    249.00      0.00  117180    9096   0.01      0.00      0.00      0.00       0  sysbench

