12:24:14        0      1306  100.00    0.00    0.00    0.00  100.00    13    285.00      0.00  117180    9472   0.01      0.00      0.00      0.00       0  sysbench
12:24:15        0      1306  100.00    0.00    0.00    0.00  100.00    13     76.00      0.00  117180    9472   0.01      0.00      0.00      0.00       0  sysbench
12:24:16        0      1306  100.00    0.00    0.00    0.00  100.00    13    138.00      0.00  117180    9472   0.01      0.00      0.00      0.00       0  sysbench
12:24:17        0      1306  100.00    0.00    0.00    0.00  100.00    13    143.00      0.00  117180    9472   0.01      0.00      0.00      0.00       0  sysbench
12:24:18        0      1306  100.00    0.00    0.00    0.00  100.00    13      0.00      0.00  117180    9472   0.01      0.00      0.00      0.00       0  sysbench
12:24:19        0      1306  100.00    0.00    0.00    0.00  100.00    13    281.00      0.00  117180    9472   0.01      0.00      0.00      0.00       0  sysbench
12:24:20        0      1306  100.00    0.00    0.00    0.00  100.00    13      0.00      0.00  117180    9472   0.01      0.00      0.00      0.00       0  sysbench
12:24:21        0      1306  100.00    0.00    0.00    0.00  100.00    13      0.00      0.00  117180    9472   0.01      0.00      0.00      0.00       0  sysbench
12:24:22        0      1306  100.00    0.00    0.00    0.00  100.00    13    281.00      0.00  117180    9472   0.01      0.00      0.00      0.00       0  sysbench

12:23:37        0      1255  100.00    0.00    0.00    0.00  100.00    39    285.15      0.00  117180    9080   0.01      0.00      0.00      0.00       0  sysbench
12:23:38        0      1255  100.00    0.00    0.00    0.00  100.00    39     92.00      0.00  117180    9240   0.01      0.00      0.00      0.00       0  sysbench
12:23:39        0      1255  100.00    0.00    0.00    0.00  100.00    39    138.00      0.00  117180    9240   0.01      0.00      0.00      0.00       0  sysbench
12:23:40        0      1255  100.00    0.00    0.00    0.00  100.00    39    143.00      0.00  117180    9240   0.01      0.00      0.00      0.00       0  sysbench
12:23:41        0      1255  100.00    0.00    0.00    0.00  100.00    39      0.00      0.00  117180    9240   0.01      0.00      0.00      0.00       0  sysbench
12:23:42        0      1255  100.00    0.00    0.00    0.00  100.00    39    281.00      0.00  117180    9240   0.01      0.00      0.00      0.00       0  sysbench
12:23:43        0      1255  100.00    0.00    0.00    0.00  100.00    39      0.00      0.00  117180    9240   0.01      0.00      0.00      0.00       0  sysbench
12:23:44        0      1255  100.00    0.00    0.00    0.00  100.00    39    138.00      0.00  117180    9240   0.01      0.00      0.00      0.00       0  sysbench
12:23:45        0      1255  100.00    0.00    0.00    0.00  100.00    39    143.00      0.00  117180    9240   0.01      0.00      0.00      0.00       0  sysbench

12:23:25        0      1238  100.00    0.00    0.00    0.00  100.00    17    286.00      0.00  117180    8940   0.01      0.00      0.00      0.00       0  sysbench
12:23:26        0      1238  100.00    0.00    0.00    0.00  100.00    17     47.00      0.00  117180    9120   0.01      0.00      0.00      0.00       0  sysbench
12:23:27        0      1238  100.00    0.00    0.00    0.00  100.00    17    138.00      0.00  117180    9120   0.01      0.00      0.00      0.00       0  sysbench
12:23:28        0      1238  100.00    0.00    0.00    0.00  100.00    17    143.00      0.00  117180    9120   0.01      0.00      0.00      0.00       0  sysbench
12:23:29        0      1238  100.00    0.00    0.00    0.00  100.00    17     93.00      0.00  117180    9120   0.01      0.00      0.00      0.00       0  sysbench
12:23:30        0      1238  100.00    0.00    0.00    0.00  100.00    17    188.00      0.00  117180    9120   0.01      0.00      0.00      0.00       0  sysbench
12:23:31        0      1238  100.00    0.00    0.00    0.00  100.00    17      0.00      0.00  117180    9120   0.01      0.00      0.00      0.00       0  sysbench
12:23:32        0      1238  100.00    0.00    0.00    0.00  100.00    17      0.00      0.00  117180    9120   0.01      0.00      0.00      0.00       0  sysbench
12:23:33        0      1238  100.00    0.00    0.00    0.00  100.00    17    281.00      0.00  117180    9120   0.01      0.00      0.00      0.00       0  sysbench

12:22:49        0      1186  100.00    0.00    0.00    0.00  100.00    33    284.00      0.00  117180    9000   0.01      0.00      0.00      0.00       0  sysbench
12:22:50        0      1186  100.00    1.00    0.00    0.00  100.00    33     97.00      0.00  117180    9156   0.01      0.00      0.00      0.00       0  sysbench
12:22:51        0      1186  100.00    0.00    0.00    0.00  100.00    33    138.00      0.00  117180    9156   0.01      0.00      0.00      0.00       0  sysbench
12:22:52        0      1186  100.00    0.00    0.00    0.00  100.00    33    143.00      0.00  117180    9156   0.01      0.00      0.00      0.00       0  sysbench
12:22:53        0      1186  100.00    0.00    0.00    0.00  100.00    33      0.00      0.00  117180    9156   0.01      0.00      0.00      0.00       0  sysbench
12:22:54        0      1186  100.00    0.00    0.00    0.00  100.00    33      0.00      0.00  117180    9156   0.01      0.00      0.00      0.00       0  sysbench
12:22:55        0      1186  100.00    0.00    0.00    0.00  100.00    33      0.00      0.00  117180    9156   0.01      0.00      0.00      0.00       0  sysbench
12:22:56        0      1186  100.00    0.00    0.00    0.00  100.00    33      0.00      0.00  117180    9156   0.01      0.00      0.00      0.00       0  sysbench
12:22:57        0      1186  100.00    0.00    0.00    0.00  100.00    33      0.00      0.00  117180    9156   0.01      0.00      0.00      0.00       0  sysbench

12:23:49        0      1272  100.00    0.00    0.00    0.00  100.00    36    283.00      0.00  117180    9108   0.01      0.00      0.00      0.00       0  sysbench
12:23:50        0      1272  100.00    0.00    0.00    0.00  100.00    36     82.00      0.00  117180    9224   0.01      0.00      0.00      0.00       0  sysbench
12:23:51        0      1272  100.00    0.00    0.00    0.00  100.00    36    138.00      0.00  117180    9224   0.01      0.00      0.00      0.00       0  sysbench
12:23:52        0      1272  100.00    0.00    0.00    0.00  100.00    36    143.00      0.00  117180    9224   0.01      0.00      0.00      0.00       0  sysbench
12:23:53        0      1272  100.00    0.00    0.00    0.00  100.00    36      0.00      0.00  117180    9224   0.01      0.00      0.00      0.00       0  sysbench
12:23:54        0      1272  100.00    0.00    0.00    0.00  100.00    36      0.00      0.00  117180    9224   0.01      0.00      0.00      0.00       0  sysbench
12:23:55        0      1272  100.00    0.00    0.00    0.00  100.00    36    138.00      0.00  117180    9224   0.01      0.00      0.00      0.00       0  sysbench
12:23:56        0      1272  100.00    0.00    0.00    0.00  100.00    36    143.00      0.00  117180    9224   0.01      0.00      0.00      0.00       0  sysbench
12:23:57        0      1272  100.00    0.00    0.00    0.00  100.00    36      0.00      0.00  117180    9224   0.01      0.00      0.00      0.00       0  sysbench

12:22:38        0      1169  100.00    0.00    0.00    0.00  100.00     1    281.19      0.00  117180    9288   0.01      0.00      0.00      0.00       0  sysbench
12:22:39        0      1169  100.00    0.00    0.00    0.00  100.00     1      9.00      0.00  117180    9288   0.01      0.00      0.00      0.00       0  sysbench
12:22:40        0      1169  100.00    0.00    0.00    0.00  100.00     1    138.00      0.00  117180    9296   0.01      0.00      0.00      0.00       0  sysbench
12:22:41        0      1169  100.00    0.00    0.00    0.00  100.00     1    143.00      0.00  117180    9300   0.01      0.00      0.00      0.00       0  sysbench
12:22:42        0      1169  100.00    0.00    0.00    0.00  100.00     1    136.00      0.00  117180    9300   0.01      0.00      0.00      0.00       0  sysbench
12:22:43        0      1169  100.00    0.00    0.00    0.00  100.00     1    145.00      0.00  117180    9300   0.01      0.00      0.00      0.00       0  sysbench
12:22:44        0      1169  100.00    0.00    0.00    0.00  100.00     1      0.00      0.00  117180    9300   0.01      0.00      0.00      0.00       0  sysbench
12:22:45        0      1169  100.00    0.00    0.00    0.00  100.00     1    131.00      0.00  117180    9300   0.01      0.00      0.00      0.00       0  sysbench
12:22:46        0      1169  100.00    1.00    0.00    0.00  100.00     1    150.00      0.00  117180    9300   0.01      0.00      0.00      0.00       0  sysbench

12:24:02        0      1289  100.00    0.00    0.00    0.00  100.00    19    286.00      0.00  117180    9240   0.01      0.00      0.00      0.00       0  sysbench
12:24:03        0      1289  100.00    0.00    0.00    0.00  100.00    19     24.00      0.00  117180    9464   0.01      0.00      0.00      0.00       0  sysbench
12:24:04        0      1289  100.00    0.00    0.00    0.00  100.00    19    138.00      0.00  117180    9476   0.01      0.00      0.00      0.00       0  sysbench
12:24:05        0      1289  100.00    0.00    0.00    0.00  100.00    19    143.00      0.00  117180    9476   0.01      0.00      0.00      0.00       0  sysbench
12:24:06        0      1289  100.00    0.00    0.00    0.00  100.00    19    138.00      0.00  117180    9476   0.01      0.00      0.00      0.00       0  sysbench
12:24:07        0      1289  100.00    0.00    0.00    0.00  100.00    19    143.00      0.00  117180    9476   0.01      0.00      0.00      0.00       0  sysbench
12:24:08        0      1289  100.00    0.00    0.00    0.00  100.00    19      0.00      0.00  117180    9476   0.01      0.00      0.00      0.00       0  sysbench
12:24:09        0      1289  100.00    0.00    0.00    0.00  100.00    19    131.00      0.00  117180    9476   0.01      0.00      0.00      0.00       0  sysbench
12:24:10        0      1289  100.00    0.00    0.00    0.00  100.00    19    150.00      0.00  117180    9476   0.01      0.00      0.00      0.00       0  sysbench

12:23:13        0      1221  100.00    0.00    0.00    0.00  100.00    17    287.00      0.00  117180    9116   0.01      0.00      0.00      0.00       0  sysbench
12:23:14        0      1221  100.00    0.00    0.00    0.00  100.00    17     42.00      0.00  117180    9244   0.01      0.00      0.00      0.00       0  sysbench
12:23:15        0      1221  100.00    0.00    0.00    0.00  100.00    17    138.00      0.00  117180    9252   0.01      0.00      0.00      0.00       0  sysbench
12:23:16        0      1221  100.00    0.00    0.00    0.00  100.00    17    143.00      0.00  117180    9252   0.01      0.00      0.00      0.00       0  sysbench
12:23:17        0      1221  100.00    0.00    0.00    0.00  100.00    17     30.00      0.00  117180    9252   0.01      0.00      0.00      0.00       0  sysbench
12:23:18        0      1221  100.00    0.00    0.00    0.00  100.00    17    251.00      0.00  117180    9252   0.01      0.00      0.00      0.00       0  sysbench
12:23:19        0      1221  100.00    0.00    0.00    0.00  100.00    17      0.00      0.00  117180    9252   0.01      0.00      0.00      0.00       0  sysbench
12:23:20        0      1221  100.00    0.00    0.00    0.00  100.00    17      0.00      0.00  117180    9252   0.01      0.00      0.00      0.00       0  sysbench
12:23:21        0      1221  100.00    0.00    0.00    0.00  100.00    17    281.00      0.00  117180    9252   0.01      0.00      0.00      0.00       0  sysbench

12:22:26        0      1152  100.00    0.00    0.00    0.00  100.00     5    285.00      0.00  117180    9196   0.01      0.00      0.00      0.00       0  sysbench
12:22:27        0      1152  100.00    0.00    0.00    0.00  100.00     5     33.00      0.00  117180    9404   0.01      0.00      0.00      0.00       0  sysbench
12:22:28        0      1152  100.00    0.00    0.00    0.00  100.00     5    138.00      0.00  117180    9416   0.01      0.00      0.00      0.00       0  sysbench
12:22:29        0      1152  100.00    0.00    0.00    0.00  100.00     5    143.00      0.00  117180    9416   0.01      0.00      0.00      0.00       0  sysbench
12:22:30        0      1152  100.00    0.00    0.00    0.00  100.00     5      0.00      0.00  117180    9416   0.01      0.00      0.00      0.00       0  sysbench
12:22:31        0      1152  100.00    0.00    0.00    0.00  100.00     5      0.00      0.00  117180    9416   0.01      0.00      0.00      0.00       0  sysbench
12:22:32        0      1152  100.00    0.00    0.00    0.00  100.00     5    138.00      0.00  117180    9416   0.01      0.00      0.00      0.00       0  sysbench
12:22:33        0      1152  100.00    0.00    0.00    0.00  100.00     5    143.00      0.00  117180    9416   0.01      0.00      0.00      0.00       0  sysbench
12:22:34        0      1152  100.00    0.00    0.00    0.00  100.00     5      0.00      0.00  117180    9416   0.01      0.00      0.00      0.00       0  sysbench

12:23:01        0      1203  100.00    0.00    0.00    0.00  100.00    45    284.00      0.00  117180    9100   0.01      0.00      0.00      0.00       0  sysbench
12:23:02        0      1203  100.00    0.00    0.00    0.00  100.00    45    102.00      0.00  117180    9240   0.01      0.00      0.00      0.00       0  sysbench
12:23:03        0      1203  100.00    0.00    0.00    0.00  100.00    45    138.00      0.00  117180    9240   0.01      0.00      0.00      0.00       0  sysbench
12:23:04        0      1203  100.00    0.00    0.00    0.00  100.00    45    143.00      0.00  117180    9240   0.01      0.00      0.00      0.00       0  sysbench
12:23:05        0      1203  100.00    0.00    0.00    0.00  100.00    45      0.00      0.00  117180    9240   0.01      0.00      0.00      0.00       0  sysbench
12:23:06        0      1203  100.00    0.00    0.00    0.00  100.00    45      0.00      0.00  117180    9240   0.01      0.00      0.00      0.00       0  sysbench
12:23:07        0      1203  100.00    0.00    0.00    0.00  100.00    45      0.00      0.00  117180    9240   0.01      0.00      0.00      0.00       0  sysbench
12:23:08        0      1203  100.00    0.00    0.00    0.00  100.00    45    281.00      0.00  117180    9240   0.01      0.00      0.00      0.00       0  sysbench
12:23:09        0      1203  100.00    0.00    0.00    0.00  100.00    45      0.00      0.00  117180    9240   0.01      0.00      0.00      0.00       0  sysbench

