14:27:20        0      3825  100.00    0.00    0.00    0.00  100.00     5    284.00      0.00  117180    8984   0.01      0.00      0.00      0.00       0  sysbench
14:27:21        0      3825  100.00    0.00    0.00    0.00  100.00     5    174.00      0.00  117180    9132   0.01      0.00      0.00      0.00       0  sysbench
14:27:22        0      3825  100.00    0.00    0.00    0.00  100.00     5    279.00      0.00  117180    9132   0.01      0.00      0.00      0.00       0  sysbench
14:27:23        0      3825  100.00    0.00    0.00    0.00  100.00     5    279.00      0.00  117180    9132   0.01      0.00      0.00      0.00       0  sysbench
14:27:24        0      3825  100.00    0.00    0.00    0.00  100.00     5    279.00      0.00  117180    9132   0.01      0.00      0.00      0.00       0  sysbench
14:27:25        0      3825  100.00    0.00    0.00    0.00  100.00     5    290.00      0.00  117180    9132   0.01      0.00      0.00      0.00       0  sysbench
14:27:26        0      3825  100.00    0.00    0.00    0.00  100.00     5    270.00      0.00  117180    9132   0.01      0.00      0.00      0.00       0  sysbench
14:27:27        0      3825  100.00    0.00    0.00    0.00  100.00     5      0.00      0.00  117180    9132   0.01      0.00      0.00      0.00       0  sysbench
14:27:28        0      3825  100.00    0.00    0.00    0.00  100.00     5      0.00      0.00  117180    9132   0.01      0.00      0.00      0.00       0  sysbench
14:27:29        0      3825  100.00    0.00    0.00    0.00  100.00     5      1.00      0.00  117180    9132   0.01      0.00      0.00      0.00       0  sysbench
14:27:30        0      3825  100.00    0.00    0.00    0.00  100.00     5    280.00      0.00  117180    9136   0.01      0.00      0.00      0.00       0  sysbench

14:26:37        0      3773  100.00    0.00    0.00    0.00  100.00     7    284.00      0.00  117180    8996   0.01      0.00      0.00      0.00       0  sysbench
14:26:38        0      3773  100.00    0.00    0.00    0.00  100.00     7    135.00      0.00  117180    9144   0.01      0.00      0.00      0.00       0  sysbench
14:26:39        0      3773  100.00    0.00    0.00    0.00  100.00     7      0.00      0.00  117180    9144   0.01      0.00      0.00      0.00       0  sysbench
14:26:40        0      3773  100.00    0.00    0.00    0.00  100.00     7    279.00      0.00  117180    9144   0.01      0.00      0.00      0.00       0  sysbench
14:26:41        0      3773  100.00    0.00    0.00    0.00  100.00     7      0.00      0.00  117180    9144   0.01      0.00      0.00      0.00       0  sysbench
14:26:42        0      3773  100.00    0.00    0.00    0.00  100.00     7      2.00      0.00  117180    9144   0.01      0.00      0.00      0.00       0  sysbench
14:26:43        0      3773  100.00    0.00    0.00    0.00  100.00     7      0.00      0.00  117180    9144   0.01      0.00      0.00      0.00       0  sysbench
14:26:44        0      3773  100.00    0.00    0.00    0.00  100.00     7      0.00      0.00  117180    9144   0.01      0.00      0.00      0.00       0  sysbench
14:26:45        0      3773  100.00    0.00    0.00    0.00  100.00     7      0.00      0.00  117180    9144   0.01      0.00      0.00      0.00       0  sysbench
14:26:46        0      3773  100.00    0.00    0.00    0.00  100.00     7    280.00      0.00  117180    9144   0.01      0.00      0.00      0.00       0  sysbench

14:26:24        0      3756  100.00    0.00    0.00    0.00  100.00    12    284.00      0.00  117180    8984   0.01      0.00      0.00      0.00       0  sysbench
14:26:25        0      3756  100.00    0.00    0.00    0.00  100.00    12    121.00      0.00  117180    9132   0.01      0.00      0.00      0.00       0  sysbench
14:26:26        0      3756  100.00    0.00    0.00    0.00  100.00    12    279.00      0.00  117180    9132   0.01      0.00      0.00      0.00       0  sysbench
14:26:27        0      3756  100.00    0.00    0.00    0.00  100.00    12    279.00      0.00  117180    9132   0.01      0.00      0.00      0.00       0  sysbench
14:26:28        0      3756  100.00    0.00    0.00    0.00  100.00    12    279.00      0.00  117180    9132   0.01      0.00      0.00      0.00       0  sysbench
14:26:29        0      3756  100.00    0.00    0.00    0.00  100.00    12    290.00      0.00  117180    9132   0.01      0.00      0.00      0.00       0  sysbench
14:26:30        0      3756  100.00    0.00    0.00    0.00  100.00    12    270.00      0.00  117180    9132   0.01      0.00      0.00      0.00       0  sysbench
14:26:31        0      3756  100.00    0.00    0.00    0.00  100.00    12      0.00      0.00  117180    9132   0.01      0.00      0.00      0.00       0  sysbench
14:26:32        0      3756  100.00    0.00    0.00    0.00  100.00    12      0.00      0.00  117180    9132   0.01      0.00      0.00      0.00       0  sysbench
14:26:33        0      3756  100.00    0.00    0.00    0.00  100.00    12      1.00      0.00  117180    9132   0.01      0.00      0.00      0.00       0  sysbench

14:25:45        0      3705   99.01    0.00    0.00    0.00   99.01    23    282.18      0.00  117180    9108   0.01      0.00      0.00      0.00       0  sysbench
14:25:46        0      3705  100.00    0.00    0.00    0.00  100.00    23     53.00      0.00  117180    9260   0.01      0.00      0.00      0.00       0  sysbench
14:25:47        0      3705  100.00    0.00    0.00    0.00  100.00    23    279.00      0.00  117180    9260   0.01      0.00      0.00      0.00       0  sysbench
14:25:48        0      3705  100.00    0.00    0.00    0.00  100.00    23    279.00      0.00  117180    9260   0.01      0.00      0.00      0.00       0  sysbench
14:25:49        0      3705  100.00    1.00    0.00    0.00  100.00    23    279.00      0.00  117180    9260   0.01      0.00      0.00      0.00       0  sysbench
14:25:50        0      3705  100.00    0.00    0.00    0.00  100.00    23    281.00      0.00  117180    9260   0.01      0.00      0.00      0.00       0  sysbench
14:25:51        0      3705  100.00    0.00    0.00    0.00  100.00    23      0.00      0.00  117180    9260   0.01      0.00      0.00      0.00       0  sysbench
14:25:52        0      3705  100.00    0.00    0.00    0.00  100.00    23      0.00      0.00  117180    9260   0.01      0.00      0.00      0.00       0  sysbench
14:25:53        0      3705  100.00    0.00    0.00    0.00  100.00    23      0.00      0.00  117180    9260   0.01      0.00      0.00      0.00       0  sysbench
14:25:54        0      3705  100.00    0.00    0.00    0.00  100.00    23    280.00      0.00  117180    9260   0.01      0.00      0.00      0.00       0  sysbench

14:26:51        0      3790  100.00    1.00    0.00    0.00  100.00    39    285.00      0.00  117180    9068   0.01      0.00      0.00      0.00       0  sysbench
14:26:52        0      3790  100.00    0.00    0.00    0.00  100.00    39    122.00      0.00  117180    9280   0.01      0.00      0.00      0.00       0  sysbench
14:26:53        0      3790  100.00    0.00    0.00    0.00  100.00    39    279.00      0.00  117180    9280   0.01      0.00      0.00      0.00       0  sysbench
14:26:54        0      3790  100.00    0.00    0.00    0.00  100.00    39    279.00      0.00  117180    9280   0.01      0.00      0.00      0.00       0  sysbench
14:26:55        0      3790  100.00    0.00    0.00    0.00  100.00    39    279.00      0.00  117180    9280   0.01      0.00      0.00      0.00       0  sysbench
14:26:56        0      3790  100.00    0.00    0.00    0.00  100.00    39    279.00      0.00  117180    9280   0.01      0.00      0.00      0.00       0  sysbench
14:26:57        0      3790  100.00    0.00    0.00    0.00  100.00    39    281.00      0.00  117180    9280   0.01      0.00      0.00      0.00       0  sysbench
14:26:58        0      3790  100.00    0.00    0.00    0.00  100.00    39      0.00      0.00  117180    9280   0.01      0.00      0.00      0.00       0  sysbench
14:26:59        0      3790  100.00    0.00    0.00    0.00  100.00    39      0.00      0.00  117180    9280   0.01      0.00      0.00      0.00       0  sysbench
14:27:00        0      3790  100.00    0.00    0.00    0.00  100.00    39      1.00      0.00  117180    9280   0.01      0.00      0.00      0.00       0  sysbench
14:27:01        0      3790  100.00    0.00    0.00    0.00  100.00    39    280.00      0.00  117180    9284   0.01      0.00      0.00      0.00       0  sysbench

14:25:32        0      3688  100.00    0.00    0.00    0.00  100.00    55    286.00      0.00  117180    9040   0.01      0.00      0.00      0.00       0  sysbench
14:25:33        0      3688  100.00    0.00    0.00    0.00  100.00    55    169.00      0.00  117180    9256   0.01      0.00      0.00      0.00       0  sysbench
14:25:34        0      3688  100.00    0.00    0.00    0.00  100.00    55    279.00      0.00  117180    9256   0.01      0.00      0.00      0.00       0  sysbench
14:25:35        0      3688  100.00    0.00    0.00    0.00  100.00    55    279.00      0.00  117180    9256   0.01      0.00      0.00      0.00       0  sysbench
14:25:36        0      3688  100.00    0.00    0.00    0.00  100.00    55    279.00      0.00  117180    9256   0.01      0.00      0.00      0.00       0  sysbench
14:25:37        0      3688  100.00    0.00    0.00    0.00  100.00    55    281.00      0.00  117180    9256   0.01      0.00      0.00      0.00       0  sysbench
14:25:38        0      3688  100.00    0.00    0.00    0.00  100.00    55      0.00      0.00  117180    9256   0.01      0.00      0.00      0.00       0  sysbench
14:25:39        0      3688  100.00    0.00    0.00    0.00  100.00    55      0.00      0.00  117180    9256   0.01      0.00      0.00      0.00       0  sysbench
14:25:40        0      3688  100.00    0.00    0.00    0.00  100.00    55      0.00      0.00  117180    9256   0.01      0.00      0.00      0.00       0  sysbench
14:25:41        0      3688  100.00    0.00    0.00    0.00  100.00    55    280.00      0.00  117180    9256   0.01      0.00      0.00      0.00       0  sysbench

14:27:06        0      3807  100.00    0.00    0.00    0.00  100.00    21    287.00      0.00  117180    9064   0.01      0.00      0.00      0.00       0  sysbench
14:27:07        0      3807  100.00    0.00    0.00    0.00  100.00    21     37.00      0.00  117180    9064   0.01      0.00      0.00      0.00       0  sysbench
14:27:08        0      3807  100.00    0.00    0.00    0.00  100.00    21    279.00      0.00  117180    9404   0.01      0.00      0.00      0.00       0  sysbench
14:27:09        0      3807  100.00    0.00    0.00    0.00  100.00    21    279.00      0.00  117180    9404   0.01      0.00      0.00      0.00       0  sysbench
14:27:10        0      3807  100.00    0.00    0.00    0.00  100.00    21    279.00      0.00  117180    9404   0.01      0.00      0.00      0.00       0  sysbench
14:27:11        0      3807  100.00    0.00    0.00    0.00  100.00    21    290.00      0.00  117180    9404   0.01      0.00      0.00      0.00       0  sysbench
14:27:12        0      3807  100.00    0.00    0.00    0.00  100.00    21    270.00      0.00  117180    9404   0.01      0.00      0.00      0.00       0  sysbench
14:27:13        0      3807  100.00    0.00    0.00    0.00  100.00    21      0.00      0.00  117180    9404   0.01      0.00      0.00      0.00       0  sysbench
14:27:14        0      3807  100.00    0.00    0.00    0.00  100.00    21      0.00      0.00  117180    9404   0.01      0.00      0.00      0.00       0  sysbench
14:27:15        0      3807  100.00    0.00    0.00    0.00  100.00    21      1.00      0.00  117180    9404   0.01      0.00      0.00      0.00       0  sysbench
14:27:16        0      3807  100.00    0.00    0.00    0.00  100.00    21    280.00      0.00  117180    9408   0.01      0.00      0.00      0.00       0  sysbench

14:26:11        0      3739  100.00    0.00    0.00    0.00  100.00    17    281.19      0.00  117180    9120   0.01      0.00      0.00      0.00       0  sysbench
14:26:12        0      3739  100.00    0.00    0.00    0.00  100.00    17     63.00      0.00  117180    9268   0.01      0.00      0.00      0.00       0  sysbench
14:26:13        0      3739  100.00    0.00    0.00    0.00  100.00    17    279.00      0.00  117180    9268   0.01      0.00      0.00      0.00       0  sysbench
14:26:14        0      3739  100.00    0.00    0.00    0.00  100.00    17    279.00      0.00  117180    9268   0.01      0.00      0.00      0.00       0  sysbench
14:26:15        0      3739  100.00    0.00    0.00    0.00  100.00    17    279.00      0.00  117180    9268   0.01      0.00      0.00      0.00       0  sysbench
14:26:16        0      3739  100.00    0.00    0.00    0.00  100.00    17    281.00      0.00  117180    9268   0.01      0.00      0.00      0.00       0  sysbench
14:26:17        0      3739  100.00    0.00    0.00    0.00  100.00    17      0.00      0.00  117180    9268   0.01      0.00      0.00      0.00       0  sysbench
14:26:18        0      3739  100.00    0.00    0.00    0.00  100.00    17      0.00      0.00  117180    9268   0.01      0.00      0.00      0.00       0  sysbench
14:26:19        0      3739  100.00    0.00    0.00    0.00  100.00    17      0.00      0.00  117180    9268   0.01      0.00      0.00      0.00       0  sysbench
14:26:20        0      3739  100.00    0.00    0.00    0.00  100.00    17    280.00      0.00  117180    9268   0.01      0.00      0.00      0.00       0  sysbench

14:25:19        0      3670  100.00    0.00    0.00    0.00  100.00     3    284.00      0.00  117180    9004   0.01      0.00      0.00      0.00       0  sysbench
14:25:20        0      3670  100.00    0.00    0.00    0.00  100.00     3    101.00      0.00  117180    9152   0.01      0.00      0.00      0.00       0  sysbench
14:25:21        0      3670  100.00    0.00    0.00    0.00  100.00     3    279.00      0.00  117180    9152   0.01      0.00      0.00      0.00       0  sysbench
14:25:22        0      3670  100.00    0.00    0.00    0.00  100.00     3    279.00      0.00  117180    9152   0.01      0.00      0.00      0.00       0  sysbench
14:25:23        0      3670  100.00    0.00    0.00    0.00  100.00     3    279.00      0.00  117180    9152   0.01      0.00      0.00      0.00       0  sysbench
14:25:24        0      3670  100.00    0.00    0.00    0.00  100.00     3    281.00      0.00  117180    9152   0.01      0.00      0.00      0.00       0  sysbench
14:25:25        0      3670  100.00    0.00    0.00    0.00  100.00     3      0.00      0.00  117180    9152   0.01      0.00      0.00      0.00       0  sysbench
14:25:26        0      3670  100.00    0.00    0.00    0.00  100.00     3      0.00      0.00  117180    9152   0.01      0.00      0.00      0.00       0  sysbench
14:25:27        0      3670  100.00    0.00    0.00    0.00  100.00     3      0.00      0.00  117180    9152   0.01      0.00      0.00      0.00       0  sysbench
14:25:28        0      3670  100.00    0.00    0.00    0.00  100.00     3    280.00      0.00  117180    9152   0.01      0.00      0.00      0.00       0  sysbench

14:25:57        0      3722  100.00    0.00    0.00    0.00  100.00     5    287.00      0.00  117180    9020   0.01      0.00      0.00      0.00       0  sysbench
14:25:58        0      3722  100.00    0.00    0.00    0.00  100.00     5     70.00      0.00  117180    9300   0.01      0.00      0.00      0.00       0  sysbench
14:25:59        0      3722  100.00    0.00    0.00    0.00  100.00     5    279.00      0.00  117180    9300   0.01      0.00      0.00      0.00       0  sysbench
14:26:00        0      3722  100.00    0.00    0.00    0.00  100.00     5    279.00      0.00  117180    9300   0.01      0.00      0.00      0.00       0  sysbench
14:26:01        0      3722  100.00    1.00    0.00    0.00  100.00     5    279.00      0.00  117180    9300   0.01      0.00      0.00      0.00       0  sysbench
14:26:02        0      3722  100.00    0.00    0.00    0.00  100.00     5    281.00      0.00  117180    9300   0.01      0.00      0.00      0.00       0  sysbench
14:26:03        0      3722  100.00    0.00    0.00    0.00  100.00     5      0.00      0.00  117180    9300   0.01      0.00      0.00      0.00       0  sysbench
14:26:04        0      3722  100.00    0.00    0.00    0.00  100.00     5      0.00      0.00  117180    9300   0.01      0.00      0.00      0.00       0  sysbench
14:26:05        0      3722  100.00    0.00    0.00    0.00  100.00     5      0.00      0.00  117180    9300   0.01      0.00      0.00      0.00       0  sysbench
14:26:06        0      3722  100.00    0.00    0.00    0.00  100.00     5    280.00      0.00  117180    9300   0.01      0.00      0.00      0.00       0  sysbench

