03:05:03 PM  1001     16495   55.77   45.19    0.00    0.00  100.00    33    384.62      0.00  117180    8984   0.01      0.00      0.00      0.00       0  sysbench
03:05:04 PM  1001     16495   59.00   41.00    0.00    0.00  100.00    33      3.00      0.00  117180    8984   0.01      0.00      0.00      0.00       0  sysbench
03:05:05 PM  1001     16495   57.00   44.00    0.00    0.00  100.00    33     38.00      0.00  117180    8984   0.01      0.00      0.00      0.00       0  sysbench
03:05:06 PM  1001     16495   59.00   41.00    0.00    0.00  100.00    33    245.00      0.00  117180    9224   0.01      0.00      0.00      0.00       0  sysbench
03:05:07 PM  1001     16495   59.00   42.00    0.00    0.00  100.00    33      0.00      0.00  117180    9224   0.01      0.00      0.00      0.00       0  sysbench
03:05:08 PM  1001     16495   55.00   45.00    0.00    0.00  100.00    33      0.00      0.00  117180    9224   0.01      0.00      0.00      0.00       0  sysbench
03:05:09 PM  1001     16495   60.00   41.00    0.00    0.00  100.00    33     34.00      0.00  117180    9224   0.01      0.00      0.00      0.00       0  sysbench
03:05:10 PM  1001     16495   54.00   46.00    0.00    0.00  100.00    33    249.00      0.00  117180    9224   0.01      0.00      0.00      0.00       0  sysbench
03:05:11 PM  1001     16495   60.00   41.00    0.00    0.00  100.00    33      0.00      0.00  117180    9224   0.01      0.00      0.00      0.00       0  sysbench

03:04:29 PM  1001     15857   54.81   47.12    0.00    0.00  100.00     9    347.12      0.00  117180    8744   0.01      0.00      0.00      0.00       0  sysbench
03:04:30 PM  1001     15857   56.00   43.00    0.00    0.00   99.00     9     74.00      0.00  117180    9200   0.01      0.00      0.00      0.00       0  sysbench
03:04:31 PM  1001     15857   51.00   50.00    0.00    0.00  100.00     9     37.00      0.00  117180    9200   0.01      0.00      0.00      0.00       0  sysbench
03:04:32 PM  1001     15857   60.00   41.00    0.00    0.00  100.00     9    247.00      0.00  117180    9252   0.01      0.00      0.00      0.00       0  sysbench
03:04:33 PM  1001     15857   58.00   42.00    0.00    0.00  100.00     9      0.00      0.00  117180    9252   0.01      0.00      0.00      0.00       0  sysbench
03:04:34 PM  1001     15857   56.00   44.00    0.00    0.00  100.00     9      0.00      0.00  117180    9252   0.01      0.00      0.00      0.00       0  sysbench
03:04:35 PM  1001     15857   58.00   43.00    0.00    0.00  100.00     9     40.00      0.00  117180    9252   0.01      0.00      0.00      0.00       0  sysbench
03:04:36 PM  1001     15857   59.00   41.00    0.00    0.00  100.00     9    243.00      0.00  117180    9252   0.01      0.00      0.00      0.00       0  sysbench
03:04:37 PM  1001     15857   55.00   46.00    0.00    0.00  100.00     9      0.00      0.00  117180    9252   0.01      0.00      0.00      0.00       0  sysbench

03:04:18 PM  1001     14589   49.51   51.46    0.00    0.00  100.00     9    329.13      0.00  117180    9016   0.01      0.00      0.00      0.00       0  sysbench
03:04:19 PM  1001     14589   59.00   41.00    0.00    0.00  100.00     9    139.00      0.00  117180    9080   0.01      0.00      0.00      0.00       0  sysbench
03:04:20 PM  1001     14589   52.00   48.00    0.00    0.00  100.00     9     30.00      0.00  117180    9080   0.01      0.00      0.00      0.00       0  sysbench
03:04:21 PM  1001     14589   57.00   44.00    0.00    0.00  100.00     9    253.00      0.00  117180    9080   0.01      0.00      0.00      0.00       0  sysbench
03:04:22 PM  1001     14589   58.00   42.00    0.00    0.00  100.00     9      0.00      0.00  117180    9080   0.01      0.00      0.00      0.00       0  sysbench
03:04:23 PM  1001     14589   55.00   45.00    0.00    0.00  100.00     9      0.00      0.00  117180    9080   0.01      0.00      0.00      0.00       0  sysbench
03:04:24 PM  1001     14589   57.00   43.00    0.00    0.00  100.00     9     31.00      0.00  117180    9080   0.01      0.00      0.00      0.00       0  sysbench
03:04:25 PM  1001     14589   57.00   44.00    0.00    0.00  100.00     9    252.00      0.00  117180    9080   0.01      0.00      0.00      0.00       0  sysbench
03:04:26 PM  1001     14589   58.00   42.00    0.00    0.00  100.00     9      0.00      0.00  117180    9080   0.01      0.00      0.00      0.00       0  sysbench

03:03:46 PM  1001     13833   58.25   42.72    0.00    0.00  100.00    27    371.84      0.00  117180    8808   0.01      0.00      0.00      0.00       0  sysbench
03:03:47 PM  1001     13833   64.00   37.00    0.00    0.00  100.00    27     38.00      0.00  117180    9144   0.01      0.00      0.00      0.00       0  sysbench
03:03:48 PM  1001     13833   60.00   41.00    0.00    0.00  100.00    27     35.00      0.00  117180    9144   0.01      0.00      0.00      0.00       0  sysbench
03:03:49 PM  1001     13833   52.00   48.00    0.00    0.00  100.00    27    248.00      0.00  117180    9144   0.01      0.00      0.00      0.00       0  sysbench
03:03:50 PM  1001     13833   52.00   48.00    0.00    0.00  100.00    27      0.00      0.00  117180    9144   0.01      0.00      0.00      0.00       0  sysbench
03:03:51 PM  1001     13833   60.00   41.00    0.00    0.00  100.00    27      0.00      0.00  117180    9144   0.01      0.00      0.00      0.00       0  sysbench
03:03:52 PM  1001     13833   55.00   45.00    0.00    0.00  100.00    27      0.00      0.00  117180    9144   0.01      0.00      0.00      0.00       0  sysbench
03:03:53 PM  1001     13833   55.00   46.00    0.00    0.00  100.00    27      0.00      0.00  117180    9144   0.01      0.00      0.00      0.00       0  sysbench
03:03:54 PM  1001     13833   54.00   46.00    0.00    0.00  100.00    27      0.00      0.00  117180    9144   0.01      0.00      0.00      0.00       0  sysbench

03:04:40 PM  1001     16085   52.88   47.12    0.00    0.00  100.00    52    318.27      0.00  117180    8972   0.01      0.00      0.00      0.00       0  sysbench
03:04:41 PM  1001     16085   57.00   43.00    0.00    0.00  100.00    52    160.00      0.00  117180    9212   0.01      0.00      0.00      0.00       0  sysbench
03:04:42 PM  1001     16085   60.00   41.00    0.00    0.00  100.00    52     38.00      0.00  117180    9212   0.01      0.00      0.00      0.00       0  sysbench
03:04:43 PM  1001     16085   54.00   47.00    0.00    0.00  100.00    52    245.00      0.00  117180    9212   0.01      0.00      0.00      0.00       0  sysbench
03:04:44 PM  1001     16085   64.00   36.00    0.00    0.00  100.00    52      0.00      0.00  117180    9212   0.01      0.00      0.00      0.00       0  sysbench
03:04:45 PM  1001     16085   54.00   46.00    0.00    0.00  100.00    52      0.00      0.00  117180    9212   0.01      0.00      0.00      0.00       0  sysbench
03:04:46 PM  1001     16085   53.00   48.00    0.00    0.00  100.00    52      0.00      0.00  117180    9212   0.01      0.00      0.00      0.00       0  sysbench
03:04:47 PM  1001     16085   54.00   47.00    0.00    0.00  100.00    52      0.00      0.00  117180    9212   0.01      0.00      0.00      0.00       0  sysbench
03:04:48 PM  1001     16085   58.00   41.00    0.00    0.00   99.00    52    283.00      0.00  117180    9212   0.01      0.00      0.00      0.00       0  sysbench

03:03:35 PM  1001     13619   56.73   43.27    0.00    0.00  100.00    53    341.35      0.00  117180    8660   0.01      0.00      0.00      0.00       0  sysbench
03:03:36 PM  1001     13619   59.00   41.00    0.00    0.00  100.00    53     80.00      0.00  117180    9040   0.01      0.00      0.00      0.00       0  sysbench
03:03:37 PM  1001     13619   51.00   50.00    0.00    0.00  100.00    53     30.00      0.00  117180    9040   0.01      0.00      0.00      0.00       0  sysbench
03:03:38 PM  1001     13619   60.00   41.00    0.00    0.00  100.00    53    253.00      0.00  117180    9040   0.01      0.00      0.00      0.00       0  sysbench
03:03:39 PM  1001     13619   61.00   39.00    0.00    0.00  100.00    53      0.00      0.00  117180    9040   0.01      0.00      0.00      0.00       0  sysbench
03:03:40 PM  1001     13619   51.00   49.00    0.00    0.00  100.00    53      0.00      0.00  117180    9040   0.01      0.00      0.00      0.00       0  sysbench
03:03:41 PM  1001     13619   59.00   42.00    0.00    0.00  100.00    53     29.00      0.00  117180    9040   0.01      0.00      0.00      0.00       0  sysbench
03:03:42 PM  1001     13619   52.00   49.00    0.00    0.00  100.00    53    254.00      0.00  117180    9040   0.01      0.00      0.00      0.00       0  sysbench
03:03:43 PM  1001     13619   56.00   44.00    0.00    0.00  100.00    53      0.00      0.00  117180    9040   0.01      0.00      0.00      0.00       0  sysbench

03:04:51 PM  1001     16283   54.37   47.57    0.00    0.00  100.00    43    353.40      0.00  117180    8968   0.01      0.00      0.00      0.00       0  sysbench
03:04:52 PM  1001     16283   55.00   45.00    0.00    0.00  100.00    43     92.00      0.00  117180    9144   0.01      0.00      0.00      0.00       0  sysbench
03:04:53 PM  1001     16283   65.00   35.00    0.00    0.00  100.00    43     38.00      0.00  117180    9144   0.01      0.00      0.00      0.00       0  sysbench
03:04:54 PM  1001     16283   56.00   45.00    0.00    0.00  100.00    43    245.00      0.00  117180    9144   0.01      0.00      0.00      0.00       0  sysbench
03:04:55 PM  1001     16283   56.00   44.00    0.00    0.00  100.00    43      0.00      0.00  117180    9144   0.01      0.00      0.00      0.00       0  sysbench
03:04:56 PM  1001     16283   55.00   46.00    0.00    0.00  100.00    43      0.00      0.00  117180    9144   0.01      0.00      0.00      0.00       0  sysbench
03:04:57 PM  1001     16283   56.00   45.00    0.00    0.00  100.00    43     36.00      0.00  117180    9144   0.01      0.00      0.00      0.00       0  sysbench
03:04:58 PM  1001     16283   55.00   45.00    0.00    0.00  100.00    43    247.00      0.00  117180    9144   0.01      0.00      0.00      0.00       0  sysbench
03:04:59 PM  1001     16283   61.00   40.00    0.00    0.00  100.00    43      0.00      0.00  117180    9144   0.01      0.00      0.00      0.00       0  sysbench

03:04:07 PM  1001     14253   61.17   39.81    0.00    0.00  100.00     9    355.34      0.00  117180    8896   0.01      0.00      0.00      0.00       0  sysbench
03:04:08 PM  1001     14253   62.00   38.00    0.00    0.00  100.00     9     90.00      0.00  117180    9116   0.01      0.00      0.00      0.00       0  sysbench
03:04:09 PM  1001     14253   59.00   42.00    0.00    0.00  100.00     9     36.00      0.00  117180    9116   0.01      0.00      0.00      0.00       0  sysbench
03:04:10 PM  1001     14253   57.00   43.00    0.00    0.00  100.00     9    247.00      0.00  117180    9116   0.01      0.00      0.00      0.00       0  sysbench
03:04:11 PM  1001     14253   62.00   40.00    0.00    0.00  100.00     9      0.00      0.00  117180    9116   0.01      0.00      0.00      0.00       0  sysbench
03:04:12 PM  1001     14253   60.00   40.00    0.00    0.00  100.00     9      0.00      0.00  117180    9116   0.01      0.00      0.00      0.00       0  sysbench
03:04:13 PM  1001     14253   55.45   44.55    0.00    0.00  100.00     9      0.00      0.00  117180    9116   0.01      0.00      0.00      0.00       0  sysbench
03:04:14 PM  1001     14253   59.00   41.00    0.00    0.00  100.00     9    283.00      0.00  117180    9116   0.01      0.00      0.00      0.00       0  sysbench
03:04:15 PM  1001     14253   52.00   48.00    0.00    0.00  100.00     9      0.00      0.00  117180    9116   0.01      0.00      0.00      0.00       0  sysbench

03:03:25 PM  1001     13451   55.34   45.63    0.00    0.00  100.00    55    322.33      0.00  117180    9208   0.01      0.00      0.00      0.00       0  sysbench
03:03:26 PM  1001     13451   54.00   47.00    0.00    0.00  100.00    55    147.00      0.00  117180    9216   0.01      0.00      0.00      0.00       0  sysbench
03:03:27 PM  1001     13451   58.00   41.00    0.00    0.00   99.00    55     38.00      0.00  117180    9216   0.01      0.00      0.00      0.00       0  sysbench
03:03:28 PM  1001     13451   57.00   44.00    0.00    0.00  100.00    55    245.00      0.00  117180    9216   0.01      0.00      0.00      0.00       0  sysbench
03:03:29 PM  1001     13451   58.00   42.00    0.00    0.00  100.00    55      0.00      0.00  117180    9216   0.01      0.00      0.00      0.00       0  sysbench
03:03:30 PM  1001     13451   58.00   42.00    0.00    0.00  100.00    55      0.00      0.00  117180    9216   0.01      0.00      0.00      0.00       0  sysbench
03:03:31 PM  1001     13451   57.00   43.00    0.00    0.00  100.00    55     34.00      0.00  117180    9216   0.01      0.00      0.00      0.00       0  sysbench
03:03:32 PM  1001     13451   57.00   44.00    0.00    0.00  100.00    55    249.00      0.00  117180    9216   0.01      0.00      0.00      0.00       0  sysbench
03:03:33 PM  1001     13451   59.00   41.00    0.00    0.00  100.00    55      0.00      0.00  117180    9216   0.01      0.00      0.00      0.00       0  sysbench

03:03:56 PM  1001     14001   53.85   46.15    0.00    0.00  100.00    37    331.73      0.00  117180    9024   0.01      0.00      0.00      0.00       0  sysbench
03:03:57 PM  1001     14001   54.00   46.00    0.00    0.00  100.00    37    131.00      0.00  117180    9136   0.01      0.00      0.00      0.00       0  sysbench
03:03:58 PM  1001     14001   60.00   41.00    0.00    0.00  100.00    37     36.00      0.00  117180    9136   0.01      0.00      0.00      0.00       0  sysbench
03:03:59 PM  1001     14001   56.00   45.00    0.00    0.00  100.00    37    247.00      0.00  117180    9136   0.01      0.00      0.00      0.00       0  sysbench
03:04:00 PM  1001     14001   57.00   42.00    0.00    0.00   99.00    37      0.00      0.00  117180    9136   0.01      0.00      0.00      0.00       0  sysbench
03:04:01 PM  1001     14001   57.00   44.00    0.00    0.00  100.00    37      0.00      0.00  117180    9136   0.01      0.00      0.00      0.00       0  sysbench
03:04:02 PM  1001     14001   53.00   48.00    0.00    0.00  100.00    37     34.00      0.00  117180    9136   0.01      0.00      0.00      0.00       0  sysbench
03:04:03 PM  1001     14001   64.00   36.00    0.00    0.00  100.00    37    249.00      0.00  117180    9136   0.01      0.00      0.00      0.00       0  sysbench
03:04:04 PM  1001     14001   60.00   40.00    0.00    0.00  100.00    37      0.00      0.00  117180    9136   0.01      0.00      0.00      0.00       0  sysbench

