01:01:10 PM  1001     50347   57.28   43.69    0.00    0.00  100.00    10    331.07      0.00  117180    8772   0.01      0.00      0.00      0.00       0  sysbench
01:01:11 PM  1001     50347   54.00   46.00    0.00    0.00  100.00    10     99.00      0.00  117180    9004   0.01      0.00      0.00      0.00       0  sysbench
01:01:12 PM  1001     50347   61.00   39.00    0.00    0.00  100.00    10     25.00      0.00  117180    9092   0.01      0.00      0.00      0.00       0  sysbench
01:01:13 PM  1001     50347   58.00   43.00    0.00    0.00  100.00    10    258.00      0.00  117180    9092   0.01      0.00      0.00      0.00       0  sysbench
01:01:14 PM  1001     50347   64.00   36.00    0.00    0.00  100.00    10      0.00      0.00  117180    9092   0.01      0.00      0.00      0.00       0  sysbench
01:01:15 PM  1001     50347   63.00   37.00    0.00    0.00  100.00    10      0.00      0.00  117180    9092   0.01      0.00      0.00      0.00       0  sysbench
01:01:16 PM  1001     50347   55.00   46.00    0.00    0.00  100.00    10     23.00      0.00  117180    9092   0.01      0.00      0.00      0.00       0  sysbench
01:01:17 PM  1001     50347   55.00   46.00    0.00    0.00  100.00    10    260.00      0.00  117180    9092   0.01      0.00      0.00      0.00       0  sysbench
01:01:18 PM  1001     50347   61.00   39.00    0.00    0.00  100.00    10      0.00      0.00  117180    9092   0.01      0.00      0.00      0.00       0  sysbench

01:00:36 PM  1001     48353   52.88   46.15    0.00    0.00   99.04    22    333.65      0.00  117180    8712   0.01      0.00      0.00      0.00       0  sysbench
01:00:37 PM  1001     48353   60.00   41.00    0.00    0.00  100.00    22    103.00      0.00  117180    9140   0.01      0.00      0.00      0.00       0  sysbench
01:00:38 PM  1001     48353   57.00   44.00    0.00    0.00  100.00    22     26.00      0.00  117180    9140   0.01      0.00      0.00      0.00       0  sysbench
01:00:39 PM  1001     48353   57.00   43.00    0.00    0.00  100.00    22    257.00      0.00  117180    9140   0.01      0.00      0.00      0.00       0  sysbench
01:00:40 PM  1001     48353   58.00   42.00    0.00    0.00  100.00    22      0.00      0.00  117180    9140   0.01      0.00      0.00      0.00       0  sysbench
01:00:41 PM  1001     48353   56.00   45.00    0.00    0.00  100.00    22    283.00      0.00  117180    9140   0.01      0.00      0.00      0.00       0  sysbench
01:00:42 PM  1001     48353   60.00   40.00    0.00    0.00  100.00    22      0.00      0.00  117180    9140   0.01      0.00      0.00      0.00       0  sysbench
01:00:43 PM  1001     48353   55.00   46.00    0.00    0.00  100.00    22      0.00      0.00  117180    9140   0.01      0.00      0.00      0.00       0  sysbench
01:00:44 PM  1001     48353   59.00   41.00    0.00    0.00  100.00    22     25.00      0.00  117180    9140   0.01      0.00      0.00      0.00       0  sysbench

01:00:25 PM  1001     48062   55.77   46.15    0.00    0.00  100.00    16    332.69      0.00  117180    8828   0.01      0.00      0.00      0.00       0  sysbench
01:00:26 PM  1001     48062   60.00   40.00    0.00    0.00  100.00    16     54.00      0.00  117180    9104   0.01      0.00      0.00      0.00       0  sysbench
01:00:27 PM  1001     48062   62.00   39.00    0.00    0.00  100.00    16     29.00      0.00  117180    9172   0.01      0.00      0.00      0.00       0  sysbench
01:00:28 PM  1001     48062   54.00   46.00    0.00    0.00  100.00    16    254.00      0.00  117180    9172   0.01      0.00      0.00      0.00       0  sysbench
01:00:29 PM  1001     48062   52.00   48.00    0.00    0.00  100.00    16      0.00      0.00  117180    9172   0.01      0.00      0.00      0.00       0  sysbench
01:00:30 PM  1001     48062   59.00   42.00    0.00    0.00  100.00    16      0.00      0.00  117180    9172   0.01      0.00      0.00      0.00       0  sysbench
01:00:31 PM  1001     48062   62.00   39.00    0.00    0.00  100.00    16      0.00      0.00  117180    9172   0.01      0.00      0.00      0.00       0  sysbench
01:00:32 PM  1001     48062   56.00   44.00    0.00    0.00  100.00    16    283.00      0.00  117180    9172   0.01      0.00      0.00      0.00       0  sysbench
01:00:33 PM  1001     48062   53.00   48.00    0.00    0.00  100.00    16      0.00      0.00  117180    9172   0.01      0.00      0.00      0.00       0  sysbench

12:59:53 PM  1001     47441   56.73   43.27    0.00    0.00  100.00    40    317.31      0.00  117180    8896   0.01      0.00      0.00      0.00       0  sysbench
12:59:54 PM  1001     47441   56.00   45.00    0.00    0.00  100.00    40    121.00      0.00  117180    9188   0.01      0.00      0.00      0.00       0  sysbench
12:59:55 PM  1001     47441   58.00   42.00    0.00    0.00  100.00    40     23.00      0.00  117180    9188   0.01      0.00      0.00      0.00       0  sysbench
12:59:56 PM  1001     47441   50.00   51.00    0.00    0.00  100.00    40    260.00      0.00  117180    9188   0.01      0.00      0.00      0.00       0  sysbench
12:59:57 PM  1001     47441   58.00   42.00    0.00    0.00  100.00    40      0.00      0.00  117180    9188   0.01      0.00      0.00      0.00       0  sysbench
12:59:58 PM  1001     47441   56.00   45.00    0.00    0.00  100.00    40      0.00      0.00  117180    9188   0.01      0.00      0.00      0.00       0  sysbench
12:59:59 PM  1001     47441   54.00   46.00    0.00    0.00  100.00    40      0.00      0.00  117180    9188   0.01      0.00      0.00      0.00       0  sysbench
01:00:00 PM  1001     47441   61.00   39.00    0.00    0.00  100.00    40    283.00      0.00  117180    9188   0.01      0.00      0.00      0.00       0  sysbench
01:00:01 PM  1001     47441   59.00   41.00    0.00    0.00  100.00    40      0.00      0.00  117180    9188   0.01      0.00      0.00      0.00       0  sysbench

01:00:47 PM  1001     49459   63.46   36.54    0.00    0.00  100.00    52    316.35      0.00  117180    8832   0.01      0.00      0.00      0.00       0  sysbench
01:00:48 PM  1001     49459   60.00   40.00    0.00    0.00  100.00    52    128.00      0.00  117180    9164   0.01      0.00      0.00      0.00       0  sysbench
01:00:49 PM  1001     49459   57.00   43.00    0.00    0.00  100.00    52     23.00      0.00  117180    9164   0.01      0.00      0.00      0.00       0  sysbench
01:00:50 PM  1001     49459   58.00   43.00    0.00    0.00  100.00    52    260.00      0.00  117180    9164   0.01      0.00      0.00      0.00       0  sysbench
01:00:51 PM  1001     49459   62.00   38.00    0.00    0.00  100.00    52      0.00      0.00  117180    9164   0.01      0.00      0.00      0.00       0  sysbench
01:00:52 PM  1001     49459   59.00   42.00    0.00    0.00  100.00    52      0.00      0.00  117180    9164   0.01      0.00      0.00      0.00       0  sysbench
01:00:53 PM  1001     49459   56.00   44.00    0.00    0.00  100.00    52     23.00      0.00  117180    9164   0.01      0.00      0.00      0.00       0  sysbench
01:00:54 PM  1001     49459   59.00   41.00    0.00    0.00  100.00    52    260.00      0.00  117180    9164   0.01      0.00      0.00      0.00       0  sysbench
01:00:55 PM  1001     49459   60.00   42.00    0.00    0.00  100.00    52      0.00      0.00  117180    9164   0.01      0.00      0.00      0.00       0  sysbench

12:59:42 PM  1001     47231   58.65   42.31    0.00    0.00  100.00    38    317.31      0.00  117180    8772   0.01      0.00      0.00      0.00       0  sysbench
12:59:43 PM  1001     47231   52.00   47.00    0.00    0.00   99.00    38     85.00      0.00  117180    9040   0.01      0.00      0.00      0.00       0  sysbench
12:59:44 PM  1001     47231   51.00   50.00    0.00    0.00  100.00    38     22.00      0.00  117180    9040   0.01      0.00      0.00      0.00       0  sysbench
12:59:45 PM  1001     47231   53.00   48.00    0.00    0.00  100.00    38    261.00      0.00  117180    9072   0.01      0.00      0.00      0.00       0  sysbench
12:59:46 PM  1001     47231   56.00   44.00    0.00    0.00  100.00    38      0.00      0.00  117180    9072   0.01      0.00      0.00      0.00       0  sysbench
12:59:47 PM  1001     47231   60.00   40.00    0.00    0.00  100.00    38    283.00      0.00  117180    9072   0.01      0.00      0.00      0.00       0  sysbench
12:59:48 PM  1001     47231   57.00   44.00    0.00    0.00  100.00    38      0.00      0.00  117180    9072   0.01      0.00      0.00      0.00       0  sysbench
12:59:49 PM  1001     47231   52.00   48.00    0.00    0.00  100.00    38      0.00      0.00  117180    9072   0.01      0.00      0.00      0.00       0  sysbench
12:59:50 PM  1001     47231   59.00   42.00    0.00    0.00  100.00    38    283.00      0.00  117180    9072   0.01      0.00      0.00      0.00       0  sysbench

01:00:59 PM  1001     50125   56.31   45.63    0.00    0.00  100.00    30    359.22      0.00  117180    9024   0.01      0.00      0.00      0.00       0  sysbench
01:01:00 PM  1001     50125   48.00   52.00    0.00    0.00  100.00    30     19.00      0.00  117180    9024   0.01      0.00      0.00      0.00       0  sysbench
01:01:01 PM  1001     50125   59.00   41.00    0.00    0.00  100.00    30     25.00      0.00  117180    9152   0.01      0.00      0.00      0.00       0  sysbench
01:01:02 PM  1001     50125   55.00   45.00    0.00    0.00  100.00    30    258.00      0.00  117180    9164   0.01      0.00      0.00      0.00       0  sysbench
01:01:03 PM  1001     50125   66.00   35.00    0.00    0.00  100.00    30      0.00      0.00  117180    9164   0.01      0.00      0.00      0.00       0  sysbench
01:01:04 PM  1001     50125   65.00   35.00    0.00    0.00  100.00    30    283.00      0.00  117180    9164   0.01      0.00      0.00      0.00       0  sysbench
01:01:05 PM  1001     50125   59.00   42.00    0.00    0.00  100.00    30      0.00      0.00  117180    9164   0.01      0.00      0.00      0.00       0  sysbench
01:01:06 PM  1001     50125   60.00   40.00    0.00    0.00  100.00    30      0.00      0.00  117180    9164   0.01      0.00      0.00      0.00       0  sysbench
01:01:07 PM  1001     50125   58.00   42.00    0.00    0.00  100.00    30    283.00      0.00  117180    9164   0.01      0.00      0.00      0.00       0  sysbench

01:00:14 PM  1001     47849   56.31   44.66    0.00    0.00  100.00    30    326.21      0.00  117180    8856   0.01      0.00      0.00      0.00       0  sysbench
01:00:15 PM  1001     47849   63.00   38.00    0.00    0.00  100.00    30    139.00      0.00  117180    9260   0.01      0.00      0.00      0.00       0  sysbench
01:00:16 PM  1001     47849   56.00   43.00    0.00    0.00   99.00    30     25.00      0.00  117180    9260   0.01      0.00      0.00      0.00       0  sysbench
01:00:17 PM  1001     47849   56.00   45.00    0.00    0.00  100.00    30    258.00      0.00  117180    9260   0.01      0.00      0.00      0.00       0  sysbench
01:00:18 PM  1001     47849   60.00   41.00    0.00    0.00  100.00    30      0.00      0.00  117180    9260   0.01      0.00      0.00      0.00       0  sysbench
01:00:19 PM  1001     47849   56.00   44.00    0.00    0.00  100.00    30    283.00      0.00  117180    9260   0.01      0.00      0.00      0.00       0  sysbench
01:00:20 PM  1001     47849   54.00   47.00    0.00    0.00  100.00    30      0.00      0.00  117180    9260   0.01      0.00      0.00      0.00       0  sysbench
01:00:21 PM  1001     47849   58.00   42.00    0.00    0.00  100.00    30      0.00      0.00  117180    9260   0.01      0.00      0.00      0.00       0  sysbench
01:00:22 PM  1001     47849   55.00   46.00    0.00    0.00  100.00    30     27.00      0.00  117180    9260   0.01      0.00      0.00      0.00       0  sysbench

12:59:32 PM  1001     47050   61.17   39.81    0.00    0.00  100.00    32    332.04      0.00  117180    8796   0.01      0.00      0.00      0.00       0  sysbench
12:59:33 PM  1001     47050   60.00   42.00    0.00    0.00  100.00    32    106.00      0.00  117180    9076   0.01      0.00      0.00      0.00       0  sysbench
12:59:34 PM  1001     47050   60.00   40.00    0.00    0.00  100.00    32     25.00      0.00  117180    9164   0.01      0.00      0.00      0.00       0  sysbench
12:59:35 PM  1001     47050   56.00   44.00    0.00    0.00  100.00    32    258.00      0.00  117180    9220   0.01      0.00      0.00      0.00       0  sysbench
12:59:36 PM  1001     47050   55.00   46.00    0.00    0.00  100.00    32      0.00      0.00  117180    9220   0.01      0.00      0.00      0.00       0  sysbench
12:59:37 PM  1001     47050   58.00   41.00    0.00    0.00   99.00    32    283.00      0.00  117180    9220   0.01      0.00      0.00      0.00       0  sysbench
12:59:38 PM  1001     47050   52.00   49.00    0.00    0.00  100.00    32      0.00      0.00  117180    9220   0.01      0.00      0.00      0.00       0  sysbench
12:59:39 PM  1001     47050   58.00   42.00    0.00    0.00  100.00    32      0.00      0.00  117180    9220   0.01      0.00      0.00      0.00       0  sysbench
12:59:40 PM  1001     47050   60.00   41.00    0.00    0.00  100.00    32     25.00      0.00  117180    9220   0.01      0.00      0.00      0.00       0  sysbench

01:00:03 PM  1001     47665   56.31   44.66    0.00    0.00  100.00     0    351.46      0.00  117180    8940   0.01      0.00      0.00      0.00       0  sysbench
01:00:04 PM  1001     47665   54.00   46.00    0.00    0.00  100.00     0     30.00      0.00  117180    8940   0.01      0.00      0.00      0.00       0  sysbench
01:00:05 PM  1001     47665   60.00   41.00    0.00    0.00  100.00     0     22.00      0.00  117180    9048   0.01      0.00      0.00      0.00       0  sysbench
01:00:06 PM  1001     47665   60.00   40.00    0.00    0.00  100.00     0    261.00      0.00  117180    9056   0.01      0.00      0.00      0.00       0  sysbench
01:00:07 PM  1001     47665   60.00   41.00    0.00    0.00  100.00     0      0.00      0.00  117180    9056   0.01      0.00      0.00      0.00       0  sysbench
01:00:08 PM  1001     47665   56.00   44.00    0.00    0.00  100.00     0      0.00      0.00  117180    9056   0.01      0.00      0.00      0.00       0  sysbench
01:00:09 PM  1001     47665   65.00   36.00    0.00    0.00  100.00     0      0.00      0.00  117180    9056   0.01      0.00      0.00      0.00       0  sysbench
01:00:10 PM  1001     47665   58.00   41.00    0.00    0.00   99.00     0      0.00      0.00  117180    9056   0.01      0.00      0.00      0.00       0  sysbench
01:00:11 PM  1001     47665   63.00   39.00    0.00    0.00  100.00     0    283.00      0.00  117180    9056   0.01      0.00      0.00      0.00       0  sysbench

