02:15:14 PM  1001     32612   55.77   45.19    0.00    0.00  100.00    45    374.04      0.00  117180    8920   0.01      0.00      0.00      0.00       0  sysbench
02:15:15 PM  1001     32612   58.00   42.00    0.00    0.00  100.00    45     19.00      0.00  117180    9096   0.01      0.00      0.00      0.00       0  sysbench
02:15:16 PM  1001     32612   59.00   42.00    0.00    0.00  100.00    45     65.00      0.00  117180    9148   0.01      0.00      0.00      0.00       0  sysbench
02:15:17 PM  1001     32612   60.00   40.00    0.00    0.00  100.00    45    219.00      0.00  117180    9148   0.01      0.00      0.00      0.00       0  sysbench
02:15:18 PM  1001     32612   60.00   41.00    0.00    0.00  100.00    45      0.00      0.00  117180    9148   0.01      0.00      0.00      0.00       0  sysbench
02:15:19 PM  1001     32612   63.00   37.00    0.00    0.00  100.00    45    283.00      0.00  117180    9148   0.01      0.00      0.00      0.00       0  sysbench
02:15:20 PM  1001     32612   60.00   40.00    0.00    0.00  100.00    45      0.00      0.00  117180    9148   0.01      0.00      0.00      0.00       0  sysbench
02:15:21 PM  1001     32612   63.00   38.00    0.00    0.00  100.00    45      0.00      0.00  117180    9148   0.01      0.00      0.00      0.00       0  sysbench
02:15:22 PM  1001     32612   57.00   44.00    0.00    0.00  100.00    45    283.00      0.00  117180    9148   0.01      0.00      0.00      0.00       0  sysbench

02:14:40 PM  1001     31980   55.34   45.63    0.00    0.00  100.00     1    369.90      0.00  117180    9028   0.01      0.00      0.00      0.00       0  sysbench
02:14:41 PM  1001     31980   58.00   42.00    0.00    0.00  100.00     1     42.00      0.00  117180    9164   0.01      0.00      0.00      0.00       0  sysbench
02:14:42 PM  1001     31980   54.00   46.00    0.00    0.00  100.00     1     54.00      0.00  117180    9172   0.01      0.00      0.00      0.00       0  sysbench
02:14:43 PM  1001     31980   61.00   40.00    0.00    0.00  100.00     1    229.00      0.00  117180    9172   0.01      0.00      0.00      0.00       0  sysbench
02:14:44 PM  1001     31980   54.00   46.00    0.00    0.00  100.00     1      0.00      0.00  117180    9172   0.01      0.00      0.00      0.00       0  sysbench
02:14:45 PM  1001     31980   53.00   48.00    0.00    0.00  100.00     1    283.00      0.00  117180    9172   0.01      0.00      0.00      0.00       0  sysbench
02:14:46 PM  1001     31980   56.00   44.00    0.00    0.00  100.00     1      0.00      0.00  117180    9172   0.01      0.00      0.00      0.00       0  sysbench
02:14:47 PM  1001     31980   52.00   48.00    0.00    0.00  100.00     1      0.00      0.00  117180    9172   0.01      0.00      0.00      0.00       0  sysbench
02:14:48 PM  1001     31980   56.00   45.00    0.00    0.00  100.00     1    283.00      0.00  117180    9172   0.01      0.00      0.00      0.00       0  sysbench

02:14:29 PM  1001     31779   56.73   43.27    0.00    0.00  100.00    33    375.96      0.00  117180    9040   0.01      0.00      0.00      0.00       0  sysbench
02:14:30 PM  1001     31779   58.00   43.00    0.00    0.00  100.00    33      0.00      0.00  117180    9040   0.01      0.00      0.00      0.00       0  sysbench
02:14:31 PM  1001     31779   59.00   42.00    0.00    0.00  100.00    33     62.00      0.00  117180    9044   0.01      0.00      0.00      0.00       0  sysbench
02:14:32 PM  1001     31779   57.00   43.00    0.00    0.00  100.00    33    222.00      0.00  117180    9056   0.01      0.00      0.00      0.00       0  sysbench
02:14:33 PM  1001     31779   58.00   42.00    0.00    0.00  100.00    33      0.00      0.00  117180    9056   0.01      0.00      0.00      0.00       0  sysbench
02:14:34 PM  1001     31779   55.00   46.00    0.00    0.00  100.00    33    283.00      0.00  117180    9092   0.01      0.00      0.00      0.00       0  sysbench
02:14:35 PM  1001     31779   54.00   46.00    0.00    0.00  100.00    33      0.00      0.00  117180    9092   0.01      0.00      0.00      0.00       0  sysbench
02:14:36 PM  1001     31779   62.00   39.00    0.00    0.00  100.00    33      0.00      0.00  117180    9092   0.01      0.00      0.00      0.00       0  sysbench
02:14:37 PM  1001     31779   59.00   41.00    0.00    0.00  100.00    33     96.00      0.00  117180    9092   0.01      0.00      0.00      0.00       0  sysbench

02:13:57 PM  1001     29996   52.43   48.54    0.00    0.00  100.00     1    355.34      0.00  117180    8956   0.01      0.00      0.00      0.00       0  sysbench
02:13:58 PM  1001     29996   57.00   43.00    0.00    0.00  100.00     1     68.00      0.00  117180    9076   0.01      0.00      0.00      0.00       0  sysbench
02:13:59 PM  1001     29996   51.00   50.00    0.00    0.00  100.00     1     58.00      0.00  117180    9088   0.01      0.00      0.00      0.00       0  sysbench
02:14:00 PM  1001     29996   58.00   41.00    0.00    0.00   99.00     1    225.00      0.00  117180    9088   0.01      0.00      0.00      0.00       0  sysbench
02:14:01 PM  1001     29996   63.00   38.00    0.00    0.00  100.00     1      0.00      0.00  117180    9088   0.01      0.00      0.00      0.00       0  sysbench
02:14:02 PM  1001     29996   51.00   49.00    0.00    0.00  100.00     1    283.00      0.00  117180    9088   0.01      0.00      0.00      0.00       0  sysbench
02:14:03 PM  1001     29996   60.00   41.00    0.00    0.00  100.00     1      0.00      0.00  117180    9088   0.01      0.00      0.00      0.00       0  sysbench
02:14:04 PM  1001     29996   59.00   42.00    0.00    0.00  100.00     1      0.00      0.00  117180    9088   0.01      0.00      0.00      0.00       0  sysbench
02:14:05 PM  1001     29996   55.00   45.00    0.00    0.00  100.00     1    283.00      0.00  117180    9088   0.01      0.00      0.00      0.00       0  sysbench

02:14:51 PM  1001     32164   57.28   42.72    0.00    0.00  100.00    33    334.95      0.00  117180    8976   0.01      0.00      0.00      0.00       0  sysbench
02:14:52 PM  1001     32164   56.00   45.00    0.00    0.00  100.00    33    136.00      0.00  117180    9212   0.01      0.00      0.00      0.00       0  sysbench
02:14:53 PM  1001     32164   58.00   42.00    0.00    0.00  100.00    33     60.00      0.00  117180    9212   0.01      0.00      0.00      0.00       0  sysbench
02:14:54 PM  1001     32164   54.00   46.00    0.00    0.00  100.00    33    223.00      0.00  117180    9212   0.01      0.00      0.00      0.00       0  sysbench
02:14:55 PM  1001     32164   55.00   46.00    0.00    0.00  100.00    33      0.00      0.00  117180    9212   0.01      0.00      0.00      0.00       0  sysbench
02:14:56 PM  1001     32164   52.00   49.00    0.00    0.00  100.00    33      0.00      0.00  117180    9212   0.01      0.00      0.00      0.00       0  sysbench
02:14:57 PM  1001     32164   59.00   41.00    0.00    0.00  100.00    33     59.00      0.00  117180    9212   0.01      0.00      0.00      0.00       0  sysbench
02:14:58 PM  1001     32164   57.00   43.00    0.00    0.00  100.00    33    224.00      0.00  117180    9212   0.01      0.00      0.00      0.00       0  sysbench
02:14:59 PM  1001     32164   56.00   45.00    0.00    0.00  100.00    33      0.00      0.00  117180    9212   0.01      0.00      0.00      0.00       0  sysbench

02:13:47 PM  1001     29776   53.85   46.15    0.00    0.00  100.00     5    343.27      0.00  117180    9164   0.01      0.00      0.00      0.00       0  sysbench
02:13:48 PM  1001     29776   59.00   41.00    0.00    0.00  100.00     5     94.00      0.00  117180    9212   0.01      0.00      0.00      0.00       0  sysbench
02:13:49 PM  1001     29776   52.00   49.00    0.00    0.00  100.00     5     59.00      0.00  117180    9212   0.01      0.00      0.00      0.00       0  sysbench
02:13:50 PM  1001     29776   60.00   40.00    0.00    0.00  100.00     5    224.00      0.00  117180    9212   0.01      0.00      0.00      0.00       0  sysbench
02:13:51 PM  1001     29776   53.00   48.00    0.00    0.00  100.00     5      0.00      0.00  117180    9212   0.01      0.00      0.00      0.00       0  sysbench
02:13:52 PM  1001     29776   55.00   46.00    0.00    0.00  100.00     5    283.00      0.00  117180    9212   0.01      0.00      0.00      0.00       0  sysbench
02:13:53 PM  1001     29776   56.00   44.00    0.00    0.00  100.00     5      0.00      0.00  117180    9212   0.01      0.00      0.00      0.00       0  sysbench
02:13:54 PM  1001     29776   55.00   45.00    0.00    0.00  100.00     5      0.00      0.00  117180    9212   0.01      0.00      0.00      0.00       0  sysbench
02:13:55 PM  1001     29776   61.00   40.00    0.00    0.00  100.00     5    283.00      0.00  117180    9212   0.01      0.00      0.00      0.00       0  sysbench

02:15:03 PM  1001     32402   52.43   49.51    0.00    0.00  100.00    52    339.81      0.00  117180    8916   0.01      0.00      0.00      0.00       0  sysbench
02:15:04 PM  1001     32402   56.00   43.00    0.00    0.00   99.00    52    111.00      0.00  117180    9048   0.01      0.00      0.00      0.00       0  sysbench
02:15:05 PM  1001     32402   56.00   45.00    0.00    0.00  100.00    52     57.00      0.00  117180    9048   0.01      0.00      0.00      0.00       0  sysbench
02:15:06 PM  1001     32402   59.00   42.00    0.00    0.00  100.00    52    226.00      0.00  117180    9048   0.01      0.00      0.00      0.00       0  sysbench
02:15:07 PM  1001     32402   54.00   46.00    0.00    0.00  100.00    52      1.00      0.00  117180    9048   0.01      0.00      0.00      0.00       0  sysbench
02:15:08 PM  1001     32402   61.00   40.00    0.00    0.00  100.00    52      0.00      0.00  117180    9048   0.01      0.00      0.00      0.00       0  sysbench
02:15:09 PM  1001     32402   60.00   40.00    0.00    0.00  100.00    52      0.00      0.00  117180    9048   0.01      0.00      0.00      0.00       0  sysbench
02:15:10 PM  1001     32402   61.00   40.00    0.00    0.00  100.00    52      0.00      0.00  117180    9048   0.01      0.00      0.00      0.00       0  sysbench
02:15:11 PM  1001     32402   56.00   44.00    0.00    0.00  100.00    52      0.00      0.00  117180    9048   0.01      0.00      0.00      0.00       0  sysbench

02:14:18 PM  1001     31607   51.92   48.08    0.00    0.00  100.00    25    358.65      0.00  117180    8856   0.01      0.00      0.00      0.00       0  sysbench
02:14:19 PM  1001     31607   55.00   46.00    0.00    0.00  100.00    25     40.00      0.00  117180    9088   0.01      0.00      0.00      0.00       0  sysbench
02:14:20 PM  1001     31607   61.00   40.00    0.00    0.00  100.00    25     53.00      0.00  117180    9088   0.01      0.00      0.00      0.00       0  sysbench
02:14:21 PM  1001     31607   56.00   44.00    0.00    0.00  100.00    25    230.00      0.00  117180    9088   0.01      0.00      0.00      0.00       0  sysbench
02:14:22 PM  1001     31607   56.00   44.00    0.00    0.00  100.00    25      1.00      0.00  117180    9088   0.01      0.00      0.00      0.00       0  sysbench
02:14:23 PM  1001     31607   54.00   46.00    0.00    0.00  100.00    25    283.00      0.00  117180    9124   0.01      0.00      0.00      0.00       0  sysbench
02:14:24 PM  1001     31607   52.00   48.00    0.00    0.00  100.00    25      0.00      0.00  117180    9124   0.01      0.00      0.00      0.00       0  sysbench
02:14:25 PM  1001     31607   60.00   42.00    0.00    0.00  100.00    25      0.00      0.00  117180    9124   0.01      0.00      0.00      0.00       0  sysbench
02:14:26 PM  1001     31607   57.00   42.00    0.00    0.00   99.00    25    283.00      0.00  117180    9124   0.01      0.00      0.00      0.00       0  sysbench

02:13:36 PM  1001     29606   50.49   49.51    0.00    0.00  100.00    23    375.73      0.00  117180    9092   0.01      0.00      0.00      0.00       0  sysbench
02:13:37 PM  1001     29606   50.00   51.00    0.00    0.00  100.00    23     40.00      0.00  117180    9228   0.01      0.00      0.00      0.00       0  sysbench
02:13:38 PM  1001     29606   57.00   43.00    0.00    0.00  100.00    23     60.00      0.00  117180    9292   0.01      0.00      0.00      0.00       0  sysbench
02:13:39 PM  1001     29606   51.00   50.00    0.00    0.00  100.00    23    223.00      0.00  117180    9292   0.01      0.00      0.00      0.00       0  sysbench
02:13:40 PM  1001     29606   58.00   42.00    0.00    0.00  100.00    23      0.00      0.00  117180    9292   0.01      0.00      0.00      0.00       0  sysbench
02:13:41 PM  1001     29606   55.00   45.00    0.00    0.00  100.00    23    283.00      0.00  117180    9292   0.01      0.00      0.00      0.00       0  sysbench
02:13:42 PM  1001     29606   60.00   40.00    0.00    0.00  100.00    23      0.00      0.00  117180    9292   0.01      0.00      0.00      0.00       0  sysbench
02:13:43 PM  1001     29606   58.00   44.00    0.00    0.00  100.00    23      0.00      0.00  117180    9292   0.01      0.00      0.00      0.00       0  sysbench
02:13:44 PM  1001     29606   53.00   46.00    0.00    0.00   99.00    23    283.00      0.00  117180    9292   0.01      0.00      0.00      0.00       0  sysbench

02:14:08 PM  1001     31423   58.25   42.72    0.00    0.00  100.00    15    340.78      0.00  117180    9060   0.01      0.00      0.00      0.00       0  sysbench
02:14:09 PM  1001     31423   53.00   47.00    0.00    0.00  100.00    15    115.00      0.00  117180    9112   0.01      0.00      0.00      0.00       0  sysbench
02:14:10 PM  1001     31423   53.00   49.00    0.00    0.00  100.00    15     60.00      0.00  117180    9112   0.01      0.00      0.00      0.00       0  sysbench
02:14:11 PM  1001     31423   57.00   43.00    0.00    0.00  100.00    15    223.00      0.00  117180    9112   0.01      0.00      0.00      0.00       0  sysbench
02:14:12 PM  1001     31423   58.00   43.00    0.00    0.00  100.00    15      0.00      0.00  117180    9112   0.01      0.00      0.00      0.00       0  sysbench
02:14:13 PM  1001     31423   56.00   43.00    0.00    0.00   99.00    15      0.00      0.00  117180    9112   0.01      0.00      0.00      0.00       0  sysbench
02:14:14 PM  1001     31423   59.00   42.00    0.00    0.00  100.00    15     59.00      0.00  117180    9112   0.01      0.00      0.00      0.00       0  sysbench
02:14:15 PM  1001     31423   58.00   42.00    0.00    0.00  100.00    15    224.00      0.00  117180    9112   0.01      0.00      0.00      0.00       0  sysbench
02:14:16 PM  1001     31423   56.00   45.00    0.00    0.00  100.00    15      0.00      0.00  117180    9112   0.01      0.00      0.00      0.00       0  sysbench

