01:38:17 PM  1001     20234   59.22   41.75    0.00    0.00  100.00    45    329.13      0.00  117180    9000   0.01      0.00      0.00      0.00       0  sysbench
01:38:18 PM  1001     20234   50.00   50.00    0.00    0.00  100.00    45    132.00      0.00  117180    9228   0.01      0.00      0.00      0.00       0  sysbench
01:38:19 PM  1001     20234   59.00   42.00    0.00    0.00  100.00    45     76.00      0.00  117180    9228   0.01      0.00      0.00      0.00       0  sysbench
01:38:20 PM  1001     20234   58.00   42.00    0.00    0.00  100.00    45    206.00      0.00  117180    9228   0.01      0.00      0.00      0.00       0  sysbench
01:38:21 PM  1001     20234   58.00   42.00    0.00    0.00  100.00    45      0.00      0.00  117180    9228   0.01      0.00      0.00      0.00       0  sysbench
01:38:22 PM  1001     20234   59.00   42.00    0.00    0.00  100.00    45    282.00      0.00  117180    9228   0.01      0.00      0.00      0.00       0  sysbench
01:38:23 PM  1001     20234   55.00   45.00    0.00    0.00  100.00    45      0.00      0.00  117180    9228   0.01      0.00      0.00      0.00       0  sysbench
01:38:24 PM  1001     20234   61.39   38.61    0.00    0.00  100.00    45      0.00      0.00  117180    9228   0.01      0.00      0.00      0.00       0  sysbench
01:38:25 PM  1001     20234   59.00   42.00    0.00    0.00  100.00    45      0.00      0.00  117180    9228   0.01      0.00      0.00      0.00       0  sysbench

01:37:43 PM  1001     19563   50.49   50.49    0.00    0.00  100.00    44    339.81      0.00  117180    8952   0.01      0.00      0.00      0.00       0  sysbench
01:37:44 PM  1001     19563   59.00   41.00    0.00    0.00  100.00    44    138.00      0.00  117180    9200   0.01      0.00      0.00      0.00       0  sysbench
01:37:45 PM  1001     19563   54.00   47.00    0.00    0.00  100.00    44     85.00      0.00  117180    9200   0.01      0.00      0.00      0.00       0  sysbench
01:37:46 PM  1001     19563   52.00   48.00    0.00    0.00  100.00    44    197.00      0.00  117180    9200   0.01      0.00      0.00      0.00       0  sysbench
01:37:47 PM  1001     19563   57.00   44.00    0.00    0.00  100.00    44      0.00      0.00  117180    9200   0.01      0.00      0.00      0.00       0  sysbench
01:37:48 PM  1001     19563   52.00   48.00    0.00    0.00  100.00    44      0.00      0.00  117180    9200   0.01      0.00      0.00      0.00       0  sysbench
01:37:49 PM  1001     19563   56.00   45.00    0.00    0.00  100.00    44     86.00      0.00  117180    9200   0.01      0.00      0.00      0.00       0  sysbench
01:37:50 PM  1001     19563   57.00   42.00    0.00    0.00   99.00    44    196.00      0.00  117180    9200   0.01      0.00      0.00      0.00       0  sysbench
01:37:51 PM  1001     19563   60.00   42.00    0.00    0.00  100.00    44      0.00      0.00  117180    9200   0.01      0.00      0.00      0.00       0  sysbench

01:37:32 PM  1001     19390   53.85   46.15    0.00    0.00  100.00    17    314.42      0.00  117180    8964   0.01      0.00      0.00      0.00       0  sysbench
01:37:33 PM  1001     19390   57.00   43.00    0.00    0.00  100.00    17    135.00      0.00  117180    9200   0.01      0.00      0.00      0.00       0  sysbench
01:37:34 PM  1001     19390   57.00   44.00    0.00    0.00  100.00    17     77.00      0.00  117180    9200   0.01      0.00      0.00      0.00       0  sysbench
01:37:35 PM  1001     19390   59.00   41.00    0.00    0.00  100.00    17    205.00      0.00  117180    9200   0.01      0.00      0.00      0.00       0  sysbench
01:37:36 PM  1001     19390   62.00   39.00    0.00    0.00  100.00    17      0.00      0.00  117180    9200   0.01      0.00      0.00      0.00       0  sysbench
01:37:37 PM  1001     19390   60.00   40.00    0.00    0.00  100.00    17      0.00      0.00  117180    9200   0.01      0.00      0.00      0.00       0  sysbench
01:37:38 PM  1001     19390   54.00   47.00    0.00    0.00  100.00    17      0.00      0.00  117180    9200   0.01      0.00      0.00      0.00       0  sysbench
01:37:39 PM  1001     19390   56.00   44.00    0.00    0.00  100.00    17      0.00      0.00  117180    9200   0.01      0.00      0.00      0.00       0  sysbench
01:37:40 PM  1001     19390   58.00   42.00    0.00    0.00  100.00    17      0.00      0.00  117180    9200   0.01      0.00      0.00      0.00       0  sysbench

01:37:00 PM  1001     18772   52.88   47.12    0.00    0.00  100.00    17    366.35      0.00  117180    9088   0.01      0.00      0.00      0.00       0  sysbench
01:37:01 PM  1001     18772   57.00   44.00    0.00    0.00  100.00    17      6.00      0.00  117180    9088   0.01      0.00      0.00      0.00       0  sysbench
01:37:02 PM  1001     18772   57.00   42.00    0.00    0.00   99.00    17     78.00      0.00  117180    9216   0.01      0.00      0.00      0.00       0  sysbench
01:37:03 PM  1001     18772   59.00   43.00    0.00    0.00  100.00    17    204.00      0.00  117180    9224   0.01      0.00      0.00      0.00       0  sysbench
01:37:04 PM  1001     18772   55.00   45.00    0.00    0.00  100.00    17      0.00      0.00  117180    9224   0.01      0.00      0.00      0.00       0  sysbench
01:37:05 PM  1001     18772   60.00   40.00    0.00    0.00  100.00    17    282.00      0.00  117180    9224   0.01      0.00      0.00      0.00       0  sysbench
01:37:06 PM  1001     18772   58.00   43.00    0.00    0.00  100.00    17      0.00      0.00  117180    9224   0.01      0.00      0.00      0.00       0  sysbench
01:37:07 PM  1001     18772   65.00   34.00    0.00    0.00   99.00    17      0.00      0.00  117180    9224   0.01      0.00      0.00      0.00       0  sysbench
01:37:08 PM  1001     18772   58.00   43.00    0.00    0.00  100.00    17      0.00      0.00  117180    9224   0.01      0.00      0.00      0.00       0  sysbench

01:37:54 PM  1001     19827   59.22   41.75    0.00    0.00  100.00    49    356.31      0.00  117180    8888   0.01      0.00      0.00      0.00       0  sysbench
01:37:55 PM  1001     19827   57.00   44.00    0.00    0.00  100.00    49     38.00      0.00  117180    9040   0.01      0.00      0.00      0.00       0  sysbench
01:37:56 PM  1001     19827   57.00   42.00    0.00    0.00   99.00    49     83.00      0.00  117180    9048   0.01      0.00      0.00      0.00       0  sysbench
01:37:57 PM  1001     19827   54.00   48.00    0.00    0.00  100.00    49    199.00      0.00  117180    9048   0.01      0.00      0.00      0.00       0  sysbench
01:37:58 PM  1001     19827   66.00   34.00    0.00    0.00  100.00    49      0.00      0.00  117180    9048   0.01      0.00      0.00      0.00       0  sysbench
01:37:59 PM  1001     19827   62.00   38.00    0.00    0.00  100.00    49    282.00      0.00  117180    9048   0.01      0.00      0.00      0.00       0  sysbench
01:38:00 PM  1001     19827   60.00   41.00    0.00    0.00  100.00    49      0.00      0.00  117180    9048   0.01      0.00      0.00      0.00       0  sysbench
01:38:01 PM  1001     19827   57.00   43.00    0.00    0.00  100.00    49      0.00      0.00  117180    9048   0.01      0.00      0.00      0.00       0  sysbench
01:38:02 PM  1001     19827   56.00   45.00    0.00    0.00  100.00    49    282.00      0.00  117180    9048   0.01      0.00      0.00      0.00       0  sysbench

01:36:49 PM  1001     17348   49.04   51.92    0.00    0.00  100.00     1    364.42      0.00  117180    8916   0.01      0.00      0.00      0.00       0  sysbench
01:36:50 PM  1001     17348   58.00   42.00    0.00    0.00  100.00     1      0.00      0.00  117180    8916   0.01      0.00      0.00      0.00       0  sysbench
01:36:51 PM  1001     17348   54.00   45.00    0.00    0.00   99.00     1     78.00      0.00  117180    8916   0.01      0.00      0.00      0.00       0  sysbench
01:36:52 PM  1001     17348   54.00   47.00    0.00    0.00  100.00     1    204.00      0.00  117180    9152   0.01      0.00      0.00      0.00       0  sysbench
01:36:53 PM  1001     17348   57.00   44.00    0.00    0.00  100.00     1      0.00      0.00  117180    9152   0.01      0.00      0.00      0.00       0  sysbench
01:36:54 PM  1001     17348   56.00   44.00    0.00    0.00  100.00     1    282.00      0.00  117180    9152   0.01      0.00      0.00      0.00       0  sysbench
01:36:55 PM  1001     17348   54.00   46.00    0.00    0.00  100.00     1      0.00      0.00  117180    9152   0.01      0.00      0.00      0.00       0  sysbench
01:36:56 PM  1001     17348   57.00   44.00    0.00    0.00  100.00     1      0.00      0.00  117180    9152   0.01      0.00      0.00      0.00       0  sysbench
01:36:57 PM  1001     17348   58.00   42.00    0.00    0.00  100.00     1    126.00      0.00  117180    9152   0.01      0.00      0.00      0.00       0  sysbench

01:38:05 PM  1001     20048   57.69   42.31    0.00    0.00  100.00    29    365.38      0.00  117180    9104   0.01      0.00      0.00      0.00       0  sysbench
01:38:06 PM  1001     20048   51.00   50.00    0.00    0.00  100.00    29      0.00      0.00  117180    9104   0.01      0.00      0.00      0.00       0  sysbench
01:38:07 PM  1001     20048   52.00   48.00    0.00    0.00  100.00    29     90.00      0.00  117180    9112   0.01      0.00      0.00      0.00       0  sysbench
01:38:08 PM  1001     20048   54.00   46.00    0.00    0.00  100.00    29    192.00      0.00  117180    9160   0.01      0.00      0.00      0.00       0  sysbench
01:38:09 PM  1001     20048   54.00   47.00    0.00    0.00  100.00    29      0.00      0.00  117180    9160   0.01      0.00      0.00      0.00       0  sysbench
01:38:10 PM  1001     20048   61.00   40.00    0.00    0.00  100.00    29    282.00      0.00  117180    9160   0.01      0.00      0.00      0.00       0  sysbench
01:38:11 PM  1001     20048   60.00   40.00    0.00    0.00  100.00    29      0.00      0.00  117180    9160   0.01      0.00      0.00      0.00       0  sysbench
01:38:12 PM  1001     20048   60.00   40.00    0.00    0.00  100.00    29      0.00      0.00  117180    9160   0.01      0.00      0.00      0.00       0  sysbench
01:38:13 PM  1001     20048   65.00   36.00    0.00    0.00  100.00    29    116.00      0.00  117180    9160   0.01      0.00      0.00      0.00       0  sysbench

01:37:21 PM  1001     19170   56.73   43.27    0.00    0.00  100.00    43    352.88      0.00  117180    9040   0.01      0.00      0.00      0.00       0  sysbench
01:37:22 PM  1001     19170   63.00   38.00    0.00    0.00  100.00    43     74.00      0.00  117180    9132   0.01      0.00      0.00      0.00       0  sysbench
01:37:23 PM  1001     19170   59.00   41.00    0.00    0.00  100.00    43     84.00      0.00  117180    9132   0.01      0.00      0.00      0.00       0  sysbench
01:37:24 PM  1001     19170   58.00   43.00    0.00    0.00  100.00    43    198.00      0.00  117180    9132   0.01      0.00      0.00      0.00       0  sysbench
01:37:25 PM  1001     19170   55.00   46.00    0.00    0.00  100.00    43      0.00      0.00  117180    9132   0.01      0.00      0.00      0.00       0  sysbench
01:37:26 PM  1001     19170   58.00   41.00    0.00    0.00   99.00    43      0.00      0.00  117180    9132   0.01      0.00      0.00      0.00       0  sysbench
01:37:27 PM  1001     19170   61.00   40.00    0.00    0.00  100.00    43     80.00      0.00  117180    9132   0.01      0.00      0.00      0.00       0  sysbench
01:37:28 PM  1001     19170   62.00   38.00    0.00    0.00  100.00    43    202.00      0.00  117180    9132   0.01      0.00      0.00      0.00       0  sysbench
01:37:29 PM  1001     19170   54.00   47.00    0.00    0.00  100.00    43      0.00      0.00  117180    9132   0.01      0.00      0.00      0.00       0  sysbench

01:36:39 PM  1001     17144   55.34   46.60    0.00    0.00  100.00    11    343.69      0.00  117180    8896   0.01      0.00      0.00      0.00       0  sysbench
01:36:40 PM  1001     17144   55.00   45.00    0.00    0.00  100.00    11     94.00      0.00  117180    9144   0.01      0.00      0.00      0.00       0  sysbench
01:36:41 PM  1001     17144   59.00   42.00    0.00    0.00  100.00    11     82.00      0.00  117180    9144   0.01      0.00      0.00      0.00       0  sysbench
01:36:42 PM  1001     17144   56.00   44.00    0.00    0.00  100.00    11    200.00      0.00  117180    9144   0.01      0.00      0.00      0.00       0  sysbench
01:36:43 PM  1001     17144   52.00   49.00    0.00    0.00  100.00    11      0.00      0.00  117180    9144   0.01      0.00      0.00      0.00       0  sysbench
01:36:44 PM  1001     17144   59.00   41.00    0.00    0.00  100.00    11    282.00      0.00  117180    9144   0.01      0.00      0.00      0.00       0  sysbench
01:36:45 PM  1001     17144   56.00   45.00    0.00    0.00  100.00    11      0.00      0.00  117180    9144   0.01      0.00      0.00      0.00       0  sysbench
01:36:46 PM  1001     17144   64.00   36.00    0.00    0.00  100.00    11      0.00      0.00  117180    9144   0.01      0.00      0.00      0.00       0  sysbench
01:36:47 PM  1001     17144   56.00   44.00    0.00    0.00  100.00    11    282.00      0.00  117180    9144   0.01      0.00      0.00      0.00       0  sysbench

01:37:10 PM  1001     18961   61.17   40.78    0.00    0.00  100.00    35    350.49      0.00  117180    9008   0.01      0.00      0.00      0.00       0  sysbench
01:37:11 PM  1001     18961   58.00   41.00    0.00    0.00   99.00    35     88.00      0.00  117180    9068   0.01      0.00      0.00      0.00       0  sysbench
01:37:12 PM  1001     18961   58.00   43.00    0.00    0.00  100.00    35     66.00      0.00  117180    9068   0.01      0.00      0.00      0.00       0  sysbench
01:37:13 PM  1001     18961   53.00   47.00    0.00    0.00  100.00    35    216.00      0.00  117180    9068   0.01      0.00      0.00      0.00       0  sysbench
01:37:14 PM  1001     18961   55.00   45.00    0.00    0.00  100.00    35     71.00      0.00  117180    9068   0.01      0.00      0.00      0.00       0  sysbench
01:37:15 PM  1001     18961   58.00   43.00    0.00    0.00  100.00    35    211.00      0.00  117180    9068   0.01      0.00      0.00      0.00       0  sysbench
01:37:16 PM  1001     18961   57.00   44.00    0.00    0.00  100.00    35    282.00      0.00  117180    9068   0.01      0.00      0.00      0.00       0  sysbench
01:37:17 PM  1001     18961   57.00   43.00    0.00    0.00  100.00    35    282.00      0.00  117180    9068   0.01      0.00      0.00      0.00       0  sysbench
01:37:18 PM  1001     18961   50.00   51.00    0.00    0.00  100.00    35      0.00      0.00  117180    9068   0.01      0.00      0.00      0.00       0  sysbench

