03:46:12 PM  1001     37168   59.62   41.35    0.00    0.00  100.00    47    318.27      0.00  117180    8784   0.01      0.00      0.00      0.00       0  sysbench
03:46:13 PM  1001     37168   55.00   45.00    0.00    0.00  100.00    47    125.00      0.00  117180    9144   0.01      0.00      0.00      0.00       0  sysbench
03:46:14 PM  1001     37168   57.00   43.00    0.00    0.00  100.00    47     30.00      0.00  117180    9144   0.01      0.00      0.00      0.00       0  sysbench
03:46:15 PM  1001     37168   51.00   50.00    0.00    0.00  100.00    47    253.00      0.00  117180    9144   0.01      0.00      0.00      0.00       0  sysbench
03:46:16 PM  1001     37168   57.00   44.00    0.00    0.00  100.00    47      0.00      0.00  117180    9144   0.01      0.00      0.00      0.00       0  sysbench
03:46:17 PM  1001     37168   53.00   46.00    0.00    0.00   99.00    47      0.00      0.00  117180    9144   0.01      0.00      0.00      0.00       0  sysbench
03:46:18 PM  1001     37168   58.00   43.00    0.00    0.00  100.00    47     30.00      0.00  117180    9144   0.01      0.00      0.00      0.00       0  sysbench
03:46:19 PM  1001     37168   53.00   48.00    0.00    0.00  100.00    47    253.00      0.00  117180    9144   0.01      0.00      0.00      0.00       0  sysbench
03:46:20 PM  1001     37168   57.00   43.00    0.00    0.00  100.00    47      0.00      0.00  117180    9144   0.01      0.00      0.00      0.00       0  sysbench

03:45:37 PM  1001     35271   57.28   43.69    0.00    0.00  100.00    13    317.48      0.00  117180    9112   0.01      0.00      0.00      0.00       0  sysbench
03:45:38 PM  1001     35271   60.00   41.00    0.00    0.00  100.00    13    171.00      0.00  117180    9116   0.01      0.00      0.00      0.00       0  sysbench
03:45:39 PM  1001     35271   58.00   42.00    0.00    0.00  100.00    13     31.00      0.00  117180    9116   0.01      0.00      0.00      0.00       0  sysbench
03:45:40 PM  1001     35271   54.00   47.00    0.00    0.00  100.00    13    252.00      0.00  117180    9116   0.01      0.00      0.00      0.00       0  sysbench
03:45:41 PM  1001     35271   62.00   38.00    0.00    0.00  100.00    13      0.00      0.00  117180    9116   0.01      0.00      0.00      0.00       0  sysbench
03:45:42 PM  1001     35271   53.00   47.00    0.00    0.00  100.00    13    283.00      0.00  117180    9116   0.01      0.00      0.00      0.00       0  sysbench
03:45:43 PM  1001     35271   53.00   47.00    0.00    0.00  100.00    13      0.00      0.00  117180    9116   0.01      0.00      0.00      0.00       0  sysbench
03:45:44 PM  1001     35271   56.00   46.00    0.00    0.00  100.00    13      0.00      0.00  117180    9116   0.01      0.00      0.00      0.00       0  sysbench
03:45:45 PM  1001     35271   58.00   42.00    0.00    0.00  100.00    13     32.00      0.00  117180    9116   0.01      0.00      0.00      0.00       0  sysbench

03:45:26 PM  1001     35082   54.37   46.60    0.00    0.00  100.00    43    307.77      0.00  117180    8928   0.01      0.00      0.00      0.00       0  sysbench
03:45:27 PM  1001     35082   61.00   42.00    0.00    0.00  100.00    43    163.00      0.00  117180    9244   0.01      0.00      0.00      0.00       0  sysbench
03:45:28 PM  1001     35082   58.00   42.00    0.00    0.00  100.00    43     35.00      0.00  117180    9244   0.01      0.00      0.00      0.00       0  sysbench
03:45:29 PM  1001     35082   61.00   39.00    0.00    0.00  100.00    43    249.00      0.00  117180    9296   0.01      0.00      0.00      0.00       0  sysbench
03:45:30 PM  1001     35082   53.00   48.00    0.00    0.00  100.00    43      0.00      0.00  117180    9296   0.01      0.00      0.00      0.00       0  sysbench
03:45:31 PM  1001     35082   55.00   45.00    0.00    0.00  100.00    43    283.00      0.00  117180    9296   0.01      0.00      0.00      0.00       0  sysbench
03:45:32 PM  1001     35082   60.00   40.00    0.00    0.00  100.00    43      0.00      0.00  117180    9296   0.01      0.00      0.00      0.00       0  sysbench
03:45:33 PM  1001     35082   55.00   46.00    0.00    0.00  100.00    43     19.00      0.00  117180    9296   0.01      0.00      0.00      0.00       0  sysbench
03:45:34 PM  1001     35082   55.00   45.00    0.00    0.00  100.00    43    264.00      0.00  117180    9296   0.01      0.00      0.00      0.00       0  sysbench

03:44:54 PM  1001     34484   56.31   43.69    0.00    0.00  100.00    31    334.95      0.00  117180    8776   0.01      0.00      0.00      0.00       0  sysbench
03:44:55 PM  1001     34484   54.00   47.00    0.00    0.00  100.00    31     99.00      0.00  117180    9176   0.01      0.00      0.00      0.00       0  sysbench
03:44:56 PM  1001     34484   61.00   39.00    0.00    0.00  100.00    31     30.00      0.00  117180    9176   0.01      0.00      0.00      0.00       0  sysbench
03:44:57 PM  1001     34484   53.00   47.00    0.00    0.00  100.00    31    253.00      0.00  117180    9176   0.01      0.00      0.00      0.00       0  sysbench
03:44:58 PM  1001     34484   52.00   49.00    0.00    0.00  100.00    31      0.00      0.00  117180    9176   0.01      0.00      0.00      0.00       0  sysbench
03:44:59 PM  1001     34484   58.00   42.00    0.00    0.00  100.00    31    283.00      0.00  117180    9176   0.01      0.00      0.00      0.00       0  sysbench
03:45:00 PM  1001     34484   49.00   52.00    0.00    0.00  100.00    31      0.00      0.00  117180    9176   0.01      0.00      0.00      0.00       0  sysbench
03:45:01 PM  1001     34484   57.00   44.00    0.00    0.00  100.00    31      0.00      0.00  117180    9176   0.01      0.00      0.00      0.00       0  sysbench
03:45:02 PM  1001     34484   61.00   39.00    0.00    0.00  100.00    31    283.00      0.00  117180    9176   0.01      0.00      0.00      0.00       0  sysbench

03:45:49 PM  1001     35651   58.25   42.72    0.00    0.00  100.00     1    364.08      0.00  117180    8696   0.01      0.00      0.00      0.00       0  sysbench
03:45:50 PM  1001     35651   54.00   46.00    0.00    0.00  100.00     1     38.00      0.00  117180    9144   0.01      0.00      0.00      0.00       0  sysbench
03:45:51 PM  1001     35651   54.00   45.00    0.00    0.00   99.00     1     30.00      0.00  117180    9144   0.01      0.00      0.00      0.00       0  sysbench
03:45:52 PM  1001     35651   57.00   45.00    0.00    0.00  100.00     1    253.00      0.00  117180    9144   0.01      0.00      0.00      0.00       0  sysbench
03:45:53 PM  1001     35651   58.00   42.00    0.00    0.00  100.00     1      0.00      0.00  117180    9144   0.01      0.00      0.00      0.00       0  sysbench
03:45:54 PM  1001     35651   52.00   48.00    0.00    0.00  100.00     1      0.00      0.00  117180    9144   0.01      0.00      0.00      0.00       0  sysbench
03:45:55 PM  1001     35651   56.00   44.00    0.00    0.00  100.00     1     25.00      0.00  117180    9144   0.01      0.00      0.00      0.00       0  sysbench
03:45:56 PM  1001     35651   57.00   44.00    0.00    0.00  100.00     1    258.00      0.00  117180    9144   0.01      0.00      0.00      0.00       0  sysbench
03:45:57 PM  1001     35651   58.00   42.00    0.00    0.00  100.00     1      0.00      0.00  117180    9144   0.01      0.00      0.00      0.00       0  sysbench

03:44:44 PM  1001     34316   60.19   39.81    0.00    0.00  100.00    43    302.91      0.00  117180    8884   0.01      0.00      0.00      0.00       0  sysbench
03:44:45 PM  1001     34316   53.00   47.00    0.00    0.00  100.00    43    170.00      0.00  117180    9168   0.01      0.00      0.00      0.00       0  sysbench
03:44:46 PM  1001     34316   62.00   39.00    0.00    0.00  100.00    43     26.00      0.00  117180    9168   0.01      0.00      0.00      0.00       0  sysbench
03:44:47 PM  1001     34316   56.00   45.00    0.00    0.00  100.00    43    257.00      0.00  117180    9168   0.01      0.00      0.00      0.00       0  sysbench
03:44:48 PM  1001     34316   57.00   43.00    0.00    0.00  100.00    43      0.00      0.00  117180    9168   0.01      0.00      0.00      0.00       0  sysbench
03:44:49 PM  1001     34316   60.00   41.00    0.00    0.00  100.00    43      0.00      0.00  117180    9168   0.01      0.00      0.00      0.00       0  sysbench
03:44:50 PM  1001     34316   51.00   49.00    0.00    0.00  100.00    43      0.00      0.00  117180    9168   0.01      0.00      0.00      0.00       0  sysbench
03:44:51 PM  1001     34316   60.00   41.00    0.00    0.00  100.00    43      0.00      0.00  117180    9168   0.01      0.00      0.00      0.00       0  sysbench
03:44:52 PM  1001     34316   55.00   44.00    0.00    0.00   99.00    43    283.00      0.00  117180    9168   0.01      0.00      0.00      0.00       0  sysbench

03:46:00 PM  1001     36961   61.17   40.78    0.00    0.00  100.00     1    329.13      0.00  117180    8712   0.01      0.00      0.00      0.00       0  sysbench
03:46:01 PM  1001     36961   58.00   42.00    0.00    0.00  100.00     1    124.00      0.00  117180    9060   0.01      0.00      0.00      0.00       0  sysbench
03:46:02 PM  1001     36961   62.00   38.00    0.00    0.00  100.00     1     30.00      0.00  117180    9060   0.01      0.00      0.00      0.00       0  sysbench
03:46:03 PM  1001     36961   54.00   46.00    0.00    0.00  100.00     1    253.00      0.00  117180    9060   0.01      0.00      0.00      0.00       0  sysbench
03:46:04 PM  1001     36961   60.00   41.00    0.00    0.00  100.00     1      0.00      0.00  117180    9060   0.01      0.00      0.00      0.00       0  sysbench
03:46:05 PM  1001     36961   54.00   46.00    0.00    0.00  100.00     1      0.00      0.00  117180    9060   0.01      0.00      0.00      0.00       0  sysbench
03:46:06 PM  1001     36961   63.00   38.00    0.00    0.00  100.00     1     27.00      0.00  117180    9060   0.01      0.00      0.00      0.00       0  sysbench
03:46:07 PM  1001     36961   47.00   53.00    0.00    0.00  100.00     1    256.00      0.00  117180    9060   0.01      0.00      0.00      0.00       0  sysbench
03:46:08 PM  1001     36961   59.00   41.00    0.00    0.00  100.00     1      0.00      0.00  117180    9060   0.01      0.00      0.00      0.00       0  sysbench

03:45:15 PM  1001     34910   52.88   46.15    0.00    0.00   99.04    16    350.96      0.00  117180    9028   0.01      0.00      0.00      0.00       0  sysbench
03:45:16 PM  1001     34910   56.00   45.00    0.00    0.00  100.00    16     97.00      0.00  117180    9296   0.01      0.00      0.00      0.00       0  sysbench
03:45:17 PM  1001     34910   55.00   45.00    0.00    0.00  100.00    16     32.00      0.00  117180    9296   0.01      0.00      0.00      0.00       0  sysbench
03:45:18 PM  1001     34910   55.00   46.00    0.00    0.00  100.00    16    251.00      0.00  117180    9296   0.01      0.00      0.00      0.00       0  sysbench
03:45:19 PM  1001     34910   58.00   42.00    0.00    0.00  100.00    16      0.00      0.00  117180    9296   0.01      0.00      0.00      0.00       0  sysbench
03:45:20 PM  1001     34910   57.00   44.00    0.00    0.00  100.00    16      0.00      0.00  117180    9296   0.01      0.00      0.00      0.00       0  sysbench
03:45:21 PM  1001     34910   60.00   40.00    0.00    0.00  100.00    16      0.00      0.00  117180    9296   0.01      0.00      0.00      0.00       0  sysbench
03:45:22 PM  1001     34910   59.00   42.00    0.00    0.00  100.00    16      0.00      0.00  117180    9296   0.01      0.00      0.00      0.00       0  sysbench
03:45:23 PM  1001     34910   62.00   37.00    0.00    0.00   99.00    16      0.00      0.00  117180    9296   0.01      0.00      0.00      0.00       0  sysbench

03:44:34 PM  1001     34065   52.43   48.54    0.00    0.00  100.00    11    381.55      0.00  117180    8752   0.01      0.00      0.00      0.00       0  sysbench
03:44:35 PM  1001     34065   50.00   50.00    0.00    0.00  100.00    11      3.00      0.00  117180    8752   0.01      0.00      0.00      0.00       0  sysbench
03:44:36 PM  1001     34065   58.00   43.00    0.00    0.00  100.00    11     28.00      0.00  117180    8960   0.01      0.00      0.00      0.00       0  sysbench
03:44:37 PM  1001     34065   55.00   45.00    0.00    0.00  100.00    11    255.00      0.00  117180    9092   0.01      0.00      0.00      0.00       0  sysbench
03:44:38 PM  1001     34065   62.00   39.00    0.00    0.00  100.00    11      0.00      0.00  117180    9092   0.01      0.00      0.00      0.00       0  sysbench
03:44:39 PM  1001     34065   55.00   46.00    0.00    0.00  100.00    11      0.00      0.00  117180    9092   0.01      0.00      0.00      0.00       0  sysbench
03:44:40 PM  1001     34065   54.00   46.00    0.00    0.00  100.00    11     29.00      0.00  117180    9092   0.01      0.00      0.00      0.00       0  sysbench
03:44:41 PM  1001     34065   58.00   43.00    0.00    0.00  100.00    11    254.00      0.00  117180    9092   0.01      0.00      0.00      0.00       0  sysbench
03:44:42 PM  1001     34065   51.00   48.00    0.00    0.00   99.00    11      0.00      0.00  117180    9092   0.01      0.00      0.00      0.00       0  sysbench

03:45:05 PM  1001     34665   54.81   45.19    0.00    0.00  100.00    13    272.12      0.00  117180    8704   0.01      0.00      0.00      0.00       0  sysbench
03:45:06 PM  1001     34665   57.00   44.00    0.00    0.00  100.00    13    257.00      0.00  117180    9112   0.01      0.00      0.00      0.00       0  sysbench
03:45:07 PM  1001     34665   55.00   44.00    0.00    0.00   99.00    13     27.00      0.00  117180    9112   0.01      0.00      0.00      0.00       0  sysbench
03:45:08 PM  1001     34665   54.00   48.00    0.00    0.00  100.00    13    256.00      0.00  117180    9112   0.01      0.00      0.00      0.00       0  sysbench
03:45:09 PM  1001     34665   57.00   43.00    0.00    0.00  100.00    13      0.00      0.00  117180    9112   0.01      0.00      0.00      0.00       0  sysbench
03:45:10 PM  1001     34665   50.00   50.00    0.00    0.00  100.00    13      0.00      0.00  117180    9112   0.01      0.00      0.00      0.00       0  sysbench
03:45:11 PM  1001     34665   57.00   43.00    0.00    0.00  100.00    13     27.00      0.00  117180    9112   0.01      0.00      0.00      0.00       0  sysbench
03:45:12 PM  1001     34665   50.00   51.00    0.00    0.00  100.00    13    256.00      0.00  117180    9112   0.01      0.00      0.00      0.00       0  sysbench
03:45:13 PM  1001     34665   51.00   49.00    0.00    0.00  100.00    13      0.00      0.00  117180    9112   0.01      0.00      0.00      0.00       0  sysbench

