1565714907     0     27630    1.32   18.42    0.00   19.74     0    346.05      0.00   93624   4880   0.13 128321.05  42542.11      0.00  sysbench
1565714908     0     27630    0.00   13.41    0.00   13.41     0      1.22      0.00   93624   4880   0.13  88000.00  34756.10      0.00  sysbench
1565714909     0     27630    2.60   15.58    0.00   18.18     0      1.30      0.00   93624   4880   0.13 101028.57  40041.56      0.00  sysbench
1565714910     0     27630    1.18   11.76    0.00   12.94     0      1.18      0.00   93624   4880   0.13  60423.53  23345.88      0.00  sysbench
1565714911     0     27630    1.32   15.79    0.00   17.11     0      0.00      0.00   93624   4880   0.13 113147.37  42147.37      0.00  sysbench
1565714912     0     27630    2.60   16.88    0.00   19.48     0      0.00      0.00   93624   4880   0.13 127719.48  44737.66      0.00  sysbench
1565714913     0     27630    1.30   15.58    0.00   16.88     0      0.00      0.00   93624   4880   0.13 119070.13  44166.23      0.00  sysbench
1565714914     0     27630    1.32   17.11    0.00   18.42     0      0.00      0.00   93624   4880   0.13 130942.11  44189.47      0.00  sysbench
1565714915     0     27630    1.28   17.95    0.00   19.23     0      0.00      0.00   93624   4880   0.13 136723.08  42579.49      0.00  sysbench
1565714916     0     27630    1.32   18.42    0.00   19.74     0      0.00      0.00   93624   4880   0.13 141957.89  41368.42      0.00  sysbench

1565714917     0     27636    1.28   15.38    0.00   16.67     0    342.31      0.00   93624   4880   0.13 135210.26  43969.23      0.00  sysbench
1565714918     0     27636    1.35   18.92    0.00   20.27     0      1.35      0.00   93624   4880   0.13 131648.65  41821.62      0.00  sysbench
1565714919     0     27636    1.32   18.42    0.00   19.74     0      0.00      0.00   93624   4880   0.13 140484.21  45347.37      0.00  sysbench
1565714920     0     27636    2.56   15.38    0.00   17.95     0      0.00      1.28   93624   4880   0.13 120979.49  44200.00      0.00  sysbench
1565714921     0     27636    1.30   16.88    0.00   18.18     0      0.00      0.00   93624   4880   0.13 132550.65  42187.01      0.00  sysbench
1565714922     0     27636    0.00   17.72    0.00   17.72     0      0.00      0.00   93624   4880   0.13 123883.54  42805.06      0.00  sysbench
1565714923     0     27636    0.00   16.88    0.00   16.88     0      0.00      0.00   93624   4880   0.13 136987.01  45844.16      0.00  sysbench
1565714924     0     27636    1.18   11.76    0.00   12.94     0      0.00      0.00   93624   4880   0.13  49807.06  16517.65      0.00  sysbench
1565714925     0     27636    0.00   17.72    0.00   17.72     0      0.00      0.00   93624   4880   0.13 134784.81  43969.62      0.00  sysbench
1565714926     0     27636    1.32   17.11    0.00   18.42     0      0.00      0.00   93624   4880   0.13 130447.37  43994.74      0.00  sysbench

1565714927     0     27643    0.00   14.29    0.00   14.29     0    317.86      0.00   93624   4880   0.13  90347.62  29647.62      0.00  sysbench
1565714928     0     27643    1.28   17.95    0.00   19.23     0      1.28      0.00   93624   4880   0.13 139656.41  46041.03      0.00  sysbench
1565714929     0     27643    0.00   18.18    0.00   18.18     0      0.00      0.00   93624   4880   0.13 125709.09  42150.65      0.00  sysbench
1565714930     0     27643    0.00   19.74    0.00   19.74     0      0.00      0.00   93624   4880   0.13 141952.63  43078.95      0.00  sysbench
1565714931     0     27643    1.28   19.23    0.00   20.51     0      0.00      0.00   93624   4880   0.13 155000.00  46625.64      0.00  sysbench
1565714932     0     27643    1.30   18.18    0.00   19.48     0      0.00      0.00   93624   4880   0.13 136696.10  42155.84      0.00  sysbench
1565714933     0     27643    0.00   19.74    0.00   19.74     0      0.00      0.00   93624   4880   0.13 135910.53  42489.47      0.00  sysbench
1565714934     0     27643    1.30   15.58    0.00   16.88     0      0.00      0.00   93624   4880   0.13 125387.01  42493.51      0.00  sysbench
1565714935     0     27643    2.56   15.38    0.00   17.95     0      0.00      0.00   93624   4880   0.13 109907.69  41738.46      0.00  sysbench
1565714936     0     27643    0.00   20.51    0.00   20.51     0      0.00      0.00   93624   4880   0.13 164558.97  41548.72      0.00  sysbench

1565714938     0     27649    2.53   16.46    0.00   18.99     0    339.24      0.00   93624   4884   0.13 117660.76  44521.52      0.00  sysbench
1565714939     0     27649    0.00   12.05    0.00   12.05     0      2.41      0.00   93624   4884   0.13  77951.81  27079.52      0.00  sysbench
1565714940     0     27649    1.20   12.05    0.00   13.25     0      0.00      0.00   93624   4884   0.13  72877.11  27084.34      0.00  sysbench
1565714941     0     27649    1.30   15.58    0.00   16.88     0      0.00      0.00   93624   4884   0.13 115340.26  42109.09      0.00  sysbench
1565714942     0     27649    0.00   17.95    0.00   17.95     0      0.00      0.00   93624   4884   0.13 120148.72  43430.77      0.00  sysbench
1565714943     0     27649    1.30   16.88    0.00   18.18     0      0.00      0.00   93624   4884   0.13 143563.64  44841.56      0.00  sysbench
1565714944     0     27649    0.00   16.46    0.00   16.46     0      0.00      0.00   93624   4884   0.13 107721.52  43478.48      0.00  sysbench
1565714945     0     27649    1.28   19.23    0.00   20.51     0      0.00      0.00   93624   4884   0.13 137230.77  41666.67      0.00  sysbench
1565714946     0     27649    0.00   17.11    0.00   17.11     0      0.00      0.00   93624   4884   0.13 137542.11  43142.11      0.00  sysbench
1565714947     0     27649    2.60   15.58    0.00   18.18     0      0.00      0.00   93624   4884   0.13 130051.95  41890.91      0.00  sysbench

1565714948     0     27655    1.18   11.76    0.00   12.94     0    315.29      0.00   93624   4616   0.12  68936.47  23378.82      0.00  sysbench
1565714949     0     27655    2.56   17.95    0.00   20.51     0      1.28      0.00   93624   4616   0.12 136235.90  42143.59      0.00  sysbench
1565714950     0     27655    1.32   17.11    0.00   18.42     0      0.00      0.00   93624   4616   0.12 128305.26  44389.47      0.00  sysbench
1565714951     0     27655    1.28   16.67    0.00   17.95     0      0.00      0.00   93624   4616   0.12 116928.21  41456.41      0.00  sysbench
1565714952     0     27655    1.27   16.46    0.00   17.72     0      0.00      0.00   93624   4616   0.12 110931.65  36784.81      0.00  sysbench
1565714953     0     27655    0.00   11.63    0.00   11.63     0      1.16      0.00   93624   4880   0.13  60567.44  21711.63      0.00  sysbench
1565714954     0     27655    2.60   16.88    0.00   19.48     0      0.00      0.00   93624   4880   0.13 118285.71  42233.77      0.00  sysbench
1565714955     0     27655    0.00   17.95    0.00   17.95     0      0.00      0.00   93624   4880   0.13 115600.00  43282.05      0.00  sysbench
1565714956     0     27655    1.27   18.99    0.00   20.25     0      0.00      0.00   93624   4880   0.13 117326.58  40212.66      0.00  sysbench
1565714957     0     27655    0.00   17.95    0.00   17.95     0      0.00      0.00   93624   4880   0.13  96635.90  35825.64      0.00  sysbench

1565714958     0     27661    0.00   21.52    0.00   21.52     0    337.97      0.00   93624   4880   0.13 121903.80  40729.11      0.00  sysbench
1565714959     0     27661    2.53   16.46    0.00   18.99     0      1.27      0.00   93624   4880   0.13 112374.68  41605.06      0.00  sysbench
1565714960     0     27661    0.00   18.18    0.00   18.18     0      1.30      0.00   93624   4880   0.13 117090.91  43371.43      0.00  sysbench
1565714961     0     27661    2.50   16.25    0.00   18.75     0      0.00      0.00   93624   4880   0.13 108360.00  39555.00      0.00  sysbench
1565714962     0     27661    1.32   18.42    0.00   19.74     0      0.00      0.00   93624   4880   0.13 157473.68  45878.95      0.00  sysbench
1565714963     0     27661    1.27   16.46    0.00   17.72     0      0.00      0.00   93624   4880   0.13 119843.04  43129.11      0.00  sysbench
1565714964     0     27661    1.33   20.00    0.00   21.33     0      0.00      0.00   93624   4880   0.13 128880.00  38997.33      0.00  sysbench
1565714965     0     27661    3.85   17.95    0.00   21.79     0      0.00      0.00   93624   4880   0.13 133820.51  41615.38      0.00  sysbench
1565714966     0     27661    0.00   16.67    0.00   16.67     0      1.28      0.00   93624   4880   0.13 118841.03  42841.03      0.00  sysbench
1565714967     0     27661    1.30   18.18    0.00   19.48     0      0.00      0.00   93624   4880   0.13 122249.35  39179.22      0.00  sysbench

1565714968     0     27667    1.27   18.99    0.00   20.25     0    337.97      0.00   93624   4880   0.13 104430.38  39483.54      0.00  sysbench
1565714969     0     27667    1.19   10.71    0.00   11.90     0      1.19      0.00   93624   4880   0.13  67928.57  26080.95      0.00  sysbench
1565714970     0     27667    1.22   14.63    0.00   15.85     0      0.00      0.00   93624   4880   0.13  85443.90  29336.59      0.00  sysbench
1565714971     0     27667    2.60   20.78    0.00   23.38     0      0.00      0.00   93624   4880   0.13  95490.91  39864.94      0.00  sysbench
1565714972     0     27667    1.25   16.25    0.00   17.50     0      0.00      0.00   93624   4880   0.13 125245.00  40600.00      0.00  sysbench
1565714973     0     27667    2.63   17.11    0.00   19.74     0      0.00      0.00   93624   4880   0.13 131694.74  45215.79      0.00  sysbench
1565714974     0     27667    1.28   17.95    0.00   19.23     0      0.00      0.00   93624   4880   0.13 120912.82  41656.41      0.00  sysbench
1565714975     0     27667    0.00   17.95    0.00   17.95     0      0.00      0.00   93624   4880   0.13 120112.82  46030.77      0.00  sysbench
1565714976     0     27667    1.27   16.46    0.00   17.72     0      1.27      0.00   93624   4880   0.13 123321.52  42091.14      0.00  sysbench

1565714978     0     27673    1.30   18.18    0.00   19.48     0    345.45      0.00   93624   4884   0.13 140150.65  45501.30      0.00  sysbench
1565714979     0     27673    2.60   15.58    0.00   18.18     0      1.30      0.00   93624   4884   0.13 129812.99  47958.44      0.00  sysbench
1565714980     0     27673    1.30   18.18    0.00   19.48     0      1.30      0.00   93624   4884   0.13 122181.82  43459.74      0.00  sysbench
1565714981     0     27673    0.00   16.67    0.00   16.67     0      0.00      0.00   93624   4884   0.13 130897.44  43923.08      0.00  sysbench
1565714982     0     27673    0.00   18.99    0.00   18.99     0      0.00      0.00   93624   4884   0.13 135670.89  42825.32      0.00  sysbench
1565714983     0     27673    1.28   17.95    0.00   19.23     0      0.00      0.00   93624   4884   0.13 139302.56  46364.10      0.00  sysbench
1565714984     0     27673    1.25   17.50    0.00   18.75     0      0.00      0.00   93624   4884   0.13 121080.00  41045.00      0.00  sysbench
1565714985     0     27673    1.28   15.38    0.00   16.67     0      0.00      0.00   93624   4884   0.13 111820.51  43317.95      0.00  sysbench
1565714986     0     27673    1.28   16.67    0.00   17.95     0      0.00      0.00   93624   4884   0.13 122723.08  46512.82      0.00  sysbench
1565714987     0     27673    1.30   18.18    0.00   19.48     0      0.00      0.00   93624   4884   0.13 130794.81  42374.03      0.00  sysbench

1565714988     0     27679    1.30   16.88    0.00   18.18     0    346.75      0.00   93624   4884   0.13 122535.06  47381.82      0.00  sysbench
1565714989     0     27679    1.27   15.19    0.00   16.46     0      2.53      0.00   93624   4884   0.13 123650.63  46172.15      0.00  sysbench
1565714990     0     27679    1.30   18.18    0.00   19.48     0      0.00      0.00   93624   4884   0.13 119844.16  42322.08      0.00  sysbench
1565714991     0     27679    0.00   15.58    0.00   15.58     0      0.00      0.00   93624   4884   0.13 120602.60  44436.36      0.00  sysbench
1565714992     0     27679    1.28   16.67    0.00   17.95     0      0.00      0.00   93624   4884   0.13 133430.77  44620.51      0.00  sysbench
1565714993     0     27679    1.32   17.11    0.00   18.42     0      0.00      0.00   93624   4884   0.13 129026.32  47552.63      0.00  sysbench
1565714994     0     27679    1.30   16.88    0.00   18.18     0      0.00      0.00   93624   4884   0.13 113116.88  44212.99      0.00  sysbench
1565714995     0     27679    1.28   16.67    0.00   17.95     0      0.00      0.00   93624   4884   0.13 116748.72  45476.92      0.00  sysbench
1565714996     0     27679    1.28   16.67    0.00   17.95     0      0.00      0.00   93624   4884   0.13 135061.54  44323.08      0.00  sysbench
1565714997     0     27679    0.00   17.95    0.00   17.95     0      0.00      0.00   93624   4884   0.13 125569.23  41251.28      0.00  sysbench

1565714998     0     27685    1.25   13.75    0.00   15.00     0    333.75      0.00   93624   4880   0.13 107465.00  38790.00      0.00  sysbench
1565714999     0     27685    0.00   10.47    0.00   10.47     0      2.33      0.00   93624   4880   0.13  57372.09  23330.23      0.00  sysbench
1565715000     0     27685    2.47   12.35    0.00   14.81     0      0.00      0.00   93624   4880   0.13  99481.48  29229.63      0.00  sysbench
1565715001     0     27685    1.23   13.58    0.00   14.81     0      0.00      0.00   93624   4880   0.13  88513.58  38044.44      0.00  sysbench
1565715002     0     27685    0.00   15.38    0.00   15.38     0      0.00      0.00   93624   4880   0.13 120010.26  40128.21      0.00  sysbench
1565715003     0     27685    1.28   17.95    0.00   19.23     0      0.00      0.00   93624   4880   0.13 105179.49  43476.92      0.00  sysbench
1565715004     0     27685    1.27   15.19    0.00   16.46     0      0.00      0.00   93624   4880   0.13 121083.54  44911.39      0.00  sysbench
1565715005     0     27685    0.00   18.42    0.00   18.42     0      0.00      0.00   93624   4880   0.13 139431.58  44105.26      0.00  sysbench
1565715006     0     27685    0.00   20.25    0.00   20.25     0      0.00      0.00   93624   4880   0.13 145513.92  44572.15      0.00  sysbench
1565715007     0     27685    1.27   15.19    0.00   16.46     0      0.00      0.00   93624   4880   0.13 128364.56  40440.51      0.00  sysbench

