1565358363     0     24886    0.00    1.94    0.00    1.94     1    191.26      0.00   89728   4300   0.11   6609.71   1075.73      0.00  sysbench
1565358364     0     24886    1.00    2.00    0.00    3.00     1      1.00      0.00   89728   4300   0.11  14984.00   2196.00      0.00  sysbench
1565358365     0     24886    0.00    4.00    0.00    4.00     1      0.00      0.00   89728   4300   0.11  32428.00   5492.00      0.00  sysbench
1565358366     0     24886    1.00    6.00    0.00    7.00     1      0.00      0.00   89728   4300   0.11  38556.00   7492.00      0.00  sysbench
1565358367     0     24886    0.99    3.96    0.00    4.95     1      0.00      0.00   89728   4300   0.11  32796.04   7687.13      0.00  sysbench
1565358368     0     24886    1.00    5.00    0.00    6.00     1      0.00      0.00   89728   4300   0.11  34948.00   7128.00      0.00  sysbench
1565358369     0     24886    0.99    5.94    0.00    6.93     1      0.00      0.00   89728   4300   0.11  35417.82   9176.24      0.00  sysbench
1565358370     0     24886    0.99    6.93    0.00    7.92     1      0.00      0.00   89728   4300   0.11  42673.27  11045.54      0.00  sysbench
1565358371     0     24886    1.00    5.00    0.00    6.00     1      0.00      0.00   89728   4300   0.11  34664.00   9176.00      0.00  sysbench
1565358372     0     25037    0.00    0.00    0.00    0.00     1   1587.00      0.00   89728   3512   0.09    268.00    108.00      0.00  sysbench
1565358373     0     25037    1.00    7.00    0.00    8.00     1    252.00      0.00   89728   4296   0.11  36080.00  11404.00      0.00  sysbench
1565358374     0     25037    0.00    6.00    0.00    6.00     1      1.00      0.00   89728   4296   0.11  27916.00  10348.00      0.00  sysbench
1565358375     0     25037    1.00    7.00    0.00    8.00     1      0.00      0.00   89728   4296   0.11  25624.00  10464.00      0.00  sysbench
1565358376     0     25037    0.00    6.00    0.00    6.00     1      0.00      0.00   89728   4296   0.11  27696.00  11540.00      0.00  sysbench
1565358377     0     25037    1.98    5.94    0.00    7.92     1      0.00      0.00   89728   4296   0.11  26700.99  10396.04      0.00  sysbench
1565358379     0     25037    0.00    0.00    0.00    0.00     1      1.00      0.00   89728   4296   0.11   1384.00   1088.00      0.00  sysbench
1565358379     0     25037    0.00    1.00    0.00    1.00     1      0.00      0.00   89728   4296   0.11   2648.00   1712.00      0.00  sysbench
1565358380     0     25037    1.00    4.00    0.00    5.00     1      0.00      0.00   89728   4296   0.11  17764.00   6568.00      0.00  sysbench
1565358381     0     25037    0.00    4.00    0.00    4.00     1      0.00      0.00   89728   4296   0.11  16824.00   7696.00      0.00  sysbench
1565358382     0     25037    0.99    4.95    0.00    5.94     1      0.00      0.00   89728   4296   0.11  16233.66   8241.58      0.00  sysbench
1565358383     0     25188    0.00    0.99    0.00    0.99     0   1815.84      0.00   89728   4296   0.11   4621.78   1873.27      0.00  sysbench
1565358384     0     25188    0.00    0.98    0.00    0.98     0      0.00      0.00   89728   4296   0.11   1250.98    576.47      0.00  sysbench
1565358385     0     25188    1.00    4.00    0.00    5.00     0      3.00      0.00   89728   4296   0.11  12796.00   8524.00      0.00  sysbench
1565358386     0     25188    0.00    4.95    0.00    4.95     0      0.99      0.00   89728   4296   0.11  15936.63   6443.56      0.00  sysbench
1565358387     0     25188    0.00    4.00    0.00    4.00     0      0.00      0.00   89728   4296   0.11  14184.00   7160.00      0.00  sysbench
1565358388     0     25188    1.00    2.00    0.00    3.00     0      0.00      0.00   89728   4296   0.11   6576.00   3264.00      0.00  sysbench
1565358389     0     25188    0.00    2.00    0.00    2.00     0      0.00      0.00   89728   4296   0.11   4892.00   3256.00      0.00  sysbench
1565358390     0     25188    0.99    2.97    0.00    3.96     0      0.00      0.00   89728   4296   0.11   9944.55   5932.67      0.00  sysbench
1565358391     0     25188    0.99    3.96    0.00    4.95     0      0.00      0.00   89728   4296   0.11  12289.11   6982.18      0.00  sysbench
1565358392     0     25188    0.00    1.00    0.00    1.00     0      0.00      0.00   89728   4296   0.11   4240.00   1620.00      0.00  sysbench
1565358393     0     25324    1.00    3.00    0.00    4.00     1   1733.00      0.00   89728   4036   0.10  13996.00   6056.00      0.00  sysbench
1565358394     0     25324    0.00    3.00    0.00    3.00     1    108.00      0.00   89728   4296   0.11   8876.00   5480.00      0.00  sysbench
1565358395     0     25324    0.00    3.00    0.00    3.00     1      1.00      0.00   89728   4296   0.11   6600.00   4932.00      0.00  sysbench
1565358396     0     25324    0.99    2.97    0.00    3.96     1      0.00      0.00   89728   4296   0.11   7564.36   6019.80      0.00  sysbench
1565358397     0     25324    0.00    0.00    0.00    0.00     1      0.00      0.00   89728   4296   0.11   1687.13   1104.95      0.00  sysbench
1565358398     0     25324    1.00    2.00    0.00    3.00     1      0.00      0.00   89728   4296   0.11   5828.00   4504.00      0.00  sysbench
1565358399     0     25324    1.00    6.00    0.00    7.00     1      0.00      0.00   89728   4296   0.11  14516.00   9796.00      0.00  sysbench
1565358400     0     25324    0.00    5.00    0.00    5.00     1      0.00      0.00   89728   4296   0.11  22512.00  11116.00      0.00  sysbench
1565358401     0     25324    0.99    5.94    0.00    6.93     1      0.00      0.00   89728   4296   0.11  18605.94  11837.62      0.00  sysbench
1565358402     0     25324    1.00    5.00    0.00    6.00     1      0.00      0.00   89728   4296   0.11  15968.00  10396.00      0.00  sysbench
1565358403     0     25461    0.00    3.00    0.00    3.00     1   1744.00      0.00   89728   4036   0.10   7384.00   5536.00      0.00  sysbench
1565358404     0     25461    0.99    2.97    0.00    3.96     1     95.05      0.00   89728   4296   0.11   7334.65   6546.53      0.00  sysbench
1565358405     0     25461    0.00    2.00    0.00    2.00     1      2.00      0.00   89728   4296   0.11   4572.00   3840.00      0.00  sysbench
1565358406     0     25461    1.00    2.00    0.00    3.00     1      0.00      0.00   89728   4296   0.11   4064.00   3856.00      0.00  sysbench
1565358407     0     25461    0.00    1.98    0.00    1.98     1      0.00      0.00   89728   4296   0.11   4831.68   4328.71      0.00  sysbench
1565358409     0     25461    1.00    1.00    0.00    2.00     1      0.00      0.00   89728   4296   0.11   1412.00   1108.00      0.00  sysbench
1565358410     0     25461    0.00    0.99    0.00    0.99     1      0.00      0.00   89728   4296   0.11   1120.79    550.50      0.00  sysbench
1565358411     0     25461    0.00    1.00    0.00    1.00     1      0.00      0.00   89728   4296   0.11   1680.00   1080.00      0.00  sysbench
1565358412     0     25461    0.00    0.99    0.00    0.99     1      0.00      0.00   89728   4296   0.11   1366.34    538.61      0.00  sysbench
1565358412     0     25461    0.00    3.00    0.00    3.00     1      0.00      0.00   89728   4296   0.11   8308.00   6008.00      0.00  sysbench
1565358413     0     25551    0.00    2.00    0.00    2.00     0   1727.00      0.00   89728   4036   0.10   7664.00   4940.00      0.00  sysbench
1565358414     0     25551    1.00    5.00    0.00    6.00     0    114.00      0.00   89728   4296   0.11  17300.00  10220.00      0.00  sysbench
1565358415     0     25551    1.00    5.00    0.00    6.00     0      0.00      0.00   89728   4296   0.11  15484.00   8996.00      0.00  sysbench
1565358416     0     25551    1.00    6.00    0.00    7.00     0      0.00      0.00   89728   4296   0.11  10916.00  11488.00      0.00  sysbench
1565358417     0     25551    0.00    5.00    0.00    5.00     0      1.00      0.00   89728   4296   0.11  11124.00  10516.00      0.00  sysbench
1565358418     0     25551    1.00    2.00    0.00    3.00     0      0.00      0.00   89728   4296   0.11   6484.00   4940.00      0.00  sysbench
1565358419     0     25551    0.00    4.00    0.00    4.00     0      0.00      0.00   89728   4296   0.11   8696.00   8224.00      0.00  sysbench
1565358420     0     25551    1.00    4.00    0.00    5.00     0      0.00      0.00   89728   4296   0.11   8564.00   8292.00      0.00  sysbench
1565358421     0     25551    1.00    5.00    0.00    6.00     0      0.00      0.00   89728   4296   0.11   9076.00  10832.00      0.00  sysbench
1565358422     0     25551    0.00    4.00    0.00    4.00     0      0.00      0.00   89728   4296   0.11   8588.00   8832.00      0.00  sysbench
1565358423     0     25717    0.00    0.00    0.00    0.00     0   1664.00      0.00   89728   3772   0.10    424.00    552.00      0.00  sysbench
1565358424     0     25717    1.00    2.00    0.00    3.00     0    174.00      0.00   89728   4296   0.11   4392.00   3848.00      0.00  sysbench
1565358425     0     25717    0.00    4.95    0.00    4.95     0      0.99      0.00   89728   4296   0.11  10297.03   8661.39      0.00  sysbench
1565358426     0     25717    1.00    3.00    0.00    4.00     0      0.00      0.00   89728   4296   0.11   5636.00   5496.00      0.00  sysbench
1565358427     0     25717    0.00    2.00    0.00    2.00     0      0.00      0.00   89728   4296   0.11   2000.00   3848.00      0.00  sysbench
1565358428     0     25717    0.00    2.00    0.00    2.00     0      0.00      0.00   89728   4296   0.11   3248.00   3268.00      0.00  sysbench
1565358429     0     25717    1.00    2.00    0.00    3.00     0      0.00      0.00   89728   4296   0.11   2928.00   3800.00      0.00  sysbench
1565358431     0     25717    0.00    1.00    0.00    1.00     0      0.00      0.00   89728   4296   0.11   1204.00   1092.00      0.00  sysbench
1565358432     0     25717    0.00    0.00    0.00    0.00     0      0.00      0.00   89728   4296   0.11    360.40    562.38      0.00  sysbench
1565358433     0     25717    0.00    1.00    0.00    1.00     0      0.00      0.00   89728   4296   0.11    780.00   1064.00      0.00  sysbench
1565358434     0     25838    0.00    1.00    0.00    1.00     3   1709.00      0.00   89728   4040   0.10   2860.00   1640.00      0.00  sysbench
1565358435     0     25838    0.99    0.99    0.00    1.98     3    128.71      0.00   89728   4300   0.11   2118.81   2186.14      0.00  sysbench
1565358436     0     25838    0.00    3.00    0.00    3.00     3      0.00      0.00   89728   4300   0.11   8876.00   5528.00      0.00  sysbench
1565358437     0     25838    0.00    3.00    0.00    3.00     3      0.00      0.00   89728   4300   0.11   6064.00   4928.00      0.00  sysbench
1565358438     0     25838    0.00    1.98    0.00    1.98     3      1.98      0.00   89728   4300   0.11   3144.55   2736.63      0.00  sysbench
1565358439     0     25838    1.00    1.00    0.00    2.00     3      0.00      0.00   89728   4300   0.11   1700.00   2200.00      0.00  sysbench
1565358440     0     25838    0.00    1.00    0.00    1.00     3      0.00      0.00   89728   4300   0.11    428.00    544.00      0.00  sysbench
1565358441     0     25838    0.00    3.00    0.00    3.00     3      0.00      0.00   89728   4300   0.11   9244.00   5992.00      0.00  sysbench
1565358442     0     25838    1.00    4.00    0.00    5.00     3      0.00      0.00   89728   4300   0.11   8960.00   6656.00      0.00  sysbench
1565358443     0     25838    0.99    2.97    0.00    3.96     3      0.00      0.00   89728   4300   0.11   4681.19   5473.27      0.00  sysbench
1565358444     0     25838    0.00    0.99    0.00    0.99     3      0.00      0.00   89728   4300   0.11   3619.80   3271.29      0.00  sysbench
1565358445     0     25990    0.99    1.98    0.00    2.97     1   1707.92      0.99   89728   4040   0.10   5398.02   5132.67      0.00  sysbench
1565358446     0     25990    0.00    4.95    0.00    4.95     1    108.91      0.00   89728   4300   0.11   8851.49  10031.68      0.00  sysbench
1565358447     0     25990    1.00    4.00    0.00    5.00     1      1.00      0.00   89728   4300   0.11   7548.00   7920.00      0.00  sysbench
1565358448     0     25990    0.99    4.95    0.00    5.94     1      0.00      0.00   89728   4300   0.11   7500.99  10653.47      0.00  sysbench
1565358449     0     25990    1.00    5.00    0.00    6.00     1      0.00      0.00   89728   4300   0.11   6484.00   9348.00      0.00  sysbench
1565358450     0     25990    0.00    4.00    0.00    4.00     1      0.00      0.00   89728   4300   0.11   4040.00   9336.00      0.00  sysbench
1565358451     0     25990    1.00    3.00    0.00    4.00     1      0.00      0.00   89728   4300   0.11   1568.00   6064.00      0.00  sysbench
1565358452     0     25990    0.00    3.96    0.00    3.96     1      0.00      0.00   89728   4300   0.11   3603.96   7013.86      0.00  sysbench
1565358453     0     25990    0.99    1.98    0.00    2.97     1      0.00      0.00   89728   4300   0.11   1611.88   3813.86      0.00  sysbench
1565358454     0     25990    0.00    2.97    0.00    2.97     1      0.00      0.00   89728   4300   0.11   2621.78   7061.39      0.00  sysbench
1565358455     0     26142    0.00    2.00    0.00    2.00     2   1701.00     22.00   89728   4036   0.10  10132.00   4376.00      0.00  sysbench
1565358456     0     26142    0.00    3.00    0.00    3.00     2    117.00      0.00   89728   4296   0.11   1320.00   5488.00      0.00  sysbench
1565358457     0     26142    1.00    2.00    0.00    3.00     2      0.00      0.00   89728   4296   0.11   2372.00   3256.00      0.00  sysbench
1565358458     0     26142    0.00    0.00    0.00    0.00     2      0.00      0.00   89728   4296   0.11    384.00    548.00      0.00  sysbench
1565358459     0     26142    0.00    1.00    0.00    1.00     2      0.00      0.00   89728   4296   0.11    248.00    536.00      0.00  sysbench
1565358460     0     26142    0.99    1.98    0.00    2.97     2      0.99      0.00   89728   4296   0.11   1180.20   3219.80      0.00  sysbench
1565358461     0     26142    0.00    0.00    0.00    0.00     2      0.00      0.00   89728   4296   0.11     40.00    556.00      0.00  sysbench
1565358462     0     26142    0.00    1.00    0.00    1.00     2      0.00      0.00   89728   4296   0.11     20.00    576.00      0.00  sysbench
1565358463     0     26142    1.00    1.00    0.00    2.00     2      0.00      0.00   89728   4296   0.11   1044.00   3872.00      0.00  sysbench
1565358464     0     26142    0.00    3.00    0.00    3.00     2      0.00      0.00   89728   4296   0.11   2760.00   6060.00      0.00  sysbench
1565358465     0     26247    0.00   17.00    0.00   17.00     2   1330.00      0.00   89592   3512   0.09      0.00      0.00      0.00  sysbench

1565358373     0     25037    0.99    6.93    0.00    7.92     1    244.55      0.00   89728   4296   0.11  36625.74  11798.02      0.00  sysbench
1565358374     0     25037    0.00    7.00    0.00    7.00     1      1.00      0.00   89728   4296   0.11  27508.00  10136.00      0.00  sysbench
1565358375     0     25037    1.00    6.00    0.00    7.00     1      0.00      0.00   89728   4296   0.11  24932.00  10128.00      0.00  sysbench
1565358376     0     25037    0.00    5.94    0.00    5.94     1      0.00      0.00   89728   4296   0.11  27421.78  11425.74      0.00  sysbench
1565358377     0     25037    2.00    6.00    0.00    8.00     1      0.00      0.00   89728   4296   0.11  26968.00  10500.00      0.00  sysbench
1565358379     0     25037    0.00    0.00    0.00    0.00     1      0.99      0.00   89728   4296   0.11   1370.30   1077.23      0.00  sysbench
1565358379     0     25037    0.00    1.00    0.00    1.00     1      0.00      0.00   89728   4296   0.11   2648.00   1712.00      0.00  sysbench
1565358380     0     25037    1.00    5.00    0.00    6.00     1      0.00      0.00   89728   4296   0.11  18796.00   7116.00      0.00  sysbench
1565358381     0     25037    0.00    4.00    0.00    4.00     1      0.00      0.00   89728   4296   0.11  17236.00   7512.00      0.00  sysbench
1565358383     0     25188    0.00    1.00    0.00    1.00     0   1834.00      0.00   89728   4296   0.11   4680.00   1964.00      0.00  sysbench
1565358384     0     25188    0.00    1.00    0.00    1.00     0      0.00      0.00   89728   4296   0.11   1216.00    488.00      0.00  sysbench
1565358385     0     25188    1.00    4.00    0.00    5.00     0      3.00      0.00   89728   4296   0.11  12844.00   8552.00      0.00  sysbench
1565358386     0     25188    0.00    5.00    0.00    5.00     0      1.00      0.00   89728   4296   0.11  16096.00   6508.00      0.00  sysbench
1565358387     0     25188    0.00    4.00    0.00    4.00     0      0.00      0.00   89728   4296   0.11  14184.00   7160.00      0.00  sysbench
1565358388     0     25188    1.00    2.00    0.00    3.00     0      0.00      0.00   89728   4296   0.11   6576.00   3264.00      0.00  sysbench
1565358389     0     25188    0.00    2.00    0.00    2.00     0      0.00      0.00   89728   4296   0.11   4892.00   3256.00      0.00  sysbench
1565358390     0     25188    0.99    2.97    0.00    3.96     0      0.00      0.00   89728   4296   0.11   9944.55   5932.67      0.00  sysbench
1565358391     0     25188    0.00    4.00    0.00    4.00     0      0.00      0.00   89728   4296   0.11  12412.00   7052.00      0.00  sysbench
1565358392     0     25188    1.00    0.00    0.00    1.00     0      0.00      0.00   89728   4296   0.11   4240.00   1620.00      0.00  sysbench
1565358393     0     25324    1.00    3.00    0.00    4.00     1   1731.00      0.00   89728   4036   0.10  13996.00   6056.00      0.00  sysbench
1565358394     0     25324    0.00    2.97    0.00    2.97     1    108.91      0.00   89728   4296   0.11   8788.12   5425.74      0.00  sysbench
1565358395     0     25324    0.00    3.00    0.00    3.00     1      1.00      0.00   89728   4296   0.11   6600.00   4932.00      0.00  sysbench
1565358396     0     25324    1.00    3.00    0.00    4.00     1      0.00      0.00   89728   4296   0.11   7640.00   6080.00      0.00  sysbench
1565358397     0     25324    0.00    0.00    0.00    0.00     1      0.00      0.00   89728   4296   0.11   1704.00   1116.00      0.00  sysbench
1565358398     0     25324    1.00    2.00    0.00    3.00     1      0.00      0.00   89728   4296   0.11   4856.00   3944.00      0.00  sysbench
1565358399     0     25324    1.00    5.00    0.00    6.00     1      0.00      0.00   89728   4296   0.11  14852.00   9788.00      0.00  sysbench
1565358400     0     25324    0.00    6.00    0.00    6.00     1      0.00      0.00   89728   4296   0.11  22600.00  11184.00      0.00  sysbench
1565358401     0     25324    0.99    5.94    0.00    6.93     1      0.00      0.00   89728   4296   0.11  17754.46  11801.98      0.00  sysbench
1565358402     0     25324    1.00    5.00    0.00    6.00     1      0.00      0.00   89728   4296   0.11  16444.00  10368.00      0.00  sysbench
1565358403     0     25461    0.00    3.00    0.00    3.00     1   1744.00      0.00   89728   4036   0.10   7384.00   5536.00      0.00  sysbench
1565358404     0     25461    0.99    2.97    0.00    3.96     1     95.05      0.00   89728   4296   0.11   5992.08   6003.96      0.00  sysbench
1565358405     0     25461    0.00    1.00    0.00    1.00     1      2.00      0.00   89728   4296   0.11   5044.00   3824.00      0.00  sysbench
1565358406     0     25461    1.00    2.00    0.00    3.00     1      0.00      0.00   89728   4296   0.11   4264.00   3852.00      0.00  sysbench
1565358407     0     25461    0.00    3.00    0.00    3.00     1      0.00      0.00   89728   4296   0.11   5564.00   4940.00      0.00  sysbench
1565358409     0     25461    0.98    0.98    0.00    1.96     1      0.00      0.00   89728   4296   0.11   1384.31   1086.27      0.00  sysbench
1565358410     0     25461    0.00    1.00    0.00    1.00     1      0.00      0.00   89728   4296   0.11   1132.00    556.00      0.00  sysbench
1565358411     0     25461    0.00    1.00    0.00    1.00     1      0.00      0.00   89728   4296   0.11   1680.00   1080.00      0.00  sysbench
1565358411     0     25461    0.00    1.00    0.00    1.00     1      0.00      0.00   89728   4296   0.11   1380.00    544.00      0.00  sysbench
1565358412     0     25461    0.00    3.00    0.00    3.00     1      0.00      0.00   89728   4296   0.11   6748.00   4940.00      0.00  sysbench
1565358413     0     25551    0.00    1.98    0.00    1.98     0   1709.90      0.00   89728   4036   0.10   7124.75   4332.67      0.00  sysbench
1565358414     0     25551    1.00    5.00    0.00    6.00     0    114.00      0.00   89728   4296   0.11  16100.00   9832.00      0.00  sysbench
1565358415     0     25551    1.00    5.00    0.00    6.00     0      0.00      0.00   89728   4296   0.11  16244.00   9380.00      0.00  sysbench
1565358416     0     25551    1.00    5.00    0.00    6.00     0      0.00      0.00   89728   4296   0.11  10988.00  10948.00      0.00  sysbench
1565358417     0     25551    0.00    5.00    0.00    5.00     0      1.00      0.00   89728   4296   0.11  11460.00  10500.00      0.00  sysbench
1565358418     0     25551    1.00    3.00    0.00    4.00     0      0.00      0.00   89728   4296   0.11   6732.00   5516.00      0.00  sysbench
1565358419     0     25551    0.00    3.96    0.00    3.96     0      0.00      0.00   89728   4296   0.11   8344.55   7615.84      0.00  sysbench
1565358420     0     25551    1.00    4.00    0.00    5.00     0      0.00      0.00   89728   4296   0.11   8368.00   8756.00      0.00  sysbench
1565358421     0     25551    1.00    5.00    0.00    6.00     0      0.00      0.00   89728   4296   0.11   9784.00  11304.00      0.00  sysbench
1565358422     0     25551    0.00    4.00    0.00    4.00     0      0.00      0.00   89728   4296   0.11   7844.00   8440.00      0.00  sysbench
1565358424     0     25717    0.00    0.00    0.00    0.00     0   1649.50      0.00   89728   3772   0.10    419.80    546.53      0.00  sysbench
1565358424     0     25717    1.00    2.00    0.00    3.00     0    172.00      0.00   89728   4296   0.11   3860.00   3296.00      0.00  sysbench
1565358425     0     25717    0.00    5.00    0.00    5.00     0      1.00      0.00   89728   4296   0.11  10484.00   8732.00      0.00  sysbench
1565358426     0     25717    1.00    3.00    0.00    4.00     0      0.00      0.00   89728   4296   0.11   4568.00   5520.00      0.00  sysbench
1565358427     0     25717    0.00    2.00    0.00    2.00     0      0.00      0.00   89728   4296   0.11   3516.00   4392.00      0.00  sysbench
1565358428     0     25717    0.00    2.00    0.00    2.00     0      0.00      0.00   89728   4296   0.11   3248.00   3268.00      0.00  sysbench
1565358429     0     25717    0.99    1.98    0.00    2.97     0      0.00      0.00   89728   4296   0.11   2899.01   3762.38      0.00  sysbench
1565358431     0     25717    0.00    0.00    0.00    0.00     0      0.00      0.00   89728   4296   0.11   1204.00   1092.00      0.00  sysbench
1565358432     0     25717    0.00    1.00    0.00    1.00     0      0.00      0.00   89728   4296   0.11    364.00    568.00      0.00  sysbench
1565358432     0     25717    0.00    1.00    0.00    1.00     0      0.00      0.00   89728   4296   0.11    780.00   1064.00      0.00  sysbench
1565358433     0     25838    0.00    0.99    0.00    0.99     3   1691.09      0.00   89728   4040   0.10   2831.68   1623.76      0.00  sysbench
1565358434     0     25838    1.00    1.00    0.00    2.00     3    131.00      0.00   89728   4300   0.11   2140.00   2208.00      0.00  sysbench
1565358435     0     25838    0.00    3.00    0.00    3.00     3      0.00      0.00   89728   4300   0.11   8876.00   5528.00      0.00  sysbench
1565358437     0     25838    0.00    2.97    0.00    2.97     3      0.00      0.00   89728   4300   0.11   6003.96   4879.21      0.00  sysbench
1565358437     0     25838    0.00    2.00    0.00    2.00     3      2.00      0.00   89728   4300   0.11   3176.00   2764.00      0.00  sysbench
1565358439     0     25838    1.00    1.00    0.00    2.00     3      0.00      0.00   89728   4300   0.11   1700.00   2200.00      0.00  sysbench
1565358439     0     25838    0.00    1.00    0.00    1.00     3      0.00      0.00   89728   4300   0.11    428.00    544.00      0.00  sysbench
1565358440     0     25838    0.00    3.00    0.00    3.00     3      0.00      0.00   89728   4300   0.11   9244.00   5992.00      0.00  sysbench
1565358442     0     25838    0.99    3.96    0.00    4.95     3      0.00      0.00   89728   4300   0.11   8871.29   6590.10      0.00  sysbench
1565358443     0     25838    1.00    3.00    0.00    4.00     3      0.00      0.00   89728   4300   0.11   4728.00   5528.00      0.00  sysbench
1565358444     0     25838    0.00    1.00    0.00    1.00     3      0.00      0.00   89728   4300   0.11   3656.00   3304.00      0.00  sysbench
1565358445     0     25990    1.00    2.00    0.00    3.00     1   1723.00      1.00   89728   4040   0.10   5252.00   4872.00      0.00  sysbench
1565358446     0     25990    0.00    4.95    0.00    4.95     1    110.89      0.00   89728   4300   0.11   9049.50  10340.59      0.00  sysbench
1565358447     0     25990    1.00    4.00    0.00    5.00     1      1.00      0.00   89728   4300   0.11   7316.00   7672.00      0.00  sysbench
1565358448     0     25990    1.00    5.00    0.00    6.00     1      0.00      0.00   89728   4300   0.11   7808.00  11008.00      0.00  sysbench
1565358449     0     25990    1.00    5.00    0.00    6.00     1      0.00      0.00   89728   4300   0.11   6484.00   9348.00      0.00  sysbench
1565358450     0     25990    0.00    4.00    0.00    4.00     1      0.00      0.00   89728   4300   0.11   4040.00   9336.00      0.00  sysbench
1565358451     0     25990    1.00    3.00    0.00    4.00     1      0.00      0.00   89728   4300   0.11   1568.00   6064.00      0.00  sysbench
1565358452     0     25990    0.00    3.00    0.00    3.00     1      0.00      0.00   89728   4300   0.11   3036.00   6548.00      0.00  sysbench
1565358453     0     25990    1.00    3.00    0.00    4.00     1      0.00      0.00   89728   4300   0.11   2060.00   3840.00      0.00  sysbench
1565358454     0     25990    0.00    2.97    0.00    2.97     1      0.00      0.00   89728   4300   0.11   2792.08   7603.96      0.00  sysbench
1565358455     0     26142    0.00    2.00    0.00    2.00     2   1700.00     22.00   89728   4036   0.10  10132.00   4376.00      0.00  sysbench
1565358456     0     26142    0.00    3.00    0.00    3.00     2    118.00      0.00   89728   4296   0.11   1320.00   5488.00      0.00  sysbench
1565358457     0     26142    1.00    2.00    0.00    3.00     2      0.00      0.00   89728   4296   0.11   2372.00   3256.00      0.00  sysbench
1565358458     0     26142    0.00    0.00    0.00    0.00     2      0.00      0.00   89728   4296   0.11    380.20    542.57      0.00  sysbench
1565358459     0     26142    0.00    0.99    0.00    0.99     2      0.00      0.00   89728   4296   0.11    245.54    530.69      0.00  sysbench
1565358460     0     26142    1.00    2.00    0.00    3.00     2      1.00      0.00   89728   4296   0.11   1192.00   3252.00      0.00  sysbench
1565358461     0     26142    0.00    0.00    0.00    0.00     2      0.00      0.00   89728   4296   0.11     40.00    556.00      0.00  sysbench
1565358462     0     26142    0.00    0.99    0.00    0.99     2      0.00      0.00   89728   4296   0.11     19.80    570.30      0.00  sysbench
1565358463     0     26142    1.00    1.00    0.00    2.00     2      0.00      0.00   89728   4296   0.11    748.00   3328.00      0.00  sysbench
1565358464     0     26142    0.00    3.00    0.00    3.00     2      0.00      0.00   89728   4296   0.11   3048.00   6052.00      0.00  sysbench
1565358465     0     26247    0.00   15.69    0.00   15.69     2   1303.92      0.00   89592   3512   0.09      0.00      0.00      0.00  sysbench

1565358384     0     25188    0.00    1.89    0.00    1.89     0    215.09      0.00   89728   4296   0.11   4883.02   1916.98      0.00  sysbench
1565358385     0     25188    0.00    0.00    0.00    0.00     0      1.00      0.00   89728   4296   0.11   1108.00    552.00      0.00  sysbench
1565358386     0     25188    0.99    4.95    0.00    5.94     0      2.97      0.00   89728   4296   0.11  14293.07   9239.60      0.00  sysbench
1565358387     0     25188    0.00    4.00    0.00    4.00     0      0.00      0.00   89728   4296   0.11  16320.00   6524.00      0.00  sysbench
1565358388     0     25188    1.00    4.00    0.00    5.00     0      0.00      0.00   89728   4296   0.11  12792.00   6544.00      0.00  sysbench
1565358389     0     25188    0.00    2.00    0.00    2.00     0      0.00      0.00   89728   4296   0.11   5740.00   2748.00      0.00  sysbench
1565358390     0     25188    0.00    2.00    0.00    2.00     0      0.00      0.00   89728   4296   0.11   5788.00   3808.00      0.00  sysbench
1565358391     0     25188    0.99    2.97    0.00    3.96     0      0.00      0.00   89728   4296   0.11   9512.87   6035.64      0.00  sysbench
1565358392     0     25188    0.99    3.96    0.00    4.95     0      0.00      0.00   89728   4296   0.11  11833.66   6332.67      0.00  sysbench
1565358393     0     25324    0.00    0.00    0.00    0.00     1   1637.00      0.00   89728   3772   0.10    504.00    552.00      0.00  sysbench
1565358394     0     25324    1.00    3.00    0.00    4.00     1    202.00      0.00   89728   4296   0.11  13892.00   6036.00      0.00  sysbench
1565358395     0     25324    0.00    4.00    0.00    4.00     1      3.00      0.00   89728   4296   0.11   9440.00   5488.00      0.00  sysbench
1565358396     0     25324    1.00    2.00    0.00    3.00     1      0.00      0.00   89728   4296   0.11   6312.00   4940.00      0.00  sysbench
1565358397     0     25324    0.00    3.00    0.00    3.00     1      0.00      0.00   89728   4296   0.11   7632.00   6084.00      0.00  sysbench
1565358398     0     25324    1.00    0.00    0.00    1.00     1      0.00      0.00   89728   4296   0.11   1036.00    564.00      0.00  sysbench
1565358399     0     25324    0.00    2.97    0.00    2.97     1      0.00      0.00   89728   4296   0.11   6760.40   4986.14      0.00  sysbench
1565358400     0     25324    1.00    5.00    0.00    6.00     1      0.00      0.00   89728   4296   0.11  16016.00  10368.00      0.00  sysbench
1565358401     0     25324    0.00    6.00    0.00    6.00     1      0.00      0.00   89728   4296   0.11  22256.00  11596.00      0.00  sysbench
1565358402     0     25324    1.00    5.00    0.00    6.00     1      0.00      0.00   89728   4296   0.11  17608.00  11132.00      0.00  sysbench
1565358403     0     25461    0.00    0.00    0.00    0.00     1   1601.00      0.00   89728   3512   0.09    692.00    176.00      0.00  sysbench
1565358404     0     25461    0.00    2.97    0.00    2.97     1    236.63      0.00   89728   4296   0.11   6625.74   5306.93      0.00  sysbench
1565358405     0     25461    1.00    3.00    0.00    4.00     1      2.00      0.00   89728   4296   0.11   7560.00   7180.00      0.00  sysbench
1565358406     0     25461    0.99    1.98    0.00    2.97     1      0.00      0.00   89728   4296   0.11   4376.24   3239.60      0.00  sysbench
1565358407     0     25461    0.00    2.00    0.00    2.00     1      0.00      0.00   89728   4296   0.11   4736.00   4384.00      0.00  sysbench
1565358408     0     25461    1.00    2.00    0.00    3.00     1      0.00      0.00   89728   4296   0.11   4208.00   3844.00      0.00  sysbench
1565358409     0     25461    0.00    1.00    0.00    1.00     1      0.00      0.00   89728   4296   0.11   1412.00   1108.00      0.00  sysbench
1565358410     0     25461    0.00    0.99    0.00    0.99     1      0.00      0.00   89728   4296   0.11   1120.79    550.50      0.00  sysbench
1565358411     0     25461    0.00    1.00    0.00    1.00     1      0.00      0.00   89728   4296   0.11   1680.00   1080.00      0.00  sysbench
1565358412     0     25461    0.00    1.00    0.00    1.00     1      0.00      0.00   89728   4296   0.11   1380.00    544.00      0.00  sysbench
1565358413     0     25461    0.00    4.00    0.00    4.00     1      0.00      0.00   89728   4296   0.11   8912.00   6464.00      0.00  sysbench
1565358414     0     25551    0.00    1.96    0.00    1.96     0   1698.04      0.00   89728   4036   0.10   7513.73   4843.14      0.00  sysbench
1565358415     0     25551    0.99    5.94    0.00    6.93     0    107.92      0.00   89728   4296   0.11  17746.53  10281.19      0.00  sysbench
1565358416     0     25551    1.98    4.95    0.00    6.93     0      0.00      0.00   89728   4296   0.11  14899.01   9833.66      0.00  sysbench
1565358417     0     25551    0.00    5.00    0.00    5.00     0      0.00      0.00   89728   4296   0.11  11708.00  11504.00      0.00  sysbench
1565358418     0     25551    1.00    5.00    0.00    6.00     0      1.00      0.00   89728   4296   0.11  11528.00   9956.00      0.00  sysbench
1565358419     0     25551    0.00    3.00    0.00    3.00     0      0.00      0.00   89728   4296   0.11   6604.00   5504.00      0.00  sysbench
1565358420     0     25551    0.00    4.00    0.00    4.00     0      0.00      0.00   89728   4296   0.11   9176.00   8192.00      0.00  sysbench
1565358421     0     25551    1.00    3.00    0.00    4.00     0      0.00      0.00   89728   4296   0.11   6740.00   8192.00      0.00  sysbench
1565358422     0     25551    0.99    5.94    0.00    6.93     0      0.00      0.00   89728   4296   0.11   9370.30  10887.13      0.00  sysbench
1565358423     0     25551    1.00    4.00    0.00    5.00     0      0.00      0.00   89728   4296   0.11   9736.00   8796.00      0.00  sysbench
1565358424     0     25717    0.00    0.00    0.00    0.00     0   1711.00      0.00   89728   4036   0.10   1004.00   1080.00      0.00  sysbench
1565358425     0     25717    1.00    3.00    0.00    4.00     0    127.00      0.00   89728   4296   0.11   4756.00   4412.00      0.00  sysbench
1565358426     0     25717    0.00    4.95    0.00    4.95     0      0.99      0.00   89728   4296   0.11  10368.32   8685.15      0.00  sysbench
1565358427     0     25717    1.00    3.00    0.00    4.00     0      0.00      0.00   89728   4296   0.11   5200.00   5484.00      0.00  sysbench
1565358428     0     25717    0.00    2.00    0.00    2.00     0      0.00      0.00   89728   4296   0.11   2912.00   3816.00      0.00  sysbench
1565358429     0     25717    0.00    2.00    0.00    2.00     0      0.00      0.00   89728   4296   0.11   3184.00   4060.00      0.00  sysbench
1565358430     0     25717    0.99    0.99    0.00    1.98     0      0.00      0.00   89728   4296   0.11   1485.15   1916.83      0.00  sysbench
1565358431     0     25717    0.00    0.99    0.00    0.99     0      0.00      0.00   89728   4296   0.11   1192.08   1081.19      0.00  sysbench
1565358432     0     25717    0.00    0.00    0.00    0.00     0      0.00      0.00   89728   4296   0.11    364.00    568.00      0.00  sysbench
1565358433     0     25717    0.00    1.00    0.00    1.00     0      0.00      0.00   89728   4296   0.11    780.00   1064.00      0.00  sysbench
1565358434     0     25838    0.00    1.00    0.00    1.00     3   1715.00      0.00   89728   4040   0.10   3376.00   2196.00      0.00  sysbench
1565358435     0     25838    1.00    2.00    0.00    3.00     3    124.00      0.00   89728   4300   0.11   3440.00   3292.00      0.00  sysbench
1565358436     0     25838    0.00    3.00    0.00    3.00     3      0.00      0.00   89728   4300   0.11   9024.00   6104.00      0.00  sysbench
1565358437     0     25838    0.00    3.00    0.00    3.00     3      0.00      0.00   89728   4300   0.11   5312.00   3828.00      0.00  sysbench
1565358438     0     25838    1.00    1.00    0.00    2.00     3      2.00      0.00   89728   4300   0.11   2600.00   2760.00      0.00  sysbench
1565358439     0     25838    0.00    0.99    0.00    0.99     3      0.00      0.00   89728   4300   0.11   1053.47   1077.23      0.00  sysbench
1565358440     0     25838    0.00    1.00    0.00    1.00     3      0.00      0.00   89728   4300   0.11   1696.00   1648.00      0.00  sysbench
1565358441     0     25838    0.00    4.00    0.00    4.00     3      0.00      0.00   89728   4300   0.11   9444.00   6548.00      0.00  sysbench
1565358442     0     25838    1.00    4.00    0.00    5.00     3      0.00      0.00   89728   4300   0.11   9136.00   6640.00      0.00  sysbench
1565358443     0     25838    1.00    2.00    0.00    3.00     3      0.00      0.00   89728   4300   0.11   4432.00   4440.00      0.00  sysbench
1565358444     0     25838    0.00    2.00    0.00    2.00     3      0.00      0.00   89728   4300   0.11   2308.00   2748.00      0.00  sysbench
1565358445     0     25990    1.00    3.00    0.00    4.00     1   1729.00      1.00   89728   4040   0.10   6868.00   5964.00      0.00  sysbench
1565358446     0     25990    0.00    4.00    0.00    4.00     1    106.00      0.00   89728   4300   0.11   7524.00   9352.00      0.00  sysbench
1565358447     0     25990    1.00    6.00    0.00    7.00     1      1.00      0.00   89728   4300   0.11  10848.00   9832.00      0.00  sysbench
1565358448     0     25990    1.00    4.00    0.00    5.00     1      0.00      0.00   89728   4300   0.11   4896.00   9948.00      0.00  sysbench
1565358449     0     25990    1.00    4.00    0.00    5.00     1      0.00      0.00   89728   4300   0.11   6232.00   9364.00      0.00  sysbench
1565358450     0     25990    0.00    4.95    0.00    4.95     1      0.00      0.00   89728   4300   0.11   4102.97   9655.45      0.00  sysbench
1565358451     0     25990    0.99    1.98    0.00    2.97     1      0.00      0.00   89728   4300   0.11   1295.05   5033.66      0.00  sysbench
1565358452     0     25990    0.00    4.00    0.00    4.00     1      0.00      0.00   89728   4300   0.11   3428.00   6532.00      0.00  sysbench
1565358453     0     25990    0.99    1.98    0.00    2.97     1      0.00      0.00   89728   4300   0.11   2190.10   4902.97      0.00  sysbench
1565358454     0     25990    0.00    4.00    0.00    4.00     1      0.00      0.00   89728   4300   0.11   2720.00   7676.00      0.00  sysbench
1565358455     0     26142    0.00    3.00    0.00    3.00     2   1705.00     22.00   89728   4036   0.10  10216.00   6044.00      0.00  sysbench
1565358456     0     26142    0.00    3.00    0.00    3.00     2    113.00      0.00   89728   4296   0.11   2464.00   5448.00      0.00  sysbench
1565358457     0     26142    1.00    1.00    0.00    2.00     2      0.00      0.00   89728   4296   0.11   1144.00   1628.00      0.00  sysbench
1565358458     0     26142    0.00    0.00    0.00    0.00     2      0.00      0.00   89728   4296   0.11    384.00    548.00      0.00  sysbench
1565358459     0     26142    0.00    2.00    0.00    2.00     2      0.00      0.00   89728   4296   0.11    932.00   2160.00      0.00  sysbench
1565358460     0     26142    0.99    0.99    0.00    1.98     2      0.99      0.00   89728   4296   0.11    502.97   1611.88      0.00  sysbench
1565358461     0     26142    0.00    0.00    0.00    0.00     2      0.00      0.00   89728   4296   0.11     39.60    550.50      0.00  sysbench
1565358462     0     26142    0.00    0.99    0.00    0.99     2      0.00      0.00   89728   4296   0.11     19.80    570.30      0.00  sysbench
1565358463     0     26142    1.00    3.00    0.00    4.00     2      0.00      0.00   89728   4296   0.11   2104.00   6072.00      0.00  sysbench
1565358464     0     26142    0.00    2.00    0.00    2.00     2      0.00      0.00   89728   4296   0.11   1776.00   4972.00      0.00  sysbench
1565358465     0     26247    0.00   23.00    0.00   23.00     3   1330.00      0.00   89592   3512   0.09      0.00      0.00      0.00  sysbench

1565358394     0     25324    0.92    3.67    0.00    4.59     1    183.49      0.00   89728   4296   0.11  12902.75   5677.06      0.00  sysbench
1565358395     0     25324    0.00    3.00    0.00    3.00     1      3.00      0.00   89728   4296   0.11   9268.00   5336.00      0.00  sysbench
1565358396     0     25324    0.99    1.98    0.00    2.97     1      0.00      0.00   89728   4296   0.11   6249.50   4891.09      0.00  sysbench
1565358397     0     25324    0.00    3.00    0.00    3.00     1      0.00      0.00   89728   4296   0.11   7632.00   6084.00      0.00  sysbench
1565358398     0     25324    1.00    0.00    0.00    1.00     1      0.00      0.00   89728   4296   0.11   1036.00    564.00      0.00  sysbench
1565358399     0     25324    0.00    3.00    0.00    3.00     1      0.00      0.00   89728   4296   0.11   7784.00   5572.00      0.00  sysbench
1565358400     0     25324    1.00    5.00    0.00    6.00     1      0.00      0.00   89728   4296   0.11  15276.00  10372.00      0.00  sysbench
1565358401     0     25324    1.00    6.00    0.00    7.00     1      0.00      0.00   89728   4296   0.11  22296.00  11600.00      0.00  sysbench
1565358402     0     25324    1.00    6.00    0.00    7.00     1      0.00      0.00   89728   4296   0.11  18432.00  11468.00      0.00  sysbench
1565358403     0     25461    0.00    0.00    0.00    0.00     1   1692.00      0.00   89728   3772   0.10   1112.00    728.00      0.00  sysbench
1565358404     0     25461    0.00    3.00    0.00    3.00     1    148.00      0.00   89728   4296   0.11   6272.00   4808.00      0.00  sysbench
1565358405     0     25461    1.00    3.00    0.00    4.00     1      2.00      0.00   89728   4296   0.11   7560.00   7180.00      0.00  sysbench
1565358406     0     25461    0.99    1.98    0.00    2.97     1      0.00      0.00   89728   4296   0.11   5136.63   3695.05      0.00  sysbench
1565358407     0     25461    0.00    2.00    0.00    2.00     1      0.00      0.00   89728   4296   0.11   4176.00   4472.00      0.00  sysbench
1565358408     0     25461    1.00    3.00    0.00    4.00     1      0.00      0.00   89728   4296   0.11   5024.00   3836.00      0.00  sysbench
1565358409     0     25461    0.00    0.00    0.00    0.00     1      0.00      0.00   89728   4296   0.11    388.00    568.00      0.00  sysbench
1565358410     0     25461    0.00    0.99    0.00    0.99     1      0.00      0.00   89728   4296   0.11   1120.79    550.50      0.00  sysbench
1565358411     0     25461    0.00    1.00    0.00    1.00     1      0.00      0.00   89728   4296   0.11   1680.00   1080.00      0.00  sysbench
1565358412     0     25461    0.00    0.99    0.00    0.99     1      0.00      0.00   89728   4296   0.11   1366.34    538.61      0.00  sysbench
1565358413     0     25461    0.00    3.96    0.00    3.96     1      0.00      0.00   89728   4296   0.11   8823.76   6400.00      0.00  sysbench
1565358414     0     25551    0.00    3.00    0.00    3.00     0   1734.00      0.00   89728   4036   0.10   9148.00   5484.00      0.00  sysbench
1565358415     0     25551    1.00    5.00    0.00    6.00     0    107.00      0.00   89728   4296   0.11  17524.00  10364.00      0.00  sysbench
1565358416     0     25551    2.00    5.00    0.00    7.00     0      0.00      0.00   89728   4296   0.11  13964.00   9408.00      0.00  sysbench
1565358417     0     25551    0.00    5.00    0.00    5.00     0      0.00      0.00   89728   4296   0.11  11708.00  11504.00      0.00  sysbench
1565358418     0     25551    1.00    5.00    0.00    6.00     0      1.00      0.00   89728   4296   0.11  11984.00  10508.00      0.00  sysbench
1565358419     0     25551    0.00    2.97    0.00    2.97     0      0.00      0.00   89728   4296   0.11   6087.13   4902.97      0.00  sysbench
1565358420     0     25551    0.00    4.00    0.00    4.00     0      0.00      0.00   89728   4296   0.11   9884.00   8724.00      0.00  sysbench
1565358421     0     25551    1.00    4.00    0.00    5.00     0      0.00      0.00   89728   4296   0.11   6672.00   8208.00      0.00  sysbench
1565358422     0     25551    1.00    5.00    0.00    6.00     0      0.00      0.00   89728   4296   0.11   8824.00  10448.00      0.00  sysbench
1565358423     0     25551    0.99    3.96    0.00    4.95     0      0.00      0.00   89728   4296   0.11   9639.60   8708.91      0.00  sysbench
1565358424     0     25717    0.00    0.00    0.00    0.00     0   1712.00      0.00   89728   4036   0.10   1060.00   1108.00      0.00  sysbench
1565358425     0     25717    1.00    3.00    0.00    4.00     0    126.00      0.00   89728   4296   0.11   5384.00   4916.00      0.00  sysbench
1565358426     0     25717    0.00    5.00    0.00    5.00     0      1.00      0.00   89728   4296   0.11   9804.00   8272.00      0.00  sysbench
1565358427     0     25717    0.99    2.97    0.00    3.96     0      0.00      0.00   89728   4296   0.11   5132.67   5398.02      0.00  sysbench
1565358428     0     25717    0.00    2.00    0.00    2.00     0      0.00      0.00   89728   4296   0.11   2912.00   3816.00      0.00  sysbench
1565358429     0     25717    0.00    1.98    0.00    1.98     0      0.00      0.00   89728   4296   0.11   3259.41   4304.95      0.00  sysbench
1565358430     0     25717    1.00    1.00    0.00    2.00     0      0.00      0.00   89728   4296   0.11   1392.00   1648.00      0.00  sysbench
1565358431     0     25717    0.00    1.00    0.00    1.00     0      0.00      0.00   89728   4296   0.11   1204.00   1092.00      0.00  sysbench
1565358432     0     25717    0.00    0.00    0.00    0.00     0      0.00      0.00   89728   4296   0.11    364.00    568.00      0.00  sysbench
1565358433     0     25717    0.00    0.99    0.00    0.99     0      0.00      0.00   89728   4296   0.11    772.28   1053.47      0.00  sysbench
1565358434     0     25838    0.00    1.00    0.00    1.00     3   1718.00      0.00   89728   4040   0.10   3376.00   2196.00      0.00  sysbench
1565358435     0     25838    1.00    2.00    0.00    3.00     3    121.00      0.00   89728   4300   0.11   3440.00   3292.00      0.00  sysbench
1565358436     0     25838    0.00    2.97    0.00    2.97     3      0.00      0.00   89728   4300   0.11   8934.65   6043.56      0.00  sysbench
1565358437     0     25838    0.00    2.97    0.00    2.97     3      0.00      0.00   89728   4300   0.11   5263.37   3805.94      0.00  sysbench
1565358438     0     25838    0.99    1.98    0.00    2.97     3      1.98      0.00   89728   4300   0.11   2950.50   3255.45      0.00  sysbench
1565358439     0     25838    0.00    0.00    0.00    0.00     3      0.00      0.00   89728   4300   0.11    680.00    544.00      0.00  sysbench
1565358440     0     25838    0.00    2.00    0.00    2.00     3      0.00      0.00   89728   4300   0.11   3124.00   2744.00      0.00  sysbench
1565358441     0     25838    0.00    4.00    0.00    4.00     3      0.00      0.00   89728   4300   0.11   9500.00   6568.00      0.00  sysbench
1565358442     0     25838    1.00    3.00    0.00    4.00     3      0.00      0.00   89728   4300   0.11   8532.00   6632.00      0.00  sysbench
1565358443     0     25838    1.00    3.00    0.00    4.00     3      0.00      0.00   89728   4300   0.11   4260.00   3876.00      0.00  sysbench
1565358444     0     25990    0.00    0.00    0.00    0.00     1   1590.10      0.99   89728   3516   0.09    605.94    253.47      0.00  sysbench
1565358445     0     25990    1.00    4.00    0.00    5.00     1    229.00      0.00   89728   4300   0.11   7564.00   7344.00      0.00  sysbench
1565358446     0     25990    1.00    4.00    0.00    5.00     1      1.00      0.00   89728   4300   0.11   7064.00   8264.00      0.00  sysbench
1565358447     0     25990    1.00    5.00    0.00    6.00     1      0.00      0.00   89728   4300   0.11  10816.00  10696.00      0.00  sysbench
1565358448     0     25990    0.00    5.00    0.00    5.00     1      0.00      0.00   89728   4300   0.11   5292.00   9636.00      0.00  sysbench
1565358449     0     25990    1.00    4.00    0.00    5.00     1      0.00      0.00   89728   4300   0.11   5392.00   9372.00      0.00  sysbench
1565358450     0     25990    1.00    4.00    0.00    5.00     1      0.00      0.00   89728   4300   0.11   3856.00   9304.00      0.00  sysbench
1565358451     0     25990    0.00    2.97    0.00    2.97     1      0.00      0.00   89728   4300   0.11   1552.48   5489.11      0.00  sysbench
1565358452     0     25990    0.00    3.00    0.00    3.00     1      0.00      0.00   89728   4300   0.11   3084.00   5412.00      0.00  sysbench
1565358453     0     25990    1.00    3.00    0.00    4.00     1      0.00      0.00   89728   4300   0.11   2792.00   5484.00      0.00  sysbench
1565358454     0     25990    0.00    3.00    0.00    3.00     1      0.00      0.00   89728   4300   0.11   2140.00   7144.00      0.00  sysbench
1565358455     0     26142    0.00    2.97    0.00    2.97     2   1691.09     21.78   89728   4036   0.10  10344.55   6526.73      0.00  sysbench
1565358456     0     26142    0.00    3.00    0.00    3.00     2    110.00      0.00   89728   4296   0.11   2280.00   5440.00      0.00  sysbench
1565358457     0     26142    1.00    1.00    0.00    2.00     2      0.00      0.00   89728   4296   0.11   1096.00   1088.00      0.00  sysbench
1565358458     0     26142    0.00    0.00    0.00    0.00     2      0.00      0.00   89728   4296   0.11    384.00    548.00      0.00  sysbench
1565358459     0     26142    0.00    1.98    0.00    1.98     2      0.00      0.00   89728   4296   0.11   1330.69   3200.00      0.00  sysbench
1565358460     0     26142    0.99    0.99    0.00    1.98     2      0.99      0.00   89728   4296   0.11     95.05    550.50      0.00  sysbench
1565358461     0     26142    0.00    0.00    0.00    0.00     2      0.00      0.00   89728   4296   0.11     40.00    556.00      0.00  sysbench
1565358462     0     26142    0.00    1.00    0.00    1.00     2      0.00      0.00   89728   4296   0.11     20.00    576.00      0.00  sysbench
1565358463     0     26142    1.00    3.00    0.00    4.00     2      0.00      0.00   89728   4296   0.11   2684.00   6620.00      0.00  sysbench
1565358464     0     26142    1.00    3.00    0.00    4.00     2      0.00      0.00   89728   4296   0.11   1436.00   5532.00      0.00  sysbench
1565358465     0     26247    0.00   28.00    0.00   28.00     2   1330.00      0.00   89592   3512   0.09      0.00      0.00      0.00  sysbench

1565358404     0     25461    0.00    2.80    0.00    2.80     1    204.67      0.00   89728   4296   0.11   6123.36   4878.50      0.00  sysbench
1565358405     0     25461    1.00    3.00    0.00    4.00     1      2.00      0.00   89728   4296   0.11   7560.00   7180.00      0.00  sysbench
1565358406     0     25461    0.99    1.98    0.00    2.97     1      0.00      0.00   89728   4296   0.11   5005.94   3536.63      0.00  sysbench
1565358407     0     25461    0.00    2.00    0.00    2.00     1      0.00      0.00   89728   4296   0.11   4448.00   4916.00      0.00  sysbench
1565358408     0     25461    1.00    3.00    0.00    4.00     1      0.00      0.00   89728   4296   0.11   4884.00   3552.00      0.00  sysbench
1565358409     0     25461    0.00    0.00    0.00    0.00     1      0.00      0.00   89728   4296   0.11    384.16    562.38      0.00  sysbench
1565358410     0     25461    0.00    1.00    0.00    1.00     1      0.00      0.00   89728   4296   0.11   1132.00    556.00      0.00  sysbench
1565358411     0     25461    0.00    0.99    0.00    0.99     1      0.00      0.00   89728   4296   0.11   1663.37   1069.31      0.00  sysbench
1565358412     0     25461    0.00    1.00    0.00    1.00     1      0.00      0.00   89728   4296   0.11   1380.00    544.00      0.00  sysbench
1565358413     0     25461    0.00    4.00    0.00    4.00     1      0.00      0.00   89728   4296   0.11   8912.00   6464.00      0.00  sysbench
1565358414     0     25551    0.00    2.94    0.00    2.94     0   1700.00      0.00   89728   4036   0.10   8968.63   5376.47      0.00  sysbench
1565358415     0     25551    0.99    4.95    0.00    5.94     0    105.94      0.00   89728   4296   0.11  17350.50  10261.39      0.00  sysbench
1565358416     0     25551    2.00    5.00    0.00    7.00     0      0.00      0.00   89728   4296   0.11  13964.00   9408.00      0.00  sysbench
1565358417     0     25551    0.00    5.94    0.00    5.94     0      0.00      0.00   89728   4296   0.11  12114.85  11932.67      0.00  sysbench
1565358418     0     25551    1.00    4.00    0.00    5.00     0      1.00      0.00   89728   4296   0.11  11456.00   9960.00      0.00  sysbench
1565358419     0     25551    0.00    2.97    0.00    2.97     0      0.00      0.00   89728   4296   0.11   6087.13   4902.97      0.00  sysbench
1565358420     0     25551    0.00    4.00    0.00    4.00     0      0.00      0.00   89728   4296   0.11   9884.00   8724.00      0.00  sysbench
1565358421     0     25551    1.00    4.00    0.00    5.00     0      0.00      0.00   89728   4296   0.11   6672.00   8208.00      0.00  sysbench
1565358422     0     25551    1.00    5.00    0.00    6.00     0      0.00      0.00   89728   4296   0.11   8824.00  10448.00      0.00  sysbench
1565358423     0     25551    1.00    4.00    0.00    5.00     0      0.00      0.00   89728   4296   0.11   9736.00   8796.00      0.00  sysbench
1565358424     0     25717    0.00    0.00    0.00    0.00     0   1695.05      0.00   89728   4036   0.10   1049.50   1097.03      0.00  sysbench
1565358425     0     25717    1.00    3.00    0.00    4.00     0    126.00      0.00   89728   4296   0.11   5384.00   4916.00      0.00  sysbench
1565358426     0     25717    0.00    5.00    0.00    5.00     0      1.00      0.00   89728   4296   0.11   9812.00   8320.00      0.00  sysbench
1565358427     0     25717    1.00    3.00    0.00    4.00     0      0.00      0.00   89728   4296   0.11   5176.00   5404.00      0.00  sysbench
1565358428     0     25717    0.00    1.98    0.00    1.98     0      0.00      0.00   89728   4296   0.11   2883.17   3778.22      0.00  sysbench
1565358429     0     25717    0.00    2.00    0.00    2.00     0      0.00      0.00   89728   4296   0.11   3292.00   4348.00      0.00  sysbench
1565358430     0     25717    0.99    0.99    0.00    1.98     0      0.00      0.00   89728   4296   0.11   1528.71   1869.31      0.00  sysbench
1565358431     0     25717    0.00    1.00    0.00    1.00     0      0.00      0.00   89728   4296   0.11   1052.00    852.00      0.00  sysbench
1565358432     0     25717    0.00    0.00    0.00    0.00     0      0.00      0.00   89728   4296   0.11    364.00    568.00      0.00  sysbench
1565358433     0     25717    0.00    1.00    0.00    1.00     0      0.00      0.00   89728   4296   0.11    780.00   1064.00      0.00  sysbench
1565358434     0     25838    0.00    0.99    0.00    0.99     3   1701.98      0.00   89728   4040   0.10   3342.57   2174.26      0.00  sysbench
1565358435     0     25838    0.99    1.98    0.00    2.97     3    118.81      0.00   89728   4300   0.11   3405.94   3259.41      0.00  sysbench
1565358436     0     25838    0.00    3.00    0.00    3.00     3      0.00      0.00   89728   4300   0.11   9024.00   6104.00      0.00  sysbench
1565358437     0     25838    0.00    3.00    0.00    3.00     3      0.00      0.00   89728   4300   0.11   5312.00   3828.00      0.00  sysbench
1565358438     0     25838    1.00    2.00    0.00    3.00     3      2.00      0.00   89728   4300   0.11   2984.00   3304.00      0.00  sysbench
1565358439     0     25838    0.00    0.00    0.00    0.00     3      0.00      0.00   89728   4300   0.11    673.27    538.61      0.00  sysbench
1565358440     0     25838    0.00    2.00    0.00    2.00     3      0.00      0.00   89728   4300   0.11   3124.00   2744.00      0.00  sysbench
1565358441     0     25838    0.00    4.00    0.00    4.00     3      0.00      0.00   89728   4300   0.11   9500.00   6568.00      0.00  sysbench
1565358442     0     25838    1.00    3.00    0.00    4.00     3      0.00      0.00   89728   4300   0.11   8532.00   6632.00      0.00  sysbench
1565358443     0     25838    0.99    2.97    0.00    3.96     3      0.00      0.00   89728   4300   0.11   4217.82   3837.62      0.00  sysbench
1565358444     0     25990    0.00    0.00    0.00    0.00     1   1606.00      1.00   89728   3516   0.09    612.00    256.00      0.00  sysbench
1565358445     0     25990    0.99    3.96    0.00    4.95     1    226.73      0.00   89728   4300   0.11   7782.18   7524.75      0.00  sysbench
1565358446     0     25990    1.00    4.00    0.00    5.00     1      1.00      0.00   89728   4300   0.11   6768.00   8008.00      0.00  sysbench
1565358447     0     25990    1.00    5.00    0.00    6.00     1      0.00      0.00   89728   4300   0.11  10836.00  10964.00      0.00  sysbench
1565358448     0     25990    0.00    5.00    0.00    5.00     1      0.00      0.00   89728   4300   0.11   5528.00   9732.00      0.00  sysbench
1565358449     0     25990    1.00    4.00    0.00    5.00     1      0.00      0.00   89728   4300   0.11   5136.00   9008.00      0.00  sysbench
1565358450     0     25990    0.99    3.96    0.00    4.95     1      0.00      0.00   89728   4300   0.11   3817.82   9211.88      0.00  sysbench
1565358451     0     25990    0.00    3.00    0.00    3.00     1      0.00      0.00   89728   4300   0.11   1568.00   5544.00      0.00  sysbench
1565358452     0     25990    0.00    3.00    0.00    3.00     1      0.00      0.00   89728   4300   0.11   3084.00   5412.00      0.00  sysbench
1565358453     0     25990    1.00    3.00    0.00    4.00     1      0.00      0.00   89728   4300   0.11   2792.00   5484.00      0.00  sysbench
1565358454     0     25990    0.00    2.97    0.00    2.97     1      0.00      0.00   89728   4300   0.11   2118.81   7073.27      0.00  sysbench
1565358455     0     26142    0.00    3.00    0.00    3.00     2   1708.00     22.00   89728   4036   0.10  10448.00   6592.00      0.00  sysbench
1565358456     0     26142    0.00    2.97    0.00    2.97     2    108.91      0.00   89728   4296   0.11   2257.43   5386.14      0.00  sysbench
1565358457     0     26142    1.00    1.00    0.00    2.00     2      0.00      0.00   89728   4296   0.11   1096.00   1088.00      0.00  sysbench
1565358458     0     26142    0.00    0.00    0.00    0.00     2      0.00      0.00   89728   4296   0.11    380.20    542.57      0.00  sysbench
1565358459     0     26142    0.00    2.00    0.00    2.00     2      0.00      0.00   89728   4296   0.11   1344.00   3232.00      0.00  sysbench
1565358460     0     26142    1.00    1.00    0.00    2.00     2      1.00      0.00   89728   4296   0.11     96.00    556.00      0.00  sysbench
1565358461     0     26142    0.00    0.00    0.00    0.00     2      0.00      0.00   89728   4296   0.11     59.41   1120.79      0.00  sysbench
1565358462     0     26142    0.00    1.00    0.00    1.00     2      0.00      0.00   89728   4296   0.11      0.00      0.00      0.00  sysbench
1565358463     0     26142    1.00    3.00    0.00    4.00     2      0.00      0.00   89728   4296   0.11   2684.00   6620.00      0.00  sysbench
1565358464     0     26142    1.00    3.00    0.00    4.00     2      0.00      0.00   89728   4296   0.11   1436.00   5532.00      0.00  sysbench
1565358465     0     26247    0.00   32.00    0.00   32.00     2   1330.00      0.00   89592   3512   0.09      0.00      0.00      0.00  sysbench

1565358414     0     25551    0.97    2.91    0.00    3.88     0    200.00      0.00   89728   4296   0.11  10667.96   5891.26      0.00  sysbench
1565358415     0     25551    1.00    5.00    0.00    6.00     0      0.00      0.00   89728   4296   0.11  17100.00  10364.00      0.00  sysbench
1565358416     0     25551    0.99    5.94    0.00    6.93     0      0.00      0.00   89728   4296   0.11  13900.99   9877.23      0.00  sysbench
1565358417     0     25551    0.00    6.00    0.00    6.00     0      1.00      0.00   89728   4296   0.11  12452.00  11920.00      0.00  sysbench
1565358418     0     25551    1.00    4.00    0.00    5.00     0      0.00      0.00   89728   4296   0.11  11080.00   8992.00      0.00  sysbench
1565358419     0     25551    0.00    1.98    0.00    1.98     0      0.00      0.00   89728   4296   0.11   4308.91   4392.08      0.00  sysbench
1565358420     0     25551    1.00    4.00    0.00    5.00     0      0.00      0.00   89728   4296   0.11   9760.00   8692.00      0.00  sysbench
1565358421     0     25551    0.00    4.00    0.00    4.00     0      0.00      0.00   89728   4296   0.11   8076.00   9308.00      0.00  sysbench
1565358422     0     25551    1.00    5.00    0.00    6.00     0      0.00      0.00   89728   4296   0.11   8964.00  10464.00      0.00  sysbench
1565358423     0     25551    1.00    4.00    0.00    5.00     0      0.00      0.00   89728   4296   0.11   8192.00   7680.00      0.00  sysbench
1565358424     0     25717    0.00    0.00    0.00    0.00     0   1718.00      0.00   89728   4036   0.10   1060.00   1108.00      0.00  sysbench
1565358425     0     25717    1.00    4.00    0.00    5.00     0    120.00      0.00   89728   4296   0.11   6216.00   5460.00      0.00  sysbench
1565358426     0     25717    0.00    4.00    0.00    4.00     0      1.00      0.00   89728   4296   0.11   9372.00   8204.00      0.00  sysbench
1565358427     0     25717    1.00    3.00    0.00    4.00     0      0.00      0.00   89728   4296   0.11   4812.00   5696.00      0.00  sysbench
1565358428     0     25717    0.00    1.98    0.00    1.98     0      0.00      0.00   89728   4296   0.11   2855.45   3065.35      0.00  sysbench
1565358429     0     25717    0.00    2.00    0.00    2.00     0      0.00      0.00   89728   4296   0.11   3540.00   4908.00      0.00  sysbench
1565358430     0     25717    0.99    0.99    0.00    1.98     0      0.00      0.00   89728   4296   0.11   1299.01   1611.88      0.00  sysbench
1565358431     0     25717    0.00    1.00    0.00    1.00     0      0.00      0.00   89728   4296   0.11   1036.00    552.00      0.00  sysbench
1565358432     0     25717    0.00    0.00    0.00    0.00     0      0.00      0.00   89728   4296   0.11    364.00    568.00      0.00  sysbench
1565358433     0     25717    0.00    1.00    0.00    1.00     0      0.00      0.00   89728   4296   0.11    780.00   1064.00      0.00  sysbench
1565358434     0     25838    0.00    1.00    0.00    1.00     3   1725.00      0.00   89728   4040   0.10   3376.00   2196.00      0.00  sysbench
1565358435     0     25838    1.00    2.00    0.00    3.00     3    114.00      0.00   89728   4300   0.11   3536.00   3536.00      0.00  sysbench
1565358436     0     25838    0.00    2.97    0.00    2.97     3      0.00      0.00   89728   4300   0.11   8839.60   5801.98      0.00  sysbench
1565358437     0     25838    0.00    3.00    0.00    3.00     3      0.00      0.00   89728   4300   0.11   5968.00   4388.00      0.00  sysbench
1565358438     0     25838    0.99    1.98    0.00    2.97     3      1.98      0.00   89728   4300   0.11   2304.95   2716.83      0.00  sysbench
1565358439     0     25838    0.00    0.00    0.00    0.00     3      0.00      0.00   89728   4300   0.11    680.00    544.00      0.00  sysbench
1565358440     0     25838    0.00    2.00    0.00    2.00     3      0.00      0.00   89728   4300   0.11   3428.00   3288.00      0.00  sysbench
1565358441     0     25838    0.00    4.00    0.00    4.00     3      0.00      0.00   89728   4300   0.11  10840.00   7128.00      0.00  sysbench
1565358442     0     25838    0.99    3.96    0.00    4.95     3      0.00      0.00   89728   4300   0.11   7188.12   6023.76      0.00  sysbench
1565358443     0     25838    1.00    2.00    0.00    3.00     3      0.00      0.00   89728   4300   0.11   4136.00   3864.00      0.00  sysbench
1565358444     0     25990    0.00    0.00    0.00    0.00     1   1680.20      0.99   89728   4040   0.10   1778.22   1366.34      0.00  sysbench
1565358445     0     25990    1.00    4.00    0.00    5.00     1    138.00      0.00   89728   4300   0.11   7256.00   7272.00      0.00  sysbench
1565358446     0     25990    1.00    4.00    0.00    5.00     1      1.00      0.00   89728   4300   0.11   7384.00   8312.00      0.00  sysbench
1565358447     0     25990    1.00    6.00    0.00    7.00     1      0.00      0.00   89728   4300   0.11  10360.00  10964.00      0.00  sysbench
1565358448     0     25990    0.00    4.00    0.00    4.00     1      0.00      0.00   89728   4300   0.11   5048.00   9392.00      0.00  sysbench
1565358449     0     25990    1.00    4.00    0.00    5.00     1      0.00      0.00   89728   4300   0.11   5164.00   9340.00      0.00  sysbench
1565358450     0     25990    1.00    4.00    0.00    5.00     1      0.00      0.00   89728   4300   0.11   3604.00   8752.00      0.00  sysbench
1565358451     0     25990    0.00    4.00    0.00    4.00     1      0.00      0.00   89728   4300   0.11   2496.00   6076.00      0.00  sysbench
1565358452     0     25990    0.00    2.00    0.00    2.00     1      0.00      0.00   89728   4300   0.11   2140.00   4340.00      0.00  sysbench
1565358453     0     25990    0.99    2.97    0.00    3.96     1      0.00      0.00   89728   4300   0.11   2847.52   5988.12      0.00  sysbench
1565358454     0     26142    0.00    0.00    0.00    0.00     0   1523.76     21.78   89728   3512   0.09   8360.40      0.00      0.00  sysbench
1565358455     0     26142    0.00    4.00    0.00    4.00     2    174.00      0.00   89728   4036   0.10   2180.00   7132.00      0.00  sysbench
1565358456     0     26142    0.99    2.97    0.00    3.96     2    103.96      0.00   89728   4296   0.11   2974.26   5405.94      0.00  sysbench
1565358457     0     26142    0.00    0.00    0.00    0.00     2      0.00      0.00   89728   4296   0.11    196.00    528.00      0.00  sysbench
1565358458     0     26142    0.00    0.99    0.00    0.99     2      0.00      0.00   89728   4296   0.11    380.20    542.57      0.00  sysbench
1565358459     0     26142    1.00    1.00    0.00    2.00     2      1.00      0.00   89728   4296   0.11   1344.00   3232.00      0.00  sysbench
1565358460     0     26142    0.00    0.99    0.00    0.99     2      0.00      0.00   89728   4296   0.11     95.05    550.50      0.00  sysbench
1565358461     0     26142    0.00    0.00    0.00    0.00     2      0.00      0.00   89728   4296   0.11     40.00    556.00      0.00  sysbench
1565358462     0     26142    0.00    0.99    0.00    0.99     2      0.00      0.00   89728   4296   0.11     19.80    570.30      0.00  sysbench
1565358463     0     26142    1.00    3.00    0.00    4.00     2      0.00      0.00   89728   4296   0.11   3188.00   7724.00      0.00  sysbench
1565358464     0     26142    1.00    3.00    0.00    4.00     2      0.00      0.00   89728   4296   0.11   1024.00   4968.00      0.00  sysbench

1565358424     0     25717    0.95    0.95    0.00    1.90     0    213.33      0.00   89728   4296   0.11   1497.14   1832.38      0.00  sysbench
1565358425     0     25717    0.00    5.00    0.00    5.00     0      1.00      0.00   89728   4296   0.11  11208.00   8692.00      0.00  sysbench
1565358426     0     25717    0.00    3.00    0.00    3.00     0      0.00      0.00   89728   4296   0.11   4472.00   5544.00      0.00  sysbench
1565358427     0     25717    1.00    3.00    0.00    4.00     0      0.00      0.00   89728   4296   0.11   5376.00   6008.00      0.00  sysbench
1565358428     0     25717    0.00    1.00    0.00    1.00     0      0.00      0.00   89728   4296   0.11   1732.00   1648.00      0.00  sysbench
1565358429     0     25717    1.00    3.00    0.00    4.00     0      0.00      0.00   89728   4296   0.11   4444.00   5452.00      0.00  sysbench
1565358430     0     25717    0.00    0.00    0.00    0.00     0      0.00      0.00   89728   4296   0.11   1192.08   1081.19      0.00  sysbench
1565358432     0     25717    0.00    0.99    0.00    0.99     0      0.00      0.00   89728   4296   0.11    360.40    562.38      0.00  sysbench
1565358432     0     25717    0.00    0.00    0.00    0.00     0      0.00      0.00   89728   4296   0.11    178.22    514.85      0.00  sysbench
1565358434     0     25838    0.00    1.98    0.00    1.98     3   1720.79      0.00   89728   4040   0.10   4304.95   3271.29      0.00  sysbench
1565358435     0     25838    1.00    3.00    0.00    4.00     3    101.00      0.00   89728   4300   0.11   9184.00   5252.00      0.00  sysbench
1565358436     0     25838    0.00    2.00    0.00    2.00     3      0.00      0.00   89728   4300   0.11   4644.00   4660.00      0.00  sysbench
1565358437     0     25838    0.00    3.00    0.00    3.00     3      0.00      0.00   89728   4300   0.11   4940.00   3852.00      0.00  sysbench
1565358438     0     25838    1.00    1.00    0.00    2.00     3      2.00      0.00   89728   4300   0.11   1612.00   2144.00      0.00  sysbench
1565358439     0     25838    0.00    0.00    0.00    0.00     3      0.00      0.00   89728   4300   0.11     87.13     55.45      0.00  sysbench
1565358440     0     25838    0.00    3.96    0.00    3.96     3      0.00      0.00   89728   4300   0.11   9069.31   5936.63      0.00  sysbench
1565358441     0     25838    1.00    4.00    0.00    5.00     3      0.00      0.00   89728   4300   0.11   9472.00   7196.00      0.00  sysbench
1565358442     0     25838    0.00    2.00    0.00    2.00     3      0.00      0.00   89728   4300   0.11   4288.00   4396.00      0.00  sysbench
1565358443     0     25838    1.00    2.00    0.00    3.00     3      0.00      0.00   89728   4300   0.11   4096.00   4436.00      0.00  sysbench
1565358444     0     25990    1.00    1.00    0.00    2.00     1   1721.00      1.00   89728   4040   0.10   4052.00   3260.00      0.00  sysbench
1565358445     0     25990    0.00    5.00    0.00    5.00     1    114.00      0.00   89728   4300   0.11   8496.00   9808.00      0.00  sysbench
1565358446     0     25990    0.99    3.96    0.00    4.95     1      0.99      0.00   89728   4300   0.11   6546.53   8170.30      0.00  sysbench
1565358447     0     25990    1.00    6.00    0.00    7.00     1      0.00      0.00   89728   4300   0.11   9828.00  11608.00      0.00  sysbench
1565358448     0     25990    1.00    4.00    0.00    5.00     1      0.00      0.00   89728   4300   0.11   6152.00   9332.00      0.00  sysbench
1565358449     0     25990    0.00    4.00    0.00    4.00     1      0.00      0.00   89728   4300   0.11   3936.00   8788.00      0.00  sysbench
1565358450     0     25990    1.00    4.00    0.00    5.00     1      0.00      0.00   89728   4300   0.11   2320.00   6592.00      0.00  sysbench
1565358451     0     25990    0.00    3.00    0.00    3.00     1      0.00      0.00   89728   4300   0.11   2812.00   7100.00      0.00  sysbench
1565358452     0     25990    0.00    2.00    0.00    2.00     1      0.00      0.00   89728   4300   0.11   2076.00   3292.00      0.00  sysbench
1565358453     0     25990    1.00    3.00    0.00    4.00     1      0.00      0.00   89728   4300   0.11   2812.00   6576.00      0.00  sysbench
1565358454     0     26142    0.00    0.99    0.00    0.99     2   1679.21     21.78   89728   4036   0.10   8974.26   2174.26      0.00  sysbench
1565358455     0     26142    0.00    3.00    0.00    3.00     2    122.00      0.00   89728   4296   0.11   2216.00   6048.00      0.00  sysbench
1565358456     0     26142    0.99    2.97    0.00    3.96     2      0.00      0.00   89728   4296   0.11   2324.75   4304.95      0.00  sysbench
1565358457     0     26142    0.00    0.00    0.00    0.00     2      0.00      0.00   89728   4296   0.11    574.26   1065.35      0.00  sysbench
1565358458     0     26142    0.00    1.00    0.00    1.00     2      0.00      0.00   89728   4296   0.11    248.00    536.00      0.00  sysbench
1565358459     0     26142    0.99    0.99    0.00    1.98     2      0.99      0.00   89728   4296   0.11   1085.15   2669.31      0.00  sysbench
1565358461     0     26142    0.00    1.00    0.00    1.00     2      0.00      0.00   89728   4296   0.11    136.00   1112.00      0.00  sysbench
1565358461     0     26142    0.00    1.00    0.00    1.00     2      0.00      0.00   89728   4296   0.11     20.00    576.00      0.00  sysbench
1565358462     0     26142    1.00    1.00    0.00    2.00     2      0.00      0.00   89728   4296   0.11    740.00   2776.00      0.00  sysbench
1565358463     0     26142    0.00    3.00    0.00    3.00     2      0.00      0.00   89728   4296   0.11   2800.00   6056.00      0.00  sysbench
1565358464     0     26247    0.00   11.00    0.00   11.00     2   1330.00      0.00   89592   3512   0.09      0.00      0.00      0.00  sysbench

1565358434     0     25838    0.95    1.90    0.00    2.86     3    187.62      0.00   89728   4300   0.11   3779.05   2624.76      0.00  sysbench
1565358435     0     25838    0.00    3.00    0.00    3.00     3      0.00      0.00   89728   4300   0.11   9288.00   5524.00      0.00  sysbench
1565358436     0     25838    0.00    2.00    0.00    2.00     3      0.00      0.00   89728   4300   0.11   4540.00   4388.00      0.00  sysbench
1565358437     0     25838    0.00    2.97    0.00    2.97     3      1.98      0.00   89728   4300   0.11   4891.09   3813.86      0.00  sysbench
1565358438     0     25838    1.00    1.00    0.00    2.00     3      0.00      0.00   89728   4300   0.11   1376.00   2092.00      0.00  sysbench
1565358439     0     25838    0.00    0.00    0.00    0.00     3      0.00      0.00   89728   4300   0.11    324.00    108.00      0.00  sysbench
1565358440     0     25838    0.00    4.00    0.00    4.00     3      0.00      0.00   89728   4300   0.11   9160.00   5996.00      0.00  sysbench
1565358441     0     25838    1.00    4.00    0.00    5.00     3      0.00      0.00   89728   4300   0.11   9472.00   7196.00      0.00  sysbench
1565358442     0     25838    0.00    1.98    0.00    1.98     3      0.00      0.00   89728   4300   0.11   4245.54   4352.48      0.00  sysbench
1565358443     0     25838    1.00    2.00    0.00    3.00     3      0.00      0.00   89728   4300   0.11   4096.00   4436.00      0.00  sysbench
1565358444     0     25990    1.00    2.00    0.00    3.00     1   1721.00      1.00   89728   4040   0.10   5104.00   4344.00      0.00  sysbench
1565358445     0     25990    0.00    4.95    0.00    4.95     1    112.87      0.00   89728   4300   0.11   7936.63   9770.30      0.00  sysbench
1565358446     0     25990    1.00    4.00    0.00    5.00     1      1.00      0.00   89728   4300   0.11   6444.00   8212.00      0.00  sysbench
1565358447     0     25990    0.99    4.95    0.00    5.94     1      0.00      0.00   89728   4300   0.11   9330.69  10400.00      0.00  sysbench
1565358448     0     25990    1.00    5.00    0.00    6.00     1      0.00      0.00   89728   4300   0.11   6672.00   9892.00      0.00  sysbench
1565358449     0     25990    0.00    4.00    0.00    4.00     1      0.00      0.00   89728   4300   0.11   4144.00   9180.00      0.00  sysbench
1565358450     0     25990    1.00    3.00    0.00    4.00     1      0.00      0.00   89728   4300   0.11   1804.00   6744.00      0.00  sysbench
1565358451     0     25990    0.00    3.00    0.00    3.00     1      0.00      0.00   89728   4300   0.11   3036.00   6548.00      0.00  sysbench
1565358452     0     25990    1.00    2.00    0.00    3.00     1      0.00      0.00   89728   4300   0.11   1892.00   3292.00      0.00  sysbench
1565358453     0     25990    0.00    4.00    0.00    4.00     1      0.00      0.00   89728   4300   0.11   2988.00   7684.00      0.00  sysbench
1565358454     0     26142    0.00    2.00    0.00    2.00     2   1697.00     22.00   89728   4036   0.10   9932.00   3840.00      0.00  sysbench
1565358455     0     26142    0.00    3.00    0.00    3.00     2    121.00      0.00   89728   4296   0.11   1444.00   5480.00      0.00  sysbench
1565358457     0     26142    0.99    1.98    0.00    2.97     2      0.00      0.00   89728   4296   0.11   2423.76   3762.38      0.00  sysbench
1565358458     0     26142    0.00    0.00    0.00    0.00     2      0.00      0.00   89728   4296   0.11    380.20    542.57      0.00  sysbench
1565358458     0     26142    0.00    1.00    0.00    1.00     2      0.00      0.00   89728   4296   0.11    248.00    536.00      0.00  sysbench
1565358460     0     26142    1.00    2.00    0.00    3.00     2      1.00      0.00   89728   4296   0.11   1184.00   3088.00      0.00  sysbench
1565358461     0     26142    0.00    0.00    0.00    0.00     2      0.00      0.00   89728   4296   0.11     47.52    712.87      0.00  sysbench
1565358462     0     26142    0.00    1.00    0.00    1.00     2      0.00      0.00   89728   4296   0.11     20.00    576.00      0.00  sysbench
1565358463     0     26142    0.99    0.99    0.00    1.98     2      0.00      0.00   89728   4296   0.11    736.63   3073.27      0.00  sysbench
1565358463     0     26142    0.00    3.00    0.00    3.00     2      0.00      0.00   89728   4296   0.11   3052.00   6276.00      0.00  sysbench
1565358464     0     26247    0.00   14.00    0.00   14.00     2   1330.00      0.00   89592   3512   0.09      0.00      0.00      0.00  sysbench

1565358445     0     25990    0.97    3.88    0.00    4.85     1    215.53      0.00   89728   4300   0.11   7623.30   7328.16      0.00  sysbench
1565358446     0     25990    1.00    4.00    0.00    5.00     1      1.00      0.00   89728   4300   0.11   6768.00   8008.00      0.00  sysbench
1565358447     0     25990    1.00    5.00    0.00    6.00     1      0.00      0.00   89728   4300   0.11  10836.00  10964.00      0.00  sysbench
1565358448     0     25990    0.00    5.00    0.00    5.00     1      0.00      0.00   89728   4300   0.11   5532.00   9760.00      0.00  sysbench
1565358449     0     25990    1.00    4.00    0.00    5.00     1      0.00      0.00   89728   4300   0.11   5132.00   8980.00      0.00  sysbench
1565358450     0     25990    1.00    4.00    0.00    5.00     1      0.00      0.00   89728   4300   0.11   3856.00   9304.00      0.00  sysbench
1565358451     0     25990    0.00    2.97    0.00    2.97     1      0.00      0.00   89728   4300   0.11   1552.48   5489.11      0.00  sysbench
1565358452     0     25990    0.00    3.00    0.00    3.00     1      0.00      0.00   89728   4300   0.11   3084.00   5412.00      0.00  sysbench
1565358453     0     25990    1.00    3.00    0.00    4.00     1      0.00      0.00   89728   4300   0.11   2792.00   5484.00      0.00  sysbench
1565358454     0     25990    0.00    3.00    0.00    3.00     1      0.00      0.00   89728   4300   0.11   2140.00   7144.00      0.00  sysbench
1565358455     0     26142    0.00    2.97    0.00    2.97     2   1691.09     21.78   89728   4036   0.10  10344.55   6526.73      0.00  sysbench
1565358456     0     26142    0.00    3.00    0.00    3.00     2    110.00      0.00   89728   4296   0.11   2280.00   5440.00      0.00  sysbench
1565358457     0     26142    1.00    1.00    0.00    2.00     2      0.00      0.00   89728   4296   0.11   1096.00   1088.00      0.00  sysbench
1565358458     0     26142    0.00    0.00    0.00    0.00     2      0.00      0.00   89728   4296   0.11    380.20    542.57      0.00  sysbench
1565358459     0     26142    0.00    2.00    0.00    2.00     2      0.00      0.00   89728   4296   0.11   1344.00   3232.00      0.00  sysbench
1565358460     0     26142    1.00    1.00    0.00    2.00     2      1.00      0.00   89728   4296   0.11     96.00    556.00      0.00  sysbench
1565358461     0     26142    0.00    0.00    0.00    0.00     2      0.00      0.00   89728   4296   0.11     39.60    550.50      0.00  sysbench
1565358462     0     26142    0.00    0.99    0.00    0.99     2      0.00      0.00   89728   4296   0.11     19.80    570.30      0.00  sysbench
1565358463     0     26142    1.00    3.00    0.00    4.00     2      0.00      0.00   89728   4296   0.11   2684.00   6620.00      0.00  sysbench
1565358464     0     26142    1.00    3.00    0.00    4.00     2      0.00      0.00   89728   4296   0.11   1436.00   5532.00      0.00  sysbench
1565358465     0     26247    0.00   32.00    0.00   32.00     0   1330.00      0.00   89592   3512   0.09      0.00      0.00      0.00  sysbench

1565358455     0     26142    0.00    3.81    0.00    3.81     2    160.00      0.00   89728   4296   0.11   2030.48   6800.00      0.00  sysbench
1565358456     0     26142    0.99    2.97    0.00    3.96     2      0.00      0.00   89728   4296   0.11   2740.59   4855.45      0.00  sysbench
1565358457     0     26142    0.00    0.00    0.00    0.00     2      0.00      0.00   89728   4296   0.11    196.00    528.00      0.00  sysbench
1565358458     0     26142    0.00    0.99    0.00    0.99     2      0.00      0.00   89728   4296   0.11    625.74   1073.27      0.00  sysbench
1565358459     0     26142    1.00    1.00    0.00    2.00     2      1.00      0.00   89728   4296   0.11   1096.00   2696.00      0.00  sysbench
1565358460     0     26142    0.00    1.00    0.00    1.00     2      0.00      0.00   89728   4296   0.11     96.00    556.00      0.00  sysbench
1565358461     0     26142    0.00    0.00    0.00    0.00     2      0.00      0.00   89728   4296   0.11     60.00   1132.00      0.00  sysbench
1565358462     0     26142    0.00    0.99    0.00    0.99     2      0.00      0.00   89728   4296   0.11    495.05   1089.11      0.00  sysbench
1565358463     0     26142    0.99    2.97    0.00    3.96     2      0.00      0.00   89728   4296   0.11   2661.39   6558.42      0.00  sysbench
1565358464     0     26247    0.00    1.00    0.00    1.00     2   1330.00      0.00   89592   3512   0.09      0.00      0.00      0.00  sysbench

