1565353104     0      7792    1.96   11.76    0.00   13.73     0    169.61      0.00   89728   4560   0.12      0.00  12007.84      0.00  sysbench
1565353105     0      7792    2.00   11.00    0.00   13.00     0      0.00      1.00   89728   4560   0.12     12.00  12132.00      0.00  sysbench
1565353106     0      7792    2.00   11.00    0.00   13.00     0      1.00      0.00   89728   4560   0.12      8.00  12552.00      0.00  sysbench
1565353107     0      7792    2.00   11.00    0.00   13.00     0      0.00      0.00   89728   4560   0.12      0.00  13152.00      0.00  sysbench
1565353108     0      7792    2.00   13.00    0.00   15.00     0      0.00      0.00   89728   4560   0.12      0.00  12424.00      0.00  sysbench
1565353109     0      7792    0.99   11.88    0.00   12.87     0      0.00      0.00   89728   4560   0.12      0.00  12530.69      0.00  sysbench
1565353110     0      7792    2.00   13.00    0.00   15.00     0      0.00      0.00   89728   4560   0.12      0.00  12516.00      0.00  sysbench
1565353111     0      7792    2.00   12.00    0.00   14.00     0      0.00      0.00   89728   4560   0.12      0.00  13136.00      0.00  sysbench
1565353112     0      7792    2.00   11.00    0.00   13.00     0      0.00      0.00   89728   4560   0.12      0.00  12600.00      0.00  sysbench

1565353114     0      7943    1.96   11.76    0.00   13.73     3    186.27      0.00   89728   4564   0.12      0.00  12945.10      0.00  sysbench
1565353115     0      7943    2.00   11.00    0.00   13.00     3      1.00      0.00   89728   4564   0.12      0.00  12512.00      0.00  sysbench
1565353116     0      7943    2.00   10.00    0.00   12.00     3      1.00      0.00   89728   4564   0.12      0.00  12376.00      0.00  sysbench
1565353117     0      7943    2.00   11.00    0.00   13.00     3      0.00      0.00   89728   4564   0.12      0.00  12964.00      0.00  sysbench
1565353118     0      7943    2.00   11.00    0.00   13.00     3      0.00      0.00   89728   4564   0.12      0.00  12484.00      0.00  sysbench
1565353119     0      7943    2.00   11.00    0.00   13.00     3      0.00      0.00   89728   4564   0.12      0.00  12388.00      0.00  sysbench
1565353120     0      7943    2.00   12.00    0.00   14.00     3      0.00      0.00   89728   4564   0.12      0.00  12564.00      0.00  sysbench
1565353121     0      7943    3.00   10.00    0.00   13.00     3      0.00      0.00   89728   4564   0.12      0.00  12796.00      0.00  sysbench
1565353122     0      7943    2.00   11.00    0.00   13.00     3      0.00      0.00   89728   4564   0.12      0.00  12644.00      0.00  sysbench

1565353124     0      8109    1.96   10.78    0.00   12.75     0    157.84      0.00   89728   4560   0.12      0.00  12333.33      0.00  sysbench
1565353125     0      8109    1.00   11.00    0.00   12.00     0      1.00      0.00   89728   4560   0.12      0.00  12904.00      0.00  sysbench
1565353126     0      8109    3.00   10.00    0.00   13.00     0      0.00      0.00   89728   4560   0.12      0.00  13104.00      0.00  sysbench
1565353127     0      8109    2.00   13.00    0.00   15.00     0      1.00      0.00   89728   4560   0.12      0.00  12044.00      0.00  sysbench
1565353128     0      8109    1.00   10.00    0.00   11.00     0      0.00      0.00   89728   4560   0.12      0.00  12568.00      0.00  sysbench
1565353129     0      8109    3.00   10.00    0.00   13.00     0      0.00      0.00   89728   4560   0.12      0.00  12732.00      0.00  sysbench
1565353130     0      8109    1.00   12.00    0.00   13.00     0      0.00      0.00   89728   4560   0.12      0.00  12076.00      0.00  sysbench
1565353131     0      8109    2.00   12.00    0.00   14.00     0      0.00      0.00   89728   4560   0.12      0.00  12696.00      0.00  sysbench
1565353132     0      8109    1.00   11.00    0.00   12.00     0      0.00      0.00   89728   4560   0.12      0.00  11688.00      0.00  sysbench

1565353134     0      8275    1.96   12.75    0.00   14.71     1    163.73      0.00   89728   4560   0.12      0.00  12223.53      0.00  sysbench
1565353135     0      8275    1.00   12.00    0.00   13.00     1      1.00      0.00   89728   4560   0.12      0.00  11892.00      0.00  sysbench
1565353136     0      8275    2.00   12.00    0.00   14.00     1      0.00      0.00   89728   4560   0.12      0.00  12264.00      0.00  sysbench
1565353137     0      8275    1.00   12.00    0.00   13.00     1      0.00      0.00   89728   4560   0.12      0.00  12116.00      0.00  sysbench
1565353138     0      8275    1.00    9.00    0.00   10.00     1      0.00      0.00   89728   4560   0.12      0.00   7924.00      0.00  sysbench
1565353139     0      8275    2.00   10.00    0.00   12.00     1      0.00      0.00   89728   4560   0.12      0.00  11368.00      0.00  sysbench
1565353140     0      8275    2.00    9.00    0.00   11.00     1      1.00      0.00   89728   4560   0.12      0.00   9468.00      0.00  sysbench
1565353141     0      8275    2.00   12.00    0.00   14.00     1      0.00      0.00   89728   4560   0.12      0.00  10780.00      0.00  sysbench
1565353142     0      8275    2.00   11.00    0.00   13.00     1      0.00      0.00   89728   4560   0.12      0.00  11548.00      0.00  sysbench

1565353144     0      8441    1.96   11.76    0.00   13.73     3    163.73      0.00   89728   4560   0.12      0.00  12443.14      0.00  sysbench
1565353145     0      8441    1.00   11.00    0.00   12.00     3      1.00      0.00   89728   4560   0.12      0.00  12012.00      0.00  sysbench
1565353146     0      8441    3.00    9.00    0.00   12.00     3      0.00      0.00   89728   4560   0.12      0.00  11228.00      0.00  sysbench
1565353147     0      8441    1.00    9.00    0.00   10.00     3      0.00      0.00   89728   4560   0.12      0.00   9776.00      0.00  sysbench
1565353148     0      8441    2.00    8.00    0.00   10.00     3      0.00      0.00   89728   4560   0.12      0.00   9388.00      0.00  sysbench
1565353149     0      8441    2.00   10.00    0.00   12.00     3      0.00      0.00   89728   4560   0.12      0.00  12312.00      0.00  sysbench
1565353150     0      8441    2.00   11.00    0.00   13.00     3      0.00      0.00   89728   4560   0.12      0.00  10988.00      0.00  sysbench
1565353151     0      8441    2.00   11.00    0.00   13.00     3      0.00      0.00   89728   4560   0.12      0.00  12052.00      0.00  sysbench
1565353152     0      8441    1.00   10.00    0.00   11.00     3      0.00      0.00   89728   4560   0.12      0.00  10564.00      0.00  sysbench

1565353154     0      8607    0.98   12.75    0.00   13.73     2    156.86      0.00   89728   4560   0.12      0.00  11792.16      0.00  sysbench
1565353155     0      8607    3.00    9.00    0.00   12.00     2      1.00      0.00   89728   4560   0.12      0.00  10864.00      0.00  sysbench
1565353156     0      8607    1.00   11.00    0.00   12.00     2      1.00      0.00   89728   4560   0.12      0.00  11436.00      0.00  sysbench
1565353157     0      8607    2.00   11.00    0.00   13.00     2      0.00      0.00   89728   4560   0.12      0.00  11556.00      0.00  sysbench
1565353158     0      8607    2.00   10.00    0.00   12.00     2      0.00      0.00   89728   4560   0.12      0.00  12052.00      0.00  sysbench
1565353159     0      8607    2.00    8.00    0.00   10.00     2      0.00      0.00   89728   4560   0.12      0.00   8236.00      0.00  sysbench
1565353160     0      8607    2.00    8.00    0.00   10.00     2      0.00      0.00   89728   4560   0.12      0.00   8540.00      0.00  sysbench
1565353161     0      8607    3.00   11.00    0.00   14.00     2      0.00      0.00   89728   4560   0.12      0.00  11516.00      0.00  sysbench
1565353162     0      8607    1.00    9.00    0.00   10.00     2      0.00      0.00   89728   4560   0.12      0.00  11096.00      0.00  sysbench

1565353164     0      8758    1.98    9.90    0.00   11.88     0    181.19      0.00   89728   4560   0.12      0.00   8007.92      0.00  sysbench
1565353165     0      8758    2.00   12.00    0.00   14.00     0      1.00      0.00   89728   4560   0.12      0.00  12440.00      0.00  sysbench
1565353166     0      8758    1.00   11.00    0.00   12.00     0      0.00      0.00   89728   4560   0.12      0.00  12860.00      0.00  sysbench
1565353167     0      8758    2.00    8.00    0.00   10.00     0      0.00      0.00   89728   4560   0.12      0.00   8744.00      0.00  sysbench
1565353168     0      8758    1.00    6.00    0.00    7.00     0      0.00      0.00   89728   4560   0.12      0.00   5796.00      0.00  sysbench
1565353169     0      8758    2.00   11.00    0.00   13.00     0      0.00      0.00   89728   4560   0.12      0.00  10180.00      0.00  sysbench
1565353170     0      8758    1.00   11.00    0.00   12.00     0      1.00      0.00   89728   4560   0.12      0.00  11620.00      0.00  sysbench
1565353171     0      8758    2.00   11.00    0.00   13.00     0      0.00      0.00   89728   4560   0.12      0.00  11768.00      0.00  sysbench
1565353172     0      8758    1.00    7.00    0.00    8.00     0      0.00      0.00   89728   4560   0.12      0.00   8080.00      0.00  sysbench

1565353175     0      8924    1.98   10.89    0.00   12.87     0    152.48      0.00   89728   4560   0.12      0.00  11120.79      0.00  sysbench
1565353176     0      8924    2.00    9.00    0.00   11.00     0      1.00      0.00   89728   4560   0.12      0.00   9808.00      0.00  sysbench
1565353177     0      8924    2.00   11.00    0.00   13.00     0      0.00      0.00   89728   4560   0.12      0.00  11836.00      0.00  sysbench
1565353178     0      8924    2.00    9.00    0.00   11.00     0      0.00      0.00   89728   4560   0.12      0.00  10004.00      0.00  sysbench
1565353179     0      8924    2.00   10.00    0.00   12.00     0      0.00      0.00   89728   4560   0.12      0.00  10748.00      0.00  sysbench
1565353180     0      8924    1.00   12.00    0.00   13.00     0      0.00      0.00   89728   4560   0.12      0.00  11124.00      0.00  sysbench
1565353181     0      8924    2.00   10.00    0.00   12.00     0      0.00      0.00   89728   4560   0.12      0.00  11944.00      0.00  sysbench
1565353182     0      8924    1.98    9.90    0.00   11.88     0      0.99      0.00   89728   4560   0.12      0.00  10459.41      0.00  sysbench
1565353183     0      8924    2.00   10.00    0.00   12.00     0      0.00      0.00   89728   4560   0.12      0.00  11068.00      0.00  sysbench

1565353185     0      9090    1.96    9.80    0.00   11.76     3    163.73      0.00   89728   4556   0.12      0.00  11082.35      0.00  sysbench
1565353186     0      9090    2.00   11.00    0.00   13.00     3      1.00      0.00   89728   4556   0.12      0.00  11796.00      0.00  sysbench
1565353187     0      9090    1.00   11.00    0.00   12.00     3      0.00      0.00   89728   4556   0.12      0.00  12056.00      0.00  sysbench
1565353188     0      9090    2.00   10.00    0.00   12.00     3      0.00      0.00   89728   4556   0.12      0.00  11740.00      0.00  sysbench
1565353189     0      9090    1.00    8.00    0.00    9.00     3      0.00      0.00   89728   4556   0.12      0.00   8896.00      0.00  sysbench
1565353190     0      9090    2.00    7.00    0.00    9.00     3      0.00      0.00   89728   4556   0.12      0.00   5876.00      0.00  sysbench
1565353191     0      9090    1.00    5.00    0.00    6.00     3      1.00      0.00   89728   4556   0.12      0.00   4572.00      0.00  sysbench
1565353192     0      9090    0.99    4.95    0.00    5.94     3      0.00      0.00   89728   4556   0.12      0.00   3120.79      0.00  sysbench
1565353193     0      9090    1.00    1.00    0.00    2.00     3      0.00      0.00   89728   4556   0.12      0.00   1256.00      0.00  sysbench

1565353195     0      9257    1.96    8.82    0.00   10.78     0    174.51      0.00   89728   4564   0.12      0.00  10400.00      0.00  sysbench
1565353196     0      9257    1.00   11.00    0.00   12.00     0      1.00      0.00   89728   4564   0.12      0.00  11996.00      0.00  sysbench
1565353197     0      9257    2.00   10.00    0.00   12.00     0      0.00      0.00   89728   4564   0.12      0.00  10164.00      0.00  sysbench
1565353198     0      9257    2.00    8.00    0.00   10.00     0      0.00      0.00   89728   4564   0.12      0.00   7844.00      0.00  sysbench
1565353199     0      9257    2.00    9.00    0.00   11.00     0      0.00      0.00   89728   4564   0.12      0.00  11228.00      0.00  sysbench
1565353200     0      9257    1.00    8.00    0.00    9.00     0      0.00      0.00   89728   4564   0.12      0.00   6788.00      0.00  sysbench
1565353201     0      9257    1.00    7.00    0.00    8.00     0      1.00      0.00   89728   4564   0.12      0.00   6912.00      0.00  sysbench
1565353202     0      9257    1.00   10.00    0.00   11.00     0      0.00      0.00   89728   4564   0.12      0.00   9336.00      0.00  sysbench
1565353203     0      9257    2.00   10.00    0.00   12.00     0      0.00      0.00   89728   4564   0.12      0.00  10544.00      0.00  sysbench
1565353204     0      9429    0.00    1.00    0.00    1.00     0   1328.00      0.00   89592   3512   0.09      0.00      0.00      0.00  sysbench

