1565363565     0      8496    1.96   14.71    0.00   16.67     2    211.76      0.98   89728   4560   0.12  84925.49  15282.35      0.00  sysbench
1565363566     0      8496    2.00   13.00    0.00   15.00     2      1.00      0.00   89728   4560   0.12  88828.00  16904.00      0.00  sysbench
1565363567     0      8496    1.00   15.00    0.00   16.00     2      1.00      0.00   89728   4560   0.12  91340.00  17020.00      0.00  sysbench
1565363568     0      8496    2.00   15.00    0.00   17.00     2      0.00      0.00   89728   4560   0.12  97860.00  19312.00      0.00  sysbench
1565363569     0      8496    1.00   16.00    0.00   17.00     2      0.00      0.00   89728   4560   0.12 106812.00  20444.00      0.00  sysbench
1565363570     0      8496    1.00   15.00    0.00   16.00     2      0.00      0.00   89728   4560   0.12 103916.00  19236.00      0.00  sysbench
1565363571     0      8496    1.00   14.00    0.00   15.00     2      0.00      0.00   89728   4560   0.12  97352.00  18620.00      0.00  sysbench
1565363572     0      8496    1.00   15.00    0.00   16.00     2      0.00      0.00   89728   4560   0.12  93260.00  17672.00      0.00  sysbench
1565363573     0      8496    2.00   18.00    0.00   20.00     2      0.00      0.00   89728   4560   0.12  93564.00  17332.00      0.00  sysbench
1565363575     0      8662    1.00   15.00    0.00   16.00     2   1700.00      0.00   89728   4036   0.10  98536.00  17932.00      0.00  sysbench
1565363576     0      8662    2.00   15.00    0.00   17.00     2    138.00      0.00   89728   4560   0.12 106844.00  17756.00      0.00  sysbench
1565363577     0      8662    1.00   14.00    0.00   15.00     2      0.00      0.00   89728   4560   0.12  86312.00  16232.00      0.00  sysbench
1565363578     0      8662    2.00   14.00    0.00   16.00     2      1.00      0.00   89728   4560   0.12  97404.00  17996.00      0.00  sysbench
1565363579     0      8662    2.00   13.00    0.00   15.00     2      0.00      0.00   89728   4560   0.12  96560.00  17380.00      0.00  sysbench
1565363580     0      8662    2.00   17.00    0.00   19.00     2      0.00      0.00   89728   4560   0.12 127396.00  19224.00      0.00  sysbench
1565363581     0      8662    1.00   17.00    0.00   18.00     2      0.00      0.00   89728   4560   0.12 113880.00  19216.00      0.00  sysbench
1565363582     0      8662    1.00   16.00    0.00   17.00     2      1.00      0.00   89728   4560   0.12 101952.00  18364.00      0.00  sysbench
1565363583     0      8662    1.00   14.00    0.00   15.00     2      0.00      0.00   89728   4560   0.12 115672.00  18760.00      0.00  sysbench
1565363584     0      8662    3.00   13.00    0.00   16.00     2      0.00      0.00   89728   4560   0.12  91664.00  17744.00      0.00  sysbench
1565363585     0      8828    2.00   11.00    0.00   13.00     3   1677.00     24.00   89728   4036   0.10  82176.00  15680.00      0.00  sysbench
1565363586     0      8828    2.00   10.00    0.00   12.00     3    138.00      0.00   89728   4560   0.12  68948.00  12212.00      0.00  sysbench
1565363587     0      8828    1.00    8.00    0.00    9.00     3      0.00      0.00   89728   4560   0.12  42004.00   9364.00      0.00  sysbench
1565363588     0      8828    2.00   10.00    0.00   12.00     3      1.00      0.00   89728   4560   0.12  55764.00  10424.00      0.00  sysbench
1565363589     0      8828    2.00   10.00    0.00   12.00     3      0.00      0.00   89728   4560   0.12  55400.00  11432.00      0.00  sysbench
1565363590     0      8828    2.00   11.00    0.00   13.00     3      0.00      0.00   89728   4560   0.12  58216.00  11616.00      0.00  sysbench
1565363591     0      8828    1.00   10.00    0.00   11.00     3      0.00      0.00   89728   4560   0.12  48420.00  10468.00      0.00  sysbench
1565363592     0      8828    1.00   10.00    0.00   11.00     3      0.00      0.00   89728   4560   0.12  46928.00  10272.00      0.00  sysbench
1565363593     0      8828    0.00   11.00    0.00   11.00     3      0.00      0.00   89728   4560   0.12  53608.00   9572.00      0.00  sysbench
1565363594     0      8828    2.00   13.00    0.00   15.00     3      0.00      0.00   89728   4560   0.12  51452.00  11016.00      0.00  sysbench
1565363595     0      8979    1.00   11.00    0.00   12.00     3   1701.00      0.00   89728   4036   0.10  67728.00  10928.00      0.00  sysbench
1565363596     0      8979    1.00   12.00    0.00   13.00     3    138.00      0.00   89728   4560   0.12  58292.00  11384.00      0.00  sysbench
1565363597     0      8979    2.00   12.00    0.00   14.00     3      0.00      0.00   89728   4560   0.12  64248.00  11640.00      0.00  sysbench
1565363598     0      8979    2.00   11.00    0.00   13.00     3      1.00      0.00   89728   4560   0.12  48348.00   9168.00      0.00  sysbench
1565363599     0      8979    1.00   12.00    0.00   13.00     3      0.00      0.00   89728   4560   0.12  53988.00  10756.00      0.00  sysbench
1565363600     0      8979    1.00   12.00    0.00   13.00     3      1.00      0.00   89728   4560   0.12  75108.00  11584.00      0.00  sysbench
1565363601     0      8979    1.00   11.00    0.00   12.00     3      0.00      0.00   89728   4560   0.12  58712.00  10944.00      0.00  sysbench
1565363602     0      8979    1.00   11.00    0.00   12.00     3      0.00      0.00   89728   4560   0.12  47532.00  10700.00      0.00  sysbench
1565363603     0      8979    0.00   10.00    0.00   10.00     3      0.00      0.00   89728   4560   0.12  44944.00  10392.00      0.00  sysbench
1565363604     0      8979    1.00   11.00    0.00   12.00     3      0.00      0.00   89728   4560   0.12  62164.00  10452.00      0.00  sysbench
1565363605     0      9145    1.00    9.00    0.00   10.00     0   1701.00      0.00   89728   4040   0.10  44920.00  10752.00      0.00  sysbench
1565363606     0      9145    1.00   12.00    0.00   13.00     0    138.00      0.00   89728   4564   0.12  72872.00  13420.00      0.00  sysbench
1565363607     0      9145    2.00   10.00    0.00   12.00     0      0.00      0.00   89728   4564   0.12  55988.00  12136.00      0.00  sysbench
1565363608     0      9145    1.00   10.00    0.00   11.00     0      0.00      0.00   89728   4564   0.12  53624.00  10528.00      0.00  sysbench
1565363609     0      9145    1.00   12.00    0.00   13.00     0      0.00      0.00   89728   4564   0.12  63860.00  11536.00      0.00  sysbench
1565363610     0      9145    1.00   11.00    0.00   12.00     0      1.00      0.00   89728   4564   0.12  59188.00  11032.00      0.00  sysbench
1565363611     0      9145    1.00   11.00    0.00   12.00     0      0.00      0.00   89728   4564   0.12  53736.00  11416.00      0.00  sysbench
1565363612     0      9145    1.00   11.00    0.00   12.00     0      0.00      0.00   89728   4564   0.12  48960.00  11180.00      0.00  sysbench
1565363613     0      9145    1.00   11.00    0.00   12.00     0      0.00      0.00   89728   4564   0.12  48676.00  10976.00      0.00  sysbench
1565363614     0      9145    1.00   11.00    0.00   12.00     0      0.00      0.00   89728   4564   0.12  51048.00  11468.00      0.00  sysbench
1565363615     0      9311    1.00    8.00    0.00    9.00     0   1704.00      0.00   89728   4036   0.10  42560.00   8628.00      0.00  sysbench
1565363616     0      9311    1.00   12.00    0.00   13.00     0    132.00      0.00   89728   4560   0.12  59076.00  10664.00      0.00  sysbench
1565363617     0      9311    1.00   11.00    0.00   12.00     0      1.00      0.00   89728   4560   0.12  60196.00  11460.00      0.00  sysbench
1565363618     0      9311    1.00   10.00    0.00   11.00     0      1.00      0.00   89728   4560   0.12  56588.00   9444.00      0.00  sysbench
1565363619     0      9311    1.00   12.00    0.00   13.00     0      0.00      0.00   89728   4560   0.12  64192.00  11644.00      0.00  sysbench
1565363620     0      9311    1.00   12.00    0.00   13.00     0      0.00      0.00   89728   4560   0.12  58620.00  11228.00      0.00  sysbench
1565363621     0      9311    1.00   11.00    0.00   12.00     0      0.00      0.00   89728   4560   0.12  53808.00  10936.00      0.00  sysbench
1565363622     0      9311    2.00   10.00    0.00   12.00     0      0.00      0.00   89728   4560   0.12  40756.00   9964.00      0.00  sysbench
1565363623     0      9311    2.00   11.00    0.00   13.00     0      0.00      0.00   89728   4560   0.12  43948.00  10492.00      0.00  sysbench
1565363624     0      9311    2.00   10.00    0.00   12.00     0      0.00      0.00   89728   4560   0.12  54992.00  11288.00      0.00  sysbench
1565363625     0      9478    0.00    9.00    0.00    9.00     3   1700.00      0.00   89728   4040   0.10  45744.00   9768.00      0.00  sysbench
1565363626     0      9478    1.98    8.91    0.00   10.89     3    137.62      0.00   89728   4564   0.12  44617.82   8740.59      0.00  sysbench
1565363627     0      9478    1.00   10.00    0.00   11.00     3      1.00      0.00   89728   4564   0.12  43556.00  10108.00      0.00  sysbench
1565363628     0      9478    1.00   10.00    0.00   11.00     3      0.00      0.00   89728   4564   0.12  59108.00  10172.00      0.00  sysbench
1565363629     0      9478    1.00   10.00    0.00   11.00     3      0.00      0.00   89728   4564   0.12  49724.00  10888.00      0.00  sysbench
1565363630     0      9478    1.00   11.00    0.00   12.00     3      0.00      0.00   89728   4564   0.12  72656.00  11472.00      0.00  sysbench
1565363631     0      9478    1.00   11.00    0.00   12.00     3      0.00      0.00   89728   4564   0.12  49288.00  11044.00      0.00  sysbench
1565363632     0      9478    1.00   11.00    0.00   12.00     3      0.00      0.00   89728   4564   0.12  58324.00  11768.00      0.00  sysbench
1565363633     0      9478    1.00   10.00    0.00   11.00     3      0.00      0.00   89728   4564   0.12  59740.00  11020.00      0.00  sysbench
1565363634     0      9478    1.00    9.00    0.00   10.00     3      0.00      0.00   89728   4564   0.12  44460.00   8208.00      0.00  sysbench
1565363635     0      9644    1.00    7.00    0.00    8.00     0   1700.00      0.00   89728   4040   0.10  36848.00   8832.00      0.00  sysbench
1565363636     0      9644    2.00    9.00    0.00   11.00     0    139.00      0.00   89728   4564   0.12  48192.00   9896.00      0.00  sysbench
1565363637     0      9644    1.00   11.00    0.00   12.00     0      1.00      0.00   89728   4564   0.12  48456.00  10544.00      0.00  sysbench
1565363638     0      9644    1.00   10.00    0.00   11.00     0      0.00      0.00   89728   4564   0.12  56456.00  11032.00      0.00  sysbench
1565363639     0      9644    1.00   10.00    0.00   11.00     0      0.00      0.00   89728   4564   0.12  47712.00  11384.00      0.00  sysbench
1565363640     0      9644    1.00   11.00    0.00   12.00     0      0.00      0.00   89728   4564   0.12  53552.00  11224.00      0.00  sysbench
1565363641     0      9644    1.00   12.00    0.00   13.00     0      0.00      0.00   89728   4564   0.12  55616.00  11032.00      0.00  sysbench
1565363642     0      9644    2.00   10.00    0.00   12.00     0      0.00      0.00   89728   4564   0.12  53972.00  10796.00      0.00  sysbench
1565363643     0      9644    0.00   11.00    0.00   11.00     0      0.00      0.00   89728   4564   0.12  59176.00  10360.00      0.00  sysbench
1565363644     0      9644    3.00    9.00    0.00   12.00     0      0.00      0.00   89728   4564   0.12  51756.00  11276.00      0.00  sysbench
1565363645     0      9810    1.00    7.00    0.00    8.00     3   1701.00      0.00   89728   4036   0.10  37784.00   7564.00      0.00  sysbench
1565363646     0      9810    2.00   10.00    0.00   12.00     3    138.00      0.00   89728   4560   0.12  56608.00   9888.00      0.00  sysbench
1565363647     0      9810    1.00   10.00    0.00   11.00     3      1.00      0.00   89728   4560   0.12  41588.00  10484.00      0.00  sysbench
1565363648     0      9810    1.00   10.00    0.00   11.00     3      0.00      0.00   89728   4560   0.12  57756.00  10464.00      0.00  sysbench
1565363649     0      9810    1.00    9.00    0.00   10.00     3      1.00      0.00   89728   4560   0.12  39792.00   9956.00      0.00  sysbench
1565363650     0      9810    2.00   12.00    0.00   14.00     3      0.00      0.00   89728   4560   0.12  69248.00  12664.00      0.00  sysbench
1565363651     0      9810    1.00   11.00    0.00   12.00     3      0.00      0.00   89728   4560   0.12  63360.00  11544.00      0.00  sysbench
1565363652     0      9810    2.00   11.00    0.00   13.00     3      0.00      0.00   89728   4560   0.12  61584.00  12592.00      0.00  sysbench
1565363653     0      9810    0.00   10.00    0.00   10.00     3      0.00      0.00   89728   4560   0.12  59852.00  10424.00      0.00  sysbench
1565363654     0      9810    2.00   11.00    0.00   13.00     3      0.00      0.00   89728   4560   0.12  49836.00  11056.00      0.00  sysbench
1565363655     0      9976    1.00    5.00    0.00    6.00     0   1704.00      0.00   89728   4036   0.10  38916.00   6668.00      0.00  sysbench
1565363656     0      9976    1.00   11.00    0.00   12.00     0    132.00      0.00   89728   4560   0.12  55712.00  11020.00      0.00  sysbench
1565363657     0      9976    1.00   11.00    0.00   12.00     0      2.00      0.00   89728   4560   0.12  55300.00  10472.00      0.00  sysbench
1565363658     0      9976    1.00    9.00    0.00   10.00     0      0.00      0.00   89728   4560   0.12  56416.00  10004.00      0.00  sysbench
1565363659     0      9976    2.00   10.00    0.00   12.00     0      0.00      0.00   89728   4560   0.12  52872.00  11480.00      0.00  sysbench
1565363660     0      9976    2.00   10.00    0.00   12.00     0      0.00      0.00   89728   4560   0.12  53256.00  10644.00      0.00  sysbench
1565363661     0      9976    0.00   11.00    0.00   11.00     0      0.00      0.00   89728   4560   0.12  56820.00  11688.00      0.00  sysbench
1565363662     0      9976    2.00   11.00    0.00   13.00     0      0.00      0.00   89728   4560   0.12  55488.00  11900.00      0.00  sysbench
1565363663     0      9976    2.00   11.00    0.00   13.00     0      0.00      0.00   89728   4560   0.12  62456.00  11052.00      0.00  sysbench
1565363664     0      9976    1.00   13.00    0.00   14.00     0      0.00      0.00   89728   4560   0.12  60144.00  11476.00      0.00  sysbench
1565363665     0     10142    0.00   62.00    0.00   62.00     0   1330.00      0.00   89592   3516   0.09      4.00      0.00      0.00  sysbench

1565363575     0      8662    1.98   14.85    0.00   16.83     2    211.88      0.00   89728   4560   0.12 101873.27  18340.59      0.00  sysbench
1565363576     0      8662    1.00   15.00    0.00   16.00     2      0.00      0.00   89728   4560   0.12 103988.00  17568.00      0.00  sysbench
1565363577     0      8662    2.00   14.00    0.00   16.00     2      1.00      0.00   89728   4560   0.12  86684.00  16340.00      0.00  sysbench
1565363578     0      8662    2.00   14.00    0.00   16.00     2      0.00      0.00   89728   4560   0.12  97652.00  17876.00      0.00  sysbench
1565363579     0      8662    2.00   13.00    0.00   15.00     2      0.00      0.00   89728   4560   0.12  96392.00  17132.00      0.00  sysbench
1565363580     0      8662    1.00   17.00    0.00   18.00     2      0.00      0.00   89728   4560   0.12 124860.00  19244.00      0.00  sysbench
1565363581     0      8662    1.00   17.00    0.00   18.00     2      1.00      0.00   89728   4560   0.12 114616.00  19348.00      0.00  sysbench
1565363582     0      8662    1.00   16.00    0.00   17.00     2      0.00      0.00   89728   4560   0.12 104708.00  18584.00      0.00  sysbench
1565363583     0      8662    2.00   14.00    0.00   16.00     2      0.00      0.00   89728   4560   0.12 112188.00  18400.00      0.00  sysbench
1565363585     0      8828    3.00   11.00    0.00   14.00     3   1677.00     24.00   89728   4036   0.10  85504.00  16332.00      0.00  sysbench
1565363586     0      8828    1.00   10.00    0.00   11.00     3    138.00      0.00   89728   4560   0.12  67564.00  12120.00      0.00  sysbench
1565363587     0      8828    1.00    9.00    0.00   10.00     3      0.00      0.00   89728   4560   0.12  42868.00   9260.00      0.00  sysbench
1565363588     0      8828    2.00    9.00    0.00   11.00     3      1.00      0.00   89728   4560   0.12  55124.00  10496.00      0.00  sysbench
1565363589     0      8828    2.00   11.00    0.00   13.00     3      0.00      0.00   89728   4560   0.12  56332.00  11384.00      0.00  sysbench
1565363590     0      8828    2.00   10.00    0.00   12.00     3      0.00      0.00   89728   4560   0.12  55196.00  11172.00      0.00  sysbench
1565363591     0      8828    1.00   10.00    0.00   11.00     3      0.00      0.00   89728   4560   0.12  50312.00  10904.00      0.00  sysbench
1565363592     0      8828    1.00   10.00    0.00   11.00     3      0.00      0.00   89728   4560   0.12  46008.00  10032.00      0.00  sysbench
1565363593     0      8828    1.00   12.00    0.00   13.00     3      0.00      0.00   89728   4560   0.12  54304.00   9808.00      0.00  sysbench
1565363594     0      8828    1.00   12.00    0.00   13.00     3      0.00      0.00   89728   4560   0.12  51700.00  11104.00      0.00  sysbench
1565363595     0      8979    1.00   12.00    0.00   13.00     3   1701.00      0.00   89728   4036   0.10  71524.00  11472.00      0.00  sysbench
1565363596     0      8979    1.00   12.00    0.00   13.00     3    138.00      0.00   89728   4560   0.12  62320.00  11192.00      0.00  sysbench
1565363597     0      8979    2.00   11.00    0.00   13.00     3      0.00      0.00   89728   4560   0.12  57268.00  11464.00      0.00  sysbench
1565363598     0      8979    2.00   11.00    0.00   13.00     3      1.00      0.00   89728   4560   0.12  48948.00   9424.00      0.00  sysbench
1565363599     0      8979    1.00   12.00    0.00   13.00     3      0.00      0.00   89728   4560   0.12  56108.00  10872.00      0.00  sysbench
1565363600     0      8979    1.00   12.00    0.00   13.00     3      1.00      0.00   89728   4560   0.12  72792.00  11388.00      0.00  sysbench
1565363601     0      8979    1.00   11.00    0.00   12.00     3      0.00      0.00   89728   4560   0.12  58804.00  10904.00      0.00  sysbench
1565363602     0      8979    1.00   11.00    0.00   12.00     3      0.00      0.00   89728   4560   0.12  49020.00  11040.00      0.00  sysbench
1565363603     0      8979    0.00   10.00    0.00   10.00     3      0.00      0.00   89728   4560   0.12  42800.00  10016.00      0.00  sysbench
1565363604     0      8979    2.00   11.00    0.00   13.00     3      0.00      0.00   89728   4560   0.12  61808.00  10364.00      0.00  sysbench
1565363605     0      9145    1.00    9.00    0.00   10.00     0   1701.00      0.00   89728   4040   0.10  45848.00  11068.00      0.00  sysbench
1565363606     0      9145    1.00   12.00    0.00   13.00     0    138.00      0.00   89728   4564   0.12  76604.00  13644.00      0.00  sysbench
1565363607     0      9145    2.00   11.00    0.00   13.00     0      0.00      0.00   89728   4564   0.12  54352.00  12160.00      0.00  sysbench
1565363608     0      9145    1.00   10.00    0.00   11.00     0      0.00      0.00   89728   4564   0.12  53348.00  10508.00      0.00  sysbench
1565363609     0      9145    1.00   11.00    0.00   12.00     0      0.00      0.00   89728   4564   0.12  63284.00  11552.00      0.00  sysbench
1565363610     0      9145    1.00   11.00    0.00   12.00     0      1.00      0.00   89728   4564   0.12  57340.00  10588.00      0.00  sysbench
1565363611     0      9145    1.00   11.00    0.00   12.00     0      0.00      0.00   89728   4564   0.12  54092.00  11448.00      0.00  sysbench
1565363612     0      9145    1.00   11.00    0.00   12.00     0      0.00      0.00   89728   4564   0.12  48280.00  11032.00      0.00  sysbench
1565363613     0      9145    1.00   11.00    0.00   12.00     0      0.00      0.00   89728   4564   0.12  51824.00  11532.00      0.00  sysbench
1565363614     0      9145    1.00   11.00    0.00   12.00     0      0.00      0.00   89728   4564   0.12  48892.00  11036.00      0.00  sysbench
1565363615     0      9311    1.00    9.00    0.00   10.00     0   1704.00      0.00   89728   4036   0.10  42916.00   8752.00      0.00  sysbench
1565363616     0      9311    1.00   11.00    0.00   12.00     0    132.00      0.00   89728   4560   0.12  62848.00  11000.00      0.00  sysbench
1565363617     0      9311    1.00   11.00    0.00   12.00     0      1.00      0.00   89728   4560   0.12  58712.00  11400.00      0.00  sysbench
1565363618     0      9311    1.00   10.00    0.00   11.00     0      1.00      0.00   89728   4560   0.12  57796.00   9608.00      0.00  sysbench
1565363619     0      9311    1.00   12.00    0.00   13.00     0      0.00      0.00   89728   4560   0.12  60500.00  11188.00      0.00  sysbench
1565363620     0      9311    0.99   11.88    0.00   12.87     0      0.00      0.00   89728   4560   0.12  59497.03  11334.65      0.00  sysbench
1565363621     0      9311    1.01   12.12    0.00   13.13     0      0.00      0.00   89728   4560   0.12  54165.66  11305.05      0.00  sysbench
1565363622     0      9311    2.00   10.00    0.00   12.00     0      0.00      0.00   89728   4560   0.12  40516.00   9952.00      0.00  sysbench
1565363623     0      9311    2.00   10.00    0.00   12.00     0      0.00      0.00   89728   4560   0.12  45340.00  10468.00      0.00  sysbench
1565363624     0      9311    2.00   11.00    0.00   13.00     0      0.00      0.00   89728   4560   0.12  54992.00  11140.00      0.00  sysbench
1565363625     0      9478    0.00    9.00    0.00    9.00     3   1700.00      0.00   89728   4040   0.10  48428.00  10024.00      0.00  sysbench
1565363626     0      9478    2.00    9.00    0.00   11.00     3    139.00      0.00   89728   4564   0.12  45088.00   9124.00      0.00  sysbench
1565363627     0      9478    1.00   10.00    0.00   11.00     3      1.00      0.00   89728   4564   0.12  42496.00   9856.00      0.00  sysbench
1565363628     0      9478    1.00   10.00    0.00   11.00     3      0.00      0.00   89728   4564   0.12  59144.00  10316.00      0.00  sysbench
1565363629     0      9478    1.00   10.00    0.00   11.00     3      0.00      0.00   89728   4564   0.12  53200.00  10872.00      0.00  sysbench
1565363630     0      9478    1.00   12.00    0.00   13.00     3      0.00      0.00   89728   4564   0.12  69036.00  11340.00      0.00  sysbench
1565363631     0      9478    1.00   10.00    0.00   11.00     3      0.00      0.00   89728   4564   0.12  48204.00  10908.00      0.00  sysbench
1565363632     0      9478    1.00   12.00    0.00   13.00     3      0.00      0.00   89728   4564   0.12  57868.00  11608.00      0.00  sysbench
1565363633     0      9478    1.00   10.00    0.00   11.00     3      0.00      0.00   89728   4564   0.12  59740.00  11020.00      0.00  sysbench
1565363634     0      9478    1.00    8.00    0.00    9.00     3      0.00      0.00   89728   4564   0.12  45972.00   8664.00      0.00  sysbench
1565363635     0      9644    1.00    8.00    0.00    9.00     0   1700.00      0.00   89728   4040   0.10  38936.00   9372.00      0.00  sysbench
1565363636     0      9644    2.00    8.00    0.00   10.00     0    139.00      0.00   89728   4564   0.12  46612.00   9608.00      0.00  sysbench
1565363637     0      9644    1.00   11.00    0.00   12.00     0      1.00      0.00   89728   4564   0.12  49232.00  10528.00      0.00  sysbench
1565363638     0      9644    1.00   11.00    0.00   12.00     0      0.00      0.00   89728   4564   0.12  56000.00  11192.00      0.00  sysbench
1565363639     0      9644    1.00   10.00    0.00   11.00     0      0.00      0.00   89728   4564   0.12  47780.00  11200.00      0.00  sysbench
1565363640     0      9644    1.00   10.00    0.00   11.00     0      0.00      0.00   89728   4564   0.12  56312.00  11516.00      0.00  sysbench
1565363641     0      9644    1.00   12.00    0.00   13.00     0      0.00      0.00   89728   4564   0.12  55176.00  11084.00      0.00  sysbench
1565363642     0      9644    2.00   10.00    0.00   12.00     0      0.00      0.00   89728   4564   0.12  51044.00  10408.00      0.00  sysbench
1565363643     0      9644    1.00   11.00    0.00   12.00     0      0.00      0.00   89728   4564   0.12  60764.00  10592.00      0.00  sysbench
1565363644     0      9644    2.00   10.00    0.00   12.00     0      0.00      0.00   89728   4564   0.12  52844.00  11432.00      0.00  sysbench
1565363645     0      9810    1.00    7.00    0.00    8.00     3   1701.00      0.00   89728   4036   0.10  38188.00   7668.00      0.00  sysbench
1565363646     0      9810    2.00   10.00    0.00   12.00     3    138.00      0.00   89728   4560   0.12  57728.00  10344.00      0.00  sysbench
1565363647     0      9810    1.00   10.00    0.00   11.00     3      1.00      0.00   89728   4560   0.12  42820.00  10464.00      0.00  sysbench
1565363648     0      9810    1.00   10.00    0.00   11.00     3      0.00      0.00   89728   4560   0.12  57396.00  10344.00      0.00  sysbench
1565363649     0      9810    1.00   10.00    0.00   11.00     3      1.00      0.00   89728   4560   0.12  38544.00  10108.00      0.00  sysbench
1565363650     0      9810    2.00   12.00    0.00   14.00     3      0.00      0.00   89728   4560   0.12  69676.00  12624.00      0.00  sysbench
1565363651     0      9810    1.00   10.00    0.00   11.00     3      0.00      0.00   89728   4560   0.12  64284.00  11556.00      0.00  sysbench
1565363652     0      9810    2.00   11.00    0.00   13.00     3      0.00      0.00   89728   4560   0.12  61788.00  12468.00      0.00  sysbench
1565363653     0      9810    0.00   11.00    0.00   11.00     3      0.00      0.00   89728   4560   0.12  59196.00  10536.00      0.00  sysbench
1565363654     0      9810    1.98    9.90    0.00   11.88     3      0.00      0.00   89728   4560   0.12  48895.05  10895.05      0.00  sysbench
1565363655     0      9976    1.00    6.00    0.00    7.00     0   1704.00      0.00   89728   4036   0.10  38936.00   6684.00      0.00  sysbench
1565363656     0      9976    1.00   10.00    0.00   11.00     0    132.00      0.00   89728   4560   0.12  57664.00  11456.00      0.00  sysbench
1565363657     0      9976    1.00   11.00    0.00   12.00     0      2.00      0.00   89728   4560   0.12  56908.00  10560.00      0.00  sysbench
1565363658     0      9976    1.00    9.00    0.00   10.00     0      0.00      0.00   89728   4560   0.12  55792.00   9912.00      0.00  sysbench
1565363659     0      9976    2.00   10.00    0.00   12.00     0      0.00      0.00   89728   4560   0.12  52336.00  11572.00      0.00  sysbench
1565363660     0      9976    2.00   11.00    0.00   13.00     0      0.00      0.00   89728   4560   0.12  54616.00  10484.00      0.00  sysbench
1565363661     0      9976    0.00   11.00    0.00   11.00     0      0.00      0.00   89728   4560   0.12  53596.00  11612.00      0.00  sysbench
1565363662     0      9976    2.00   10.00    0.00   12.00     0      0.00      0.00   89728   4560   0.12  57240.00  12140.00      0.00  sysbench
1565363663     0      9976    2.00   12.00    0.00   14.00     0      0.00      0.00   89728   4560   0.12  64440.00  11044.00      0.00  sysbench
1565363664     0      9976    1.00   12.00    0.00   13.00     0      0.00      0.00   89728   4560   0.12  57760.00  11496.00      0.00  sysbench
1565363665     0     10142    0.00   66.00    0.00   66.00     0   1330.00      0.00   89592   3516   0.09      4.00      0.00      0.00  sysbench

1565363585     0      8828    2.97   11.88    0.00   14.85     3    202.97      0.00   89728   4560   0.12  76867.33  16217.82      0.00  sysbench
1565363586     0      8828    1.00   10.00    0.00   11.00     3      0.00      0.00   89728   4560   0.12  66996.00  12112.00      0.00  sysbench
1565363587     0      8828    2.00    8.00    0.00   10.00     3      1.00      0.00   89728   4560   0.12  42760.00   9132.00      0.00  sysbench
1565363588     0      8828    2.00   10.00    0.00   12.00     3      0.00      0.00   89728   4560   0.12  53636.00  10648.00      0.00  sysbench
1565363589     0      8828    1.00   10.00    0.00   11.00     3      0.00      0.00   89728   4560   0.12  56772.00  11380.00      0.00  sysbench
1565363590     0      8828    2.00   10.00    0.00   12.00     3      0.00      0.00   89728   4560   0.12  56472.00  11164.00      0.00  sysbench
1565363591     0      8828    1.00   11.00    0.00   12.00     3      0.00      0.00   89728   4560   0.12  49256.00  10900.00      0.00  sysbench
1565363592     0      8828    1.00   10.00    0.00   11.00     3      0.00      0.00   89728   4560   0.12  45756.00  10036.00      0.00  sysbench
1565363593     0      8828    1.00   11.00    0.00   12.00     3      0.00      0.00   89728   4560   0.12  52452.00   9324.00      0.00  sysbench
1565363595     0      8979    1.00   12.00    0.00   13.00     3   1701.00      0.00   89728   4036   0.10  75032.00  12024.00      0.00  sysbench
1565363596     0      8979    1.00   12.00    0.00   13.00     3    138.00      0.00   89728   4560   0.12  61284.00  11076.00      0.00  sysbench
1565363597     0      8979    2.00   11.00    0.00   13.00     3      0.00      0.00   89728   4560   0.12  54796.00  11028.00      0.00  sysbench
1565363598     0      8979    2.00   12.00    0.00   14.00     3      1.00      0.00   89728   4560   0.12  51428.00   9868.00      0.00  sysbench
1565363599     0      8979    1.00   12.00    0.00   13.00     3      0.00      0.00   89728   4560   0.12  55712.00  10748.00      0.00  sysbench
1565363600     0      8979    1.00   12.00    0.00   13.00     3      1.00      0.00   89728   4560   0.12  71712.00  11428.00      0.00  sysbench
1565363601     0      8979    1.00   11.00    0.00   12.00     3      0.00      0.00   89728   4560   0.12  61268.00  11040.00      0.00  sysbench
1565363602     0      8979    1.00   11.00    0.00   12.00     3      0.00      0.00   89728   4560   0.12  47724.00  11032.00      0.00  sysbench
1565363603     0      8979    0.00    9.00    0.00    9.00     3      0.00      0.00   89728   4560   0.12  41332.00   9828.00      0.00  sysbench
1565363604     0      8979    2.00   11.00    0.00   13.00     3      0.00      0.00   89728   4560   0.12  62656.00  10408.00      0.00  sysbench
1565363605     0      9145    1.00   10.00    0.00   11.00     0   1701.00      0.00   89728   4040   0.10  54696.00  11648.00      0.00  sysbench
1565363606     0      9145    1.00   12.00    0.00   13.00     0    138.00      0.00   89728   4564   0.12  69044.00  13288.00      0.00  sysbench
1565363607     0      9145    2.00   10.00    0.00   12.00     0      0.00      0.00   89728   4564   0.12  55764.00  12336.00      0.00  sysbench
1565363608     0      9145    1.00   10.00    0.00   11.00     0      0.00      0.00   89728   4564   0.12  52336.00  10636.00      0.00  sysbench
1565363609     0      9145    1.00   11.00    0.00   12.00     0      0.00      0.00   89728   4564   0.12  61596.00  11024.00      0.00  sysbench
1565363610     0      9145    1.00   12.00    0.00   13.00     0      1.00      0.00   89728   4564   0.12  59700.00  11124.00      0.00  sysbench
1565363611     0      9145    1.00   11.00    0.00   12.00     0      0.00      0.00   89728   4564   0.12  54132.00  11460.00      0.00  sysbench
1565363612     0      9145    1.00   11.00    0.00   12.00     0      0.00      0.00   89728   4564   0.12  47788.00  11036.00      0.00  sysbench
1565363613     0      9145    1.00   11.00    0.00   12.00     0      0.00      0.00   89728   4564   0.12  52576.00  11396.00      0.00  sysbench
1565363614     0      9145    1.00   10.00    0.00   11.00     0      0.00      0.00   89728   4564   0.12  47620.00  11080.00      0.00  sysbench
1565363615     0      9311    1.00    9.00    0.00   10.00     0   1704.00      0.00   89728   4036   0.10  46116.00   9300.00      0.00  sysbench
1565363616     0      9311    1.00   12.00    0.00   13.00     0    132.00      0.00   89728   4560   0.12  61824.00  10928.00      0.00  sysbench
1565363617     0      9311    1.00   11.00    0.00   12.00     0      1.00      0.00   89728   4560   0.12  58328.00  11212.00      0.00  sysbench
1565363618     0      9311    1.00   10.00    0.00   11.00     0      1.00      0.00   89728   4560   0.12  59040.00   9980.00      0.00  sysbench
1565363619     0      9311    1.00   11.00    0.00   12.00     0      0.00      0.00   89728   4560   0.12  60800.00  10992.00      0.00  sysbench
1565363620     0      9311    1.00   13.00    0.00   14.00     0      0.00      0.00   89728   4560   0.12  59132.00  11540.00      0.00  sysbench
1565363621     0      9311    1.00   11.00    0.00   12.00     0      0.00      0.00   89728   4560   0.12  51248.00  10636.00      0.00  sysbench
1565363622     0      9311    2.00   10.00    0.00   12.00     0      0.00      0.00   89728   4560   0.12  41560.00  10208.00      0.00  sysbench
1565363623     0      9311    3.00   10.00    0.00   13.00     0      0.00      0.00   89728   4560   0.12  45936.00  10712.00      0.00  sysbench
1565363624     0      9311    1.00   11.00    0.00   12.00     0      0.00      0.00   89728   4560   0.12  55252.00  11124.00      0.00  sysbench
1565363625     0      9478    0.00   10.00    0.00   10.00     3   1700.00      0.00   89728   4040   0.10  52636.00  10424.00      0.00  sysbench
1565363626     0      9478    2.00    9.00    0.00   11.00     3    139.00      0.00   89728   4564   0.12  45212.00   9268.00      0.00  sysbench
1565363627     0      9478    1.00   10.00    0.00   11.00     3      1.00      0.00   89728   4564   0.12  41296.00   9876.00      0.00  sysbench
1565363628     0      9478    1.00   10.00    0.00   11.00     3      0.00      0.00   89728   4564   0.12  58700.00  10300.00      0.00  sysbench
1565363629     0      9478    1.00   10.00    0.00   11.00     3      0.00      0.00   89728   4564   0.12  53088.00  10776.00      0.00  sysbench
1565363630     0      9478    1.00   11.00    0.00   12.00     3      0.00      0.00   89728   4564   0.12  68960.00  11304.00      0.00  sysbench
1565363631     0      9478    1.00   10.00    0.00   11.00     3      0.00      0.00   89728   4564   0.12  47784.00  11036.00      0.00  sysbench
1565363632     0      9478    1.00   12.00    0.00   13.00     3      0.00      0.00   89728   4564   0.12  58152.00  11616.00      0.00  sysbench
1565363633     0      9478    1.00   10.00    0.00   11.00     3      0.00      0.00   89728   4564   0.12  57376.00  10468.00      0.00  sysbench
1565363634     0      9478    1.00    9.00    0.00   10.00     3      0.00      0.00   89728   4564   0.12  50428.00   9236.00      0.00  sysbench
1565363635     0      9644    1.00    8.00    0.00    9.00     0   1700.00      0.00   89728   4040   0.10  39092.00   9456.00      0.00  sysbench
1565363636     0      9644    2.00    9.00    0.00   11.00     0    139.00      0.00   89728   4564   0.12  47708.00  10032.00      0.00  sysbench
1565363637     0      9644    1.00   11.00    0.00   12.00     0      1.00      0.00   89728   4564   0.12  50748.00  10468.00      0.00  sysbench
1565363638     0      9644    1.00   10.00    0.00   11.00     0      0.00      0.00   89728   4564   0.12  55032.00  10896.00      0.00  sysbench
1565363639     0      9644    1.00   10.00    0.00   11.00     0      0.00      0.00   89728   4564   0.12  47848.00  11576.00      0.00  sysbench
1565363640     0      9644    1.00   10.00    0.00   11.00     0      0.00      0.00   89728   4564   0.12  54556.00  11048.00      0.00  sysbench
1565363641     0      9644    1.00   13.00    0.00   14.00     0      0.00      0.00   89728   4564   0.12  58420.00  11552.00      0.00  sysbench
1565363642     0      9644    2.00   10.00    0.00   12.00     0      0.00      0.00   89728   4564   0.12  51264.00  10464.00      0.00  sysbench
1565363643     0      9644    1.00   10.00    0.00   11.00     0      0.00      0.00   89728   4564   0.12  58492.00  10456.00      0.00  sysbench
1565363644     0      9644    2.00   10.00    0.00   12.00     0      0.00      0.00   89728   4564   0.12  55252.00  11524.00      0.00  sysbench
1565363645     0      9810    1.00    7.00    0.00    8.00     3   1701.00      0.00   89728   4036   0.10  38188.00   7668.00      0.00  sysbench
1565363646     0      9810    2.00   11.00    0.00   13.00     3    138.00      0.00   89728   4560   0.12  60196.00  10884.00      0.00  sysbench
1565363647     0      9810    1.00   10.00    0.00   11.00     3      1.00      0.00   89728   4560   0.12  42392.00  10320.00      0.00  sysbench
1565363648     0      9810    2.00   10.00    0.00   12.00     3      0.00      0.00   89728   4560   0.12  57528.00  10516.00      0.00  sysbench
1565363649     0      9810    0.00    9.00    0.00    9.00     3      1.00      0.00   89728   4560   0.12  39980.00  10088.00      0.00  sysbench
1565363650     0      9810    2.00   12.00    0.00   14.00     3      0.00      0.00   89728   4560   0.12  66880.00  12420.00      0.00  sysbench
1565363651     0      9810    1.00   11.00    0.00   12.00     3      0.00      0.00   89728   4560   0.12  65956.00  11752.00      0.00  sysbench
1565363652     0      9810    2.00   10.00    0.00   12.00     3      0.00      0.00   89728   4560   0.12  59520.00  12056.00      0.00  sysbench
1565363653     0      9810    1.00   11.00    0.00   12.00     3      0.00      0.00   89728   4560   0.12  61648.00  10976.00      0.00  sysbench
1565363654     0      9810    1.00   10.00    0.00   11.00     3      0.00      0.00   89728   4560   0.12  49912.00  10892.00      0.00  sysbench
1565363655     0      9976    1.00    6.00    0.00    7.00     0   1704.00      0.00   89728   4036   0.10  41560.00   7132.00      0.00  sysbench
1565363656     0      9976    1.00   11.00    0.00   12.00     0    132.00      0.00   89728   4560   0.12  56012.00  11288.00      0.00  sysbench
1565363657     0      9976    1.00   10.00    0.00   11.00     0      2.00      0.00   89728   4560   0.12  55936.00  10280.00      0.00  sysbench
1565363658     0      9976    1.00    9.00    0.00   10.00     0      0.00      0.00   89728   4560   0.12  58488.00  10476.00      0.00  sysbench
1565363659     0      9976    1.98   10.89    0.00   12.87     0      0.00      0.00   89728   4560   0.12  50245.54  11192.08      0.00  sysbench
1565363660     0      9976    2.00   10.00    0.00   12.00     0      0.00      0.00   89728   4560   0.12  55628.00  10728.00      0.00  sysbench
1565363661     0      9976    1.00   11.00    0.00   12.00     0      0.00      0.00   89728   4560   0.12  53928.00  11636.00      0.00  sysbench
1565363662     0      9976    1.00   10.00    0.00   11.00     0      0.00      0.00   89728   4560   0.12  56816.00  12120.00      0.00  sysbench
1565363663     0      9976    2.00   13.00    0.00   15.00     0      0.00      0.00   89728   4560   0.12  72364.00  11048.00      0.00  sysbench
1565363664     0      9976    1.00   12.00    0.00   13.00     0      0.00      0.00   89728   4560   0.12  50032.00  11508.00      0.00  sysbench
1565363665     0     10142    0.00   70.00    0.00   70.00     0   1330.00      0.00   89592   3516   0.09      4.00      0.00      0.00  sysbench

1565363595     0      8979    1.98   11.88    0.00   13.86     3    220.79      0.00   89728   4560   0.12  71873.27  12075.25      0.00  sysbench
1565363596     0      8979    1.00   12.00    0.00   13.00     3      0.00      0.00   89728   4560   0.12  61956.00  11096.00      0.00  sysbench
1565363597     0      8979    1.00   10.00    0.00   11.00     3      1.00      0.00   89728   4560   0.12  52792.00  10468.00      0.00  sysbench
1565363598     0      8979    2.00   12.00    0.00   14.00     3      0.00      0.00   89728   4560   0.12  54968.00  10412.00      0.00  sysbench
1565363599     0      8979    2.00   12.00    0.00   14.00     3      1.00      0.00   89728   4560   0.12  53672.00  10604.00      0.00  sysbench
1565363600     0      8979    0.00   12.00    0.00   12.00     3      0.00      0.00   89728   4560   0.12  72064.00  11444.00      0.00  sysbench
1565363601     0      8979    1.00   11.00    0.00   12.00     3      0.00      0.00   89728   4560   0.12  61580.00  11096.00      0.00  sysbench
1565363602     0      8979    1.00   11.00    0.00   12.00     3      0.00      0.00   89728   4560   0.12  46340.00  10992.00      0.00  sysbench
1565363603     0      8979    1.00   10.00    0.00   11.00     3      0.00      0.00   89728   4560   0.12  42804.00   9936.00      0.00  sysbench
1565363605     0      9145    1.00   10.00    0.00   11.00     0   1727.00      0.00   89728   4040   0.10  55716.00  12136.00      0.00  sysbench
1565363606     0      9145    1.00   12.00    0.00   13.00     0    112.00      0.00   89728   4564   0.12  69284.00  13152.00      0.00  sysbench
1565363607     0      9145    2.00   10.00    0.00   12.00     0      0.00      0.00   89728   4564   0.12  55404.00  12368.00      0.00  sysbench
1565363608     0      9145    1.00   11.00    0.00   12.00     0      0.00      0.00   89728   4564   0.12  53204.00  10608.00      0.00  sysbench
1565363609     0      9145    1.00   10.00    0.00   11.00     0      0.00      0.00   89728   4564   0.12  59828.00  10668.00      0.00  sysbench
1565363610     0      9145    1.00   13.00    0.00   14.00     0      1.00      0.00   89728   4564   0.12  63928.00  11612.00      0.00  sysbench
1565363611     0      9145    2.00   10.00    0.00   12.00     0      0.00      0.00   89728   4564   0.12  51564.00  11528.00      0.00  sysbench
1565363612     0      9145    0.00   11.00    0.00   11.00     0      0.00      0.00   89728   4564   0.12  48036.00  11024.00      0.00  sysbench
1565363613     0      9145    1.00   11.00    0.00   12.00     0      0.00      0.00   89728   4564   0.12  51376.00  11216.00      0.00  sysbench
1565363614     0      9145    1.00   11.00    0.00   12.00     0      0.00      0.00   89728   4564   0.12  49132.00  11240.00      0.00  sysbench
1565363615     0      9311    1.00   10.00    0.00   11.00     0   1704.00      0.00   89728   4036   0.10  47276.00   9852.00      0.00  sysbench
1565363616     0      9311    1.00   11.00    0.00   12.00     0    132.00      0.00   89728   4560   0.12  60988.00  10552.00      0.00  sysbench
1565363617     0      9311    1.00   11.00    0.00   12.00     0      1.00      0.00   89728   4560   0.12  62240.00  11608.00      0.00  sysbench
1565363618     0      9311    1.00   10.00    0.00   11.00     0      1.00      0.00   89728   4560   0.12  56072.00   9828.00      0.00  sysbench
1565363619     0      9311    0.99   11.88    0.00   12.87     0      0.00      0.00   89728   4560   0.12  62530.69  11013.86      0.00  sysbench
1565363620     0      9311    1.00   12.00    0.00   13.00     0      0.00      0.00   89728   4560   0.12  56140.00  11208.00      0.00  sysbench
1565363621     0      9311    1.00   11.00    0.00   12.00     0      0.00      0.00   89728   4560   0.12  50616.00  10416.00      0.00  sysbench
1565363622     0      9311    2.00   11.00    0.00   13.00     0      0.00      0.00   89728   4560   0.12  43280.00  10500.00      0.00  sysbench
1565363623     0      9311    3.00   10.00    0.00   13.00     0      0.00      0.00   89728   4560   0.12  45212.00  10604.00      0.00  sysbench
1565363624     0      9311    1.00   10.00    0.00   11.00     0      0.00      0.00   89728   4560   0.12  55900.00  11452.00      0.00  sysbench
1565363625     0      9478    0.00   10.00    0.00   10.00     3   1700.00      0.00   89728   4040   0.10  54396.00  10952.00      0.00  sysbench
1565363626     0      9478    2.00    9.00    0.00   11.00     3    139.00      0.00   89728   4564   0.12  45388.00   9224.00      0.00  sysbench
1565363627     0      9478    1.00   11.00    0.00   12.00     3      1.00      0.00   89728   4564   0.12  41052.00   9928.00      0.00  sysbench
1565363628     0      9478    1.00    9.00    0.00   10.00     3      0.00      0.00   89728   4564   0.12  59244.00  10080.00      0.00  sysbench
1565363629     0      9478    1.00   10.00    0.00   11.00     3      0.00      0.00   89728   4564   0.12  53316.00  10760.00      0.00  sysbench
1565363630     0      9478    1.00   12.00    0.00   13.00     3      0.00      0.00   89728   4564   0.12  69368.00  11544.00      0.00  sysbench
1565363631     0      9478    1.00   10.00    0.00   11.00     3      0.00      0.00   89728   4564   0.12  46564.00  11064.00      0.00  sysbench
1565363632     0      9478    1.00   12.00    0.00   13.00     3      0.00      0.00   89728   4564   0.12  61040.00  11584.00      0.00  sysbench
1565363633     0      9478    1.00    9.00    0.00   10.00     3      0.00      0.00   89728   4564   0.12  52836.00   9932.00      0.00  sysbench
1565363634     0      9478    1.00    9.00    0.00   10.00     3      0.00      0.00   89728   4564   0.12  53628.00   9792.00      0.00  sysbench
1565363635     0      9644    1.00    8.00    0.00    9.00     0   1700.00      0.00   89728   4040   0.10  43688.00   9916.00      0.00  sysbench
1565363636     0      9644    2.00    9.00    0.00   11.00     0    139.00      0.00   89728   4564   0.12  44356.00   9920.00      0.00  sysbench
1565363637     0      9644    1.00   11.00    0.00   12.00     0      1.00      0.00   89728   4564   0.12  51588.00  10532.00      0.00  sysbench
1565363638     0      9644    1.00   10.00    0.00   11.00     0      0.00      0.00   89728   4564   0.12  55536.00  11020.00      0.00  sysbench
1565363639     0      9644    1.00   10.00    0.00   11.00     0      0.00      0.00   89728   4564   0.12  47700.00  11196.00      0.00  sysbench
1565363640     0      9644    1.00   10.00    0.00   11.00     0      0.00      0.00   89728   4564   0.12  53740.00  11452.00      0.00  sysbench
1565363641     0      9644    1.00   13.00    0.00   14.00     0      0.00      0.00   89728   4564   0.12  58828.00  11488.00      0.00  sysbench
1565363642     0      9644    2.00   10.00    0.00   12.00     0      0.00      0.00   89728   4564   0.12  52788.00  10452.00      0.00  sysbench
1565363643     0      9644    1.00   11.00    0.00   12.00     0      0.00      0.00   89728   4564   0.12  56168.00  10448.00      0.00  sysbench
1565363644     0      9644    2.00   10.00    0.00   12.00     0      0.00      0.00   89728   4564   0.12  55548.00  11412.00      0.00  sysbench
1565363645     0      9810    1.00    7.00    0.00    8.00     3   1701.00      0.00   89728   4036   0.10  38188.00   7668.00      0.00  sysbench
1565363646     0      9810    2.00   11.00    0.00   13.00     3    138.00      0.00   89728   4560   0.12  61596.00  11216.00      0.00  sysbench
1565363647     0      9810    1.00   10.00    0.00   11.00     3      1.00      0.00   89728   4560   0.12  43008.00  10328.00      0.00  sysbench
1565363648     0      9810    2.00   10.00    0.00   12.00     3      0.00      0.00   89728   4560   0.12  56692.00  10600.00      0.00  sysbench
1565363649     0      9810    0.00   10.00    0.00   10.00     3      1.00      0.00   89728   4560   0.12  45192.00  10208.00      0.00  sysbench
1565363650     0      9810    2.00   12.00    0.00   14.00     3      0.00      0.00   89728   4560   0.12  61680.00  12212.00      0.00  sysbench
1565363651     0      9810    2.00   10.00    0.00   12.00     3      0.00      0.00   89728   4560   0.12  67744.00  11996.00      0.00  sysbench
1565363652     0      9810    1.00   11.00    0.00   12.00     3      0.00      0.00   89728   4560   0.12  59220.00  12052.00      0.00  sysbench
1565363653     0      9810    1.00   11.00    0.00   12.00     3      0.00      0.00   89728   4560   0.12  61168.00  10964.00      0.00  sysbench
1565363654     0      9810    1.00   10.00    0.00   11.00     3      0.00      0.00   89728   4560   0.12  48624.00  10496.00      0.00  sysbench
1565363655     0      9976    1.00    7.00    0.00    8.00     0   1704.00      0.00   89728   4036   0.10  43832.00   7556.00      0.00  sysbench
1565363656     0      9976    1.00   10.00    0.00   11.00     0    132.00      0.00   89728   4560   0.12  55796.00  11224.00      0.00  sysbench
1565363657     0      9976    1.00   10.00    0.00   11.00     0      2.00      0.00   89728   4560   0.12  53880.00   9920.00      0.00  sysbench
1565363658     0      9976    1.00   10.00    0.00   11.00     0      0.00      0.00   89728   4560   0.12  63628.00  11008.00      0.00  sysbench
1565363659     0      9976    2.00   10.00    0.00   12.00     0      0.00      0.00   89728   4560   0.12  46952.00  11016.00      0.00  sysbench
1565363660     0      9976    2.00   11.00    0.00   13.00     0      0.00      0.00   89728   4560   0.12  56988.00  11012.00      0.00  sysbench
1565363661     0      9976    1.00   10.00    0.00   11.00     0      0.00      0.00   89728   4560   0.12  55900.00  11676.00      0.00  sysbench
1565363662     0      9976    1.00   11.00    0.00   12.00     0      0.00      0.00   89728   4560   0.12  54736.00  12112.00      0.00  sysbench
1565363663     0      9976    2.00   13.00    0.00   15.00     0      0.00      0.00   89728   4560   0.12  71420.00  11040.00      0.00  sysbench
1565363664     0      9976    1.00   11.00    0.00   12.00     0      0.00      0.00   89728   4560   0.12  50040.00  11464.00      0.00  sysbench
1565363665     0     10142    0.00   74.00    0.00   74.00     2   1330.00      0.00   89592   3516   0.09      4.00      0.00      0.00  sysbench

1565363605     0      9145    1.98   10.89    0.00   12.87     0    199.01      0.00   89728   4564   0.12  58194.06  12059.41      0.00  sysbench
1565363606     0      9145    0.00   12.00    0.00   12.00     0      0.00      0.00   89728   4564   0.12  67580.00  13132.00      0.00  sysbench
1565363607     0      9145    2.00    9.00    0.00   11.00     0      0.00      0.00   89728   4564   0.12  52968.00  12140.00      0.00  sysbench
1565363608     0      9145    1.00   11.00    0.00   12.00     0      0.00      0.00   89728   4564   0.12  52860.00  10504.00      0.00  sysbench
1565363609     0      9145    1.00   11.00    0.00   12.00     0      1.00      0.00   89728   4564   0.12  61468.00  10800.00      0.00  sysbench
1565363610     0      9145    1.00   12.00    0.00   13.00     0      0.00      0.00   89728   4564   0.12  63604.00  11828.00      0.00  sysbench
1565363611     0      9145    2.00   11.00    0.00   13.00     0      0.00      0.00   89728   4564   0.12  51176.00  11356.00      0.00  sysbench
1565363612     0      9145    0.00   11.00    0.00   11.00     0      0.00      0.00   89728   4564   0.12  47804.00  10872.00      0.00  sysbench
1565363613     0      9145    1.00   10.00    0.00   11.00     0      0.00      0.00   89728   4564   0.12  51504.00  11316.00      0.00  sysbench
1565363615     0      9311    1.00   10.00    0.00   11.00     0   1704.00      0.00   89728   4036   0.10  47276.00   9852.00      0.00  sysbench
1565363616     0      9311    1.00   11.00    0.00   12.00     0    132.00      0.00   89728   4560   0.12  63288.00  10996.00      0.00  sysbench
1565363617     0      9311    1.00   12.00    0.00   13.00     0      1.00      0.00   89728   4560   0.12  61552.00  11580.00      0.00  sysbench
1565363618     0      9311    1.00    9.00    0.00   10.00     0      1.00      0.00   89728   4560   0.12  56940.00   9960.00      0.00  sysbench
1565363619     0      9311    1.00   12.00    0.00   13.00     0      0.00      0.00   89728   4560   0.12  61528.00  10948.00      0.00  sysbench
1565363620     0      9311    1.00   13.00    0.00   14.00     0      0.00      0.00   89728   4560   0.12  56516.00  11200.00      0.00  sysbench
1565363621     0      9311    1.00   10.00    0.00   11.00     0      0.00      0.00   89728   4560   0.12  49388.00  10052.00      0.00  sysbench
1565363622     0      9311    3.00   11.00    0.00   14.00     0      0.00      0.00   89728   4560   0.12  45912.00  11040.00      0.00  sysbench
1565363623     0      9311    2.00   10.00    0.00   12.00     0      0.00      0.00   89728   4560   0.12  44884.00  10500.00      0.00  sysbench
1565363624     0      9311    1.00   11.00    0.00   12.00     0      0.00      0.00   89728   4560   0.12  57232.00  11416.00      0.00  sysbench
1565363625     0      9478    0.00   10.00    0.00   10.00     3   1700.00      0.00   89728   4040   0.10  55956.00  11420.00      0.00  sysbench
1565363626     0      9478    2.00    9.00    0.00   11.00     3    139.00      0.00   89728   4564   0.12  44112.00   8816.00      0.00  sysbench
1565363627     0      9478    1.00   11.00    0.00   12.00     3      1.00      0.00   89728   4564   0.12  40768.00   9868.00      0.00  sysbench
1565363628     0      9478    1.00   10.00    0.00   11.00     3      0.00      0.00   89728   4564   0.12  61400.00  10420.00      0.00  sysbench
1565363629     0      9478    1.00   10.00    0.00   11.00     3      0.00      0.00   89728   4564   0.12  52892.00  10948.00      0.00  sysbench
1565363630     0      9478    1.00   11.00    0.00   12.00     3      0.00      0.00   89728   4564   0.12  68496.00  11168.00      0.00  sysbench
1565363631     0      9478    1.00   10.00    0.00   11.00     3      0.00      0.00   89728   4564   0.12  46312.00  11172.00      0.00  sysbench
1565363632     0      9478    1.00   12.00    0.00   13.00     3      0.00      0.00   89728   4564   0.12  63036.00  11744.00      0.00  sysbench
1565363633     0      9478    1.00    9.00    0.00   10.00     3      0.00      0.00   89728   4564   0.12  51356.00   9756.00      0.00  sysbench
1565363634     0      9478    1.00   10.00    0.00   11.00     3      0.00      0.00   89728   4564   0.12  52616.00   9620.00      0.00  sysbench
1565363635     0      9644    1.00    9.00    0.00   10.00     0   1700.00      0.00   89728   4040   0.10  45188.00  10492.00      0.00  sysbench
1565363636     0      9644    2.00    8.00    0.00   10.00     0    139.00      0.00   89728   4564   0.12  43552.00   9592.00      0.00  sysbench
1565363637     0      9644    1.00   12.00    0.00   13.00     0      1.00      0.00   89728   4564   0.12  53536.00  10824.00      0.00  sysbench
1565363638     0      9644    1.00   10.00    0.00   11.00     0      0.00      0.00   89728   4564   0.12  53704.00  10804.00      0.00  sysbench
1565363639     0      9644    1.00   10.00    0.00   11.00     0      0.00      0.00   89728   4564   0.12  48268.00  11276.00      0.00  sysbench
1565363640     0      9644    1.00   10.00    0.00   11.00     0      0.00      0.00   89728   4564   0.12  54852.00  11608.00      0.00  sysbench
1565363641     0      9644    1.00   12.00    0.00   13.00     0      0.00      0.00   89728   4564   0.12  56812.00  11172.00      0.00  sysbench
1565363642     0      9644    2.00   11.00    0.00   13.00     0      0.00      0.00   89728   4564   0.12  54136.00  10744.00      0.00  sysbench
1565363643     0      9644    1.00   10.00    0.00   11.00     0      0.00      0.00   89728   4564   0.12  54872.00  10100.00      0.00  sysbench
1565363644     0      9644    2.00   10.00    0.00   12.00     0      0.00      0.00   89728   4564   0.12  56548.00  11428.00      0.00  sysbench
1565363645     0      9810    0.99    7.92    0.00    8.91     3   1685.15      0.00   89728   4036   0.10  41037.62   8130.69      0.00  sysbench
1565363646     0      9810    2.02   11.11    0.00   13.13     3    138.38      0.00   89728   4560   0.12  59329.29  10997.98      0.00  sysbench
1565363647     0      9810    1.00    9.00    0.00   10.00     3      1.00      0.00   89728   4560   0.12  43376.00  10472.00      0.00  sysbench
1565363648     0      9810    2.00   10.00    0.00   12.00     3      0.00      0.00   89728   4560   0.12  56692.00  10508.00      0.00  sysbench
1565363649     0      9810    0.00   10.00    0.00   10.00     3      1.00      0.00   89728   4560   0.12  46596.00  10508.00      0.00  sysbench
1565363650     0      9810    2.00   12.00    0.00   14.00     3      0.00      0.00   89728   4560   0.12  61372.00  12044.00      0.00  sysbench
1565363651     0      9810    2.00   10.00    0.00   12.00     3      0.00      0.00   89728   4560   0.12  68216.00  12116.00      0.00  sysbench
1565363652     0      9810    1.00   11.00    0.00   12.00     3      0.00      0.00   89728   4560   0.12  57996.00  11804.00      0.00  sysbench
1565363653     0      9810    1.00   11.00    0.00   12.00     3      0.00      0.00   89728   4560   0.12  62740.00  11024.00      0.00  sysbench
1565363654     0      9810    1.00   10.00    0.00   11.00     3      0.00      0.00   89728   4560   0.12  48500.00  10628.00      0.00  sysbench
1565363655     0      9976    1.00    7.00    0.00    8.00     0   1704.00      0.00   89728   4036   0.10  46444.00   7756.00      0.00  sysbench
1565363656     0      9976    1.00   11.00    0.00   12.00     0    132.00      0.00   89728   4560   0.12  56112.00  11588.00      0.00  sysbench
1565363657     0      9976    1.00    9.00    0.00   10.00     0      2.00      0.00   89728   4560   0.12  50952.00   9356.00      0.00  sysbench
1565363658     0      9976    1.00   10.00    0.00   11.00     0      0.00      0.00   89728   4560   0.12  66100.00  11572.00      0.00  sysbench
1565363659     0      9976    2.00   10.00    0.00   12.00     0      0.00      0.00   89728   4560   0.12  47444.00  11004.00      0.00  sysbench
1565363660     0      9976    2.00   11.00    0.00   13.00     0      0.00      0.00   89728   4560   0.12  54024.00  10460.00      0.00  sysbench
1565363661     0      9976    1.00   11.00    0.00   12.00     0      0.00      0.00   89728   4560   0.12  58244.00  12200.00      0.00  sysbench
1565363662     0      9976    2.00   10.00    0.00   12.00     0      0.00      0.00   89728   4560   0.12  52548.00  11672.00      0.00  sysbench
1565363663     0      9976    1.00   13.00    0.00   14.00     0      0.00      0.00   89728   4560   0.12  71436.00  11040.00      0.00  sysbench
1565363664     0      9976    1.00   11.00    0.00   12.00     0      0.00      0.00   89728   4560   0.12  49940.00  11420.00      0.00  sysbench
1565363665     0     10142    0.00   77.00    0.00   77.00     2   1330.00      0.00   89592   3516   0.09      4.00      0.00      0.00  sysbench

1565363615     0      9311    0.99    9.90    0.00   10.89     0    209.90      0.00   89728   4560   0.12  47718.81   9916.83      0.00  sysbench
1565363616     0      9311    1.00   12.00    0.00   13.00     0      1.00      0.00   89728   4560   0.12  62112.00  10740.00      0.00  sysbench
1565363617     0      9311    1.00   11.00    0.00   12.00     0      1.00      0.00   89728   4560   0.12  64564.00  11816.00      0.00  sysbench
1565363619     0      9311    1.00   10.00    0.00   11.00     0      0.00      0.00   89728   4560   0.12  53104.00   9436.00      0.00  sysbench
1565363619     0      9311    1.00   12.00    0.00   13.00     0      0.00      0.00   89728   4560   0.12  62980.00  11224.00      0.00  sysbench
1565363621     0      9311    1.00   12.00    0.00   13.00     0      0.00      0.00   89728   4560   0.12  55660.00  11200.00      0.00  sysbench
1565363622     0      9311    2.00   10.00    0.00   12.00     0      0.00      0.00   89728   4560   0.12  50812.00  10264.00      0.00  sysbench
1565363623     0      9311    2.00   12.00    0.00   14.00     0      0.00      0.00   89728   4560   0.12  45368.00  11080.00      0.00  sysbench
1565363624     0      9311    2.00    9.00    0.00   11.00     0      0.00      0.00   89728   4560   0.12  45824.00  10500.00      0.00  sysbench
1565363624     0      9311    1.00   11.00    0.00   12.00     0      0.00      0.00   89728   4560   0.12  55520.00  11024.00      0.00  sysbench
1565363626     0      9478    0.00   11.00    0.00   11.00     3   1700.00      0.00   89728   4040   0.10  58012.00  11828.00      0.00  sysbench
1565363626     0      9478    2.00    9.00    0.00   11.00     3    139.00      0.00   89728   4564   0.12  44368.00   8972.00      0.00  sysbench
1565363628     0      9478    1.00   10.00    0.00   11.00     3      1.00      0.00   89728   4564   0.12  40320.00   9840.00      0.00  sysbench
1565363628     0      9478    1.00   10.00    0.00   11.00     3      0.00      0.00   89728   4564   0.12  61460.00  10436.00      0.00  sysbench
1565363630     0      9478    1.00   10.00    0.00   11.00     3      0.00      0.00   89728   4564   0.12  58056.00  10960.00      0.00  sysbench
1565363630     0      9478    1.00   12.00    0.00   13.00     3      0.00      0.00   89728   4564   0.12  63544.00  11016.00      0.00  sysbench
1565363632     0      9478    1.00   10.00    0.00   11.00     3      0.00      0.00   89728   4564   0.12  49564.00  11312.00      0.00  sysbench
1565363633     0      9478    1.00   11.00    0.00   12.00     3      0.00      0.00   89728   4564   0.12  60136.00  11500.00      0.00  sysbench
1565363634     0      9478    1.00    9.00    0.00   10.00     3      0.00      0.00   89728   4564   0.12  50204.00   9764.00      0.00  sysbench
1565363635     0      9478    1.00   10.00    0.00   11.00     3      0.00      0.00   89728   4564   0.12  54288.00   9792.00      0.00  sysbench
1565363636     0      9644    2.00    9.00    0.00   11.00     0   1700.00      0.00   89728   4040   0.10  47080.00  11008.00      0.00  sysbench
1565363637     0      9644    1.00    9.00    0.00   10.00     0    139.00      0.00   89728   4564   0.12  43692.00   9404.00      0.00  sysbench
1565363638     0      9644    1.00   11.00    0.00   12.00     0      1.00      0.00   89728   4564   0.12  54744.00  11068.00      0.00  sysbench
1565363639     0      9644    1.00   10.00    0.00   11.00     0      0.00      0.00   89728   4564   0.12  51692.00  10852.00      0.00  sysbench
1565363640     0      9644    1.00   10.00    0.00   11.00     0      0.00      0.00   89728   4564   0.12  49588.00  11212.00      0.00  sysbench
1565363641     0      9644    1.00   10.00    0.00   11.00     0      0.00      0.00   89728   4564   0.12  54872.00  11600.00      0.00  sysbench
1565363641     0      9644    1.00   12.00    0.00   13.00     0      0.00      0.00   89728   4564   0.12  55696.00  11080.00      0.00  sysbench
1565363643     0      9644    2.00   11.00    0.00   13.00     0      0.00      0.00   89728   4564   0.12  53660.00  10744.00      0.00  sysbench
1565363643     0      9644    1.00   10.00    0.00   11.00     0      0.00      0.00   89728   4564   0.12  55004.00  10016.00      0.00  sysbench
1565363644     0      9644    2.00   10.00    0.00   12.00     0      0.00      0.00   89728   4564   0.12  57612.00  11596.00      0.00  sysbench
1565363646     0      9810    1.00    8.00    0.00    9.00     3   1702.00      0.00   89728   4036   0.10  42160.00   8460.00      0.00  sysbench
1565363647     0      9810    2.00   11.00    0.00   13.00     3    137.00      0.00   89728   4560   0.12  59316.00  11188.00      0.00  sysbench
1565363648     0      9810    1.00   10.00    0.00   11.00     3      1.00      0.00   89728   4560   0.12  46452.00  10476.00      0.00  sysbench
1565363648     0      9810    2.00   10.00    0.00   12.00     3      0.00      0.00   89728   4560   0.12  54360.00  10516.00      0.00  sysbench
1565363650     0      9810    0.00   10.00    0.00   10.00     3      1.00      0.00   89728   4560   0.12  45788.00  10076.00      0.00  sysbench
1565363651     0      9810    2.00   11.00    0.00   13.00     3      0.00      0.00   89728   4560   0.12  62200.00  12468.00      0.00  sysbench
1565363652     0      9810    2.00   11.00    0.00   13.00     3      0.00      0.00   89728   4560   0.12  68288.00  12132.00      0.00  sysbench
1565363653     0      9810    1.00   11.00    0.00   12.00     3      0.00      0.00   89728   4560   0.12  57316.00  11524.00      0.00  sysbench
1565363654     0      9810    1.00   11.00    0.00   12.00     3      0.00      0.00   89728   4560   0.12  62632.00  11000.00      0.00  sysbench
1565363655     0      9810    1.00    9.00    0.00   10.00     3      0.00      0.00   89728   4560   0.12  48672.00  10532.00      0.00  sysbench
1565363656     0      9976    1.00    8.00    0.00    9.00     0   1704.00      0.00   89728   4036   0.10  47356.00   8268.00      0.00  sysbench
1565363657     0      9976    1.00   10.00    0.00   11.00     0    132.00      0.00   89728   4560   0.12  57688.00  11528.00      0.00  sysbench
1565363658     0      9976    1.00   10.00    0.00   11.00     0      2.00      0.00   89728   4560   0.12  50224.00   9356.00      0.00  sysbench
1565363659     0      9976    1.00   10.00    0.00   11.00     0      0.00      0.00   89728   4560   0.12  66200.00  11664.00      0.00  sysbench
1565363660     0      9976    3.00   10.00    0.00   13.00     0      0.00      0.00   89728   4560   0.12  50064.00  10988.00      0.00  sysbench
1565363661     0      9976    1.00   10.00    0.00   11.00     0      0.00      0.00   89728   4560   0.12  51632.00  10484.00      0.00  sysbench
1565363662     0      9976    1.00   11.00    0.00   12.00     0      0.00      0.00   89728   4560   0.12  59064.00  12212.00      0.00  sysbench
1565363663     0      9976    2.00   10.00    0.00   12.00     0      0.00      0.00   89728   4560   0.12  56444.00  11592.00      0.00  sysbench
1565363664     0      9976    1.00   13.00    0.00   14.00     0      0.00      0.00   89728   4560   0.12  66512.00  11028.00      0.00  sysbench
1565363665     0      9976    1.00   12.00    0.00   13.00     0      0.00      0.00   89728   4560   0.12  51672.00  11472.00      0.00  sysbench
1565363666     0     10142    0.00   81.00    0.00   81.00     2   1330.00      0.00   89592   3516   0.09      4.00      0.00      0.00  sysbench

1565363626     0      9478    0.98   10.78    0.00   11.76     3    201.96      0.00   89728   4564   0.12  55223.53  11466.67      0.00  sysbench
1565363627     0      9478    1.00    9.00    0.00   10.00     3      1.00      0.00   89728   4564   0.12  45852.00   9152.00      0.00  sysbench
1565363628     0      9478    2.00   10.00    0.00   12.00     3      0.00      0.00   89728   4564   0.12  41532.00   9816.00      0.00  sysbench
1565363629     0      9478    0.00   11.00    0.00   11.00     3      0.00      0.00   89728   4564   0.12  62264.00  10780.00      0.00  sysbench
1565363630     0      9478    2.00   10.00    0.00   12.00     3      0.00      0.00   89728   4564   0.12  56160.00  10648.00      0.00  sysbench
1565363631     0      9478    0.00   11.00    0.00   11.00     3      0.00      0.00   89728   4564   0.12  63924.00  11088.00      0.00  sysbench
1565363632     0      9478    1.00   11.00    0.00   12.00     3      0.00      0.00   89728   4564   0.12  51172.00  11528.00      0.00  sysbench
1565363633     0      9478    1.00   11.00    0.00   12.00     3      0.00      0.00   89728   4564   0.12  58536.00  11452.00      0.00  sysbench
1565363634     0      9478    1.00    9.00    0.00   10.00     3      0.00      0.00   89728   4564   0.12  49720.00   9492.00      0.00  sysbench
1565363635     0      9644    0.00    0.00    0.00    0.00     0   1591.00      0.00   89728   3516   0.09    844.00    120.00      0.00  sysbench
1565363636     0      9644    2.00    9.00    0.00   11.00     0    248.00      0.00   89728   4564   0.12  48804.00  11488.00      0.00  sysbench
1565363637     0      9644    2.00    9.00    0.00   11.00     0      1.00      0.00   89728   4564   0.12  44476.00   9344.00      0.00  sysbench
1565363638     0      9644    0.00   12.00    0.00   12.00     0      0.00      0.00   89728   4564   0.12  55068.00  11072.00      0.00  sysbench
1565363639     0      9644    1.00   10.00    0.00   11.00     0      0.00      0.00   89728   4564   0.12  52596.00  11044.00      0.00  sysbench
1565363640     0      9644    1.00   10.00    0.00   11.00     0      0.00      0.00   89728   4564   0.12  51444.00  11024.00      0.00  sysbench
1565363641     0      9644    1.00   10.00    0.00   11.00     0      0.00      0.00   89728   4564   0.12  50084.00  11600.00      0.00  sysbench
1565363642     0      9644    1.00   12.00    0.00   13.00     0      0.00      0.00   89728   4564   0.12  56156.00  10992.00      0.00  sysbench
1565363643     0      9644    2.00   11.00    0.00   13.00     0      0.00      0.00   89728   4564   0.12  57236.00  10772.00      0.00  sysbench
1565363644     0      9644    2.00   10.00    0.00   12.00     0      0.00      0.00   89728   4564   0.12  59464.00  10544.00      0.00  sysbench
1565363645     0      9644    1.00   10.00    0.00   11.00     0      0.00      0.00   89728   4564   0.12  49548.00  11104.00      0.00  sysbench
1565363646     0      9810    1.00    9.00    0.00   10.00     3   1702.00      0.00   89728   4036   0.10  45968.00   9120.00      0.00  sysbench
1565363647     0      9810    2.00   11.00    0.00   13.00     3    137.00      0.00   89728   4560   0.12  57832.00  11088.00      0.00  sysbench
1565363648     0      9810    1.00    9.00    0.00   10.00     3      1.00      0.00   89728   4560   0.12  47328.00  10456.00      0.00  sysbench
1565363649     0      9810    2.00   10.00    0.00   12.00     3      0.00      0.00   89728   4560   0.12  51160.00   9976.00      0.00  sysbench
1565363650     0      9810    0.00   11.00    0.00   11.00     3      1.00      0.00   89728   4560   0.12  52780.00  10968.00      0.00  sysbench
1565363651     0      9810    2.00   11.00    0.00   13.00     3      0.00      0.00   89728   4560   0.12  60920.00  12132.00      0.00  sysbench
1565363652     0      9810    2.00   11.00    0.00   13.00     3      0.00      0.00   89728   4560   0.12  65236.00  12308.00      0.00  sysbench
1565363653     0      9810    1.00   11.00    0.00   12.00     3      0.00      0.00   89728   4560   0.12  63076.00  11880.00      0.00  sysbench
1565363654     0      9810    1.00   10.00    0.00   11.00     3      0.00      0.00   89728   4560   0.12  59052.00  10968.00      0.00  sysbench
1565363655     0      9810    1.00   10.00    0.00   11.00     3      0.00      0.00   89728   4560   0.12  51004.00  10520.00      0.00  sysbench
1565363656     0      9976    1.00    9.00    0.00   10.00     0   1704.00      0.00   89728   4036   0.10  52296.00   9112.00      0.00  sysbench
1565363657     0      9976    1.00   10.00    0.00   11.00     0    132.00      0.00   89728   4560   0.12  56152.00  11364.00      0.00  sysbench
1565363658     0      9976    1.00   10.00    0.00   11.00     0      2.00      0.00   89728   4560   0.12  50428.00   9324.00      0.00  sysbench
1565363659     0      9976    1.00    9.00    0.00   10.00     0      0.00      0.00   89728   4560   0.12  66212.00  11572.00      0.00  sysbench
1565363660     0      9976    3.00   11.00    0.00   14.00     0      0.00      0.00   89728   4560   0.12  50244.00  10992.00      0.00  sysbench
1565363661     0      9976    1.00   10.00    0.00   11.00     0      0.00      0.00   89728   4560   0.12  51480.00  10492.00      0.00  sysbench
1565363662     0      9976    1.00   11.00    0.00   12.00     0      0.00      0.00   89728   4560   0.12  59332.00  12640.00      0.00  sysbench
1565363663     0      9976    2.00   10.00    0.00   12.00     0      0.00      0.00   89728   4560   0.12  58692.00  11156.00      0.00  sysbench
1565363664     0      9976    1.00   14.00    0.00   15.00     0      0.00      0.00   89728   4560   0.12  64976.00  11576.00      0.00  sysbench
1565363665     0      9976    1.00   10.00    0.00   11.00     0      0.00      0.00   89728   4560   0.12  49236.00  10900.00      0.00  sysbench
1565363666     0     10142    0.00   88.00    0.00   88.00     2   1330.00      0.00   89592   3516   0.09      4.00      0.00      0.00  sysbench

1565363636     0      9644    1.98    8.91    0.00   10.89     0    209.90      0.00   89728   4564   0.12  46942.57  11120.79      0.00  sysbench
1565363637     0      9644    2.00   10.00    0.00   12.00     0      1.00      0.00   89728   4564   0.12  47924.00   9904.00      0.00  sysbench
1565363638     0      9644    0.00   11.00    0.00   11.00     0      0.00      0.00   89728   4564   0.12  55496.00  11068.00      0.00  sysbench
1565363639     0      9644    1.00   10.00    0.00   11.00     0      0.00      0.00   89728   4564   0.12  49184.00  10752.00      0.00  sysbench
1565363640     0      9644    1.00   10.00    0.00   11.00     0      0.00      0.00   89728   4564   0.12  51960.00  11260.00      0.00  sysbench
1565363641     0      9644    1.00   10.00    0.00   11.00     0      0.00      0.00   89728   4564   0.12  49104.00  11100.00      0.00  sysbench
1565363642     0      9644    2.00   12.00    0.00   14.00     0      0.00      0.00   89728   4564   0.12  57836.00  11536.00      0.00  sysbench
1565363643     0      9644    1.00   11.00    0.00   12.00     0      0.00      0.00   89728   4564   0.12  56500.00  10384.00      0.00  sysbench
1565363644     0      9644    2.00   10.00    0.00   12.00     0      0.00      0.00   89728   4564   0.12  58800.00  10472.00      0.00  sysbench
1565363645     0      9644    1.00   10.00    0.00   11.00     0      4.00      0.00   89728   4596   0.12  49268.00  11020.00      0.00  sysbench
1565363646     0      9810    1.00    9.00    0.00   10.00     3   1703.00      0.00   89728   4036   0.10  49140.00   9272.00      0.00  sysbench
1565363647     0      9810    2.00   11.00    0.00   13.00     3    136.00      0.00   89728   4560   0.12  56700.00  11524.00      0.00  sysbench
1565363648     0      9810    1.00   10.00    0.00   11.00     3      1.00      0.00   89728   4560   0.12  45308.00   9868.00      0.00  sysbench
1565363649     0      9810    2.00    9.00    0.00   11.00     3      0.00      0.00   89728   4560   0.12  51140.00   9976.00      0.00  sysbench
1565363650     0      9810    0.00   11.00    0.00   11.00     3      1.00      0.00   89728   4560   0.12  52972.00  11048.00      0.00  sysbench
1565363651     0      9810    2.00   11.00    0.00   13.00     3      0.00      0.00   89728   4560   0.12  63304.00  12524.00      0.00  sysbench
1565363652     0      9810    2.00   11.00    0.00   13.00     3      0.00      0.00   89728   4560   0.12  64712.00  12212.00      0.00  sysbench
1565363653     0      9810    1.00   11.00    0.00   12.00     3      0.00      0.00   89728   4560   0.12  61344.00  11580.00      0.00  sysbench
1565363654     0      9810    1.00   11.00    0.00   12.00     3      0.00      0.00   89728   4560   0.12  58984.00  10932.00      0.00  sysbench
1565363655     0      9810    1.00   10.00    0.00   11.00     3      0.00      0.00   89728   4560   0.12  51284.00  10532.00      0.00  sysbench
1565363656     0      9976    1.00    9.00    0.00   10.00     0   1704.00      0.00   89728   4036   0.10  53444.00   9412.00      0.00  sysbench
1565363657     0      9976    1.00   10.00    0.00   11.00     0    132.00      0.00   89728   4560   0.12  56736.00  11620.00      0.00  sysbench
1565363658     0      9976    1.00   10.00    0.00   11.00     0      2.00      0.00   89728   4560   0.12  49472.00   9000.00      0.00  sysbench
1565363659     0      9976    2.00   10.00    0.00   12.00     0      0.00      0.00   89728   4560   0.12  67284.00  11592.00      0.00  sysbench
1565363660     0      9976    2.00   10.00    0.00   12.00     0      0.00      0.00   89728   4560   0.12  48836.00  10892.00      0.00  sysbench
1565363661     0      9976    1.00   10.00    0.00   11.00     0      0.00      0.00   89728   4560   0.12  52348.00  10508.00      0.00  sysbench
1565363662     0      9976    1.00   11.00    0.00   12.00     0      0.00      0.00   89728   4560   0.12  58228.00  12580.00      0.00  sysbench
1565363663     0      9976    2.00   11.00    0.00   13.00     0      0.00      0.00   89728   4560   0.12  59540.00  11612.00      0.00  sysbench
1565363664     0      9976    1.00   13.00    0.00   14.00     0      0.00      0.00   89728   4560   0.12  65632.00  11244.00      0.00  sysbench
1565363665     0      9976    1.00   11.00    0.00   12.00     0      0.00      0.00   89728   4560   0.12  51312.00  11212.00      0.00  sysbench

1565363646     0      9810    1.96    9.80    0.00   11.76     3    195.10      0.00   89728   4560   0.12  48552.94   9094.12      0.00  sysbench
1565363647     0      9810    1.00   10.00    0.00   11.00     3      1.00      0.00   89728   4560   0.12  55632.00  11532.00      0.00  sysbench
1565363648     0      9810    2.00   10.00    0.00   12.00     3      0.00      0.00   89728   4560   0.12  45536.00   9848.00      0.00  sysbench
1565363649     0      9810    1.00    9.00    0.00   10.00     3      1.00      0.00   89728   4560   0.12  52072.00   9984.00      0.00  sysbench
1565363650     0      9810    1.00   11.00    0.00   12.00     3      0.00      0.00   89728   4560   0.12  54720.00  11348.00      0.00  sysbench
1565363651     0      9810    1.00   12.00    0.00   13.00     3      0.00      0.00   89728   4560   0.12  62020.00  12308.00      0.00  sysbench
1565363652     0      9810    2.00   11.00    0.00   13.00     3      0.00      0.00   89728   4560   0.12  65780.00  12112.00      0.00  sysbench
1565363653     0      9810    1.00   11.00    0.00   12.00     3      0.00      0.00   89728   4560   0.12  60204.00  11772.00      0.00  sysbench
1565363654     0      9810    1.00   10.00    0.00   11.00     3      0.00      0.00   89728   4560   0.12  57576.00  10952.00      0.00  sysbench
1565363655     0      9810    2.00   10.00    0.00   12.00     2     18.00      0.00   89728   4696   0.12  51028.00  10304.00      0.00  sysbench
1565363656     0      9976    1.00    9.00    0.00   10.00     0   1707.00      0.00   89728   4036   0.10  53444.00   9412.00      0.00  sysbench
1565363657     0      9976    1.00   11.00    0.00   12.00     0    129.00      0.00   89728   4560   0.12  59084.00  11964.00      0.00  sysbench
1565363658     0      9976    1.00    9.00    0.00   10.00     0      2.00      0.00   89728   4560   0.12  50928.00   9544.00      0.00  sysbench
1565363659     0      9976    2.00   10.00    0.00   12.00     0      0.00      0.00   89728   4560   0.12  65696.00  11440.00      0.00  sysbench
1565363660     0      9976    2.00   11.00    0.00   13.00     0      0.00      0.00   89728   4560   0.12  52292.00  10944.00      0.00  sysbench
1565363661     0      9976    1.00   10.00    0.00   11.00     0      0.00      0.00   89728   4560   0.12  50384.00  10668.00      0.00  sysbench
1565363662     0      9976    1.00   11.00    0.00   12.00     0      0.00      0.00   89728   4560   0.12  59148.00  12168.00      0.00  sysbench
1565363663     0      9976    2.00   10.00    0.00   12.00     0      0.00      0.00   89728   4560   0.12  57376.00  11616.00      0.00  sysbench
1565363664     0      9976    1.00   14.00    0.00   15.00     0      0.00      0.00   89728   4560   0.12  66860.00  11536.00      0.00  sysbench
1565363665     0      9976    1.00   10.00    0.00   11.00     0      0.00      0.00   89728   4560   0.12  49920.00  10956.00      0.00  sysbench

1565363656     0      9976    0.99    9.90    0.00   10.89     0    198.02      0.00   89728   4560   0.12  59156.44   9314.85      0.00  sysbench
1565363657     0      9976    2.00   10.00    0.00   12.00     0      2.00      0.00   89728   4560   0.12  53408.00  12144.00      0.00  sysbench
1565363658     0      9976    0.00   10.00    0.00   10.00     0      0.00      0.00   89728   4560   0.12  49476.00   9376.00      0.00  sysbench
1565363659     0      9976    2.00    9.00    0.00   11.00     0      0.00      0.00   89728   4560   0.12  66872.00  11360.00      0.00  sysbench
1565363660     0      9976    2.00   11.00    0.00   13.00     0      0.00      0.00   89728   4560   0.12  53752.00  11072.00      0.00  sysbench
1565363661     0      9976    1.00   10.00    0.00   11.00     0      0.00      0.00   89728   4560   0.12  48944.00  10620.00      0.00  sysbench
1565363662     0      9976    1.00   11.00    0.00   12.00     0      0.00      0.00   89728   4560   0.12  61500.00  12548.00      0.00  sysbench
1565363663     0      9976    2.00   11.00    0.00   13.00     0      0.00      0.00   89728   4560   0.12  58168.00  11268.00      0.00  sysbench
1565363664     0      9976    1.00   13.00    0.00   14.00     0      0.00      0.00   89728   4560   0.12  61996.00  11324.00      0.00  sysbench
1565363665     0     10142    0.00    1.00    0.00    1.00     3   1330.00      0.00   89592   3516   0.09      4.00      0.00      0.00  sysbench

