1565355082     0      6647    1.96    7.84    0.00    9.80     3    228.43      0.00   89728   4560   0.12  11443.14   5352.94      0.00  sysbench
1565355083     0      6647    1.98    8.91    0.00   10.89     3      0.00      0.00   89728   4560   0.12  12645.54   5663.37      0.00  sysbench
1565355084     0      6647    1.00    9.00    0.00   10.00     3      2.00      0.00   89728   4560   0.12  13624.00   5292.00      0.00  sysbench
1565355085     0      6647    1.00    9.00    0.00   10.00     3      0.00      0.00   89728   4560   0.12  13988.00   6004.00      0.00  sysbench
1565355086     0      6647    1.00    9.00    0.00   10.00     3      0.00      0.00   89728   4560   0.12  16112.00   6368.00      0.00  sysbench
1565355087     0      6647    1.00    9.00    0.00   10.00     3      0.00      0.00   89728   4560   0.12  14368.00   6228.00      0.00  sysbench
1565355088     0      6647    1.00    9.00    0.00   10.00     3      0.00      0.00   89728   4560   0.12  14764.00   6552.00      0.00  sysbench
1565355089     0      6647    1.00    9.00    0.00   10.00     3      0.00      0.00   89728   4560   0.12  16512.00   6560.00      0.00  sysbench
1565355090     0      6647    2.00    9.00    0.00   11.00     3      0.00      0.00   89728   4560   0.12  14736.00   6540.00      0.00  sysbench
1565355092     0      6814    1.00    9.00    0.00   10.00     0   1123.00      0.00   89728   4040   0.10  15928.00   6152.00      0.00  sysbench
1565355093     0      6814    1.00    9.00    0.00   10.00     0    129.00      0.00   89728   4564   0.12  13308.00   5308.00      0.00  sysbench
1565355094     0      6814    1.00    9.00    0.00   10.00     0      1.00      0.00   89728   4564   0.12  16288.00   6468.00      0.00  sysbench
1565355095     0      6814    1.00   10.00    0.00   11.00     0      1.00      0.00   89728   4564   0.12  16724.00   6636.00      0.00  sysbench
1565355096     0      6814    2.00    9.00    0.00   11.00     0      0.00      0.00   89728   4564   0.12  16004.00   6584.00      0.00  sysbench
1565355097     0      6814    1.00    9.00    0.00   10.00     0      0.00      0.00   89728   4564   0.12  17940.00   6612.00      0.00  sysbench
1565355098     0      6814    2.00    9.00    0.00   11.00     0      0.00      0.00   89728   4564   0.12  17204.00   6528.00      0.00  sysbench
1565355099     0      6814    1.00    9.00    0.00   10.00     0      0.00      0.00   89728   4564   0.12  15868.00   5984.00      0.00  sysbench
1565355100     0      6814    1.00   10.00    0.00   11.00     0      0.00      0.00   89728   4564   0.12  19516.00   6560.00      0.00  sysbench
1565355101     0      6814    2.00    8.00    0.00   10.00     0      0.00      0.00   89728   4564   0.12  20020.00   6048.00      0.00  sysbench
1565355102     0      6966    1.00    8.00    0.00    9.00     2   1705.00      0.00   89728   4040   0.10  18948.00   5972.00      0.00  sysbench
1565355103     0      6966    2.00    9.00    0.00   11.00     2    131.00      0.00   89728   4564   0.12  17384.00   5704.00      0.00  sysbench
1565355104     0      6966    1.00    8.00    0.00    9.00     2      0.00      0.00   89728   4564   0.12  17124.00   5552.00      0.00  sysbench
1565355105     0      6966    1.00    9.00    0.00   10.00     2      0.00      0.00   89728   4564   0.12  19392.00   6552.00      0.00  sysbench
1565355106     0      6966    2.00    8.00    0.00   10.00     2      0.00      0.00   89728   4564   0.12  18960.00   5356.00      0.00  sysbench
1565355107     0      6966    1.00    9.00    0.00   10.00     2      0.00      0.00   89728   4564   0.12  20492.00   6020.00      0.00  sysbench
1565355108     0      6966    0.00   10.00    0.00   10.00     2      0.00      0.00   89728   4564   0.12  23264.00   6468.00      0.00  sysbench
1565355109     0      6966    2.00   10.00    0.00   12.00     2      1.00      0.00   89728   4564   0.12  21288.00   6536.00      0.00  sysbench
1565355110     0      6966    1.00    9.00    0.00   10.00     2      0.00      0.00   89728   4564   0.12  22284.00   6532.00      0.00  sysbench
1565355111     0      6966    1.00    9.00    0.00   10.00     2      0.00      0.00   89728   4564   0.12  23180.00   6280.00      0.00  sysbench
1565355112     0      7133    1.00    6.00    0.00    7.00     2   1707.00      0.00   89728   4036   0.10  12744.00   3664.00      0.00  sysbench
1565355113     0      7133    1.00    8.00    0.00    9.00     2    131.00      0.00   89728   4560   0.12  14432.00   4440.00      0.00  sysbench
1565355114     0      7133    2.00    7.00    0.00    9.00     2      1.00      0.00   89728   4560   0.12  16584.00   4488.00      0.00  sysbench
1565355115     0      7133    1.00    9.00    0.00   10.00     2      1.00      0.00   89728   4560   0.12  15760.00   5004.00      0.00  sysbench
1565355116     0      7133    1.00    8.00    0.00    9.00     2      0.00      0.00   89728   4560   0.12  16324.00   4580.00      0.00  sysbench
1565355117     0      7133    1.00    6.00    0.00    7.00     2      0.00      0.00   89728   4560   0.12  13056.00   3384.00      0.00  sysbench
1565355118     0      7133    1.00    7.00    0.00    8.00     2      0.00      0.00   89728   4560   0.12  15232.00   3980.00      0.00  sysbench
1565355119     0      7133    1.00    9.00    0.00   10.00     2      0.00      0.00   89728   4560   0.12  20004.00   5500.00      0.00  sysbench
1565355120     0      7133    1.00    7.00    0.00    8.00     2      0.00      0.00   89728   4560   0.12  14324.00   4520.00      0.00  sysbench
1565355121     0      7133    1.00    8.00    0.00    9.00     2      0.00      0.00   89728   4560   0.12  19044.00   4784.00      0.00  sysbench
1565355122     0      7300    0.00    2.97    0.00    2.97     3   1698.02      0.00   89728   4040   0.10   4499.01   1279.21      0.00  sysbench
1565355123     0      7300    0.00    7.00    0.00    7.00     3    121.00      0.00   89728   4300   0.11  13692.00   4012.00      0.00  sysbench
1565355124     0      7300    1.00    8.00    0.00    9.00     3      1.00      0.00   89728   4300   0.11  17324.00   4396.00      0.00  sysbench
1565355125     0      7300    1.00    7.00    0.00    8.00     3      1.00      0.00   89728   4300   0.11  20292.00   4816.00      0.00  sysbench
1565355126     0      7300    1.00    8.00    0.00    9.00     3      1.00      0.00   89728   4300   0.11  17372.00   4592.00      0.00  sysbench
1565355127     0      7300    1.00    5.00    0.00    6.00     3      0.00      0.00   89728   4300   0.11  13512.00   2960.00      0.00  sysbench
1565355128     0      7300    1.00    7.00    0.00    8.00     3      0.00      0.00   89728   4300   0.11  15868.00   4584.00      0.00  sysbench
1565355129     0      7300    2.00    8.00    0.00   10.00     3      0.00      0.00   89728   4300   0.11  17484.00   4612.00      0.00  sysbench
1565355130     0      7300    0.99    5.94    0.00    6.93     3      0.00      0.00   89728   4300   0.11  11469.31   3057.43      0.00  sysbench
1565355131     0      7300    1.00    9.00    0.00   10.00     3      0.00      0.00   89728   4300   0.11  21400.00   5272.00      0.00  sysbench
1565355132     0      7452    1.00    5.00    0.00    6.00     3   1702.00      0.00   89728   4040   0.10  11596.00   2596.00      0.00  sysbench
1565355133     0      7452    1.00    7.00    0.00    8.00     3    132.00      0.00   89728   4564   0.12  21436.00   4692.00      0.00  sysbench
1565355134     0      7452    0.00    7.00    0.00    7.00     3      0.00      0.00   89728   4564   0.12  17864.00   4276.00      0.00  sysbench
1565355135     0      7452    1.00    8.00    0.00    9.00     3      1.00      0.00   89728   4564   0.12  21496.00   4392.00      0.00  sysbench
1565355136     0      7452    2.00    7.00    0.00    9.00     3      0.00      0.00   89728   4564   0.12  16192.00   4368.00      0.00  sysbench
1565355137     0      7452    0.00    6.00    0.00    6.00     3      0.00      0.00   89728   4564   0.12  17020.00   3120.00      0.00  sysbench
1565355138     0      7452    1.98    7.92    0.00    9.90     3      0.00      0.00   89728   4564   0.12  19540.59   4328.71      0.00  sysbench
1565355139     0      7452    1.00    7.00    0.00    8.00     3      0.00      0.00   89728   4564   0.12  21524.00   4464.00      0.00  sysbench
1565355140     0      7452    1.00    8.00    0.00    9.00     3      0.00      0.00   89728   4564   0.12  19064.00   4732.00      0.00  sysbench
1565355141     0      7452    1.00    8.00    0.00    9.00     3      0.00      0.00   89728   4564   0.12  19840.00   4852.00      0.00  sysbench
1565355142     0      7619    0.00    4.00    0.00    4.00     0   1699.00      0.00   89728   4036   0.10  11452.00   2784.00      0.00  sysbench
1565355143     0      7619    1.00    8.00    0.00    9.00     0    139.00      0.00   89728   4560   0.12  19828.00   4720.00      0.00  sysbench
1565355144     0      7619    1.00    8.00    0.00    9.00     0      1.00      0.00   89728   4560   0.12  21100.00   4612.00      0.00  sysbench
1565355145     0      7619    1.00    7.00    0.00    8.00     0      0.00      0.00   89728   4560   0.12  19496.00   4380.00      0.00  sysbench
1565355146     0      7619    1.00    7.00    0.00    8.00     0      0.00      0.00   89728   4560   0.12  22788.00   4172.00      0.00  sysbench
1565355147     0      7619    1.00    4.00    0.00    5.00     0      1.00      0.00   89728   4560   0.12  12484.00   2800.00      0.00  sysbench
1565355148     0      7619    0.00    8.00    0.00    8.00     0      0.00      0.00   89728   4560   0.12  19312.00   4168.00      0.00  sysbench
1565355149     0      7619    2.00    8.00    0.00   10.00     0      0.00      0.00   89728   4560   0.12  21188.00   5184.00      0.00  sysbench
1565355150     0      7619    1.00    7.00    0.00    8.00     0      0.00      0.00   89728   4560   0.12  26880.00   4504.00      0.00  sysbench
1565355151     0      7619    0.00    8.00    0.00    8.00     0      0.00      0.00   89728   4560   0.12  23548.00   4416.00      0.00  sysbench
1565355152     0      7785    1.00    3.00    0.00    4.00     0   1699.00      0.00   89728   4036   0.10  10180.00   2020.00      0.00  sysbench
1565355153     0      7785    0.00    8.00    0.00    8.00     0    139.00      0.00   89728   4560   0.12  22500.00   4412.00      0.00  sysbench
1565355154     0      7785    1.00    7.00    0.00    8.00     0      1.00      0.00   89728   4560   0.12  22588.00   4348.00      0.00  sysbench
1565355155     0      7785    1.00    7.00    0.00    8.00     0      0.00      0.00   89728   4560   0.12  25920.00   4648.00      0.00  sysbench
1565355156     0      7785    1.00    8.00    0.00    9.00     0      0.00      0.00   89728   4560   0.12  24740.00   4828.00      0.00  sysbench
1565355157     0      7785    1.00    6.00    0.00    7.00     0      0.00      0.00   89728   4560   0.12  16340.00   3476.00      0.00  sysbench
1565355158     0      7785    1.00    6.00    0.00    7.00     0      0.00      0.00   89728   4560   0.12  12536.00   3628.00      0.00  sysbench
1565355159     0      7785    1.00    8.00    0.00    9.00     0      0.00      0.00   89728   4560   0.12  22580.00   4700.00      0.00  sysbench
1565355160     0      7785    1.00    7.00    0.00    8.00     0      0.00      0.00   89728   4560   0.12  21788.00   3984.00      0.00  sysbench
1565355161     0      7785    1.00    5.00    0.00    6.00     0      0.00      0.00   89728   4560   0.12  12508.00   3436.00      0.00  sysbench
1565355162     0      7953    0.00    4.00    0.00    4.00     1   1675.00     25.00   89728   4036   0.10  21676.00   1976.00      0.00  sysbench
1565355163     0      7953    2.00    8.00    0.00   10.00     1    137.00      0.00   89728   4560   0.12  28808.00   4952.00      0.00  sysbench
1565355164     0      7953    0.00    8.00    0.00    8.00     1      1.00      0.00   89728   4560   0.12  21972.00   4704.00      0.00  sysbench
1565355165     0      7953    1.00    7.00    0.00    8.00     1      1.00      0.00   89728   4560   0.12  22484.00   4272.00      0.00  sysbench
1565355166     0      7953    0.00    8.00    0.00    8.00     1      0.00      0.00   89728   4560   0.12  21500.00   4348.00      0.00  sysbench
1565355167     0      7953    1.00    6.00    0.00    7.00     1      0.00      0.00   89728   4560   0.12  15648.00   3048.00      0.00  sysbench
1565355168     0      7953    1.00    8.00    0.00    9.00     1      0.00      0.00   89728   4560   0.12  25504.00   4524.00      0.00  sysbench
1565355169     0      7953    1.00    7.00    0.00    8.00     1      0.00      0.00   89728   4560   0.12  21948.00   4892.00      0.00  sysbench
1565355170     0      7953    1.00    7.00    0.00    8.00     1      0.00      0.00   89728   4560   0.12  21596.00   4316.00      0.00  sysbench
1565355171     0      7953    1.00    8.00    0.00    9.00     1      0.00      0.00   89728   4560   0.12  22388.00   4572.00      0.00  sysbench
1565355172     0      8104    0.00    3.00    0.00    3.00     0   1701.00      0.00   89728   4036   0.10   8656.00   1736.00      0.00  sysbench
1565355173     0      8104    1.00    8.00    0.00    9.00     0    133.00      0.00   89728   4560   0.12  24752.00   4864.00      0.00  sysbench
1565355174     0      8104    0.99    6.93    0.00    7.92     0      0.99      0.00   89728   4560   0.12  21085.15   4332.67      0.00  sysbench
1565355175     0      8104    1.00    8.00    0.00    9.00     0      0.00      0.00   89728   4560   0.12  27052.00   4388.00      0.00  sysbench
1565355176     0      8104    0.00    8.00    0.00    8.00     0      0.00      0.00   89728   4560   0.12  21464.00   4996.00      0.00  sysbench
1565355177     0      8104    1.00    5.00    0.00    6.00     0      0.00      0.00   89728   4560   0.12  12184.00   2820.00      0.00  sysbench
1565355178     0      8104    1.00    7.00    0.00    8.00     0      0.00      0.00   89728   4560   0.12  17052.00   4228.00      0.00  sysbench
1565355179     0      8104    1.00    7.00    0.00    8.00     0      0.00      0.00   89728   4560   0.12  20652.00   4584.00      0.00  sysbench
1565355180     0      8104    1.00    7.00    0.00    8.00     0      0.00      0.00   89728   4560   0.12  20148.00   4504.00      0.00  sysbench
1565355181     0      8104    1.00    7.00    0.00    8.00     0      0.00      0.00   89728   4560   0.12  19044.00   4196.00      0.00  sysbench
1565355182     0      8272    0.00   30.00    0.00   30.00     1   1329.00      0.00   89592   3512   0.09      0.00      0.00      0.00  sysbench

1565355092     0      6814    0.98    9.80    0.00   10.78     0    239.22      0.00   89728   4564   0.12  15917.65   6176.47      0.00  sysbench
1565355093     0      6814    1.00    8.00    0.00    9.00     0      1.00      0.00   89728   4564   0.12  13340.00   5332.00      0.00  sysbench
1565355094     0      6814    2.00    9.00    0.00   11.00     0      1.00      0.00   89728   4564   0.12  16848.00   6676.00      0.00  sysbench
1565355095     0      6814    0.00   10.00    0.00   10.00     0      0.00      0.00   89728   4564   0.12  16220.00   6456.00      0.00  sysbench
1565355096     0      6814    2.00    9.00    0.00   11.00     0      0.00      0.00   89728   4564   0.12  16204.00   6676.00      0.00  sysbench
1565355097     0      6814    2.00    9.00    0.00   11.00     0      0.00      0.00   89728   4564   0.12  17996.00   6472.00      0.00  sysbench
1565355098     0      6814    1.00    9.00    0.00   10.00     0      0.00      0.00   89728   4564   0.12  16928.00   6552.00      0.00  sysbench
1565355099     0      6814    1.00    9.00    0.00   10.00     0      0.00      0.00   89728   4564   0.12  15840.00   5948.00      0.00  sysbench
1565355100     0      6814    1.00   10.00    0.00   11.00     0      0.00      0.00   89728   4564   0.12  20080.00   6764.00      0.00  sysbench
1565355101     0      6966    0.00    0.00    0.00    0.00     2   1612.87      0.00   89728   3776   0.10    352.48    174.26      0.00  sysbench
1565355102     0      6966    2.00    9.00    0.00   11.00     2    207.00      0.00   89728   4564   0.12  19028.00   6004.00      0.00  sysbench
1565355103     0      6966    1.00    8.00    0.00    9.00     2      0.00      0.00   89728   4564   0.12  17272.00   5636.00      0.00  sysbench
1565355104     0      6966    1.00    9.00    0.00   10.00     2      0.00      0.00   89728   4564   0.12  18444.00   5816.00      0.00  sysbench
1565355105     0      6966    1.00    9.00    0.00   10.00     2      0.00      0.00   89728   4564   0.12  18292.00   6416.00      0.00  sysbench
1565355106     0      6966    2.00    8.00    0.00   10.00     2      0.00      0.00   89728   4564   0.12  19912.00   5672.00      0.00  sysbench
1565355107     0      6966    1.00    9.00    0.00   10.00     2      0.00      0.00   89728   4564   0.12  19832.00   5868.00      0.00  sysbench
1565355108     0      6966    0.00   10.00    0.00   10.00     2      1.00      0.00   89728   4564   0.12  23672.00   6420.00      0.00  sysbench
1565355109     0      6966    2.00    9.00    0.00   11.00     2      0.00      0.00   89728   4564   0.12  21320.00   6552.00      0.00  sysbench
1565355110     0      6966    1.00   10.00    0.00   11.00     2      0.00      0.00   89728   4564   0.12  22016.00   6536.00      0.00  sysbench
1565355112     0      7133    1.00    7.00    0.00    8.00     2   1708.00      0.00   89728   4036   0.10  13588.00   3992.00      0.00  sysbench
1565355113     0      7133    1.00    7.00    0.00    8.00     2    130.00      0.00   89728   4560   0.12  14340.00   4380.00      0.00  sysbench
1565355114     0      7133    2.00    8.00    0.00   10.00     2      1.00      0.00   89728   4560   0.12  16672.00   4604.00      0.00  sysbench
1565355115     0      7133    0.99    8.91    0.00    9.90     2      0.99      0.00   89728   4560   0.12  16043.56   4962.38      0.00  sysbench
1565355116     0      7133    1.00    7.00    0.00    8.00     2      0.00      0.00   89728   4560   0.12  16388.00   4544.00      0.00  sysbench
1565355117     0      7133    1.00    7.00    0.00    8.00     2      0.00      0.00   89728   4560   0.12  13176.00   3416.00      0.00  sysbench
1565355118     0      7133    1.00    6.00    0.00    7.00     2      0.00      0.00   89728   4560   0.12  14616.00   3824.00      0.00  sysbench
1565355119     0      7133    1.00   10.00    0.00   11.00     2      0.00      0.00   89728   4560   0.12  19956.00   5576.00      0.00  sysbench
1565355120     0      7133    1.00    7.00    0.00    8.00     2      0.00      0.00   89728   4560   0.12  14588.00   4420.00      0.00  sysbench
1565355121     0      7133    1.00    7.00    0.00    8.00     2      0.00      0.00   89728   4560   0.12  19140.00   4968.00      0.00  sysbench
1565355122     0      7300    0.00    3.00    0.00    3.00     3   1716.00      0.00   89728   4040   0.10   4760.00   1392.00      0.00  sysbench
1565355123     0      7300    0.00    7.00    0.00    7.00     3    120.00      0.00   89728   4300   0.11  15428.00   4224.00      0.00  sysbench
1565355124     0      7300    1.00    8.00    0.00    9.00     3      1.00      0.00   89728   4300   0.11  16388.00   4340.00      0.00  sysbench
1565355125     0      7300    1.00    8.00    0.00    9.00     3      1.00      0.00   89728   4300   0.11  19696.00   4744.00      0.00  sysbench
1565355126     0      7300    1.00    7.00    0.00    8.00     3      1.00      0.00   89728   4300   0.11  18276.00   4688.00      0.00  sysbench
1565355127     0      7300    1.00    5.00    0.00    6.00     3      0.00      0.00   89728   4300   0.11  12948.00   3012.00      0.00  sysbench
1565355128     0      7300    1.00    7.00    0.00    8.00     3      0.00      0.00   89728   4300   0.11  15748.00   4400.00      0.00  sysbench
1565355129     0      7300    2.00    9.00    0.00   11.00     3      0.00      0.00   89728   4300   0.11  18064.00   4836.00      0.00  sysbench
1565355130     0      7300    1.00    5.00    0.00    6.00     3      0.00      0.00   89728   4300   0.11  10536.00   2800.00      0.00  sysbench
1565355131     0      7300    0.99    8.91    0.00    9.90     3      0.00      0.00   89728   4300   0.11  21778.22   5358.42      0.00  sysbench
1565355132     0      7452    1.00    5.00    0.00    6.00     3   1702.00      0.00   89728   4040   0.10  15128.00   2772.00      0.00  sysbench
1565355133     0      7452    1.00    8.00    0.00    9.00     3    132.00      0.00   89728   4564   0.12  19156.00   4864.00      0.00  sysbench
1565355134     0      7452    0.00    7.00    0.00    7.00     3      0.00      0.00   89728   4564   0.12  17948.00   4184.00      0.00  sysbench
1565355135     0      7452    1.00    7.00    0.00    8.00     3      1.00      0.00   89728   4564   0.12  21236.00   4444.00      0.00  sysbench
1565355136     0      7452    2.00    7.00    0.00    9.00     3      0.00      0.00   89728   4564   0.12  16248.00   4312.00      0.00  sysbench
1565355137     0      7452    0.00    6.00    0.00    6.00     3      0.00      0.00   89728   4564   0.12  16412.00   3024.00      0.00  sysbench
1565355138     0      7452    2.00    8.00    0.00   10.00     3      0.00      0.00   89728   4564   0.12  22912.00   4432.00      0.00  sysbench
1565355139     0      7452    1.00    7.00    0.00    8.00     3      0.00      0.00   89728   4564   0.12  18352.00   4404.00      0.00  sysbench
1565355140     0      7452    1.00    8.00    0.00    9.00     3      0.00      0.00   89728   4564   0.12  18952.00   4752.00      0.00  sysbench
1565355141     0      7452    1.00    9.00    0.00   10.00     3      0.00      0.00   89728   4564   0.12  19832.00   4896.00      0.00  sysbench
1565355142     0      7619    0.00    5.00    0.00    5.00     0   1699.00      0.00   89728   4036   0.10  12280.00   2980.00      0.00  sysbench
1565355143     0      7619    1.00    8.00    0.00    9.00     0    139.00      0.00   89728   4560   0.12  20796.00   4932.00      0.00  sysbench
1565355144     0      7619    1.00    7.00    0.00    8.00     0      1.00      0.00   89728   4560   0.12  20028.00   4416.00      0.00  sysbench
1565355145     0      7619    1.00    7.00    0.00    8.00     0      0.00      0.00   89728   4560   0.12  19672.00   4372.00      0.00  sysbench
1565355146     0      7619    1.00    7.00    0.00    8.00     0      0.00      0.00   89728   4560   0.12  22480.00   4180.00      0.00  sysbench
1565355147     0      7619    1.00    5.00    0.00    6.00     0      1.00      0.00   89728   4560   0.12  12716.00   2764.00      0.00  sysbench
1565355148     0      7619    1.00    7.00    0.00    8.00     0      0.00      0.00   89728   4560   0.12  19796.00   4316.00      0.00  sysbench
1565355149     0      7619    1.00    8.00    0.00    9.00     0      0.00      0.00   89728   4560   0.12  21240.00   5084.00      0.00  sysbench
1565355150     0      7619    1.00    8.00    0.00    9.00     0      0.00      0.00   89728   4560   0.12  26236.00   4504.00      0.00  sysbench
1565355151     0      7619    1.00    8.00    0.00    9.00     0      0.00      0.00   89728   4560   0.12  23948.00   4484.00      0.00  sysbench
1565355152     0      7785    1.00    3.00    0.00    4.00     0   1699.00      0.00   89728   4036   0.10  10784.00   2232.00      0.00  sysbench
1565355153     0      7785    0.00    8.00    0.00    8.00     0    139.00      0.00   89728   4560   0.12  22912.00   4388.00      0.00  sysbench
1565355154     0      7785    1.00    8.00    0.00    9.00     0      1.00      0.00   89728   4560   0.12  22660.00   4452.00      0.00  sysbench
1565355155     0      7785    1.00    7.00    0.00    8.00     0      0.00      0.00   89728   4560   0.12  26528.00   4724.00      0.00  sysbench
1565355156     0      7785    1.00    8.00    0.00    9.00     0      0.00      0.00   89728   4560   0.12  23996.00   4768.00      0.00  sysbench
1565355157     0      7785    1.00    5.00    0.00    6.00     0      0.00      0.00   89728   4560   0.12  16468.00   3388.00      0.00  sysbench
1565355158     0      7785    1.00    6.00    0.00    7.00     0      0.00      0.00   89728   4560   0.12  12048.00   3616.00      0.00  sysbench
1565355159     0      7785    1.00    9.00    0.00   10.00     0      0.00      0.00   89728   4560   0.12  22568.00   4688.00      0.00  sysbench
1565355160     0      7785    1.00    6.00    0.00    7.00     0      0.00      0.00   89728   4560   0.12  21784.00   3984.00      0.00  sysbench
1565355161     0      7785    1.00    5.00    0.00    6.00     0      0.00      0.00   89728   4560   0.12  12500.00   3432.00      0.00  sysbench
1565355162     0      7953    0.00    4.00    0.00    4.00     1   1675.00     25.00   89728   4036   0.10  22728.00   2252.00      0.00  sysbench
1565355163     0      7953    2.00    8.00    0.00   10.00     1    137.00      0.00   89728   4560   0.12  28932.00   4988.00      0.00  sysbench
1565355164     0      7953    0.00    7.92    0.00    7.92     1      0.99      0.00   89728   4560   0.12  23964.36   4649.50      0.00  sysbench
1565355165     0      7953    1.00    7.00    0.00    8.00     1      1.00      0.00   89728   4560   0.12  19504.00   4160.00      0.00  sysbench
1565355166     0      7953    0.00    8.00    0.00    8.00     1      0.00      0.00   89728   4560   0.12  22188.00   4392.00      0.00  sysbench
1565355167     0      7953    1.00    6.00    0.00    7.00     1      0.00      0.00   89728   4560   0.12  15708.00   3140.00      0.00  sysbench
1565355168     0      7953    1.00    8.00    0.00    9.00     1      0.00      0.00   89728   4560   0.12  25868.00   4560.00      0.00  sysbench
1565355169     0      7953    1.00    8.00    0.00    9.00     1      0.00      0.00   89728   4560   0.12  21148.00   4804.00      0.00  sysbench
1565355170     0      7953    1.00    7.00    0.00    8.00     1      0.00      0.00   89728   4560   0.12  22204.00   4240.00      0.00  sysbench
1565355171     0      7953    1.00    7.00    0.00    8.00     1      0.00      0.00   89728   4560   0.12  21416.00   4472.00      0.00  sysbench
1565355172     0      8104    0.00    4.00    0.00    4.00     0   1701.00      0.00   89728   4036   0.10   9732.00   2008.00      0.00  sysbench
1565355173     0      8104    1.00    7.00    0.00    8.00     0    133.00      0.00   89728   4560   0.12  24900.00   4808.00      0.00  sysbench
1565355174     0      8104    1.00    8.00    0.00    9.00     0      1.00      0.00   89728   4560   0.12  21232.00   4376.00      0.00  sysbench
1565355175     0      8104    1.00    7.00    0.00    8.00     0      0.00      0.00   89728   4560   0.12  27148.00   4540.00      0.00  sysbench
1565355176     0      8104    0.00    8.00    0.00    8.00     0      0.00      0.00   89728   4560   0.12  20748.00   4800.00      0.00  sysbench
1565355177     0      8104    1.00    5.00    0.00    6.00     0      0.00      0.00   89728   4560   0.12  12372.00   2860.00      0.00  sysbench
1565355178     0      8104    1.00    7.00    0.00    8.00     0      0.00      0.00   89728   4560   0.12  17496.00   4212.00      0.00  sysbench
1565355179     0      8104    1.00    7.00    0.00    8.00     0      0.00      0.00   89728   4560   0.12  20360.00   4576.00      0.00  sysbench
1565355180     0      8104    1.00    8.00    0.00    9.00     0      0.00      0.00   89728   4560   0.12  19872.00   4524.00      0.00  sysbench
1565355181     0      8104    1.00    6.00    0.00    7.00     0      0.00      0.00   89728   4560   0.12  19776.00   4188.00      0.00  sysbench
1565355182     0      8272    0.00   35.00    0.00   35.00     0   1329.00      0.00   89592   3512   0.09      0.00      0.00      0.00  sysbench

1565355102     0      6966    1.94    8.74    0.00   10.68     2    200.97      0.00   89728   4564   0.12  18819.42   5918.45      0.00  sysbench
1565355103     0      6966    1.00    8.00    0.00    9.00     2      0.00      0.00   89728   4564   0.12  16940.00   5556.00      0.00  sysbench
1565355104     0      6966    1.00    9.00    0.00   10.00     2      0.00      0.00   89728   4564   0.12  18420.00   5804.00      0.00  sysbench
1565355105     0      6966    1.00    9.00    0.00   10.00     2      0.00      0.00   89728   4564   0.12  18292.00   6416.00      0.00  sysbench
1565355106     0      6966    2.00    8.00    0.00   10.00     2      0.00      0.00   89728   4564   0.12  19912.00   5672.00      0.00  sysbench
1565355107     0      6966    0.99    8.91    0.00    9.90     2      0.00      0.00   89728   4564   0.12  20201.98   6015.84      0.00  sysbench
1565355108     0      6966    0.00   10.00    0.00   10.00     2      1.00      0.00   89728   4564   0.12  23836.00   6416.00      0.00  sysbench
1565355109     0      6966    2.00    9.00    0.00   11.00     2      0.00      0.00   89728   4564   0.12  21160.00   6544.00      0.00  sysbench
1565355110     0      6966    1.00   10.00    0.00   11.00     2      0.00      0.00   89728   4564   0.12  21912.00   6552.00      0.00  sysbench
1565355111     0      7133    0.00    0.00    0.00    0.00     2   1621.78      0.00   89728   3772   0.10    380.20    190.10      0.00  sysbench
1565355112     0      7133    1.00    7.00    0.00    8.00     2    200.00      0.00   89728   4560   0.12  13780.00   3988.00      0.00  sysbench
1565355113     0      7133    2.00    7.00    0.00    9.00     2      1.00      0.00   89728   4560   0.12  14668.00   4388.00      0.00  sysbench
1565355114     0      7133    0.99    7.92    0.00    8.91     2      0.99      0.00   89728   4560   0.12  16158.42   4554.46      0.00  sysbench
1565355115     0      7133    1.00    9.00    0.00   10.00     2      0.00      0.00   89728   4560   0.12  16228.00   5020.00      0.00  sysbench
1565355116     0      7133    1.00    8.00    0.00    9.00     2      0.00      0.00   89728   4560   0.12  15920.00   4392.00      0.00  sysbench
1565355117     0      7133    1.00    6.00    0.00    7.00     2      0.00      0.00   89728   4560   0.12  13568.00   3596.00      0.00  sysbench
1565355118     0      7133    1.00    7.00    0.00    8.00     2      0.00      0.00   89728   4560   0.12  14632.00   3844.00      0.00  sysbench
1565355119     0      7133    1.00    9.00    0.00   10.00     2      0.00      0.00   89728   4560   0.12  20284.00   5520.00      0.00  sysbench
1565355120     0      7133    1.00    7.00    0.00    8.00     2      0.00      0.00   89728   4560   0.12  14652.00   4520.00      0.00  sysbench
1565355122     0      7300    0.00    3.00    0.00    3.00     3   1716.00      0.00   89728   4040   0.10   5640.00   1604.00      0.00  sysbench
1565355123     0      7300    0.00    8.00    0.00    8.00     3    120.00      0.00   89728   4300   0.11  15300.00   4208.00      0.00  sysbench
1565355124     0      7300    1.00    8.00    0.00    9.00     3      1.00      0.00   89728   4300   0.11  16436.00   4300.00      0.00  sysbench
1565355125     0      7300    1.00    7.00    0.00    8.00     3      1.00      0.00   89728   4300   0.11  19864.00   4756.00      0.00  sysbench
1565355126     0      7300    1.00    8.00    0.00    9.00     3      1.00      0.00   89728   4300   0.11  18612.00   4624.00      0.00  sysbench
1565355127     0      7300    1.00    5.00    0.00    6.00     3      0.00      0.00   89728   4300   0.11  11736.00   2948.00      0.00  sysbench
1565355128     0      7300    1.00    7.00    0.00    8.00     3      0.00      0.00   89728   4300   0.11  16172.00   4532.00      0.00  sysbench
1565355129     0      7300    2.00    8.00    0.00   10.00     3      0.00      0.00   89728   4300   0.11  17660.00   4716.00      0.00  sysbench
1565355130     0      7300    1.00    6.00    0.00    7.00     3      0.00      0.00   89728   4300   0.11  10492.00   2776.00      0.00  sysbench
1565355131     0      7300    1.00    9.00    0.00   10.00     3      0.00      0.00   89728   4300   0.11  22632.00   5572.00      0.00  sysbench
1565355132     0      7452    0.99    4.95    0.00    5.94     3   1685.15      0.00   89728   4040   0.10  15362.38   2938.61      0.00  sysbench
1565355133     0      7452    1.00    8.00    0.00    9.00     3    132.00      0.00   89728   4564   0.12  18864.00   4704.00      0.00  sysbench
1565355134     0      7452    0.00    7.00    0.00    7.00     3      0.00      0.00   89728   4564   0.12  18036.00   4236.00      0.00  sysbench
1565355135     0      7452    1.00    8.00    0.00    9.00     3      1.00      0.00   89728   4564   0.12  21540.00   4508.00      0.00  sysbench
1565355136     0      7452    2.00    6.00    0.00    8.00     3      0.00      0.00   89728   4564   0.12  16552.00   4320.00      0.00  sysbench
1565355137     0      7452    0.00    6.00    0.00    6.00     3      0.00      0.00   89728   4564   0.12  16008.00   3060.00      0.00  sysbench
1565355138     0      7452    2.00    8.00    0.00   10.00     3      0.00      0.00   89728   4564   0.12  23248.00   4456.00      0.00  sysbench
1565355139     0      7452    1.00    8.00    0.00    9.00     3      0.00      0.00   89728   4564   0.12  18952.00   4580.00      0.00  sysbench
1565355140     0      7452    1.00    8.00    0.00    9.00     3      0.00      0.00   89728   4564   0.12  18096.00   4492.00      0.00  sysbench
1565355141     0      7452    1.00    8.00    0.00    9.00     3      0.00      0.00   89728   4564   0.12  20432.00   4968.00      0.00  sysbench
1565355142     0      7619    0.00    5.00    0.00    5.00     0   1699.00      0.00   89728   4036   0.10  13428.00   3300.00      0.00  sysbench
1565355143     0      7619    1.00    8.00    0.00    9.00     0    139.00      0.00   89728   4560   0.12  20944.00   4800.00      0.00  sysbench
1565355144     0      7619    1.00    7.00    0.00    8.00     0      1.00      0.00   89728   4560   0.12  20084.00   4428.00      0.00  sysbench
1565355145     0      7619    1.00    8.00    0.00    9.00     0      0.00      0.00   89728   4560   0.12  19972.00   4388.00      0.00  sysbench
1565355146     0      7619    1.00    6.00    0.00    7.00     0      0.00      0.00   89728   4560   0.12  22668.00   4172.00      0.00  sysbench
1565355147     0      7619    1.00    5.00    0.00    6.00     0      1.00      0.00   89728   4560   0.12  12016.00   2756.00      0.00  sysbench
1565355148     0      7619    1.00    8.00    0.00    9.00     0      0.00      0.00   89728   4560   0.12  19572.00   4388.00      0.00  sysbench
1565355149     0      7619    1.00    8.00    0.00    9.00     0      0.00      0.00   89728   4560   0.12  21428.00   5020.00      0.00  sysbench
1565355150     0      7619    1.00    7.00    0.00    8.00     0      0.00      0.00   89728   4560   0.12  25632.00   4384.00      0.00  sysbench
1565355151     0      7619    1.00    8.00    0.00    9.00     0      0.00      0.00   89728   4560   0.12  23636.00   4488.00      0.00  sysbench
1565355152     0      7785    1.00    4.00    0.00    5.00     0   1699.00      0.00   89728   4036   0.10  11464.00   2428.00      0.00  sysbench
1565355153     0      7785    0.00    7.00    0.00    7.00     0    139.00      0.00   89728   4560   0.12  22784.00   4376.00      0.00  sysbench
1565355154     0      7785    1.00    8.00    0.00    9.00     0      1.00      0.00   89728   4560   0.12  22332.00   4376.00      0.00  sysbench
1565355155     0      7785    1.00    7.00    0.00    8.00     0      0.00      0.00   89728   4560   0.12  26304.00   4616.00      0.00  sysbench
1565355156     0      7785    1.00    8.00    0.00    9.00     0      0.00      0.00   89728   4560   0.12  24668.00   5012.00      0.00  sysbench
1565355157     0      7785    1.00    5.00    0.00    6.00     0      0.00      0.00   89728   4560   0.12  15992.00   3232.00      0.00  sysbench
1565355158     0      7785    1.00    6.00    0.00    7.00     0      0.00      0.00   89728   4560   0.12  12288.00   3716.00      0.00  sysbench
1565355159     0      7785    1.00    9.00    0.00   10.00     0      0.00      0.00   89728   4560   0.12  23968.00   4696.00      0.00  sysbench
1565355160     0      7785    1.00    6.00    0.00    7.00     0      0.00      0.00   89728   4560   0.12  19948.00   3788.00      0.00  sysbench
1565355161     0      7785    1.00    6.00    0.00    7.00     0      0.00      0.00   89728   4560   0.12  14100.00   3620.00      0.00  sysbench
1565355162     0      7953    0.00    5.00    0.00    5.00     1   1675.00     25.00   89728   4036   0.10  23068.00   2348.00      0.00  sysbench
1565355163     0      7953    2.00    8.00    0.00   10.00     1    137.00      0.00   89728   4560   0.12  29256.00   5068.00      0.00  sysbench
1565355164     0      7953    0.00    7.00    0.00    7.00     1      1.00      0.00   89728   4560   0.12  23704.00   4588.00      0.00  sysbench
1565355165     0      7953    1.00    8.00    0.00    9.00     1      1.00      0.00   89728   4560   0.12  20652.00   4272.00      0.00  sysbench
1565355166     0      7953    0.00    7.00    0.00    7.00     1      0.00      0.00   89728   4560   0.12  23044.00   4392.00      0.00  sysbench
1565355167     0      7953    1.00    6.00    0.00    7.00     1      0.00      0.00   89728   4560   0.12  13656.00   3012.00      0.00  sysbench
1565355168     0      7953    1.00    8.00    0.00    9.00     1      0.00      0.00   89728   4560   0.12  26184.00   4704.00      0.00  sysbench
1565355169     0      7953    1.00    8.00    0.00    9.00     1      0.00      0.00   89728   4560   0.12  21544.00   4728.00      0.00  sysbench
1565355170     0      7953    2.00    7.00    0.00    9.00     1      0.00      0.00   89728   4560   0.12  22492.00   4280.00      0.00  sysbench
1565355171     0      7953    0.00    8.00    0.00    8.00     1      0.00      0.00   89728   4560   0.12  21324.00   4516.00      0.00  sysbench
1565355172     0      8104    0.00    4.00    0.00    4.00     0   1702.00      0.00   89728   4036   0.10  10440.00   2184.00      0.00  sysbench
1565355173     0      8104    1.00    7.00    0.00    8.00     0    132.00      0.00   89728   4560   0.12  24400.00   4724.00      0.00  sysbench
1565355174     0      8104    0.99    7.92    0.00    8.91     0      0.99      0.00   89728   4560   0.12  22776.24   4411.88      0.00  sysbench
1565355175     0      8104    1.00    8.00    0.00    9.00     0      0.00      0.00   89728   4560   0.12  25168.00   4368.00      0.00  sysbench
1565355176     0      8104    0.00    8.00    0.00    8.00     0      0.00      0.00   89728   4560   0.12  21668.00   4932.00      0.00  sysbench
1565355177     0      8104    1.00    4.00    0.00    5.00     0      0.00      0.00   89728   4560   0.12  12180.00   2932.00      0.00  sysbench
1565355178     0      8104    1.00    7.00    0.00    8.00     0      0.00      0.00   89728   4560   0.12  17292.00   4256.00      0.00  sysbench
1565355179     0      8104    1.00    8.00    0.00    9.00     0      0.00      0.00   89728   4560   0.12  20248.00   4520.00      0.00  sysbench
1565355180     0      8104    1.00    7.00    0.00    8.00     0      0.00      0.00   89728   4560   0.12  20344.00   4532.00      0.00  sysbench
1565355181     0      8104    1.00    6.00    0.00    7.00     0      0.00      0.00   89728   4560   0.12  19476.00   4184.00      0.00  sysbench
1565355182     0      8272    0.00   38.61    0.00   38.61     0   1315.84      0.00   89592   3512   0.09      0.00      0.00      0.00  sysbench

1565355112     0      7133    0.98    6.86    0.00    7.84     2    196.08      0.00   89728   4560   0.12  13509.80   3909.80      0.00  sysbench
1565355113     0      7133    2.00    7.00    0.00    9.00     2      1.00      0.00   89728   4560   0.12  14668.00   4388.00      0.00  sysbench
1565355114     0      7133    0.99    7.92    0.00    8.91     2      0.99      0.00   89728   4560   0.12  16194.06   4578.22      0.00  sysbench
1565355115     0      7133    1.00    9.00    0.00   10.00     2      0.00      0.00   89728   4560   0.12  16584.00   5104.00      0.00  sysbench
1565355116     0      7133    1.00    8.00    0.00    9.00     2      0.00      0.00   89728   4560   0.12  16064.00   4388.00      0.00  sysbench
1565355117     0      7133    1.00    6.00    0.00    7.00     2      0.00      0.00   89728   4560   0.12  13032.00   3492.00      0.00  sysbench
1565355118     0      7133    1.00    7.00    0.00    8.00     2      0.00      0.00   89728   4560   0.12  14940.00   4008.00      0.00  sysbench
1565355119     0      7133    1.00    9.00    0.00   10.00     2      0.00      0.00   89728   4560   0.12  20012.00   5372.00      0.00  sysbench
1565355120     0      7133    1.00    7.00    0.00    8.00     2      0.00      0.00   89728   4560   0.12  14988.00   4612.00      0.00  sysbench
1565355121     0      7300    0.00    0.00    0.00    0.00     3   1610.00      0.00   89728   3516   0.09    216.00     96.00      0.00  sysbench
1565355122     0      7300    0.00    3.00    0.00    3.00     3    226.00      0.00   89728   4300   0.11   5424.00   1508.00      0.00  sysbench
1565355123     0      7300    1.00    8.00    0.00    9.00     3      1.00      0.00   89728   4300   0.11  15300.00   4208.00      0.00  sysbench
1565355124     0      7300    1.00    8.00    0.00    9.00     3      1.00      0.00   89728   4300   0.11  16512.00   4340.00      0.00  sysbench
1565355125     0      7300    0.00    7.00    0.00    7.00     3      0.00      0.00   89728   4300   0.11  19980.00   4736.00      0.00  sysbench
1565355126     0      7300    0.99    7.92    0.00    8.91     3      0.99      0.00   89728   4300   0.11  18815.84   4776.24      0.00  sysbench
1565355127     0      7300    1.00    5.00    0.00    6.00     3      0.00      0.00   89728   4300   0.11  12496.00   2932.00      0.00  sysbench
1565355128     0      7300    2.00    7.00    0.00    9.00     3      0.00      0.00   89728   4300   0.11  15108.00   4380.00      0.00  sysbench
1565355129     0      7300    1.00    8.00    0.00    9.00     3      0.00      0.00   89728   4300   0.11  17792.00   4860.00      0.00  sysbench
1565355130     0      7300    1.00    6.00    0.00    7.00     3      0.00      0.00   89728   4300   0.11  10100.00   2584.00      0.00  sysbench
1565355131     0      7300    1.00    9.00    0.00   10.00     3      0.00      0.00   89728   4300   0.11  22612.00   5568.00      0.00  sysbench
1565355132     0      7452    1.00    5.00    0.00    6.00     3   1702.00      0.00   89728   4040   0.10  15904.00   3000.00      0.00  sysbench
1565355133     0      7452    1.00    8.00    0.00    9.00     3    132.00      0.00   89728   4564   0.12  19140.00   4776.00      0.00  sysbench
1565355134     0      7452    0.00    7.00    0.00    7.00     3      0.00      0.00   89728   4564   0.12  17816.00   4256.00      0.00  sysbench
1565355135     0      7452    1.00    8.00    0.00    9.00     3      1.00      0.00   89728   4564   0.12  21316.00   4488.00      0.00  sysbench
1565355136     0      7452    2.00    6.00    0.00    8.00     3      0.00      0.00   89728   4564   0.12  17188.00   4384.00      0.00  sysbench
1565355137     0      7452    0.00    5.94    0.00    5.94     3      0.00      0.00   89728   4564   0.12  15742.57   3053.47      0.00  sysbench
1565355138     0      7452    2.00    8.00    0.00   10.00     3      0.00      0.00   89728   4564   0.12  22732.00   4304.00      0.00  sysbench
1565355139     0      7452    1.00    8.00    0.00    9.00     3      0.00      0.00   89728   4564   0.12  18720.00   4540.00      0.00  sysbench
1565355140     0      7452    1.00    8.00    0.00    9.00     3      0.00      0.00   89728   4564   0.12  19476.00   4692.00      0.00  sysbench
1565355141     0      7452    1.00    8.00    0.00    9.00     3      0.00      0.00   89728   4564   0.12  19708.00   4968.00      0.00  sysbench
1565355142     0      7619    0.00    6.00    0.00    6.00     0   1699.00      0.00   89728   4036   0.10  14900.00   3532.00      0.00  sysbench
1565355143     0      7619    1.00    7.00    0.00    8.00     0    139.00      0.00   89728   4560   0.12  19604.00   4628.00      0.00  sysbench
1565355144     0      7619    1.00    8.00    0.00    9.00     0      1.00      0.00   89728   4560   0.12  20972.00   4552.00      0.00  sysbench
1565355145     0      7619    1.00    7.00    0.00    8.00     0      0.00      0.00   89728   4560   0.12  18952.00   4204.00      0.00  sysbench
1565355146     0      7619    1.00    7.00    0.00    8.00     0      0.00      0.00   89728   4560   0.12  23528.00   4360.00      0.00  sysbench
1565355147     0      7619    1.00    4.00    0.00    5.00     0      1.00      0.00   89728   4560   0.12  11620.00   2788.00      0.00  sysbench
1565355148     0      7619    1.00    8.00    0.00    9.00     0      0.00      0.00   89728   4560   0.12  19836.00   4380.00      0.00  sysbench
1565355149     0      7619    1.00    8.00    0.00    9.00     0      0.00      0.00   89728   4560   0.12  21432.00   5000.00      0.00  sysbench
1565355150     0      7619    1.00    7.00    0.00    8.00     0      0.00      0.00   89728   4560   0.12  27388.00   4392.00      0.00  sysbench
1565355151     0      7619    0.99    7.92    0.00    8.91     0      0.00      0.00   89728   4560   0.12  21805.94   4451.49      0.00  sysbench
1565355152     0      7785    1.00    4.00    0.00    5.00     0   1700.00      0.00   89728   4036   0.10  12020.00   2636.00      0.00  sysbench
1565355153     0      7785    0.00    8.00    0.00    8.00     0    138.00      0.00   89728   4560   0.12  22644.00   4340.00      0.00  sysbench
1565355154     0      7785    1.00    7.00    0.00    8.00     0      1.00      0.00   89728   4560   0.12  22352.00   4408.00      0.00  sysbench
1565355155     0      7785    1.00    7.00    0.00    8.00     0      0.00      0.00   89728   4560   0.12  26580.00   4600.00      0.00  sysbench
1565355156     0      7785    1.00    8.00    0.00    9.00     0      0.00      0.00   89728   4560   0.12  25568.00   5184.00      0.00  sysbench
1565355157     0      7785    1.00    6.00    0.00    7.00     0      0.00      0.00   89728   4560   0.12  14620.00   2988.00      0.00  sysbench
1565355158     0      7785    1.00    5.00    0.00    6.00     0      0.00      0.00   89728   4560   0.12  12464.00   3800.00      0.00  sysbench
1565355159     0      7785    1.00    9.00    0.00   10.00     0      0.00      0.00   89728   4560   0.12  24900.00   4704.00      0.00  sysbench
1565355160     0      7785    1.00    6.00    0.00    7.00     0      0.00      0.00   89728   4560   0.12  18600.00   3580.00      0.00  sysbench
1565355161     0      7785    1.00    6.00    0.00    7.00     0      0.00      0.00   89728   4560   0.12  14688.00   3824.00      0.00  sysbench
1565355162     0      7953    0.00    5.00    0.00    5.00     1   1675.00     25.00   89728   4036   0.10  24104.00   2548.00      0.00  sysbench
1565355163     0      7953    2.00    8.00    0.00   10.00     1    137.00      0.00   89728   4560   0.12  29736.00   5056.00      0.00  sysbench
1565355164     0      7953    0.00    7.00    0.00    7.00     1      1.00      0.00   89728   4560   0.12  22748.00   4596.00      0.00  sysbench
1565355165     0      7953    1.00    8.00    0.00    9.00     1      1.00      0.00   89728   4560   0.12  20640.00   4260.00      0.00  sysbench
1565355166     0      7953    0.00    8.00    0.00    8.00     1      0.00      0.00   89728   4560   0.12  24136.00   4408.00      0.00  sysbench
1565355167     0      7953    1.00    6.00    0.00    7.00     1      0.00      0.00   89728   4560   0.12  12936.00   2948.00      0.00  sysbench
1565355168     0      7953    1.00    8.00    0.00    9.00     1      0.00      0.00   89728   4560   0.12  25692.00   4744.00      0.00  sysbench
1565355169     0      7953    1.00    8.00    0.00    9.00     1      0.00      0.00   89728   4560   0.12  22020.00   4748.00      0.00  sysbench
1565355170     0      7953    2.00    6.00    0.00    8.00     1      0.00      0.00   89728   4560   0.12  22912.00   4316.00      0.00  sysbench
1565355171     0      7953    0.00    8.00    0.00    8.00     1      0.00      0.00   89728   4560   0.12  20764.00   4496.00      0.00  sysbench
1565355172     0      8104    0.00    4.00    0.00    4.00     0   1702.00      0.00   89728   4036   0.10  11292.00   2376.00      0.00  sysbench
1565355173     0      8104    1.00    8.00    0.00    9.00     0    132.00      0.00   89728   4560   0.12  24160.00   4728.00      0.00  sysbench
1565355174     0      8104    1.00    7.00    0.00    8.00     0      1.00      0.00   89728   4560   0.12  23568.00   4448.00      0.00  sysbench
1565355175     0      8104    1.00    8.00    0.00    9.00     0      0.00      0.00   89728   4560   0.12  25964.00   4528.00      0.00  sysbench
1565355176     0      8104    0.00    8.00    0.00    8.00     0      0.00      0.00   89728   4560   0.12  20532.00   4696.00      0.00  sysbench
1565355177     0      8104    1.00    5.00    0.00    6.00     0      0.00      0.00   89728   4560   0.12  11736.00   2860.00      0.00  sysbench
1565355178     0      8104    1.00    6.00    0.00    7.00     0      0.00      0.00   89728   4560   0.12  17660.00   4352.00      0.00  sysbench
1565355179     0      8104    1.00    8.00    0.00    9.00     0      0.00      0.00   89728   4560   0.12  20300.00   4556.00      0.00  sysbench
1565355180     0      8104    1.00    7.00    0.00    8.00     0      0.00      0.00   89728   4560   0.12  20024.00   4444.00      0.00  sysbench
1565355181     0      8104    1.00    7.00    0.00    8.00     0      0.00      0.00   89728   4560   0.12  19424.00   4312.00      0.00  sysbench
1565355182     0      8272    0.00   42.00    0.00   42.00     0   1329.00      0.00   89592   3512   0.09      0.00      0.00      0.00  sysbench

1565355122     0      7300    0.00    2.94    0.00    2.94     3    227.45      0.00   89728   4300   0.11   5368.63   1501.96      0.00  sysbench
1565355123     0      7300    1.00    8.00    0.00    9.00     3      1.00      0.00   89728   4300   0.11  16456.00   4404.00      0.00  sysbench
1565355124     0      7300    1.00    8.00    0.00    9.00     3      1.00      0.00   89728   4300   0.11  16368.00   4308.00      0.00  sysbench
1565355125     0      7300    1.00    7.00    0.00    8.00     3      0.00      0.00   89728   4300   0.11  19428.00   4784.00      0.00  sysbench
1565355126     0      7300    0.00    7.92    0.00    7.92     3      0.99      0.00   89728   4300   0.11  18360.40   4566.34      0.00  sysbench
1565355127     0      7300    1.00    5.00    0.00    6.00     3      0.00      0.00   89728   4300   0.11  12852.00   3032.00      0.00  sysbench
1565355128     0      7300    2.00    7.00    0.00    9.00     3      0.00      0.00   89728   4300   0.11  15208.00   4440.00      0.00  sysbench
1565355129     0      7300    1.00    8.00    0.00    9.00     3      0.00      0.00   89728   4300   0.11  17876.00   4880.00      0.00  sysbench
1565355130     0      7300    1.00    6.00    0.00    7.00     3      0.00      0.00   89728   4300   0.11   9700.00   2464.00      0.00  sysbench
1565355132     0      7452    1.00    6.00    0.00    7.00     3   1702.00      0.00   89728   4040   0.10  16996.00   3144.00      0.00  sysbench
1565355133     0      7452    1.00    7.00    0.00    8.00     3    132.00      0.00   89728   4564   0.12  18112.00   4664.00      0.00  sysbench
1565355134     0      7452    0.00    7.00    0.00    7.00     3      0.00      0.00   89728   4564   0.12  17896.00   4284.00      0.00  sysbench
1565355135     0      7452    1.00    8.00    0.00    9.00     3      1.00      0.00   89728   4564   0.12  21660.00   4584.00      0.00  sysbench
1565355136     0      7452    2.00    6.00    0.00    8.00     3      0.00      0.00   89728   4564   0.12  16748.00   4252.00      0.00  sysbench
1565355137     0      7452    0.00    6.00    0.00    6.00     3      0.00      0.00   89728   4564   0.12  15852.00   3060.00      0.00  sysbench
1565355138     0      7452    2.00    9.00    0.00   11.00     3      0.00      0.00   89728   4564   0.12  23000.00   4428.00      0.00  sysbench
1565355139     0      7452    1.00    7.00    0.00    8.00     3      0.00      0.00   89728   4564   0.12  19420.00   4600.00      0.00  sysbench
1565355140     0      7452    1.00    8.00    0.00    9.00     3      0.00      0.00   89728   4564   0.12  19044.00   4612.00      0.00  sysbench
1565355141     0      7452    1.00    8.00    0.00    9.00     3      0.00      0.00   89728   4564   0.12  19724.00   5052.00      0.00  sysbench
1565355142     0      7619    0.00    6.00    0.00    6.00     0   1700.00      0.00   89728   4036   0.10  15020.00   3580.00      0.00  sysbench
1565355143     0      7619    1.00    7.00    0.00    8.00     0    138.00      0.00   89728   4560   0.12  20516.00   4728.00      0.00  sysbench
1565355144     0      7619    1.00    8.00    0.00    9.00     0      1.00      0.00   89728   4560   0.12  19964.00   4420.00      0.00  sysbench
1565355145     0      7619    1.00    7.00    0.00    8.00     0      0.00      0.00   89728   4560   0.12  19496.00   4376.00      0.00  sysbench
1565355146     0      7619    1.00    7.00    0.00    8.00     0      0.00      0.00   89728   4560   0.12  23384.00   4368.00      0.00  sysbench
1565355147     0      7619    0.99    3.96    0.00    4.95     0      0.99      0.00   89728   4560   0.12  11413.86   2574.26      0.00  sysbench
1565355148     0      7619    1.00    8.00    0.00    9.00     0      0.00      0.00   89728   4560   0.12  19504.00   4372.00      0.00  sysbench
1565355149     0      7619    1.00    8.00    0.00    9.00     0      0.00      0.00   89728   4560   0.12  22316.00   5128.00      0.00  sysbench
1565355150     0      7619    1.00    8.00    0.00    9.00     0      0.00      0.00   89728   4560   0.12  27420.00   4476.00      0.00  sysbench
1565355151     0      7619    1.00    8.00    0.00    9.00     0      0.00      0.00   89728   4560   0.12  21516.00   4488.00      0.00  sysbench
1565355152     0      7785    1.00    4.00    0.00    5.00     0   1700.00      0.00   89728   4036   0.10  12428.00   2824.00      0.00  sysbench
1565355153     0      7785    0.00    8.00    0.00    8.00     0    138.00      0.00   89728   4560   0.12  22412.00   4228.00      0.00  sysbench
1565355154     0      7785    1.00    7.00    0.00    8.00     0      1.00      0.00   89728   4560   0.12  23808.00   4540.00      0.00  sysbench
1565355155     0      7785    1.00    7.00    0.00    8.00     0      0.00      0.00   89728   4560   0.12  24948.00   4392.00      0.00  sysbench
1565355156     0      7785    1.00    9.00    0.00   10.00     0      0.00      0.00   89728   4560   0.12  26152.00   5380.00      0.00  sysbench
1565355157     0      7785    1.00    5.00    0.00    6.00     0      0.00      0.00   89728   4560   0.12  15100.00   2940.00      0.00  sysbench
1565355158     0      7785    1.00    6.00    0.00    7.00     0      0.00      0.00   89728   4560   0.12  11820.00   3800.00      0.00  sysbench
1565355159     0      7785    0.99    8.91    0.00    9.90     0      0.00      0.00   89728   4560   0.12  25405.94   4712.87      0.00  sysbench
1565355160     0      7785    1.00    5.00    0.00    6.00     0      0.00      0.00   89728   4560   0.12  17420.00   3376.00      0.00  sysbench
1565355161     0      7785    1.00    6.00    0.00    7.00     0      0.00      0.00   89728   4560   0.12  15400.00   4028.00      0.00  sysbench
1565355162     0      7953    0.00    5.00    0.00    5.00     1   1675.00     25.00   89728   4036   0.10  24960.00   2752.00      0.00  sysbench
1565355163     0      7953    2.00    8.00    0.00   10.00     1    137.00      0.00   89728   4560   0.12  29464.00   5040.00      0.00  sysbench
1565355164     0      7953    0.00    8.00    0.00    8.00     1      1.00      0.00   89728   4560   0.12  22916.00   4620.00      0.00  sysbench
1565355165     0      7953    1.00    7.00    0.00    8.00     1      1.00      0.00   89728   4560   0.12  20836.00   4240.00      0.00  sysbench
1565355166     0      7953    0.00    8.00    0.00    8.00     1      0.00      0.00   89728   4560   0.12  24068.00   4400.00      0.00  sysbench
1565355167     0      7953    1.00    6.00    0.00    7.00     1      0.00      0.00   89728   4560   0.12  12468.00   2944.00      0.00  sysbench
1565355168     0      7953    0.99    7.92    0.00    8.91     1      0.00      0.00   89728   4560   0.12  25299.01   4574.26      0.00  sysbench
1565355169     0      7953    1.00    8.00    0.00    9.00     1      0.00      0.00   89728   4560   0.12  22356.00   4876.00      0.00  sysbench
1565355170     0      7953    2.00    7.00    0.00    9.00     1      0.00      0.00   89728   4560   0.12  23168.00   4340.00      0.00  sysbench
1565355171     0      7953    0.00    7.00    0.00    7.00     1      0.00      0.00   89728   4560   0.12  20788.00   4484.00      0.00  sysbench
1565355172     0      8104    0.00    4.00    0.00    4.00     0   1702.00      0.00   89728   4036   0.10  11416.00   2436.00      0.00  sysbench
1565355173     0      8104    1.00    8.00    0.00    9.00     0    132.00      0.00   89728   4560   0.12  24248.00   4776.00      0.00  sysbench
1565355174     0      8104    1.00    8.00    0.00    9.00     0      1.00      0.00   89728   4560   0.12  25416.00   4528.00      0.00  sysbench
1565355175     0      8104    1.00    7.00    0.00    8.00     0      0.00      0.00   89728   4560   0.12  25172.00   4576.00      0.00  sysbench
1565355176     0      8104    0.00    8.00    0.00    8.00     0      0.00      0.00   89728   4560   0.12  20340.00   4668.00      0.00  sysbench
1565355177     0      8104    1.00    5.00    0.00    6.00     0      0.00      0.00   89728   4560   0.12  11152.00   2820.00      0.00  sysbench
1565355178     0      8104    1.00    7.00    0.00    8.00     0      0.00      0.00   89728   4560   0.12  17600.00   4380.00      0.00  sysbench
1565355179     0      8104    1.00    7.00    0.00    8.00     0      0.00      0.00   89728   4560   0.12  20068.00   4452.00      0.00  sysbench
1565355180     0      8104    1.00    7.00    0.00    8.00     0      0.00      0.00   89728   4560   0.12  20060.00   4464.00      0.00  sysbench
1565355181     0      8104    1.00    7.00    0.00    8.00     0      0.00      0.00   89728   4560   0.12  19640.00   4356.00      0.00  sysbench
1565355182     0      8272    0.00   46.00    0.00   46.00     0   1329.00      0.00   89592   3512   0.09      0.00      0.00      0.00  sysbench

1565355132     0      7452    0.98    5.88    0.00    6.86     3    260.78      0.00   89728   4564   0.12  16933.33   3211.76      0.00  sysbench
1565355133     0      7452    0.99    7.92    0.00    8.91     3      0.00      0.00   89728   4564   0.12  18768.32   4760.40      0.00  sysbench
1565355134     0      7452    1.00    6.00    0.00    7.00     3      1.00      0.00   89728   4564   0.12  17364.00   4144.00      0.00  sysbench
1565355135     0      7452    1.00    9.00    0.00   10.00     3      0.00      0.00   89728   4564   0.12  22244.00   4884.00      0.00  sysbench
1565355136     0      7452    1.00    6.00    0.00    7.00     3      0.00      0.00   89728   4564   0.12  16120.00   4012.00      0.00  sysbench
1565355137     0      7452    1.00    6.00    0.00    7.00     3      0.00      0.00   89728   4564   0.12  15820.00   3068.00      0.00  sysbench
1565355138     0      7452    1.00    8.00    0.00    9.00     3      0.00      0.00   89728   4564   0.12  22676.00   4320.00      0.00  sysbench
1565355139     0      7452    0.99    6.93    0.00    7.92     3      0.00      0.00   89728   4564   0.12  20170.30   4724.75      0.00  sysbench
1565355140     0      7452    1.00    9.00    0.00   10.00     3      0.00      0.00   89728   4564   0.12  20120.00   4720.00      0.00  sysbench
1565355141     0      7452    1.00    7.00    0.00    8.00     3      0.00      0.00   89728   4564   0.12  17496.00   4676.00      0.00  sysbench
1565355142     0      7619    0.00    6.00    0.00    6.00     0   1701.00      0.00   89728   4036   0.10  16168.00   3888.00      0.00  sysbench
1565355143     0      7619    1.00    8.00    0.00    9.00     0    137.00      0.00   89728   4560   0.12  20888.00   4828.00      0.00  sysbench
1565355144     0      7619    1.00    7.00    0.00    8.00     0      1.00      0.00   89728   4560   0.12  19504.00   4296.00      0.00  sysbench
1565355145     0      7619    1.00    7.00    0.00    8.00     0      0.00      0.00   89728   4560   0.12  19588.00   4352.00      0.00  sysbench
1565355146     0      7619    1.00    7.00    0.00    8.00     0      0.00      0.00   89728   4560   0.12  23416.00   4296.00      0.00  sysbench
1565355147     0      7619    1.00    5.00    0.00    6.00     0      1.00      0.00   89728   4560   0.12  11608.00   2800.00      0.00  sysbench
1565355148     0      7619    1.00    8.00    0.00    9.00     0      0.00      0.00   89728   4560   0.12  19892.00   4400.00      0.00  sysbench
1565355149     0      7619    1.00    8.00    0.00    9.00     0      0.00      0.00   89728   4560   0.12  21832.00   4976.00      0.00  sysbench
1565355150     0      7619    1.00    7.00    0.00    8.00     0      0.00      0.00   89728   4560   0.12  28584.00   4588.00      0.00  sysbench
1565355151     0      7619    1.00    8.00    0.00    9.00     0      0.00      0.00   89728   4560   0.12  20152.00   4304.00      0.00  sysbench
1565355152     0      7785    1.00    5.00    0.00    6.00     0   1703.00      0.00   89728   4036   0.10  13340.00   3044.00      0.00  sysbench
1565355153     0      7785    0.00    6.93    0.00    6.93     0    133.66      0.00   89728   4560   0.12  21956.44   4265.35      0.00  sysbench
1565355154     0      7785    1.00    8.00    0.00    9.00     0      1.00      0.00   89728   4560   0.12  23972.00   4424.00      0.00  sysbench
1565355155     0      7785    1.00    7.00    0.00    8.00     0      0.00      0.00   89728   4560   0.12  25420.00   4464.00      0.00  sysbench
1565355156     0      7785    1.00    8.00    0.00    9.00     0      0.00      0.00   89728   4560   0.12  25580.00   5316.00      0.00  sysbench
1565355157     0      7785    1.00    5.00    0.00    6.00     0      0.00      0.00   89728   4560   0.12  15408.00   3028.00      0.00  sysbench
1565355158     0      7785    1.00    6.00    0.00    7.00     0      0.00      0.00   89728   4560   0.12  14424.00   3972.00      0.00  sysbench
1565355159     0      7785    1.00    9.00    0.00   10.00     0      0.00      0.00   89728   4560   0.12  23788.00   4712.00      0.00  sysbench
1565355160     0      7785    1.00    5.00    0.00    6.00     0      0.00      0.00   89728   4560   0.12  15640.00   2972.00      0.00  sysbench
1565355161     0      7785    1.00    7.00    0.00    8.00     0      0.00      0.00   89728   4560   0.12  16148.00   4220.00      0.00  sysbench
1565355162     0      7953    0.00    6.00    0.00    6.00     1   1676.00     25.00   89728   4036   0.10  27804.00   3156.00      0.00  sysbench
1565355163     0      7953    2.00    8.00    0.00   10.00     1    136.00      0.00   89728   4560   0.12  28272.00   5052.00      0.00  sysbench
1565355164     0      7953    0.00    6.93    0.00    6.93     1      0.99      0.00   89728   4560   0.12  22170.30   4558.42      0.00  sysbench
1565355165     0      7953    1.00    7.00    0.00    8.00     1      1.00      0.00   89728   4560   0.12  20788.00   4060.00      0.00  sysbench
1565355166     0      7953    0.00    8.00    0.00    8.00     1      0.00      0.00   89728   4560   0.12  23024.00   4200.00      0.00  sysbench
1565355167     0      7953    1.00    6.00    0.00    7.00     1      0.00      0.00   89728   4560   0.12  13384.00   3124.00      0.00  sysbench
1565355168     0      7953    1.00    9.00    0.00   10.00     1      0.00      0.00   89728   4560   0.12  27292.00   4972.00      0.00  sysbench
1565355169     0      7953    1.00    7.00    0.00    8.00     1      0.00      0.00   89728   4560   0.12  20560.00   4748.00      0.00  sysbench
1565355170     0      7953    2.00    7.00    0.00    9.00     1      0.00      0.00   89728   4560   0.12  23896.00   4144.00      0.00  sysbench
1565355171     0      7953    0.00    8.00    0.00    8.00     1      0.00      0.00   89728   4560   0.12  20656.00   4444.00      0.00  sysbench
1565355172     0      8104    0.00    5.00    0.00    5.00     0   1702.00      0.00   89728   4036   0.10  13036.00   2964.00      0.00  sysbench
1565355173     0      8104    1.00    8.00    0.00    9.00     0    132.00      0.00   89728   4560   0.12  24824.00   4836.00      0.00  sysbench
1565355174     0      8104    1.00    7.00    0.00    8.00     0      1.00      0.00   89728   4560   0.12  24648.00   4324.00      0.00  sysbench
1565355175     0      8104    1.00    8.00    0.00    9.00     0      0.00      0.00   89728   4560   0.12  25988.00   4676.00      0.00  sysbench
1565355176     0      8104    0.00    6.93    0.00    6.93     0      0.00      0.00   89728   4560   0.12  18756.44   4332.67      0.00  sysbench
1565355177     0      8104    1.00    5.00    0.00    6.00     0      0.00      0.00   89728   4560   0.12  12520.00   3024.00      0.00  sysbench
1565355178     0      8104    1.00    7.00    0.00    8.00     0      0.00      0.00   89728   4560   0.12  16460.00   4356.00      0.00  sysbench
1565355179     0      8104    1.00    8.00    0.00    9.00     0      0.00      0.00   89728   4560   0.12  21340.00   4528.00      0.00  sysbench
1565355180     0      8104    1.00    7.00    0.00    8.00     0      0.00      0.00   89728   4560   0.12  19920.00   4436.00      0.00  sysbench
1565355181     0      8104    1.00    6.00    0.00    7.00     0      0.00      0.00   89728   4560   0.12  18424.00   4200.00      0.00  sysbench
1565355182     0      8272    0.00   55.00    0.00   55.00     0   1329.00      0.00   89592   3512   0.09      0.00      0.00      0.00  sysbench

1565355142     0      7619    0.98    8.82    0.00    9.80     0    204.90      0.00   89728   4560   0.12  20129.41   5094.12      0.00  sysbench
1565355143     0      7619    1.00    7.00    0.00    8.00     0      1.00      0.00   89728   4560   0.12  22324.00   4804.00      0.00  sysbench
1565355144     0      7619    1.00    7.00    0.00    8.00     0      0.00      0.00   89728   4560   0.12  20000.00   4384.00      0.00  sysbench
1565355145     0      7619    0.00    8.00    0.00    8.00     0      0.00      0.00   89728   4560   0.12  20008.00   4172.00      0.00  sysbench
1565355146     0      7619    1.00    4.00    0.00    5.00     0      0.00      0.00   89728   4560   0.12  16096.00   2964.00      0.00  sysbench
1565355147     0      7619    1.00    7.00    0.00    8.00     0      1.00      0.00   89728   4560   0.12  15968.00   3820.00      0.00  sysbench
1565355148     0      7619    1.00    8.00    0.00    9.00     0      0.00      0.00   89728   4560   0.12  22772.00   4764.00      0.00  sysbench
1565355149     0      7619    1.00    7.00    0.00    8.00     0      0.00      0.00   89728   4560   0.12  20248.00   4772.00      0.00  sysbench
1565355150     0      7619    0.99    7.92    0.00    8.91     0      0.00      0.00   89728   4560   0.12  28277.23   4534.65      0.00  sysbench
1565355151     0      7619    1.00    6.00    0.00    7.00     0      0.00      0.00   89728   4560   0.12  14520.00   3132.00      0.00  sysbench
1565355152     0      7785    1.00    6.00    0.00    7.00     0   1706.00      0.00   89728   4036   0.10  19036.00   4240.00      0.00  sysbench
1565355153     0      7785    1.00    8.00    0.00    9.00     0    132.00      0.00   89728   4560   0.12  22008.00   4324.00      0.00  sysbench
1565355154     0      7785    1.00    8.00    0.00    9.00     0      1.00      0.00   89728   4560   0.12  25532.00   4852.00      0.00  sysbench
1565355155     0      7785    1.00    7.00    0.00    8.00     0      0.00      0.00   89728   4560   0.12  24812.00   4352.00      0.00  sysbench
1565355156     0      7785    0.00    6.00    0.00    6.00     0      0.00      0.00   89728   4560   0.12  20448.00   3984.00      0.00  sysbench
1565355157     0      7785    1.00    7.00    0.00    8.00     0      0.00      0.00   89728   4560   0.12  17684.00   4188.00      0.00  sysbench
1565355158     0      7785    1.00    7.00    0.00    8.00     0      0.00      0.00   89728   4560   0.12  16892.00   3868.00      0.00  sysbench
1565355159     0      7785    1.00    8.00    0.00    9.00     0      0.00      0.00   89728   4560   0.12  23760.00   4636.00      0.00  sysbench
1565355160     0      7785    1.00    4.00    0.00    5.00     0      0.00      0.00   89728   4560   0.12  11376.00   2208.00      0.00  sysbench
1565355161     0      7785    1.00    6.00    0.00    7.00     0      0.00      0.00   89728   4560   0.12  15076.00   4004.00      0.00  sysbench
1565355162     0      7953    1.00    8.00    0.00    9.00     1   1678.00     25.00   89728   4036   0.10  36956.00   4316.00      0.00  sysbench
1565355163     0      7953    1.00    8.00    0.00    9.00     1    134.00      0.00   89728   4560   0.12  24908.00   5276.00      0.00  sysbench
1565355164     0      7953    0.00    7.00    0.00    7.00     1      1.00      0.00   89728   4560   0.12  21328.00   4340.00      0.00  sysbench
1565355165     0      7953    1.00    7.00    0.00    8.00     1      1.00      0.00   89728   4560   0.12  21504.00   4128.00      0.00  sysbench
1565355166     0      7953    0.00    6.00    0.00    6.00     1      0.00      0.00   89728   4560   0.12  17584.00   3012.00      0.00  sysbench
1565355167     0      7953    1.00    8.00    0.00    9.00     1      0.00      0.00   89728   4560   0.12  20096.00   4196.00      0.00  sysbench
1565355168     0      7953    1.00    9.00    0.00   10.00     1      0.00      0.00   89728   4560   0.12  26244.00   5164.00      0.00  sysbench
1565355169     0      7953    2.00    7.00    0.00    9.00     1      0.00      0.00   89728   4560   0.12  20364.00   4652.00      0.00  sysbench
1565355170     0      7953    1.00    7.00    0.00    8.00     1      0.00      0.00   89728   4560   0.12  25056.00   4168.00      0.00  sysbench
1565355171     0      7953    0.00    6.00    0.00    6.00     1      0.00      0.00   89728   4560   0.12  14720.00   3352.00      0.00  sysbench
1565355172     0      8104    0.00    7.00    0.00    7.00     0   1706.00      0.00   89728   4036   0.10  21604.00   4036.00      0.00  sysbench
1565355173     0      8104    1.00    7.00    0.00    8.00     0    128.00      0.00   89728   4560   0.12  22652.00   4752.00      0.00  sysbench
1565355174     0      8104    1.00    8.00    0.00    9.00     0      1.00      0.00   89728   4560   0.12  23992.00   4572.00      0.00  sysbench
1565355175     0      8104    1.00    8.00    0.00    9.00     0      0.00      0.00   89728   4560   0.12  23972.00   4416.00      0.00  sysbench
1565355176     0      8104    0.00    5.00    0.00    5.00     0      0.00      0.00   89728   4560   0.12  15220.00   3400.00      0.00  sysbench
1565355177     0      8104    1.00    7.00    0.00    8.00     0      0.00      0.00   89728   4560   0.12  17184.00   4084.00      0.00  sysbench
1565355178     0      8104    1.00    7.00    0.00    8.00     0      0.00      0.00   89728   4560   0.12  17716.00   4312.00      0.00  sysbench
1565355179     0      8104    1.00    8.00    0.00    9.00     0      0.00      0.00   89728   4560   0.12  19232.00   4552.00      0.00  sysbench
1565355180     0      8104    1.00    7.00    0.00    8.00     0      0.00      0.00   89728   4560   0.12  21140.00   4576.00      0.00  sysbench
1565355181     0      8104    1.00    4.00    0.00    5.00     0      0.00      0.00   89728   4560   0.12  13392.00   3020.00      0.00  sysbench

1565355152     0      7785    0.98    6.86    0.00    7.84     0    169.61      0.00   89728   4560   0.12  19584.31   4364.71      0.00  sysbench
1565355153     0      7785    0.99    7.92    0.00    8.91     0      0.99      0.00   89728   4560   0.12  24154.46   4265.35      0.00  sysbench
1565355154     0      7785    1.00    8.00    0.00    9.00     0      0.00      0.00   89728   4560   0.12  26184.00   4856.00      0.00  sysbench
1565355155     0      7785    1.00    7.00    0.00    8.00     0      0.00      0.00   89728   4560   0.12  22468.00   4376.00      0.00  sysbench
1565355156     0      7785    1.00    6.00    0.00    7.00     0      0.00      0.00   89728   4560   0.12  20104.00   3964.00      0.00  sysbench
1565355157     0      7785    1.00    7.00    0.00    8.00     0      0.00      0.00   89728   4560   0.12  18280.00   4396.00      0.00  sysbench
1565355158     0      7785    0.00    6.00    0.00    6.00     0      0.00      0.00   89728   4560   0.12  17452.00   3852.00      0.00  sysbench
1565355159     0      7785    1.00    9.00    0.00   10.00     0      0.00      0.00   89728   4560   0.12  23792.00   4440.00      0.00  sysbench
1565355160     0      7785    1.00    3.00    0.00    4.00     0      0.00      0.00   89728   4560   0.12  10136.00   2212.00      0.00  sysbench
1565355161     0      7953    0.00    0.00    0.00    0.00     1   1522.77     24.75   89728   3512   0.09   9326.73      0.00      0.00  sysbench
1565355162     0      7953    1.00    9.00    0.00   10.00     1    140.00      0.00   89728   4036   0.10  30620.00   4900.00      0.00  sysbench
1565355163     0      7953    1.00    8.00    0.00    9.00     1    134.00      0.00   89728   4560   0.12  23784.00   5112.00      0.00  sysbench
1565355164     0      7953    1.00    7.00    0.00    8.00     1      1.00      0.00   89728   4560   0.12  24200.00   4420.00      0.00  sysbench
1565355165     0      7953    0.00    7.00    0.00    7.00     1      1.00      0.00   89728   4560   0.12  18996.00   4244.00      0.00  sysbench
1565355166     0      7953    1.00    6.00    0.00    7.00     1      0.00      0.00   89728   4560   0.12  18236.00   2992.00      0.00  sysbench
1565355167     0      7953    0.00    8.00    0.00    8.00     1      0.00      0.00   89728   4560   0.12  19840.00   4096.00      0.00  sysbench
1565355168     0      7953    1.00    9.00    0.00   10.00     1      0.00      0.00   89728   4560   0.12  25296.00   5192.00      0.00  sysbench
1565355169     0      7953    2.00    7.00    0.00    9.00     1      0.00      0.00   89728   4560   0.12  21816.00   4704.00      0.00  sysbench
1565355170     0      7953    1.00    7.00    0.00    8.00     1      0.00      0.00   89728   4560   0.12  25924.00   4444.00      0.00  sysbench
1565355171     0      7953    0.00    6.00    0.00    6.00     1      0.00      0.00   89728   4560   0.12  13192.00   3016.00      0.00  sysbench
1565355172     0      8104    0.00    8.00    0.00    8.00     0   1707.00      0.00   89728   4036   0.10  24796.00   4744.00      0.00  sysbench
1565355173     0      8104    1.00    7.00    0.00    8.00     0    127.00      0.00   89728   4560   0.12  21848.00   4432.00      0.00  sysbench
1565355174     0      8104    1.00    8.00    0.00    9.00     0      1.00      0.00   89728   4560   0.12  24180.00   4576.00      0.00  sysbench
1565355175     0      8104    1.00    8.00    0.00    9.00     0      0.00      0.00   89728   4560   0.12  24820.00   4824.00      0.00  sysbench
1565355176     0      8104    1.00    5.00    0.00    6.00     0      0.00      0.00   89728   4560   0.12  12196.00   2736.00      0.00  sysbench
1565355177     0      8104    0.00    7.00    0.00    7.00     0      0.00      0.00   89728   4560   0.12  18676.00   4472.00      0.00  sysbench
1565355178     0      8104    1.00    7.00    0.00    8.00     0      0.00      0.00   89728   4560   0.12  18000.00   4440.00      0.00  sysbench
1565355179     0      8104    1.00    8.00    0.00    9.00     0      0.00      0.00   89728   4560   0.12  20052.00   4532.00      0.00  sysbench
1565355180     0      8104    2.00    6.00    0.00    8.00     0      0.00      0.00   89728   4560   0.12  20400.00   4536.00      0.00  sysbench
1565355181     0      8104    0.00    5.00    0.00    5.00     0      0.00      0.00   89728   4560   0.12  11860.00   2656.00      0.00  sysbench

1565355163     0      7953    0.98    8.82    0.00    9.80     1    226.47      0.00   89728   4560   0.12  31400.00   5054.90      0.00  sysbench
1565355164     0      7953    1.00    8.00    0.00    9.00     1      1.00      0.00   89728   4560   0.12  22820.00   4988.00      0.00  sysbench
1565355165     0      7953    1.00    7.00    0.00    8.00     1      1.00      0.00   89728   4560   0.12  23500.00   4284.00      0.00  sysbench
1565355166     0      7953    0.00    8.00    0.00    8.00     1      0.00      0.00   89728   4560   0.12  18932.00   4228.00      0.00  sysbench
1565355167     0      7953    1.00    5.00    0.00    6.00     1      0.00      0.00   89728   4560   0.12  18824.00   3076.00      0.00  sysbench
1565355168     0      7953    1.00    8.00    0.00    9.00     1      0.00      0.00   89728   4560   0.12  20092.00   4128.00      0.00  sysbench
1565355169     0      7953    1.00    9.00    0.00   10.00     1      0.00      0.00   89728   4560   0.12  25024.00   5228.00      0.00  sysbench
1565355170     0      7953    1.00    7.00    0.00    8.00     1      0.00      0.00   89728   4560   0.12  21724.00   4692.00      0.00  sysbench
1565355171     0      7953    1.00    8.00    0.00    9.00     1      0.00      0.00   89728   4560   0.12  26156.00   4428.00      0.00  sysbench
1565355172     0      8104    0.00    0.00    0.00    0.00     0   1602.97      0.00   89728   3512   0.09    574.26    126.73      0.00  sysbench
1565355173     0      8104    1.00    8.00    0.00    9.00     0    215.00      0.00   89728   4560   0.12  24936.00   4824.00      0.00  sysbench
1565355174     0      8104    1.00    7.00    0.00    8.00     0      1.00      0.00   89728   4560   0.12  21880.00   4420.00      0.00  sysbench
1565355175     0      8104    0.00    8.00    0.00    8.00     0      0.00      0.00   89728   4560   0.12  25092.00   4588.00      0.00  sysbench
1565355176     0      8104    0.99    7.92    0.00    8.91     0      0.00      0.00   89728   4560   0.12  23873.27   4764.36      0.00  sysbench
1565355177     0      8104    1.00    5.00    0.00    6.00     0      0.00      0.00   89728   4560   0.12  12472.00   2792.00      0.00  sysbench
1565355178     0      8104    0.00    7.00    0.00    7.00     0      0.00      0.00   89728   4560   0.12  18020.00   4428.00      0.00  sysbench
1565355179     0      8104    2.00    7.00    0.00    9.00     0      0.00      0.00   89728   4560   0.12  19684.00   4560.00      0.00  sysbench
1565355180     0      8104    1.00    8.00    0.00    9.00     0      0.00      0.00   89728   4560   0.12  18496.00   4380.00      0.00  sysbench
1565355181     0      8104    1.00    7.00    0.00    8.00     0      0.00      0.00   89728   4560   0.12  20884.00   4540.00      0.00  sysbench

1565355173     0      8104    0.98    7.84    0.00    8.82     0    239.22      0.00   89728   4560   0.12  24709.80   4850.98      0.00  sysbench
1565355174     0      8104    1.00    7.00    0.00    8.00     0      1.00      0.00   89728   4560   0.12  21780.00   4372.00      0.00  sysbench
1565355175     0      8104    0.00    8.00    0.00    8.00     0      0.00      0.00   89728   4560   0.12  25092.00   4588.00      0.00  sysbench
1565355176     0      8104    1.00    8.00    0.00    9.00     0      0.00      0.00   89728   4560   0.12  24112.00   4812.00      0.00  sysbench
1565355177     0      8104    1.00    5.00    0.00    6.00     0      0.00      0.00   89728   4560   0.12  12476.00   2792.00      0.00  sysbench
1565355178     0      8104    0.00    7.00    0.00    7.00     0      0.00      0.00   89728   4560   0.12  18016.00   4428.00      0.00  sysbench
1565355179     0      8104    2.00    7.00    0.00    9.00     0      0.00      0.00   89728   4560   0.12  19684.00   4560.00      0.00  sysbench
1565355180     0      8104    1.00    8.00    0.00    9.00     0      0.00      0.00   89728   4560   0.12  18496.00   4380.00      0.00  sysbench
1565355181     0      8104    1.00    7.00    0.00    8.00     0      0.00      0.00   89728   4560   0.12  20884.00   4540.00      0.00  sysbench
1565355182     0      8272    0.00    0.99    0.00    0.99     0   1315.84      0.00   89592   3512   0.09      0.00      0.00      0.00  sysbench

