1565352888     0      4289   98.06    0.00    0.00   98.06     2    232.04      0.00   89728   4560   0.12      0.00      0.00      0.00  sysbench
1565352889     0      4289   98.00    0.00    0.00   98.00     2      1.00      0.00   89728   4560   0.12      0.00      0.00      0.00  sysbench
1565352890     0      4289   99.00    0.00    0.00   99.00     2      0.00      0.00   89728   4560   0.12      0.00      0.00      0.00  sysbench
1565352891     0      4289  100.00    0.00    0.00  100.00     2      0.00      0.00   89728   4560   0.12      0.00      0.00      0.00  sysbench
1565352892     0      4289   98.00    0.00    0.00   98.00     2      0.00      0.00   89728   4560   0.12      0.00      0.00      0.00  sysbench
1565352893     0      4289   99.00    0.00    0.00   99.00     2      0.00      0.00   89728   4560   0.12      0.00      0.00      0.00  sysbench
1565352894     0      4289   99.00    0.00    0.00   99.00     2      0.00      0.00   89728   4560   0.12      0.00      0.00      0.00  sysbench
1565352895     0      4289   98.00    0.00    0.00   98.00     2      1.00      0.00   89728   4560   0.12      0.00      0.00      0.00  sysbench
1565352896     0      4289   99.00    0.00    0.00   99.00     2      0.00      0.00   89728   4560   0.12      0.00      0.00      0.00  sysbench

1565352898     0      4455   98.04    0.00    0.00   98.04     3    249.02      0.00   89728   4564   0.12      0.00      0.00      0.00  sysbench
1565352899     0      4455  100.00    0.00    0.00  100.00     3      2.00      0.00   89728   4564   0.12      0.00      0.00      0.00  sysbench
1565352900     0      4455   99.00    0.00    0.00   99.00     3      0.00      0.00   89728   4564   0.12      0.00      0.00      0.00  sysbench
1565352901     0      4455  100.00    0.00    0.00  100.00     3      0.00      0.00   89728   4564   0.12      0.00      0.00      0.00  sysbench
1565352902     0      4455   97.03    0.00    0.00   97.03     3      0.00      0.00   89728   4564   0.12      0.00      0.00      0.00  sysbench
1565352903     0      4455  100.00    0.00    0.00  100.00     3      0.00      0.00   89728   4564   0.12      0.00      0.00      0.00  sysbench
1565352904     0      4455   99.00    0.00    0.00   99.00     3      0.00      0.00   89728   4564   0.12      0.00      0.00      0.00  sysbench
1565352905     0      4455  100.00    0.00    0.00  100.00     3      0.00      0.00   89728   4564   0.12      0.00      0.00      0.00  sysbench
1565352906     0      4455  100.00    0.00    0.00  100.00     3      0.00      0.00   89728   4564   0.12      0.00      0.00      0.00  sysbench

1565352908     0      4621  100.00    0.00    0.00  100.00     2    236.27      0.00   89728   4560   0.12      0.00      0.00      0.00  sysbench
1565352909     0      4621  100.00    0.00    0.00  100.00     2      0.00      0.00   89728   4560   0.12      0.00      0.00      0.00  sysbench
1565352910     0      4621   99.00    0.00    0.00   99.00     2      2.00      0.00   89728   4560   0.12      0.00      0.00      0.00  sysbench
1565352911     0      4621   99.01    0.00    0.00   99.01     2      0.99      0.00   89728   4560   0.12      0.00      0.00      0.00  sysbench
1565352912     0      4621   99.00    0.00    0.00   99.00     2      0.00      0.00   89728   4560   0.12      0.00      0.00      0.00  sysbench
1565352913     0      4621   99.00    0.00    0.00   99.00     2      1.00      0.00   89728   4560   0.12      0.00      0.00      0.00  sysbench
1565352914     0      4621  100.00    0.00    0.00  100.00     2      0.00      0.00   89728   4560   0.12      0.00      0.00      0.00  sysbench
1565352915     0      4621   98.00    0.00    0.00   98.00     2      0.00      0.00   89728   4560   0.12      0.00      0.00      0.00  sysbench
1565352916     0      4621  100.00    0.00    0.00  100.00     2      0.00      0.00   89728   4560   0.12      0.00      0.00      0.00  sysbench

1565352918     0      4773   99.01    0.00    0.00   99.01     0    248.51      0.00   89728   4564   0.12      0.00      0.00      0.00  sysbench
1565352919     0      4773   98.00    0.00    0.00   98.00     0      3.00      0.00   89728   4564   0.12      0.00      0.00      0.00  sysbench
1565352920     0      4773   99.00    0.00    0.00   99.00     0      1.00      0.00   89728   4564   0.12      0.00      0.00      0.00  sysbench
1565352921     0      4773   98.02    0.00    0.00   98.02     0      0.00      0.00   89728   4564   0.12      0.00      0.00      0.00  sysbench
1565352922     0      4773   98.00    0.00    0.00   98.00     0      0.00      0.00   89728   4564   0.12      0.00      0.00      0.00  sysbench
1565352923     0      4773   98.00    0.00    0.00   98.00     0      0.00      0.00   89728   4564   0.12      0.00      0.00      0.00  sysbench
1565352924     0      4773  100.00    0.00    0.00  100.00     0      0.00      0.00   89728   4564   0.12      0.00      0.00      0.00  sysbench
1565352925     0      4773   99.00    0.00    0.00   99.00     0      0.00      0.00   89728   4564   0.12      0.00      0.00      0.00  sysbench
1565352926     0      4773   99.00    0.00    0.00   99.00     0      0.00      0.00   89728   4564   0.12      0.00      0.00      0.00  sysbench

1565352928     0      4939   98.04    0.00    0.00   98.04     2    236.27      0.00   89728   4564   0.12      0.00      0.00      0.00  sysbench
1565352929     0      4939  100.00    0.00    0.00  100.00     2      3.00      0.00   89728   4564   0.12      0.00      0.00      0.00  sysbench
1565352930     0      4939  100.00    0.00    0.00  100.00     2      0.00      0.00   89728   4564   0.12      0.00      0.00      0.00  sysbench
1565352931     0      4939   99.00    0.00    0.00   99.00     2      1.00      0.00   89728   4564   0.12      0.00      0.00      0.00  sysbench
1565352932     0      4939   99.00    0.00    0.00   99.00     2      0.00      0.00   89728   4564   0.12      0.00      0.00      0.00  sysbench
1565352933     0      4939  100.00    0.00    0.00  100.00     2      0.00      0.00   89728   4564   0.12      0.00      0.00      0.00  sysbench
1565352934     0      4939   99.00    0.00    0.00   99.00     2      0.00      0.00   89728   4564   0.12      0.00      0.00      0.00  sysbench
1565352935     0      4939  100.00    0.00    0.00  100.00     2      0.00      0.00   89728   4564   0.12      0.00      0.00      0.00  sysbench
1565352936     0      4939  100.00    0.00    0.00  100.00     2      0.00      0.00   89728   4564   0.12      0.00      0.00      0.00  sysbench

1565352938     0      5105  100.00    0.00    0.00  100.00     0    249.50      0.00   89728   4564   0.12      0.00      0.00      0.00  sysbench
1565352939     0      5105   99.00    0.00    0.00   99.00     0      0.00      0.00   89728   4564   0.12      0.00      0.00      0.00  sysbench
1565352940     0      5105   99.00    0.00    0.00   99.00     0      1.00      0.00   89728   4564   0.12      0.00      0.00      0.00  sysbench
1565352941     0      5105  100.00    0.00    0.00  100.00     0      0.00      0.00   89728   4564   0.12      0.00      0.00      0.00  sysbench
1565352942     0      5105   98.02    0.00    0.00   98.02     0      0.00      0.00   89728   4564   0.12      0.00      0.00      0.00  sysbench
1565352943     0      5105   99.00    0.00    0.00   99.00     0      0.00      0.00   89728   4564   0.12      0.00      0.00      0.00  sysbench
1565352944     0      5105   99.00    0.00    0.00   99.00     0      0.00      0.00   89728   4564   0.12      0.00      0.00      0.00  sysbench
1565352945     0      5105  100.00    0.00    0.00  100.00     0      0.00      0.00   89728   4564   0.12      0.00      0.00      0.00  sysbench
1565352946     0      5105   99.00    0.00    0.00   99.00     0      0.00      0.00   89728   4564   0.12      0.00      0.00      0.00  sysbench

1565352948     0      5271  100.00    0.00    0.00  100.00     1    230.69      0.00   89728   4292   0.11      0.00      0.00      0.00  sysbench
1565352949     0      5271   99.00    0.00    0.00   99.00     1      1.00      0.00   89728   4292   0.11      0.00      0.00      0.00  sysbench
1565352950     0      5271  100.00    0.00    0.00  100.00     1      1.00      0.00   89728   4292   0.11      0.00      0.00      0.00  sysbench
1565352951     0      5271  100.00    0.00    0.00  100.00     1      0.00      0.00   89728   4292   0.11      0.00      0.00      0.00  sysbench
1565352952     0      5271   99.00    0.00    0.00   99.00     1      0.00      0.00   89728   4292   0.11      0.00      0.00      0.00  sysbench
1565352953     0      5271  100.00    0.00    0.00  100.00     1      0.00      0.00   89728   4292   0.11      0.00      0.00      0.00  sysbench
1565352954     0      5271  100.00    0.00    0.00  100.00     1      0.00      0.00   89728   4292   0.11      0.00      0.00      0.00  sysbench
1565352955     0      5271  100.00    0.00    0.00  100.00     1      0.00      0.00   89728   4292   0.11      0.00      0.00      0.00  sysbench
1565352956     0      5271  100.00    0.00    0.00  100.00     1      0.00      0.00   89728   4292   0.11      0.00      0.00      0.00  sysbench

1565352958     0      5422  100.00    0.00    0.00  100.00     0    242.57      0.00   89728   4564   0.12      0.00      0.00      0.00  sysbench
1565352959     0      5422   98.02    0.00    0.00   98.02     0      1.98      0.00   89728   4564   0.12      0.00      0.00      0.00  sysbench
1565352960     0      5422   99.00    0.00    0.00   99.00     0      0.00      0.00   89728   4564   0.12      0.00      0.00      0.00  sysbench
1565352961     0      5422   94.00    0.00    0.00   94.00     0      0.00      0.00   89728   4564   0.12      0.00      0.00      0.00  sysbench
1565352962     0      5422   99.00    0.00    0.00   99.00     0      0.00      0.00   89728   4564   0.12      0.00      0.00      0.00  sysbench
1565352963     0      5422  100.00    0.00    0.00  100.00     0      0.00      0.00   89728   4564   0.12      0.00      0.00      0.00  sysbench
1565352964     0      5422   99.00    0.00    0.00   99.00     0      0.00      0.00   89728   4564   0.12      0.00      0.00      0.00  sysbench
1565352965     0      5422   99.00    0.00    0.00   99.00     0      0.00      0.00   89728   4564   0.12      0.00      0.00      0.00  sysbench
1565352966     0      5422   99.00    0.00    0.00   99.00     0      0.00      0.00   89728   4564   0.12      0.00      0.00      0.00  sysbench

1565352968     0      5588   99.02    0.00    0.00   99.02     0    234.31      0.00   89728   4560   0.12      0.00      0.00      0.00  sysbench
1565352969     0      5588  100.00    0.00    0.00  100.00     0      0.00      0.00   89728   4560   0.12      0.00      0.00      0.00  sysbench
1565352970     0      5588   98.00    0.00    0.00   98.00     0      1.00      0.00   89728   4560   0.12      0.00      0.00      0.00  sysbench
1565352971     0      5588   98.00    0.00    0.00   98.00     0      0.00      0.00   89728   4560   0.12      0.00      0.00      0.00  sysbench
1565352972     0      5588  100.00    0.00    0.00  100.00     0      0.00      0.00   89728   4560   0.12      0.00      0.00      0.00  sysbench
1565352973     0      5588   99.00    0.00    0.00   99.00     0      1.00      0.00   89728   4560   0.12      0.00      0.00      0.00  sysbench
1565352974     0      5588  100.00    0.00    0.00  100.00     0      0.00      0.00   89728   4560   0.12      0.00      0.00      0.00  sysbench
1565352975     0      5588   99.00    0.00    0.00   99.00     0      0.00      0.00   89728   4560   0.12      0.00      0.00      0.00  sysbench
1565352976     0      5588   99.01    0.00    0.00   99.01     0      0.00      0.00   89728   4560   0.12      0.00      0.00      0.00  sysbench

1565352978     0      5754   97.06    0.00    0.00   97.06     2    223.53      0.00   89728   4564   0.12      0.00      0.00      0.00  sysbench
1565352979     0      5754   99.00    0.00    0.00   99.00     2      1.00      0.00   89728   4564   0.12      0.00      0.00      0.00  sysbench
1565352980     0      5754  100.00    0.00    0.00  100.00     2      0.00      0.00   89728   4564   0.12      0.00      0.00      0.00  sysbench
1565352981     0      5754   98.00    0.00    0.00   98.00     2      0.00      0.00   89728   4564   0.12      0.00      0.00      0.00  sysbench
1565352982     0      5754   98.00    0.00    0.00   98.00     2      1.00      0.00   89728   4564   0.12      0.00      0.00      0.00  sysbench
1565352983     0      5754  100.00    0.00    0.00  100.00     2      0.00      0.00   89728   4564   0.12      0.00      0.00      0.00  sysbench
1565352984     0      5754  100.00    0.00    0.00  100.00     2      0.00      0.00   89728   4564   0.12      0.00      0.00      0.00  sysbench
1565352985     0      5754   99.00    0.00    0.00   99.00     2      0.00      0.00   89728   4564   0.12      0.00      0.00      0.00  sysbench
1565352986     0      5754  100.00    0.00    0.00  100.00     2      0.00      0.00   89728   4564   0.12      0.00      0.00      0.00  sysbench

