1565358148     0     21834   71.03    0.00    0.00   71.03     3    254.21      0.00   89728   4560   0.12      0.00      0.00      0.00  sysbench
1565358149     0     21834   87.00    0.00    0.00   87.00     3      1.00      0.00   89728   4560   0.12      0.00      0.00      0.00  sysbench
1565358150     0     21834   92.00    0.00    0.00   92.00     3      0.00      0.00   89728   4560   0.12      0.00      0.00      0.00  sysbench
1565358151     0     21834   86.00    0.00    0.00   86.00     3      0.00      0.00   89728   4560   0.12      0.00      0.00      0.00  sysbench
1565358152     0     21834   93.00    0.00    0.00   93.00     3      0.00      0.00   89728   4560   0.12      0.00      0.00      0.00  sysbench
1565358153     0     21834   90.10    0.00    0.00   90.10     3      0.00      0.00   89728   4560   0.12      0.00      0.00      0.00  sysbench
1565358154     0     21834   89.00    0.00    0.00   89.00     3      0.00      0.00   89728   4560   0.12      0.00      0.00      0.00  sysbench
1565358155     0     21834   97.00    0.00    0.00   97.00     3      1.00      0.00   89728   4560   0.12      0.00      0.00      0.00  sysbench
1565358156     0     21834   89.00    0.00    0.00   89.00     3      0.00      0.00   89728   4560   0.12      0.00      0.00      0.00  sysbench

1565358158     0     21987   91.18    0.00    0.00   91.18     1    266.67      0.00   89728   4568   0.12      0.00      0.00      0.00  sysbench
1565358159     0     21987   84.00    0.00    0.00   84.00     1      1.00      0.00   89728   4568   0.12      0.00      0.00      0.00  sysbench
1565358160     0     21987   94.00    0.00    0.00   94.00     1      1.00      0.00   89728   4568   0.12      0.00      0.00      0.00  sysbench
1565358161     0     21987   89.00    0.00    0.00   89.00     1      0.00      0.00   89728   4568   0.12      0.00      0.00      0.00  sysbench
1565358162     0     21987   92.08    0.00    0.00   92.08     1      0.00      0.00   89728   4568   0.12      0.00      0.00      0.00  sysbench
1565358163     0     21987   95.00    0.00    0.00   95.00     1      0.00      0.00   89728   4568   0.12      0.00      0.00      0.00  sysbench
1565358164     0     21987   90.00    0.00    0.00   90.00     1      0.00      0.00   89728   4568   0.12      0.00      0.00      0.00  sysbench
1565358165     0     21987   93.00    0.00    0.00   93.00     1      0.00      0.00   89728   4568   0.12      0.00      0.00      0.00  sysbench
1565358166     0     21987   91.00    0.00    0.00   91.00     1      0.00      0.00   89728   4568   0.12      0.00      0.00      0.00  sysbench
1565358167     0     21987   94.00    0.00    0.00   94.00     1      0.00      0.00   89728   4568   0.12      0.00      0.00      0.00  sysbench

1565358168     0     22154   86.27    0.00    0.00   86.27     0    263.73      0.00   89728   4568   0.12      0.00      0.00      0.00  sysbench
1565358169     0     22154   91.00    0.00    0.00   91.00     0      2.00      0.00   89728   4568   0.12      0.00      0.00      0.00  sysbench
1565358170     0     22154   88.00    0.00    0.00   88.00     0      0.00      0.00   89728   4568   0.12      0.00      0.00      0.00  sysbench
1565358171     0     22154   91.00    0.00    0.00   91.00     0      0.00      0.00   89728   4568   0.12      0.00      0.00      0.00  sysbench
1565358172     0     22154   94.00    0.00    0.00   94.00     0      0.00      0.00   89728   4568   0.12      0.00      0.00      0.00  sysbench
1565358173     0     22154   92.00    0.00    0.00   92.00     0      0.00      0.00   89728   4568   0.12      0.00      0.00      0.00  sysbench
1565358174     0     22154   91.00    0.00    0.00   91.00     0      0.00      0.00   89728   4568   0.12      0.00      0.00      0.00  sysbench
1565358175     0     22154   86.00    0.00    0.00   86.00     0      0.00      0.00   89728   4568   0.12      0.00      0.00      0.00  sysbench
1565358176     0     22154   93.07    0.00    0.00   93.07     0      0.00      0.00   89728   4568   0.12      0.00      0.00      0.00  sysbench
1565358177     0     22154   84.00    0.00    0.00   84.00     0     18.00      0.00   89728   4700   0.12      0.00      0.00      0.00  sysbench

1565358178     0     22306   86.54    0.00    0.00   86.54     0    261.54      0.00   89728   4564   0.12      0.00      0.00      0.00  sysbench
1565358179     0     22306   91.00    0.00    0.00   91.00     0      0.00      0.00   89728   4564   0.12      0.00      0.00      0.00  sysbench
1565358180     0     22306   87.00    0.00    0.00   87.00     0      1.00      0.00   89728   4564   0.12      0.00      0.00      0.00  sysbench
1565358181     0     22306   73.27    0.00    0.00   73.27     0      0.00      0.00   89728   4564   0.12      0.00      0.00      0.00  sysbench
1565358182     0     22306   85.00    0.00    0.00   85.00     0      1.00      0.00   89728   4564   0.12      0.00      0.00      0.00  sysbench
1565358183     0     22306   89.00    0.00    0.00   89.00     0      0.00      0.00   89728   4564   0.12      0.00      0.00      0.00  sysbench
1565358184     0     22306   90.00    0.00    0.00   90.00     0      0.00      0.00   89728   4564   0.12      0.00      0.00      0.00  sysbench
1565358185     0     22306   91.00    0.00    0.00   91.00     0      0.00      0.00   89728   4564   0.12      0.00      0.00      0.00  sysbench
1565358186     0     22306   92.00    0.00    0.00   92.00     0      0.00      0.00   89728   4564   0.12      0.00      0.00      0.00  sysbench

1565358188     0     22458   93.07    0.00    0.00   93.07     0    266.34      0.00   89728   4568   0.12      0.00      0.00      0.00  sysbench
1565358189     0     22458   83.17    0.00    0.00   83.17     0      0.99      0.00   89728   4568   0.12      0.00      0.00      0.00  sysbench
1565358190     0     22458   85.00    0.00    0.00   85.00     0      1.00      0.00   89728   4568   0.12      0.00      0.00      0.00  sysbench
1565358191     0     22458   89.00    0.00    0.00   89.00     0      0.00      0.00   89728   4568   0.12      0.00      0.00      0.00  sysbench
1565358192     0     22458   89.11    0.00    0.00   89.11     0      0.00      0.00   89728   4568   0.12      0.00      0.00      0.00  sysbench
1565358193     0     22458   90.00    0.00    0.00   90.00     0      0.00      0.00   89728   4568   0.12      0.00      0.00      0.00  sysbench
1565358194     0     22458   93.00    0.00    0.00   93.00     0      0.00      0.00   89728   4568   0.12      0.00      0.00      0.00  sysbench
1565358195     0     22458   88.00    0.00    0.00   88.00     0      0.00      0.00   89728   4568   0.12      0.00      0.00      0.00  sysbench
1565358196     0     22458   81.19    0.00    0.00   81.19     0      0.00      0.00   89728   4568   0.12      0.00      0.00      0.00  sysbench
1565358197     0     22458   78.00    0.00    0.00   78.00     0      0.00      0.00   89728   4568   0.12      0.00      0.00      0.00  sysbench

1565358198     0     22625   79.81    0.00    0.00   79.81     3    261.54      0.00   89728   4568   0.12      0.00      0.00      0.00  sysbench
1565358199     0     22625   86.00    0.00    0.00   86.00     3      2.00      0.00   89728   4568   0.12      0.00      0.00      0.00  sysbench
1565358200     0     22625   81.00    0.00    0.00   81.00     3      0.00      0.00   89728   4568   0.12      0.00      0.00      0.00  sysbench
1565358201     0     22625   82.00    0.00    0.00   82.00     3      0.00      0.00   89728   4568   0.12      0.00      0.00      0.00  sysbench
1565358202     0     22625   81.19    0.00    0.00   81.19     3      0.00      0.00   89728   4568   0.12      0.00      0.00      0.00  sysbench
1565358203     0     22625   85.15    0.00    0.00   85.15     3      0.00      0.00   89728   4568   0.12      0.00      0.00      0.00  sysbench
1565358204     0     22625   84.00    0.00    0.00   84.00     3      0.00      0.00   89728   4568   0.12      0.00      0.00      0.00  sysbench
1565358205     0     22625   77.23    0.00    0.00   77.23     3      0.00      0.00   89728   4568   0.12      0.00      0.00      0.00  sysbench
1565358206     0     22625   86.00    1.00    0.00   87.00     3      0.00      0.00   89728   4568   0.12      0.00      0.00      0.00  sysbench

1565358208     0     22778   85.58    0.00    0.00   85.58     0    261.54      0.00   89728   4564   0.12      0.00      0.00      0.00  sysbench
1565358209     0     22778   86.00    0.00    0.00   86.00     0      0.00      0.00   89728   4564   0.12      0.00      0.00      0.00  sysbench
1565358210     0     22778   84.16    0.00    0.00   84.16     0      0.99      0.00   89728   4564   0.12      0.00      0.00      0.00  sysbench
1565358211     0     22778   92.00    0.00    0.00   92.00     0      0.00      0.00   89728   4564   0.12      0.00      0.00      0.00  sysbench
1565358212     0     22778   85.15    0.00    0.00   85.15     0      0.00      0.00   89728   4564   0.12      0.00      0.00      0.00  sysbench
1565358213     0     22778   85.15    0.00    0.00   85.15     0      0.00      0.00   89728   4564   0.12      0.00      0.00      0.00  sysbench
1565358214     0     22778   88.00    0.00    0.00   88.00     0      0.00      0.00   89728   4564   0.12      0.00      0.00      0.00  sysbench
1565358215     0     22778   87.00    0.00    0.00   87.00     0      0.00      0.00   89728   4564   0.12      0.00      0.00      0.00  sysbench
1565358216     0     22778   91.00    0.00    0.00   91.00     0      0.00      0.00   89728   4564   0.12      0.00      0.00      0.00  sysbench
1565358217     0     22778   90.00    0.00    0.00   90.00     0      1.00      0.00   89728   4564   0.12      0.00      0.00      0.00  sysbench

1565358219     0     22931   85.29    0.00    0.00   85.29     0    263.73      0.00   89728   4564   0.12      0.00      0.00      0.00  sysbench
1565358220     0     22931   78.22    0.00    0.00   78.22     0      0.00      0.00   89728   4564   0.12      0.00      0.00      0.00  sysbench
1565358221     0     22931   71.29    0.00    0.00   71.29     0      0.99      0.00   89728   4564   0.12      0.00      0.00      0.00  sysbench
1565358222     0     22931   72.00    0.00    0.00   72.00     0      0.00      0.00   89728   4564   0.12      0.00      0.00      0.00  sysbench
1565358223     0     22931   67.33    0.00    0.00   67.33     0      0.99      0.00   89728   4564   0.12      0.00      0.00      0.00  sysbench
1565358224     0     22931   83.00    0.00    0.00   83.00     0      0.00      0.00   89728   4564   0.12      0.00      0.00      0.00  sysbench
1565358225     0     22931   84.16    0.00    0.00   84.16     0      0.00      0.00   89728   4564   0.12      0.00      0.00      0.00  sysbench
1565358226     0     22931   88.00    0.00    0.00   88.00     0      0.00      0.00   89728   4564   0.12      0.00      0.00      0.00  sysbench
1565358227     0     22931   84.00    0.00    0.00   84.00     0      0.00      0.00   89728   4564   0.12      0.00      0.00      0.00  sysbench

1565358229     0     23083   72.12    0.00    0.00   72.12     0    261.54      0.00   89728   4568   0.12      0.00      0.00      0.00  sysbench
1565358230     0     23083   76.24    0.00    0.00   76.24     0      1.98      0.00   89728   4568   0.12      0.00      0.00      0.00  sysbench
1565358231     0     23083   53.00    0.00    0.00   53.00     0      0.00      0.00   89728   4568   0.12      0.00      0.00      0.00  sysbench
1565358232     0     23083   80.20    0.00    0.00   80.20     0      0.00      0.00   89728   4568   0.12      0.00      0.00      0.00  sysbench
1565358233     0     23083   75.00    0.00    0.00   75.00     0      0.00      0.00   89728   4568   0.12      0.00      0.00      0.00  sysbench
1565358234     0     23083   67.00    0.00    0.00   67.00     0      0.00      0.00   89728   4568   0.12      0.00      0.00      0.00  sysbench
1565358235     0     23083   63.37    0.00    0.00   63.37     0      0.00      0.00   89728   4568   0.12      0.00      0.00      0.00  sysbench
1565358236     0     23083   70.00    0.00    0.00   70.00     0      0.00      0.00   89728   4568   0.12      0.00      0.00      0.00  sysbench
1565358237     0     23083   61.39    0.00    0.00   61.39     0      0.00      0.00   89728   4568   0.12      0.00      0.00      0.00  sysbench
1565358238     0     23083   49.00    1.00    0.00   50.00     0      0.00      0.00   89728   4568   0.12      0.00      0.00      0.00  sysbench
1565358239     0     23083    4.00    0.00    0.00    4.00     0      0.00      0.00   89728   4568   0.12      0.00      0.00      0.00  sysbench

1565358241     0     23241   57.80    0.00    0.00   57.80     1    246.79      0.00   89728   4568   0.12      0.00      0.00      0.00  sysbench
1565358242     0     23241   63.00    0.00    0.00   63.00     1      2.00      0.00   89728   4568   0.12      0.00      0.00      0.00  sysbench
1565358243     0     23241   25.74    0.00    0.00   25.74     1      0.00      0.00   89728   4568   0.12      0.00      0.00      0.00  sysbench
1565358244     0     23241   17.00    0.00    0.00   17.00     1      0.00      0.00   89728   4568   0.12      0.00      0.00      0.00  sysbench
1565358245     0     23241   69.31    0.00    0.00   69.31     1      0.00      0.00   89728   4568   0.12      0.00      0.00      0.00  sysbench
1565358246     0     23241   77.00    0.00    0.00   77.00     1      0.00      0.00   89728   4568   0.12      0.00      0.00      0.00  sysbench
1565358247     0     23241   72.00    0.00    0.00   72.00     1      0.00      0.00   89728   4568   0.12      0.00      0.00      0.00  sysbench
1565358248     0     23241   78.00    0.00    0.00   78.00     1      0.00      0.00   89728   4568   0.12      0.00      0.00      0.00  sysbench
1565358249     0     23241   58.00    0.00    0.00   58.00     1      0.00      0.00   89728   4568   0.12      0.00      0.00      0.00  sysbench

