1565363172     0      2191   99.04    0.00    0.00   99.04     3    261.54      0.00   89728   4564   0.12      0.00      0.00      0.00  sysbench
1565363173     0      2191  100.00    0.00    0.00  100.00     3      0.00      0.00   89728   4564   0.12      0.00      0.00      0.00  sysbench
1565363174     0      2191   99.00    0.00    0.00   99.00     3      0.00      0.00   89728   4564   0.12      0.00      0.00      0.00  sysbench
1565363175     0      2191  100.00    0.00    0.00  100.00     3      0.00      0.00   89728   4564   0.12      0.00      0.00      0.00  sysbench
1565363176     0      2191  100.00    0.00    0.00  100.00     3      0.00      0.00   89728   4564   0.12      0.00      0.00      0.00  sysbench
1565363177     0      2191  100.00    0.00    0.00  100.00     3      0.00      0.00   89728   4564   0.12      0.00      0.00      0.00  sysbench
1565363178     0      2191  100.00    0.00    0.00  100.00     3      0.00      0.00   89728   4564   0.12      0.00      0.00      0.00  sysbench
1565363179     0      2191  100.00    0.00    0.00  100.00     3      2.00      0.00   89728   4564   0.12      0.00      0.00      0.00  sysbench
1565363180     0      2191  100.00    0.00    0.00  100.00     3      0.00      0.00   89728   4564   0.12      0.00      0.00      0.00  sysbench
1565363181     0      2191   99.01    0.00    0.00   99.01     3      0.00      0.00   89728   4564   0.12      0.00      0.00      0.00  sysbench
1565363182     0      2191  100.00    0.00    0.00  100.00     3      0.00      0.00   89728   4564   0.12      0.00      0.00      0.00  sysbench
1565363183     0      2191  100.00    0.00    0.00  100.00     3      0.00      0.00   89728   4564   0.12      0.00      0.00      0.00  sysbench
1565363184     0      2191  100.00    0.00    0.00  100.00     3      0.00      0.00   89728   4564   0.12      0.00      0.00      0.00  sysbench

1565363186     0      2411  100.00    0.00    0.00  100.00     0    266.34      0.00   89728   4568   0.12      0.00      0.00      0.00  sysbench
1565363187     0      2411   99.01    0.00    0.00   99.01     0      0.00      0.00   89728   4568   0.12      0.00      0.00      0.00  sysbench
1565363188     0      2411  100.00    0.00    0.00  100.00     0      0.00      0.00   89728   4568   0.12      0.00      0.00      0.00  sysbench
1565363189     0      2411  100.00    0.00    0.00  100.00     0      0.00      0.00   89728   4568   0.12      0.00      0.00      0.00  sysbench
1565363190     0      2411  100.00    0.00    0.00  100.00     0      0.00      0.00   89728   4568   0.12      0.00      0.00      0.00  sysbench
1565363191     0      2411  100.00    0.00    0.00  100.00     0      0.00      0.00   89728   4568   0.12      0.00      0.00      0.00  sysbench
1565363192     0      2411  100.00    0.00    0.00  100.00     0      2.00      0.00   89728   4568   0.12      0.00      0.00      0.00  sysbench
1565363193     0      2411  100.00    0.00    0.00  100.00     0      0.00      0.00   89728   4568   0.12      0.00      0.00      0.00  sysbench
1565363194     0      2411  100.00    0.00    0.00  100.00     0      0.00      0.00   89728   4568   0.12      0.00      0.00      0.00  sysbench
1565363195     0      2411  100.00    0.00    0.00  100.00     0      0.00      0.00   89728   4568   0.12      0.00      0.00      0.00  sysbench
1565363196     0      2411  100.00    0.00    0.00  100.00     0      0.00      0.00   89728   4568   0.12      0.00      0.00      0.00  sysbench
1565363197     0      2411  100.00    0.00    0.00  100.00     0      0.00      0.00   89728   4568   0.12      0.00      0.00      0.00  sysbench

1565363199     0      2625  100.00    0.00    0.00  100.00     2    269.31      0.00   89728   4564   0.12      0.00      0.00      0.00  sysbench
1565363200     0      2625  100.00    0.00    0.00  100.00     2      0.00      0.00   89728   4564   0.12      0.00      0.00      0.00  sysbench
1565363201     0      2625  100.00    0.00    0.00  100.00     2      0.00      0.00   89728   4564   0.12      0.00      0.00      0.00  sysbench
1565363202     0      2625  100.00    0.00    0.00  100.00     2      0.00      0.00   89728   4564   0.12      0.00      0.00      0.00  sysbench
1565363203     0      2625  100.00    0.00    0.00  100.00     2      0.00      0.00   89728   4564   0.12      0.00      0.00      0.00  sysbench
1565363204     0      2625   99.00    0.00    0.00   99.00     2      0.00      0.00   89728   4564   0.12      0.00      0.00      0.00  sysbench
1565363205     0      2625  100.00    0.00    0.00  100.00     2      0.00      0.00   89728   4564   0.12      0.00      0.00      0.00  sysbench
1565363206     0      2625  100.00    0.00    0.00  100.00     2      0.00      0.00   89728   4564   0.12      0.00      0.00      0.00  sysbench
1565363207     0      2625  100.00    0.00    0.00  100.00     2      0.00      0.00   89728   4564   0.12      0.00      0.00      0.00  sysbench
1565363208     0      2625  100.00    0.00    0.00  100.00     2      0.00      0.00   89728   4564   0.12      0.00      0.00      0.00  sysbench
1565363209     0      2625  100.00    0.00    0.00  100.00     2      0.00      0.00   89728   4564   0.12      0.00      0.00      0.00  sysbench
1565363210     0      2625  100.00    0.00    0.00  100.00     2      0.00      0.00   89728   4564   0.12      0.00      0.00      0.00  sysbench
1565363211     0      2625  100.00    0.00    0.00  100.00     2      0.00      0.00   89728   4564   0.12      0.00      0.00      0.00  sysbench
1565363212     0      2625  100.00    0.00    0.00  100.00     2      0.00      0.00   89728   4564   0.12      0.00      0.00      0.00  sysbench
1565363213     0      2625  100.00    0.00    0.00  100.00     2      0.00      0.00   89728   4564   0.12      0.00      0.00      0.00  sysbench

1565363214     0      2871  100.00    0.00    0.00  100.00     3    266.34      0.00   89728   4564   0.12      0.00      0.00      0.00  sysbench
1565363215     0      2871  100.00    0.00    0.00  100.00     3      0.00      0.00   89728   4564   0.12      0.00      0.00      0.00  sysbench
1565363216     0      2871  100.00    0.00    0.00  100.00     3      0.00      0.00   89728   4564   0.12      0.00      0.00      0.00  sysbench
1565363217     0      2871  100.00    0.00    0.00  100.00     3      0.00      0.00   89728   4564   0.12      0.00      0.00      0.00  sysbench
1565363218     0      2871  100.00    0.00    0.00  100.00     3      0.00      0.00   89728   4564   0.12      0.00      0.00      0.00  sysbench
1565363219     0      2871  100.00    0.00    0.00  100.00     3      0.00      0.00   89728   4564   0.12      0.00      0.00      0.00  sysbench
1565363220     0      2871  100.00    0.00    0.00  100.00     3      0.00      0.00   89728   4564   0.12      0.00      0.00      0.00  sysbench
1565363221     0      2871  100.00    0.00    0.00  100.00     3      0.00      0.00   89728   4564   0.12      0.00      0.00      0.00  sysbench
1565363222     0      2871  100.00    0.00    0.00  100.00     3      2.00      0.00   89728   4564   0.12      0.00      0.00      0.00  sysbench
1565363223     0      2871  100.00    0.00    0.00  100.00     3      0.00      0.00   89728   4564   0.12      0.00      0.00      0.00  sysbench
1565363224     0      2871  100.00    0.00    0.00  100.00     3      0.00      0.00   89728   4564   0.12      0.00      0.00      0.00  sysbench
1565363225     0      2871  100.00    0.00    0.00  100.00     3      0.00      0.00   89728   4564   0.12      0.00      0.00      0.00  sysbench
1565363226     0      2871  100.00    0.00    0.00  100.00     3      0.00      0.00   89728   4564   0.12      0.00      0.00      0.00  sysbench
1565363227     0      2871  100.00    0.00    0.00  100.00     3      0.00      0.00   89728   4564   0.12      0.00      0.00      0.00  sysbench

1565363229     0      3102  100.00    0.00    0.00  100.00     0    269.31      0.00   89728   4568   0.12      0.00      0.00      0.00  sysbench
1565363230     0      3102  100.00    0.00    0.00  100.00     0      0.00      0.00   89728   4568   0.12      0.00      0.00      0.00  sysbench
1565363231     0      3102  100.00    0.00    0.00  100.00     0      0.00      0.00   89728   4568   0.12      0.00      0.00      0.00  sysbench
1565363232     0      3102  100.00    0.00    0.00  100.00     0      0.00      0.00   89728   4568   0.12      0.00      0.00      0.00  sysbench
1565363233     0      3102  100.00    0.00    0.00  100.00     0      0.00      0.00   89728   4568   0.12      0.00      0.00      0.00  sysbench
1565363234     0      3102   99.00    0.00    0.00   99.00     0      0.00      0.00   89728   4568   0.12      0.00      0.00      0.00  sysbench
1565363235     0      3102  100.00    0.00    0.00  100.00     0      1.00      0.00   89728   4568   0.12      0.00      0.00      0.00  sysbench
1565363236     0      3102  100.00    0.00    0.00  100.00     0      0.00      0.00   89728   4568   0.12      0.00      0.00      0.00  sysbench
1565363237     0      3102  100.00    0.00    0.00  100.00     0      0.00      0.00   89728   4568   0.12      0.00      0.00      0.00  sysbench
1565363238     0      3102  100.00    0.00    0.00  100.00     0      0.00      0.00   89728   4568   0.12      0.00      0.00      0.00  sysbench
1565363239     0      3102  100.00    0.00    0.00  100.00     0      0.00      0.00   89728   4568   0.12      0.00      0.00      0.00  sysbench
1565363240     0      3102  100.00    0.00    0.00  100.00     0      0.00      0.00   89728   4568   0.12      0.00      0.00      0.00  sysbench

1565363241     0      3300  100.00    0.00    0.00  100.00     2    269.31      0.00   89728   4564   0.12      0.00      0.00      0.00  sysbench
1565363242     0      3300  100.00    0.00    0.00  100.00     2      0.00      0.00   89728   4564   0.12      0.00      0.00      0.00  sysbench
1565363243     0      3300  100.00    0.00    0.00  100.00     2      0.00      0.00   89728   4564   0.12      0.00      0.00      0.00  sysbench
1565363244     0      3300  100.00    0.00    0.00  100.00     2      0.00      0.00   89728   4564   0.12      0.00      0.00      0.00  sysbench
1565363245     0      3300  100.00    0.00    0.00  100.00     2      0.00      0.00   89728   4564   0.12      0.00      0.00      0.00  sysbench
1565363246     0      3300  100.00    0.00    0.00  100.00     2      0.00      0.00   89728   4564   0.12      0.00      0.00      0.00  sysbench
1565363247     0      3300  100.00    0.00    0.00  100.00     2      0.00      0.00   89728   4564   0.12      0.00      0.00      0.00  sysbench
1565363248     0      3300  100.00    0.00    0.00  100.00     2      2.00      0.00   89728   4564   0.12      0.00      0.00      0.00  sysbench
1565363249     0      3300  100.00    0.00    0.00  100.00     2      0.00      0.00   89728   4564   0.12      0.00      0.00      0.00  sysbench
1565363250     0      3300  100.00    0.00    0.00  100.00     2      0.00      0.00   89728   4564   0.12      0.00      0.00      0.00  sysbench
1565363251     0      3300  100.00    0.00    0.00  100.00     2      0.00      0.00   89728   4564   0.12      0.00      0.00      0.00  sysbench
1565363252     0      3300  100.00    0.00    0.00  100.00     2      0.00      0.00   89728   4564   0.12      0.00      0.00      0.00  sysbench
1565363253     0      3300  100.00    0.00    0.00  100.00     2      0.00      0.00   89728   4564   0.12      0.00      0.00      0.00  sysbench
1565363254     0      3300  100.00    0.00    0.00  100.00     2      0.00      0.00   89728   4564   0.12      0.00      0.00      0.00  sysbench

1565363256     0      3531  100.00    0.00    0.00  100.00     0    266.34      0.00   89728   4564   0.12      0.00      0.00      0.00  sysbench
1565363257     0      3531  100.00    0.00    0.00  100.00     0      0.00      0.00   89728   4564   0.12      0.00      0.00      0.00  sysbench
1565363258     0      3531  100.00    0.00    0.00  100.00     0      0.00      0.00   89728   4564   0.12      0.00      0.00      0.00  sysbench
1565363259     0      3531  100.00    0.00    0.00  100.00     0      0.00      0.00   89728   4564   0.12      0.00      0.00      0.00  sysbench
1565363260     0      3531  100.00    0.00    0.00  100.00     0      0.00      0.00   89728   4564   0.12      0.00      0.00      0.00  sysbench
1565363261     0      3531  100.00    0.00    0.00  100.00     0      0.00      0.00   89728   4564   0.12      0.00      0.00      0.00  sysbench
1565363262     0      3531  100.00    0.00    0.00  100.00     0      0.00      0.00   89728   4564   0.12      0.00      0.00      0.00  sysbench
1565363263     0      3531  100.00    0.00    0.00  100.00     0      2.00      0.00   89728   4564   0.12      0.00      0.00      0.00  sysbench
1565363264     0      3531  100.00    0.00    0.00  100.00     0      0.00      0.00   89728   4564   0.12      0.00      0.00      0.00  sysbench
1565363265     0      3531  100.00    0.00    0.00  100.00     0      0.00      0.00   89728   4564   0.12      0.00      0.00      0.00  sysbench
1565363266     0      3531  100.00    0.00    0.00  100.00     0      0.00      0.00   89728   4564   0.12      0.00      0.00      0.00  sysbench
1565363267     0      3531  100.00    0.00    0.00  100.00     0      0.00      0.00   89728   4564   0.12      0.00      0.00      0.00  sysbench

1565363269     0      3745  100.00    0.00    0.00  100.00     0    269.31      0.00   89728   4564   0.12      0.00      0.00      0.00  sysbench
1565363270     0      3745  100.00    0.00    0.00  100.00     0      0.00      0.00   89728   4564   0.12      0.00      0.00      0.00  sysbench
1565363271     0      3745  100.00    0.00    0.00  100.00     0      0.00      0.00   89728   4564   0.12      0.00      0.00      0.00  sysbench
1565363272     0      3745   99.00    0.00    0.00   99.00     0      0.00      0.00   89728   4564   0.12      0.00      0.00      0.00  sysbench
1565363273     0      3745  100.00    0.00    0.00  100.00     0      0.00      0.00   89728   4564   0.12      0.00      0.00      0.00  sysbench
1565363274     0      3745  100.00    0.00    0.00  100.00     0      0.00      0.00   89728   4564   0.12      0.00      0.00      0.00  sysbench
1565363275     0      3745  100.00    0.00    0.00  100.00     0      1.00      0.00   89728   4564   0.12      0.00      0.00      0.00  sysbench
1565363276     0      3745  100.00    0.00    0.00  100.00     0      0.00      0.00   89728   4564   0.12      0.00      0.00      0.00  sysbench
1565363277     0      3745  100.00    0.00    0.00  100.00     0      0.00      0.00   89728   4564   0.12      0.00      0.00      0.00  sysbench
1565363278     0      3745   99.00    0.00    0.00   99.00     0      0.00      0.00   89728   4564   0.12      0.00      0.00      0.00  sysbench
1565363279     0      3745  100.00    0.00    0.00  100.00     0      0.00      0.00   89728   4564   0.12      0.00      0.00      0.00  sysbench
1565363280     0      3745  100.00    0.00    0.00  100.00     0      0.00      0.00   89728   4564   0.12      0.00      0.00      0.00  sysbench

1565363281     0      3958  100.00    0.00    0.00  100.00     1    269.31      0.00   89728   4564   0.12      0.00      0.00      0.00  sysbench
1565363282     0      3958  100.00    0.00    0.00  100.00     1      0.00      0.00   89728   4564   0.12      0.00      0.00      0.00  sysbench
1565363283     0      3958  100.00    0.00    0.00  100.00     1      0.00      0.00   89728   4564   0.12      0.00      0.00      0.00  sysbench
1565363284     0      3958   99.01    0.00    0.00   99.01     1      0.00      0.00   89728   4564   0.12      0.00      0.00      0.00  sysbench
1565363285     0      3958  100.00    0.00    0.00  100.00     1      0.00      0.00   89728   4564   0.12      0.00      0.00      0.00  sysbench
1565363286     0      3958  100.00    0.00    0.00  100.00     1      0.00      0.00   89728   4564   0.12      0.00      0.00      0.00  sysbench
1565363287     0      3958  100.00    0.00    0.00  100.00     1      0.00      0.00   89728   4564   0.12      0.00      0.00      0.00  sysbench
1565363288     0      3958  100.00    0.00    0.00  100.00     1      1.00      0.00   89728   4564   0.12      0.00      0.00      0.00  sysbench
1565363289     0      3958  100.00    0.00    0.00  100.00     1      0.00      0.00   89728   4564   0.12      0.00      0.00      0.00  sysbench
1565363290     0      3958  100.00    0.00    0.00  100.00     1      0.00      0.00   89728   4564   0.12      0.00      0.00      0.00  sysbench
1565363291     0      3958  100.00    0.00    0.00  100.00     1      0.00      0.00   89728   4564   0.12      0.00      0.00      0.00  sysbench
1565363292     0      3958  100.00    0.00    0.00  100.00     1      0.00      0.00   89728   4564   0.12      0.00      0.00      0.00  sysbench
1565363293     0      3958  100.00    0.00    0.00  100.00     1      0.00      0.00   89728   4564   0.12      0.00      0.00      0.00  sysbench

1565363295     0      4173  100.00    0.00    0.00  100.00     2    266.34      0.00   89728   4568   0.12      0.00      0.00      0.00  sysbench
1565363296     0      4173  100.00    0.00    0.00  100.00     2      0.00      0.00   89728   4568   0.12      0.00      0.00      0.00  sysbench
1565363297     0      4173  100.00    0.00    0.00  100.00     2      0.00      0.00   89728   4568   0.12      0.00      0.00      0.00  sysbench
1565363298     0      4173  100.00    0.00    0.00  100.00     2      0.00      0.00   89728   4568   0.12      0.00      0.00      0.00  sysbench
1565363299     0      4173  100.00    0.00    0.00  100.00     2      0.00      0.00   89728   4568   0.12      0.00      0.00      0.00  sysbench
1565363300     0      4173  100.00    0.00    0.00  100.00     2      2.00      0.00   89728   4568   0.12      0.00      0.00      0.00  sysbench
1565363301     0      4173  100.00    0.00    0.00  100.00     2      0.00      0.00   89728   4568   0.12      0.00      0.00      0.00  sysbench
1565363302     0      4173  100.00    0.00    0.00  100.00     2      0.00      0.00   89728   4568   0.12      0.00      0.00      0.00  sysbench
1565363303     0      4173  100.00    0.00    0.00  100.00     2      0.00      0.00   89728   4568   0.12      0.00      0.00      0.00  sysbench
1565363304     0      4173  100.00    0.00    0.00  100.00     2      0.00      0.00   89728   4568   0.12      0.00      0.00      0.00  sysbench
1565363305     0      4173  100.00    0.00    0.00  100.00     2      0.00      0.00   89728   4568   0.12      0.00      0.00      0.00  sysbench

