1565354691     0       408   97.06    0.00    0.00   97.06     0    263.73      0.00   89728   4304   0.11      0.00      0.00      0.00  sysbench
1565354692     0       408   98.02    0.00    0.00   98.02     0      0.00      0.99   89728   4304   0.11     11.88      0.00      0.00  sysbench
1565354693     0       408   98.00    0.00    0.00   98.00     0      1.00      0.00   89728   4304   0.11      0.00      0.00      0.00  sysbench
1565354694     0       408   98.00    0.00    0.00   98.00     0      0.00      0.00   89728   4304   0.11      0.00      0.00      0.00  sysbench
1565354695     0       408   99.00    0.00    0.00   99.00     0      0.00      0.00   89728   4304   0.11      0.00      0.00      0.00  sysbench
1565354696     0       408   96.00    0.00    0.00   96.00     0      0.00      0.00   89728   4304   0.11      0.00      0.00      0.00  sysbench
1565354697     0       408   99.00    0.00    0.00   99.00     0      0.00      0.00   89728   4304   0.11      0.00      0.00      0.00  sysbench
1565354698     0       408   99.00    0.00    0.00   99.00     0      0.00      0.00   89728   4304   0.11      0.00      0.00      0.00  sysbench
1565354699     0       408   99.00    0.00    0.00   99.00     0      0.00      0.00   89728   4304   0.11      0.00      0.00      0.00  sysbench

1565354701     0       578   99.01    0.00    0.00   99.01     2    269.31      0.00   89728   4300   0.11      0.00      0.00      0.00  sysbench
1565354702     0       578   99.01    0.00    0.00   99.01     2      0.99      0.00   89728   4300   0.11      0.00      0.00      0.00  sysbench
1565354703     0       578   98.00    0.00    0.00   98.00     2      1.00      0.00   89728   4300   0.11      0.00      0.00      0.00  sysbench
1565354704     0       578   98.00    0.00    0.00   98.00     2      0.00      0.00   89728   4300   0.11      0.00      0.00      0.00  sysbench
1565354705     0       578  100.00    0.00    0.00  100.00     2      0.00      0.00   89728   4300   0.11      0.00      0.00      0.00  sysbench
1565354706     0       578   99.00    0.00    0.00   99.00     2      0.00      0.00   89728   4300   0.11      0.00      0.00      0.00  sysbench
1565354707     0       578   98.00    0.00    0.00   98.00     2      0.00      0.00   89728   4300   0.11      0.00      0.00      0.00  sysbench
1565354708     0       578   98.00    0.00    0.00   98.00     2      0.00      0.00   89728   4300   0.11      0.00      0.00      0.00  sysbench
1565354709     0       578   98.00    0.00    0.00   98.00     2      0.00      0.00   89728   4300   0.11      0.00      0.00      0.00  sysbench

1565354711     0       755   96.12    0.00    0.00   96.12     2    264.08      0.00   89728   4300   0.11      0.00      0.00      0.00  sysbench
1565354712     0       755   97.00    0.00    0.00   97.00     2      1.00      0.00   89728   4300   0.11      0.00      0.00      0.00  sysbench
1565354713     0       755   97.00    0.00    0.00   97.00     2      0.00      0.00   89728   4300   0.11      0.00      0.00      0.00  sysbench
1565354714     0       755   99.00    0.00    0.00   99.00     2      1.00      0.00   89728   4300   0.11      0.00      0.00      0.00  sysbench
1565354715     0       755   98.00    0.00    0.00   98.00     2      0.00      0.00   89728   4300   0.11      0.00      0.00      0.00  sysbench
1565354716     0       755   98.00    0.00    0.00   98.00     2      0.00      0.00   89728   4300   0.11      0.00      0.00      0.00  sysbench
1565354717     0       755   98.00    0.00    0.00   98.00     2      0.00      0.00   89728   4300   0.11      0.00      0.00      0.00  sysbench
1565354718     0       755   98.00    0.00    0.00   98.00     2      0.00      0.00   89728   4300   0.11      0.00      0.00      0.00  sysbench
1565354719     0       755   96.00    0.00    0.00   96.00     2      0.00      0.00   89728   4300   0.11      0.00      0.00      0.00  sysbench

1565354721     0       925   97.06    0.00    0.00   97.06     1    264.71      0.00   89728   4304   0.11      0.00      0.00      0.00  sysbench
1565354722     0       925   97.00    0.00    0.00   97.00     1      0.00      0.00   89728   4304   0.11      0.00      0.00      0.00  sysbench
1565354723     0       925   97.00    0.00    0.00   97.00     1      0.00      0.00   89728   4304   0.11      0.00      0.00      0.00  sysbench
1565354724     0       925   96.00    0.00    0.00   96.00     1      1.00      0.00   89728   4304   0.11      0.00      0.00      0.00  sysbench
1565354725     0       925   98.00    0.00    0.00   98.00     1      1.00      0.00   89728   4304   0.11      0.00      0.00      0.00  sysbench
1565354726     0       925   96.00    0.00    0.00   96.00     1      0.00      0.00   89728   4304   0.11      0.00      0.00      0.00  sysbench
1565354727     0       925   96.00    0.00    0.00   96.00     1      0.00      0.00   89728   4304   0.11      0.00      0.00      0.00  sysbench
1565354728     0       925   99.00    0.00    0.00   99.00     1      0.00      0.00   89728   4304   0.11      0.00      0.00      0.00  sysbench
1565354729     0       925   98.00    0.00    0.00   98.00     1      0.00      0.00   89728   4304   0.11      0.00      0.00      0.00  sysbench

1565354731     0      1094   95.10    0.00    0.00   95.10     1    265.69      0.00   89728   4304   0.11      0.00      0.00      0.00  sysbench
1565354732     0      1094   95.00    0.00    0.00   95.00     1      1.00      0.00   89728   4304   0.11      0.00      0.00      0.00  sysbench
1565354733     0      1094   97.00    0.00    0.00   97.00     1      1.00      0.00   89728   4304   0.11      0.00      0.00      0.00  sysbench
1565354734     0      1094   96.00    0.00    0.00   96.00     1      0.00      0.00   89728   4304   0.11      0.00      0.00      0.00  sysbench
1565354735     0      1094   96.00    0.00    0.00   96.00     1      0.00      0.00   89728   4304   0.11      0.00      0.00      0.00  sysbench
1565354736     0      1094   97.00    0.00    0.00   97.00     1      0.00      0.00   89728   4304   0.11      0.00      0.00      0.00  sysbench
1565354737     0      1094   97.00    0.00    0.00   97.00     1      0.00      0.00   89728   4304   0.11      0.00      0.00      0.00  sysbench
1565354738     0      1094   97.00    0.00    0.00   97.00     1      0.00      0.00   89728   4304   0.11      0.00      0.00      0.00  sysbench
1565354739     0      1094   95.05    0.00    0.00   95.05     1      0.00      0.00   89728   4304   0.11      0.00      0.00      0.00  sysbench

1565354741     0      1265   96.08    0.00    0.00   96.08     2    263.73      0.00   89728   4300   0.11      0.00      0.00      0.00  sysbench
1565354742     0      1265   96.00    0.00    0.00   96.00     2      1.00      0.00   89728   4300   0.11      0.00      0.00      0.00  sysbench
1565354743     0      1265   96.00    0.00    0.00   96.00     2      0.00      0.00   89728   4300   0.11      0.00      0.00      0.00  sysbench
1565354744     0      1265   95.00    0.00    0.00   95.00     2      1.00      0.00   89728   4300   0.11      0.00      0.00      0.00  sysbench
1565354745     0      1265   98.00    0.00    0.00   98.00     2      0.00      0.00   89728   4300   0.11      0.00      0.00      0.00  sysbench
1565354746     0      1265   96.00    0.00    0.00   96.00     2      0.00      0.00   89728   4300   0.11      0.00      0.00      0.00  sysbench
1565354747     0      1265   97.00    0.00    0.00   97.00     2      0.00      0.00   89728   4300   0.11      0.00      0.00      0.00  sysbench
1565354748     0      1265   98.00    0.00    0.00   98.00     2      0.00      0.00   89728   4300   0.11      0.00      0.00      0.00  sysbench
1565354749     0      1265   98.00    0.00    0.00   98.00     2      0.00      0.00   89728   4300   0.11      0.00      0.00      0.00  sysbench

1565354751     0      1423   97.06    0.00    0.00   97.06     2    265.69      0.00   89728   4300   0.11      0.00      0.00      0.00  sysbench
1565354752     0      1423   96.04    0.00    0.00   96.04     2      0.99      0.00   89728   4300   0.11      0.00      0.00      0.00  sysbench
1565354753     0      1423   98.00    0.00    0.00   98.00     2      0.00      0.00   89728   4300   0.11      0.00      0.00      0.00  sysbench
1565354754     0      1423   97.00    0.00    0.00   97.00     2      0.00      0.00   89728   4300   0.11      0.00      0.00      0.00  sysbench
1565354755     0      1423   99.00    0.00    0.00   99.00     2      0.00      0.00   89728   4300   0.11      0.00      0.00      0.00  sysbench
1565354756     0      1423   97.00    0.00    0.00   97.00     2      0.00      0.00   89728   4300   0.11      0.00      0.00      0.00  sysbench
1565354757     0      1423   99.00    0.00    0.00   99.00     2      0.00      0.00   89728   4300   0.11      0.00      0.00      0.00  sysbench
1565354758     0      1423   97.00    0.00    0.00   97.00     2      0.00      0.00   89728   4300   0.11      0.00      0.00      0.00  sysbench
1565354759     0      1423   96.00    0.00    0.00   96.00     2      0.00      0.00   89728   4300   0.11      0.00      0.00      0.00  sysbench

1565354761     0      1597   95.15    0.00    0.00   95.15     1    260.19      0.00   89728   4560   0.12      0.00      0.00      0.00  sysbench
1565354762     0      1597   97.00    0.00    0.00   97.00     1      1.00      0.00   89728   4560   0.12      0.00      0.00      0.00  sysbench
1565354763     0      1597   94.06    0.00    0.00   94.06     1      0.00      0.00   89728   4560   0.12      0.00      0.00      0.00  sysbench
1565354764     0      1597   92.00    0.00    0.00   92.00     1      1.00      0.00   89728   4560   0.12      0.00      0.00      0.00  sysbench
1565354765     0      1597   97.09    0.00    0.00   97.09     1      0.00      0.00   89728   4560   0.12      0.00      0.00      0.00  sysbench
1565354766     0      1597   94.00    0.00    0.00   94.00     1      0.00      0.00   89728   4560   0.12      0.00      0.00      0.00  sysbench
1565354767     0      1597   95.00    0.00    0.00   95.00     1      0.00      0.00   89728   4560   0.12      0.00      0.00      0.00  sysbench
1565354768     0      1597   99.00    0.00    0.00   99.00     1      0.00      0.00   89728   4560   0.12      0.00      0.00      0.00  sysbench
1565354769     0      1597   96.00    0.00    0.00   96.00     1      0.00      0.00   89728   4560   0.12      0.00      0.00      0.00  sysbench

1565354771     0      1783   89.32    0.00    0.00   89.32     1    263.11      0.00   89728   4304   0.11      0.00      0.00      0.00  sysbench
1565354772     0      1783   97.00    0.00    0.00   97.00     1      2.00      0.00   89728   4304   0.11      0.00      0.00      0.00  sysbench
1565354773     0      1783   96.00    0.00    0.00   96.00     1      0.00      0.00   89728   4304   0.11      0.00      0.00      0.00  sysbench
1565354774     0      1783   97.00    0.00    0.00   97.00     1      0.00      0.00   89728   4304   0.11      0.00      0.00      0.00  sysbench
1565354775     0      1783   96.00    0.00    0.00   96.00     1      0.00      0.00   89728   4304   0.11      0.00      0.00      0.00  sysbench
1565354776     0      1783   98.00    0.00    0.00   98.00     1      0.00      0.00   89728   4304   0.11      0.00      0.00      0.00  sysbench
1565354777     0      1783   98.00    0.00    0.00   98.00     1      0.00      0.00   89728   4304   0.11      0.00      0.00      0.00  sysbench
1565354778     0      1783   98.00    0.00    0.00   98.00     1      1.00      0.00   89728   4304   0.11      0.00      0.00      0.00  sysbench
1565354779     0      1783   98.02    0.00    0.00   98.02     1      0.00      0.00   89728   4304   0.11      0.00      0.00      0.00  sysbench

1565354781     0      1935   97.06    0.00    0.00   97.06     3    262.75      0.00   89728   4304   0.11      0.00      0.00      0.00  sysbench
1565354782     0      1935   96.00    0.00    0.00   96.00     3      0.00      0.00   89728   4304   0.11      0.00      0.00      0.00  sysbench
1565354783     0      1935   95.00    0.00    0.00   95.00     3      0.00      0.00   89728   4304   0.11      0.00      0.00      0.00  sysbench
1565354784     0      1935   97.00    0.00    0.00   97.00     3      1.00      0.00   89728   4304   0.11      0.00      0.00      0.00  sysbench
1565354785     0      1935   98.00    0.00    0.00   98.00     3      0.00      0.00   89728   4304   0.11      0.00      0.00      0.00  sysbench
1565354786     0      1935   94.00    0.00    0.00   94.00     3      0.00      0.00   89728   4304   0.11      0.00      0.00      0.00  sysbench
1565354787     0      1935   96.00    0.00    0.00   96.00     3      1.00      0.00   89728   4304   0.11      0.00      0.00      0.00  sysbench
1565354788     0      1935   97.00    0.00    0.00   97.00     3      0.00      0.00   89728   4304   0.11      0.00      0.00      0.00  sysbench
1565354789     0      1935   96.00    0.00    0.00   96.00     3      0.00      0.00   89728   4304   0.11      0.00      0.00      0.00  sysbench

